[2023-10-16 10:11:59,175] {processor.py:163} INFO - Started process (PID=29519) to work on /Users/namyoung/Desktop/myprj/airflow/airflow/lib/python3.7/site-packages/airflow/example_dags/subdags/subdag.py
[2023-10-16 10:11:59,176] {processor.py:642} INFO - Processing file /Users/namyoung/Desktop/myprj/airflow/airflow/lib/python3.7/site-packages/airflow/example_dags/subdags/subdag.py for tasks to queue
[2023-10-16 10:11:59,176] {logging_mixin.py:109} INFO - [2023-10-16 10:11:59,176] {dagbag.py:500} INFO - Filling up the DagBag from /Users/namyoung/Desktop/myprj/airflow/airflow/lib/python3.7/site-packages/airflow/example_dags/subdags/subdag.py
[2023-10-16 10:11:59,183] {processor.py:656} WARNING - No viable dags retrieved from /Users/namyoung/Desktop/myprj/airflow/airflow/lib/python3.7/site-packages/airflow/example_dags/subdags/subdag.py
[2023-10-16 10:11:59,184] {processor.py:171} INFO - Processing /Users/namyoung/Desktop/myprj/airflow/airflow/lib/python3.7/site-packages/airflow/example_dags/subdags/subdag.py took 0.011 seconds
[2023-10-16 11:50:18,188] {processor.py:163} INFO - Started process (PID=29791) to work on /Users/namyoung/Desktop/myprj/airflow/airflow/lib/python3.7/site-packages/airflow/example_dags/subdags/subdag.py
[2023-10-16 11:50:18,189] {processor.py:642} INFO - Processing file /Users/namyoung/Desktop/myprj/airflow/airflow/lib/python3.7/site-packages/airflow/example_dags/subdags/subdag.py for tasks to queue
[2023-10-16 11:50:18,189] {logging_mixin.py:109} INFO - [2023-10-16 11:50:18,189] {dagbag.py:500} INFO - Filling up the DagBag from /Users/namyoung/Desktop/myprj/airflow/airflow/lib/python3.7/site-packages/airflow/example_dags/subdags/subdag.py
[2023-10-16 11:50:18,196] {processor.py:656} WARNING - No viable dags retrieved from /Users/namyoung/Desktop/myprj/airflow/airflow/lib/python3.7/site-packages/airflow/example_dags/subdags/subdag.py
[2023-10-16 11:50:18,198] {processor.py:171} INFO - Processing /Users/namyoung/Desktop/myprj/airflow/airflow/lib/python3.7/site-packages/airflow/example_dags/subdags/subdag.py took 0.012 seconds
[2023-10-16 13:32:03,120] {processor.py:163} INFO - Started process (PID=29926) to work on /Users/namyoung/Desktop/myprj/airflow/airflow/lib/python3.7/site-packages/airflow/example_dags/subdags/subdag.py
[2023-10-16 13:32:03,121] {processor.py:642} INFO - Processing file /Users/namyoung/Desktop/myprj/airflow/airflow/lib/python3.7/site-packages/airflow/example_dags/subdags/subdag.py for tasks to queue
[2023-10-16 13:32:03,122] {logging_mixin.py:109} INFO - [2023-10-16 13:32:03,122] {dagbag.py:500} INFO - Filling up the DagBag from /Users/namyoung/Desktop/myprj/airflow/airflow/lib/python3.7/site-packages/airflow/example_dags/subdags/subdag.py
[2023-10-16 13:32:03,134] {processor.py:656} WARNING - No viable dags retrieved from /Users/namyoung/Desktop/myprj/airflow/airflow/lib/python3.7/site-packages/airflow/example_dags/subdags/subdag.py
[2023-10-16 13:32:03,136] {processor.py:171} INFO - Processing /Users/namyoung/Desktop/myprj/airflow/airflow/lib/python3.7/site-packages/airflow/example_dags/subdags/subdag.py took 0.021 seconds
[2023-10-16 15:14:18,945] {processor.py:163} INFO - Started process (PID=30199) to work on /Users/namyoung/Desktop/myprj/airflow/airflow/lib/python3.7/site-packages/airflow/example_dags/subdags/subdag.py
[2023-10-16 15:14:18,946] {processor.py:642} INFO - Processing file /Users/namyoung/Desktop/myprj/airflow/airflow/lib/python3.7/site-packages/airflow/example_dags/subdags/subdag.py for tasks to queue
[2023-10-16 15:14:18,947] {logging_mixin.py:109} INFO - [2023-10-16 15:14:18,947] {dagbag.py:500} INFO - Filling up the DagBag from /Users/namyoung/Desktop/myprj/airflow/airflow/lib/python3.7/site-packages/airflow/example_dags/subdags/subdag.py
[2023-10-16 15:14:18,954] {processor.py:656} WARNING - No viable dags retrieved from /Users/namyoung/Desktop/myprj/airflow/airflow/lib/python3.7/site-packages/airflow/example_dags/subdags/subdag.py
[2023-10-16 15:14:18,956] {processor.py:171} INFO - Processing /Users/namyoung/Desktop/myprj/airflow/airflow/lib/python3.7/site-packages/airflow/example_dags/subdags/subdag.py took 0.013 seconds
[2023-10-16 16:54:16,165] {processor.py:163} INFO - Started process (PID=30343) to work on /Users/namyoung/Desktop/myprj/airflow/airflow/lib/python3.7/site-packages/airflow/example_dags/subdags/subdag.py
[2023-10-16 16:54:16,166] {processor.py:642} INFO - Processing file /Users/namyoung/Desktop/myprj/airflow/airflow/lib/python3.7/site-packages/airflow/example_dags/subdags/subdag.py for tasks to queue
[2023-10-16 16:54:16,166] {logging_mixin.py:109} INFO - [2023-10-16 16:54:16,166] {dagbag.py:500} INFO - Filling up the DagBag from /Users/namyoung/Desktop/myprj/airflow/airflow/lib/python3.7/site-packages/airflow/example_dags/subdags/subdag.py
[2023-10-16 16:54:16,173] {processor.py:656} WARNING - No viable dags retrieved from /Users/namyoung/Desktop/myprj/airflow/airflow/lib/python3.7/site-packages/airflow/example_dags/subdags/subdag.py
[2023-10-16 16:54:16,175] {processor.py:171} INFO - Processing /Users/namyoung/Desktop/myprj/airflow/airflow/lib/python3.7/site-packages/airflow/example_dags/subdags/subdag.py took 0.012 seconds
[2023-10-16 18:03:25,054] {processor.py:163} INFO - Started process (PID=30594) to work on /Users/namyoung/Desktop/myprj/airflow/airflow/lib/python3.7/site-packages/airflow/example_dags/subdags/subdag.py
[2023-10-16 18:03:25,055] {processor.py:642} INFO - Processing file /Users/namyoung/Desktop/myprj/airflow/airflow/lib/python3.7/site-packages/airflow/example_dags/subdags/subdag.py for tasks to queue
[2023-10-16 18:03:25,056] {logging_mixin.py:109} INFO - [2023-10-16 18:03:25,056] {dagbag.py:500} INFO - Filling up the DagBag from /Users/namyoung/Desktop/myprj/airflow/airflow/lib/python3.7/site-packages/airflow/example_dags/subdags/subdag.py
[2023-10-16 18:03:25,072] {processor.py:656} WARNING - No viable dags retrieved from /Users/namyoung/Desktop/myprj/airflow/airflow/lib/python3.7/site-packages/airflow/example_dags/subdags/subdag.py
[2023-10-16 18:03:25,075] {processor.py:171} INFO - Processing /Users/namyoung/Desktop/myprj/airflow/airflow/lib/python3.7/site-packages/airflow/example_dags/subdags/subdag.py took 0.026 seconds
[2023-10-16 19:44:44,177] {processor.py:163} INFO - Started process (PID=30729) to work on /Users/namyoung/Desktop/myprj/airflow/airflow/lib/python3.7/site-packages/airflow/example_dags/subdags/subdag.py
[2023-10-16 19:44:44,178] {processor.py:642} INFO - Processing file /Users/namyoung/Desktop/myprj/airflow/airflow/lib/python3.7/site-packages/airflow/example_dags/subdags/subdag.py for tasks to queue
[2023-10-16 19:44:44,178] {logging_mixin.py:109} INFO - [2023-10-16 19:44:44,178] {dagbag.py:500} INFO - Filling up the DagBag from /Users/namyoung/Desktop/myprj/airflow/airflow/lib/python3.7/site-packages/airflow/example_dags/subdags/subdag.py
[2023-10-16 19:44:44,185] {processor.py:656} WARNING - No viable dags retrieved from /Users/namyoung/Desktop/myprj/airflow/airflow/lib/python3.7/site-packages/airflow/example_dags/subdags/subdag.py
[2023-10-16 19:44:44,187] {processor.py:171} INFO - Processing /Users/namyoung/Desktop/myprj/airflow/airflow/lib/python3.7/site-packages/airflow/example_dags/subdags/subdag.py took 0.012 seconds
[2023-10-16 21:23:23,036] {processor.py:163} INFO - Started process (PID=30999) to work on /Users/namyoung/Desktop/myprj/airflow/airflow/lib/python3.7/site-packages/airflow/example_dags/subdags/subdag.py
[2023-10-16 21:23:23,036] {processor.py:642} INFO - Processing file /Users/namyoung/Desktop/myprj/airflow/airflow/lib/python3.7/site-packages/airflow/example_dags/subdags/subdag.py for tasks to queue
[2023-10-16 21:23:23,037] {logging_mixin.py:109} INFO - [2023-10-16 21:23:23,037] {dagbag.py:500} INFO - Filling up the DagBag from /Users/namyoung/Desktop/myprj/airflow/airflow/lib/python3.7/site-packages/airflow/example_dags/subdags/subdag.py
[2023-10-16 21:23:23,044] {processor.py:656} WARNING - No viable dags retrieved from /Users/namyoung/Desktop/myprj/airflow/airflow/lib/python3.7/site-packages/airflow/example_dags/subdags/subdag.py
[2023-10-16 21:23:23,045] {processor.py:171} INFO - Processing /Users/namyoung/Desktop/myprj/airflow/airflow/lib/python3.7/site-packages/airflow/example_dags/subdags/subdag.py took 0.012 seconds
[2023-10-16 22:44:57,877] {processor.py:163} INFO - Started process (PID=31120) to work on /Users/namyoung/Desktop/myprj/airflow/airflow/lib/python3.7/site-packages/airflow/example_dags/subdags/subdag.py
[2023-10-16 22:44:57,879] {processor.py:642} INFO - Processing file /Users/namyoung/Desktop/myprj/airflow/airflow/lib/python3.7/site-packages/airflow/example_dags/subdags/subdag.py for tasks to queue
[2023-10-16 22:44:57,880] {logging_mixin.py:109} INFO - [2023-10-16 22:44:57,879] {dagbag.py:500} INFO - Filling up the DagBag from /Users/namyoung/Desktop/myprj/airflow/airflow/lib/python3.7/site-packages/airflow/example_dags/subdags/subdag.py
[2023-10-16 22:44:57,896] {processor.py:656} WARNING - No viable dags retrieved from /Users/namyoung/Desktop/myprj/airflow/airflow/lib/python3.7/site-packages/airflow/example_dags/subdags/subdag.py
[2023-10-16 22:44:57,899] {processor.py:171} INFO - Processing /Users/namyoung/Desktop/myprj/airflow/airflow/lib/python3.7/site-packages/airflow/example_dags/subdags/subdag.py took 0.027 seconds
[2023-10-17 00:24:34,240] {processor.py:163} INFO - Started process (PID=31379) to work on /Users/namyoung/Desktop/myprj/airflow/airflow/lib/python3.7/site-packages/airflow/example_dags/subdags/subdag.py
[2023-10-17 00:24:34,241] {processor.py:642} INFO - Processing file /Users/namyoung/Desktop/myprj/airflow/airflow/lib/python3.7/site-packages/airflow/example_dags/subdags/subdag.py for tasks to queue
[2023-10-17 00:24:34,241] {logging_mixin.py:109} INFO - [2023-10-17 00:24:34,241] {dagbag.py:500} INFO - Filling up the DagBag from /Users/namyoung/Desktop/myprj/airflow/airflow/lib/python3.7/site-packages/airflow/example_dags/subdags/subdag.py
[2023-10-17 00:24:34,249] {processor.py:656} WARNING - No viable dags retrieved from /Users/namyoung/Desktop/myprj/airflow/airflow/lib/python3.7/site-packages/airflow/example_dags/subdags/subdag.py
[2023-10-17 00:24:34,251] {processor.py:171} INFO - Processing /Users/namyoung/Desktop/myprj/airflow/airflow/lib/python3.7/site-packages/airflow/example_dags/subdags/subdag.py took 0.012 seconds
[2023-10-17 02:02:46,874] {processor.py:163} INFO - Started process (PID=31522) to work on /Users/namyoung/Desktop/myprj/airflow/airflow/lib/python3.7/site-packages/airflow/example_dags/subdags/subdag.py
[2023-10-17 02:02:46,875] {processor.py:642} INFO - Processing file /Users/namyoung/Desktop/myprj/airflow/airflow/lib/python3.7/site-packages/airflow/example_dags/subdags/subdag.py for tasks to queue
[2023-10-17 02:02:46,875] {logging_mixin.py:109} INFO - [2023-10-17 02:02:46,875] {dagbag.py:500} INFO - Filling up the DagBag from /Users/namyoung/Desktop/myprj/airflow/airflow/lib/python3.7/site-packages/airflow/example_dags/subdags/subdag.py
[2023-10-17 02:02:46,881] {processor.py:656} WARNING - No viable dags retrieved from /Users/namyoung/Desktop/myprj/airflow/airflow/lib/python3.7/site-packages/airflow/example_dags/subdags/subdag.py
[2023-10-17 02:02:46,883] {processor.py:171} INFO - Processing /Users/namyoung/Desktop/myprj/airflow/airflow/lib/python3.7/site-packages/airflow/example_dags/subdags/subdag.py took 0.011 seconds
[2023-10-17 03:36:51,947] {processor.py:163} INFO - Started process (PID=31779) to work on /Users/namyoung/Desktop/myprj/airflow/airflow/lib/python3.7/site-packages/airflow/example_dags/subdags/subdag.py
[2023-10-17 03:36:51,948] {processor.py:642} INFO - Processing file /Users/namyoung/Desktop/myprj/airflow/airflow/lib/python3.7/site-packages/airflow/example_dags/subdags/subdag.py for tasks to queue
[2023-10-17 03:36:51,949] {logging_mixin.py:109} INFO - [2023-10-17 03:36:51,949] {dagbag.py:500} INFO - Filling up the DagBag from /Users/namyoung/Desktop/myprj/airflow/airflow/lib/python3.7/site-packages/airflow/example_dags/subdags/subdag.py
[2023-10-17 03:36:51,956] {processor.py:656} WARNING - No viable dags retrieved from /Users/namyoung/Desktop/myprj/airflow/airflow/lib/python3.7/site-packages/airflow/example_dags/subdags/subdag.py
[2023-10-17 03:36:51,958] {processor.py:171} INFO - Processing /Users/namyoung/Desktop/myprj/airflow/airflow/lib/python3.7/site-packages/airflow/example_dags/subdags/subdag.py took 0.013 seconds
[2023-10-17 05:12:23,557] {processor.py:163} INFO - Started process (PID=31936) to work on /Users/namyoung/Desktop/myprj/airflow/airflow/lib/python3.7/site-packages/airflow/example_dags/subdags/subdag.py
[2023-10-17 05:12:23,559] {processor.py:642} INFO - Processing file /Users/namyoung/Desktop/myprj/airflow/airflow/lib/python3.7/site-packages/airflow/example_dags/subdags/subdag.py for tasks to queue
[2023-10-17 05:12:23,559] {logging_mixin.py:109} INFO - [2023-10-17 05:12:23,559] {dagbag.py:500} INFO - Filling up the DagBag from /Users/namyoung/Desktop/myprj/airflow/airflow/lib/python3.7/site-packages/airflow/example_dags/subdags/subdag.py
[2023-10-17 05:12:23,571] {processor.py:656} WARNING - No viable dags retrieved from /Users/namyoung/Desktop/myprj/airflow/airflow/lib/python3.7/site-packages/airflow/example_dags/subdags/subdag.py
[2023-10-17 05:12:23,572] {processor.py:171} INFO - Processing /Users/namyoung/Desktop/myprj/airflow/airflow/lib/python3.7/site-packages/airflow/example_dags/subdags/subdag.py took 0.019 seconds
[2023-10-17 06:50:57,709] {processor.py:163} INFO - Started process (PID=32196) to work on /Users/namyoung/Desktop/myprj/airflow/airflow/lib/python3.7/site-packages/airflow/example_dags/subdags/subdag.py
[2023-10-17 06:50:57,711] {processor.py:642} INFO - Processing file /Users/namyoung/Desktop/myprj/airflow/airflow/lib/python3.7/site-packages/airflow/example_dags/subdags/subdag.py for tasks to queue
[2023-10-17 06:50:57,712] {logging_mixin.py:109} INFO - [2023-10-17 06:50:57,712] {dagbag.py:500} INFO - Filling up the DagBag from /Users/namyoung/Desktop/myprj/airflow/airflow/lib/python3.7/site-packages/airflow/example_dags/subdags/subdag.py
[2023-10-17 06:50:57,726] {processor.py:656} WARNING - No viable dags retrieved from /Users/namyoung/Desktop/myprj/airflow/airflow/lib/python3.7/site-packages/airflow/example_dags/subdags/subdag.py
[2023-10-17 06:50:57,728] {processor.py:171} INFO - Processing /Users/namyoung/Desktop/myprj/airflow/airflow/lib/python3.7/site-packages/airflow/example_dags/subdags/subdag.py took 0.024 seconds
[2023-10-17 08:30:51,254] {processor.py:163} INFO - Started process (PID=32333) to work on /Users/namyoung/Desktop/myprj/airflow/airflow/lib/python3.7/site-packages/airflow/example_dags/subdags/subdag.py
[2023-10-17 08:30:51,256] {processor.py:642} INFO - Processing file /Users/namyoung/Desktop/myprj/airflow/airflow/lib/python3.7/site-packages/airflow/example_dags/subdags/subdag.py for tasks to queue
[2023-10-17 08:30:51,257] {logging_mixin.py:109} INFO - [2023-10-17 08:30:51,257] {dagbag.py:500} INFO - Filling up the DagBag from /Users/namyoung/Desktop/myprj/airflow/airflow/lib/python3.7/site-packages/airflow/example_dags/subdags/subdag.py
[2023-10-17 08:30:51,271] {processor.py:656} WARNING - No viable dags retrieved from /Users/namyoung/Desktop/myprj/airflow/airflow/lib/python3.7/site-packages/airflow/example_dags/subdags/subdag.py
[2023-10-17 08:30:51,273] {processor.py:171} INFO - Processing /Users/namyoung/Desktop/myprj/airflow/airflow/lib/python3.7/site-packages/airflow/example_dags/subdags/subdag.py took 0.023 seconds
