[2023-10-16 10:41:21,654] {processor.py:163} INFO - Started process (PID=29581) to work on /Users/namyoung/Desktop/myprj/airflow/airflow/lib/python3.7/site-packages/airflow/example_dags/example_subdag_operator.py
[2023-10-16 10:41:21,656] {processor.py:642} INFO - Processing file /Users/namyoung/Desktop/myprj/airflow/airflow/lib/python3.7/site-packages/airflow/example_dags/example_subdag_operator.py for tasks to queue
[2023-10-16 10:41:21,657] {logging_mixin.py:109} INFO - [2023-10-16 10:41:21,657] {dagbag.py:500} INFO - Filling up the DagBag from /Users/namyoung/Desktop/myprj/airflow/airflow/lib/python3.7/site-packages/airflow/example_dags/example_subdag_operator.py
[2023-10-16 10:41:21,688] {processor.py:654} INFO - DAG(s) dict_keys(['example_subdag_operator.section-1', 'example_subdag_operator.section-2', 'example_subdag_operator']) retrieved from /Users/namyoung/Desktop/myprj/airflow/airflow/lib/python3.7/site-packages/airflow/example_dags/example_subdag_operator.py
[2023-10-16 10:41:21,848] {logging_mixin.py:109} INFO - [2023-10-16 10:41:21,848] {dag.py:2396} INFO - Sync 3 DAGs
[2023-10-16 10:41:21,854] {logging_mixin.py:109} INFO - [2023-10-16 10:41:21,854] {dag.py:2935} INFO - Setting next_dagrun for example_subdag_operator to 2023-10-14T00:00:00+00:00
[2023-10-16 10:41:21,854] {logging_mixin.py:109} INFO - [2023-10-16 10:41:21,854] {dag.py:2935} INFO - Setting next_dagrun for example_subdag_operator.section-1 to None
[2023-10-16 10:41:21,854] {logging_mixin.py:109} INFO - [2023-10-16 10:41:21,854] {dag.py:2935} INFO - Setting next_dagrun for example_subdag_operator.section-2 to None
[2023-10-16 10:41:21,858] {logging_mixin.py:109} INFO - [2023-10-16 10:41:21,857] {dag.py:2396} INFO - Sync 2 DAGs
[2023-10-16 10:41:21,861] {logging_mixin.py:109} INFO - [2023-10-16 10:41:21,861] {dag.py:2935} INFO - Setting next_dagrun for example_subdag_operator.section-1 to None
[2023-10-16 10:41:21,861] {logging_mixin.py:109} INFO - [2023-10-16 10:41:21,861] {dag.py:2935} INFO - Setting next_dagrun for example_subdag_operator.section-2 to None
[2023-10-16 10:41:21,865] {processor.py:171} INFO - Processing /Users/namyoung/Desktop/myprj/airflow/airflow/lib/python3.7/site-packages/airflow/example_dags/example_subdag_operator.py took 0.216 seconds
[2023-10-16 12:23:47,455] {processor.py:163} INFO - Started process (PID=29844) to work on /Users/namyoung/Desktop/myprj/airflow/airflow/lib/python3.7/site-packages/airflow/example_dags/example_subdag_operator.py
[2023-10-16 12:23:47,457] {processor.py:642} INFO - Processing file /Users/namyoung/Desktop/myprj/airflow/airflow/lib/python3.7/site-packages/airflow/example_dags/example_subdag_operator.py for tasks to queue
[2023-10-16 12:23:47,458] {logging_mixin.py:109} INFO - [2023-10-16 12:23:47,458] {dagbag.py:500} INFO - Filling up the DagBag from /Users/namyoung/Desktop/myprj/airflow/airflow/lib/python3.7/site-packages/airflow/example_dags/example_subdag_operator.py
[2023-10-16 12:23:47,489] {processor.py:654} INFO - DAG(s) dict_keys(['example_subdag_operator.section-1', 'example_subdag_operator.section-2', 'example_subdag_operator']) retrieved from /Users/namyoung/Desktop/myprj/airflow/airflow/lib/python3.7/site-packages/airflow/example_dags/example_subdag_operator.py
[2023-10-16 12:23:47,496] {logging_mixin.py:109} INFO - [2023-10-16 12:23:47,496] {dag.py:2396} INFO - Sync 3 DAGs
[2023-10-16 12:23:47,504] {logging_mixin.py:109} INFO - [2023-10-16 12:23:47,504] {dag.py:2935} INFO - Setting next_dagrun for example_subdag_operator to 2023-10-14T00:00:00+00:00
[2023-10-16 12:23:47,504] {logging_mixin.py:109} INFO - [2023-10-16 12:23:47,504] {dag.py:2935} INFO - Setting next_dagrun for example_subdag_operator.section-1 to None
[2023-10-16 12:23:47,504] {logging_mixin.py:109} INFO - [2023-10-16 12:23:47,504] {dag.py:2935} INFO - Setting next_dagrun for example_subdag_operator.section-2 to None
[2023-10-16 12:23:47,507] {logging_mixin.py:109} INFO - [2023-10-16 12:23:47,507] {dag.py:2396} INFO - Sync 2 DAGs
[2023-10-16 12:23:47,511] {logging_mixin.py:109} INFO - [2023-10-16 12:23:47,510] {dag.py:2935} INFO - Setting next_dagrun for example_subdag_operator.section-1 to None
[2023-10-16 12:23:47,511] {logging_mixin.py:109} INFO - [2023-10-16 12:23:47,511] {dag.py:2935} INFO - Setting next_dagrun for example_subdag_operator.section-2 to None
[2023-10-16 12:23:47,515] {processor.py:171} INFO - Processing /Users/namyoung/Desktop/myprj/airflow/airflow/lib/python3.7/site-packages/airflow/example_dags/example_subdag_operator.py took 0.065 seconds
[2023-10-16 14:05:50,275] {processor.py:163} INFO - Started process (PID=30039) to work on /Users/namyoung/Desktop/myprj/airflow/airflow/lib/python3.7/site-packages/airflow/example_dags/example_subdag_operator.py
[2023-10-16 14:05:50,276] {processor.py:642} INFO - Processing file /Users/namyoung/Desktop/myprj/airflow/airflow/lib/python3.7/site-packages/airflow/example_dags/example_subdag_operator.py for tasks to queue
[2023-10-16 14:05:50,276] {logging_mixin.py:109} INFO - [2023-10-16 14:05:50,276] {dagbag.py:500} INFO - Filling up the DagBag from /Users/namyoung/Desktop/myprj/airflow/airflow/lib/python3.7/site-packages/airflow/example_dags/example_subdag_operator.py
[2023-10-16 14:05:50,295] {processor.py:654} INFO - DAG(s) dict_keys(['example_subdag_operator.section-1', 'example_subdag_operator.section-2', 'example_subdag_operator']) retrieved from /Users/namyoung/Desktop/myprj/airflow/airflow/lib/python3.7/site-packages/airflow/example_dags/example_subdag_operator.py
[2023-10-16 14:05:50,301] {logging_mixin.py:109} INFO - [2023-10-16 14:05:50,301] {dag.py:2396} INFO - Sync 3 DAGs
[2023-10-16 14:05:50,308] {logging_mixin.py:109} INFO - [2023-10-16 14:05:50,308] {dag.py:2935} INFO - Setting next_dagrun for example_subdag_operator to 2023-10-14T00:00:00+00:00
[2023-10-16 14:05:50,309] {logging_mixin.py:109} INFO - [2023-10-16 14:05:50,309] {dag.py:2935} INFO - Setting next_dagrun for example_subdag_operator.section-1 to None
[2023-10-16 14:05:50,309] {logging_mixin.py:109} INFO - [2023-10-16 14:05:50,309] {dag.py:2935} INFO - Setting next_dagrun for example_subdag_operator.section-2 to None
[2023-10-16 14:05:50,312] {logging_mixin.py:109} INFO - [2023-10-16 14:05:50,312] {dag.py:2396} INFO - Sync 2 DAGs
[2023-10-16 14:05:50,317] {logging_mixin.py:109} INFO - [2023-10-16 14:05:50,316] {dag.py:2935} INFO - Setting next_dagrun for example_subdag_operator.section-1 to None
[2023-10-16 14:05:50,317] {logging_mixin.py:109} INFO - [2023-10-16 14:05:50,317] {dag.py:2935} INFO - Setting next_dagrun for example_subdag_operator.section-2 to None
[2023-10-16 14:05:50,321] {processor.py:171} INFO - Processing /Users/namyoung/Desktop/myprj/airflow/airflow/lib/python3.7/site-packages/airflow/example_dags/example_subdag_operator.py took 0.049 seconds
[2023-10-16 15:46:50,252] {processor.py:163} INFO - Started process (PID=30259) to work on /Users/namyoung/Desktop/myprj/airflow/airflow/lib/python3.7/site-packages/airflow/example_dags/example_subdag_operator.py
[2023-10-16 15:46:50,255] {processor.py:642} INFO - Processing file /Users/namyoung/Desktop/myprj/airflow/airflow/lib/python3.7/site-packages/airflow/example_dags/example_subdag_operator.py for tasks to queue
[2023-10-16 15:46:50,256] {logging_mixin.py:109} INFO - [2023-10-16 15:46:50,256] {dagbag.py:500} INFO - Filling up the DagBag from /Users/namyoung/Desktop/myprj/airflow/airflow/lib/python3.7/site-packages/airflow/example_dags/example_subdag_operator.py
[2023-10-16 15:46:50,292] {processor.py:654} INFO - DAG(s) dict_keys(['example_subdag_operator.section-1', 'example_subdag_operator.section-2', 'example_subdag_operator']) retrieved from /Users/namyoung/Desktop/myprj/airflow/airflow/lib/python3.7/site-packages/airflow/example_dags/example_subdag_operator.py
[2023-10-16 15:46:50,301] {logging_mixin.py:109} INFO - [2023-10-16 15:46:50,301] {dag.py:2396} INFO - Sync 3 DAGs
[2023-10-16 15:46:50,310] {logging_mixin.py:109} INFO - [2023-10-16 15:46:50,310] {dag.py:2935} INFO - Setting next_dagrun for example_subdag_operator to 2023-10-14T00:00:00+00:00
[2023-10-16 15:46:50,311] {logging_mixin.py:109} INFO - [2023-10-16 15:46:50,311] {dag.py:2935} INFO - Setting next_dagrun for example_subdag_operator.section-1 to None
[2023-10-16 15:46:50,311] {logging_mixin.py:109} INFO - [2023-10-16 15:46:50,311] {dag.py:2935} INFO - Setting next_dagrun for example_subdag_operator.section-2 to None
[2023-10-16 15:46:50,314] {logging_mixin.py:109} INFO - [2023-10-16 15:46:50,314] {dag.py:2396} INFO - Sync 2 DAGs
[2023-10-16 15:46:50,318] {logging_mixin.py:109} INFO - [2023-10-16 15:46:50,318] {dag.py:2935} INFO - Setting next_dagrun for example_subdag_operator.section-1 to None
[2023-10-16 15:46:50,318] {logging_mixin.py:109} INFO - [2023-10-16 15:46:50,318] {dag.py:2935} INFO - Setting next_dagrun for example_subdag_operator.section-2 to None
[2023-10-16 15:46:50,322] {processor.py:171} INFO - Processing /Users/namyoung/Desktop/myprj/airflow/airflow/lib/python3.7/site-packages/airflow/example_dags/example_subdag_operator.py took 0.075 seconds
[2023-10-16 17:28:05,805] {processor.py:163} INFO - Started process (PID=30523) to work on /Users/namyoung/Desktop/myprj/airflow/airflow/lib/python3.7/site-packages/airflow/example_dags/example_subdag_operator.py
[2023-10-16 17:28:05,807] {processor.py:642} INFO - Processing file /Users/namyoung/Desktop/myprj/airflow/airflow/lib/python3.7/site-packages/airflow/example_dags/example_subdag_operator.py for tasks to queue
[2023-10-16 17:28:05,808] {logging_mixin.py:109} INFO - [2023-10-16 17:28:05,808] {dagbag.py:500} INFO - Filling up the DagBag from /Users/namyoung/Desktop/myprj/airflow/airflow/lib/python3.7/site-packages/airflow/example_dags/example_subdag_operator.py
[2023-10-16 17:28:05,839] {processor.py:654} INFO - DAG(s) dict_keys(['example_subdag_operator.section-1', 'example_subdag_operator.section-2', 'example_subdag_operator']) retrieved from /Users/namyoung/Desktop/myprj/airflow/airflow/lib/python3.7/site-packages/airflow/example_dags/example_subdag_operator.py
[2023-10-16 17:28:05,846] {logging_mixin.py:109} INFO - [2023-10-16 17:28:05,846] {dag.py:2396} INFO - Sync 3 DAGs
[2023-10-16 17:28:05,854] {logging_mixin.py:109} INFO - [2023-10-16 17:28:05,854] {dag.py:2935} INFO - Setting next_dagrun for example_subdag_operator to 2023-10-14T00:00:00+00:00
[2023-10-16 17:28:05,854] {logging_mixin.py:109} INFO - [2023-10-16 17:28:05,854] {dag.py:2935} INFO - Setting next_dagrun for example_subdag_operator.section-1 to None
[2023-10-16 17:28:05,855] {logging_mixin.py:109} INFO - [2023-10-16 17:28:05,855] {dag.py:2935} INFO - Setting next_dagrun for example_subdag_operator.section-2 to None
[2023-10-16 17:28:05,857] {logging_mixin.py:109} INFO - [2023-10-16 17:28:05,857] {dag.py:2396} INFO - Sync 2 DAGs
[2023-10-16 17:28:05,861] {logging_mixin.py:109} INFO - [2023-10-16 17:28:05,861] {dag.py:2935} INFO - Setting next_dagrun for example_subdag_operator.section-1 to None
[2023-10-16 17:28:05,861] {logging_mixin.py:109} INFO - [2023-10-16 17:28:05,861] {dag.py:2935} INFO - Setting next_dagrun for example_subdag_operator.section-2 to None
[2023-10-16 17:28:05,865] {processor.py:171} INFO - Processing /Users/namyoung/Desktop/myprj/airflow/airflow/lib/python3.7/site-packages/airflow/example_dags/example_subdag_operator.py took 0.066 seconds
[2023-10-16 18:52:05,427] {processor.py:163} INFO - Started process (PID=30662) to work on /Users/namyoung/Desktop/myprj/airflow/airflow/lib/python3.7/site-packages/airflow/example_dags/example_subdag_operator.py
[2023-10-16 18:52:05,428] {processor.py:642} INFO - Processing file /Users/namyoung/Desktop/myprj/airflow/airflow/lib/python3.7/site-packages/airflow/example_dags/example_subdag_operator.py for tasks to queue
[2023-10-16 18:52:05,428] {logging_mixin.py:109} INFO - [2023-10-16 18:52:05,428] {dagbag.py:500} INFO - Filling up the DagBag from /Users/namyoung/Desktop/myprj/airflow/airflow/lib/python3.7/site-packages/airflow/example_dags/example_subdag_operator.py
[2023-10-16 18:52:05,444] {processor.py:654} INFO - DAG(s) dict_keys(['example_subdag_operator.section-1', 'example_subdag_operator.section-2', 'example_subdag_operator']) retrieved from /Users/namyoung/Desktop/myprj/airflow/airflow/lib/python3.7/site-packages/airflow/example_dags/example_subdag_operator.py
[2023-10-16 18:52:05,450] {logging_mixin.py:109} INFO - [2023-10-16 18:52:05,449] {dag.py:2396} INFO - Sync 3 DAGs
[2023-10-16 18:52:05,456] {logging_mixin.py:109} INFO - [2023-10-16 18:52:05,456] {dag.py:2935} INFO - Setting next_dagrun for example_subdag_operator to 2023-10-14T00:00:00+00:00
[2023-10-16 18:52:05,457] {logging_mixin.py:109} INFO - [2023-10-16 18:52:05,456] {dag.py:2935} INFO - Setting next_dagrun for example_subdag_operator.section-1 to None
[2023-10-16 18:52:05,457] {logging_mixin.py:109} INFO - [2023-10-16 18:52:05,457] {dag.py:2935} INFO - Setting next_dagrun for example_subdag_operator.section-2 to None
[2023-10-16 18:52:05,460] {logging_mixin.py:109} INFO - [2023-10-16 18:52:05,460] {dag.py:2396} INFO - Sync 2 DAGs
[2023-10-16 18:52:05,464] {logging_mixin.py:109} INFO - [2023-10-16 18:52:05,464] {dag.py:2935} INFO - Setting next_dagrun for example_subdag_operator.section-1 to None
[2023-10-16 18:52:05,465] {logging_mixin.py:109} INFO - [2023-10-16 18:52:05,464] {dag.py:2935} INFO - Setting next_dagrun for example_subdag_operator.section-2 to None
[2023-10-16 18:52:05,470] {processor.py:171} INFO - Processing /Users/namyoung/Desktop/myprj/airflow/airflow/lib/python3.7/site-packages/airflow/example_dags/example_subdag_operator.py took 0.045 seconds
[2023-10-16 20:18:10,057] {processor.py:163} INFO - Started process (PID=30907) to work on /Users/namyoung/Desktop/myprj/airflow/airflow/lib/python3.7/site-packages/airflow/example_dags/example_subdag_operator.py
[2023-10-16 20:35:59,898] {processor.py:642} INFO - Processing file /Users/namyoung/Desktop/myprj/airflow/airflow/lib/python3.7/site-packages/airflow/example_dags/example_subdag_operator.py for tasks to queue
[2023-10-16 20:35:59,899] {logging_mixin.py:109} INFO - [2023-10-16 20:35:59,899] {dagbag.py:500} INFO - Filling up the DagBag from /Users/namyoung/Desktop/myprj/airflow/airflow/lib/python3.7/site-packages/airflow/example_dags/example_subdag_operator.py
[2023-10-16 20:35:59,947] {processor.py:654} INFO - DAG(s) dict_keys(['example_subdag_operator.section-1', 'example_subdag_operator.section-2', 'example_subdag_operator']) retrieved from /Users/namyoung/Desktop/myprj/airflow/airflow/lib/python3.7/site-packages/airflow/example_dags/example_subdag_operator.py
[2023-10-16 20:35:59,960] {logging_mixin.py:109} INFO - [2023-10-16 20:35:59,960] {dag.py:2396} INFO - Sync 3 DAGs
[2023-10-16 20:35:59,972] {logging_mixin.py:109} INFO - [2023-10-16 20:35:59,972] {dag.py:2935} INFO - Setting next_dagrun for example_subdag_operator to 2023-10-14T00:00:00+00:00
[2023-10-16 20:35:59,973] {logging_mixin.py:109} INFO - [2023-10-16 20:35:59,973] {dag.py:2935} INFO - Setting next_dagrun for example_subdag_operator.section-1 to None
[2023-10-16 20:35:59,973] {logging_mixin.py:109} INFO - [2023-10-16 20:35:59,973] {dag.py:2935} INFO - Setting next_dagrun for example_subdag_operator.section-2 to None
[2023-10-16 20:36:00,031] {logging_mixin.py:109} INFO - [2023-10-16 20:36:00,031] {dag.py:2396} INFO - Sync 2 DAGs
[2023-10-16 20:36:00,038] {logging_mixin.py:109} INFO - [2023-10-16 20:36:00,037] {dag.py:2935} INFO - Setting next_dagrun for example_subdag_operator.section-1 to None
[2023-10-16 20:36:00,038] {logging_mixin.py:109} INFO - [2023-10-16 20:36:00,038] {dag.py:2935} INFO - Setting next_dagrun for example_subdag_operator.section-2 to None
[2023-10-16 20:36:00,044] {processor.py:171} INFO - Processing /Users/namyoung/Desktop/myprj/airflow/airflow/lib/python3.7/site-packages/airflow/example_dags/example_subdag_operator.py took 0.399 seconds
[2023-10-16 21:55:10,422] {processor.py:163} INFO - Started process (PID=31050) to work on /Users/namyoung/Desktop/myprj/airflow/airflow/lib/python3.7/site-packages/airflow/example_dags/example_subdag_operator.py
[2023-10-16 21:55:10,424] {processor.py:642} INFO - Processing file /Users/namyoung/Desktop/myprj/airflow/airflow/lib/python3.7/site-packages/airflow/example_dags/example_subdag_operator.py for tasks to queue
[2023-10-16 21:55:10,425] {logging_mixin.py:109} INFO - [2023-10-16 21:55:10,424] {dagbag.py:500} INFO - Filling up the DagBag from /Users/namyoung/Desktop/myprj/airflow/airflow/lib/python3.7/site-packages/airflow/example_dags/example_subdag_operator.py
[2023-10-16 21:55:10,455] {processor.py:654} INFO - DAG(s) dict_keys(['example_subdag_operator.section-1', 'example_subdag_operator.section-2', 'example_subdag_operator']) retrieved from /Users/namyoung/Desktop/myprj/airflow/airflow/lib/python3.7/site-packages/airflow/example_dags/example_subdag_operator.py
[2023-10-16 21:55:10,462] {logging_mixin.py:109} INFO - [2023-10-16 21:55:10,462] {dag.py:2396} INFO - Sync 3 DAGs
[2023-10-16 21:55:10,470] {logging_mixin.py:109} INFO - [2023-10-16 21:55:10,469] {dag.py:2935} INFO - Setting next_dagrun for example_subdag_operator to 2023-10-14T00:00:00+00:00
[2023-10-16 21:55:10,470] {logging_mixin.py:109} INFO - [2023-10-16 21:55:10,470] {dag.py:2935} INFO - Setting next_dagrun for example_subdag_operator.section-1 to None
[2023-10-16 21:55:10,470] {logging_mixin.py:109} INFO - [2023-10-16 21:55:10,470] {dag.py:2935} INFO - Setting next_dagrun for example_subdag_operator.section-2 to None
[2023-10-16 21:55:10,473] {logging_mixin.py:109} INFO - [2023-10-16 21:55:10,472] {dag.py:2396} INFO - Sync 2 DAGs
[2023-10-16 21:55:10,476] {logging_mixin.py:109} INFO - [2023-10-16 21:55:10,476] {dag.py:2935} INFO - Setting next_dagrun for example_subdag_operator.section-1 to None
[2023-10-16 21:55:10,476] {logging_mixin.py:109} INFO - [2023-10-16 21:55:10,476] {dag.py:2935} INFO - Setting next_dagrun for example_subdag_operator.section-2 to None
[2023-10-16 21:55:10,480] {processor.py:171} INFO - Processing /Users/namyoung/Desktop/myprj/airflow/airflow/lib/python3.7/site-packages/airflow/example_dags/example_subdag_operator.py took 0.064 seconds
[2023-10-16 23:35:45,973] {processor.py:163} INFO - Started process (PID=31268) to work on /Users/namyoung/Desktop/myprj/airflow/airflow/lib/python3.7/site-packages/airflow/example_dags/example_subdag_operator.py
[2023-10-16 23:35:45,974] {processor.py:642} INFO - Processing file /Users/namyoung/Desktop/myprj/airflow/airflow/lib/python3.7/site-packages/airflow/example_dags/example_subdag_operator.py for tasks to queue
[2023-10-16 23:35:45,975] {logging_mixin.py:109} INFO - [2023-10-16 23:35:45,975] {dagbag.py:500} INFO - Filling up the DagBag from /Users/namyoung/Desktop/myprj/airflow/airflow/lib/python3.7/site-packages/airflow/example_dags/example_subdag_operator.py
[2023-10-16 23:35:45,993] {processor.py:654} INFO - DAG(s) dict_keys(['example_subdag_operator.section-1', 'example_subdag_operator.section-2', 'example_subdag_operator']) retrieved from /Users/namyoung/Desktop/myprj/airflow/airflow/lib/python3.7/site-packages/airflow/example_dags/example_subdag_operator.py
[2023-10-16 23:35:46,000] {logging_mixin.py:109} INFO - [2023-10-16 23:35:46,000] {dag.py:2396} INFO - Sync 3 DAGs
[2023-10-16 23:35:46,008] {logging_mixin.py:109} INFO - [2023-10-16 23:35:46,008] {dag.py:2935} INFO - Setting next_dagrun for example_subdag_operator to 2023-10-14T00:00:00+00:00
[2023-10-16 23:35:46,008] {logging_mixin.py:109} INFO - [2023-10-16 23:35:46,008] {dag.py:2935} INFO - Setting next_dagrun for example_subdag_operator.section-1 to None
[2023-10-16 23:35:46,009] {logging_mixin.py:109} INFO - [2023-10-16 23:35:46,008] {dag.py:2935} INFO - Setting next_dagrun for example_subdag_operator.section-2 to None
[2023-10-16 23:35:46,011] {logging_mixin.py:109} INFO - [2023-10-16 23:35:46,011] {dag.py:2396} INFO - Sync 2 DAGs
[2023-10-16 23:35:46,015] {logging_mixin.py:109} INFO - [2023-10-16 23:35:46,015] {dag.py:2935} INFO - Setting next_dagrun for example_subdag_operator.section-1 to None
[2023-10-16 23:35:46,015] {logging_mixin.py:109} INFO - [2023-10-16 23:35:46,015] {dag.py:2935} INFO - Setting next_dagrun for example_subdag_operator.section-2 to None
[2023-10-16 23:35:46,020] {processor.py:171} INFO - Processing /Users/namyoung/Desktop/myprj/airflow/airflow/lib/python3.7/site-packages/airflow/example_dags/example_subdag_operator.py took 0.048 seconds
[2023-10-17 01:12:11,005] {processor.py:163} INFO - Started process (PID=31446) to work on /Users/namyoung/Desktop/myprj/airflow/airflow/lib/python3.7/site-packages/airflow/example_dags/example_subdag_operator.py
[2023-10-17 01:12:11,006] {processor.py:642} INFO - Processing file /Users/namyoung/Desktop/myprj/airflow/airflow/lib/python3.7/site-packages/airflow/example_dags/example_subdag_operator.py for tasks to queue
[2023-10-17 01:12:11,007] {logging_mixin.py:109} INFO - [2023-10-17 01:12:11,007] {dagbag.py:500} INFO - Filling up the DagBag from /Users/namyoung/Desktop/myprj/airflow/airflow/lib/python3.7/site-packages/airflow/example_dags/example_subdag_operator.py
[2023-10-17 01:12:11,024] {processor.py:654} INFO - DAG(s) dict_keys(['example_subdag_operator.section-1', 'example_subdag_operator.section-2', 'example_subdag_operator']) retrieved from /Users/namyoung/Desktop/myprj/airflow/airflow/lib/python3.7/site-packages/airflow/example_dags/example_subdag_operator.py
[2023-10-17 01:12:11,030] {logging_mixin.py:109} INFO - [2023-10-17 01:12:11,030] {dag.py:2396} INFO - Sync 3 DAGs
[2023-10-17 01:12:11,038] {logging_mixin.py:109} INFO - [2023-10-17 01:12:11,038] {dag.py:2935} INFO - Setting next_dagrun for example_subdag_operator to 2023-10-14T00:00:00+00:00
[2023-10-17 01:12:11,038] {logging_mixin.py:109} INFO - [2023-10-17 01:12:11,038] {dag.py:2935} INFO - Setting next_dagrun for example_subdag_operator.section-1 to None
[2023-10-17 01:12:11,038] {logging_mixin.py:109} INFO - [2023-10-17 01:12:11,038] {dag.py:2935} INFO - Setting next_dagrun for example_subdag_operator.section-2 to None
[2023-10-17 01:12:11,041] {logging_mixin.py:109} INFO - [2023-10-17 01:12:11,041] {dag.py:2396} INFO - Sync 2 DAGs
[2023-10-17 01:12:11,045] {logging_mixin.py:109} INFO - [2023-10-17 01:12:11,045] {dag.py:2935} INFO - Setting next_dagrun for example_subdag_operator.section-1 to None
[2023-10-17 01:12:11,045] {logging_mixin.py:109} INFO - [2023-10-17 01:12:11,045] {dag.py:2935} INFO - Setting next_dagrun for example_subdag_operator.section-2 to None
[2023-10-17 01:12:11,052] {processor.py:171} INFO - Processing /Users/namyoung/Desktop/myprj/airflow/airflow/lib/python3.7/site-packages/airflow/example_dags/example_subdag_operator.py took 0.048 seconds
[2023-10-17 02:49:19,853] {processor.py:163} INFO - Started process (PID=31698) to work on /Users/namyoung/Desktop/myprj/airflow/airflow/lib/python3.7/site-packages/airflow/example_dags/example_subdag_operator.py
[2023-10-17 02:49:19,855] {processor.py:642} INFO - Processing file /Users/namyoung/Desktop/myprj/airflow/airflow/lib/python3.7/site-packages/airflow/example_dags/example_subdag_operator.py for tasks to queue
[2023-10-17 02:49:19,856] {logging_mixin.py:109} INFO - [2023-10-17 02:49:19,856] {dagbag.py:500} INFO - Filling up the DagBag from /Users/namyoung/Desktop/myprj/airflow/airflow/lib/python3.7/site-packages/airflow/example_dags/example_subdag_operator.py
[2023-10-17 02:49:19,887] {processor.py:654} INFO - DAG(s) dict_keys(['example_subdag_operator.section-1', 'example_subdag_operator.section-2', 'example_subdag_operator']) retrieved from /Users/namyoung/Desktop/myprj/airflow/airflow/lib/python3.7/site-packages/airflow/example_dags/example_subdag_operator.py
[2023-10-17 02:49:19,898] {logging_mixin.py:109} INFO - [2023-10-17 02:49:19,898] {dag.py:2396} INFO - Sync 3 DAGs
[2023-10-17 02:49:19,908] {logging_mixin.py:109} INFO - [2023-10-17 02:49:19,908] {dag.py:2935} INFO - Setting next_dagrun for example_subdag_operator to 2023-10-14T00:00:00+00:00
[2023-10-17 02:49:19,908] {logging_mixin.py:109} INFO - [2023-10-17 02:49:19,908] {dag.py:2935} INFO - Setting next_dagrun for example_subdag_operator.section-1 to None
[2023-10-17 02:49:19,909] {logging_mixin.py:109} INFO - [2023-10-17 02:49:19,909] {dag.py:2935} INFO - Setting next_dagrun for example_subdag_operator.section-2 to None
[2023-10-17 02:49:19,912] {logging_mixin.py:109} INFO - [2023-10-17 02:49:19,912] {dag.py:2396} INFO - Sync 2 DAGs
[2023-10-17 02:49:19,923] {logging_mixin.py:109} INFO - [2023-10-17 02:49:19,923] {dag.py:2935} INFO - Setting next_dagrun for example_subdag_operator.section-1 to None
[2023-10-17 02:49:19,924] {logging_mixin.py:109} INFO - [2023-10-17 02:49:19,924] {dag.py:2935} INFO - Setting next_dagrun for example_subdag_operator.section-2 to None
[2023-10-17 02:49:19,931] {processor.py:171} INFO - Processing /Users/namyoung/Desktop/myprj/airflow/airflow/lib/python3.7/site-packages/airflow/example_dags/example_subdag_operator.py took 0.081 seconds
[2023-10-17 04:08:45,785] {processor.py:163} INFO - Started process (PID=31844) to work on /Users/namyoung/Desktop/myprj/airflow/airflow/lib/python3.7/site-packages/airflow/example_dags/example_subdag_operator.py
[2023-10-17 04:08:45,786] {processor.py:642} INFO - Processing file /Users/namyoung/Desktop/myprj/airflow/airflow/lib/python3.7/site-packages/airflow/example_dags/example_subdag_operator.py for tasks to queue
[2023-10-17 04:08:45,788] {logging_mixin.py:109} INFO - [2023-10-17 04:08:45,787] {dagbag.py:500} INFO - Filling up the DagBag from /Users/namyoung/Desktop/myprj/airflow/airflow/lib/python3.7/site-packages/airflow/example_dags/example_subdag_operator.py
[2023-10-17 04:08:45,819] {processor.py:654} INFO - DAG(s) dict_keys(['example_subdag_operator.section-1', 'example_subdag_operator.section-2', 'example_subdag_operator']) retrieved from /Users/namyoung/Desktop/myprj/airflow/airflow/lib/python3.7/site-packages/airflow/example_dags/example_subdag_operator.py
[2023-10-17 04:08:45,826] {logging_mixin.py:109} INFO - [2023-10-17 04:08:45,826] {dag.py:2396} INFO - Sync 3 DAGs
[2023-10-17 04:08:45,834] {logging_mixin.py:109} INFO - [2023-10-17 04:08:45,834] {dag.py:2935} INFO - Setting next_dagrun for example_subdag_operator to 2023-10-14T00:00:00+00:00
[2023-10-17 04:08:45,834] {logging_mixin.py:109} INFO - [2023-10-17 04:08:45,834] {dag.py:2935} INFO - Setting next_dagrun for example_subdag_operator.section-1 to None
[2023-10-17 04:08:45,835] {logging_mixin.py:109} INFO - [2023-10-17 04:08:45,834] {dag.py:2935} INFO - Setting next_dagrun for example_subdag_operator.section-2 to None
[2023-10-17 04:08:45,837] {logging_mixin.py:109} INFO - [2023-10-17 04:08:45,837] {dag.py:2396} INFO - Sync 2 DAGs
[2023-10-17 04:08:45,841] {logging_mixin.py:109} INFO - [2023-10-17 04:08:45,841] {dag.py:2935} INFO - Setting next_dagrun for example_subdag_operator.section-1 to None
[2023-10-17 04:08:45,841] {logging_mixin.py:109} INFO - [2023-10-17 04:08:45,841] {dag.py:2935} INFO - Setting next_dagrun for example_subdag_operator.section-2 to None
[2023-10-17 04:08:45,845] {processor.py:171} INFO - Processing /Users/namyoung/Desktop/myprj/airflow/airflow/lib/python3.7/site-packages/airflow/example_dags/example_subdag_operator.py took 0.066 seconds
[2023-10-17 06:01:18,377] {processor.py:163} INFO - Started process (PID=32131) to work on /Users/namyoung/Desktop/myprj/airflow/airflow/lib/python3.7/site-packages/airflow/example_dags/example_subdag_operator.py
[2023-10-17 06:01:18,379] {processor.py:642} INFO - Processing file /Users/namyoung/Desktop/myprj/airflow/airflow/lib/python3.7/site-packages/airflow/example_dags/example_subdag_operator.py for tasks to queue
[2023-10-17 06:01:18,380] {logging_mixin.py:109} INFO - [2023-10-17 06:01:18,379] {dagbag.py:500} INFO - Filling up the DagBag from /Users/namyoung/Desktop/myprj/airflow/airflow/lib/python3.7/site-packages/airflow/example_dags/example_subdag_operator.py
[2023-10-17 06:01:18,408] {processor.py:654} INFO - DAG(s) dict_keys(['example_subdag_operator.section-1', 'example_subdag_operator.section-2', 'example_subdag_operator']) retrieved from /Users/namyoung/Desktop/myprj/airflow/airflow/lib/python3.7/site-packages/airflow/example_dags/example_subdag_operator.py
[2023-10-17 06:01:18,415] {logging_mixin.py:109} INFO - [2023-10-17 06:01:18,415] {dag.py:2396} INFO - Sync 3 DAGs
[2023-10-17 06:01:18,422] {logging_mixin.py:109} INFO - [2023-10-17 06:01:18,422] {dag.py:2935} INFO - Setting next_dagrun for example_subdag_operator to 2023-10-14T00:00:00+00:00
[2023-10-17 06:01:18,422] {logging_mixin.py:109} INFO - [2023-10-17 06:01:18,422] {dag.py:2935} INFO - Setting next_dagrun for example_subdag_operator.section-1 to None
[2023-10-17 06:01:18,423] {logging_mixin.py:109} INFO - [2023-10-17 06:01:18,422] {dag.py:2935} INFO - Setting next_dagrun for example_subdag_operator.section-2 to None
[2023-10-17 06:01:18,425] {logging_mixin.py:109} INFO - [2023-10-17 06:01:18,425] {dag.py:2396} INFO - Sync 2 DAGs
[2023-10-17 06:01:18,428] {logging_mixin.py:109} INFO - [2023-10-17 06:01:18,428] {dag.py:2935} INFO - Setting next_dagrun for example_subdag_operator.section-1 to None
[2023-10-17 06:01:18,429] {logging_mixin.py:109} INFO - [2023-10-17 06:01:18,428] {dag.py:2935} INFO - Setting next_dagrun for example_subdag_operator.section-2 to None
[2023-10-17 06:01:18,432] {processor.py:171} INFO - Processing /Users/namyoung/Desktop/myprj/airflow/airflow/lib/python3.7/site-packages/airflow/example_dags/example_subdag_operator.py took 0.060 seconds
[2023-10-17 07:41:29,988] {processor.py:163} INFO - Started process (PID=32264) to work on /Users/namyoung/Desktop/myprj/airflow/airflow/lib/python3.7/site-packages/airflow/example_dags/example_subdag_operator.py
[2023-10-17 07:41:29,989] {processor.py:642} INFO - Processing file /Users/namyoung/Desktop/myprj/airflow/airflow/lib/python3.7/site-packages/airflow/example_dags/example_subdag_operator.py for tasks to queue
[2023-10-17 07:41:29,990] {logging_mixin.py:109} INFO - [2023-10-17 07:41:29,989] {dagbag.py:500} INFO - Filling up the DagBag from /Users/namyoung/Desktop/myprj/airflow/airflow/lib/python3.7/site-packages/airflow/example_dags/example_subdag_operator.py
[2023-10-17 07:41:30,005] {processor.py:654} INFO - DAG(s) dict_keys(['example_subdag_operator.section-1', 'example_subdag_operator.section-2', 'example_subdag_operator']) retrieved from /Users/namyoung/Desktop/myprj/airflow/airflow/lib/python3.7/site-packages/airflow/example_dags/example_subdag_operator.py
[2023-10-17 07:41:30,014] {logging_mixin.py:109} INFO - [2023-10-17 07:41:30,014] {dag.py:2396} INFO - Sync 3 DAGs
[2023-10-17 07:41:30,022] {logging_mixin.py:109} INFO - [2023-10-17 07:41:30,022] {dag.py:2935} INFO - Setting next_dagrun for example_subdag_operator to 2023-10-14T00:00:00+00:00
[2023-10-17 07:41:30,022] {logging_mixin.py:109} INFO - [2023-10-17 07:41:30,022] {dag.py:2935} INFO - Setting next_dagrun for example_subdag_operator.section-1 to None
[2023-10-17 07:41:30,023] {logging_mixin.py:109} INFO - [2023-10-17 07:41:30,022] {dag.py:2935} INFO - Setting next_dagrun for example_subdag_operator.section-2 to None
[2023-10-17 07:41:30,025] {logging_mixin.py:109} INFO - [2023-10-17 07:41:30,025] {dag.py:2396} INFO - Sync 2 DAGs
[2023-10-17 07:41:30,029] {logging_mixin.py:109} INFO - [2023-10-17 07:41:30,029] {dag.py:2935} INFO - Setting next_dagrun for example_subdag_operator.section-1 to None
[2023-10-17 07:41:30,030] {logging_mixin.py:109} INFO - [2023-10-17 07:41:30,029] {dag.py:2935} INFO - Setting next_dagrun for example_subdag_operator.section-2 to None
[2023-10-17 07:41:30,034] {processor.py:171} INFO - Processing /Users/namyoung/Desktop/myprj/airflow/airflow/lib/python3.7/site-packages/airflow/example_dags/example_subdag_operator.py took 0.047 seconds
