[2023-10-16 09:56:35,465] {processor.py:163} INFO - Started process (PID=29502) to work on /Users/namyoung/Desktop/myprj/airflow/airflow/lib/python3.7/site-packages/airflow/example_dags/example_branch_operator.py
[2023-10-16 09:56:35,466] {processor.py:642} INFO - Processing file /Users/namyoung/Desktop/myprj/airflow/airflow/lib/python3.7/site-packages/airflow/example_dags/example_branch_operator.py for tasks to queue
[2023-10-16 09:56:35,466] {logging_mixin.py:109} INFO - [2023-10-16 09:56:35,466] {dagbag.py:500} INFO - Filling up the DagBag from /Users/namyoung/Desktop/myprj/airflow/airflow/lib/python3.7/site-packages/airflow/example_dags/example_branch_operator.py
[2023-10-16 09:56:35,481] {processor.py:654} INFO - DAG(s) dict_keys(['example_branch_operator']) retrieved from /Users/namyoung/Desktop/myprj/airflow/airflow/lib/python3.7/site-packages/airflow/example_dags/example_branch_operator.py
[2023-10-16 09:56:35,487] {logging_mixin.py:109} INFO - [2023-10-16 09:56:35,487] {dag.py:2396} INFO - Sync 1 DAGs
[2023-10-16 09:56:35,495] {logging_mixin.py:109} INFO - [2023-10-16 09:56:35,495] {dag.py:2935} INFO - Setting next_dagrun for example_branch_operator to 2023-10-15 00:00:00+00:00
[2023-10-16 09:56:35,501] {processor.py:171} INFO - Processing /Users/namyoung/Desktop/myprj/airflow/airflow/lib/python3.7/site-packages/airflow/example_dags/example_branch_operator.py took 0.038 seconds
[2023-10-16 11:32:31,685] {processor.py:163} INFO - Started process (PID=29776) to work on /Users/namyoung/Desktop/myprj/airflow/airflow/lib/python3.7/site-packages/airflow/example_dags/example_branch_operator.py
[2023-10-16 11:32:31,687] {processor.py:642} INFO - Processing file /Users/namyoung/Desktop/myprj/airflow/airflow/lib/python3.7/site-packages/airflow/example_dags/example_branch_operator.py for tasks to queue
[2023-10-16 11:32:31,688] {logging_mixin.py:109} INFO - [2023-10-16 11:32:31,688] {dagbag.py:500} INFO - Filling up the DagBag from /Users/namyoung/Desktop/myprj/airflow/airflow/lib/python3.7/site-packages/airflow/example_dags/example_branch_operator.py
[2023-10-16 11:32:31,715] {processor.py:654} INFO - DAG(s) dict_keys(['example_branch_operator']) retrieved from /Users/namyoung/Desktop/myprj/airflow/airflow/lib/python3.7/site-packages/airflow/example_dags/example_branch_operator.py
[2023-10-16 11:32:31,724] {logging_mixin.py:109} INFO - [2023-10-16 11:32:31,724] {dag.py:2396} INFO - Sync 1 DAGs
[2023-10-16 11:32:31,732] {logging_mixin.py:109} INFO - [2023-10-16 11:32:31,732] {dag.py:2935} INFO - Setting next_dagrun for example_branch_operator to 2023-10-15 00:00:00+00:00
[2023-10-16 11:32:31,737] {processor.py:171} INFO - Processing /Users/namyoung/Desktop/myprj/airflow/airflow/lib/python3.7/site-packages/airflow/example_dags/example_branch_operator.py took 0.058 seconds
[2023-10-16 13:14:08,260] {processor.py:163} INFO - Started process (PID=29910) to work on /Users/namyoung/Desktop/myprj/airflow/airflow/lib/python3.7/site-packages/airflow/example_dags/example_branch_operator.py
[2023-10-16 13:14:08,261] {processor.py:642} INFO - Processing file /Users/namyoung/Desktop/myprj/airflow/airflow/lib/python3.7/site-packages/airflow/example_dags/example_branch_operator.py for tasks to queue
[2023-10-16 13:14:08,262] {logging_mixin.py:109} INFO - [2023-10-16 13:14:08,261] {dagbag.py:500} INFO - Filling up the DagBag from /Users/namyoung/Desktop/myprj/airflow/airflow/lib/python3.7/site-packages/airflow/example_dags/example_branch_operator.py
[2023-10-16 13:14:08,276] {processor.py:654} INFO - DAG(s) dict_keys(['example_branch_operator']) retrieved from /Users/namyoung/Desktop/myprj/airflow/airflow/lib/python3.7/site-packages/airflow/example_dags/example_branch_operator.py
[2023-10-16 13:14:08,283] {logging_mixin.py:109} INFO - [2023-10-16 13:14:08,282] {dag.py:2396} INFO - Sync 1 DAGs
[2023-10-16 13:14:08,291] {logging_mixin.py:109} INFO - [2023-10-16 13:14:08,290] {dag.py:2935} INFO - Setting next_dagrun for example_branch_operator to 2023-10-15 00:00:00+00:00
[2023-10-16 13:14:08,298] {processor.py:171} INFO - Processing /Users/namyoung/Desktop/myprj/airflow/airflow/lib/python3.7/site-packages/airflow/example_dags/example_branch_operator.py took 0.040 seconds
[2023-10-16 14:56:37,191] {processor.py:163} INFO - Started process (PID=30182) to work on /Users/namyoung/Desktop/myprj/airflow/airflow/lib/python3.7/site-packages/airflow/example_dags/example_branch_operator.py
[2023-10-16 14:56:37,192] {processor.py:642} INFO - Processing file /Users/namyoung/Desktop/myprj/airflow/airflow/lib/python3.7/site-packages/airflow/example_dags/example_branch_operator.py for tasks to queue
[2023-10-16 14:56:37,192] {logging_mixin.py:109} INFO - [2023-10-16 14:56:37,192] {dagbag.py:500} INFO - Filling up the DagBag from /Users/namyoung/Desktop/myprj/airflow/airflow/lib/python3.7/site-packages/airflow/example_dags/example_branch_operator.py
[2023-10-16 14:56:37,206] {processor.py:654} INFO - DAG(s) dict_keys(['example_branch_operator']) retrieved from /Users/namyoung/Desktop/myprj/airflow/airflow/lib/python3.7/site-packages/airflow/example_dags/example_branch_operator.py
[2023-10-16 14:56:37,212] {logging_mixin.py:109} INFO - [2023-10-16 14:56:37,212] {dag.py:2396} INFO - Sync 1 DAGs
[2023-10-16 14:56:37,220] {logging_mixin.py:109} INFO - [2023-10-16 14:56:37,220] {dag.py:2935} INFO - Setting next_dagrun for example_branch_operator to 2023-10-15 00:00:00+00:00
[2023-10-16 14:56:37,226] {processor.py:171} INFO - Processing /Users/namyoung/Desktop/myprj/airflow/airflow/lib/python3.7/site-packages/airflow/example_dags/example_branch_operator.py took 0.037 seconds
[2023-10-16 16:37:25,288] {processor.py:163} INFO - Started process (PID=30328) to work on /Users/namyoung/Desktop/myprj/airflow/airflow/lib/python3.7/site-packages/airflow/example_dags/example_branch_operator.py
[2023-10-16 16:37:25,289] {processor.py:642} INFO - Processing file /Users/namyoung/Desktop/myprj/airflow/airflow/lib/python3.7/site-packages/airflow/example_dags/example_branch_operator.py for tasks to queue
[2023-10-16 16:37:25,290] {logging_mixin.py:109} INFO - [2023-10-16 16:37:25,289] {dagbag.py:500} INFO - Filling up the DagBag from /Users/namyoung/Desktop/myprj/airflow/airflow/lib/python3.7/site-packages/airflow/example_dags/example_branch_operator.py
[2023-10-16 16:37:25,304] {processor.py:654} INFO - DAG(s) dict_keys(['example_branch_operator']) retrieved from /Users/namyoung/Desktop/myprj/airflow/airflow/lib/python3.7/site-packages/airflow/example_dags/example_branch_operator.py
[2023-10-16 16:37:25,311] {logging_mixin.py:109} INFO - [2023-10-16 16:37:25,311] {dag.py:2396} INFO - Sync 1 DAGs
[2023-10-16 16:37:25,319] {logging_mixin.py:109} INFO - [2023-10-16 16:37:25,319] {dag.py:2935} INFO - Setting next_dagrun for example_branch_operator to 2023-10-15 00:00:00+00:00
[2023-10-16 16:37:25,324] {processor.py:171} INFO - Processing /Users/namyoung/Desktop/myprj/airflow/airflow/lib/python3.7/site-packages/airflow/example_dags/example_branch_operator.py took 0.038 seconds
[2023-10-16 17:47:02,819] {processor.py:163} INFO - Started process (PID=30576) to work on /Users/namyoung/Desktop/myprj/airflow/airflow/lib/python3.7/site-packages/airflow/example_dags/example_branch_operator.py
[2023-10-16 17:47:02,821] {processor.py:642} INFO - Processing file /Users/namyoung/Desktop/myprj/airflow/airflow/lib/python3.7/site-packages/airflow/example_dags/example_branch_operator.py for tasks to queue
[2023-10-16 17:47:02,822] {logging_mixin.py:109} INFO - [2023-10-16 17:47:02,822] {dagbag.py:500} INFO - Filling up the DagBag from /Users/namyoung/Desktop/myprj/airflow/airflow/lib/python3.7/site-packages/airflow/example_dags/example_branch_operator.py
[2023-10-16 17:47:02,849] {processor.py:654} INFO - DAG(s) dict_keys(['example_branch_operator']) retrieved from /Users/namyoung/Desktop/myprj/airflow/airflow/lib/python3.7/site-packages/airflow/example_dags/example_branch_operator.py
[2023-10-16 17:47:02,857] {logging_mixin.py:109} INFO - [2023-10-16 17:47:02,857] {dag.py:2396} INFO - Sync 1 DAGs
[2023-10-16 17:47:02,866] {logging_mixin.py:109} INFO - [2023-10-16 17:47:02,865] {dag.py:2935} INFO - Setting next_dagrun for example_branch_operator to 2023-10-15 00:00:00+00:00
[2023-10-16 17:47:02,872] {processor.py:171} INFO - Processing /Users/namyoung/Desktop/myprj/airflow/airflow/lib/python3.7/site-packages/airflow/example_dags/example_branch_operator.py took 0.057 seconds
[2023-10-16 19:44:41,894] {processor.py:163} INFO - Started process (PID=30716) to work on /Users/namyoung/Desktop/myprj/airflow/airflow/lib/python3.7/site-packages/airflow/example_dags/example_branch_operator.py
[2023-10-16 19:44:41,896] {processor.py:642} INFO - Processing file /Users/namyoung/Desktop/myprj/airflow/airflow/lib/python3.7/site-packages/airflow/example_dags/example_branch_operator.py for tasks to queue
[2023-10-16 19:44:41,896] {logging_mixin.py:109} INFO - [2023-10-16 19:44:41,896] {dagbag.py:500} INFO - Filling up the DagBag from /Users/namyoung/Desktop/myprj/airflow/airflow/lib/python3.7/site-packages/airflow/example_dags/example_branch_operator.py
[2023-10-16 19:44:41,920] {processor.py:654} INFO - DAG(s) dict_keys(['example_branch_operator']) retrieved from /Users/namyoung/Desktop/myprj/airflow/airflow/lib/python3.7/site-packages/airflow/example_dags/example_branch_operator.py
[2023-10-16 19:44:41,931] {logging_mixin.py:109} INFO - [2023-10-16 19:44:41,930] {dag.py:2396} INFO - Sync 1 DAGs
[2023-10-16 19:44:41,943] {logging_mixin.py:109} INFO - [2023-10-16 19:44:41,942] {dag.py:2935} INFO - Setting next_dagrun for example_branch_operator to 2023-10-15 00:00:00+00:00
[2023-10-16 19:44:41,954] {processor.py:171} INFO - Processing /Users/namyoung/Desktop/myprj/airflow/airflow/lib/python3.7/site-packages/airflow/example_dags/example_branch_operator.py took 0.065 seconds
[2023-10-16 22:44:55,174] {processor.py:163} INFO - Started process (PID=31116) to work on /Users/namyoung/Desktop/myprj/airflow/airflow/lib/python3.7/site-packages/airflow/example_dags/example_branch_operator.py
[2023-10-16 22:44:55,174] {processor.py:642} INFO - Processing file /Users/namyoung/Desktop/myprj/airflow/airflow/lib/python3.7/site-packages/airflow/example_dags/example_branch_operator.py for tasks to queue
[2023-10-16 22:44:55,175] {logging_mixin.py:109} INFO - [2023-10-16 22:44:55,175] {dagbag.py:500} INFO - Filling up the DagBag from /Users/namyoung/Desktop/myprj/airflow/airflow/lib/python3.7/site-packages/airflow/example_dags/example_branch_operator.py
[2023-10-16 22:44:55,190] {processor.py:654} INFO - DAG(s) dict_keys(['example_branch_operator']) retrieved from /Users/namyoung/Desktop/myprj/airflow/airflow/lib/python3.7/site-packages/airflow/example_dags/example_branch_operator.py
[2023-10-16 22:44:55,197] {logging_mixin.py:109} INFO - [2023-10-16 22:44:55,197] {dag.py:2396} INFO - Sync 1 DAGs
[2023-10-16 22:44:55,205] {logging_mixin.py:109} INFO - [2023-10-16 22:44:55,205] {dag.py:2935} INFO - Setting next_dagrun for example_branch_operator to 2023-10-15 00:00:00+00:00
[2023-10-16 22:44:55,212] {processor.py:171} INFO - Processing /Users/namyoung/Desktop/myprj/airflow/airflow/lib/python3.7/site-packages/airflow/example_dags/example_branch_operator.py took 0.041 seconds
[2023-10-17 01:47:25,409] {processor.py:163} INFO - Started process (PID=31502) to work on /Users/namyoung/Desktop/myprj/airflow/airflow/lib/python3.7/site-packages/airflow/example_dags/example_branch_operator.py
[2023-10-17 01:47:25,411] {processor.py:642} INFO - Processing file /Users/namyoung/Desktop/myprj/airflow/airflow/lib/python3.7/site-packages/airflow/example_dags/example_branch_operator.py for tasks to queue
[2023-10-17 01:47:25,412] {logging_mixin.py:109} INFO - [2023-10-17 01:47:25,412] {dagbag.py:500} INFO - Filling up the DagBag from /Users/namyoung/Desktop/myprj/airflow/airflow/lib/python3.7/site-packages/airflow/example_dags/example_branch_operator.py
[2023-10-17 01:47:25,442] {processor.py:654} INFO - DAG(s) dict_keys(['example_branch_operator']) retrieved from /Users/namyoung/Desktop/myprj/airflow/airflow/lib/python3.7/site-packages/airflow/example_dags/example_branch_operator.py
[2023-10-17 01:47:25,451] {logging_mixin.py:109} INFO - [2023-10-17 01:47:25,451] {dag.py:2396} INFO - Sync 1 DAGs
[2023-10-17 01:47:25,460] {logging_mixin.py:109} INFO - [2023-10-17 01:47:25,460] {dag.py:2935} INFO - Setting next_dagrun for example_branch_operator to 2023-10-15 00:00:00+00:00
[2023-10-17 01:47:25,465] {processor.py:171} INFO - Processing /Users/namyoung/Desktop/myprj/airflow/airflow/lib/python3.7/site-packages/airflow/example_dags/example_branch_operator.py took 0.062 seconds
[2023-10-17 03:21:49,320] {processor.py:163} INFO - Started process (PID=31765) to work on /Users/namyoung/Desktop/myprj/airflow/airflow/lib/python3.7/site-packages/airflow/example_dags/example_branch_operator.py
[2023-10-17 03:21:49,321] {processor.py:642} INFO - Processing file /Users/namyoung/Desktop/myprj/airflow/airflow/lib/python3.7/site-packages/airflow/example_dags/example_branch_operator.py for tasks to queue
[2023-10-17 03:21:49,323] {logging_mixin.py:109} INFO - [2023-10-17 03:21:49,322] {dagbag.py:500} INFO - Filling up the DagBag from /Users/namyoung/Desktop/myprj/airflow/airflow/lib/python3.7/site-packages/airflow/example_dags/example_branch_operator.py
[2023-10-17 03:21:49,354] {processor.py:654} INFO - DAG(s) dict_keys(['example_branch_operator']) retrieved from /Users/namyoung/Desktop/myprj/airflow/airflow/lib/python3.7/site-packages/airflow/example_dags/example_branch_operator.py
[2023-10-17 03:21:49,364] {logging_mixin.py:109} INFO - [2023-10-17 03:21:49,363] {dag.py:2396} INFO - Sync 1 DAGs
[2023-10-17 03:21:49,372] {logging_mixin.py:109} INFO - [2023-10-17 03:21:49,372] {dag.py:2935} INFO - Setting next_dagrun for example_branch_operator to 2023-10-15 00:00:00+00:00
[2023-10-17 03:21:49,377] {processor.py:171} INFO - Processing /Users/namyoung/Desktop/myprj/airflow/airflow/lib/python3.7/site-packages/airflow/example_dags/example_branch_operator.py took 0.064 seconds
[2023-10-17 04:56:41,838] {processor.py:163} INFO - Started process (PID=31912) to work on /Users/namyoung/Desktop/myprj/airflow/airflow/lib/python3.7/site-packages/airflow/example_dags/example_branch_operator.py
[2023-10-17 04:56:41,840] {processor.py:642} INFO - Processing file /Users/namyoung/Desktop/myprj/airflow/airflow/lib/python3.7/site-packages/airflow/example_dags/example_branch_operator.py for tasks to queue
[2023-10-17 04:56:41,841] {logging_mixin.py:109} INFO - [2023-10-17 04:56:41,841] {dagbag.py:500} INFO - Filling up the DagBag from /Users/namyoung/Desktop/myprj/airflow/airflow/lib/python3.7/site-packages/airflow/example_dags/example_branch_operator.py
[2023-10-17 04:56:41,869] {processor.py:654} INFO - DAG(s) dict_keys(['example_branch_operator']) retrieved from /Users/namyoung/Desktop/myprj/airflow/airflow/lib/python3.7/site-packages/airflow/example_dags/example_branch_operator.py
[2023-10-17 04:56:41,877] {logging_mixin.py:109} INFO - [2023-10-17 04:56:41,877] {dag.py:2396} INFO - Sync 1 DAGs
[2023-10-17 04:56:41,886] {logging_mixin.py:109} INFO - [2023-10-17 04:56:41,886] {dag.py:2935} INFO - Setting next_dagrun for example_branch_operator to 2023-10-15 00:00:00+00:00
[2023-10-17 04:56:41,892] {processor.py:171} INFO - Processing /Users/namyoung/Desktop/myprj/airflow/airflow/lib/python3.7/site-packages/airflow/example_dags/example_branch_operator.py took 0.059 seconds
[2023-10-17 06:50:55,358] {processor.py:163} INFO - Started process (PID=32190) to work on /Users/namyoung/Desktop/myprj/airflow/airflow/lib/python3.7/site-packages/airflow/example_dags/example_branch_operator.py
[2023-10-17 06:50:55,359] {processor.py:642} INFO - Processing file /Users/namyoung/Desktop/myprj/airflow/airflow/lib/python3.7/site-packages/airflow/example_dags/example_branch_operator.py for tasks to queue
[2023-10-17 06:50:55,360] {logging_mixin.py:109} INFO - [2023-10-17 06:50:55,360] {dagbag.py:500} INFO - Filling up the DagBag from /Users/namyoung/Desktop/myprj/airflow/airflow/lib/python3.7/site-packages/airflow/example_dags/example_branch_operator.py
[2023-10-17 06:50:55,375] {processor.py:654} INFO - DAG(s) dict_keys(['example_branch_operator']) retrieved from /Users/namyoung/Desktop/myprj/airflow/airflow/lib/python3.7/site-packages/airflow/example_dags/example_branch_operator.py
[2023-10-17 06:50:55,382] {logging_mixin.py:109} INFO - [2023-10-17 06:50:55,382] {dag.py:2396} INFO - Sync 1 DAGs
[2023-10-17 06:50:55,390] {logging_mixin.py:109} INFO - [2023-10-17 06:50:55,390] {dag.py:2935} INFO - Setting next_dagrun for example_branch_operator to 2023-10-15 00:00:00+00:00
[2023-10-17 06:50:55,395] {processor.py:171} INFO - Processing /Users/namyoung/Desktop/myprj/airflow/airflow/lib/python3.7/site-packages/airflow/example_dags/example_branch_operator.py took 0.039 seconds
