[2023-10-16 10:41:19,979] {processor.py:163} INFO - Started process (PID=29578) to work on /Users/namyoung/Desktop/myprj/airflow/airflow/lib/python3.7/site-packages/airflow/example_dags/example_task_group_decorator.py
[2023-10-16 10:41:19,980] {processor.py:642} INFO - Processing file /Users/namyoung/Desktop/myprj/airflow/airflow/lib/python3.7/site-packages/airflow/example_dags/example_task_group_decorator.py for tasks to queue
[2023-10-16 10:41:19,982] {logging_mixin.py:109} INFO - [2023-10-16 10:41:19,981] {dagbag.py:500} INFO - Filling up the DagBag from /Users/namyoung/Desktop/myprj/airflow/airflow/lib/python3.7/site-packages/airflow/example_dags/example_task_group_decorator.py
[2023-10-16 10:41:20,013] {processor.py:654} INFO - DAG(s) dict_keys(['example_task_group_decorator']) retrieved from /Users/namyoung/Desktop/myprj/airflow/airflow/lib/python3.7/site-packages/airflow/example_dags/example_task_group_decorator.py
[2023-10-16 10:41:20,169] {logging_mixin.py:109} INFO - [2023-10-16 10:41:20,169] {dag.py:2396} INFO - Sync 1 DAGs
[2023-10-16 10:41:20,174] {logging_mixin.py:109} INFO - [2023-10-16 10:41:20,174] {dag.py:2935} INFO - Setting next_dagrun for example_task_group_decorator to 2023-10-15T01:41:20.174631+00:00
[2023-10-16 10:41:20,180] {processor.py:171} INFO - Processing /Users/namyoung/Desktop/myprj/airflow/airflow/lib/python3.7/site-packages/airflow/example_dags/example_task_group_decorator.py took 0.207 seconds
[2023-10-16 12:23:45,765] {processor.py:163} INFO - Started process (PID=29842) to work on /Users/namyoung/Desktop/myprj/airflow/airflow/lib/python3.7/site-packages/airflow/example_dags/example_task_group_decorator.py
[2023-10-16 12:23:45,766] {processor.py:642} INFO - Processing file /Users/namyoung/Desktop/myprj/airflow/airflow/lib/python3.7/site-packages/airflow/example_dags/example_task_group_decorator.py for tasks to queue
[2023-10-16 12:23:45,767] {logging_mixin.py:109} INFO - [2023-10-16 12:23:45,767] {dagbag.py:500} INFO - Filling up the DagBag from /Users/namyoung/Desktop/myprj/airflow/airflow/lib/python3.7/site-packages/airflow/example_dags/example_task_group_decorator.py
[2023-10-16 12:23:45,786] {processor.py:654} INFO - DAG(s) dict_keys(['example_task_group_decorator']) retrieved from /Users/namyoung/Desktop/myprj/airflow/airflow/lib/python3.7/site-packages/airflow/example_dags/example_task_group_decorator.py
[2023-10-16 12:23:45,916] {logging_mixin.py:109} INFO - [2023-10-16 12:23:45,916] {dag.py:2396} INFO - Sync 1 DAGs
[2023-10-16 12:23:45,923] {logging_mixin.py:109} INFO - [2023-10-16 12:23:45,923] {dag.py:2935} INFO - Setting next_dagrun for example_task_group_decorator to 2023-10-15T03:23:45.922893+00:00
[2023-10-16 12:23:45,930] {processor.py:171} INFO - Processing /Users/namyoung/Desktop/myprj/airflow/airflow/lib/python3.7/site-packages/airflow/example_dags/example_task_group_decorator.py took 0.166 seconds
[2023-10-16 14:05:48,638] {processor.py:163} INFO - Started process (PID=29977) to work on /Users/namyoung/Desktop/myprj/airflow/airflow/lib/python3.7/site-packages/airflow/example_dags/example_task_group_decorator.py
[2023-10-16 14:05:48,639] {processor.py:642} INFO - Processing file /Users/namyoung/Desktop/myprj/airflow/airflow/lib/python3.7/site-packages/airflow/example_dags/example_task_group_decorator.py for tasks to queue
[2023-10-16 14:05:48,640] {logging_mixin.py:109} INFO - [2023-10-16 14:05:48,639] {dagbag.py:500} INFO - Filling up the DagBag from /Users/namyoung/Desktop/myprj/airflow/airflow/lib/python3.7/site-packages/airflow/example_dags/example_task_group_decorator.py
[2023-10-16 14:05:48,660] {processor.py:654} INFO - DAG(s) dict_keys(['example_task_group_decorator']) retrieved from /Users/namyoung/Desktop/myprj/airflow/airflow/lib/python3.7/site-packages/airflow/example_dags/example_task_group_decorator.py
[2023-10-16 14:05:48,799] {logging_mixin.py:109} INFO - [2023-10-16 14:05:48,799] {dag.py:2396} INFO - Sync 1 DAGs
[2023-10-16 14:05:48,806] {logging_mixin.py:109} INFO - [2023-10-16 14:05:48,805] {dag.py:2935} INFO - Setting next_dagrun for example_task_group_decorator to 2023-10-15T05:05:48.805774+00:00
[2023-10-16 14:05:48,812] {processor.py:171} INFO - Processing /Users/namyoung/Desktop/myprj/airflow/airflow/lib/python3.7/site-packages/airflow/example_dags/example_task_group_decorator.py took 0.176 seconds
[2023-10-16 15:46:48,626] {processor.py:163} INFO - Started process (PID=30256) to work on /Users/namyoung/Desktop/myprj/airflow/airflow/lib/python3.7/site-packages/airflow/example_dags/example_task_group_decorator.py
[2023-10-16 15:46:48,627] {processor.py:642} INFO - Processing file /Users/namyoung/Desktop/myprj/airflow/airflow/lib/python3.7/site-packages/airflow/example_dags/example_task_group_decorator.py for tasks to queue
[2023-10-16 15:46:48,627] {logging_mixin.py:109} INFO - [2023-10-16 15:46:48,627] {dagbag.py:500} INFO - Filling up the DagBag from /Users/namyoung/Desktop/myprj/airflow/airflow/lib/python3.7/site-packages/airflow/example_dags/example_task_group_decorator.py
[2023-10-16 15:46:48,647] {processor.py:654} INFO - DAG(s) dict_keys(['example_task_group_decorator']) retrieved from /Users/namyoung/Desktop/myprj/airflow/airflow/lib/python3.7/site-packages/airflow/example_dags/example_task_group_decorator.py
[2023-10-16 15:46:48,779] {logging_mixin.py:109} INFO - [2023-10-16 15:46:48,779] {dag.py:2396} INFO - Sync 1 DAGs
[2023-10-16 15:46:48,819] {logging_mixin.py:109} INFO - [2023-10-16 15:46:48,819] {dag.py:2935} INFO - Setting next_dagrun for example_task_group_decorator to 2023-10-15T06:46:48.819287+00:00
[2023-10-16 15:46:48,825] {processor.py:171} INFO - Processing /Users/namyoung/Desktop/myprj/airflow/airflow/lib/python3.7/site-packages/airflow/example_dags/example_task_group_decorator.py took 0.201 seconds
[2023-10-16 17:28:03,339] {processor.py:163} INFO - Started process (PID=30517) to work on /Users/namyoung/Desktop/myprj/airflow/airflow/lib/python3.7/site-packages/airflow/example_dags/example_task_group_decorator.py
[2023-10-16 17:28:03,339] {processor.py:642} INFO - Processing file /Users/namyoung/Desktop/myprj/airflow/airflow/lib/python3.7/site-packages/airflow/example_dags/example_task_group_decorator.py for tasks to queue
[2023-10-16 17:28:03,340] {logging_mixin.py:109} INFO - [2023-10-16 17:28:03,340] {dagbag.py:500} INFO - Filling up the DagBag from /Users/namyoung/Desktop/myprj/airflow/airflow/lib/python3.7/site-packages/airflow/example_dags/example_task_group_decorator.py
[2023-10-16 17:28:03,358] {processor.py:654} INFO - DAG(s) dict_keys(['example_task_group_decorator']) retrieved from /Users/namyoung/Desktop/myprj/airflow/airflow/lib/python3.7/site-packages/airflow/example_dags/example_task_group_decorator.py
[2023-10-16 17:28:03,522] {logging_mixin.py:109} INFO - [2023-10-16 17:28:03,522] {dag.py:2396} INFO - Sync 1 DAGs
[2023-10-16 17:28:03,528] {logging_mixin.py:109} INFO - [2023-10-16 17:28:03,528] {dag.py:2935} INFO - Setting next_dagrun for example_task_group_decorator to 2023-10-15T08:28:03.528371+00:00
[2023-10-16 17:28:03,534] {processor.py:171} INFO - Processing /Users/namyoung/Desktop/myprj/airflow/airflow/lib/python3.7/site-packages/airflow/example_dags/example_task_group_decorator.py took 0.197 seconds
[2023-10-16 18:36:26,023] {processor.py:163} INFO - Started process (PID=30645) to work on /Users/namyoung/Desktop/myprj/airflow/airflow/lib/python3.7/site-packages/airflow/example_dags/example_task_group_decorator.py
[2023-10-16 18:36:26,024] {processor.py:642} INFO - Processing file /Users/namyoung/Desktop/myprj/airflow/airflow/lib/python3.7/site-packages/airflow/example_dags/example_task_group_decorator.py for tasks to queue
[2023-10-16 18:36:26,025] {logging_mixin.py:109} INFO - [2023-10-16 18:36:26,025] {dagbag.py:500} INFO - Filling up the DagBag from /Users/namyoung/Desktop/myprj/airflow/airflow/lib/python3.7/site-packages/airflow/example_dags/example_task_group_decorator.py
[2023-10-16 18:52:02,905] {processor.py:654} INFO - DAG(s) dict_keys(['example_task_group_decorator']) retrieved from /Users/namyoung/Desktop/myprj/airflow/airflow/lib/python3.7/site-packages/airflow/example_dags/example_task_group_decorator.py
[2023-10-16 18:52:03,092] {logging_mixin.py:109} INFO - [2023-10-16 18:52:03,092] {dag.py:2396} INFO - Sync 1 DAGs
[2023-10-16 18:52:03,099] {logging_mixin.py:109} INFO - [2023-10-16 18:52:03,099] {dag.py:2935} INFO - Setting next_dagrun for example_task_group_decorator to 2023-10-15T09:52:03.099525+00:00
[2023-10-16 18:52:03,105] {processor.py:171} INFO - Processing /Users/namyoung/Desktop/myprj/airflow/airflow/lib/python3.7/site-packages/airflow/example_dags/example_task_group_decorator.py took 0.436 seconds
[2023-10-16 20:18:08,376] {processor.py:163} INFO - Started process (PID=30898) to work on /Users/namyoung/Desktop/myprj/airflow/airflow/lib/python3.7/site-packages/airflow/example_dags/example_task_group_decorator.py
[2023-10-16 20:18:08,378] {processor.py:642} INFO - Processing file /Users/namyoung/Desktop/myprj/airflow/airflow/lib/python3.7/site-packages/airflow/example_dags/example_task_group_decorator.py for tasks to queue
[2023-10-16 20:18:08,379] {logging_mixin.py:109} INFO - [2023-10-16 20:18:08,379] {dagbag.py:500} INFO - Filling up the DagBag from /Users/namyoung/Desktop/myprj/airflow/airflow/lib/python3.7/site-packages/airflow/example_dags/example_task_group_decorator.py
[2023-10-16 20:18:08,398] {processor.py:654} INFO - DAG(s) dict_keys(['example_task_group_decorator']) retrieved from /Users/namyoung/Desktop/myprj/airflow/airflow/lib/python3.7/site-packages/airflow/example_dags/example_task_group_decorator.py
[2023-10-16 20:18:08,529] {logging_mixin.py:109} INFO - [2023-10-16 20:18:08,529] {dag.py:2396} INFO - Sync 1 DAGs
[2023-10-16 20:18:08,535] {logging_mixin.py:109} INFO - [2023-10-16 20:18:08,535] {dag.py:2935} INFO - Setting next_dagrun for example_task_group_decorator to 2023-10-15T11:18:08.535504+00:00
[2023-10-16 20:18:08,542] {processor.py:171} INFO - Processing /Users/namyoung/Desktop/myprj/airflow/airflow/lib/python3.7/site-packages/airflow/example_dags/example_task_group_decorator.py took 0.170 seconds
[2023-10-16 21:55:08,746] {processor.py:163} INFO - Started process (PID=31046) to work on /Users/namyoung/Desktop/myprj/airflow/airflow/lib/python3.7/site-packages/airflow/example_dags/example_task_group_decorator.py
[2023-10-16 21:55:08,748] {processor.py:642} INFO - Processing file /Users/namyoung/Desktop/myprj/airflow/airflow/lib/python3.7/site-packages/airflow/example_dags/example_task_group_decorator.py for tasks to queue
[2023-10-16 21:55:08,749] {logging_mixin.py:109} INFO - [2023-10-16 21:55:08,749] {dagbag.py:500} INFO - Filling up the DagBag from /Users/namyoung/Desktop/myprj/airflow/airflow/lib/python3.7/site-packages/airflow/example_dags/example_task_group_decorator.py
[2023-10-16 21:55:08,782] {processor.py:654} INFO - DAG(s) dict_keys(['example_task_group_decorator']) retrieved from /Users/namyoung/Desktop/myprj/airflow/airflow/lib/python3.7/site-packages/airflow/example_dags/example_task_group_decorator.py
[2023-10-16 21:55:08,913] {logging_mixin.py:109} INFO - [2023-10-16 21:55:08,913] {dag.py:2396} INFO - Sync 1 DAGs
[2023-10-16 21:55:08,952] {logging_mixin.py:109} INFO - [2023-10-16 21:55:08,952] {dag.py:2935} INFO - Setting next_dagrun for example_task_group_decorator to 2023-10-15T12:55:08.952524+00:00
[2023-10-16 21:55:08,958] {processor.py:171} INFO - Processing /Users/namyoung/Desktop/myprj/airflow/airflow/lib/python3.7/site-packages/airflow/example_dags/example_task_group_decorator.py took 0.218 seconds
[2023-10-16 23:35:44,340] {processor.py:163} INFO - Started process (PID=31194) to work on /Users/namyoung/Desktop/myprj/airflow/airflow/lib/python3.7/site-packages/airflow/example_dags/example_task_group_decorator.py
[2023-10-16 23:35:44,341] {processor.py:642} INFO - Processing file /Users/namyoung/Desktop/myprj/airflow/airflow/lib/python3.7/site-packages/airflow/example_dags/example_task_group_decorator.py for tasks to queue
[2023-10-16 23:35:44,342] {logging_mixin.py:109} INFO - [2023-10-16 23:35:44,342] {dagbag.py:500} INFO - Filling up the DagBag from /Users/namyoung/Desktop/myprj/airflow/airflow/lib/python3.7/site-packages/airflow/example_dags/example_task_group_decorator.py
[2023-10-16 23:35:44,385] {processor.py:654} INFO - DAG(s) dict_keys(['example_task_group_decorator']) retrieved from /Users/namyoung/Desktop/myprj/airflow/airflow/lib/python3.7/site-packages/airflow/example_dags/example_task_group_decorator.py
[2023-10-16 23:35:44,561] {logging_mixin.py:109} INFO - [2023-10-16 23:35:44,561] {dag.py:2396} INFO - Sync 1 DAGs
[2023-10-16 23:35:44,572] {logging_mixin.py:109} INFO - [2023-10-16 23:35:44,572] {dag.py:2935} INFO - Setting next_dagrun for example_task_group_decorator to 2023-10-15T14:35:44.572209+00:00
[2023-10-16 23:35:44,580] {processor.py:171} INFO - Processing /Users/namyoung/Desktop/myprj/airflow/airflow/lib/python3.7/site-packages/airflow/example_dags/example_task_group_decorator.py took 0.242 seconds
[2023-10-17 00:56:37,965] {processor.py:163} INFO - Started process (PID=31431) to work on /Users/namyoung/Desktop/myprj/airflow/airflow/lib/python3.7/site-packages/airflow/example_dags/example_task_group_decorator.py
[2023-10-17 00:56:37,967] {processor.py:642} INFO - Processing file /Users/namyoung/Desktop/myprj/airflow/airflow/lib/python3.7/site-packages/airflow/example_dags/example_task_group_decorator.py for tasks to queue
[2023-10-17 00:56:37,968] {logging_mixin.py:109} INFO - [2023-10-17 00:56:37,968] {dagbag.py:500} INFO - Filling up the DagBag from /Users/namyoung/Desktop/myprj/airflow/airflow/lib/python3.7/site-packages/airflow/example_dags/example_task_group_decorator.py
[2023-10-17 00:56:37,998] {processor.py:654} INFO - DAG(s) dict_keys(['example_task_group_decorator']) retrieved from /Users/namyoung/Desktop/myprj/airflow/airflow/lib/python3.7/site-packages/airflow/example_dags/example_task_group_decorator.py
[2023-10-17 00:56:38,127] {logging_mixin.py:109} INFO - [2023-10-17 00:56:38,127] {dag.py:2396} INFO - Sync 1 DAGs
[2023-10-17 00:56:38,134] {logging_mixin.py:109} INFO - [2023-10-17 00:56:38,133] {dag.py:2935} INFO - Setting next_dagrun for example_task_group_decorator to 2023-10-15T15:56:38.133654+00:00
[2023-10-17 00:56:38,140] {processor.py:171} INFO - Processing /Users/namyoung/Desktop/myprj/airflow/airflow/lib/python3.7/site-packages/airflow/example_dags/example_task_group_decorator.py took 0.178 seconds
[2023-10-17 02:35:55,522] {processor.py:163} INFO - Started process (PID=31656) to work on /Users/namyoung/Desktop/myprj/airflow/airflow/lib/python3.7/site-packages/airflow/example_dags/example_task_group_decorator.py
[2023-10-17 02:35:55,524] {processor.py:642} INFO - Processing file /Users/namyoung/Desktop/myprj/airflow/airflow/lib/python3.7/site-packages/airflow/example_dags/example_task_group_decorator.py for tasks to queue
[2023-10-17 02:35:55,525] {logging_mixin.py:109} INFO - [2023-10-17 02:35:55,525] {dagbag.py:500} INFO - Filling up the DagBag from /Users/namyoung/Desktop/myprj/airflow/airflow/lib/python3.7/site-packages/airflow/example_dags/example_task_group_decorator.py
[2023-10-17 02:35:55,560] {processor.py:654} INFO - DAG(s) dict_keys(['example_task_group_decorator']) retrieved from /Users/namyoung/Desktop/myprj/airflow/airflow/lib/python3.7/site-packages/airflow/example_dags/example_task_group_decorator.py
[2023-10-17 02:35:55,702] {logging_mixin.py:109} INFO - [2023-10-17 02:35:55,702] {dag.py:2396} INFO - Sync 1 DAGs
[2023-10-17 02:35:55,709] {logging_mixin.py:109} INFO - [2023-10-17 02:35:55,709] {dag.py:2935} INFO - Setting next_dagrun for example_task_group_decorator to 2023-10-15T17:35:55.709111+00:00
[2023-10-17 02:35:55,716] {processor.py:171} INFO - Processing /Users/namyoung/Desktop/myprj/airflow/airflow/lib/python3.7/site-packages/airflow/example_dags/example_task_group_decorator.py took 0.199 seconds
[2023-10-17 04:08:43,912] {processor.py:163} INFO - Started process (PID=31841) to work on /Users/namyoung/Desktop/myprj/airflow/airflow/lib/python3.7/site-packages/airflow/example_dags/example_task_group_decorator.py
[2023-10-17 04:08:43,912] {processor.py:642} INFO - Processing file /Users/namyoung/Desktop/myprj/airflow/airflow/lib/python3.7/site-packages/airflow/example_dags/example_task_group_decorator.py for tasks to queue
[2023-10-17 04:08:43,913] {logging_mixin.py:109} INFO - [2023-10-17 04:08:43,913] {dagbag.py:500} INFO - Filling up the DagBag from /Users/namyoung/Desktop/myprj/airflow/airflow/lib/python3.7/site-packages/airflow/example_dags/example_task_group_decorator.py
[2023-10-17 04:08:43,932] {processor.py:654} INFO - DAG(s) dict_keys(['example_task_group_decorator']) retrieved from /Users/namyoung/Desktop/myprj/airflow/airflow/lib/python3.7/site-packages/airflow/example_dags/example_task_group_decorator.py
[2023-10-17 04:08:44,066] {logging_mixin.py:109} INFO - [2023-10-17 04:08:44,066] {dag.py:2396} INFO - Sync 1 DAGs
[2023-10-17 04:08:44,074] {logging_mixin.py:109} INFO - [2023-10-17 04:08:44,074] {dag.py:2935} INFO - Setting next_dagrun for example_task_group_decorator to 2023-10-15T19:08:44.074085+00:00
[2023-10-17 04:08:44,115] {processor.py:171} INFO - Processing /Users/namyoung/Desktop/myprj/airflow/airflow/lib/python3.7/site-packages/airflow/example_dags/example_task_group_decorator.py took 0.205 seconds
[2023-10-17 06:01:15,912] {processor.py:163} INFO - Started process (PID=32119) to work on /Users/namyoung/Desktop/myprj/airflow/airflow/lib/python3.7/site-packages/airflow/example_dags/example_task_group_decorator.py
[2023-10-17 06:01:15,912] {processor.py:642} INFO - Processing file /Users/namyoung/Desktop/myprj/airflow/airflow/lib/python3.7/site-packages/airflow/example_dags/example_task_group_decorator.py for tasks to queue
[2023-10-17 06:01:15,913] {logging_mixin.py:109} INFO - [2023-10-17 06:01:15,913] {dagbag.py:500} INFO - Filling up the DagBag from /Users/namyoung/Desktop/myprj/airflow/airflow/lib/python3.7/site-packages/airflow/example_dags/example_task_group_decorator.py
[2023-10-17 06:01:15,931] {processor.py:654} INFO - DAG(s) dict_keys(['example_task_group_decorator']) retrieved from /Users/namyoung/Desktop/myprj/airflow/airflow/lib/python3.7/site-packages/airflow/example_dags/example_task_group_decorator.py
[2023-10-17 06:01:16,098] {logging_mixin.py:109} INFO - [2023-10-17 06:01:16,098] {dag.py:2396} INFO - Sync 1 DAGs
[2023-10-17 06:01:16,104] {logging_mixin.py:109} INFO - [2023-10-17 06:01:16,104] {dag.py:2935} INFO - Setting next_dagrun for example_task_group_decorator to 2023-10-15T21:01:16.103969+00:00
[2023-10-17 06:01:16,111] {processor.py:171} INFO - Processing /Users/namyoung/Desktop/myprj/airflow/airflow/lib/python3.7/site-packages/airflow/example_dags/example_task_group_decorator.py took 0.200 seconds
[2023-10-17 07:25:50,490] {processor.py:163} INFO - Started process (PID=32242) to work on /Users/namyoung/Desktop/myprj/airflow/airflow/lib/python3.7/site-packages/airflow/example_dags/example_task_group_decorator.py
[2023-10-17 07:25:50,492] {processor.py:642} INFO - Processing file /Users/namyoung/Desktop/myprj/airflow/airflow/lib/python3.7/site-packages/airflow/example_dags/example_task_group_decorator.py for tasks to queue
[2023-10-17 07:25:50,494] {logging_mixin.py:109} INFO - [2023-10-17 07:25:50,493] {dagbag.py:500} INFO - Filling up the DagBag from /Users/namyoung/Desktop/myprj/airflow/airflow/lib/python3.7/site-packages/airflow/example_dags/example_task_group_decorator.py
[2023-10-17 07:25:50,526] {processor.py:654} INFO - DAG(s) dict_keys(['example_task_group_decorator']) retrieved from /Users/namyoung/Desktop/myprj/airflow/airflow/lib/python3.7/site-packages/airflow/example_dags/example_task_group_decorator.py
[2023-10-17 07:25:50,696] {logging_mixin.py:109} INFO - [2023-10-17 07:25:50,695] {dag.py:2396} INFO - Sync 1 DAGs
[2023-10-17 07:25:50,702] {logging_mixin.py:109} INFO - [2023-10-17 07:25:50,702] {dag.py:2935} INFO - Setting next_dagrun for example_task_group_decorator to 2023-10-15T22:25:50.702163+00:00
[2023-10-17 07:25:50,709] {processor.py:171} INFO - Processing /Users/namyoung/Desktop/myprj/airflow/airflow/lib/python3.7/site-packages/airflow/example_dags/example_task_group_decorator.py took 0.224 seconds
