[2023-10-16 09:56:36,637] {processor.py:163} INFO - Started process (PID=29503) to work on /Users/namyoung/Desktop/myprj/airflow/airflow/lib/python3.7/site-packages/airflow/example_dags/example_branch_labels.py
[2023-10-16 09:56:36,639] {processor.py:642} INFO - Processing file /Users/namyoung/Desktop/myprj/airflow/airflow/lib/python3.7/site-packages/airflow/example_dags/example_branch_labels.py for tasks to queue
[2023-10-16 09:56:36,640] {logging_mixin.py:109} INFO - [2023-10-16 09:56:36,640] {dagbag.py:500} INFO - Filling up the DagBag from /Users/namyoung/Desktop/myprj/airflow/airflow/lib/python3.7/site-packages/airflow/example_dags/example_branch_labels.py
[2023-10-16 09:56:36,666] {processor.py:654} INFO - DAG(s) dict_keys(['example_branch_labels']) retrieved from /Users/namyoung/Desktop/myprj/airflow/airflow/lib/python3.7/site-packages/airflow/example_dags/example_branch_labels.py
[2023-10-16 09:56:36,674] {logging_mixin.py:109} INFO - [2023-10-16 09:56:36,674] {dag.py:2396} INFO - Sync 1 DAGs
[2023-10-16 09:56:36,683] {logging_mixin.py:109} INFO - [2023-10-16 09:56:36,683] {dag.py:2935} INFO - Setting next_dagrun for example_branch_labels to 2023-10-15 00:00:00+00:00
[2023-10-16 09:56:36,688] {processor.py:171} INFO - Processing /Users/namyoung/Desktop/myprj/airflow/airflow/lib/python3.7/site-packages/airflow/example_dags/example_branch_labels.py took 0.056 seconds
[2023-10-16 11:32:32,124] {processor.py:163} INFO - Started process (PID=29777) to work on /Users/namyoung/Desktop/myprj/airflow/airflow/lib/python3.7/site-packages/airflow/example_dags/example_branch_labels.py
[2023-10-16 11:32:32,126] {processor.py:642} INFO - Processing file /Users/namyoung/Desktop/myprj/airflow/airflow/lib/python3.7/site-packages/airflow/example_dags/example_branch_labels.py for tasks to queue
[2023-10-16 11:32:32,128] {logging_mixin.py:109} INFO - [2023-10-16 11:32:32,127] {dagbag.py:500} INFO - Filling up the DagBag from /Users/namyoung/Desktop/myprj/airflow/airflow/lib/python3.7/site-packages/airflow/example_dags/example_branch_labels.py
[2023-10-16 11:32:32,153] {processor.py:654} INFO - DAG(s) dict_keys(['example_branch_labels']) retrieved from /Users/namyoung/Desktop/myprj/airflow/airflow/lib/python3.7/site-packages/airflow/example_dags/example_branch_labels.py
[2023-10-16 11:32:32,162] {logging_mixin.py:109} INFO - [2023-10-16 11:32:32,161] {dag.py:2396} INFO - Sync 1 DAGs
[2023-10-16 11:32:32,171] {logging_mixin.py:109} INFO - [2023-10-16 11:32:32,170] {dag.py:2935} INFO - Setting next_dagrun for example_branch_labels to 2023-10-15 00:00:00+00:00
[2023-10-16 11:32:32,176] {processor.py:171} INFO - Processing /Users/namyoung/Desktop/myprj/airflow/airflow/lib/python3.7/site-packages/airflow/example_dags/example_branch_labels.py took 0.058 seconds
[2023-10-16 13:14:09,408] {processor.py:163} INFO - Started process (PID=29915) to work on /Users/namyoung/Desktop/myprj/airflow/airflow/lib/python3.7/site-packages/airflow/example_dags/example_branch_labels.py
[2023-10-16 13:14:09,409] {processor.py:642} INFO - Processing file /Users/namyoung/Desktop/myprj/airflow/airflow/lib/python3.7/site-packages/airflow/example_dags/example_branch_labels.py for tasks to queue
[2023-10-16 13:14:09,409] {logging_mixin.py:109} INFO - [2023-10-16 13:14:09,409] {dagbag.py:500} INFO - Filling up the DagBag from /Users/namyoung/Desktop/myprj/airflow/airflow/lib/python3.7/site-packages/airflow/example_dags/example_branch_labels.py
[2023-10-16 13:14:09,423] {processor.py:654} INFO - DAG(s) dict_keys(['example_branch_labels']) retrieved from /Users/namyoung/Desktop/myprj/airflow/airflow/lib/python3.7/site-packages/airflow/example_dags/example_branch_labels.py
[2023-10-16 13:14:09,428] {logging_mixin.py:109} INFO - [2023-10-16 13:14:09,428] {dag.py:2396} INFO - Sync 1 DAGs
[2023-10-16 13:14:09,436] {logging_mixin.py:109} INFO - [2023-10-16 13:14:09,436] {dag.py:2935} INFO - Setting next_dagrun for example_branch_labels to 2023-10-15 00:00:00+00:00
[2023-10-16 13:14:09,441] {processor.py:171} INFO - Processing /Users/namyoung/Desktop/myprj/airflow/airflow/lib/python3.7/site-packages/airflow/example_dags/example_branch_labels.py took 0.034 seconds
[2023-10-16 14:56:38,336] {processor.py:163} INFO - Started process (PID=30183) to work on /Users/namyoung/Desktop/myprj/airflow/airflow/lib/python3.7/site-packages/airflow/example_dags/example_branch_labels.py
[2023-10-16 14:56:38,337] {processor.py:642} INFO - Processing file /Users/namyoung/Desktop/myprj/airflow/airflow/lib/python3.7/site-packages/airflow/example_dags/example_branch_labels.py for tasks to queue
[2023-10-16 14:56:38,337] {logging_mixin.py:109} INFO - [2023-10-16 14:56:38,337] {dagbag.py:500} INFO - Filling up the DagBag from /Users/namyoung/Desktop/myprj/airflow/airflow/lib/python3.7/site-packages/airflow/example_dags/example_branch_labels.py
[2023-10-16 14:56:38,349] {processor.py:654} INFO - DAG(s) dict_keys(['example_branch_labels']) retrieved from /Users/namyoung/Desktop/myprj/airflow/airflow/lib/python3.7/site-packages/airflow/example_dags/example_branch_labels.py
[2023-10-16 14:56:38,354] {logging_mixin.py:109} INFO - [2023-10-16 14:56:38,354] {dag.py:2396} INFO - Sync 1 DAGs
[2023-10-16 14:56:38,362] {logging_mixin.py:109} INFO - [2023-10-16 14:56:38,362] {dag.py:2935} INFO - Setting next_dagrun for example_branch_labels to 2023-10-15 00:00:00+00:00
[2023-10-16 14:56:38,366] {processor.py:171} INFO - Processing /Users/namyoung/Desktop/myprj/airflow/airflow/lib/python3.7/site-packages/airflow/example_dags/example_branch_labels.py took 0.033 seconds
[2023-10-16 16:37:26,465] {processor.py:163} INFO - Started process (PID=30329) to work on /Users/namyoung/Desktop/myprj/airflow/airflow/lib/python3.7/site-packages/airflow/example_dags/example_branch_labels.py
[2023-10-16 16:37:26,466] {processor.py:642} INFO - Processing file /Users/namyoung/Desktop/myprj/airflow/airflow/lib/python3.7/site-packages/airflow/example_dags/example_branch_labels.py for tasks to queue
[2023-10-16 16:37:26,468] {logging_mixin.py:109} INFO - [2023-10-16 16:37:26,467] {dagbag.py:500} INFO - Filling up the DagBag from /Users/namyoung/Desktop/myprj/airflow/airflow/lib/python3.7/site-packages/airflow/example_dags/example_branch_labels.py
[2023-10-16 16:37:26,493] {processor.py:654} INFO - DAG(s) dict_keys(['example_branch_labels']) retrieved from /Users/namyoung/Desktop/myprj/airflow/airflow/lib/python3.7/site-packages/airflow/example_dags/example_branch_labels.py
[2023-10-16 16:37:26,501] {logging_mixin.py:109} INFO - [2023-10-16 16:37:26,501] {dag.py:2396} INFO - Sync 1 DAGs
[2023-10-16 16:37:26,510] {logging_mixin.py:109} INFO - [2023-10-16 16:37:26,510] {dag.py:2935} INFO - Setting next_dagrun for example_branch_labels to 2023-10-15 00:00:00+00:00
[2023-10-16 16:37:26,516] {processor.py:171} INFO - Processing /Users/namyoung/Desktop/myprj/airflow/airflow/lib/python3.7/site-packages/airflow/example_dags/example_branch_labels.py took 0.056 seconds
[2023-10-16 18:03:21,592] {processor.py:163} INFO - Started process (PID=30583) to work on /Users/namyoung/Desktop/myprj/airflow/airflow/lib/python3.7/site-packages/airflow/example_dags/example_branch_labels.py
[2023-10-16 18:03:21,593] {processor.py:642} INFO - Processing file /Users/namyoung/Desktop/myprj/airflow/airflow/lib/python3.7/site-packages/airflow/example_dags/example_branch_labels.py for tasks to queue
[2023-10-16 18:03:21,593] {logging_mixin.py:109} INFO - [2023-10-16 18:03:21,593] {dagbag.py:500} INFO - Filling up the DagBag from /Users/namyoung/Desktop/myprj/airflow/airflow/lib/python3.7/site-packages/airflow/example_dags/example_branch_labels.py
[2023-10-16 18:03:21,606] {processor.py:654} INFO - DAG(s) dict_keys(['example_branch_labels']) retrieved from /Users/namyoung/Desktop/myprj/airflow/airflow/lib/python3.7/site-packages/airflow/example_dags/example_branch_labels.py
[2023-10-16 18:03:21,612] {logging_mixin.py:109} INFO - [2023-10-16 18:03:21,612] {dag.py:2396} INFO - Sync 1 DAGs
[2023-10-16 18:03:21,620] {logging_mixin.py:109} INFO - [2023-10-16 18:03:21,620] {dag.py:2935} INFO - Setting next_dagrun for example_branch_labels to 2023-10-15 00:00:00+00:00
[2023-10-16 18:03:21,626] {processor.py:171} INFO - Processing /Users/namyoung/Desktop/myprj/airflow/airflow/lib/python3.7/site-packages/airflow/example_dags/example_branch_labels.py took 0.036 seconds
[2023-10-16 21:07:27,583] {processor.py:163} INFO - Started process (PID=30982) to work on /Users/namyoung/Desktop/myprj/airflow/airflow/lib/python3.7/site-packages/airflow/example_dags/example_branch_labels.py
[2023-10-16 21:07:27,584] {processor.py:642} INFO - Processing file /Users/namyoung/Desktop/myprj/airflow/airflow/lib/python3.7/site-packages/airflow/example_dags/example_branch_labels.py for tasks to queue
[2023-10-16 21:07:27,585] {logging_mixin.py:109} INFO - [2023-10-16 21:07:27,585] {dagbag.py:500} INFO - Filling up the DagBag from /Users/namyoung/Desktop/myprj/airflow/airflow/lib/python3.7/site-packages/airflow/example_dags/example_branch_labels.py
[2023-10-16 21:07:27,609] {processor.py:654} INFO - DAG(s) dict_keys(['example_branch_labels']) retrieved from /Users/namyoung/Desktop/myprj/airflow/airflow/lib/python3.7/site-packages/airflow/example_dags/example_branch_labels.py
[2023-10-16 21:07:27,619] {logging_mixin.py:109} INFO - [2023-10-16 21:07:27,619] {dag.py:2396} INFO - Sync 1 DAGs
[2023-10-16 21:07:27,628] {logging_mixin.py:109} INFO - [2023-10-16 21:07:27,628] {dag.py:2935} INFO - Setting next_dagrun for example_branch_labels to 2023-10-15 00:00:00+00:00
[2023-10-16 21:07:27,633] {processor.py:171} INFO - Processing /Users/namyoung/Desktop/myprj/airflow/airflow/lib/python3.7/site-packages/airflow/example_dags/example_branch_labels.py took 0.056 seconds
[2023-10-16 22:44:56,344] {processor.py:163} INFO - Started process (PID=31118) to work on /Users/namyoung/Desktop/myprj/airflow/airflow/lib/python3.7/site-packages/airflow/example_dags/example_branch_labels.py
[2023-10-16 22:44:56,345] {processor.py:642} INFO - Processing file /Users/namyoung/Desktop/myprj/airflow/airflow/lib/python3.7/site-packages/airflow/example_dags/example_branch_labels.py for tasks to queue
[2023-10-16 22:44:56,347] {logging_mixin.py:109} INFO - [2023-10-16 22:44:56,346] {dagbag.py:500} INFO - Filling up the DagBag from /Users/namyoung/Desktop/myprj/airflow/airflow/lib/python3.7/site-packages/airflow/example_dags/example_branch_labels.py
[2023-10-16 22:44:56,371] {processor.py:654} INFO - DAG(s) dict_keys(['example_branch_labels']) retrieved from /Users/namyoung/Desktop/myprj/airflow/airflow/lib/python3.7/site-packages/airflow/example_dags/example_branch_labels.py
[2023-10-16 22:44:56,380] {logging_mixin.py:109} INFO - [2023-10-16 22:44:56,380] {dag.py:2396} INFO - Sync 1 DAGs
[2023-10-16 22:44:56,389] {logging_mixin.py:109} INFO - [2023-10-16 22:44:56,389] {dag.py:2935} INFO - Setting next_dagrun for example_branch_labels to 2023-10-15 00:00:00+00:00
[2023-10-16 22:44:56,394] {processor.py:171} INFO - Processing /Users/namyoung/Desktop/myprj/airflow/airflow/lib/python3.7/site-packages/airflow/example_dags/example_branch_labels.py took 0.056 seconds
[2023-10-17 02:02:45,257] {processor.py:163} INFO - Started process (PID=31506) to work on /Users/namyoung/Desktop/myprj/airflow/airflow/lib/python3.7/site-packages/airflow/example_dags/example_branch_labels.py
[2023-10-17 02:02:45,257] {processor.py:642} INFO - Processing file /Users/namyoung/Desktop/myprj/airflow/airflow/lib/python3.7/site-packages/airflow/example_dags/example_branch_labels.py for tasks to queue
[2023-10-17 02:02:45,258] {logging_mixin.py:109} INFO - [2023-10-17 02:02:45,258] {dagbag.py:500} INFO - Filling up the DagBag from /Users/namyoung/Desktop/myprj/airflow/airflow/lib/python3.7/site-packages/airflow/example_dags/example_branch_labels.py
[2023-10-17 02:02:45,271] {processor.py:654} INFO - DAG(s) dict_keys(['example_branch_labels']) retrieved from /Users/namyoung/Desktop/myprj/airflow/airflow/lib/python3.7/site-packages/airflow/example_dags/example_branch_labels.py
[2023-10-17 02:02:45,277] {logging_mixin.py:109} INFO - [2023-10-17 02:02:45,277] {dag.py:2396} INFO - Sync 1 DAGs
[2023-10-17 02:02:45,285] {logging_mixin.py:109} INFO - [2023-10-17 02:02:45,285] {dag.py:2935} INFO - Setting next_dagrun for example_branch_labels to 2023-10-15 00:00:00+00:00
[2023-10-17 02:02:45,291] {processor.py:171} INFO - Processing /Users/namyoung/Desktop/myprj/airflow/airflow/lib/python3.7/site-packages/airflow/example_dags/example_branch_labels.py took 0.036 seconds
[2023-10-17 04:56:42,982] {processor.py:163} INFO - Started process (PID=31914) to work on /Users/namyoung/Desktop/myprj/airflow/airflow/lib/python3.7/site-packages/airflow/example_dags/example_branch_labels.py
[2023-10-17 04:56:42,984] {processor.py:642} INFO - Processing file /Users/namyoung/Desktop/myprj/airflow/airflow/lib/python3.7/site-packages/airflow/example_dags/example_branch_labels.py for tasks to queue
[2023-10-17 04:56:42,985] {logging_mixin.py:109} INFO - [2023-10-17 04:56:42,985] {dagbag.py:500} INFO - Filling up the DagBag from /Users/namyoung/Desktop/myprj/airflow/airflow/lib/python3.7/site-packages/airflow/example_dags/example_branch_labels.py
[2023-10-17 04:56:43,019] {processor.py:654} INFO - DAG(s) dict_keys(['example_branch_labels']) retrieved from /Users/namyoung/Desktop/myprj/airflow/airflow/lib/python3.7/site-packages/airflow/example_dags/example_branch_labels.py
[2023-10-17 04:56:43,029] {logging_mixin.py:109} INFO - [2023-10-17 04:56:43,029] {dag.py:2396} INFO - Sync 1 DAGs
[2023-10-17 04:56:43,040] {logging_mixin.py:109} INFO - [2023-10-17 04:56:43,040] {dag.py:2935} INFO - Setting next_dagrun for example_branch_labels to 2023-10-15 00:00:00+00:00
[2023-10-17 04:56:43,045] {processor.py:171} INFO - Processing /Users/namyoung/Desktop/myprj/airflow/airflow/lib/python3.7/site-packages/airflow/example_dags/example_branch_labels.py took 0.069 seconds
[2023-10-17 06:50:56,535] {processor.py:163} INFO - Started process (PID=32191) to work on /Users/namyoung/Desktop/myprj/airflow/airflow/lib/python3.7/site-packages/airflow/example_dags/example_branch_labels.py
[2023-10-17 06:50:56,537] {processor.py:642} INFO - Processing file /Users/namyoung/Desktop/myprj/airflow/airflow/lib/python3.7/site-packages/airflow/example_dags/example_branch_labels.py for tasks to queue
[2023-10-17 06:50:56,538] {logging_mixin.py:109} INFO - [2023-10-17 06:50:56,538] {dagbag.py:500} INFO - Filling up the DagBag from /Users/namyoung/Desktop/myprj/airflow/airflow/lib/python3.7/site-packages/airflow/example_dags/example_branch_labels.py
[2023-10-17 06:50:56,562] {processor.py:654} INFO - DAG(s) dict_keys(['example_branch_labels']) retrieved from /Users/namyoung/Desktop/myprj/airflow/airflow/lib/python3.7/site-packages/airflow/example_dags/example_branch_labels.py
[2023-10-17 06:50:56,570] {logging_mixin.py:109} INFO - [2023-10-17 06:50:56,570] {dag.py:2396} INFO - Sync 1 DAGs
[2023-10-17 06:50:56,579] {logging_mixin.py:109} INFO - [2023-10-17 06:50:56,579] {dag.py:2935} INFO - Setting next_dagrun for example_branch_labels to 2023-10-15 00:00:00+00:00
[2023-10-17 06:50:56,584] {processor.py:171} INFO - Processing /Users/namyoung/Desktop/myprj/airflow/airflow/lib/python3.7/site-packages/airflow/example_dags/example_branch_labels.py took 0.054 seconds
