[2023-10-16 10:58:57,900] {processor.py:163} INFO - Started process (PID=29691) to work on /Users/namyoung/Desktop/myprj/airflow/airflow/lib/python3.7/site-packages/airflow/example_dags/example_python_operator.py
[2023-10-16 10:58:57,901] {processor.py:642} INFO - Processing file /Users/namyoung/Desktop/myprj/airflow/airflow/lib/python3.7/site-packages/airflow/example_dags/example_python_operator.py for tasks to queue
[2023-10-16 10:58:57,901] {logging_mixin.py:109} INFO - [2023-10-16 10:58:57,901] {dagbag.py:500} INFO - Filling up the DagBag from /Users/namyoung/Desktop/myprj/airflow/airflow/lib/python3.7/site-packages/airflow/example_dags/example_python_operator.py
[2023-10-16 10:58:57,923] {processor.py:654} INFO - DAG(s) dict_keys(['example_python_operator']) retrieved from /Users/namyoung/Desktop/myprj/airflow/airflow/lib/python3.7/site-packages/airflow/example_dags/example_python_operator.py
[2023-10-16 10:58:57,929] {logging_mixin.py:109} INFO - [2023-10-16 10:58:57,929] {dag.py:2396} INFO - Sync 1 DAGs
[2023-10-16 10:58:57,936] {logging_mixin.py:109} INFO - [2023-10-16 10:58:57,936] {dag.py:2935} INFO - Setting next_dagrun for example_python_operator to None
[2023-10-16 10:58:57,940] {processor.py:171} INFO - Processing /Users/namyoung/Desktop/myprj/airflow/airflow/lib/python3.7/site-packages/airflow/example_dags/example_python_operator.py took 0.043 seconds
[2023-10-16 12:39:05,860] {processor.py:163} INFO - Started process (PID=29860) to work on /Users/namyoung/Desktop/myprj/airflow/airflow/lib/python3.7/site-packages/airflow/example_dags/example_python_operator.py
[2023-10-16 12:39:05,861] {processor.py:642} INFO - Processing file /Users/namyoung/Desktop/myprj/airflow/airflow/lib/python3.7/site-packages/airflow/example_dags/example_python_operator.py for tasks to queue
[2023-10-16 12:39:05,861] {logging_mixin.py:109} INFO - [2023-10-16 12:39:05,861] {dagbag.py:500} INFO - Filling up the DagBag from /Users/namyoung/Desktop/myprj/airflow/airflow/lib/python3.7/site-packages/airflow/example_dags/example_python_operator.py
[2023-10-16 12:39:05,875] {processor.py:654} INFO - DAG(s) dict_keys(['example_python_operator']) retrieved from /Users/namyoung/Desktop/myprj/airflow/airflow/lib/python3.7/site-packages/airflow/example_dags/example_python_operator.py
[2023-10-16 12:39:05,881] {logging_mixin.py:109} INFO - [2023-10-16 12:39:05,881] {dag.py:2396} INFO - Sync 1 DAGs
[2023-10-16 12:39:05,888] {logging_mixin.py:109} INFO - [2023-10-16 12:39:05,888] {dag.py:2935} INFO - Setting next_dagrun for example_python_operator to None
[2023-10-16 12:39:05,893] {processor.py:171} INFO - Processing /Users/namyoung/Desktop/myprj/airflow/airflow/lib/python3.7/site-packages/airflow/example_dags/example_python_operator.py took 0.034 seconds
[2023-10-16 14:21:09,202] {processor.py:163} INFO - Started process (PID=30130) to work on /Users/namyoung/Desktop/myprj/airflow/airflow/lib/python3.7/site-packages/airflow/example_dags/example_python_operator.py
[2023-10-16 14:21:09,202] {processor.py:642} INFO - Processing file /Users/namyoung/Desktop/myprj/airflow/airflow/lib/python3.7/site-packages/airflow/example_dags/example_python_operator.py for tasks to queue
[2023-10-16 14:21:09,203] {logging_mixin.py:109} INFO - [2023-10-16 14:21:09,203] {dagbag.py:500} INFO - Filling up the DagBag from /Users/namyoung/Desktop/myprj/airflow/airflow/lib/python3.7/site-packages/airflow/example_dags/example_python_operator.py
[2023-10-16 14:21:09,218] {processor.py:654} INFO - DAG(s) dict_keys(['example_python_operator']) retrieved from /Users/namyoung/Desktop/myprj/airflow/airflow/lib/python3.7/site-packages/airflow/example_dags/example_python_operator.py
[2023-10-16 14:21:09,224] {logging_mixin.py:109} INFO - [2023-10-16 14:21:09,224] {dag.py:2396} INFO - Sync 1 DAGs
[2023-10-16 14:21:09,231] {logging_mixin.py:109} INFO - [2023-10-16 14:21:09,231] {dag.py:2935} INFO - Setting next_dagrun for example_python_operator to None
[2023-10-16 14:21:09,238] {processor.py:171} INFO - Processing /Users/namyoung/Desktop/myprj/airflow/airflow/lib/python3.7/site-packages/airflow/example_dags/example_python_operator.py took 0.038 seconds
[2023-10-16 16:03:32,548] {processor.py:163} INFO - Started process (PID=30280) to work on /Users/namyoung/Desktop/myprj/airflow/airflow/lib/python3.7/site-packages/airflow/example_dags/example_python_operator.py
[2023-10-16 16:03:32,550] {processor.py:642} INFO - Processing file /Users/namyoung/Desktop/myprj/airflow/airflow/lib/python3.7/site-packages/airflow/example_dags/example_python_operator.py for tasks to queue
[2023-10-16 16:03:32,551] {logging_mixin.py:109} INFO - [2023-10-16 16:03:32,551] {dagbag.py:500} INFO - Filling up the DagBag from /Users/namyoung/Desktop/myprj/airflow/airflow/lib/python3.7/site-packages/airflow/example_dags/example_python_operator.py
[2023-10-16 16:03:32,584] {processor.py:654} INFO - DAG(s) dict_keys(['example_python_operator']) retrieved from /Users/namyoung/Desktop/myprj/airflow/airflow/lib/python3.7/site-packages/airflow/example_dags/example_python_operator.py
[2023-10-16 16:03:32,593] {logging_mixin.py:109} INFO - [2023-10-16 16:03:32,593] {dag.py:2396} INFO - Sync 1 DAGs
[2023-10-16 16:03:32,600] {logging_mixin.py:109} INFO - [2023-10-16 16:03:32,600] {dag.py:2935} INFO - Setting next_dagrun for example_python_operator to None
[2023-10-16 16:03:32,605] {processor.py:171} INFO - Processing /Users/namyoung/Desktop/myprj/airflow/airflow/lib/python3.7/site-packages/airflow/example_dags/example_python_operator.py took 0.062 seconds
[2023-10-16 17:30:52,483] {processor.py:163} INFO - Started process (PID=30545) to work on /Users/namyoung/Desktop/myprj/airflow/airflow/lib/python3.7/site-packages/airflow/example_dags/example_python_operator.py
[2023-10-16 17:30:52,485] {processor.py:642} INFO - Processing file /Users/namyoung/Desktop/myprj/airflow/airflow/lib/python3.7/site-packages/airflow/example_dags/example_python_operator.py for tasks to queue
[2023-10-16 17:30:52,486] {logging_mixin.py:109} INFO - [2023-10-16 17:30:52,486] {dagbag.py:500} INFO - Filling up the DagBag from /Users/namyoung/Desktop/myprj/airflow/airflow/lib/python3.7/site-packages/airflow/example_dags/example_python_operator.py
[2023-10-16 17:30:52,525] {processor.py:654} INFO - DAG(s) dict_keys(['example_python_operator']) retrieved from /Users/namyoung/Desktop/myprj/airflow/airflow/lib/python3.7/site-packages/airflow/example_dags/example_python_operator.py
[2023-10-16 17:30:52,535] {logging_mixin.py:109} INFO - [2023-10-16 17:30:52,535] {dag.py:2396} INFO - Sync 1 DAGs
[2023-10-16 17:30:52,544] {logging_mixin.py:109} INFO - [2023-10-16 17:30:52,543] {dag.py:2935} INFO - Setting next_dagrun for example_python_operator to None
[2023-10-16 17:30:52,549] {processor.py:171} INFO - Processing /Users/namyoung/Desktop/myprj/airflow/airflow/lib/python3.7/site-packages/airflow/example_dags/example_python_operator.py took 0.072 seconds
[2023-10-16 19:10:05,129] {processor.py:163} INFO - Started process (PID=30680) to work on /Users/namyoung/Desktop/myprj/airflow/airflow/lib/python3.7/site-packages/airflow/example_dags/example_python_operator.py
[2023-10-16 19:10:05,129] {processor.py:642} INFO - Processing file /Users/namyoung/Desktop/myprj/airflow/airflow/lib/python3.7/site-packages/airflow/example_dags/example_python_operator.py for tasks to queue
[2023-10-16 19:10:05,130] {logging_mixin.py:109} INFO - [2023-10-16 19:10:05,130] {dagbag.py:500} INFO - Filling up the DagBag from /Users/namyoung/Desktop/myprj/airflow/airflow/lib/python3.7/site-packages/airflow/example_dags/example_python_operator.py
[2023-10-16 19:10:05,144] {processor.py:654} INFO - DAG(s) dict_keys(['example_python_operator']) retrieved from /Users/namyoung/Desktop/myprj/airflow/airflow/lib/python3.7/site-packages/airflow/example_dags/example_python_operator.py
[2023-10-16 19:10:05,151] {logging_mixin.py:109} INFO - [2023-10-16 19:10:05,151] {dag.py:2396} INFO - Sync 1 DAGs
[2023-10-16 19:10:05,158] {logging_mixin.py:109} INFO - [2023-10-16 19:10:05,158] {dag.py:2935} INFO - Setting next_dagrun for example_python_operator to None
[2023-10-16 19:10:05,165] {processor.py:171} INFO - Processing /Users/namyoung/Desktop/myprj/airflow/airflow/lib/python3.7/site-packages/airflow/example_dags/example_python_operator.py took 0.038 seconds
[2023-10-16 20:36:04,644] {processor.py:163} INFO - Started process (PID=30931) to work on /Users/namyoung/Desktop/myprj/airflow/airflow/lib/python3.7/site-packages/airflow/example_dags/example_python_operator.py
[2023-10-16 20:36:04,645] {processor.py:642} INFO - Processing file /Users/namyoung/Desktop/myprj/airflow/airflow/lib/python3.7/site-packages/airflow/example_dags/example_python_operator.py for tasks to queue
[2023-10-16 20:36:04,647] {logging_mixin.py:109} INFO - [2023-10-16 20:36:04,646] {dagbag.py:500} INFO - Filling up the DagBag from /Users/namyoung/Desktop/myprj/airflow/airflow/lib/python3.7/site-packages/airflow/example_dags/example_python_operator.py
[2023-10-16 20:36:04,671] {processor.py:654} INFO - DAG(s) dict_keys(['example_python_operator']) retrieved from /Users/namyoung/Desktop/myprj/airflow/airflow/lib/python3.7/site-packages/airflow/example_dags/example_python_operator.py
[2023-10-16 20:36:04,678] {logging_mixin.py:109} INFO - [2023-10-16 20:36:04,678] {dag.py:2396} INFO - Sync 1 DAGs
[2023-10-16 20:36:04,686] {logging_mixin.py:109} INFO - [2023-10-16 20:36:04,686] {dag.py:2935} INFO - Setting next_dagrun for example_python_operator to None
[2023-10-16 20:36:04,690] {processor.py:171} INFO - Processing /Users/namyoung/Desktop/myprj/airflow/airflow/lib/python3.7/site-packages/airflow/example_dags/example_python_operator.py took 0.051 seconds
[2023-10-16 22:11:32,670] {processor.py:163} INFO - Started process (PID=31073) to work on /Users/namyoung/Desktop/myprj/airflow/airflow/lib/python3.7/site-packages/airflow/example_dags/example_python_operator.py
[2023-10-16 22:11:32,672] {processor.py:642} INFO - Processing file /Users/namyoung/Desktop/myprj/airflow/airflow/lib/python3.7/site-packages/airflow/example_dags/example_python_operator.py for tasks to queue
[2023-10-16 22:11:32,673] {logging_mixin.py:109} INFO - [2023-10-16 22:11:32,673] {dagbag.py:500} INFO - Filling up the DagBag from /Users/namyoung/Desktop/myprj/airflow/airflow/lib/python3.7/site-packages/airflow/example_dags/example_python_operator.py
[2023-10-16 22:11:32,702] {processor.py:654} INFO - DAG(s) dict_keys(['example_python_operator']) retrieved from /Users/namyoung/Desktop/myprj/airflow/airflow/lib/python3.7/site-packages/airflow/example_dags/example_python_operator.py
[2023-10-16 22:11:32,712] {logging_mixin.py:109} INFO - [2023-10-16 22:11:32,711] {dag.py:2396} INFO - Sync 1 DAGs
[2023-10-16 22:11:32,719] {logging_mixin.py:109} INFO - [2023-10-16 22:11:32,719] {dag.py:2935} INFO - Setting next_dagrun for example_python_operator to None
[2023-10-16 22:11:32,725] {processor.py:171} INFO - Processing /Users/namyoung/Desktop/myprj/airflow/airflow/lib/python3.7/site-packages/airflow/example_dags/example_python_operator.py took 0.060 seconds
[2023-10-16 23:51:45,298] {processor.py:163} INFO - Started process (PID=31334) to work on /Users/namyoung/Desktop/myprj/airflow/airflow/lib/python3.7/site-packages/airflow/example_dags/example_python_operator.py
[2023-10-16 23:51:45,299] {processor.py:642} INFO - Processing file /Users/namyoung/Desktop/myprj/airflow/airflow/lib/python3.7/site-packages/airflow/example_dags/example_python_operator.py for tasks to queue
[2023-10-16 23:51:45,299] {logging_mixin.py:109} INFO - [2023-10-16 23:51:45,299] {dagbag.py:500} INFO - Filling up the DagBag from /Users/namyoung/Desktop/myprj/airflow/airflow/lib/python3.7/site-packages/airflow/example_dags/example_python_operator.py
[2023-10-16 23:51:45,313] {processor.py:654} INFO - DAG(s) dict_keys(['example_python_operator']) retrieved from /Users/namyoung/Desktop/myprj/airflow/airflow/lib/python3.7/site-packages/airflow/example_dags/example_python_operator.py
[2023-10-16 23:51:45,319] {logging_mixin.py:109} INFO - [2023-10-16 23:51:45,319] {dag.py:2396} INFO - Sync 1 DAGs
[2023-10-16 23:51:45,326] {logging_mixin.py:109} INFO - [2023-10-16 23:51:45,325] {dag.py:2935} INFO - Setting next_dagrun for example_python_operator to None
[2023-10-16 23:51:45,332] {processor.py:171} INFO - Processing /Users/namyoung/Desktop/myprj/airflow/airflow/lib/python3.7/site-packages/airflow/example_dags/example_python_operator.py took 0.036 seconds
[2023-10-17 01:12:14,874] {processor.py:163} INFO - Started process (PID=31456) to work on /Users/namyoung/Desktop/myprj/airflow/airflow/lib/python3.7/site-packages/airflow/example_dags/example_python_operator.py
[2023-10-17 01:12:14,875] {processor.py:642} INFO - Processing file /Users/namyoung/Desktop/myprj/airflow/airflow/lib/python3.7/site-packages/airflow/example_dags/example_python_operator.py for tasks to queue
[2023-10-17 01:12:14,876] {logging_mixin.py:109} INFO - [2023-10-17 01:12:14,876] {dagbag.py:500} INFO - Filling up the DagBag from /Users/namyoung/Desktop/myprj/airflow/airflow/lib/python3.7/site-packages/airflow/example_dags/example_python_operator.py
[2023-10-17 01:12:14,894] {processor.py:654} INFO - DAG(s) dict_keys(['example_python_operator']) retrieved from /Users/namyoung/Desktop/myprj/airflow/airflow/lib/python3.7/site-packages/airflow/example_dags/example_python_operator.py
[2023-10-17 01:12:14,903] {logging_mixin.py:109} INFO - [2023-10-17 01:12:14,903] {dag.py:2396} INFO - Sync 1 DAGs
[2023-10-17 01:12:14,910] {logging_mixin.py:109} INFO - [2023-10-17 01:12:14,910] {dag.py:2935} INFO - Setting next_dagrun for example_python_operator to None
[2023-10-17 01:12:14,915] {processor.py:171} INFO - Processing /Users/namyoung/Desktop/myprj/airflow/airflow/lib/python3.7/site-packages/airflow/example_dags/example_python_operator.py took 0.047 seconds
[2023-10-17 02:49:24,520] {processor.py:163} INFO - Started process (PID=31718) to work on /Users/namyoung/Desktop/myprj/airflow/airflow/lib/python3.7/site-packages/airflow/example_dags/example_python_operator.py
[2023-10-17 02:49:24,522] {processor.py:642} INFO - Processing file /Users/namyoung/Desktop/myprj/airflow/airflow/lib/python3.7/site-packages/airflow/example_dags/example_python_operator.py for tasks to queue
[2023-10-17 02:49:24,523] {logging_mixin.py:109} INFO - [2023-10-17 02:49:24,523] {dagbag.py:500} INFO - Filling up the DagBag from /Users/namyoung/Desktop/myprj/airflow/airflow/lib/python3.7/site-packages/airflow/example_dags/example_python_operator.py
[2023-10-17 02:49:24,552] {processor.py:654} INFO - DAG(s) dict_keys(['example_python_operator']) retrieved from /Users/namyoung/Desktop/myprj/airflow/airflow/lib/python3.7/site-packages/airflow/example_dags/example_python_operator.py
[2023-10-17 02:49:24,560] {logging_mixin.py:109} INFO - [2023-10-17 02:49:24,560] {dag.py:2396} INFO - Sync 1 DAGs
[2023-10-17 02:49:24,568] {logging_mixin.py:109} INFO - [2023-10-17 02:49:24,568] {dag.py:2935} INFO - Setting next_dagrun for example_python_operator to None
[2023-10-17 02:49:24,573] {processor.py:171} INFO - Processing /Users/namyoung/Desktop/myprj/airflow/airflow/lib/python3.7/site-packages/airflow/example_dags/example_python_operator.py took 0.058 seconds
[2023-10-17 04:24:31,377] {processor.py:163} INFO - Started process (PID=31865) to work on /Users/namyoung/Desktop/myprj/airflow/airflow/lib/python3.7/site-packages/airflow/example_dags/example_python_operator.py
[2023-10-17 04:24:31,379] {processor.py:642} INFO - Processing file /Users/namyoung/Desktop/myprj/airflow/airflow/lib/python3.7/site-packages/airflow/example_dags/example_python_operator.py for tasks to queue
[2023-10-17 04:24:31,380] {logging_mixin.py:109} INFO - [2023-10-17 04:24:31,380] {dagbag.py:500} INFO - Filling up the DagBag from /Users/namyoung/Desktop/myprj/airflow/airflow/lib/python3.7/site-packages/airflow/example_dags/example_python_operator.py
[2023-10-17 04:24:31,408] {processor.py:654} INFO - DAG(s) dict_keys(['example_python_operator']) retrieved from /Users/namyoung/Desktop/myprj/airflow/airflow/lib/python3.7/site-packages/airflow/example_dags/example_python_operator.py
[2023-10-17 04:24:31,416] {logging_mixin.py:109} INFO - [2023-10-17 04:24:31,416] {dag.py:2396} INFO - Sync 1 DAGs
[2023-10-17 04:24:31,423] {logging_mixin.py:109} INFO - [2023-10-17 04:24:31,423] {dag.py:2935} INFO - Setting next_dagrun for example_python_operator to None
[2023-10-17 04:24:31,429] {processor.py:171} INFO - Processing /Users/namyoung/Desktop/myprj/airflow/airflow/lib/python3.7/site-packages/airflow/example_dags/example_python_operator.py took 0.057 seconds
[2023-10-17 06:18:00,939] {processor.py:163} INFO - Started process (PID=32147) to work on /Users/namyoung/Desktop/myprj/airflow/airflow/lib/python3.7/site-packages/airflow/example_dags/example_python_operator.py
[2023-10-17 06:18:00,940] {processor.py:642} INFO - Processing file /Users/namyoung/Desktop/myprj/airflow/airflow/lib/python3.7/site-packages/airflow/example_dags/example_python_operator.py for tasks to queue
[2023-10-17 06:18:00,940] {logging_mixin.py:109} INFO - [2023-10-17 06:18:00,940] {dagbag.py:500} INFO - Filling up the DagBag from /Users/namyoung/Desktop/myprj/airflow/airflow/lib/python3.7/site-packages/airflow/example_dags/example_python_operator.py
[2023-10-17 06:18:00,954] {processor.py:654} INFO - DAG(s) dict_keys(['example_python_operator']) retrieved from /Users/namyoung/Desktop/myprj/airflow/airflow/lib/python3.7/site-packages/airflow/example_dags/example_python_operator.py
[2023-10-17 06:18:00,959] {logging_mixin.py:109} INFO - [2023-10-17 06:18:00,959] {dag.py:2396} INFO - Sync 1 DAGs
[2023-10-17 06:18:00,966] {logging_mixin.py:109} INFO - [2023-10-17 06:18:00,965] {dag.py:2935} INFO - Setting next_dagrun for example_python_operator to None
[2023-10-17 06:18:00,973] {processor.py:171} INFO - Processing /Users/namyoung/Desktop/myprj/airflow/airflow/lib/python3.7/site-packages/airflow/example_dags/example_python_operator.py took 0.036 seconds
[2023-10-17 07:56:49,927] {processor.py:163} INFO - Started process (PID=32279) to work on /Users/namyoung/Desktop/myprj/airflow/airflow/lib/python3.7/site-packages/airflow/example_dags/example_python_operator.py
[2023-10-17 07:56:49,928] {processor.py:642} INFO - Processing file /Users/namyoung/Desktop/myprj/airflow/airflow/lib/python3.7/site-packages/airflow/example_dags/example_python_operator.py for tasks to queue
[2023-10-17 07:56:49,929] {logging_mixin.py:109} INFO - [2023-10-17 07:56:49,929] {dagbag.py:500} INFO - Filling up the DagBag from /Users/namyoung/Desktop/myprj/airflow/airflow/lib/python3.7/site-packages/airflow/example_dags/example_python_operator.py
[2023-10-17 07:56:49,944] {processor.py:654} INFO - DAG(s) dict_keys(['example_python_operator']) retrieved from /Users/namyoung/Desktop/myprj/airflow/airflow/lib/python3.7/site-packages/airflow/example_dags/example_python_operator.py
[2023-10-17 07:56:49,951] {logging_mixin.py:109} INFO - [2023-10-17 07:56:49,950] {dag.py:2396} INFO - Sync 1 DAGs
[2023-10-17 07:56:49,958] {logging_mixin.py:109} INFO - [2023-10-17 07:56:49,958] {dag.py:2935} INFO - Setting next_dagrun for example_python_operator to None
[2023-10-17 07:56:49,963] {processor.py:171} INFO - Processing /Users/namyoung/Desktop/myprj/airflow/airflow/lib/python3.7/site-packages/airflow/example_dags/example_python_operator.py took 0.038 seconds
