[2023-10-16 11:14:25,516] {processor.py:163} INFO - Started process (PID=29743) to work on /Users/namyoung/Desktop/myprj/airflow/airflow/lib/python3.7/site-packages/airflow/example_dags/example_latest_only_with_trigger.py
[2023-10-16 11:14:25,516] {processor.py:642} INFO - Processing file /Users/namyoung/Desktop/myprj/airflow/airflow/lib/python3.7/site-packages/airflow/example_dags/example_latest_only_with_trigger.py for tasks to queue
[2023-10-16 11:14:25,517] {logging_mixin.py:109} INFO - [2023-10-16 11:14:25,517] {dagbag.py:500} INFO - Filling up the DagBag from /Users/namyoung/Desktop/myprj/airflow/airflow/lib/python3.7/site-packages/airflow/example_dags/example_latest_only_with_trigger.py
[2023-10-16 11:14:25,528] {processor.py:654} INFO - DAG(s) dict_keys(['latest_only_with_trigger']) retrieved from /Users/namyoung/Desktop/myprj/airflow/airflow/lib/python3.7/site-packages/airflow/example_dags/example_latest_only_with_trigger.py
[2023-10-16 11:14:25,533] {logging_mixin.py:109} INFO - [2023-10-16 11:14:25,533] {dag.py:2396} INFO - Sync 1 DAGs
[2023-10-16 11:14:25,540] {logging_mixin.py:109} INFO - [2023-10-16 11:14:25,540] {dag.py:2935} INFO - Setting next_dagrun for latest_only_with_trigger to 2023-10-15T22:14:25.540233+00:00
[2023-10-16 11:14:25,546] {processor.py:171} INFO - Processing /Users/namyoung/Desktop/myprj/airflow/airflow/lib/python3.7/site-packages/airflow/example_dags/example_latest_only_with_trigger.py took 0.032 seconds
[2023-10-16 12:39:08,381] {processor.py:163} INFO - Started process (PID=29866) to work on /Users/namyoung/Desktop/myprj/airflow/airflow/lib/python3.7/site-packages/airflow/example_dags/example_latest_only_with_trigger.py
[2023-10-16 12:39:08,383] {processor.py:642} INFO - Processing file /Users/namyoung/Desktop/myprj/airflow/airflow/lib/python3.7/site-packages/airflow/example_dags/example_latest_only_with_trigger.py for tasks to queue
[2023-10-16 12:39:08,384] {logging_mixin.py:109} INFO - [2023-10-16 12:39:08,384] {dagbag.py:500} INFO - Filling up the DagBag from /Users/namyoung/Desktop/myprj/airflow/airflow/lib/python3.7/site-packages/airflow/example_dags/example_latest_only_with_trigger.py
[2023-10-16 12:39:08,409] {processor.py:654} INFO - DAG(s) dict_keys(['latest_only_with_trigger']) retrieved from /Users/namyoung/Desktop/myprj/airflow/airflow/lib/python3.7/site-packages/airflow/example_dags/example_latest_only_with_trigger.py
[2023-10-16 12:39:08,417] {logging_mixin.py:109} INFO - [2023-10-16 12:39:08,417] {dag.py:2396} INFO - Sync 1 DAGs
[2023-10-16 12:39:08,425] {logging_mixin.py:109} INFO - [2023-10-16 12:39:08,425] {dag.py:2935} INFO - Setting next_dagrun for latest_only_with_trigger to 2023-10-15T23:39:08.425425+00:00
[2023-10-16 12:39:08,431] {processor.py:171} INFO - Processing /Users/namyoung/Desktop/myprj/airflow/airflow/lib/python3.7/site-packages/airflow/example_dags/example_latest_only_with_trigger.py took 0.055 seconds
[2023-10-16 14:21:12,253] {processor.py:163} INFO - Started process (PID=30138) to work on /Users/namyoung/Desktop/myprj/airflow/airflow/lib/python3.7/site-packages/airflow/example_dags/example_latest_only_with_trigger.py
[2023-10-16 14:21:12,255] {processor.py:642} INFO - Processing file /Users/namyoung/Desktop/myprj/airflow/airflow/lib/python3.7/site-packages/airflow/example_dags/example_latest_only_with_trigger.py for tasks to queue
[2023-10-16 14:21:12,255] {logging_mixin.py:109} INFO - [2023-10-16 14:21:12,255] {dagbag.py:500} INFO - Filling up the DagBag from /Users/namyoung/Desktop/myprj/airflow/airflow/lib/python3.7/site-packages/airflow/example_dags/example_latest_only_with_trigger.py
[2023-10-16 14:21:12,268] {processor.py:654} INFO - DAG(s) dict_keys(['latest_only_with_trigger']) retrieved from /Users/namyoung/Desktop/myprj/airflow/airflow/lib/python3.7/site-packages/airflow/example_dags/example_latest_only_with_trigger.py
[2023-10-16 14:21:12,273] {logging_mixin.py:109} INFO - [2023-10-16 14:21:12,273] {dag.py:2396} INFO - Sync 1 DAGs
[2023-10-16 14:21:12,280] {logging_mixin.py:109} INFO - [2023-10-16 14:21:12,280] {dag.py:2935} INFO - Setting next_dagrun for latest_only_with_trigger to 2023-10-16T01:21:12.280158+00:00
[2023-10-16 14:21:12,285] {processor.py:171} INFO - Processing /Users/namyoung/Desktop/myprj/airflow/airflow/lib/python3.7/site-packages/airflow/example_dags/example_latest_only_with_trigger.py took 0.036 seconds
[2023-10-16 16:21:29,034] {processor.py:163} INFO - Started process (PID=30285) to work on /Users/namyoung/Desktop/myprj/airflow/airflow/lib/python3.7/site-packages/airflow/example_dags/example_latest_only_with_trigger.py
[2023-10-16 16:21:29,035] {processor.py:642} INFO - Processing file /Users/namyoung/Desktop/myprj/airflow/airflow/lib/python3.7/site-packages/airflow/example_dags/example_latest_only_with_trigger.py for tasks to queue
[2023-10-16 16:21:29,036] {logging_mixin.py:109} INFO - [2023-10-16 16:21:29,036] {dagbag.py:500} INFO - Filling up the DagBag from /Users/namyoung/Desktop/myprj/airflow/airflow/lib/python3.7/site-packages/airflow/example_dags/example_latest_only_with_trigger.py
[2023-10-16 16:21:29,054] {processor.py:654} INFO - DAG(s) dict_keys(['latest_only_with_trigger']) retrieved from /Users/namyoung/Desktop/myprj/airflow/airflow/lib/python3.7/site-packages/airflow/example_dags/example_latest_only_with_trigger.py
[2023-10-16 16:21:29,060] {logging_mixin.py:109} INFO - [2023-10-16 16:21:29,060] {dag.py:2396} INFO - Sync 1 DAGs
[2023-10-16 16:21:29,068] {logging_mixin.py:109} INFO - [2023-10-16 16:21:29,067] {dag.py:2935} INFO - Setting next_dagrun for latest_only_with_trigger to 2023-10-16T03:21:29.067737+00:00
[2023-10-16 16:21:29,073] {processor.py:171} INFO - Processing /Users/namyoung/Desktop/myprj/airflow/airflow/lib/python3.7/site-packages/airflow/example_dags/example_latest_only_with_trigger.py took 0.044 seconds
[2023-10-16 17:30:55,341] {processor.py:163} INFO - Started process (PID=30554) to work on /Users/namyoung/Desktop/myprj/airflow/airflow/lib/python3.7/site-packages/airflow/example_dags/example_latest_only_with_trigger.py
[2023-10-16 17:30:55,342] {processor.py:642} INFO - Processing file /Users/namyoung/Desktop/myprj/airflow/airflow/lib/python3.7/site-packages/airflow/example_dags/example_latest_only_with_trigger.py for tasks to queue
[2023-10-16 17:30:55,344] {logging_mixin.py:109} INFO - [2023-10-16 17:30:55,343] {dagbag.py:500} INFO - Filling up the DagBag from /Users/namyoung/Desktop/myprj/airflow/airflow/lib/python3.7/site-packages/airflow/example_dags/example_latest_only_with_trigger.py
[2023-10-16 17:30:55,370] {processor.py:654} INFO - DAG(s) dict_keys(['latest_only_with_trigger']) retrieved from /Users/namyoung/Desktop/myprj/airflow/airflow/lib/python3.7/site-packages/airflow/example_dags/example_latest_only_with_trigger.py
[2023-10-16 17:30:55,379] {logging_mixin.py:109} INFO - [2023-10-16 17:30:55,378] {dag.py:2396} INFO - Sync 1 DAGs
[2023-10-16 17:30:55,387] {logging_mixin.py:109} INFO - [2023-10-16 17:30:55,387] {dag.py:2935} INFO - Setting next_dagrun for latest_only_with_trigger to 2023-10-16T04:30:55.386836+00:00
[2023-10-16 17:30:55,392] {processor.py:171} INFO - Processing /Users/namyoung/Desktop/myprj/airflow/airflow/lib/python3.7/site-packages/airflow/example_dags/example_latest_only_with_trigger.py took 0.057 seconds
[2023-10-16 19:10:08,628] {processor.py:163} INFO - Started process (PID=30683) to work on /Users/namyoung/Desktop/myprj/airflow/airflow/lib/python3.7/site-packages/airflow/example_dags/example_latest_only_with_trigger.py
[2023-10-16 19:10:08,630] {processor.py:642} INFO - Processing file /Users/namyoung/Desktop/myprj/airflow/airflow/lib/python3.7/site-packages/airflow/example_dags/example_latest_only_with_trigger.py for tasks to queue
[2023-10-16 19:10:08,631] {logging_mixin.py:109} INFO - [2023-10-16 19:10:08,630] {dagbag.py:500} INFO - Filling up the DagBag from /Users/namyoung/Desktop/myprj/airflow/airflow/lib/python3.7/site-packages/airflow/example_dags/example_latest_only_with_trigger.py
[2023-10-16 19:10:08,655] {processor.py:654} INFO - DAG(s) dict_keys(['latest_only_with_trigger']) retrieved from /Users/namyoung/Desktop/myprj/airflow/airflow/lib/python3.7/site-packages/airflow/example_dags/example_latest_only_with_trigger.py
[2023-10-16 19:10:08,663] {logging_mixin.py:109} INFO - [2023-10-16 19:10:08,663] {dag.py:2396} INFO - Sync 1 DAGs
[2023-10-16 19:10:08,672] {logging_mixin.py:109} INFO - [2023-10-16 19:10:08,672] {dag.py:2935} INFO - Setting next_dagrun for latest_only_with_trigger to 2023-10-16T06:10:08.672308+00:00
[2023-10-16 19:10:08,679] {processor.py:171} INFO - Processing /Users/namyoung/Desktop/myprj/airflow/airflow/lib/python3.7/site-packages/airflow/example_dags/example_latest_only_with_trigger.py took 0.057 seconds
[2023-10-16 20:52:08,286] {processor.py:163} INFO - Started process (PID=30949) to work on /Users/namyoung/Desktop/myprj/airflow/airflow/lib/python3.7/site-packages/airflow/example_dags/example_latest_only_with_trigger.py
[2023-10-16 20:52:08,287] {processor.py:642} INFO - Processing file /Users/namyoung/Desktop/myprj/airflow/airflow/lib/python3.7/site-packages/airflow/example_dags/example_latest_only_with_trigger.py for tasks to queue
[2023-10-16 20:52:08,288] {logging_mixin.py:109} INFO - [2023-10-16 20:52:08,288] {dagbag.py:500} INFO - Filling up the DagBag from /Users/namyoung/Desktop/myprj/airflow/airflow/lib/python3.7/site-packages/airflow/example_dags/example_latest_only_with_trigger.py
[2023-10-16 20:52:08,303] {processor.py:654} INFO - DAG(s) dict_keys(['latest_only_with_trigger']) retrieved from /Users/namyoung/Desktop/myprj/airflow/airflow/lib/python3.7/site-packages/airflow/example_dags/example_latest_only_with_trigger.py
[2023-10-16 20:52:08,309] {logging_mixin.py:109} INFO - [2023-10-16 20:52:08,308] {dag.py:2396} INFO - Sync 1 DAGs
[2023-10-16 20:52:08,316] {logging_mixin.py:109} INFO - [2023-10-16 20:52:08,316] {dag.py:2935} INFO - Setting next_dagrun for latest_only_with_trigger to 2023-10-16T07:52:08.316152+00:00
[2023-10-16 20:52:08,322] {processor.py:171} INFO - Processing /Users/namyoung/Desktop/myprj/airflow/airflow/lib/python3.7/site-packages/airflow/example_dags/example_latest_only_with_trigger.py took 0.038 seconds
[2023-10-16 22:27:22,182] {processor.py:163} INFO - Started process (PID=31079) to work on /Users/namyoung/Desktop/myprj/airflow/airflow/lib/python3.7/site-packages/airflow/example_dags/example_latest_only_with_trigger.py
[2023-10-16 22:27:22,184] {processor.py:642} INFO - Processing file /Users/namyoung/Desktop/myprj/airflow/airflow/lib/python3.7/site-packages/airflow/example_dags/example_latest_only_with_trigger.py for tasks to queue
[2023-10-16 22:27:22,185] {logging_mixin.py:109} INFO - [2023-10-16 22:27:22,185] {dagbag.py:500} INFO - Filling up the DagBag from /Users/namyoung/Desktop/myprj/airflow/airflow/lib/python3.7/site-packages/airflow/example_dags/example_latest_only_with_trigger.py
[2023-10-16 22:27:22,201] {processor.py:654} INFO - DAG(s) dict_keys(['latest_only_with_trigger']) retrieved from /Users/namyoung/Desktop/myprj/airflow/airflow/lib/python3.7/site-packages/airflow/example_dags/example_latest_only_with_trigger.py
[2023-10-16 22:27:22,207] {logging_mixin.py:109} INFO - [2023-10-16 22:27:22,207] {dag.py:2396} INFO - Sync 1 DAGs
[2023-10-16 22:27:22,215] {logging_mixin.py:109} INFO - [2023-10-16 22:27:22,215] {dag.py:2935} INFO - Setting next_dagrun for latest_only_with_trigger to 2023-10-16T09:27:22.215086+00:00
[2023-10-16 22:27:22,220] {processor.py:171} INFO - Processing /Users/namyoung/Desktop/myprj/airflow/airflow/lib/python3.7/site-packages/airflow/example_dags/example_latest_only_with_trigger.py took 0.041 seconds
[2023-10-16 23:51:47,620] {processor.py:163} INFO - Started process (PID=31338) to work on /Users/namyoung/Desktop/myprj/airflow/airflow/lib/python3.7/site-packages/airflow/example_dags/example_latest_only_with_trigger.py
[2023-10-16 23:51:47,622] {processor.py:642} INFO - Processing file /Users/namyoung/Desktop/myprj/airflow/airflow/lib/python3.7/site-packages/airflow/example_dags/example_latest_only_with_trigger.py for tasks to queue
[2023-10-16 23:51:47,623] {logging_mixin.py:109} INFO - [2023-10-16 23:51:47,623] {dagbag.py:500} INFO - Filling up the DagBag from /Users/namyoung/Desktop/myprj/airflow/airflow/lib/python3.7/site-packages/airflow/example_dags/example_latest_only_with_trigger.py
[2023-10-16 23:51:47,648] {processor.py:654} INFO - DAG(s) dict_keys(['latest_only_with_trigger']) retrieved from /Users/namyoung/Desktop/myprj/airflow/airflow/lib/python3.7/site-packages/airflow/example_dags/example_latest_only_with_trigger.py
[2023-10-16 23:51:47,656] {logging_mixin.py:109} INFO - [2023-10-16 23:51:47,656] {dag.py:2396} INFO - Sync 1 DAGs
[2023-10-16 23:51:47,665] {logging_mixin.py:109} INFO - [2023-10-16 23:51:47,664] {dag.py:2935} INFO - Setting next_dagrun for latest_only_with_trigger to 2023-10-16T10:51:47.664763+00:00
[2023-10-16 23:51:47,671] {processor.py:171} INFO - Processing /Users/namyoung/Desktop/myprj/airflow/airflow/lib/python3.7/site-packages/airflow/example_dags/example_latest_only_with_trigger.py took 0.057 seconds
[2023-10-17 01:29:21,304] {processor.py:163} INFO - Started process (PID=31474) to work on /Users/namyoung/Desktop/myprj/airflow/airflow/lib/python3.7/site-packages/airflow/example_dags/example_latest_only_with_trigger.py
[2023-10-17 01:29:21,305] {processor.py:642} INFO - Processing file /Users/namyoung/Desktop/myprj/airflow/airflow/lib/python3.7/site-packages/airflow/example_dags/example_latest_only_with_trigger.py for tasks to queue
[2023-10-17 01:29:21,306] {logging_mixin.py:109} INFO - [2023-10-17 01:29:21,305] {dagbag.py:500} INFO - Filling up the DagBag from /Users/namyoung/Desktop/myprj/airflow/airflow/lib/python3.7/site-packages/airflow/example_dags/example_latest_only_with_trigger.py
[2023-10-17 01:29:21,317] {processor.py:654} INFO - DAG(s) dict_keys(['latest_only_with_trigger']) retrieved from /Users/namyoung/Desktop/myprj/airflow/airflow/lib/python3.7/site-packages/airflow/example_dags/example_latest_only_with_trigger.py
[2023-10-17 01:29:21,322] {logging_mixin.py:109} INFO - [2023-10-17 01:29:21,322] {dag.py:2396} INFO - Sync 1 DAGs
[2023-10-17 01:29:21,329] {logging_mixin.py:109} INFO - [2023-10-17 01:29:21,329] {dag.py:2935} INFO - Setting next_dagrun for latest_only_with_trigger to 2023-10-16T12:29:21.329015+00:00
[2023-10-17 01:29:21,334] {processor.py:171} INFO - Processing /Users/namyoung/Desktop/myprj/airflow/airflow/lib/python3.7/site-packages/airflow/example_dags/example_latest_only_with_trigger.py took 0.032 seconds
[2023-10-17 03:06:32,977] {processor.py:163} INFO - Started process (PID=31734) to work on /Users/namyoung/Desktop/myprj/airflow/airflow/lib/python3.7/site-packages/airflow/example_dags/example_latest_only_with_trigger.py
[2023-10-17 03:06:32,978] {processor.py:642} INFO - Processing file /Users/namyoung/Desktop/myprj/airflow/airflow/lib/python3.7/site-packages/airflow/example_dags/example_latest_only_with_trigger.py for tasks to queue
[2023-10-17 03:06:32,978] {logging_mixin.py:109} INFO - [2023-10-17 03:06:32,978] {dagbag.py:500} INFO - Filling up the DagBag from /Users/namyoung/Desktop/myprj/airflow/airflow/lib/python3.7/site-packages/airflow/example_dags/example_latest_only_with_trigger.py
[2023-10-17 03:06:32,991] {processor.py:654} INFO - DAG(s) dict_keys(['latest_only_with_trigger']) retrieved from /Users/namyoung/Desktop/myprj/airflow/airflow/lib/python3.7/site-packages/airflow/example_dags/example_latest_only_with_trigger.py
[2023-10-17 03:06:32,998] {logging_mixin.py:109} INFO - [2023-10-17 03:06:32,998] {dag.py:2396} INFO - Sync 1 DAGs
[2023-10-17 03:06:33,006] {logging_mixin.py:109} INFO - [2023-10-17 03:06:33,005] {dag.py:2935} INFO - Setting next_dagrun for latest_only_with_trigger to 2023-10-16T14:06:33.005656+00:00
[2023-10-17 03:06:33,011] {processor.py:171} INFO - Processing /Users/namyoung/Desktop/myprj/airflow/airflow/lib/python3.7/site-packages/airflow/example_dags/example_latest_only_with_trigger.py took 0.036 seconds
[2023-10-17 04:40:08,484] {processor.py:163} INFO - Started process (PID=31886) to work on /Users/namyoung/Desktop/myprj/airflow/airflow/lib/python3.7/site-packages/airflow/example_dags/example_latest_only_with_trigger.py
[2023-10-17 04:40:08,484] {processor.py:642} INFO - Processing file /Users/namyoung/Desktop/myprj/airflow/airflow/lib/python3.7/site-packages/airflow/example_dags/example_latest_only_with_trigger.py for tasks to queue
[2023-10-17 04:40:08,485] {logging_mixin.py:109} INFO - [2023-10-17 04:40:08,485] {dagbag.py:500} INFO - Filling up the DagBag from /Users/namyoung/Desktop/myprj/airflow/airflow/lib/python3.7/site-packages/airflow/example_dags/example_latest_only_with_trigger.py
[2023-10-17 04:40:08,498] {processor.py:654} INFO - DAG(s) dict_keys(['latest_only_with_trigger']) retrieved from /Users/namyoung/Desktop/myprj/airflow/airflow/lib/python3.7/site-packages/airflow/example_dags/example_latest_only_with_trigger.py
[2023-10-17 04:40:08,504] {logging_mixin.py:109} INFO - [2023-10-17 04:40:08,504] {dag.py:2396} INFO - Sync 1 DAGs
[2023-10-17 04:40:08,512] {logging_mixin.py:109} INFO - [2023-10-17 04:40:08,512] {dag.py:2935} INFO - Setting next_dagrun for latest_only_with_trigger to 2023-10-16T15:40:08.512009+00:00
[2023-10-17 04:40:08,517] {processor.py:171} INFO - Processing /Users/namyoung/Desktop/myprj/airflow/airflow/lib/python3.7/site-packages/airflow/example_dags/example_latest_only_with_trigger.py took 0.036 seconds
[2023-10-17 06:34:54,056] {processor.py:163} INFO - Started process (PID=32160) to work on /Users/namyoung/Desktop/myprj/airflow/airflow/lib/python3.7/site-packages/airflow/example_dags/example_latest_only_with_trigger.py
[2023-10-17 06:34:54,057] {processor.py:642} INFO - Processing file /Users/namyoung/Desktop/myprj/airflow/airflow/lib/python3.7/site-packages/airflow/example_dags/example_latest_only_with_trigger.py for tasks to queue
[2023-10-17 06:34:54,058] {logging_mixin.py:109} INFO - [2023-10-17 06:34:54,058] {dagbag.py:500} INFO - Filling up the DagBag from /Users/namyoung/Desktop/myprj/airflow/airflow/lib/python3.7/site-packages/airflow/example_dags/example_latest_only_with_trigger.py
[2023-10-17 06:34:54,074] {processor.py:654} INFO - DAG(s) dict_keys(['latest_only_with_trigger']) retrieved from /Users/namyoung/Desktop/myprj/airflow/airflow/lib/python3.7/site-packages/airflow/example_dags/example_latest_only_with_trigger.py
[2023-10-17 06:34:54,081] {logging_mixin.py:109} INFO - [2023-10-17 06:34:54,080] {dag.py:2396} INFO - Sync 1 DAGs
[2023-10-17 06:34:54,090] {logging_mixin.py:109} INFO - [2023-10-17 06:34:54,090] {dag.py:2935} INFO - Setting next_dagrun for latest_only_with_trigger to 2023-10-16T17:34:54.089842+00:00
[2023-10-17 06:34:54,097] {processor.py:171} INFO - Processing /Users/namyoung/Desktop/myprj/airflow/airflow/lib/python3.7/site-packages/airflow/example_dags/example_latest_only_with_trigger.py took 0.042 seconds
[2023-10-17 07:56:53,363] {processor.py:163} INFO - Started process (PID=32289) to work on /Users/namyoung/Desktop/myprj/airflow/airflow/lib/python3.7/site-packages/airflow/example_dags/example_latest_only_with_trigger.py
[2023-10-17 07:56:53,365] {processor.py:642} INFO - Processing file /Users/namyoung/Desktop/myprj/airflow/airflow/lib/python3.7/site-packages/airflow/example_dags/example_latest_only_with_trigger.py for tasks to queue
[2023-10-17 07:56:53,366] {logging_mixin.py:109} INFO - [2023-10-17 07:56:53,366] {dagbag.py:500} INFO - Filling up the DagBag from /Users/namyoung/Desktop/myprj/airflow/airflow/lib/python3.7/site-packages/airflow/example_dags/example_latest_only_with_trigger.py
[2023-10-17 07:56:53,392] {processor.py:654} INFO - DAG(s) dict_keys(['latest_only_with_trigger']) retrieved from /Users/namyoung/Desktop/myprj/airflow/airflow/lib/python3.7/site-packages/airflow/example_dags/example_latest_only_with_trigger.py
[2023-10-17 07:56:53,400] {logging_mixin.py:109} INFO - [2023-10-17 07:56:53,400] {dag.py:2396} INFO - Sync 1 DAGs
[2023-10-17 07:56:53,409] {logging_mixin.py:109} INFO - [2023-10-17 07:56:53,409] {dag.py:2935} INFO - Setting next_dagrun for latest_only_with_trigger to 2023-10-16T18:56:53.408945+00:00
[2023-10-17 07:56:53,415] {processor.py:171} INFO - Processing /Users/namyoung/Desktop/myprj/airflow/airflow/lib/python3.7/site-packages/airflow/example_dags/example_latest_only_with_trigger.py took 0.058 seconds
