[2023-10-16 09:40:05,210] {processor.py:163} INFO - Started process (PID=29481) to work on /Users/namyoung/Desktop/myprj/airflow/airflow/lib/python3.7/site-packages/airflow/example_dags/example_external_task_marker_dag.py
[2023-10-16 09:40:05,210] {processor.py:642} INFO - Processing file /Users/namyoung/Desktop/myprj/airflow/airflow/lib/python3.7/site-packages/airflow/example_dags/example_external_task_marker_dag.py for tasks to queue
[2023-10-16 09:40:05,211] {logging_mixin.py:109} INFO - [2023-10-16 09:40:05,211] {dagbag.py:500} INFO - Filling up the DagBag from /Users/namyoung/Desktop/myprj/airflow/airflow/lib/python3.7/site-packages/airflow/example_dags/example_external_task_marker_dag.py
[2023-10-16 09:40:05,222] {processor.py:654} INFO - DAG(s) dict_keys(['example_external_task_marker_parent', 'example_external_task_marker_child']) retrieved from /Users/namyoung/Desktop/myprj/airflow/airflow/lib/python3.7/site-packages/airflow/example_dags/example_external_task_marker_dag.py
[2023-10-16 09:40:05,228] {logging_mixin.py:109} INFO - [2023-10-16 09:40:05,228] {dag.py:2396} INFO - Sync 2 DAGs
[2023-10-16 09:40:05,235] {logging_mixin.py:109} INFO - [2023-10-16 09:40:05,235] {dag.py:2935} INFO - Setting next_dagrun for example_external_task_marker_child to None
[2023-10-16 09:40:05,235] {logging_mixin.py:109} INFO - [2023-10-16 09:40:05,235] {dag.py:2935} INFO - Setting next_dagrun for example_external_task_marker_parent to None
[2023-10-16 09:40:05,241] {processor.py:171} INFO - Processing /Users/namyoung/Desktop/myprj/airflow/airflow/lib/python3.7/site-packages/airflow/example_dags/example_external_task_marker_dag.py took 0.033 seconds
[2023-10-16 11:14:28,346] {processor.py:163} INFO - Started process (PID=29751) to work on /Users/namyoung/Desktop/myprj/airflow/airflow/lib/python3.7/site-packages/airflow/example_dags/example_external_task_marker_dag.py
[2023-10-16 11:14:28,348] {processor.py:642} INFO - Processing file /Users/namyoung/Desktop/myprj/airflow/airflow/lib/python3.7/site-packages/airflow/example_dags/example_external_task_marker_dag.py for tasks to queue
[2023-10-16 11:14:28,350] {logging_mixin.py:109} INFO - [2023-10-16 11:14:28,349] {dagbag.py:500} INFO - Filling up the DagBag from /Users/namyoung/Desktop/myprj/airflow/airflow/lib/python3.7/site-packages/airflow/example_dags/example_external_task_marker_dag.py
[2023-10-16 11:14:28,378] {processor.py:654} INFO - DAG(s) dict_keys(['example_external_task_marker_parent', 'example_external_task_marker_child']) retrieved from /Users/namyoung/Desktop/myprj/airflow/airflow/lib/python3.7/site-packages/airflow/example_dags/example_external_task_marker_dag.py
[2023-10-16 11:14:28,388] {logging_mixin.py:109} INFO - [2023-10-16 11:14:28,388] {dag.py:2396} INFO - Sync 2 DAGs
[2023-10-16 11:14:28,396] {logging_mixin.py:109} INFO - [2023-10-16 11:14:28,396] {dag.py:2935} INFO - Setting next_dagrun for example_external_task_marker_child to None
[2023-10-16 11:14:28,397] {logging_mixin.py:109} INFO - [2023-10-16 11:14:28,397] {dag.py:2935} INFO - Setting next_dagrun for example_external_task_marker_parent to None
[2023-10-16 11:14:28,402] {processor.py:171} INFO - Processing /Users/namyoung/Desktop/myprj/airflow/airflow/lib/python3.7/site-packages/airflow/example_dags/example_external_task_marker_dag.py took 0.061 seconds
[2023-10-16 12:56:56,503] {processor.py:163} INFO - Started process (PID=29884) to work on /Users/namyoung/Desktop/myprj/airflow/airflow/lib/python3.7/site-packages/airflow/example_dags/example_external_task_marker_dag.py
[2023-10-16 12:56:56,503] {processor.py:642} INFO - Processing file /Users/namyoung/Desktop/myprj/airflow/airflow/lib/python3.7/site-packages/airflow/example_dags/example_external_task_marker_dag.py for tasks to queue
[2023-10-16 12:56:56,504] {logging_mixin.py:109} INFO - [2023-10-16 12:56:56,504] {dagbag.py:500} INFO - Filling up the DagBag from /Users/namyoung/Desktop/myprj/airflow/airflow/lib/python3.7/site-packages/airflow/example_dags/example_external_task_marker_dag.py
[2023-10-16 12:56:56,517] {processor.py:654} INFO - DAG(s) dict_keys(['example_external_task_marker_parent', 'example_external_task_marker_child']) retrieved from /Users/namyoung/Desktop/myprj/airflow/airflow/lib/python3.7/site-packages/airflow/example_dags/example_external_task_marker_dag.py
[2023-10-16 12:56:56,524] {logging_mixin.py:109} INFO - [2023-10-16 12:56:56,523] {dag.py:2396} INFO - Sync 2 DAGs
[2023-10-16 12:56:56,531] {logging_mixin.py:109} INFO - [2023-10-16 12:56:56,530] {dag.py:2935} INFO - Setting next_dagrun for example_external_task_marker_child to None
[2023-10-16 12:56:56,531] {logging_mixin.py:109} INFO - [2023-10-16 12:56:56,531] {dag.py:2935} INFO - Setting next_dagrun for example_external_task_marker_parent to None
[2023-10-16 12:56:56,536] {processor.py:171} INFO - Processing /Users/namyoung/Desktop/myprj/airflow/airflow/lib/python3.7/site-packages/airflow/example_dags/example_external_task_marker_dag.py took 0.036 seconds
[2023-10-16 14:38:52,597] {processor.py:163} INFO - Started process (PID=30156) to work on /Users/namyoung/Desktop/myprj/airflow/airflow/lib/python3.7/site-packages/airflow/example_dags/example_external_task_marker_dag.py
[2023-10-16 14:38:52,598] {processor.py:642} INFO - Processing file /Users/namyoung/Desktop/myprj/airflow/airflow/lib/python3.7/site-packages/airflow/example_dags/example_external_task_marker_dag.py for tasks to queue
[2023-10-16 14:38:52,598] {logging_mixin.py:109} INFO - [2023-10-16 14:38:52,598] {dagbag.py:500} INFO - Filling up the DagBag from /Users/namyoung/Desktop/myprj/airflow/airflow/lib/python3.7/site-packages/airflow/example_dags/example_external_task_marker_dag.py
[2023-10-16 14:38:52,610] {processor.py:654} INFO - DAG(s) dict_keys(['example_external_task_marker_parent', 'example_external_task_marker_child']) retrieved from /Users/namyoung/Desktop/myprj/airflow/airflow/lib/python3.7/site-packages/airflow/example_dags/example_external_task_marker_dag.py
[2023-10-16 14:38:52,617] {logging_mixin.py:109} INFO - [2023-10-16 14:38:52,617] {dag.py:2396} INFO - Sync 2 DAGs
[2023-10-16 14:38:52,624] {logging_mixin.py:109} INFO - [2023-10-16 14:38:52,624] {dag.py:2935} INFO - Setting next_dagrun for example_external_task_marker_child to None
[2023-10-16 14:38:52,624] {logging_mixin.py:109} INFO - [2023-10-16 14:38:52,624] {dag.py:2935} INFO - Setting next_dagrun for example_external_task_marker_parent to None
[2023-10-16 14:38:52,630] {processor.py:171} INFO - Processing /Users/namyoung/Desktop/myprj/airflow/airflow/lib/python3.7/site-packages/airflow/example_dags/example_external_task_marker_dag.py took 0.035 seconds
[2023-10-16 16:21:32,534] {processor.py:163} INFO - Started process (PID=30305) to work on /Users/namyoung/Desktop/myprj/airflow/airflow/lib/python3.7/site-packages/airflow/example_dags/example_external_task_marker_dag.py
[2023-10-16 16:21:32,535] {processor.py:642} INFO - Processing file /Users/namyoung/Desktop/myprj/airflow/airflow/lib/python3.7/site-packages/airflow/example_dags/example_external_task_marker_dag.py for tasks to queue
[2023-10-16 16:21:32,537] {logging_mixin.py:109} INFO - [2023-10-16 16:21:32,536] {dagbag.py:500} INFO - Filling up the DagBag from /Users/namyoung/Desktop/myprj/airflow/airflow/lib/python3.7/site-packages/airflow/example_dags/example_external_task_marker_dag.py
[2023-10-16 16:21:32,565] {processor.py:654} INFO - DAG(s) dict_keys(['example_external_task_marker_parent', 'example_external_task_marker_child']) retrieved from /Users/namyoung/Desktop/myprj/airflow/airflow/lib/python3.7/site-packages/airflow/example_dags/example_external_task_marker_dag.py
[2023-10-16 16:21:32,576] {logging_mixin.py:109} INFO - [2023-10-16 16:21:32,576] {dag.py:2396} INFO - Sync 2 DAGs
[2023-10-16 16:21:32,587] {logging_mixin.py:109} INFO - [2023-10-16 16:21:32,587] {dag.py:2935} INFO - Setting next_dagrun for example_external_task_marker_child to None
[2023-10-16 16:21:32,587] {logging_mixin.py:109} INFO - [2023-10-16 16:21:32,587] {dag.py:2935} INFO - Setting next_dagrun for example_external_task_marker_parent to None
[2023-10-16 16:21:32,593] {processor.py:171} INFO - Processing /Users/namyoung/Desktop/myprj/airflow/airflow/lib/python3.7/site-packages/airflow/example_dags/example_external_task_marker_dag.py took 0.065 seconds
[2023-10-16 17:46:59,380] {processor.py:163} INFO - Started process (PID=30566) to work on /Users/namyoung/Desktop/myprj/airflow/airflow/lib/python3.7/site-packages/airflow/example_dags/example_external_task_marker_dag.py
[2023-10-16 17:46:59,381] {processor.py:642} INFO - Processing file /Users/namyoung/Desktop/myprj/airflow/airflow/lib/python3.7/site-packages/airflow/example_dags/example_external_task_marker_dag.py for tasks to queue
[2023-10-16 17:46:59,381] {logging_mixin.py:109} INFO - [2023-10-16 17:46:59,381] {dagbag.py:500} INFO - Filling up the DagBag from /Users/namyoung/Desktop/myprj/airflow/airflow/lib/python3.7/site-packages/airflow/example_dags/example_external_task_marker_dag.py
[2023-10-16 17:46:59,395] {processor.py:654} INFO - DAG(s) dict_keys(['example_external_task_marker_parent', 'example_external_task_marker_child']) retrieved from /Users/namyoung/Desktop/myprj/airflow/airflow/lib/python3.7/site-packages/airflow/example_dags/example_external_task_marker_dag.py
[2023-10-16 17:46:59,403] {logging_mixin.py:109} INFO - [2023-10-16 17:46:59,403] {dag.py:2396} INFO - Sync 2 DAGs
[2023-10-16 17:46:59,410] {logging_mixin.py:109} INFO - [2023-10-16 17:46:59,410] {dag.py:2935} INFO - Setting next_dagrun for example_external_task_marker_child to None
[2023-10-16 17:46:59,411] {logging_mixin.py:109} INFO - [2023-10-16 17:46:59,411] {dag.py:2935} INFO - Setting next_dagrun for example_external_task_marker_parent to None
[2023-10-16 17:46:59,416] {processor.py:171} INFO - Processing /Users/namyoung/Desktop/myprj/airflow/airflow/lib/python3.7/site-packages/airflow/example_dags/example_external_task_marker_dag.py took 0.038 seconds
[2023-10-16 19:28:05,121] {processor.py:163} INFO - Started process (PID=30700) to work on /Users/namyoung/Desktop/myprj/airflow/airflow/lib/python3.7/site-packages/airflow/example_dags/example_external_task_marker_dag.py
[2023-10-16 19:28:05,121] {processor.py:642} INFO - Processing file /Users/namyoung/Desktop/myprj/airflow/airflow/lib/python3.7/site-packages/airflow/example_dags/example_external_task_marker_dag.py for tasks to queue
[2023-10-16 19:28:05,122] {logging_mixin.py:109} INFO - [2023-10-16 19:28:05,122] {dagbag.py:500} INFO - Filling up the DagBag from /Users/namyoung/Desktop/myprj/airflow/airflow/lib/python3.7/site-packages/airflow/example_dags/example_external_task_marker_dag.py
[2023-10-16 19:28:05,134] {processor.py:654} INFO - DAG(s) dict_keys(['example_external_task_marker_parent', 'example_external_task_marker_child']) retrieved from /Users/namyoung/Desktop/myprj/airflow/airflow/lib/python3.7/site-packages/airflow/example_dags/example_external_task_marker_dag.py
[2023-10-16 19:28:05,141] {logging_mixin.py:109} INFO - [2023-10-16 19:28:05,141] {dag.py:2396} INFO - Sync 2 DAGs
[2023-10-16 19:28:05,149] {logging_mixin.py:109} INFO - [2023-10-16 19:28:05,148] {dag.py:2935} INFO - Setting next_dagrun for example_external_task_marker_child to None
[2023-10-16 19:28:05,149] {logging_mixin.py:109} INFO - [2023-10-16 19:28:05,149] {dag.py:2935} INFO - Setting next_dagrun for example_external_task_marker_parent to None
[2023-10-16 19:28:05,154] {processor.py:171} INFO - Processing /Users/namyoung/Desktop/myprj/airflow/airflow/lib/python3.7/site-packages/airflow/example_dags/example_external_task_marker_dag.py took 0.036 seconds
[2023-10-16 21:07:22,963] {processor.py:163} INFO - Started process (PID=30963) to work on /Users/namyoung/Desktop/myprj/airflow/airflow/lib/python3.7/site-packages/airflow/example_dags/example_external_task_marker_dag.py
[2023-10-16 21:07:22,964] {processor.py:642} INFO - Processing file /Users/namyoung/Desktop/myprj/airflow/airflow/lib/python3.7/site-packages/airflow/example_dags/example_external_task_marker_dag.py for tasks to queue
[2023-10-16 21:07:22,965] {logging_mixin.py:109} INFO - [2023-10-16 21:07:22,965] {dagbag.py:500} INFO - Filling up the DagBag from /Users/namyoung/Desktop/myprj/airflow/airflow/lib/python3.7/site-packages/airflow/example_dags/example_external_task_marker_dag.py
[2023-10-16 21:07:22,986] {processor.py:654} INFO - DAG(s) dict_keys(['example_external_task_marker_parent', 'example_external_task_marker_child']) retrieved from /Users/namyoung/Desktop/myprj/airflow/airflow/lib/python3.7/site-packages/airflow/example_dags/example_external_task_marker_dag.py
[2023-10-16 21:07:22,997] {logging_mixin.py:109} INFO - [2023-10-16 21:07:22,997] {dag.py:2396} INFO - Sync 2 DAGs
[2023-10-16 21:07:23,007] {logging_mixin.py:109} INFO - [2023-10-16 21:07:23,007] {dag.py:2935} INFO - Setting next_dagrun for example_external_task_marker_child to None
[2023-10-16 21:07:23,007] {logging_mixin.py:109} INFO - [2023-10-16 21:07:23,007] {dag.py:2935} INFO - Setting next_dagrun for example_external_task_marker_parent to None
[2023-10-16 21:07:23,016] {processor.py:171} INFO - Processing /Users/namyoung/Desktop/myprj/airflow/airflow/lib/python3.7/site-packages/airflow/example_dags/example_external_task_marker_dag.py took 0.057 seconds
[2023-10-16 22:27:25,633] {processor.py:163} INFO - Started process (PID=31096) to work on /Users/namyoung/Desktop/myprj/airflow/airflow/lib/python3.7/site-packages/airflow/example_dags/example_external_task_marker_dag.py
[2023-10-16 22:27:25,634] {processor.py:642} INFO - Processing file /Users/namyoung/Desktop/myprj/airflow/airflow/lib/python3.7/site-packages/airflow/example_dags/example_external_task_marker_dag.py for tasks to queue
[2023-10-16 22:27:25,635] {logging_mixin.py:109} INFO - [2023-10-16 22:27:25,635] {dagbag.py:500} INFO - Filling up the DagBag from /Users/namyoung/Desktop/myprj/airflow/airflow/lib/python3.7/site-packages/airflow/example_dags/example_external_task_marker_dag.py
[2023-10-16 22:27:25,647] {processor.py:654} INFO - DAG(s) dict_keys(['example_external_task_marker_parent', 'example_external_task_marker_child']) retrieved from /Users/namyoung/Desktop/myprj/airflow/airflow/lib/python3.7/site-packages/airflow/example_dags/example_external_task_marker_dag.py
[2023-10-16 22:27:25,653] {logging_mixin.py:109} INFO - [2023-10-16 22:27:25,653] {dag.py:2396} INFO - Sync 2 DAGs
[2023-10-16 22:27:25,660] {logging_mixin.py:109} INFO - [2023-10-16 22:27:25,660] {dag.py:2935} INFO - Setting next_dagrun for example_external_task_marker_child to None
[2023-10-16 22:27:25,661] {logging_mixin.py:109} INFO - [2023-10-16 22:27:25,660] {dag.py:2935} INFO - Setting next_dagrun for example_external_task_marker_parent to None
[2023-10-16 22:27:25,666] {processor.py:171} INFO - Processing /Users/namyoung/Desktop/myprj/airflow/airflow/lib/python3.7/site-packages/airflow/example_dags/example_external_task_marker_dag.py took 0.037 seconds
[2023-10-17 00:08:25,587] {processor.py:163} INFO - Started process (PID=31354) to work on /Users/namyoung/Desktop/myprj/airflow/airflow/lib/python3.7/site-packages/airflow/example_dags/example_external_task_marker_dag.py
[2023-10-17 00:08:25,588] {processor.py:642} INFO - Processing file /Users/namyoung/Desktop/myprj/airflow/airflow/lib/python3.7/site-packages/airflow/example_dags/example_external_task_marker_dag.py for tasks to queue
[2023-10-17 00:08:25,589] {logging_mixin.py:109} INFO - [2023-10-17 00:08:25,589] {dagbag.py:500} INFO - Filling up the DagBag from /Users/namyoung/Desktop/myprj/airflow/airflow/lib/python3.7/site-packages/airflow/example_dags/example_external_task_marker_dag.py
[2023-10-17 00:08:25,602] {processor.py:654} INFO - DAG(s) dict_keys(['example_external_task_marker_parent', 'example_external_task_marker_child']) retrieved from /Users/namyoung/Desktop/myprj/airflow/airflow/lib/python3.7/site-packages/airflow/example_dags/example_external_task_marker_dag.py
[2023-10-17 00:08:25,608] {logging_mixin.py:109} INFO - [2023-10-17 00:08:25,608] {dag.py:2396} INFO - Sync 2 DAGs
[2023-10-17 00:08:25,614] {logging_mixin.py:109} INFO - [2023-10-17 00:08:25,614] {dag.py:2935} INFO - Setting next_dagrun for example_external_task_marker_child to None
[2023-10-17 00:08:25,615] {logging_mixin.py:109} INFO - [2023-10-17 00:08:25,615] {dag.py:2935} INFO - Setting next_dagrun for example_external_task_marker_parent to None
[2023-10-17 00:08:25,620] {processor.py:171} INFO - Processing /Users/namyoung/Desktop/myprj/airflow/airflow/lib/python3.7/site-packages/airflow/example_dags/example_external_task_marker_dag.py took 0.035 seconds
[2023-10-17 01:47:21,338] {processor.py:163} INFO - Started process (PID=31486) to work on /Users/namyoung/Desktop/myprj/airflow/airflow/lib/python3.7/site-packages/airflow/example_dags/example_external_task_marker_dag.py
[2023-10-17 01:47:21,339] {processor.py:642} INFO - Processing file /Users/namyoung/Desktop/myprj/airflow/airflow/lib/python3.7/site-packages/airflow/example_dags/example_external_task_marker_dag.py for tasks to queue
[2023-10-17 01:47:21,339] {logging_mixin.py:109} INFO - [2023-10-17 01:47:21,339] {dagbag.py:500} INFO - Filling up the DagBag from /Users/namyoung/Desktop/myprj/airflow/airflow/lib/python3.7/site-packages/airflow/example_dags/example_external_task_marker_dag.py
[2023-10-17 01:47:21,355] {processor.py:654} INFO - DAG(s) dict_keys(['example_external_task_marker_parent', 'example_external_task_marker_child']) retrieved from /Users/namyoung/Desktop/myprj/airflow/airflow/lib/python3.7/site-packages/airflow/example_dags/example_external_task_marker_dag.py
[2023-10-17 01:47:21,364] {logging_mixin.py:109} INFO - [2023-10-17 01:47:21,364] {dag.py:2396} INFO - Sync 2 DAGs
[2023-10-17 01:47:21,373] {logging_mixin.py:109} INFO - [2023-10-17 01:47:21,373] {dag.py:2935} INFO - Setting next_dagrun for example_external_task_marker_child to None
[2023-10-17 01:47:21,373] {logging_mixin.py:109} INFO - [2023-10-17 01:47:21,373] {dag.py:2935} INFO - Setting next_dagrun for example_external_task_marker_parent to None
[2023-10-17 01:47:21,379] {processor.py:171} INFO - Processing /Users/namyoung/Desktop/myprj/airflow/airflow/lib/python3.7/site-packages/airflow/example_dags/example_external_task_marker_dag.py took 0.044 seconds
[2023-10-17 03:06:35,790] {processor.py:163} INFO - Started process (PID=31743) to work on /Users/namyoung/Desktop/myprj/airflow/airflow/lib/python3.7/site-packages/airflow/example_dags/example_external_task_marker_dag.py
[2023-10-17 03:06:35,791] {processor.py:642} INFO - Processing file /Users/namyoung/Desktop/myprj/airflow/airflow/lib/python3.7/site-packages/airflow/example_dags/example_external_task_marker_dag.py for tasks to queue
[2023-10-17 03:06:35,792] {logging_mixin.py:109} INFO - [2023-10-17 03:06:35,792] {dagbag.py:500} INFO - Filling up the DagBag from /Users/namyoung/Desktop/myprj/airflow/airflow/lib/python3.7/site-packages/airflow/example_dags/example_external_task_marker_dag.py
[2023-10-17 03:06:35,803] {processor.py:654} INFO - DAG(s) dict_keys(['example_external_task_marker_parent', 'example_external_task_marker_child']) retrieved from /Users/namyoung/Desktop/myprj/airflow/airflow/lib/python3.7/site-packages/airflow/example_dags/example_external_task_marker_dag.py
[2023-10-17 03:06:35,810] {logging_mixin.py:109} INFO - [2023-10-17 03:06:35,810] {dag.py:2396} INFO - Sync 2 DAGs
[2023-10-17 03:06:35,817] {logging_mixin.py:109} INFO - [2023-10-17 03:06:35,817] {dag.py:2935} INFO - Setting next_dagrun for example_external_task_marker_child to None
[2023-10-17 03:06:35,817] {logging_mixin.py:109} INFO - [2023-10-17 03:06:35,817] {dag.py:2935} INFO - Setting next_dagrun for example_external_task_marker_parent to None
[2023-10-17 03:06:35,822] {processor.py:171} INFO - Processing /Users/namyoung/Desktop/myprj/airflow/airflow/lib/python3.7/site-packages/airflow/example_dags/example_external_task_marker_dag.py took 0.034 seconds
[2023-10-17 04:40:11,312] {processor.py:163} INFO - Started process (PID=31891) to work on /Users/namyoung/Desktop/myprj/airflow/airflow/lib/python3.7/site-packages/airflow/example_dags/example_external_task_marker_dag.py
[2023-10-17 04:40:11,315] {processor.py:642} INFO - Processing file /Users/namyoung/Desktop/myprj/airflow/airflow/lib/python3.7/site-packages/airflow/example_dags/example_external_task_marker_dag.py for tasks to queue
[2023-10-17 04:40:11,316] {logging_mixin.py:109} INFO - [2023-10-17 04:40:11,316] {dagbag.py:500} INFO - Filling up the DagBag from /Users/namyoung/Desktop/myprj/airflow/airflow/lib/python3.7/site-packages/airflow/example_dags/example_external_task_marker_dag.py
[2023-10-17 04:40:11,344] {processor.py:654} INFO - DAG(s) dict_keys(['example_external_task_marker_parent', 'example_external_task_marker_child']) retrieved from /Users/namyoung/Desktop/myprj/airflow/airflow/lib/python3.7/site-packages/airflow/example_dags/example_external_task_marker_dag.py
[2023-10-17 04:40:11,356] {logging_mixin.py:109} INFO - [2023-10-17 04:40:11,355] {dag.py:2396} INFO - Sync 2 DAGs
[2023-10-17 04:40:11,365] {logging_mixin.py:109} INFO - [2023-10-17 04:40:11,365] {dag.py:2935} INFO - Setting next_dagrun for example_external_task_marker_child to None
[2023-10-17 04:40:11,365] {logging_mixin.py:109} INFO - [2023-10-17 04:40:11,365] {dag.py:2935} INFO - Setting next_dagrun for example_external_task_marker_parent to None
[2023-10-17 04:40:11,371] {processor.py:171} INFO - Processing /Users/namyoung/Desktop/myprj/airflow/airflow/lib/python3.7/site-packages/airflow/example_dags/example_external_task_marker_dag.py took 0.065 seconds
[2023-10-17 06:34:56,885] {processor.py:163} INFO - Started process (PID=32175) to work on /Users/namyoung/Desktop/myprj/airflow/airflow/lib/python3.7/site-packages/airflow/example_dags/example_external_task_marker_dag.py
[2023-10-17 06:34:56,887] {processor.py:642} INFO - Processing file /Users/namyoung/Desktop/myprj/airflow/airflow/lib/python3.7/site-packages/airflow/example_dags/example_external_task_marker_dag.py for tasks to queue
[2023-10-17 06:34:56,888] {logging_mixin.py:109} INFO - [2023-10-17 06:34:56,888] {dagbag.py:500} INFO - Filling up the DagBag from /Users/namyoung/Desktop/myprj/airflow/airflow/lib/python3.7/site-packages/airflow/example_dags/example_external_task_marker_dag.py
[2023-10-17 06:34:56,912] {processor.py:654} INFO - DAG(s) dict_keys(['example_external_task_marker_parent', 'example_external_task_marker_child']) retrieved from /Users/namyoung/Desktop/myprj/airflow/airflow/lib/python3.7/site-packages/airflow/example_dags/example_external_task_marker_dag.py
[2023-10-17 06:34:56,921] {logging_mixin.py:109} INFO - [2023-10-17 06:34:56,920] {dag.py:2396} INFO - Sync 2 DAGs
[2023-10-17 06:34:56,929] {logging_mixin.py:109} INFO - [2023-10-17 06:34:56,929] {dag.py:2935} INFO - Setting next_dagrun for example_external_task_marker_child to None
[2023-10-17 06:34:56,930] {logging_mixin.py:109} INFO - [2023-10-17 06:34:56,930] {dag.py:2935} INFO - Setting next_dagrun for example_external_task_marker_parent to None
[2023-10-17 06:34:56,935] {processor.py:171} INFO - Processing /Users/namyoung/Desktop/myprj/airflow/airflow/lib/python3.7/site-packages/airflow/example_dags/example_external_task_marker_dag.py took 0.055 seconds
[2023-10-17 08:14:47,047] {processor.py:163} INFO - Started process (PID=32309) to work on /Users/namyoung/Desktop/myprj/airflow/airflow/lib/python3.7/site-packages/airflow/example_dags/example_external_task_marker_dag.py
[2023-10-17 08:14:47,048] {processor.py:642} INFO - Processing file /Users/namyoung/Desktop/myprj/airflow/airflow/lib/python3.7/site-packages/airflow/example_dags/example_external_task_marker_dag.py for tasks to queue
[2023-10-17 08:14:47,048] {logging_mixin.py:109} INFO - [2023-10-17 08:14:47,048] {dagbag.py:500} INFO - Filling up the DagBag from /Users/namyoung/Desktop/myprj/airflow/airflow/lib/python3.7/site-packages/airflow/example_dags/example_external_task_marker_dag.py
[2023-10-17 08:14:47,062] {processor.py:654} INFO - DAG(s) dict_keys(['example_external_task_marker_parent', 'example_external_task_marker_child']) retrieved from /Users/namyoung/Desktop/myprj/airflow/airflow/lib/python3.7/site-packages/airflow/example_dags/example_external_task_marker_dag.py
[2023-10-17 08:14:47,069] {logging_mixin.py:109} INFO - [2023-10-17 08:14:47,069] {dag.py:2396} INFO - Sync 2 DAGs
[2023-10-17 08:14:47,077] {logging_mixin.py:109} INFO - [2023-10-17 08:14:47,076] {dag.py:2935} INFO - Setting next_dagrun for example_external_task_marker_child to None
[2023-10-17 08:14:47,077] {logging_mixin.py:109} INFO - [2023-10-17 08:14:47,077] {dag.py:2935} INFO - Setting next_dagrun for example_external_task_marker_parent to None
[2023-10-17 08:14:47,082] {processor.py:171} INFO - Processing /Users/namyoung/Desktop/myprj/airflow/airflow/lib/python3.7/site-packages/airflow/example_dags/example_external_task_marker_dag.py took 0.037 seconds
