[2023-10-16 10:11:58,021] {processor.py:163} INFO - Started process (PID=29517) to work on /Users/namyoung/Desktop/myprj/airflow/airflow/lib/python3.7/site-packages/airflow/example_dags/example_bash_operator.py
[2023-10-16 10:11:58,022] {processor.py:642} INFO - Processing file /Users/namyoung/Desktop/myprj/airflow/airflow/lib/python3.7/site-packages/airflow/example_dags/example_bash_operator.py for tasks to queue
[2023-10-16 10:11:58,022] {logging_mixin.py:109} INFO - [2023-10-16 10:11:58,022] {dagbag.py:500} INFO - Filling up the DagBag from /Users/namyoung/Desktop/myprj/airflow/airflow/lib/python3.7/site-packages/airflow/example_dags/example_bash_operator.py
[2023-10-16 10:11:58,039] {processor.py:654} INFO - DAG(s) dict_keys(['example_bash_operator']) retrieved from /Users/namyoung/Desktop/myprj/airflow/airflow/lib/python3.7/site-packages/airflow/example_dags/example_bash_operator.py
[2023-10-16 10:11:58,045] {logging_mixin.py:109} INFO - [2023-10-16 10:11:58,044] {dag.py:2396} INFO - Sync 1 DAGs
[2023-10-16 10:11:58,053] {logging_mixin.py:109} INFO - [2023-10-16 10:11:58,053] {dag.py:2935} INFO - Setting next_dagrun for example_bash_operator to 2023-10-16T00:00:00+00:00
[2023-10-16 10:11:58,058] {processor.py:171} INFO - Processing /Users/namyoung/Desktop/myprj/airflow/airflow/lib/python3.7/site-packages/airflow/example_dags/example_bash_operator.py took 0.039 seconds
[2023-10-16 13:14:11,095] {processor.py:163} INFO - Started process (PID=29917) to work on /Users/namyoung/Desktop/myprj/airflow/airflow/lib/python3.7/site-packages/airflow/example_dags/example_bash_operator.py
[2023-10-16 13:14:11,096] {processor.py:642} INFO - Processing file /Users/namyoung/Desktop/myprj/airflow/airflow/lib/python3.7/site-packages/airflow/example_dags/example_bash_operator.py for tasks to queue
[2023-10-16 13:14:11,096] {logging_mixin.py:109} INFO - [2023-10-16 13:14:11,096] {dagbag.py:500} INFO - Filling up the DagBag from /Users/namyoung/Desktop/myprj/airflow/airflow/lib/python3.7/site-packages/airflow/example_dags/example_bash_operator.py
[2023-10-16 13:14:11,111] {processor.py:654} INFO - DAG(s) dict_keys(['example_bash_operator']) retrieved from /Users/namyoung/Desktop/myprj/airflow/airflow/lib/python3.7/site-packages/airflow/example_dags/example_bash_operator.py
[2023-10-16 13:14:11,116] {logging_mixin.py:109} INFO - [2023-10-16 13:14:11,116] {dag.py:2396} INFO - Sync 1 DAGs
[2023-10-16 13:14:11,124] {logging_mixin.py:109} INFO - [2023-10-16 13:14:11,124] {dag.py:2935} INFO - Setting next_dagrun for example_bash_operator to 2023-10-16T00:00:00+00:00
[2023-10-16 13:14:11,130] {processor.py:171} INFO - Processing /Users/namyoung/Desktop/myprj/airflow/airflow/lib/python3.7/site-packages/airflow/example_dags/example_bash_operator.py took 0.038 seconds
[2023-10-16 15:14:18,031] {processor.py:163} INFO - Started process (PID=30192) to work on /Users/namyoung/Desktop/myprj/airflow/airflow/lib/python3.7/site-packages/airflow/example_dags/example_bash_operator.py
[2023-10-16 15:14:18,032] {processor.py:642} INFO - Processing file /Users/namyoung/Desktop/myprj/airflow/airflow/lib/python3.7/site-packages/airflow/example_dags/example_bash_operator.py for tasks to queue
[2023-10-16 15:14:18,033] {logging_mixin.py:109} INFO - [2023-10-16 15:14:18,032] {dagbag.py:500} INFO - Filling up the DagBag from /Users/namyoung/Desktop/myprj/airflow/airflow/lib/python3.7/site-packages/airflow/example_dags/example_bash_operator.py
[2023-10-16 15:14:18,048] {processor.py:654} INFO - DAG(s) dict_keys(['example_bash_operator']) retrieved from /Users/namyoung/Desktop/myprj/airflow/airflow/lib/python3.7/site-packages/airflow/example_dags/example_bash_operator.py
[2023-10-16 15:14:18,054] {logging_mixin.py:109} INFO - [2023-10-16 15:14:18,054] {dag.py:2396} INFO - Sync 1 DAGs
[2023-10-16 15:14:18,064] {logging_mixin.py:109} INFO - [2023-10-16 15:14:18,064] {dag.py:2935} INFO - Setting next_dagrun for example_bash_operator to 2023-10-16T00:00:00+00:00
[2023-10-16 15:14:18,069] {processor.py:171} INFO - Processing /Users/namyoung/Desktop/myprj/airflow/airflow/lib/python3.7/site-packages/airflow/example_dags/example_bash_operator.py took 0.040 seconds
[2023-10-16 18:03:23,891] {processor.py:163} INFO - Started process (PID=30593) to work on /Users/namyoung/Desktop/myprj/airflow/airflow/lib/python3.7/site-packages/airflow/example_dags/example_bash_operator.py
[2023-10-16 18:03:23,893] {processor.py:642} INFO - Processing file /Users/namyoung/Desktop/myprj/airflow/airflow/lib/python3.7/site-packages/airflow/example_dags/example_bash_operator.py for tasks to queue
[2023-10-16 18:03:23,894] {logging_mixin.py:109} INFO - [2023-10-16 18:03:23,894] {dagbag.py:500} INFO - Filling up the DagBag from /Users/namyoung/Desktop/myprj/airflow/airflow/lib/python3.7/site-packages/airflow/example_dags/example_bash_operator.py
[2023-10-16 18:03:23,922] {processor.py:654} INFO - DAG(s) dict_keys(['example_bash_operator']) retrieved from /Users/namyoung/Desktop/myprj/airflow/airflow/lib/python3.7/site-packages/airflow/example_dags/example_bash_operator.py
[2023-10-16 18:03:23,930] {logging_mixin.py:109} INFO - [2023-10-16 18:03:23,930] {dag.py:2396} INFO - Sync 1 DAGs
[2023-10-16 18:03:23,939] {logging_mixin.py:109} INFO - [2023-10-16 18:03:23,939] {dag.py:2935} INFO - Setting next_dagrun for example_bash_operator to 2023-10-16T00:00:00+00:00
[2023-10-16 18:03:23,945] {processor.py:171} INFO - Processing /Users/namyoung/Desktop/myprj/airflow/airflow/lib/python3.7/site-packages/airflow/example_dags/example_bash_operator.py took 0.060 seconds
[2023-10-16 21:23:22,189] {processor.py:163} INFO - Started process (PID=30996) to work on /Users/namyoung/Desktop/myprj/airflow/airflow/lib/python3.7/site-packages/airflow/example_dags/example_bash_operator.py
[2023-10-16 21:23:22,190] {processor.py:642} INFO - Processing file /Users/namyoung/Desktop/myprj/airflow/airflow/lib/python3.7/site-packages/airflow/example_dags/example_bash_operator.py for tasks to queue
[2023-10-16 21:23:22,190] {logging_mixin.py:109} INFO - [2023-10-16 21:23:22,190] {dagbag.py:500} INFO - Filling up the DagBag from /Users/namyoung/Desktop/myprj/airflow/airflow/lib/python3.7/site-packages/airflow/example_dags/example_bash_operator.py
[2023-10-16 21:23:22,205] {processor.py:654} INFO - DAG(s) dict_keys(['example_bash_operator']) retrieved from /Users/namyoung/Desktop/myprj/airflow/airflow/lib/python3.7/site-packages/airflow/example_dags/example_bash_operator.py
[2023-10-16 21:23:22,211] {logging_mixin.py:109} INFO - [2023-10-16 21:23:22,211] {dag.py:2396} INFO - Sync 1 DAGs
[2023-10-16 21:23:22,220] {logging_mixin.py:109} INFO - [2023-10-16 21:23:22,220] {dag.py:2935} INFO - Setting next_dagrun for example_bash_operator to 2023-10-16T00:00:00+00:00
[2023-10-16 21:23:22,225] {processor.py:171} INFO - Processing /Users/namyoung/Desktop/myprj/airflow/airflow/lib/python3.7/site-packages/airflow/example_dags/example_bash_operator.py took 0.038 seconds
[2023-10-17 00:24:33,095] {processor.py:163} INFO - Started process (PID=31375) to work on /Users/namyoung/Desktop/myprj/airflow/airflow/lib/python3.7/site-packages/airflow/example_dags/example_bash_operator.py
[2023-10-17 00:24:33,096] {processor.py:642} INFO - Processing file /Users/namyoung/Desktop/myprj/airflow/airflow/lib/python3.7/site-packages/airflow/example_dags/example_bash_operator.py for tasks to queue
[2023-10-17 00:24:33,096] {logging_mixin.py:109} INFO - [2023-10-17 00:24:33,096] {dagbag.py:500} INFO - Filling up the DagBag from /Users/namyoung/Desktop/myprj/airflow/airflow/lib/python3.7/site-packages/airflow/example_dags/example_bash_operator.py
[2023-10-17 00:24:33,112] {processor.py:654} INFO - DAG(s) dict_keys(['example_bash_operator']) retrieved from /Users/namyoung/Desktop/myprj/airflow/airflow/lib/python3.7/site-packages/airflow/example_dags/example_bash_operator.py
[2023-10-17 00:24:33,118] {logging_mixin.py:109} INFO - [2023-10-17 00:24:33,118] {dag.py:2396} INFO - Sync 1 DAGs
[2023-10-17 00:24:33,128] {logging_mixin.py:109} INFO - [2023-10-17 00:24:33,128] {dag.py:2935} INFO - Setting next_dagrun for example_bash_operator to 2023-10-16T00:00:00+00:00
[2023-10-17 00:24:33,134] {processor.py:171} INFO - Processing /Users/namyoung/Desktop/myprj/airflow/airflow/lib/python3.7/site-packages/airflow/example_dags/example_bash_operator.py took 0.041 seconds
[2023-10-17 03:21:50,794] {processor.py:163} INFO - Started process (PID=31767) to work on /Users/namyoung/Desktop/myprj/airflow/airflow/lib/python3.7/site-packages/airflow/example_dags/example_bash_operator.py
[2023-10-17 03:21:50,796] {processor.py:642} INFO - Processing file /Users/namyoung/Desktop/myprj/airflow/airflow/lib/python3.7/site-packages/airflow/example_dags/example_bash_operator.py for tasks to queue
[2023-10-17 03:21:50,797] {logging_mixin.py:109} INFO - [2023-10-17 03:21:50,797] {dagbag.py:500} INFO - Filling up the DagBag from /Users/namyoung/Desktop/myprj/airflow/airflow/lib/python3.7/site-packages/airflow/example_dags/example_bash_operator.py
[2023-10-17 03:21:50,825] {processor.py:654} INFO - DAG(s) dict_keys(['example_bash_operator']) retrieved from /Users/namyoung/Desktop/myprj/airflow/airflow/lib/python3.7/site-packages/airflow/example_dags/example_bash_operator.py
[2023-10-17 03:21:50,835] {logging_mixin.py:109} INFO - [2023-10-17 03:21:50,835] {dag.py:2396} INFO - Sync 1 DAGs
[2023-10-17 03:21:50,845] {logging_mixin.py:109} INFO - [2023-10-17 03:21:50,845] {dag.py:2935} INFO - Setting next_dagrun for example_bash_operator to 2023-10-16T00:00:00+00:00
[2023-10-17 03:21:50,850] {processor.py:171} INFO - Processing /Users/namyoung/Desktop/myprj/airflow/airflow/lib/python3.7/site-packages/airflow/example_dags/example_bash_operator.py took 0.061 seconds
[2023-10-17 05:12:22,392] {processor.py:163} INFO - Started process (PID=31935) to work on /Users/namyoung/Desktop/myprj/airflow/airflow/lib/python3.7/site-packages/airflow/example_dags/example_bash_operator.py
[2023-10-17 05:12:22,393] {processor.py:642} INFO - Processing file /Users/namyoung/Desktop/myprj/airflow/airflow/lib/python3.7/site-packages/airflow/example_dags/example_bash_operator.py for tasks to queue
[2023-10-17 05:12:22,394] {logging_mixin.py:109} INFO - [2023-10-17 05:12:22,394] {dagbag.py:500} INFO - Filling up the DagBag from /Users/namyoung/Desktop/myprj/airflow/airflow/lib/python3.7/site-packages/airflow/example_dags/example_bash_operator.py
[2023-10-17 05:12:22,408] {processor.py:654} INFO - DAG(s) dict_keys(['example_bash_operator']) retrieved from /Users/namyoung/Desktop/myprj/airflow/airflow/lib/python3.7/site-packages/airflow/example_dags/example_bash_operator.py
[2023-10-17 05:12:22,415] {logging_mixin.py:109} INFO - [2023-10-17 05:12:22,415] {dag.py:2396} INFO - Sync 1 DAGs
[2023-10-17 05:12:22,423] {logging_mixin.py:109} INFO - [2023-10-17 05:12:22,423] {dag.py:2935} INFO - Setting next_dagrun for example_bash_operator to 2023-10-16T00:00:00+00:00
[2023-10-17 05:12:22,431] {processor.py:171} INFO - Processing /Users/namyoung/Desktop/myprj/airflow/airflow/lib/python3.7/site-packages/airflow/example_dags/example_bash_operator.py took 0.040 seconds
[2023-10-17 08:30:50,073] {processor.py:163} INFO - Started process (PID=32328) to work on /Users/namyoung/Desktop/myprj/airflow/airflow/lib/python3.7/site-packages/airflow/example_dags/example_bash_operator.py
[2023-10-17 08:30:50,074] {processor.py:642} INFO - Processing file /Users/namyoung/Desktop/myprj/airflow/airflow/lib/python3.7/site-packages/airflow/example_dags/example_bash_operator.py for tasks to queue
[2023-10-17 08:30:50,075] {logging_mixin.py:109} INFO - [2023-10-17 08:30:50,075] {dagbag.py:500} INFO - Filling up the DagBag from /Users/namyoung/Desktop/myprj/airflow/airflow/lib/python3.7/site-packages/airflow/example_dags/example_bash_operator.py
[2023-10-17 08:30:50,089] {processor.py:654} INFO - DAG(s) dict_keys(['example_bash_operator']) retrieved from /Users/namyoung/Desktop/myprj/airflow/airflow/lib/python3.7/site-packages/airflow/example_dags/example_bash_operator.py
[2023-10-17 08:30:50,095] {logging_mixin.py:109} INFO - [2023-10-17 08:30:50,095] {dag.py:2396} INFO - Sync 1 DAGs
[2023-10-17 08:30:50,104] {logging_mixin.py:109} INFO - [2023-10-17 08:30:50,103] {dag.py:2935} INFO - Setting next_dagrun for example_bash_operator to 2023-10-16T00:00:00+00:00
[2023-10-17 08:30:50,109] {processor.py:171} INFO - Processing /Users/namyoung/Desktop/myprj/airflow/airflow/lib/python3.7/site-packages/airflow/example_dags/example_bash_operator.py took 0.038 seconds
