[2023-10-16 09:04:39,255] {processor.py:163} INFO - Started process (PID=29396) to work on /Users/namyoung/Desktop/myprj/airflow/airflow/lib/python3.7/site-packages/airflow/example_dags/example_latest_only.py
[2023-10-16 09:04:39,256] {processor.py:642} INFO - Processing file /Users/namyoung/Desktop/myprj/airflow/airflow/lib/python3.7/site-packages/airflow/example_dags/example_latest_only.py for tasks to queue
[2023-10-16 09:04:39,256] {logging_mixin.py:109} INFO - [2023-10-16 09:04:39,256] {dagbag.py:500} INFO - Filling up the DagBag from /Users/namyoung/Desktop/myprj/airflow/airflow/lib/python3.7/site-packages/airflow/example_dags/example_latest_only.py
[2023-10-16 09:04:39,268] {processor.py:654} INFO - DAG(s) dict_keys(['latest_only']) retrieved from /Users/namyoung/Desktop/myprj/airflow/airflow/lib/python3.7/site-packages/airflow/example_dags/example_latest_only.py
[2023-10-16 09:04:39,273] {logging_mixin.py:109} INFO - [2023-10-16 09:04:39,273] {dag.py:2396} INFO - Sync 1 DAGs
[2023-10-16 09:04:39,280] {logging_mixin.py:109} INFO - [2023-10-16 09:04:39,280] {dag.py:2935} INFO - Setting next_dagrun for latest_only to 2023-10-15T20:04:39.280069+00:00
[2023-10-16 09:04:39,287] {processor.py:171} INFO - Processing /Users/namyoung/Desktop/myprj/airflow/airflow/lib/python3.7/site-packages/airflow/example_dags/example_latest_only.py took 0.034 seconds
[2023-10-16 11:14:26,682] {processor.py:163} INFO - Started process (PID=29744) to work on /Users/namyoung/Desktop/myprj/airflow/airflow/lib/python3.7/site-packages/airflow/example_dags/example_latest_only.py
[2023-10-16 11:14:26,684] {processor.py:642} INFO - Processing file /Users/namyoung/Desktop/myprj/airflow/airflow/lib/python3.7/site-packages/airflow/example_dags/example_latest_only.py for tasks to queue
[2023-10-16 11:14:26,685] {logging_mixin.py:109} INFO - [2023-10-16 11:14:26,685] {dagbag.py:500} INFO - Filling up the DagBag from /Users/namyoung/Desktop/myprj/airflow/airflow/lib/python3.7/site-packages/airflow/example_dags/example_latest_only.py
[2023-10-16 11:14:26,709] {processor.py:654} INFO - DAG(s) dict_keys(['latest_only']) retrieved from /Users/namyoung/Desktop/myprj/airflow/airflow/lib/python3.7/site-packages/airflow/example_dags/example_latest_only.py
[2023-10-16 11:14:26,717] {logging_mixin.py:109} INFO - [2023-10-16 11:14:26,716] {dag.py:2396} INFO - Sync 1 DAGs
[2023-10-16 11:14:26,725] {logging_mixin.py:109} INFO - [2023-10-16 11:14:26,725] {dag.py:2935} INFO - Setting next_dagrun for latest_only to 2023-10-15T22:14:26.725064+00:00
[2023-10-16 11:14:26,732] {processor.py:171} INFO - Processing /Users/namyoung/Desktop/myprj/airflow/airflow/lib/python3.7/site-packages/airflow/example_dags/example_latest_only.py took 0.055 seconds
[2023-10-16 12:56:54,146] {processor.py:163} INFO - Started process (PID=29873) to work on /Users/namyoung/Desktop/myprj/airflow/airflow/lib/python3.7/site-packages/airflow/example_dags/example_latest_only.py
[2023-10-16 12:56:54,147] {processor.py:642} INFO - Processing file /Users/namyoung/Desktop/myprj/airflow/airflow/lib/python3.7/site-packages/airflow/example_dags/example_latest_only.py for tasks to queue
[2023-10-16 12:56:54,148] {logging_mixin.py:109} INFO - [2023-10-16 12:56:54,147] {dagbag.py:500} INFO - Filling up the DagBag from /Users/namyoung/Desktop/myprj/airflow/airflow/lib/python3.7/site-packages/airflow/example_dags/example_latest_only.py
[2023-10-16 12:56:54,160] {processor.py:654} INFO - DAG(s) dict_keys(['latest_only']) retrieved from /Users/namyoung/Desktop/myprj/airflow/airflow/lib/python3.7/site-packages/airflow/example_dags/example_latest_only.py
[2023-10-16 12:56:54,167] {logging_mixin.py:109} INFO - [2023-10-16 12:56:54,166] {dag.py:2396} INFO - Sync 1 DAGs
[2023-10-16 12:56:54,175] {logging_mixin.py:109} INFO - [2023-10-16 12:56:54,174] {dag.py:2935} INFO - Setting next_dagrun for latest_only to 2023-10-15T23:56:54.173937+00:00
[2023-10-16 12:56:54,181] {processor.py:171} INFO - Processing /Users/namyoung/Desktop/myprj/airflow/airflow/lib/python3.7/site-packages/airflow/example_dags/example_latest_only.py took 0.037 seconds
[2023-10-16 14:38:51,016] {processor.py:163} INFO - Started process (PID=30143) to work on /Users/namyoung/Desktop/myprj/airflow/airflow/lib/python3.7/site-packages/airflow/example_dags/example_latest_only.py
[2023-10-16 14:38:51,018] {processor.py:642} INFO - Processing file /Users/namyoung/Desktop/myprj/airflow/airflow/lib/python3.7/site-packages/airflow/example_dags/example_latest_only.py for tasks to queue
[2023-10-16 14:38:51,019] {logging_mixin.py:109} INFO - [2023-10-16 14:38:51,018] {dagbag.py:500} INFO - Filling up the DagBag from /Users/namyoung/Desktop/myprj/airflow/airflow/lib/python3.7/site-packages/airflow/example_dags/example_latest_only.py
[2023-10-16 14:38:51,040] {processor.py:654} INFO - DAG(s) dict_keys(['latest_only']) retrieved from /Users/namyoung/Desktop/myprj/airflow/airflow/lib/python3.7/site-packages/airflow/example_dags/example_latest_only.py
[2023-10-16 14:38:51,048] {logging_mixin.py:109} INFO - [2023-10-16 14:38:51,048] {dag.py:2396} INFO - Sync 1 DAGs
[2023-10-16 14:38:51,059] {logging_mixin.py:109} INFO - [2023-10-16 14:38:51,058] {dag.py:2935} INFO - Setting next_dagrun for latest_only to 2023-10-16T01:38:51.058553+00:00
[2023-10-16 14:38:51,070] {processor.py:171} INFO - Processing /Users/namyoung/Desktop/myprj/airflow/airflow/lib/python3.7/site-packages/airflow/example_dags/example_latest_only.py took 0.057 seconds
[2023-10-16 16:21:30,205] {processor.py:163} INFO - Started process (PID=30298) to work on /Users/namyoung/Desktop/myprj/airflow/airflow/lib/python3.7/site-packages/airflow/example_dags/example_latest_only.py
[2023-10-16 16:21:30,206] {processor.py:642} INFO - Processing file /Users/namyoung/Desktop/myprj/airflow/airflow/lib/python3.7/site-packages/airflow/example_dags/example_latest_only.py for tasks to queue
[2023-10-16 16:21:30,206] {logging_mixin.py:109} INFO - [2023-10-16 16:21:30,206] {dagbag.py:500} INFO - Filling up the DagBag from /Users/namyoung/Desktop/myprj/airflow/airflow/lib/python3.7/site-packages/airflow/example_dags/example_latest_only.py
[2023-10-16 16:21:30,218] {processor.py:654} INFO - DAG(s) dict_keys(['latest_only']) retrieved from /Users/namyoung/Desktop/myprj/airflow/airflow/lib/python3.7/site-packages/airflow/example_dags/example_latest_only.py
[2023-10-16 16:21:30,225] {logging_mixin.py:109} INFO - [2023-10-16 16:21:30,225] {dag.py:2396} INFO - Sync 1 DAGs
[2023-10-16 16:21:30,232] {logging_mixin.py:109} INFO - [2023-10-16 16:21:30,232] {dag.py:2935} INFO - Setting next_dagrun for latest_only to 2023-10-16T03:21:30.232180+00:00
[2023-10-16 16:21:30,240] {processor.py:171} INFO - Processing /Users/namyoung/Desktop/myprj/airflow/airflow/lib/python3.7/site-packages/airflow/example_dags/example_latest_only.py took 0.037 seconds
[2023-10-16 17:30:56,509] {processor.py:163} INFO - Started process (PID=30555) to work on /Users/namyoung/Desktop/myprj/airflow/airflow/lib/python3.7/site-packages/airflow/example_dags/example_latest_only.py
[2023-10-16 17:30:56,511] {processor.py:642} INFO - Processing file /Users/namyoung/Desktop/myprj/airflow/airflow/lib/python3.7/site-packages/airflow/example_dags/example_latest_only.py for tasks to queue
[2023-10-16 17:30:56,512] {logging_mixin.py:109} INFO - [2023-10-16 17:30:56,512] {dagbag.py:500} INFO - Filling up the DagBag from /Users/namyoung/Desktop/myprj/airflow/airflow/lib/python3.7/site-packages/airflow/example_dags/example_latest_only.py
[2023-10-16 17:30:56,539] {processor.py:654} INFO - DAG(s) dict_keys(['latest_only']) retrieved from /Users/namyoung/Desktop/myprj/airflow/airflow/lib/python3.7/site-packages/airflow/example_dags/example_latest_only.py
[2023-10-16 17:30:56,548] {logging_mixin.py:109} INFO - [2023-10-16 17:30:56,548] {dag.py:2396} INFO - Sync 1 DAGs
[2023-10-16 17:30:56,557] {logging_mixin.py:109} INFO - [2023-10-16 17:30:56,557] {dag.py:2935} INFO - Setting next_dagrun for latest_only to 2023-10-16T04:30:56.557416+00:00
[2023-10-16 17:30:56,564] {processor.py:171} INFO - Processing /Users/namyoung/Desktop/myprj/airflow/airflow/lib/python3.7/site-packages/airflow/example_dags/example_latest_only.py took 0.060 seconds
[2023-10-16 19:10:08,796] {processor.py:163} INFO - Started process (PID=30684) to work on /Users/namyoung/Desktop/myprj/airflow/airflow/lib/python3.7/site-packages/airflow/example_dags/example_latest_only.py
[2023-10-16 19:10:08,797] {processor.py:642} INFO - Processing file /Users/namyoung/Desktop/myprj/airflow/airflow/lib/python3.7/site-packages/airflow/example_dags/example_latest_only.py for tasks to queue
[2023-10-16 19:10:08,798] {logging_mixin.py:109} INFO - [2023-10-16 19:10:08,798] {dagbag.py:500} INFO - Filling up the DagBag from /Users/namyoung/Desktop/myprj/airflow/airflow/lib/python3.7/site-packages/airflow/example_dags/example_latest_only.py
[2023-10-16 19:10:08,811] {processor.py:654} INFO - DAG(s) dict_keys(['latest_only']) retrieved from /Users/namyoung/Desktop/myprj/airflow/airflow/lib/python3.7/site-packages/airflow/example_dags/example_latest_only.py
[2023-10-16 19:10:08,816] {logging_mixin.py:109} INFO - [2023-10-16 19:10:08,816] {dag.py:2396} INFO - Sync 1 DAGs
[2023-10-16 19:10:08,823] {logging_mixin.py:109} INFO - [2023-10-16 19:10:08,823] {dag.py:2935} INFO - Setting next_dagrun for latest_only to 2023-10-16T06:10:08.822818+00:00
[2023-10-16 19:10:08,828] {processor.py:171} INFO - Processing /Users/namyoung/Desktop/myprj/airflow/airflow/lib/python3.7/site-packages/airflow/example_dags/example_latest_only.py took 0.035 seconds
[2023-10-16 20:52:08,850] {processor.py:163} INFO - Started process (PID=30951) to work on /Users/namyoung/Desktop/myprj/airflow/airflow/lib/python3.7/site-packages/airflow/example_dags/example_latest_only.py
[2023-10-16 20:52:08,851] {processor.py:642} INFO - Processing file /Users/namyoung/Desktop/myprj/airflow/airflow/lib/python3.7/site-packages/airflow/example_dags/example_latest_only.py for tasks to queue
[2023-10-16 20:52:08,853] {logging_mixin.py:109} INFO - [2023-10-16 20:52:08,852] {dagbag.py:500} INFO - Filling up the DagBag from /Users/namyoung/Desktop/myprj/airflow/airflow/lib/python3.7/site-packages/airflow/example_dags/example_latest_only.py
[2023-10-16 20:52:08,878] {processor.py:654} INFO - DAG(s) dict_keys(['latest_only']) retrieved from /Users/namyoung/Desktop/myprj/airflow/airflow/lib/python3.7/site-packages/airflow/example_dags/example_latest_only.py
[2023-10-16 20:52:08,886] {logging_mixin.py:109} INFO - [2023-10-16 20:52:08,886] {dag.py:2396} INFO - Sync 1 DAGs
[2023-10-16 20:52:08,895] {logging_mixin.py:109} INFO - [2023-10-16 20:52:08,895] {dag.py:2935} INFO - Setting next_dagrun for latest_only to 2023-10-16T07:52:08.894916+00:00
[2023-10-16 20:52:08,900] {processor.py:171} INFO - Processing /Users/namyoung/Desktop/myprj/airflow/airflow/lib/python3.7/site-packages/airflow/example_dags/example_latest_only.py took 0.056 seconds
[2023-10-16 22:27:23,333] {processor.py:163} INFO - Started process (PID=31094) to work on /Users/namyoung/Desktop/myprj/airflow/airflow/lib/python3.7/site-packages/airflow/example_dags/example_latest_only.py
[2023-10-16 22:27:23,334] {processor.py:642} INFO - Processing file /Users/namyoung/Desktop/myprj/airflow/airflow/lib/python3.7/site-packages/airflow/example_dags/example_latest_only.py for tasks to queue
[2023-10-16 22:27:23,334] {logging_mixin.py:109} INFO - [2023-10-16 22:27:23,334] {dagbag.py:500} INFO - Filling up the DagBag from /Users/namyoung/Desktop/myprj/airflow/airflow/lib/python3.7/site-packages/airflow/example_dags/example_latest_only.py
[2023-10-16 22:27:23,346] {processor.py:654} INFO - DAG(s) dict_keys(['latest_only']) retrieved from /Users/namyoung/Desktop/myprj/airflow/airflow/lib/python3.7/site-packages/airflow/example_dags/example_latest_only.py
[2023-10-16 22:27:23,352] {logging_mixin.py:109} INFO - [2023-10-16 22:27:23,351] {dag.py:2396} INFO - Sync 1 DAGs
[2023-10-16 22:27:23,359] {logging_mixin.py:109} INFO - [2023-10-16 22:27:23,359] {dag.py:2935} INFO - Setting next_dagrun for latest_only to 2023-10-16T09:27:23.358836+00:00
[2023-10-16 22:27:23,366] {processor.py:171} INFO - Processing /Users/namyoung/Desktop/myprj/airflow/airflow/lib/python3.7/site-packages/airflow/example_dags/example_latest_only.py took 0.035 seconds
[2023-10-17 00:08:23,421] {processor.py:163} INFO - Started process (PID=31344) to work on /Users/namyoung/Desktop/myprj/airflow/airflow/lib/python3.7/site-packages/airflow/example_dags/example_latest_only.py
[2023-10-17 00:08:23,422] {processor.py:642} INFO - Processing file /Users/namyoung/Desktop/myprj/airflow/airflow/lib/python3.7/site-packages/airflow/example_dags/example_latest_only.py for tasks to queue
[2023-10-17 00:08:23,422] {logging_mixin.py:109} INFO - [2023-10-17 00:08:23,422] {dagbag.py:500} INFO - Filling up the DagBag from /Users/namyoung/Desktop/myprj/airflow/airflow/lib/python3.7/site-packages/airflow/example_dags/example_latest_only.py
[2023-10-17 00:08:23,435] {processor.py:654} INFO - DAG(s) dict_keys(['latest_only']) retrieved from /Users/namyoung/Desktop/myprj/airflow/airflow/lib/python3.7/site-packages/airflow/example_dags/example_latest_only.py
[2023-10-17 00:08:23,440] {logging_mixin.py:109} INFO - [2023-10-17 00:08:23,440] {dag.py:2396} INFO - Sync 1 DAGs
[2023-10-17 00:08:23,448] {logging_mixin.py:109} INFO - [2023-10-17 00:08:23,447] {dag.py:2935} INFO - Setting next_dagrun for latest_only to 2023-10-16T11:08:23.447751+00:00
[2023-10-17 00:08:23,453] {processor.py:171} INFO - Processing /Users/namyoung/Desktop/myprj/airflow/airflow/lib/python3.7/site-packages/airflow/example_dags/example_latest_only.py took 0.035 seconds
[2023-10-17 01:29:22,478] {processor.py:163} INFO - Started process (PID=31475) to work on /Users/namyoung/Desktop/myprj/airflow/airflow/lib/python3.7/site-packages/airflow/example_dags/example_latest_only.py
[2023-10-17 01:29:22,480] {processor.py:642} INFO - Processing file /Users/namyoung/Desktop/myprj/airflow/airflow/lib/python3.7/site-packages/airflow/example_dags/example_latest_only.py for tasks to queue
[2023-10-17 01:29:22,481] {logging_mixin.py:109} INFO - [2023-10-17 01:29:22,481] {dagbag.py:500} INFO - Filling up the DagBag from /Users/namyoung/Desktop/myprj/airflow/airflow/lib/python3.7/site-packages/airflow/example_dags/example_latest_only.py
[2023-10-17 01:29:22,505] {processor.py:654} INFO - DAG(s) dict_keys(['latest_only']) retrieved from /Users/namyoung/Desktop/myprj/airflow/airflow/lib/python3.7/site-packages/airflow/example_dags/example_latest_only.py
[2023-10-17 01:29:22,513] {logging_mixin.py:109} INFO - [2023-10-17 01:29:22,512] {dag.py:2396} INFO - Sync 1 DAGs
[2023-10-17 01:29:22,521] {logging_mixin.py:109} INFO - [2023-10-17 01:29:22,520] {dag.py:2935} INFO - Setting next_dagrun for latest_only to 2023-10-16T12:29:22.520652+00:00
[2023-10-17 01:29:22,526] {processor.py:171} INFO - Processing /Users/namyoung/Desktop/myprj/airflow/airflow/lib/python3.7/site-packages/airflow/example_dags/example_latest_only.py took 0.053 seconds
[2023-10-17 03:06:34,120] {processor.py:163} INFO - Started process (PID=31741) to work on /Users/namyoung/Desktop/myprj/airflow/airflow/lib/python3.7/site-packages/airflow/example_dags/example_latest_only.py
[2023-10-17 03:06:34,121] {processor.py:642} INFO - Processing file /Users/namyoung/Desktop/myprj/airflow/airflow/lib/python3.7/site-packages/airflow/example_dags/example_latest_only.py for tasks to queue
[2023-10-17 03:06:34,122] {logging_mixin.py:109} INFO - [2023-10-17 03:06:34,122] {dagbag.py:500} INFO - Filling up the DagBag from /Users/namyoung/Desktop/myprj/airflow/airflow/lib/python3.7/site-packages/airflow/example_dags/example_latest_only.py
[2023-10-17 03:06:34,135] {processor.py:654} INFO - DAG(s) dict_keys(['latest_only']) retrieved from /Users/namyoung/Desktop/myprj/airflow/airflow/lib/python3.7/site-packages/airflow/example_dags/example_latest_only.py
[2023-10-17 03:06:34,140] {logging_mixin.py:109} INFO - [2023-10-17 03:06:34,140] {dag.py:2396} INFO - Sync 1 DAGs
[2023-10-17 03:06:34,147] {logging_mixin.py:109} INFO - [2023-10-17 03:06:34,147] {dag.py:2935} INFO - Setting next_dagrun for latest_only to 2023-10-16T14:06:34.147455+00:00
[2023-10-17 03:06:34,153] {processor.py:171} INFO - Processing /Users/namyoung/Desktop/myprj/airflow/airflow/lib/python3.7/site-packages/airflow/example_dags/example_latest_only.py took 0.035 seconds
[2023-10-17 04:40:08,963] {processor.py:163} INFO - Started process (PID=31889) to work on /Users/namyoung/Desktop/myprj/airflow/airflow/lib/python3.7/site-packages/airflow/example_dags/example_latest_only.py
[2023-10-17 04:40:08,964] {processor.py:642} INFO - Processing file /Users/namyoung/Desktop/myprj/airflow/airflow/lib/python3.7/site-packages/airflow/example_dags/example_latest_only.py for tasks to queue
[2023-10-17 04:40:08,965] {logging_mixin.py:109} INFO - [2023-10-17 04:40:08,964] {dagbag.py:500} INFO - Filling up the DagBag from /Users/namyoung/Desktop/myprj/airflow/airflow/lib/python3.7/site-packages/airflow/example_dags/example_latest_only.py
[2023-10-17 04:40:08,976] {processor.py:654} INFO - DAG(s) dict_keys(['latest_only']) retrieved from /Users/namyoung/Desktop/myprj/airflow/airflow/lib/python3.7/site-packages/airflow/example_dags/example_latest_only.py
[2023-10-17 04:40:08,981] {logging_mixin.py:109} INFO - [2023-10-17 04:40:08,981] {dag.py:2396} INFO - Sync 1 DAGs
[2023-10-17 04:40:08,988] {logging_mixin.py:109} INFO - [2023-10-17 04:40:08,987] {dag.py:2935} INFO - Setting next_dagrun for latest_only to 2023-10-16T15:40:08.987745+00:00
[2023-10-17 04:40:08,995] {processor.py:171} INFO - Processing /Users/namyoung/Desktop/myprj/airflow/airflow/lib/python3.7/site-packages/airflow/example_dags/example_latest_only.py took 0.033 seconds
[2023-10-17 06:34:54,569] {processor.py:163} INFO - Started process (PID=32166) to work on /Users/namyoung/Desktop/myprj/airflow/airflow/lib/python3.7/site-packages/airflow/example_dags/example_latest_only.py
[2023-10-17 06:34:54,570] {processor.py:642} INFO - Processing file /Users/namyoung/Desktop/myprj/airflow/airflow/lib/python3.7/site-packages/airflow/example_dags/example_latest_only.py for tasks to queue
[2023-10-17 06:34:54,570] {logging_mixin.py:109} INFO - [2023-10-17 06:34:54,570] {dagbag.py:500} INFO - Filling up the DagBag from /Users/namyoung/Desktop/myprj/airflow/airflow/lib/python3.7/site-packages/airflow/example_dags/example_latest_only.py
[2023-10-17 06:34:54,584] {processor.py:654} INFO - DAG(s) dict_keys(['latest_only']) retrieved from /Users/namyoung/Desktop/myprj/airflow/airflow/lib/python3.7/site-packages/airflow/example_dags/example_latest_only.py
[2023-10-17 06:34:54,590] {logging_mixin.py:109} INFO - [2023-10-17 06:34:54,590] {dag.py:2396} INFO - Sync 1 DAGs
[2023-10-17 06:34:54,597] {logging_mixin.py:109} INFO - [2023-10-17 06:34:54,597] {dag.py:2935} INFO - Setting next_dagrun for latest_only to 2023-10-16T17:34:54.597240+00:00
[2023-10-17 06:34:54,603] {processor.py:171} INFO - Processing /Users/namyoung/Desktop/myprj/airflow/airflow/lib/python3.7/site-packages/airflow/example_dags/example_latest_only.py took 0.036 seconds
[2023-10-17 08:14:44,748] {processor.py:163} INFO - Started process (PID=32292) to work on /Users/namyoung/Desktop/myprj/airflow/airflow/lib/python3.7/site-packages/airflow/example_dags/example_latest_only.py
[2023-10-17 08:14:44,750] {processor.py:642} INFO - Processing file /Users/namyoung/Desktop/myprj/airflow/airflow/lib/python3.7/site-packages/airflow/example_dags/example_latest_only.py for tasks to queue
[2023-10-17 08:14:44,750] {logging_mixin.py:109} INFO - [2023-10-17 08:14:44,750] {dagbag.py:500} INFO - Filling up the DagBag from /Users/namyoung/Desktop/myprj/airflow/airflow/lib/python3.7/site-packages/airflow/example_dags/example_latest_only.py
[2023-10-17 08:14:44,771] {processor.py:654} INFO - DAG(s) dict_keys(['latest_only']) retrieved from /Users/namyoung/Desktop/myprj/airflow/airflow/lib/python3.7/site-packages/airflow/example_dags/example_latest_only.py
[2023-10-17 08:14:44,780] {logging_mixin.py:109} INFO - [2023-10-17 08:14:44,779] {dag.py:2396} INFO - Sync 1 DAGs
[2023-10-17 08:14:44,790] {logging_mixin.py:109} INFO - [2023-10-17 08:14:44,789] {dag.py:2935} INFO - Setting next_dagrun for latest_only to 2023-10-16T19:14:44.789554+00:00
[2023-10-17 08:14:44,813] {processor.py:171} INFO - Processing /Users/namyoung/Desktop/myprj/airflow/airflow/lib/python3.7/site-packages/airflow/example_dags/example_latest_only.py took 0.068 seconds
