[2023-10-16 09:56:34,327] {processor.py:163} INFO - Started process (PID=29499) to work on /Users/namyoung/Desktop/myprj/airflow/airflow/lib/python3.7/site-packages/airflow/example_dags/example_branch_python_dop_operator_3.py
[2023-10-16 09:56:34,328] {processor.py:642} INFO - Processing file /Users/namyoung/Desktop/myprj/airflow/airflow/lib/python3.7/site-packages/airflow/example_dags/example_branch_python_dop_operator_3.py for tasks to queue
[2023-10-16 09:56:34,328] {logging_mixin.py:109} INFO - [2023-10-16 09:56:34,328] {dagbag.py:500} INFO - Filling up the DagBag from /Users/namyoung/Desktop/myprj/airflow/airflow/lib/python3.7/site-packages/airflow/example_dags/example_branch_python_dop_operator_3.py
[2023-10-16 09:56:34,341] {processor.py:654} INFO - DAG(s) dict_keys(['example_branch_dop_operator_v3']) retrieved from /Users/namyoung/Desktop/myprj/airflow/airflow/lib/python3.7/site-packages/airflow/example_dags/example_branch_python_dop_operator_3.py
[2023-10-16 09:56:34,348] {logging_mixin.py:109} INFO - [2023-10-16 09:56:34,348] {dag.py:2396} INFO - Sync 1 DAGs
[2023-10-16 09:56:34,359] {logging_mixin.py:109} INFO - [2023-10-16 09:56:34,358] {dag.py:2935} INFO - Setting next_dagrun for example_branch_dop_operator_v3 to 2023-10-16T00:55:00+00:00
[2023-10-16 09:56:34,366] {processor.py:171} INFO - Processing /Users/namyoung/Desktop/myprj/airflow/airflow/lib/python3.7/site-packages/airflow/example_dags/example_branch_python_dop_operator_3.py took 0.041 seconds
[2023-10-16 11:32:30,511] {processor.py:163} INFO - Started process (PID=29771) to work on /Users/namyoung/Desktop/myprj/airflow/airflow/lib/python3.7/site-packages/airflow/example_dags/example_branch_python_dop_operator_3.py
[2023-10-16 11:32:30,512] {processor.py:642} INFO - Processing file /Users/namyoung/Desktop/myprj/airflow/airflow/lib/python3.7/site-packages/airflow/example_dags/example_branch_python_dop_operator_3.py for tasks to queue
[2023-10-16 11:32:30,512] {logging_mixin.py:109} INFO - [2023-10-16 11:32:30,512] {dagbag.py:500} INFO - Filling up the DagBag from /Users/namyoung/Desktop/myprj/airflow/airflow/lib/python3.7/site-packages/airflow/example_dags/example_branch_python_dop_operator_3.py
[2023-10-16 11:32:30,526] {processor.py:654} INFO - DAG(s) dict_keys(['example_branch_dop_operator_v3']) retrieved from /Users/namyoung/Desktop/myprj/airflow/airflow/lib/python3.7/site-packages/airflow/example_dags/example_branch_python_dop_operator_3.py
[2023-10-16 11:32:30,532] {logging_mixin.py:109} INFO - [2023-10-16 11:32:30,532] {dag.py:2396} INFO - Sync 1 DAGs
[2023-10-16 11:32:30,541] {logging_mixin.py:109} INFO - [2023-10-16 11:32:30,541] {dag.py:2935} INFO - Setting next_dagrun for example_branch_dop_operator_v3 to 2023-10-16T02:31:00+00:00
[2023-10-16 11:32:30,546] {processor.py:171} INFO - Processing /Users/namyoung/Desktop/myprj/airflow/airflow/lib/python3.7/site-packages/airflow/example_dags/example_branch_python_dop_operator_3.py took 0.037 seconds
[2023-10-16 13:14:07,109] {processor.py:163} INFO - Started process (PID=29898) to work on /Users/namyoung/Desktop/myprj/airflow/airflow/lib/python3.7/site-packages/airflow/example_dags/example_branch_python_dop_operator_3.py
[2023-10-16 13:14:07,111] {processor.py:642} INFO - Processing file /Users/namyoung/Desktop/myprj/airflow/airflow/lib/python3.7/site-packages/airflow/example_dags/example_branch_python_dop_operator_3.py for tasks to queue
[2023-10-16 13:14:07,111] {logging_mixin.py:109} INFO - [2023-10-16 13:14:07,111] {dagbag.py:500} INFO - Filling up the DagBag from /Users/namyoung/Desktop/myprj/airflow/airflow/lib/python3.7/site-packages/airflow/example_dags/example_branch_python_dop_operator_3.py
[2023-10-16 13:14:07,131] {processor.py:654} INFO - DAG(s) dict_keys(['example_branch_dop_operator_v3']) retrieved from /Users/namyoung/Desktop/myprj/airflow/airflow/lib/python3.7/site-packages/airflow/example_dags/example_branch_python_dop_operator_3.py
[2023-10-16 13:14:07,139] {logging_mixin.py:109} INFO - [2023-10-16 13:14:07,138] {dag.py:2396} INFO - Sync 1 DAGs
[2023-10-16 13:14:07,149] {logging_mixin.py:109} INFO - [2023-10-16 13:14:07,149] {dag.py:2935} INFO - Setting next_dagrun for example_branch_dop_operator_v3 to 2023-10-16T04:13:00+00:00
[2023-10-16 13:14:07,155] {processor.py:171} INFO - Processing /Users/namyoung/Desktop/myprj/airflow/airflow/lib/python3.7/site-packages/airflow/example_dags/example_branch_python_dop_operator_3.py took 0.049 seconds
[2023-10-16 14:56:35,899] {processor.py:163} INFO - Started process (PID=30164) to work on /Users/namyoung/Desktop/myprj/airflow/airflow/lib/python3.7/site-packages/airflow/example_dags/example_branch_python_dop_operator_3.py
[2023-10-16 14:56:35,908] {processor.py:642} INFO - Processing file /Users/namyoung/Desktop/myprj/airflow/airflow/lib/python3.7/site-packages/airflow/example_dags/example_branch_python_dop_operator_3.py for tasks to queue
[2023-10-16 14:56:35,910] {logging_mixin.py:109} INFO - [2023-10-16 14:56:35,910] {dagbag.py:500} INFO - Filling up the DagBag from /Users/namyoung/Desktop/myprj/airflow/airflow/lib/python3.7/site-packages/airflow/example_dags/example_branch_python_dop_operator_3.py
[2023-10-16 14:56:35,951] {processor.py:654} INFO - DAG(s) dict_keys(['example_branch_dop_operator_v3']) retrieved from /Users/namyoung/Desktop/myprj/airflow/airflow/lib/python3.7/site-packages/airflow/example_dags/example_branch_python_dop_operator_3.py
[2023-10-16 14:56:35,962] {logging_mixin.py:109} INFO - [2023-10-16 14:56:35,962] {dag.py:2396} INFO - Sync 1 DAGs
[2023-10-16 14:56:35,978] {logging_mixin.py:109} INFO - [2023-10-16 14:56:35,978] {dag.py:2935} INFO - Setting next_dagrun for example_branch_dop_operator_v3 to 2023-10-16T05:55:00+00:00
[2023-10-16 14:56:36,038] {processor.py:171} INFO - Processing /Users/namyoung/Desktop/myprj/airflow/airflow/lib/python3.7/site-packages/airflow/example_dags/example_branch_python_dop_operator_3.py took 0.458 seconds
[2023-10-16 16:37:24,143] {processor.py:163} INFO - Started process (PID=30319) to work on /Users/namyoung/Desktop/myprj/airflow/airflow/lib/python3.7/site-packages/airflow/example_dags/example_branch_python_dop_operator_3.py
[2023-10-16 16:37:24,144] {processor.py:642} INFO - Processing file /Users/namyoung/Desktop/myprj/airflow/airflow/lib/python3.7/site-packages/airflow/example_dags/example_branch_python_dop_operator_3.py for tasks to queue
[2023-10-16 16:37:24,144] {logging_mixin.py:109} INFO - [2023-10-16 16:37:24,144] {dagbag.py:500} INFO - Filling up the DagBag from /Users/namyoung/Desktop/myprj/airflow/airflow/lib/python3.7/site-packages/airflow/example_dags/example_branch_python_dop_operator_3.py
[2023-10-16 16:37:24,157] {processor.py:654} INFO - DAG(s) dict_keys(['example_branch_dop_operator_v3']) retrieved from /Users/namyoung/Desktop/myprj/airflow/airflow/lib/python3.7/site-packages/airflow/example_dags/example_branch_python_dop_operator_3.py
[2023-10-16 16:37:24,165] {logging_mixin.py:109} INFO - [2023-10-16 16:37:24,165] {dag.py:2396} INFO - Sync 1 DAGs
[2023-10-16 16:37:24,175] {logging_mixin.py:109} INFO - [2023-10-16 16:37:24,175] {dag.py:2935} INFO - Setting next_dagrun for example_branch_dop_operator_v3 to 2023-10-16T07:36:00+00:00
[2023-10-16 16:37:24,182] {processor.py:171} INFO - Processing /Users/namyoung/Desktop/myprj/airflow/airflow/lib/python3.7/site-packages/airflow/example_dags/example_branch_python_dop_operator_3.py took 0.041 seconds
[2023-10-16 17:47:01,658] {processor.py:163} INFO - Started process (PID=30575) to work on /Users/namyoung/Desktop/myprj/airflow/airflow/lib/python3.7/site-packages/airflow/example_dags/example_branch_python_dop_operator_3.py
[2023-10-16 17:47:01,660] {processor.py:642} INFO - Processing file /Users/namyoung/Desktop/myprj/airflow/airflow/lib/python3.7/site-packages/airflow/example_dags/example_branch_python_dop_operator_3.py for tasks to queue
[2023-10-16 17:47:01,661] {logging_mixin.py:109} INFO - [2023-10-16 17:47:01,661] {dagbag.py:500} INFO - Filling up the DagBag from /Users/namyoung/Desktop/myprj/airflow/airflow/lib/python3.7/site-packages/airflow/example_dags/example_branch_python_dop_operator_3.py
[2023-10-16 17:47:01,687] {processor.py:654} INFO - DAG(s) dict_keys(['example_branch_dop_operator_v3']) retrieved from /Users/namyoung/Desktop/myprj/airflow/airflow/lib/python3.7/site-packages/airflow/example_dags/example_branch_python_dop_operator_3.py
[2023-10-16 17:47:01,696] {logging_mixin.py:109} INFO - [2023-10-16 17:47:01,696] {dag.py:2396} INFO - Sync 1 DAGs
[2023-10-16 17:47:01,708] {logging_mixin.py:109} INFO - [2023-10-16 17:47:01,708] {dag.py:2935} INFO - Setting next_dagrun for example_branch_dop_operator_v3 to 2023-10-16T08:46:00+00:00
[2023-10-16 17:47:01,714] {processor.py:171} INFO - Processing /Users/namyoung/Desktop/myprj/airflow/airflow/lib/python3.7/site-packages/airflow/example_dags/example_branch_python_dop_operator_3.py took 0.062 seconds
[2023-10-16 19:28:08,711] {processor.py:163} INFO - Started process (PID=30709) to work on /Users/namyoung/Desktop/myprj/airflow/airflow/lib/python3.7/site-packages/airflow/example_dags/example_branch_python_dop_operator_3.py
[2023-10-16 19:28:08,713] {processor.py:642} INFO - Processing file /Users/namyoung/Desktop/myprj/airflow/airflow/lib/python3.7/site-packages/airflow/example_dags/example_branch_python_dop_operator_3.py for tasks to queue
[2023-10-16 19:28:08,714] {logging_mixin.py:109} INFO - [2023-10-16 19:28:08,714] {dagbag.py:500} INFO - Filling up the DagBag from /Users/namyoung/Desktop/myprj/airflow/airflow/lib/python3.7/site-packages/airflow/example_dags/example_branch_python_dop_operator_3.py
[2023-10-16 19:28:08,741] {processor.py:654} INFO - DAG(s) dict_keys(['example_branch_dop_operator_v3']) retrieved from /Users/namyoung/Desktop/myprj/airflow/airflow/lib/python3.7/site-packages/airflow/example_dags/example_branch_python_dop_operator_3.py
[2023-10-16 19:28:08,749] {logging_mixin.py:109} INFO - [2023-10-16 19:28:08,748] {dag.py:2396} INFO - Sync 1 DAGs
[2023-10-16 19:28:08,760] {logging_mixin.py:109} INFO - [2023-10-16 19:28:08,760] {dag.py:2935} INFO - Setting next_dagrun for example_branch_dop_operator_v3 to 2023-10-16T10:27:00+00:00
[2023-10-16 19:28:08,766] {processor.py:171} INFO - Processing /Users/namyoung/Desktop/myprj/airflow/airflow/lib/python3.7/site-packages/airflow/example_dags/example_branch_python_dop_operator_3.py took 0.060 seconds
[2023-10-16 21:07:26,424] {processor.py:163} INFO - Started process (PID=30981) to work on /Users/namyoung/Desktop/myprj/airflow/airflow/lib/python3.7/site-packages/airflow/example_dags/example_branch_python_dop_operator_3.py
[2023-10-16 21:07:26,426] {processor.py:642} INFO - Processing file /Users/namyoung/Desktop/myprj/airflow/airflow/lib/python3.7/site-packages/airflow/example_dags/example_branch_python_dop_operator_3.py for tasks to queue
[2023-10-16 21:07:26,428] {logging_mixin.py:109} INFO - [2023-10-16 21:07:26,427] {dagbag.py:500} INFO - Filling up the DagBag from /Users/namyoung/Desktop/myprj/airflow/airflow/lib/python3.7/site-packages/airflow/example_dags/example_branch_python_dop_operator_3.py
[2023-10-16 21:07:26,456] {processor.py:654} INFO - DAG(s) dict_keys(['example_branch_dop_operator_v3']) retrieved from /Users/namyoung/Desktop/myprj/airflow/airflow/lib/python3.7/site-packages/airflow/example_dags/example_branch_python_dop_operator_3.py
[2023-10-16 21:07:26,464] {logging_mixin.py:109} INFO - [2023-10-16 21:07:26,463] {dag.py:2396} INFO - Sync 1 DAGs
[2023-10-16 21:07:26,476] {logging_mixin.py:109} INFO - [2023-10-16 21:07:26,476] {dag.py:2935} INFO - Setting next_dagrun for example_branch_dop_operator_v3 to 2023-10-16T12:06:00+00:00
[2023-10-16 21:07:26,482] {processor.py:171} INFO - Processing /Users/namyoung/Desktop/myprj/airflow/airflow/lib/python3.7/site-packages/airflow/example_dags/example_branch_python_dop_operator_3.py took 0.064 seconds
[2023-10-16 22:44:54,030] {processor.py:163} INFO - Started process (PID=31114) to work on /Users/namyoung/Desktop/myprj/airflow/airflow/lib/python3.7/site-packages/airflow/example_dags/example_branch_python_dop_operator_3.py
[2023-10-16 22:44:54,031] {processor.py:642} INFO - Processing file /Users/namyoung/Desktop/myprj/airflow/airflow/lib/python3.7/site-packages/airflow/example_dags/example_branch_python_dop_operator_3.py for tasks to queue
[2023-10-16 22:44:54,032] {logging_mixin.py:109} INFO - [2023-10-16 22:44:54,032] {dagbag.py:500} INFO - Filling up the DagBag from /Users/namyoung/Desktop/myprj/airflow/airflow/lib/python3.7/site-packages/airflow/example_dags/example_branch_python_dop_operator_3.py
[2023-10-16 22:44:54,046] {processor.py:654} INFO - DAG(s) dict_keys(['example_branch_dop_operator_v3']) retrieved from /Users/namyoung/Desktop/myprj/airflow/airflow/lib/python3.7/site-packages/airflow/example_dags/example_branch_python_dop_operator_3.py
[2023-10-16 22:44:54,057] {logging_mixin.py:109} INFO - [2023-10-16 22:44:54,057] {dag.py:2396} INFO - Sync 1 DAGs
[2023-10-16 22:44:54,068] {logging_mixin.py:109} INFO - [2023-10-16 22:44:54,067] {dag.py:2935} INFO - Setting next_dagrun for example_branch_dop_operator_v3 to 2023-10-16T13:43:00+00:00
[2023-10-16 22:44:54,075] {processor.py:171} INFO - Processing /Users/namyoung/Desktop/myprj/airflow/airflow/lib/python3.7/site-packages/airflow/example_dags/example_branch_python_dop_operator_3.py took 0.047 seconds
[2023-10-17 01:47:24,236] {processor.py:163} INFO - Started process (PID=31501) to work on /Users/namyoung/Desktop/myprj/airflow/airflow/lib/python3.7/site-packages/airflow/example_dags/example_branch_python_dop_operator_3.py
[2023-10-17 01:47:24,236] {processor.py:642} INFO - Processing file /Users/namyoung/Desktop/myprj/airflow/airflow/lib/python3.7/site-packages/airflow/example_dags/example_branch_python_dop_operator_3.py for tasks to queue
[2023-10-17 01:47:24,237] {logging_mixin.py:109} INFO - [2023-10-17 01:47:24,237] {dagbag.py:500} INFO - Filling up the DagBag from /Users/namyoung/Desktop/myprj/airflow/airflow/lib/python3.7/site-packages/airflow/example_dags/example_branch_python_dop_operator_3.py
[2023-10-17 01:47:24,250] {processor.py:654} INFO - DAG(s) dict_keys(['example_branch_dop_operator_v3']) retrieved from /Users/namyoung/Desktop/myprj/airflow/airflow/lib/python3.7/site-packages/airflow/example_dags/example_branch_python_dop_operator_3.py
[2023-10-17 01:47:24,256] {logging_mixin.py:109} INFO - [2023-10-17 01:47:24,255] {dag.py:2396} INFO - Sync 1 DAGs
[2023-10-17 01:47:24,265] {logging_mixin.py:109} INFO - [2023-10-17 01:47:24,265] {dag.py:2935} INFO - Setting next_dagrun for example_branch_dop_operator_v3 to 2023-10-16T16:46:00+00:00
[2023-10-17 01:47:24,272] {processor.py:171} INFO - Processing /Users/namyoung/Desktop/myprj/airflow/airflow/lib/python3.7/site-packages/airflow/example_dags/example_branch_python_dop_operator_3.py took 0.038 seconds
[2023-10-17 03:21:48,229] {processor.py:163} INFO - Started process (PID=31760) to work on /Users/namyoung/Desktop/myprj/airflow/airflow/lib/python3.7/site-packages/airflow/example_dags/example_branch_python_dop_operator_3.py
[2023-10-17 03:21:48,229] {processor.py:642} INFO - Processing file /Users/namyoung/Desktop/myprj/airflow/airflow/lib/python3.7/site-packages/airflow/example_dags/example_branch_python_dop_operator_3.py for tasks to queue
[2023-10-17 03:21:48,230] {logging_mixin.py:109} INFO - [2023-10-17 03:21:48,230] {dagbag.py:500} INFO - Filling up the DagBag from /Users/namyoung/Desktop/myprj/airflow/airflow/lib/python3.7/site-packages/airflow/example_dags/example_branch_python_dop_operator_3.py
[2023-10-17 03:21:48,242] {processor.py:654} INFO - DAG(s) dict_keys(['example_branch_dop_operator_v3']) retrieved from /Users/namyoung/Desktop/myprj/airflow/airflow/lib/python3.7/site-packages/airflow/example_dags/example_branch_python_dop_operator_3.py
[2023-10-17 03:21:48,247] {logging_mixin.py:109} INFO - [2023-10-17 03:21:48,247] {dag.py:2396} INFO - Sync 1 DAGs
[2023-10-17 03:21:48,256] {logging_mixin.py:109} INFO - [2023-10-17 03:21:48,256] {dag.py:2935} INFO - Setting next_dagrun for example_branch_dop_operator_v3 to 2023-10-16T18:20:00+00:00
[2023-10-17 03:21:48,262] {processor.py:171} INFO - Processing /Users/namyoung/Desktop/myprj/airflow/airflow/lib/python3.7/site-packages/airflow/example_dags/example_branch_python_dop_operator_3.py took 0.036 seconds
[2023-10-17 04:56:40,670] {processor.py:163} INFO - Started process (PID=31911) to work on /Users/namyoung/Desktop/myprj/airflow/airflow/lib/python3.7/site-packages/airflow/example_dags/example_branch_python_dop_operator_3.py
[2023-10-17 04:56:40,671] {processor.py:642} INFO - Processing file /Users/namyoung/Desktop/myprj/airflow/airflow/lib/python3.7/site-packages/airflow/example_dags/example_branch_python_dop_operator_3.py for tasks to queue
[2023-10-17 04:56:40,671] {logging_mixin.py:109} INFO - [2023-10-17 04:56:40,671] {dagbag.py:500} INFO - Filling up the DagBag from /Users/namyoung/Desktop/myprj/airflow/airflow/lib/python3.7/site-packages/airflow/example_dags/example_branch_python_dop_operator_3.py
[2023-10-17 04:56:40,687] {processor.py:654} INFO - DAG(s) dict_keys(['example_branch_dop_operator_v3']) retrieved from /Users/namyoung/Desktop/myprj/airflow/airflow/lib/python3.7/site-packages/airflow/example_dags/example_branch_python_dop_operator_3.py
[2023-10-17 04:56:40,693] {logging_mixin.py:109} INFO - [2023-10-17 04:56:40,693] {dag.py:2396} INFO - Sync 1 DAGs
[2023-10-17 04:56:40,704] {logging_mixin.py:109} INFO - [2023-10-17 04:56:40,703] {dag.py:2935} INFO - Setting next_dagrun for example_branch_dop_operator_v3 to 2023-10-16T19:55:00+00:00
[2023-10-17 04:56:40,710] {processor.py:171} INFO - Processing /Users/namyoung/Desktop/myprj/airflow/airflow/lib/python3.7/site-packages/airflow/example_dags/example_branch_python_dop_operator_3.py took 0.042 seconds
[2023-10-17 06:50:54,209] {processor.py:163} INFO - Started process (PID=32180) to work on /Users/namyoung/Desktop/myprj/airflow/airflow/lib/python3.7/site-packages/airflow/example_dags/example_branch_python_dop_operator_3.py
[2023-10-17 06:50:54,210] {processor.py:642} INFO - Processing file /Users/namyoung/Desktop/myprj/airflow/airflow/lib/python3.7/site-packages/airflow/example_dags/example_branch_python_dop_operator_3.py for tasks to queue
[2023-10-17 06:50:54,210] {logging_mixin.py:109} INFO - [2023-10-17 06:50:54,210] {dagbag.py:500} INFO - Filling up the DagBag from /Users/namyoung/Desktop/myprj/airflow/airflow/lib/python3.7/site-packages/airflow/example_dags/example_branch_python_dop_operator_3.py
[2023-10-17 06:50:54,225] {processor.py:654} INFO - DAG(s) dict_keys(['example_branch_dop_operator_v3']) retrieved from /Users/namyoung/Desktop/myprj/airflow/airflow/lib/python3.7/site-packages/airflow/example_dags/example_branch_python_dop_operator_3.py
[2023-10-17 06:50:54,232] {logging_mixin.py:109} INFO - [2023-10-17 06:50:54,232] {dag.py:2396} INFO - Sync 1 DAGs
[2023-10-17 06:50:54,243] {logging_mixin.py:109} INFO - [2023-10-17 06:50:54,243] {dag.py:2935} INFO - Setting next_dagrun for example_branch_dop_operator_v3 to 2023-10-16T21:49:00+00:00
[2023-10-17 06:50:54,249] {processor.py:171} INFO - Processing /Users/namyoung/Desktop/myprj/airflow/airflow/lib/python3.7/site-packages/airflow/example_dags/example_branch_python_dop_operator_3.py took 0.043 seconds
