[2023-10-16 10:11:57,535] {processor.py:163} INFO - Started process (PID=29509) to work on /Users/namyoung/Desktop/myprj/airflow/airflow/lib/python3.7/site-packages/airflow/example_dags/example_branch_datetime_operator.py
[2023-10-16 10:11:57,536] {processor.py:642} INFO - Processing file /Users/namyoung/Desktop/myprj/airflow/airflow/lib/python3.7/site-packages/airflow/example_dags/example_branch_datetime_operator.py for tasks to queue
[2023-10-16 10:11:57,536] {logging_mixin.py:109} INFO - [2023-10-16 10:11:57,536] {dagbag.py:500} INFO - Filling up the DagBag from /Users/namyoung/Desktop/myprj/airflow/airflow/lib/python3.7/site-packages/airflow/example_dags/example_branch_datetime_operator.py
[2023-10-16 10:11:57,551] {processor.py:654} INFO - DAG(s) dict_keys(['example_branch_datetime_operator_2']) retrieved from /Users/namyoung/Desktop/myprj/airflow/airflow/lib/python3.7/site-packages/airflow/example_dags/example_branch_datetime_operator.py
[2023-10-16 10:11:57,557] {logging_mixin.py:109} INFO - [2023-10-16 10:11:57,557] {dag.py:2396} INFO - Sync 1 DAGs
[2023-10-16 10:11:57,565] {logging_mixin.py:109} INFO - [2023-10-16 10:11:57,565] {dag.py:2935} INFO - Setting next_dagrun for example_branch_datetime_operator_2 to 2023-10-15 00:00:00+00:00
[2023-10-16 10:11:57,571] {processor.py:171} INFO - Processing /Users/namyoung/Desktop/myprj/airflow/airflow/lib/python3.7/site-packages/airflow/example_dags/example_branch_datetime_operator.py took 0.038 seconds
[2023-10-16 13:14:09,928] {processor.py:163} INFO - Started process (PID=29916) to work on /Users/namyoung/Desktop/myprj/airflow/airflow/lib/python3.7/site-packages/airflow/example_dags/example_branch_datetime_operator.py
[2023-10-16 13:14:09,929] {processor.py:642} INFO - Processing file /Users/namyoung/Desktop/myprj/airflow/airflow/lib/python3.7/site-packages/airflow/example_dags/example_branch_datetime_operator.py for tasks to queue
[2023-10-16 13:14:09,930] {logging_mixin.py:109} INFO - [2023-10-16 13:14:09,930] {dagbag.py:500} INFO - Filling up the DagBag from /Users/namyoung/Desktop/myprj/airflow/airflow/lib/python3.7/site-packages/airflow/example_dags/example_branch_datetime_operator.py
[2023-10-16 13:14:09,942] {processor.py:654} INFO - DAG(s) dict_keys(['example_branch_datetime_operator_2']) retrieved from /Users/namyoung/Desktop/myprj/airflow/airflow/lib/python3.7/site-packages/airflow/example_dags/example_branch_datetime_operator.py
[2023-10-16 13:14:09,948] {logging_mixin.py:109} INFO - [2023-10-16 13:14:09,948] {dag.py:2396} INFO - Sync 1 DAGs
[2023-10-16 13:14:09,955] {logging_mixin.py:109} INFO - [2023-10-16 13:14:09,955] {dag.py:2935} INFO - Setting next_dagrun for example_branch_datetime_operator_2 to 2023-10-15 00:00:00+00:00
[2023-10-16 13:14:09,961] {processor.py:171} INFO - Processing /Users/namyoung/Desktop/myprj/airflow/airflow/lib/python3.7/site-packages/airflow/example_dags/example_branch_datetime_operator.py took 0.037 seconds
[2023-10-16 14:56:40,261] {processor.py:163} INFO - Started process (PID=30185) to work on /Users/namyoung/Desktop/myprj/airflow/airflow/lib/python3.7/site-packages/airflow/example_dags/example_branch_datetime_operator.py
[2023-10-16 14:56:40,263] {processor.py:642} INFO - Processing file /Users/namyoung/Desktop/myprj/airflow/airflow/lib/python3.7/site-packages/airflow/example_dags/example_branch_datetime_operator.py for tasks to queue
[2023-10-16 14:56:40,264] {logging_mixin.py:109} INFO - [2023-10-16 14:56:40,263] {dagbag.py:500} INFO - Filling up the DagBag from /Users/namyoung/Desktop/myprj/airflow/airflow/lib/python3.7/site-packages/airflow/example_dags/example_branch_datetime_operator.py
[2023-10-16 14:56:40,290] {processor.py:654} INFO - DAG(s) dict_keys(['example_branch_datetime_operator_2']) retrieved from /Users/namyoung/Desktop/myprj/airflow/airflow/lib/python3.7/site-packages/airflow/example_dags/example_branch_datetime_operator.py
[2023-10-16 14:56:40,298] {logging_mixin.py:109} INFO - [2023-10-16 14:56:40,297] {dag.py:2396} INFO - Sync 1 DAGs
[2023-10-16 14:56:40,306] {logging_mixin.py:109} INFO - [2023-10-16 14:56:40,306] {dag.py:2935} INFO - Setting next_dagrun for example_branch_datetime_operator_2 to 2023-10-15 00:00:00+00:00
[2023-10-16 14:56:40,312] {processor.py:171} INFO - Processing /Users/namyoung/Desktop/myprj/airflow/airflow/lib/python3.7/site-packages/airflow/example_dags/example_branch_datetime_operator.py took 0.057 seconds
[2023-10-16 16:54:15,005] {processor.py:163} INFO - Started process (PID=30333) to work on /Users/namyoung/Desktop/myprj/airflow/airflow/lib/python3.7/site-packages/airflow/example_dags/example_branch_datetime_operator.py
[2023-10-16 16:54:15,007] {processor.py:642} INFO - Processing file /Users/namyoung/Desktop/myprj/airflow/airflow/lib/python3.7/site-packages/airflow/example_dags/example_branch_datetime_operator.py for tasks to queue
[2023-10-16 16:54:15,009] {logging_mixin.py:109} INFO - [2023-10-16 16:54:15,008] {dagbag.py:500} INFO - Filling up the DagBag from /Users/namyoung/Desktop/myprj/airflow/airflow/lib/python3.7/site-packages/airflow/example_dags/example_branch_datetime_operator.py
[2023-10-16 16:54:15,030] {processor.py:654} INFO - DAG(s) dict_keys(['example_branch_datetime_operator_2']) retrieved from /Users/namyoung/Desktop/myprj/airflow/airflow/lib/python3.7/site-packages/airflow/example_dags/example_branch_datetime_operator.py
[2023-10-16 16:54:15,040] {logging_mixin.py:109} INFO - [2023-10-16 16:54:15,040] {dag.py:2396} INFO - Sync 1 DAGs
[2023-10-16 16:54:15,052] {logging_mixin.py:109} INFO - [2023-10-16 16:54:15,051] {dag.py:2935} INFO - Setting next_dagrun for example_branch_datetime_operator_2 to 2023-10-15 00:00:00+00:00
[2023-10-16 16:54:15,069] {processor.py:171} INFO - Processing /Users/namyoung/Desktop/myprj/airflow/airflow/lib/python3.7/site-packages/airflow/example_dags/example_branch_datetime_operator.py took 0.067 seconds
[2023-10-16 19:44:43,032] {processor.py:163} INFO - Started process (PID=30725) to work on /Users/namyoung/Desktop/myprj/airflow/airflow/lib/python3.7/site-packages/airflow/example_dags/example_branch_datetime_operator.py
[2023-10-16 19:44:43,032] {processor.py:642} INFO - Processing file /Users/namyoung/Desktop/myprj/airflow/airflow/lib/python3.7/site-packages/airflow/example_dags/example_branch_datetime_operator.py for tasks to queue
[2023-10-16 19:44:43,033] {logging_mixin.py:109} INFO - [2023-10-16 19:44:43,033] {dagbag.py:500} INFO - Filling up the DagBag from /Users/namyoung/Desktop/myprj/airflow/airflow/lib/python3.7/site-packages/airflow/example_dags/example_branch_datetime_operator.py
[2023-10-16 19:44:43,046] {processor.py:654} INFO - DAG(s) dict_keys(['example_branch_datetime_operator_2']) retrieved from /Users/namyoung/Desktop/myprj/airflow/airflow/lib/python3.7/site-packages/airflow/example_dags/example_branch_datetime_operator.py
[2023-10-16 19:44:43,051] {logging_mixin.py:109} INFO - [2023-10-16 19:44:43,051] {dag.py:2396} INFO - Sync 1 DAGs
[2023-10-16 19:44:43,059] {logging_mixin.py:109} INFO - [2023-10-16 19:44:43,059] {dag.py:2935} INFO - Setting next_dagrun for example_branch_datetime_operator_2 to 2023-10-15 00:00:00+00:00
[2023-10-16 19:44:43,065] {processor.py:171} INFO - Processing /Users/namyoung/Desktop/myprj/airflow/airflow/lib/python3.7/site-packages/airflow/example_dags/example_branch_datetime_operator.py took 0.035 seconds
[2023-10-16 22:44:56,697] {processor.py:163} INFO - Started process (PID=31119) to work on /Users/namyoung/Desktop/myprj/airflow/airflow/lib/python3.7/site-packages/airflow/example_dags/example_branch_datetime_operator.py
[2023-10-16 22:44:56,699] {processor.py:642} INFO - Processing file /Users/namyoung/Desktop/myprj/airflow/airflow/lib/python3.7/site-packages/airflow/example_dags/example_branch_datetime_operator.py for tasks to queue
[2023-10-16 22:44:56,700] {logging_mixin.py:109} INFO - [2023-10-16 22:44:56,700] {dagbag.py:500} INFO - Filling up the DagBag from /Users/namyoung/Desktop/myprj/airflow/airflow/lib/python3.7/site-packages/airflow/example_dags/example_branch_datetime_operator.py
[2023-10-16 22:44:56,725] {processor.py:654} INFO - DAG(s) dict_keys(['example_branch_datetime_operator_2']) retrieved from /Users/namyoung/Desktop/myprj/airflow/airflow/lib/python3.7/site-packages/airflow/example_dags/example_branch_datetime_operator.py
[2023-10-16 22:44:56,734] {logging_mixin.py:109} INFO - [2023-10-16 22:44:56,734] {dag.py:2396} INFO - Sync 1 DAGs
[2023-10-16 22:44:56,743] {logging_mixin.py:109} INFO - [2023-10-16 22:44:56,743] {dag.py:2935} INFO - Setting next_dagrun for example_branch_datetime_operator_2 to 2023-10-15 00:00:00+00:00
[2023-10-16 22:44:56,749] {processor.py:171} INFO - Processing /Users/namyoung/Desktop/myprj/airflow/airflow/lib/python3.7/site-packages/airflow/example_dags/example_branch_datetime_operator.py took 0.058 seconds
[2023-10-17 02:02:45,717] {processor.py:163} INFO - Started process (PID=31511) to work on /Users/namyoung/Desktop/myprj/airflow/airflow/lib/python3.7/site-packages/airflow/example_dags/example_branch_datetime_operator.py
[2023-10-17 02:02:45,717] {processor.py:642} INFO - Processing file /Users/namyoung/Desktop/myprj/airflow/airflow/lib/python3.7/site-packages/airflow/example_dags/example_branch_datetime_operator.py for tasks to queue
[2023-10-17 02:02:45,718] {logging_mixin.py:109} INFO - [2023-10-17 02:02:45,718] {dagbag.py:500} INFO - Filling up the DagBag from /Users/namyoung/Desktop/myprj/airflow/airflow/lib/python3.7/site-packages/airflow/example_dags/example_branch_datetime_operator.py
[2023-10-17 02:02:45,731] {processor.py:654} INFO - DAG(s) dict_keys(['example_branch_datetime_operator_2']) retrieved from /Users/namyoung/Desktop/myprj/airflow/airflow/lib/python3.7/site-packages/airflow/example_dags/example_branch_datetime_operator.py
[2023-10-17 02:02:45,738] {logging_mixin.py:109} INFO - [2023-10-17 02:02:45,737] {dag.py:2396} INFO - Sync 1 DAGs
[2023-10-17 02:02:45,746] {logging_mixin.py:109} INFO - [2023-10-17 02:02:45,746] {dag.py:2935} INFO - Setting next_dagrun for example_branch_datetime_operator_2 to 2023-10-15 00:00:00+00:00
[2023-10-17 02:02:45,751] {processor.py:171} INFO - Processing /Users/namyoung/Desktop/myprj/airflow/airflow/lib/python3.7/site-packages/airflow/example_dags/example_branch_datetime_operator.py took 0.037 seconds
[2023-10-17 05:12:22,055] {processor.py:163} INFO - Started process (PID=31932) to work on /Users/namyoung/Desktop/myprj/airflow/airflow/lib/python3.7/site-packages/airflow/example_dags/example_branch_datetime_operator.py
[2023-10-17 05:12:22,056] {processor.py:642} INFO - Processing file /Users/namyoung/Desktop/myprj/airflow/airflow/lib/python3.7/site-packages/airflow/example_dags/example_branch_datetime_operator.py for tasks to queue
[2023-10-17 05:12:22,057] {logging_mixin.py:109} INFO - [2023-10-17 05:12:22,057] {dagbag.py:500} INFO - Filling up the DagBag from /Users/namyoung/Desktop/myprj/airflow/airflow/lib/python3.7/site-packages/airflow/example_dags/example_branch_datetime_operator.py
[2023-10-17 05:12:22,069] {processor.py:654} INFO - DAG(s) dict_keys(['example_branch_datetime_operator_2']) retrieved from /Users/namyoung/Desktop/myprj/airflow/airflow/lib/python3.7/site-packages/airflow/example_dags/example_branch_datetime_operator.py
[2023-10-17 05:12:22,074] {logging_mixin.py:109} INFO - [2023-10-17 05:12:22,074] {dag.py:2396} INFO - Sync 1 DAGs
[2023-10-17 05:12:22,082] {logging_mixin.py:109} INFO - [2023-10-17 05:12:22,082] {dag.py:2935} INFO - Setting next_dagrun for example_branch_datetime_operator_2 to 2023-10-15 00:00:00+00:00
[2023-10-17 05:12:22,087] {processor.py:171} INFO - Processing /Users/namyoung/Desktop/myprj/airflow/airflow/lib/python3.7/site-packages/airflow/example_dags/example_branch_datetime_operator.py took 0.034 seconds
[2023-10-17 08:30:48,825] {processor.py:163} INFO - Started process (PID=32315) to work on /Users/namyoung/Desktop/myprj/airflow/airflow/lib/python3.7/site-packages/airflow/example_dags/example_branch_datetime_operator.py
[2023-10-17 08:30:48,828] {processor.py:642} INFO - Processing file /Users/namyoung/Desktop/myprj/airflow/airflow/lib/python3.7/site-packages/airflow/example_dags/example_branch_datetime_operator.py for tasks to queue
[2023-10-17 08:30:48,850] {logging_mixin.py:109} INFO - [2023-10-17 08:30:48,849] {dagbag.py:500} INFO - Filling up the DagBag from /Users/namyoung/Desktop/myprj/airflow/airflow/lib/python3.7/site-packages/airflow/example_dags/example_branch_datetime_operator.py
[2023-10-17 08:30:48,878] {processor.py:654} INFO - DAG(s) dict_keys(['example_branch_datetime_operator_2']) retrieved from /Users/namyoung/Desktop/myprj/airflow/airflow/lib/python3.7/site-packages/airflow/example_dags/example_branch_datetime_operator.py
[2023-10-17 08:30:48,887] {logging_mixin.py:109} INFO - [2023-10-17 08:30:48,887] {dag.py:2396} INFO - Sync 1 DAGs
[2023-10-17 08:30:48,900] {logging_mixin.py:109} INFO - [2023-10-17 08:30:48,900] {dag.py:2935} INFO - Setting next_dagrun for example_branch_datetime_operator_2 to 2023-10-15 00:00:00+00:00
[2023-10-17 08:30:48,921] {processor.py:171} INFO - Processing /Users/namyoung/Desktop/myprj/airflow/airflow/lib/python3.7/site-packages/airflow/example_dags/example_branch_datetime_operator.py took 0.100 seconds
