[2023-10-16 11:14:24,370] {processor.py:163} INFO - Started process (PID=29733) to work on /Users/namyoung/Desktop/myprj/airflow/airflow/lib/python3.7/site-packages/airflow/example_dags/example_nested_branch_dag.py
[2023-10-16 11:14:24,371] {processor.py:642} INFO - Processing file /Users/namyoung/Desktop/myprj/airflow/airflow/lib/python3.7/site-packages/airflow/example_dags/example_nested_branch_dag.py for tasks to queue
[2023-10-16 11:14:24,372] {logging_mixin.py:109} INFO - [2023-10-16 11:14:24,372] {dagbag.py:500} INFO - Filling up the DagBag from /Users/namyoung/Desktop/myprj/airflow/airflow/lib/python3.7/site-packages/airflow/example_dags/example_nested_branch_dag.py
[2023-10-16 11:14:24,390] {processor.py:654} INFO - DAG(s) dict_keys(['example_nested_branch_dag']) retrieved from /Users/namyoung/Desktop/myprj/airflow/airflow/lib/python3.7/site-packages/airflow/example_dags/example_nested_branch_dag.py
[2023-10-16 11:14:24,400] {logging_mixin.py:109} INFO - [2023-10-16 11:14:24,400] {dag.py:2396} INFO - Sync 1 DAGs
[2023-10-16 11:14:24,410] {logging_mixin.py:109} INFO - [2023-10-16 11:14:24,409] {dag.py:2935} INFO - Setting next_dagrun for example_nested_branch_dag to 2023-10-15 00:00:00+00:00
[2023-10-16 11:14:24,416] {processor.py:171} INFO - Processing /Users/namyoung/Desktop/myprj/airflow/airflow/lib/python3.7/site-packages/airflow/example_dags/example_nested_branch_dag.py took 0.049 seconds
[2023-10-16 12:39:07,198] {processor.py:163} INFO - Started process (PID=29862) to work on /Users/namyoung/Desktop/myprj/airflow/airflow/lib/python3.7/site-packages/airflow/example_dags/example_nested_branch_dag.py
[2023-10-16 12:39:07,199] {processor.py:642} INFO - Processing file /Users/namyoung/Desktop/myprj/airflow/airflow/lib/python3.7/site-packages/airflow/example_dags/example_nested_branch_dag.py for tasks to queue
[2023-10-16 12:39:07,199] {logging_mixin.py:109} INFO - [2023-10-16 12:39:07,199] {dagbag.py:500} INFO - Filling up the DagBag from /Users/namyoung/Desktop/myprj/airflow/airflow/lib/python3.7/site-packages/airflow/example_dags/example_nested_branch_dag.py
[2023-10-16 12:39:07,213] {processor.py:654} INFO - DAG(s) dict_keys(['example_nested_branch_dag']) retrieved from /Users/namyoung/Desktop/myprj/airflow/airflow/lib/python3.7/site-packages/airflow/example_dags/example_nested_branch_dag.py
[2023-10-16 12:39:07,219] {logging_mixin.py:109} INFO - [2023-10-16 12:39:07,219] {dag.py:2396} INFO - Sync 1 DAGs
[2023-10-16 12:39:07,227] {logging_mixin.py:109} INFO - [2023-10-16 12:39:07,226] {dag.py:2935} INFO - Setting next_dagrun for example_nested_branch_dag to 2023-10-15 00:00:00+00:00
[2023-10-16 12:39:07,232] {processor.py:171} INFO - Processing /Users/namyoung/Desktop/myprj/airflow/airflow/lib/python3.7/site-packages/airflow/example_dags/example_nested_branch_dag.py took 0.036 seconds
[2023-10-16 14:21:11,104] {processor.py:163} INFO - Started process (PID=30137) to work on /Users/namyoung/Desktop/myprj/airflow/airflow/lib/python3.7/site-packages/airflow/example_dags/example_nested_branch_dag.py
[2023-10-16 14:21:11,105] {processor.py:642} INFO - Processing file /Users/namyoung/Desktop/myprj/airflow/airflow/lib/python3.7/site-packages/airflow/example_dags/example_nested_branch_dag.py for tasks to queue
[2023-10-16 14:21:11,106] {logging_mixin.py:109} INFO - [2023-10-16 14:21:11,106] {dagbag.py:500} INFO - Filling up the DagBag from /Users/namyoung/Desktop/myprj/airflow/airflow/lib/python3.7/site-packages/airflow/example_dags/example_nested_branch_dag.py
[2023-10-16 14:21:11,128] {processor.py:654} INFO - DAG(s) dict_keys(['example_nested_branch_dag']) retrieved from /Users/namyoung/Desktop/myprj/airflow/airflow/lib/python3.7/site-packages/airflow/example_dags/example_nested_branch_dag.py
[2023-10-16 14:21:11,135] {logging_mixin.py:109} INFO - [2023-10-16 14:21:11,135] {dag.py:2396} INFO - Sync 1 DAGs
[2023-10-16 14:21:11,143] {logging_mixin.py:109} INFO - [2023-10-16 14:21:11,143] {dag.py:2935} INFO - Setting next_dagrun for example_nested_branch_dag to 2023-10-15 00:00:00+00:00
[2023-10-16 14:21:11,148] {processor.py:171} INFO - Processing /Users/namyoung/Desktop/myprj/airflow/airflow/lib/python3.7/site-packages/airflow/example_dags/example_nested_branch_dag.py took 0.049 seconds
[2023-10-16 16:03:34,869] {processor.py:163} INFO - Started process (PID=30282) to work on /Users/namyoung/Desktop/myprj/airflow/airflow/lib/python3.7/site-packages/airflow/example_dags/example_nested_branch_dag.py
[2023-10-16 16:03:34,871] {processor.py:642} INFO - Processing file /Users/namyoung/Desktop/myprj/airflow/airflow/lib/python3.7/site-packages/airflow/example_dags/example_nested_branch_dag.py for tasks to queue
[2023-10-16 16:03:34,872] {logging_mixin.py:109} INFO - [2023-10-16 16:03:34,872] {dagbag.py:500} INFO - Filling up the DagBag from /Users/namyoung/Desktop/myprj/airflow/airflow/lib/python3.7/site-packages/airflow/example_dags/example_nested_branch_dag.py
[2023-10-16 16:03:34,901] {processor.py:654} INFO - DAG(s) dict_keys(['example_nested_branch_dag']) retrieved from /Users/namyoung/Desktop/myprj/airflow/airflow/lib/python3.7/site-packages/airflow/example_dags/example_nested_branch_dag.py
[2023-10-16 16:03:34,909] {logging_mixin.py:109} INFO - [2023-10-16 16:03:34,909] {dag.py:2396} INFO - Sync 1 DAGs
[2023-10-16 16:03:34,918] {logging_mixin.py:109} INFO - [2023-10-16 16:03:34,918] {dag.py:2935} INFO - Setting next_dagrun for example_nested_branch_dag to 2023-10-15 00:00:00+00:00
[2023-10-16 16:03:34,924] {processor.py:171} INFO - Processing /Users/namyoung/Desktop/myprj/airflow/airflow/lib/python3.7/site-packages/airflow/example_dags/example_nested_branch_dag.py took 0.060 seconds
[2023-10-16 17:30:54,168] {processor.py:163} INFO - Started process (PID=30547) to work on /Users/namyoung/Desktop/myprj/airflow/airflow/lib/python3.7/site-packages/airflow/example_dags/example_nested_branch_dag.py
[2023-10-16 17:30:54,170] {processor.py:642} INFO - Processing file /Users/namyoung/Desktop/myprj/airflow/airflow/lib/python3.7/site-packages/airflow/example_dags/example_nested_branch_dag.py for tasks to queue
[2023-10-16 17:30:54,171] {logging_mixin.py:109} INFO - [2023-10-16 17:30:54,171] {dagbag.py:500} INFO - Filling up the DagBag from /Users/namyoung/Desktop/myprj/airflow/airflow/lib/python3.7/site-packages/airflow/example_dags/example_nested_branch_dag.py
[2023-10-16 17:30:54,197] {processor.py:654} INFO - DAG(s) dict_keys(['example_nested_branch_dag']) retrieved from /Users/namyoung/Desktop/myprj/airflow/airflow/lib/python3.7/site-packages/airflow/example_dags/example_nested_branch_dag.py
[2023-10-16 17:30:54,204] {logging_mixin.py:109} INFO - [2023-10-16 17:30:54,204] {dag.py:2396} INFO - Sync 1 DAGs
[2023-10-16 17:30:54,212] {logging_mixin.py:109} INFO - [2023-10-16 17:30:54,212] {dag.py:2935} INFO - Setting next_dagrun for example_nested_branch_dag to 2023-10-15 00:00:00+00:00
[2023-10-16 17:30:54,217] {processor.py:171} INFO - Processing /Users/namyoung/Desktop/myprj/airflow/airflow/lib/python3.7/site-packages/airflow/example_dags/example_nested_branch_dag.py took 0.055 seconds
[2023-10-16 19:10:07,469] {processor.py:163} INFO - Started process (PID=30682) to work on /Users/namyoung/Desktop/myprj/airflow/airflow/lib/python3.7/site-packages/airflow/example_dags/example_nested_branch_dag.py
[2023-10-16 19:10:07,471] {processor.py:642} INFO - Processing file /Users/namyoung/Desktop/myprj/airflow/airflow/lib/python3.7/site-packages/airflow/example_dags/example_nested_branch_dag.py for tasks to queue
[2023-10-16 19:10:07,472] {logging_mixin.py:109} INFO - [2023-10-16 19:10:07,472] {dagbag.py:500} INFO - Filling up the DagBag from /Users/namyoung/Desktop/myprj/airflow/airflow/lib/python3.7/site-packages/airflow/example_dags/example_nested_branch_dag.py
[2023-10-16 19:10:07,501] {processor.py:654} INFO - DAG(s) dict_keys(['example_nested_branch_dag']) retrieved from /Users/namyoung/Desktop/myprj/airflow/airflow/lib/python3.7/site-packages/airflow/example_dags/example_nested_branch_dag.py
[2023-10-16 19:10:07,509] {logging_mixin.py:109} INFO - [2023-10-16 19:10:07,509] {dag.py:2396} INFO - Sync 1 DAGs
[2023-10-16 19:10:07,518] {logging_mixin.py:109} INFO - [2023-10-16 19:10:07,518] {dag.py:2935} INFO - Setting next_dagrun for example_nested_branch_dag to 2023-10-15 00:00:00+00:00
[2023-10-16 19:10:07,524] {processor.py:171} INFO - Processing /Users/namyoung/Desktop/myprj/airflow/airflow/lib/python3.7/site-packages/airflow/example_dags/example_nested_branch_dag.py took 0.061 seconds
[2023-10-16 20:52:07,137] {processor.py:163} INFO - Started process (PID=30948) to work on /Users/namyoung/Desktop/myprj/airflow/airflow/lib/python3.7/site-packages/airflow/example_dags/example_nested_branch_dag.py
[2023-10-16 20:52:07,138] {processor.py:642} INFO - Processing file /Users/namyoung/Desktop/myprj/airflow/airflow/lib/python3.7/site-packages/airflow/example_dags/example_nested_branch_dag.py for tasks to queue
[2023-10-16 20:52:07,139] {logging_mixin.py:109} INFO - [2023-10-16 20:52:07,139] {dagbag.py:500} INFO - Filling up the DagBag from /Users/namyoung/Desktop/myprj/airflow/airflow/lib/python3.7/site-packages/airflow/example_dags/example_nested_branch_dag.py
[2023-10-16 20:52:07,151] {processor.py:654} INFO - DAG(s) dict_keys(['example_nested_branch_dag']) retrieved from /Users/namyoung/Desktop/myprj/airflow/airflow/lib/python3.7/site-packages/airflow/example_dags/example_nested_branch_dag.py
[2023-10-16 20:52:07,158] {logging_mixin.py:109} INFO - [2023-10-16 20:52:07,157] {dag.py:2396} INFO - Sync 1 DAGs
[2023-10-16 20:52:07,165] {logging_mixin.py:109} INFO - [2023-10-16 20:52:07,165] {dag.py:2935} INFO - Setting next_dagrun for example_nested_branch_dag to 2023-10-15 00:00:00+00:00
[2023-10-16 20:52:07,172] {processor.py:171} INFO - Processing /Users/namyoung/Desktop/myprj/airflow/airflow/lib/python3.7/site-packages/airflow/example_dags/example_nested_branch_dag.py took 0.037 seconds
[2023-10-16 22:27:21,938] {processor.py:163} INFO - Started process (PID=31078) to work on /Users/namyoung/Desktop/myprj/airflow/airflow/lib/python3.7/site-packages/airflow/example_dags/example_nested_branch_dag.py
[2023-10-16 22:27:21,940] {processor.py:642} INFO - Processing file /Users/namyoung/Desktop/myprj/airflow/airflow/lib/python3.7/site-packages/airflow/example_dags/example_nested_branch_dag.py for tasks to queue
[2023-10-16 22:27:21,941] {logging_mixin.py:109} INFO - [2023-10-16 22:27:21,941] {dagbag.py:500} INFO - Filling up the DagBag from /Users/namyoung/Desktop/myprj/airflow/airflow/lib/python3.7/site-packages/airflow/example_dags/example_nested_branch_dag.py
[2023-10-16 22:27:21,964] {processor.py:654} INFO - DAG(s) dict_keys(['example_nested_branch_dag']) retrieved from /Users/namyoung/Desktop/myprj/airflow/airflow/lib/python3.7/site-packages/airflow/example_dags/example_nested_branch_dag.py
[2023-10-16 22:27:21,971] {logging_mixin.py:109} INFO - [2023-10-16 22:27:21,971] {dag.py:2396} INFO - Sync 1 DAGs
[2023-10-16 22:27:21,980] {logging_mixin.py:109} INFO - [2023-10-16 22:27:21,980] {dag.py:2935} INFO - Setting next_dagrun for example_nested_branch_dag to 2023-10-15 00:00:00+00:00
[2023-10-16 22:27:21,985] {processor.py:171} INFO - Processing /Users/namyoung/Desktop/myprj/airflow/airflow/lib/python3.7/site-packages/airflow/example_dags/example_nested_branch_dag.py took 0.051 seconds
[2023-10-16 23:51:46,453] {processor.py:163} INFO - Started process (PID=31337) to work on /Users/namyoung/Desktop/myprj/airflow/airflow/lib/python3.7/site-packages/airflow/example_dags/example_nested_branch_dag.py
[2023-10-16 23:51:46,455] {processor.py:642} INFO - Processing file /Users/namyoung/Desktop/myprj/airflow/airflow/lib/python3.7/site-packages/airflow/example_dags/example_nested_branch_dag.py for tasks to queue
[2023-10-16 23:51:46,456] {logging_mixin.py:109} INFO - [2023-10-16 23:51:46,456] {dagbag.py:500} INFO - Filling up the DagBag from /Users/namyoung/Desktop/myprj/airflow/airflow/lib/python3.7/site-packages/airflow/example_dags/example_nested_branch_dag.py
[2023-10-16 23:51:46,482] {processor.py:654} INFO - DAG(s) dict_keys(['example_nested_branch_dag']) retrieved from /Users/namyoung/Desktop/myprj/airflow/airflow/lib/python3.7/site-packages/airflow/example_dags/example_nested_branch_dag.py
[2023-10-16 23:51:46,490] {logging_mixin.py:109} INFO - [2023-10-16 23:51:46,490] {dag.py:2396} INFO - Sync 1 DAGs
[2023-10-16 23:51:46,499] {logging_mixin.py:109} INFO - [2023-10-16 23:51:46,499] {dag.py:2935} INFO - Setting next_dagrun for example_nested_branch_dag to 2023-10-15 00:00:00+00:00
[2023-10-16 23:51:46,505] {processor.py:171} INFO - Processing /Users/namyoung/Desktop/myprj/airflow/airflow/lib/python3.7/site-packages/airflow/example_dags/example_nested_branch_dag.py took 0.057 seconds
[2023-10-17 01:29:20,154] {processor.py:163} INFO - Started process (PID=31468) to work on /Users/namyoung/Desktop/myprj/airflow/airflow/lib/python3.7/site-packages/airflow/example_dags/example_nested_branch_dag.py
[2023-10-17 01:29:20,155] {processor.py:642} INFO - Processing file /Users/namyoung/Desktop/myprj/airflow/airflow/lib/python3.7/site-packages/airflow/example_dags/example_nested_branch_dag.py for tasks to queue
[2023-10-17 01:29:20,155] {logging_mixin.py:109} INFO - [2023-10-17 01:29:20,155] {dagbag.py:500} INFO - Filling up the DagBag from /Users/namyoung/Desktop/myprj/airflow/airflow/lib/python3.7/site-packages/airflow/example_dags/example_nested_branch_dag.py
[2023-10-17 01:29:20,168] {processor.py:654} INFO - DAG(s) dict_keys(['example_nested_branch_dag']) retrieved from /Users/namyoung/Desktop/myprj/airflow/airflow/lib/python3.7/site-packages/airflow/example_dags/example_nested_branch_dag.py
[2023-10-17 01:29:20,177] {logging_mixin.py:109} INFO - [2023-10-17 01:29:20,176] {dag.py:2396} INFO - Sync 1 DAGs
[2023-10-17 01:29:20,185] {logging_mixin.py:109} INFO - [2023-10-17 01:29:20,184] {dag.py:2935} INFO - Setting next_dagrun for example_nested_branch_dag to 2023-10-15 00:00:00+00:00
[2023-10-17 01:29:20,190] {processor.py:171} INFO - Processing /Users/namyoung/Desktop/myprj/airflow/airflow/lib/python3.7/site-packages/airflow/example_dags/example_nested_branch_dag.py took 0.038 seconds
[2023-10-17 03:06:31,830] {processor.py:163} INFO - Started process (PID=31726) to work on /Users/namyoung/Desktop/myprj/airflow/airflow/lib/python3.7/site-packages/airflow/example_dags/example_nested_branch_dag.py
[2023-10-17 03:06:31,831] {processor.py:642} INFO - Processing file /Users/namyoung/Desktop/myprj/airflow/airflow/lib/python3.7/site-packages/airflow/example_dags/example_nested_branch_dag.py for tasks to queue
[2023-10-17 03:06:31,831] {logging_mixin.py:109} INFO - [2023-10-17 03:06:31,831] {dagbag.py:500} INFO - Filling up the DagBag from /Users/namyoung/Desktop/myprj/airflow/airflow/lib/python3.7/site-packages/airflow/example_dags/example_nested_branch_dag.py
[2023-10-17 03:06:31,850] {processor.py:654} INFO - DAG(s) dict_keys(['example_nested_branch_dag']) retrieved from /Users/namyoung/Desktop/myprj/airflow/airflow/lib/python3.7/site-packages/airflow/example_dags/example_nested_branch_dag.py
[2023-10-17 03:06:31,857] {logging_mixin.py:109} INFO - [2023-10-17 03:06:31,857] {dag.py:2396} INFO - Sync 1 DAGs
[2023-10-17 03:06:31,866] {logging_mixin.py:109} INFO - [2023-10-17 03:06:31,865] {dag.py:2935} INFO - Setting next_dagrun for example_nested_branch_dag to 2023-10-15 00:00:00+00:00
[2023-10-17 03:06:31,909] {processor.py:171} INFO - Processing /Users/namyoung/Desktop/myprj/airflow/airflow/lib/python3.7/site-packages/airflow/example_dags/example_nested_branch_dag.py took 0.082 seconds
[2023-10-17 04:40:07,332] {processor.py:163} INFO - Started process (PID=31872) to work on /Users/namyoung/Desktop/myprj/airflow/airflow/lib/python3.7/site-packages/airflow/example_dags/example_nested_branch_dag.py
[2023-10-17 04:40:07,333] {processor.py:642} INFO - Processing file /Users/namyoung/Desktop/myprj/airflow/airflow/lib/python3.7/site-packages/airflow/example_dags/example_nested_branch_dag.py for tasks to queue
[2023-10-17 04:40:07,334] {logging_mixin.py:109} INFO - [2023-10-17 04:40:07,334] {dagbag.py:500} INFO - Filling up the DagBag from /Users/namyoung/Desktop/myprj/airflow/airflow/lib/python3.7/site-packages/airflow/example_dags/example_nested_branch_dag.py
[2023-10-17 04:40:07,352] {processor.py:654} INFO - DAG(s) dict_keys(['example_nested_branch_dag']) retrieved from /Users/namyoung/Desktop/myprj/airflow/airflow/lib/python3.7/site-packages/airflow/example_dags/example_nested_branch_dag.py
[2023-10-17 04:40:07,360] {logging_mixin.py:109} INFO - [2023-10-17 04:40:07,359] {dag.py:2396} INFO - Sync 1 DAGs
[2023-10-17 04:40:07,370] {logging_mixin.py:109} INFO - [2023-10-17 04:40:07,369] {dag.py:2935} INFO - Setting next_dagrun for example_nested_branch_dag to 2023-10-15 00:00:00+00:00
[2023-10-17 04:40:07,376] {processor.py:171} INFO - Processing /Users/namyoung/Desktop/myprj/airflow/airflow/lib/python3.7/site-packages/airflow/example_dags/example_nested_branch_dag.py took 0.047 seconds
[2023-10-17 06:18:03,267] {processor.py:163} INFO - Started process (PID=32153) to work on /Users/namyoung/Desktop/myprj/airflow/airflow/lib/python3.7/site-packages/airflow/example_dags/example_nested_branch_dag.py
[2023-10-17 06:18:03,269] {processor.py:642} INFO - Processing file /Users/namyoung/Desktop/myprj/airflow/airflow/lib/python3.7/site-packages/airflow/example_dags/example_nested_branch_dag.py for tasks to queue
[2023-10-17 06:18:03,270] {logging_mixin.py:109} INFO - [2023-10-17 06:18:03,269] {dagbag.py:500} INFO - Filling up the DagBag from /Users/namyoung/Desktop/myprj/airflow/airflow/lib/python3.7/site-packages/airflow/example_dags/example_nested_branch_dag.py
[2023-10-17 06:18:03,297] {processor.py:654} INFO - DAG(s) dict_keys(['example_nested_branch_dag']) retrieved from /Users/namyoung/Desktop/myprj/airflow/airflow/lib/python3.7/site-packages/airflow/example_dags/example_nested_branch_dag.py
[2023-10-17 06:18:03,305] {logging_mixin.py:109} INFO - [2023-10-17 06:18:03,305] {dag.py:2396} INFO - Sync 1 DAGs
[2023-10-17 06:18:03,314] {logging_mixin.py:109} INFO - [2023-10-17 06:18:03,314] {dag.py:2935} INFO - Setting next_dagrun for example_nested_branch_dag to 2023-10-15 00:00:00+00:00
[2023-10-17 06:18:03,319] {processor.py:171} INFO - Processing /Users/namyoung/Desktop/myprj/airflow/airflow/lib/python3.7/site-packages/airflow/example_dags/example_nested_branch_dag.py took 0.058 seconds
[2023-10-17 07:56:52,197] {processor.py:163} INFO - Started process (PID=32287) to work on /Users/namyoung/Desktop/myprj/airflow/airflow/lib/python3.7/site-packages/airflow/example_dags/example_nested_branch_dag.py
[2023-10-17 07:56:52,199] {processor.py:642} INFO - Processing file /Users/namyoung/Desktop/myprj/airflow/airflow/lib/python3.7/site-packages/airflow/example_dags/example_nested_branch_dag.py for tasks to queue
[2023-10-17 07:56:52,200] {logging_mixin.py:109} INFO - [2023-10-17 07:56:52,200] {dagbag.py:500} INFO - Filling up the DagBag from /Users/namyoung/Desktop/myprj/airflow/airflow/lib/python3.7/site-packages/airflow/example_dags/example_nested_branch_dag.py
[2023-10-17 07:56:52,228] {processor.py:654} INFO - DAG(s) dict_keys(['example_nested_branch_dag']) retrieved from /Users/namyoung/Desktop/myprj/airflow/airflow/lib/python3.7/site-packages/airflow/example_dags/example_nested_branch_dag.py
[2023-10-17 07:56:52,237] {logging_mixin.py:109} INFO - [2023-10-17 07:56:52,237] {dag.py:2396} INFO - Sync 1 DAGs
[2023-10-17 07:56:52,247] {logging_mixin.py:109} INFO - [2023-10-17 07:56:52,247] {dag.py:2935} INFO - Setting next_dagrun for example_nested_branch_dag to 2023-10-15 00:00:00+00:00
[2023-10-17 07:56:52,253] {processor.py:171} INFO - Processing /Users/namyoung/Desktop/myprj/airflow/airflow/lib/python3.7/site-packages/airflow/example_dags/example_nested_branch_dag.py took 0.062 seconds
