[2023-10-16 10:23:25,944] {processor.py:163} INFO - Started process (PID=29555) to work on /Users/namyoung/Desktop/myprj/airflow/airflow/lib/python3.7/site-packages/airflow/example_dags/example_trigger_target_dag.py
[2023-10-16 10:23:25,946] {processor.py:642} INFO - Processing file /Users/namyoung/Desktop/myprj/airflow/airflow/lib/python3.7/site-packages/airflow/example_dags/example_trigger_target_dag.py for tasks to queue
[2023-10-16 10:23:25,947] {logging_mixin.py:109} INFO - [2023-10-16 10:23:25,947] {dagbag.py:500} INFO - Filling up the DagBag from /Users/namyoung/Desktop/myprj/airflow/airflow/lib/python3.7/site-packages/airflow/example_dags/example_trigger_target_dag.py
[2023-10-16 10:23:25,976] {processor.py:654} INFO - DAG(s) dict_keys(['example_trigger_target_dag']) retrieved from /Users/namyoung/Desktop/myprj/airflow/airflow/lib/python3.7/site-packages/airflow/example_dags/example_trigger_target_dag.py
[2023-10-16 10:23:25,984] {logging_mixin.py:109} INFO - [2023-10-16 10:23:25,984] {dag.py:2396} INFO - Sync 1 DAGs
[2023-10-16 10:23:25,992] {logging_mixin.py:109} INFO - [2023-10-16 10:23:25,992] {dag.py:2935} INFO - Setting next_dagrun for example_trigger_target_dag to None
[2023-10-16 10:23:25,997] {processor.py:171} INFO - Processing /Users/namyoung/Desktop/myprj/airflow/airflow/lib/python3.7/site-packages/airflow/example_dags/example_trigger_target_dag.py took 0.059 seconds
[2023-10-16 12:06:06,728] {processor.py:163} INFO - Started process (PID=29824) to work on /Users/namyoung/Desktop/myprj/airflow/airflow/lib/python3.7/site-packages/airflow/example_dags/example_trigger_target_dag.py
[2023-10-16 12:06:06,729] {processor.py:642} INFO - Processing file /Users/namyoung/Desktop/myprj/airflow/airflow/lib/python3.7/site-packages/airflow/example_dags/example_trigger_target_dag.py for tasks to queue
[2023-10-16 12:06:06,729] {logging_mixin.py:109} INFO - [2023-10-16 12:06:06,729] {dagbag.py:500} INFO - Filling up the DagBag from /Users/namyoung/Desktop/myprj/airflow/airflow/lib/python3.7/site-packages/airflow/example_dags/example_trigger_target_dag.py
[2023-10-16 12:06:06,745] {processor.py:654} INFO - DAG(s) dict_keys(['example_trigger_target_dag']) retrieved from /Users/namyoung/Desktop/myprj/airflow/airflow/lib/python3.7/site-packages/airflow/example_dags/example_trigger_target_dag.py
[2023-10-16 12:06:06,751] {logging_mixin.py:109} INFO - [2023-10-16 12:06:06,751] {dag.py:2396} INFO - Sync 1 DAGs
[2023-10-16 12:06:06,757] {logging_mixin.py:109} INFO - [2023-10-16 12:06:06,757] {dag.py:2935} INFO - Setting next_dagrun for example_trigger_target_dag to None
[2023-10-16 12:06:06,762] {processor.py:171} INFO - Processing /Users/namyoung/Desktop/myprj/airflow/airflow/lib/python3.7/site-packages/airflow/example_dags/example_trigger_target_dag.py took 0.037 seconds
[2023-10-16 13:48:14,494] {processor.py:163} INFO - Started process (PID=29966) to work on /Users/namyoung/Desktop/myprj/airflow/airflow/lib/python3.7/site-packages/airflow/example_dags/example_trigger_target_dag.py
[2023-10-16 13:48:14,494] {processor.py:642} INFO - Processing file /Users/namyoung/Desktop/myprj/airflow/airflow/lib/python3.7/site-packages/airflow/example_dags/example_trigger_target_dag.py for tasks to queue
[2023-10-16 13:48:14,495] {logging_mixin.py:109} INFO - [2023-10-16 13:48:14,495] {dagbag.py:500} INFO - Filling up the DagBag from /Users/namyoung/Desktop/myprj/airflow/airflow/lib/python3.7/site-packages/airflow/example_dags/example_trigger_target_dag.py
[2023-10-16 13:48:14,514] {processor.py:654} INFO - DAG(s) dict_keys(['example_trigger_target_dag']) retrieved from /Users/namyoung/Desktop/myprj/airflow/airflow/lib/python3.7/site-packages/airflow/example_dags/example_trigger_target_dag.py
[2023-10-16 13:48:14,524] {logging_mixin.py:109} INFO - [2023-10-16 13:48:14,524] {dag.py:2396} INFO - Sync 1 DAGs
[2023-10-16 13:48:14,532] {logging_mixin.py:109} INFO - [2023-10-16 13:48:14,531] {dag.py:2935} INFO - Setting next_dagrun for example_trigger_target_dag to None
[2023-10-16 13:48:14,539] {processor.py:171} INFO - Processing /Users/namyoung/Desktop/myprj/airflow/airflow/lib/python3.7/site-packages/airflow/example_dags/example_trigger_target_dag.py took 0.047 seconds
[2023-10-16 15:29:33,170] {processor.py:163} INFO - Started process (PID=30233) to work on /Users/namyoung/Desktop/myprj/airflow/airflow/lib/python3.7/site-packages/airflow/example_dags/example_trigger_target_dag.py
[2023-10-16 15:29:33,172] {processor.py:642} INFO - Processing file /Users/namyoung/Desktop/myprj/airflow/airflow/lib/python3.7/site-packages/airflow/example_dags/example_trigger_target_dag.py for tasks to queue
[2023-10-16 15:29:33,174] {logging_mixin.py:109} INFO - [2023-10-16 15:29:33,173] {dagbag.py:500} INFO - Filling up the DagBag from /Users/namyoung/Desktop/myprj/airflow/airflow/lib/python3.7/site-packages/airflow/example_dags/example_trigger_target_dag.py
[2023-10-16 15:29:33,203] {processor.py:654} INFO - DAG(s) dict_keys(['example_trigger_target_dag']) retrieved from /Users/namyoung/Desktop/myprj/airflow/airflow/lib/python3.7/site-packages/airflow/example_dags/example_trigger_target_dag.py
[2023-10-16 15:29:33,211] {logging_mixin.py:109} INFO - [2023-10-16 15:29:33,211] {dag.py:2396} INFO - Sync 1 DAGs
[2023-10-16 15:29:33,219] {logging_mixin.py:109} INFO - [2023-10-16 15:29:33,219] {dag.py:2935} INFO - Setting next_dagrun for example_trigger_target_dag to None
[2023-10-16 15:29:33,224] {processor.py:171} INFO - Processing /Users/namyoung/Desktop/myprj/airflow/airflow/lib/python3.7/site-packages/airflow/example_dags/example_trigger_target_dag.py took 0.059 seconds
[2023-10-16 17:10:30,928] {processor.py:163} INFO - Started process (PID=30433) to work on /Users/namyoung/Desktop/myprj/airflow/airflow/lib/python3.7/site-packages/airflow/example_dags/example_trigger_target_dag.py
[2023-10-16 17:10:30,930] {processor.py:642} INFO - Processing file /Users/namyoung/Desktop/myprj/airflow/airflow/lib/python3.7/site-packages/airflow/example_dags/example_trigger_target_dag.py for tasks to queue
[2023-10-16 17:10:30,931] {logging_mixin.py:109} INFO - [2023-10-16 17:10:30,931] {dagbag.py:500} INFO - Filling up the DagBag from /Users/namyoung/Desktop/myprj/airflow/airflow/lib/python3.7/site-packages/airflow/example_dags/example_trigger_target_dag.py
[2023-10-16 17:10:30,959] {processor.py:654} INFO - DAG(s) dict_keys(['example_trigger_target_dag']) retrieved from /Users/namyoung/Desktop/myprj/airflow/airflow/lib/python3.7/site-packages/airflow/example_dags/example_trigger_target_dag.py
[2023-10-16 17:10:30,968] {logging_mixin.py:109} INFO - [2023-10-16 17:10:30,967] {dag.py:2396} INFO - Sync 1 DAGs
[2023-10-16 17:10:30,976] {logging_mixin.py:109} INFO - [2023-10-16 17:10:30,976] {dag.py:2935} INFO - Setting next_dagrun for example_trigger_target_dag to None
[2023-10-16 17:10:30,982] {processor.py:171} INFO - Processing /Users/namyoung/Desktop/myprj/airflow/airflow/lib/python3.7/site-packages/airflow/example_dags/example_trigger_target_dag.py took 0.060 seconds
[2023-10-16 18:36:22,540] {processor.py:163} INFO - Started process (PID=30636) to work on /Users/namyoung/Desktop/myprj/airflow/airflow/lib/python3.7/site-packages/airflow/example_dags/example_trigger_target_dag.py
[2023-10-16 18:36:22,541] {processor.py:642} INFO - Processing file /Users/namyoung/Desktop/myprj/airflow/airflow/lib/python3.7/site-packages/airflow/example_dags/example_trigger_target_dag.py for tasks to queue
[2023-10-16 18:36:22,542] {logging_mixin.py:109} INFO - [2023-10-16 18:36:22,541] {dagbag.py:500} INFO - Filling up the DagBag from /Users/namyoung/Desktop/myprj/airflow/airflow/lib/python3.7/site-packages/airflow/example_dags/example_trigger_target_dag.py
[2023-10-16 18:36:22,557] {processor.py:654} INFO - DAG(s) dict_keys(['example_trigger_target_dag']) retrieved from /Users/namyoung/Desktop/myprj/airflow/airflow/lib/python3.7/site-packages/airflow/example_dags/example_trigger_target_dag.py
[2023-10-16 18:36:22,563] {logging_mixin.py:109} INFO - [2023-10-16 18:36:22,562] {dag.py:2396} INFO - Sync 1 DAGs
[2023-10-16 18:36:22,569] {logging_mixin.py:109} INFO - [2023-10-16 18:36:22,569] {dag.py:2935} INFO - Setting next_dagrun for example_trigger_target_dag to None
[2023-10-16 18:36:22,575] {processor.py:171} INFO - Processing /Users/namyoung/Desktop/myprj/airflow/airflow/lib/python3.7/site-packages/airflow/example_dags/example_trigger_target_dag.py took 0.037 seconds
[2023-10-16 20:02:30,993] {processor.py:163} INFO - Started process (PID=30761) to work on /Users/namyoung/Desktop/myprj/airflow/airflow/lib/python3.7/site-packages/airflow/example_dags/example_trigger_target_dag.py
[2023-10-16 20:02:30,995] {processor.py:642} INFO - Processing file /Users/namyoung/Desktop/myprj/airflow/airflow/lib/python3.7/site-packages/airflow/example_dags/example_trigger_target_dag.py for tasks to queue
[2023-10-16 20:02:30,996] {logging_mixin.py:109} INFO - [2023-10-16 20:02:30,996] {dagbag.py:500} INFO - Filling up the DagBag from /Users/namyoung/Desktop/myprj/airflow/airflow/lib/python3.7/site-packages/airflow/example_dags/example_trigger_target_dag.py
[2023-10-16 20:02:31,015] {processor.py:654} INFO - DAG(s) dict_keys(['example_trigger_target_dag']) retrieved from /Users/namyoung/Desktop/myprj/airflow/airflow/lib/python3.7/site-packages/airflow/example_dags/example_trigger_target_dag.py
[2023-10-16 20:02:31,020] {logging_mixin.py:109} INFO - [2023-10-16 20:02:31,020] {dag.py:2396} INFO - Sync 1 DAGs
[2023-10-16 20:02:31,027] {logging_mixin.py:109} INFO - [2023-10-16 20:02:31,027] {dag.py:2935} INFO - Setting next_dagrun for example_trigger_target_dag to None
[2023-10-16 20:02:31,033] {processor.py:171} INFO - Processing /Users/namyoung/Desktop/myprj/airflow/airflow/lib/python3.7/site-packages/airflow/example_dags/example_trigger_target_dag.py took 0.043 seconds
[2023-10-16 21:39:38,562] {processor.py:163} INFO - Started process (PID=31026) to work on /Users/namyoung/Desktop/myprj/airflow/airflow/lib/python3.7/site-packages/airflow/example_dags/example_trigger_target_dag.py
[2023-10-16 21:39:38,563] {processor.py:642} INFO - Processing file /Users/namyoung/Desktop/myprj/airflow/airflow/lib/python3.7/site-packages/airflow/example_dags/example_trigger_target_dag.py for tasks to queue
[2023-10-16 21:39:38,563] {logging_mixin.py:109} INFO - [2023-10-16 21:39:38,563] {dagbag.py:500} INFO - Filling up the DagBag from /Users/namyoung/Desktop/myprj/airflow/airflow/lib/python3.7/site-packages/airflow/example_dags/example_trigger_target_dag.py
[2023-10-16 21:39:38,578] {processor.py:654} INFO - DAG(s) dict_keys(['example_trigger_target_dag']) retrieved from /Users/namyoung/Desktop/myprj/airflow/airflow/lib/python3.7/site-packages/airflow/example_dags/example_trigger_target_dag.py
[2023-10-16 21:39:38,583] {logging_mixin.py:109} INFO - [2023-10-16 21:39:38,583] {dag.py:2396} INFO - Sync 1 DAGs
[2023-10-16 21:39:38,590] {logging_mixin.py:109} INFO - [2023-10-16 21:39:38,590] {dag.py:2935} INFO - Setting next_dagrun for example_trigger_target_dag to None
[2023-10-16 21:39:38,595] {processor.py:171} INFO - Processing /Users/namyoung/Desktop/myprj/airflow/airflow/lib/python3.7/site-packages/airflow/example_dags/example_trigger_target_dag.py took 0.036 seconds
[2023-10-16 23:17:52,168] {processor.py:163} INFO - Started process (PID=31166) to work on /Users/namyoung/Desktop/myprj/airflow/airflow/lib/python3.7/site-packages/airflow/example_dags/example_trigger_target_dag.py
[2023-10-16 23:17:52,170] {processor.py:642} INFO - Processing file /Users/namyoung/Desktop/myprj/airflow/airflow/lib/python3.7/site-packages/airflow/example_dags/example_trigger_target_dag.py for tasks to queue
[2023-10-16 23:17:52,171] {logging_mixin.py:109} INFO - [2023-10-16 23:17:52,171] {dagbag.py:500} INFO - Filling up the DagBag from /Users/namyoung/Desktop/myprj/airflow/airflow/lib/python3.7/site-packages/airflow/example_dags/example_trigger_target_dag.py
[2023-10-16 23:17:52,198] {processor.py:654} INFO - DAG(s) dict_keys(['example_trigger_target_dag']) retrieved from /Users/namyoung/Desktop/myprj/airflow/airflow/lib/python3.7/site-packages/airflow/example_dags/example_trigger_target_dag.py
[2023-10-16 23:17:52,206] {logging_mixin.py:109} INFO - [2023-10-16 23:17:52,206] {dag.py:2396} INFO - Sync 1 DAGs
[2023-10-16 23:17:52,214] {logging_mixin.py:109} INFO - [2023-10-16 23:17:52,214] {dag.py:2935} INFO - Setting next_dagrun for example_trigger_target_dag to None
[2023-10-16 23:17:52,219] {processor.py:171} INFO - Processing /Users/namyoung/Desktop/myprj/airflow/airflow/lib/python3.7/site-packages/airflow/example_dags/example_trigger_target_dag.py took 0.056 seconds
[2023-10-17 00:56:35,071] {processor.py:163} INFO - Started process (PID=31422) to work on /Users/namyoung/Desktop/myprj/airflow/airflow/lib/python3.7/site-packages/airflow/example_dags/example_trigger_target_dag.py
[2023-10-17 00:56:35,071] {processor.py:642} INFO - Processing file /Users/namyoung/Desktop/myprj/airflow/airflow/lib/python3.7/site-packages/airflow/example_dags/example_trigger_target_dag.py for tasks to queue
[2023-10-17 00:56:35,072] {logging_mixin.py:109} INFO - [2023-10-17 00:56:35,072] {dagbag.py:500} INFO - Filling up the DagBag from /Users/namyoung/Desktop/myprj/airflow/airflow/lib/python3.7/site-packages/airflow/example_dags/example_trigger_target_dag.py
[2023-10-17 00:56:35,085] {processor.py:654} INFO - DAG(s) dict_keys(['example_trigger_target_dag']) retrieved from /Users/namyoung/Desktop/myprj/airflow/airflow/lib/python3.7/site-packages/airflow/example_dags/example_trigger_target_dag.py
[2023-10-17 00:56:35,090] {logging_mixin.py:109} INFO - [2023-10-17 00:56:35,090] {dag.py:2396} INFO - Sync 1 DAGs
[2023-10-17 00:56:35,097] {logging_mixin.py:109} INFO - [2023-10-17 00:56:35,096] {dag.py:2935} INFO - Setting next_dagrun for example_trigger_target_dag to None
[2023-10-17 00:56:35,104] {processor.py:171} INFO - Processing /Users/namyoung/Desktop/myprj/airflow/airflow/lib/python3.7/site-packages/airflow/example_dags/example_trigger_target_dag.py took 0.035 seconds
[2023-10-17 02:35:52,828] {processor.py:163} INFO - Started process (PID=31552) to work on /Users/namyoung/Desktop/myprj/airflow/airflow/lib/python3.7/site-packages/airflow/example_dags/example_trigger_target_dag.py
[2023-10-17 02:35:52,830] {processor.py:642} INFO - Processing file /Users/namyoung/Desktop/myprj/airflow/airflow/lib/python3.7/site-packages/airflow/example_dags/example_trigger_target_dag.py for tasks to queue
[2023-10-17 02:35:52,831] {logging_mixin.py:109} INFO - [2023-10-17 02:35:52,830] {dagbag.py:500} INFO - Filling up the DagBag from /Users/namyoung/Desktop/myprj/airflow/airflow/lib/python3.7/site-packages/airflow/example_dags/example_trigger_target_dag.py
[2023-10-17 02:35:52,855] {processor.py:654} INFO - DAG(s) dict_keys(['example_trigger_target_dag']) retrieved from /Users/namyoung/Desktop/myprj/airflow/airflow/lib/python3.7/site-packages/airflow/example_dags/example_trigger_target_dag.py
[2023-10-17 02:35:52,865] {logging_mixin.py:109} INFO - [2023-10-17 02:35:52,865] {dag.py:2396} INFO - Sync 1 DAGs
[2023-10-17 02:35:52,875] {logging_mixin.py:109} INFO - [2023-10-17 02:35:52,875] {dag.py:2935} INFO - Setting next_dagrun for example_trigger_target_dag to None
[2023-10-17 02:35:52,884] {processor.py:171} INFO - Processing /Users/namyoung/Desktop/myprj/airflow/airflow/lib/python3.7/site-packages/airflow/example_dags/example_trigger_target_dag.py took 0.060 seconds
[2023-10-17 03:53:41,989] {processor.py:163} INFO - Started process (PID=31819) to work on /Users/namyoung/Desktop/myprj/airflow/airflow/lib/python3.7/site-packages/airflow/example_dags/example_trigger_target_dag.py
[2023-10-17 03:53:41,991] {processor.py:642} INFO - Processing file /Users/namyoung/Desktop/myprj/airflow/airflow/lib/python3.7/site-packages/airflow/example_dags/example_trigger_target_dag.py for tasks to queue
[2023-10-17 03:53:41,992] {logging_mixin.py:109} INFO - [2023-10-17 03:53:41,992] {dagbag.py:500} INFO - Filling up the DagBag from /Users/namyoung/Desktop/myprj/airflow/airflow/lib/python3.7/site-packages/airflow/example_dags/example_trigger_target_dag.py
[2023-10-17 03:53:42,022] {processor.py:654} INFO - DAG(s) dict_keys(['example_trigger_target_dag']) retrieved from /Users/namyoung/Desktop/myprj/airflow/airflow/lib/python3.7/site-packages/airflow/example_dags/example_trigger_target_dag.py
[2023-10-17 03:53:42,030] {logging_mixin.py:109} INFO - [2023-10-17 03:53:42,030] {dag.py:2396} INFO - Sync 1 DAGs
[2023-10-17 03:53:42,038] {logging_mixin.py:109} INFO - [2023-10-17 03:53:42,038] {dag.py:2935} INFO - Setting next_dagrun for example_trigger_target_dag to None
[2023-10-17 03:53:42,043] {processor.py:171} INFO - Processing /Users/namyoung/Desktop/myprj/airflow/airflow/lib/python3.7/site-packages/airflow/example_dags/example_trigger_target_dag.py took 0.060 seconds
[2023-10-17 05:43:26,468] {processor.py:163} INFO - Started process (PID=32095) to work on /Users/namyoung/Desktop/myprj/airflow/airflow/lib/python3.7/site-packages/airflow/example_dags/example_trigger_target_dag.py
[2023-10-17 05:43:26,470] {processor.py:642} INFO - Processing file /Users/namyoung/Desktop/myprj/airflow/airflow/lib/python3.7/site-packages/airflow/example_dags/example_trigger_target_dag.py for tasks to queue
[2023-10-17 05:43:26,471] {logging_mixin.py:109} INFO - [2023-10-17 05:43:26,471] {dagbag.py:500} INFO - Filling up the DagBag from /Users/namyoung/Desktop/myprj/airflow/airflow/lib/python3.7/site-packages/airflow/example_dags/example_trigger_target_dag.py
[2023-10-17 05:43:26,485] {processor.py:654} INFO - DAG(s) dict_keys(['example_trigger_target_dag']) retrieved from /Users/namyoung/Desktop/myprj/airflow/airflow/lib/python3.7/site-packages/airflow/example_dags/example_trigger_target_dag.py
[2023-10-17 05:43:26,491] {logging_mixin.py:109} INFO - [2023-10-17 05:43:26,491] {dag.py:2396} INFO - Sync 1 DAGs
[2023-10-17 05:43:26,498] {logging_mixin.py:109} INFO - [2023-10-17 05:43:26,498] {dag.py:2935} INFO - Setting next_dagrun for example_trigger_target_dag to None
[2023-10-17 05:43:26,504] {processor.py:171} INFO - Processing /Users/namyoung/Desktop/myprj/airflow/airflow/lib/python3.7/site-packages/airflow/example_dags/example_trigger_target_dag.py took 0.042 seconds
[2023-10-17 07:25:47,009] {processor.py:163} INFO - Started process (PID=32239) to work on /Users/namyoung/Desktop/myprj/airflow/airflow/lib/python3.7/site-packages/airflow/example_dags/example_trigger_target_dag.py
[2023-10-17 07:25:47,010] {processor.py:642} INFO - Processing file /Users/namyoung/Desktop/myprj/airflow/airflow/lib/python3.7/site-packages/airflow/example_dags/example_trigger_target_dag.py for tasks to queue
[2023-10-17 07:25:47,011] {logging_mixin.py:109} INFO - [2023-10-17 07:25:47,011] {dagbag.py:500} INFO - Filling up the DagBag from /Users/namyoung/Desktop/myprj/airflow/airflow/lib/python3.7/site-packages/airflow/example_dags/example_trigger_target_dag.py
[2023-10-17 07:25:47,028] {processor.py:654} INFO - DAG(s) dict_keys(['example_trigger_target_dag']) retrieved from /Users/namyoung/Desktop/myprj/airflow/airflow/lib/python3.7/site-packages/airflow/example_dags/example_trigger_target_dag.py
[2023-10-17 07:25:47,034] {logging_mixin.py:109} INFO - [2023-10-17 07:25:47,034] {dag.py:2396} INFO - Sync 1 DAGs
[2023-10-17 07:25:47,042] {logging_mixin.py:109} INFO - [2023-10-17 07:25:47,042] {dag.py:2935} INFO - Setting next_dagrun for example_trigger_target_dag to None
[2023-10-17 07:25:47,049] {processor.py:171} INFO - Processing /Users/namyoung/Desktop/myprj/airflow/airflow/lib/python3.7/site-packages/airflow/example_dags/example_trigger_target_dag.py took 0.042 seconds
