[2023-10-16 09:40:03,773] {processor.py:163} INFO - Started process (PID=29475) to work on /Users/namyoung/Desktop/myprj/airflow/airflow/lib/python3.7/site-packages/airflow/example_dags/example_kubernetes_executor.py
[2023-10-16 09:40:03,774] {processor.py:642} INFO - Processing file /Users/namyoung/Desktop/myprj/airflow/airflow/lib/python3.7/site-packages/airflow/example_dags/example_kubernetes_executor.py for tasks to queue
[2023-10-16 09:40:03,775] {logging_mixin.py:109} INFO - [2023-10-16 09:40:03,775] {dagbag.py:500} INFO - Filling up the DagBag from /Users/namyoung/Desktop/myprj/airflow/airflow/lib/python3.7/site-packages/airflow/example_dags/example_kubernetes_executor.py
[2023-10-16 09:40:03,782] {logging_mixin.py:109} INFO - [2023-10-16 09:40:03,782] {example_kubernetes_executor.py:39} WARNING - The example_kubernetes_executor example DAG requires the kubernetes provider. Please install it with: pip install apache-airflow[cncf.kubernetes]
[2023-10-16 09:40:03,788] {processor.py:656} WARNING - No viable dags retrieved from /Users/namyoung/Desktop/myprj/airflow/airflow/lib/python3.7/site-packages/airflow/example_dags/example_kubernetes_executor.py
[2023-10-16 09:40:03,790] {processor.py:171} INFO - Processing /Users/namyoung/Desktop/myprj/airflow/airflow/lib/python3.7/site-packages/airflow/example_dags/example_kubernetes_executor.py took 0.019 seconds
[2023-10-16 11:14:27,851] {processor.py:163} INFO - Started process (PID=29750) to work on /Users/namyoung/Desktop/myprj/airflow/airflow/lib/python3.7/site-packages/airflow/example_dags/example_kubernetes_executor.py
[2023-10-16 11:14:27,853] {processor.py:642} INFO - Processing file /Users/namyoung/Desktop/myprj/airflow/airflow/lib/python3.7/site-packages/airflow/example_dags/example_kubernetes_executor.py for tasks to queue
[2023-10-16 11:14:27,854] {logging_mixin.py:109} INFO - [2023-10-16 11:14:27,854] {dagbag.py:500} INFO - Filling up the DagBag from /Users/namyoung/Desktop/myprj/airflow/airflow/lib/python3.7/site-packages/airflow/example_dags/example_kubernetes_executor.py
[2023-10-16 11:14:27,866] {logging_mixin.py:109} INFO - [2023-10-16 11:14:27,866] {example_kubernetes_executor.py:39} WARNING - The example_kubernetes_executor example DAG requires the kubernetes provider. Please install it with: pip install apache-airflow[cncf.kubernetes]
[2023-10-16 11:14:27,875] {processor.py:656} WARNING - No viable dags retrieved from /Users/namyoung/Desktop/myprj/airflow/airflow/lib/python3.7/site-packages/airflow/example_dags/example_kubernetes_executor.py
[2023-10-16 11:14:27,878] {processor.py:171} INFO - Processing /Users/namyoung/Desktop/myprj/airflow/airflow/lib/python3.7/site-packages/airflow/example_dags/example_kubernetes_executor.py took 0.032 seconds
[2023-10-16 12:56:55,364] {processor.py:163} INFO - Started process (PID=29881) to work on /Users/namyoung/Desktop/myprj/airflow/airflow/lib/python3.7/site-packages/airflow/example_dags/example_kubernetes_executor.py
[2023-10-16 12:56:55,365] {processor.py:642} INFO - Processing file /Users/namyoung/Desktop/myprj/airflow/airflow/lib/python3.7/site-packages/airflow/example_dags/example_kubernetes_executor.py for tasks to queue
[2023-10-16 12:56:55,366] {logging_mixin.py:109} INFO - [2023-10-16 12:56:55,365] {dagbag.py:500} INFO - Filling up the DagBag from /Users/namyoung/Desktop/myprj/airflow/airflow/lib/python3.7/site-packages/airflow/example_dags/example_kubernetes_executor.py
[2023-10-16 12:56:55,372] {logging_mixin.py:109} INFO - [2023-10-16 12:56:55,371] {example_kubernetes_executor.py:39} WARNING - The example_kubernetes_executor example DAG requires the kubernetes provider. Please install it with: pip install apache-airflow[cncf.kubernetes]
[2023-10-16 12:56:55,376] {processor.py:656} WARNING - No viable dags retrieved from /Users/namyoung/Desktop/myprj/airflow/airflow/lib/python3.7/site-packages/airflow/example_dags/example_kubernetes_executor.py
[2023-10-16 12:56:55,379] {processor.py:171} INFO - Processing /Users/namyoung/Desktop/myprj/airflow/airflow/lib/python3.7/site-packages/airflow/example_dags/example_kubernetes_executor.py took 0.016 seconds
[2023-10-16 14:38:52,159] {processor.py:163} INFO - Started process (PID=30152) to work on /Users/namyoung/Desktop/myprj/airflow/airflow/lib/python3.7/site-packages/airflow/example_dags/example_kubernetes_executor.py
[2023-10-16 14:38:52,159] {processor.py:642} INFO - Processing file /Users/namyoung/Desktop/myprj/airflow/airflow/lib/python3.7/site-packages/airflow/example_dags/example_kubernetes_executor.py for tasks to queue
[2023-10-16 14:38:52,160] {logging_mixin.py:109} INFO - [2023-10-16 14:38:52,160] {dagbag.py:500} INFO - Filling up the DagBag from /Users/namyoung/Desktop/myprj/airflow/airflow/lib/python3.7/site-packages/airflow/example_dags/example_kubernetes_executor.py
[2023-10-16 14:38:52,167] {logging_mixin.py:109} INFO - [2023-10-16 14:38:52,167] {example_kubernetes_executor.py:39} WARNING - The example_kubernetes_executor example DAG requires the kubernetes provider. Please install it with: pip install apache-airflow[cncf.kubernetes]
[2023-10-16 14:38:52,173] {processor.py:656} WARNING - No viable dags retrieved from /Users/namyoung/Desktop/myprj/airflow/airflow/lib/python3.7/site-packages/airflow/example_dags/example_kubernetes_executor.py
[2023-10-16 14:38:52,176] {processor.py:171} INFO - Processing /Users/namyoung/Desktop/myprj/airflow/airflow/lib/python3.7/site-packages/airflow/example_dags/example_kubernetes_executor.py took 0.020 seconds
[2023-10-16 16:21:31,352] {processor.py:163} INFO - Started process (PID=30300) to work on /Users/namyoung/Desktop/myprj/airflow/airflow/lib/python3.7/site-packages/airflow/example_dags/example_kubernetes_executor.py
[2023-10-16 16:21:31,353] {processor.py:642} INFO - Processing file /Users/namyoung/Desktop/myprj/airflow/airflow/lib/python3.7/site-packages/airflow/example_dags/example_kubernetes_executor.py for tasks to queue
[2023-10-16 16:21:31,354] {logging_mixin.py:109} INFO - [2023-10-16 16:21:31,354] {dagbag.py:500} INFO - Filling up the DagBag from /Users/namyoung/Desktop/myprj/airflow/airflow/lib/python3.7/site-packages/airflow/example_dags/example_kubernetes_executor.py
[2023-10-16 16:21:31,360] {logging_mixin.py:109} INFO - [2023-10-16 16:21:31,359] {example_kubernetes_executor.py:39} WARNING - The example_kubernetes_executor example DAG requires the kubernetes provider. Please install it with: pip install apache-airflow[cncf.kubernetes]
[2023-10-16 16:21:31,364] {processor.py:656} WARNING - No viable dags retrieved from /Users/namyoung/Desktop/myprj/airflow/airflow/lib/python3.7/site-packages/airflow/example_dags/example_kubernetes_executor.py
[2023-10-16 16:21:31,365] {processor.py:171} INFO - Processing /Users/namyoung/Desktop/myprj/airflow/airflow/lib/python3.7/site-packages/airflow/example_dags/example_kubernetes_executor.py took 0.015 seconds
[2023-10-16 17:46:58,230] {processor.py:163} INFO - Started process (PID=30557) to work on /Users/namyoung/Desktop/myprj/airflow/airflow/lib/python3.7/site-packages/airflow/example_dags/example_kubernetes_executor.py
[2023-10-16 17:46:58,231] {processor.py:642} INFO - Processing file /Users/namyoung/Desktop/myprj/airflow/airflow/lib/python3.7/site-packages/airflow/example_dags/example_kubernetes_executor.py for tasks to queue
[2023-10-16 17:46:58,232] {logging_mixin.py:109} INFO - [2023-10-16 17:46:58,231] {dagbag.py:500} INFO - Filling up the DagBag from /Users/namyoung/Desktop/myprj/airflow/airflow/lib/python3.7/site-packages/airflow/example_dags/example_kubernetes_executor.py
[2023-10-16 17:46:58,239] {logging_mixin.py:109} INFO - [2023-10-16 17:46:58,238] {example_kubernetes_executor.py:39} WARNING - The example_kubernetes_executor example DAG requires the kubernetes provider. Please install it with: pip install apache-airflow[cncf.kubernetes]
[2023-10-16 17:46:58,246] {processor.py:656} WARNING - No viable dags retrieved from /Users/namyoung/Desktop/myprj/airflow/airflow/lib/python3.7/site-packages/airflow/example_dags/example_kubernetes_executor.py
[2023-10-16 17:46:58,249] {processor.py:171} INFO - Processing /Users/namyoung/Desktop/myprj/airflow/airflow/lib/python3.7/site-packages/airflow/example_dags/example_kubernetes_executor.py took 0.022 seconds
[2023-10-16 19:28:03,972] {processor.py:163} INFO - Started process (PID=30691) to work on /Users/namyoung/Desktop/myprj/airflow/airflow/lib/python3.7/site-packages/airflow/example_dags/example_kubernetes_executor.py
[2023-10-16 19:28:03,973] {processor.py:642} INFO - Processing file /Users/namyoung/Desktop/myprj/airflow/airflow/lib/python3.7/site-packages/airflow/example_dags/example_kubernetes_executor.py for tasks to queue
[2023-10-16 19:28:03,974] {logging_mixin.py:109} INFO - [2023-10-16 19:28:03,974] {dagbag.py:500} INFO - Filling up the DagBag from /Users/namyoung/Desktop/myprj/airflow/airflow/lib/python3.7/site-packages/airflow/example_dags/example_kubernetes_executor.py
[2023-10-16 19:28:03,986] {logging_mixin.py:109} INFO - [2023-10-16 19:28:03,986] {example_kubernetes_executor.py:39} WARNING - The example_kubernetes_executor example DAG requires the kubernetes provider. Please install it with: pip install apache-airflow[cncf.kubernetes]
[2023-10-16 19:28:03,998] {processor.py:656} WARNING - No viable dags retrieved from /Users/namyoung/Desktop/myprj/airflow/airflow/lib/python3.7/site-packages/airflow/example_dags/example_kubernetes_executor.py
[2023-10-16 19:28:03,999] {processor.py:171} INFO - Processing /Users/namyoung/Desktop/myprj/airflow/airflow/lib/python3.7/site-packages/airflow/example_dags/example_kubernetes_executor.py took 0.031 seconds
[2023-10-16 20:52:10,014] {processor.py:163} INFO - Started process (PID=30956) to work on /Users/namyoung/Desktop/myprj/airflow/airflow/lib/python3.7/site-packages/airflow/example_dags/example_kubernetes_executor.py
[2023-10-16 20:52:10,016] {processor.py:642} INFO - Processing file /Users/namyoung/Desktop/myprj/airflow/airflow/lib/python3.7/site-packages/airflow/example_dags/example_kubernetes_executor.py for tasks to queue
[2023-10-16 20:52:10,017] {logging_mixin.py:109} INFO - [2023-10-16 20:52:10,017] {dagbag.py:500} INFO - Filling up the DagBag from /Users/namyoung/Desktop/myprj/airflow/airflow/lib/python3.7/site-packages/airflow/example_dags/example_kubernetes_executor.py
[2023-10-16 20:52:10,030] {logging_mixin.py:109} INFO - [2023-10-16 20:52:10,030] {example_kubernetes_executor.py:39} WARNING - The example_kubernetes_executor example DAG requires the kubernetes provider. Please install it with: pip install apache-airflow[cncf.kubernetes]
[2023-10-16 20:52:10,041] {processor.py:656} WARNING - No viable dags retrieved from /Users/namyoung/Desktop/myprj/airflow/airflow/lib/python3.7/site-packages/airflow/example_dags/example_kubernetes_executor.py
[2023-10-16 20:52:10,043] {processor.py:171} INFO - Processing /Users/namyoung/Desktop/myprj/airflow/airflow/lib/python3.7/site-packages/airflow/example_dags/example_kubernetes_executor.py took 0.035 seconds
[2023-10-16 22:27:24,475] {processor.py:163} INFO - Started process (PID=31095) to work on /Users/namyoung/Desktop/myprj/airflow/airflow/lib/python3.7/site-packages/airflow/example_dags/example_kubernetes_executor.py
[2023-10-16 22:27:24,476] {processor.py:642} INFO - Processing file /Users/namyoung/Desktop/myprj/airflow/airflow/lib/python3.7/site-packages/airflow/example_dags/example_kubernetes_executor.py for tasks to queue
[2023-10-16 22:27:24,476] {logging_mixin.py:109} INFO - [2023-10-16 22:27:24,476] {dagbag.py:500} INFO - Filling up the DagBag from /Users/namyoung/Desktop/myprj/airflow/airflow/lib/python3.7/site-packages/airflow/example_dags/example_kubernetes_executor.py
[2023-10-16 22:27:24,484] {logging_mixin.py:109} INFO - [2023-10-16 22:27:24,484] {example_kubernetes_executor.py:39} WARNING - The example_kubernetes_executor example DAG requires the kubernetes provider. Please install it with: pip install apache-airflow[cncf.kubernetes]
[2023-10-16 22:27:24,489] {processor.py:656} WARNING - No viable dags retrieved from /Users/namyoung/Desktop/myprj/airflow/airflow/lib/python3.7/site-packages/airflow/example_dags/example_kubernetes_executor.py
[2023-10-16 22:27:24,491] {processor.py:171} INFO - Processing /Users/namyoung/Desktop/myprj/airflow/airflow/lib/python3.7/site-packages/airflow/example_dags/example_kubernetes_executor.py took 0.019 seconds
[2023-10-17 00:08:24,573] {processor.py:163} INFO - Started process (PID=31353) to work on /Users/namyoung/Desktop/myprj/airflow/airflow/lib/python3.7/site-packages/airflow/example_dags/example_kubernetes_executor.py
[2023-10-17 00:08:24,574] {processor.py:642} INFO - Processing file /Users/namyoung/Desktop/myprj/airflow/airflow/lib/python3.7/site-packages/airflow/example_dags/example_kubernetes_executor.py for tasks to queue
[2023-10-17 00:08:24,575] {logging_mixin.py:109} INFO - [2023-10-17 00:08:24,575] {dagbag.py:500} INFO - Filling up the DagBag from /Users/namyoung/Desktop/myprj/airflow/airflow/lib/python3.7/site-packages/airflow/example_dags/example_kubernetes_executor.py
[2023-10-17 00:08:24,581] {logging_mixin.py:109} INFO - [2023-10-17 00:08:24,581] {example_kubernetes_executor.py:39} WARNING - The example_kubernetes_executor example DAG requires the kubernetes provider. Please install it with: pip install apache-airflow[cncf.kubernetes]
[2023-10-17 00:08:24,586] {processor.py:656} WARNING - No viable dags retrieved from /Users/namyoung/Desktop/myprj/airflow/airflow/lib/python3.7/site-packages/airflow/example_dags/example_kubernetes_executor.py
[2023-10-17 00:08:24,587] {processor.py:171} INFO - Processing /Users/namyoung/Desktop/myprj/airflow/airflow/lib/python3.7/site-packages/airflow/example_dags/example_kubernetes_executor.py took 0.016 seconds
[2023-10-17 01:29:23,646] {processor.py:163} INFO - Started process (PID=31476) to work on /Users/namyoung/Desktop/myprj/airflow/airflow/lib/python3.7/site-packages/airflow/example_dags/example_kubernetes_executor.py
[2023-10-17 01:29:23,649] {processor.py:642} INFO - Processing file /Users/namyoung/Desktop/myprj/airflow/airflow/lib/python3.7/site-packages/airflow/example_dags/example_kubernetes_executor.py for tasks to queue
[2023-10-17 01:29:23,650] {logging_mixin.py:109} INFO - [2023-10-17 01:29:23,650] {dagbag.py:500} INFO - Filling up the DagBag from /Users/namyoung/Desktop/myprj/airflow/airflow/lib/python3.7/site-packages/airflow/example_dags/example_kubernetes_executor.py
[2023-10-17 01:29:23,665] {logging_mixin.py:109} INFO - [2023-10-17 01:29:23,665] {example_kubernetes_executor.py:39} WARNING - The example_kubernetes_executor example DAG requires the kubernetes provider. Please install it with: pip install apache-airflow[cncf.kubernetes]
[2023-10-17 01:29:23,676] {processor.py:656} WARNING - No viable dags retrieved from /Users/namyoung/Desktop/myprj/airflow/airflow/lib/python3.7/site-packages/airflow/example_dags/example_kubernetes_executor.py
[2023-10-17 01:29:23,678] {processor.py:171} INFO - Processing /Users/namyoung/Desktop/myprj/airflow/airflow/lib/python3.7/site-packages/airflow/example_dags/example_kubernetes_executor.py took 0.038 seconds
[2023-10-17 03:06:35,278] {processor.py:163} INFO - Started process (PID=31742) to work on /Users/namyoung/Desktop/myprj/airflow/airflow/lib/python3.7/site-packages/airflow/example_dags/example_kubernetes_executor.py
[2023-10-17 03:06:35,279] {processor.py:642} INFO - Processing file /Users/namyoung/Desktop/myprj/airflow/airflow/lib/python3.7/site-packages/airflow/example_dags/example_kubernetes_executor.py for tasks to queue
[2023-10-17 03:06:35,279] {logging_mixin.py:109} INFO - [2023-10-17 03:06:35,279] {dagbag.py:500} INFO - Filling up the DagBag from /Users/namyoung/Desktop/myprj/airflow/airflow/lib/python3.7/site-packages/airflow/example_dags/example_kubernetes_executor.py
[2023-10-17 03:06:35,285] {logging_mixin.py:109} INFO - [2023-10-17 03:06:35,285] {example_kubernetes_executor.py:39} WARNING - The example_kubernetes_executor example DAG requires the kubernetes provider. Please install it with: pip install apache-airflow[cncf.kubernetes]
[2023-10-17 03:06:35,291] {processor.py:656} WARNING - No viable dags retrieved from /Users/namyoung/Desktop/myprj/airflow/airflow/lib/python3.7/site-packages/airflow/example_dags/example_kubernetes_executor.py
[2023-10-17 03:06:35,292] {processor.py:171} INFO - Processing /Users/namyoung/Desktop/myprj/airflow/airflow/lib/python3.7/site-packages/airflow/example_dags/example_kubernetes_executor.py took 0.016 seconds
[2023-10-17 04:40:10,127] {processor.py:163} INFO - Started process (PID=31890) to work on /Users/namyoung/Desktop/myprj/airflow/airflow/lib/python3.7/site-packages/airflow/example_dags/example_kubernetes_executor.py
[2023-10-17 04:40:10,129] {processor.py:642} INFO - Processing file /Users/namyoung/Desktop/myprj/airflow/airflow/lib/python3.7/site-packages/airflow/example_dags/example_kubernetes_executor.py for tasks to queue
[2023-10-17 04:40:10,130] {logging_mixin.py:109} INFO - [2023-10-17 04:40:10,130] {dagbag.py:500} INFO - Filling up the DagBag from /Users/namyoung/Desktop/myprj/airflow/airflow/lib/python3.7/site-packages/airflow/example_dags/example_kubernetes_executor.py
[2023-10-17 04:40:10,143] {logging_mixin.py:109} INFO - [2023-10-17 04:40:10,143] {example_kubernetes_executor.py:39} WARNING - The example_kubernetes_executor example DAG requires the kubernetes provider. Please install it with: pip install apache-airflow[cncf.kubernetes]
[2023-10-17 04:40:10,153] {processor.py:656} WARNING - No viable dags retrieved from /Users/namyoung/Desktop/myprj/airflow/airflow/lib/python3.7/site-packages/airflow/example_dags/example_kubernetes_executor.py
[2023-10-17 04:40:10,155] {processor.py:171} INFO - Processing /Users/namyoung/Desktop/myprj/airflow/airflow/lib/python3.7/site-packages/airflow/example_dags/example_kubernetes_executor.py took 0.033 seconds
[2023-10-17 06:34:55,715] {processor.py:163} INFO - Started process (PID=32172) to work on /Users/namyoung/Desktop/myprj/airflow/airflow/lib/python3.7/site-packages/airflow/example_dags/example_kubernetes_executor.py
[2023-10-17 06:34:55,716] {processor.py:642} INFO - Processing file /Users/namyoung/Desktop/myprj/airflow/airflow/lib/python3.7/site-packages/airflow/example_dags/example_kubernetes_executor.py for tasks to queue
[2023-10-17 06:34:55,717] {logging_mixin.py:109} INFO - [2023-10-17 06:34:55,716] {dagbag.py:500} INFO - Filling up the DagBag from /Users/namyoung/Desktop/myprj/airflow/airflow/lib/python3.7/site-packages/airflow/example_dags/example_kubernetes_executor.py
[2023-10-17 06:34:55,723] {logging_mixin.py:109} INFO - [2023-10-17 06:34:55,723] {example_kubernetes_executor.py:39} WARNING - The example_kubernetes_executor example DAG requires the kubernetes provider. Please install it with: pip install apache-airflow[cncf.kubernetes]
[2023-10-17 06:34:55,728] {processor.py:656} WARNING - No viable dags retrieved from /Users/namyoung/Desktop/myprj/airflow/airflow/lib/python3.7/site-packages/airflow/example_dags/example_kubernetes_executor.py
[2023-10-17 06:34:55,729] {processor.py:171} INFO - Processing /Users/namyoung/Desktop/myprj/airflow/airflow/lib/python3.7/site-packages/airflow/example_dags/example_kubernetes_executor.py took 0.016 seconds
[2023-10-17 08:14:45,899] {processor.py:163} INFO - Started process (PID=32301) to work on /Users/namyoung/Desktop/myprj/airflow/airflow/lib/python3.7/site-packages/airflow/example_dags/example_kubernetes_executor.py
[2023-10-17 08:14:45,899] {processor.py:642} INFO - Processing file /Users/namyoung/Desktop/myprj/airflow/airflow/lib/python3.7/site-packages/airflow/example_dags/example_kubernetes_executor.py for tasks to queue
[2023-10-17 08:14:45,900] {logging_mixin.py:109} INFO - [2023-10-17 08:14:45,900] {dagbag.py:500} INFO - Filling up the DagBag from /Users/namyoung/Desktop/myprj/airflow/airflow/lib/python3.7/site-packages/airflow/example_dags/example_kubernetes_executor.py
[2023-10-17 08:14:45,907] {logging_mixin.py:109} INFO - [2023-10-17 08:14:45,907] {example_kubernetes_executor.py:39} WARNING - The example_kubernetes_executor example DAG requires the kubernetes provider. Please install it with: pip install apache-airflow[cncf.kubernetes]
[2023-10-17 08:14:45,912] {processor.py:656} WARNING - No viable dags retrieved from /Users/namyoung/Desktop/myprj/airflow/airflow/lib/python3.7/site-packages/airflow/example_dags/example_kubernetes_executor.py
[2023-10-17 08:14:45,914] {processor.py:171} INFO - Processing /Users/namyoung/Desktop/myprj/airflow/airflow/lib/python3.7/site-packages/airflow/example_dags/example_kubernetes_executor.py took 0.017 seconds
