[2023-10-16 10:41:20,797] {processor.py:163} INFO - Started process (PID=29576) to work on /Users/namyoung/Desktop/myprj/airflow/airflow/lib/python3.7/site-packages/airflow/example_dags/example_time_delta_sensor_async.py
[2023-10-16 10:41:20,798] {processor.py:642} INFO - Processing file /Users/namyoung/Desktop/myprj/airflow/airflow/lib/python3.7/site-packages/airflow/example_dags/example_time_delta_sensor_async.py for tasks to queue
[2023-10-16 10:41:20,798] {logging_mixin.py:109} INFO - [2023-10-16 10:41:20,798] {dagbag.py:500} INFO - Filling up the DagBag from /Users/namyoung/Desktop/myprj/airflow/airflow/lib/python3.7/site-packages/airflow/example_dags/example_time_delta_sensor_async.py
[2023-10-16 10:41:20,809] {processor.py:654} INFO - DAG(s) dict_keys(['example_time_delta_sensor_async']) retrieved from /Users/namyoung/Desktop/myprj/airflow/airflow/lib/python3.7/site-packages/airflow/example_dags/example_time_delta_sensor_async.py
[2023-10-16 10:41:20,814] {logging_mixin.py:109} INFO - [2023-10-16 10:41:20,814] {dag.py:2396} INFO - Sync 1 DAGs
[2023-10-16 10:41:20,821] {logging_mixin.py:109} INFO - [2023-10-16 10:41:20,821] {dag.py:2935} INFO - Setting next_dagrun for example_time_delta_sensor_async to None
[2023-10-16 10:41:20,827] {processor.py:171} INFO - Processing /Users/namyoung/Desktop/myprj/airflow/airflow/lib/python3.7/site-packages/airflow/example_dags/example_time_delta_sensor_async.py took 0.032 seconds
[2023-10-16 12:23:44,611] {processor.py:163} INFO - Started process (PID=29837) to work on /Users/namyoung/Desktop/myprj/airflow/airflow/lib/python3.7/site-packages/airflow/example_dags/example_time_delta_sensor_async.py
[2023-10-16 12:23:44,612] {processor.py:642} INFO - Processing file /Users/namyoung/Desktop/myprj/airflow/airflow/lib/python3.7/site-packages/airflow/example_dags/example_time_delta_sensor_async.py for tasks to queue
[2023-10-16 12:23:44,612] {logging_mixin.py:109} INFO - [2023-10-16 12:23:44,612] {dagbag.py:500} INFO - Filling up the DagBag from /Users/namyoung/Desktop/myprj/airflow/airflow/lib/python3.7/site-packages/airflow/example_dags/example_time_delta_sensor_async.py
[2023-10-16 12:23:44,624] {processor.py:654} INFO - DAG(s) dict_keys(['example_time_delta_sensor_async']) retrieved from /Users/namyoung/Desktop/myprj/airflow/airflow/lib/python3.7/site-packages/airflow/example_dags/example_time_delta_sensor_async.py
[2023-10-16 12:23:44,629] {logging_mixin.py:109} INFO - [2023-10-16 12:23:44,629] {dag.py:2396} INFO - Sync 1 DAGs
[2023-10-16 12:23:44,637] {logging_mixin.py:109} INFO - [2023-10-16 12:23:44,637] {dag.py:2935} INFO - Setting next_dagrun for example_time_delta_sensor_async to None
[2023-10-16 12:23:44,643] {processor.py:171} INFO - Processing /Users/namyoung/Desktop/myprj/airflow/airflow/lib/python3.7/site-packages/airflow/example_dags/example_time_delta_sensor_async.py took 0.034 seconds
[2023-10-16 13:48:16,836] {processor.py:163} INFO - Started process (PID=29968) to work on /Users/namyoung/Desktop/myprj/airflow/airflow/lib/python3.7/site-packages/airflow/example_dags/example_time_delta_sensor_async.py
[2023-10-16 13:48:16,838] {processor.py:642} INFO - Processing file /Users/namyoung/Desktop/myprj/airflow/airflow/lib/python3.7/site-packages/airflow/example_dags/example_time_delta_sensor_async.py for tasks to queue
[2023-10-16 13:48:16,839] {logging_mixin.py:109} INFO - [2023-10-16 13:48:16,839] {dagbag.py:500} INFO - Filling up the DagBag from /Users/namyoung/Desktop/myprj/airflow/airflow/lib/python3.7/site-packages/airflow/example_dags/example_time_delta_sensor_async.py
[2023-10-16 13:48:16,862] {processor.py:654} INFO - DAG(s) dict_keys(['example_time_delta_sensor_async']) retrieved from /Users/namyoung/Desktop/myprj/airflow/airflow/lib/python3.7/site-packages/airflow/example_dags/example_time_delta_sensor_async.py
[2023-10-16 13:48:16,870] {logging_mixin.py:109} INFO - [2023-10-16 13:48:16,870] {dag.py:2396} INFO - Sync 1 DAGs
[2023-10-16 13:48:16,879] {logging_mixin.py:109} INFO - [2023-10-16 13:48:16,879] {dag.py:2935} INFO - Setting next_dagrun for example_time_delta_sensor_async to None
[2023-10-16 13:48:16,885] {processor.py:171} INFO - Processing /Users/namyoung/Desktop/myprj/airflow/airflow/lib/python3.7/site-packages/airflow/example_dags/example_time_delta_sensor_async.py took 0.054 seconds
[2023-10-16 15:46:47,483] {processor.py:163} INFO - Started process (PID=30243) to work on /Users/namyoung/Desktop/myprj/airflow/airflow/lib/python3.7/site-packages/airflow/example_dags/example_time_delta_sensor_async.py
[2023-10-16 15:46:47,484] {processor.py:642} INFO - Processing file /Users/namyoung/Desktop/myprj/airflow/airflow/lib/python3.7/site-packages/airflow/example_dags/example_time_delta_sensor_async.py for tasks to queue
[2023-10-16 15:46:47,486] {logging_mixin.py:109} INFO - [2023-10-16 15:46:47,485] {dagbag.py:500} INFO - Filling up the DagBag from /Users/namyoung/Desktop/myprj/airflow/airflow/lib/python3.7/site-packages/airflow/example_dags/example_time_delta_sensor_async.py
[2023-10-16 15:46:47,506] {processor.py:654} INFO - DAG(s) dict_keys(['example_time_delta_sensor_async']) retrieved from /Users/namyoung/Desktop/myprj/airflow/airflow/lib/python3.7/site-packages/airflow/example_dags/example_time_delta_sensor_async.py
[2023-10-16 15:46:47,513] {logging_mixin.py:109} INFO - [2023-10-16 15:46:47,513] {dag.py:2396} INFO - Sync 1 DAGs
[2023-10-16 15:46:47,522] {logging_mixin.py:109} INFO - [2023-10-16 15:46:47,521] {dag.py:2935} INFO - Setting next_dagrun for example_time_delta_sensor_async to None
[2023-10-16 15:46:47,528] {processor.py:171} INFO - Processing /Users/namyoung/Desktop/myprj/airflow/airflow/lib/python3.7/site-packages/airflow/example_dags/example_time_delta_sensor_async.py took 0.050 seconds
[2023-10-16 17:28:02,190] {processor.py:163} INFO - Started process (PID=30477) to work on /Users/namyoung/Desktop/myprj/airflow/airflow/lib/python3.7/site-packages/airflow/example_dags/example_time_delta_sensor_async.py
[2023-10-16 17:28:02,191] {processor.py:642} INFO - Processing file /Users/namyoung/Desktop/myprj/airflow/airflow/lib/python3.7/site-packages/airflow/example_dags/example_time_delta_sensor_async.py for tasks to queue
[2023-10-16 17:28:02,191] {logging_mixin.py:109} INFO - [2023-10-16 17:28:02,191] {dagbag.py:500} INFO - Filling up the DagBag from /Users/namyoung/Desktop/myprj/airflow/airflow/lib/python3.7/site-packages/airflow/example_dags/example_time_delta_sensor_async.py
[2023-10-16 17:28:02,203] {processor.py:654} INFO - DAG(s) dict_keys(['example_time_delta_sensor_async']) retrieved from /Users/namyoung/Desktop/myprj/airflow/airflow/lib/python3.7/site-packages/airflow/example_dags/example_time_delta_sensor_async.py
[2023-10-16 17:28:02,209] {logging_mixin.py:109} INFO - [2023-10-16 17:28:02,209] {dag.py:2396} INFO - Sync 1 DAGs
[2023-10-16 17:28:02,217] {logging_mixin.py:109} INFO - [2023-10-16 17:28:02,217] {dag.py:2935} INFO - Setting next_dagrun for example_time_delta_sensor_async to None
[2023-10-16 17:28:02,223] {processor.py:171} INFO - Processing /Users/namyoung/Desktop/myprj/airflow/airflow/lib/python3.7/site-packages/airflow/example_dags/example_time_delta_sensor_async.py took 0.036 seconds
[2023-10-16 18:36:24,885] {processor.py:163} INFO - Started process (PID=30639) to work on /Users/namyoung/Desktop/myprj/airflow/airflow/lib/python3.7/site-packages/airflow/example_dags/example_time_delta_sensor_async.py
[2023-10-16 18:36:24,887] {processor.py:642} INFO - Processing file /Users/namyoung/Desktop/myprj/airflow/airflow/lib/python3.7/site-packages/airflow/example_dags/example_time_delta_sensor_async.py for tasks to queue
[2023-10-16 18:36:24,889] {logging_mixin.py:109} INFO - [2023-10-16 18:36:24,888] {dagbag.py:500} INFO - Filling up the DagBag from /Users/namyoung/Desktop/myprj/airflow/airflow/lib/python3.7/site-packages/airflow/example_dags/example_time_delta_sensor_async.py
[2023-10-16 18:36:24,918] {processor.py:654} INFO - DAG(s) dict_keys(['example_time_delta_sensor_async']) retrieved from /Users/namyoung/Desktop/myprj/airflow/airflow/lib/python3.7/site-packages/airflow/example_dags/example_time_delta_sensor_async.py
[2023-10-16 18:36:24,927] {logging_mixin.py:109} INFO - [2023-10-16 18:36:24,926] {dag.py:2396} INFO - Sync 1 DAGs
[2023-10-16 18:36:24,935] {logging_mixin.py:109} INFO - [2023-10-16 18:36:24,935] {dag.py:2935} INFO - Setting next_dagrun for example_time_delta_sensor_async to None
[2023-10-16 18:36:24,940] {processor.py:171} INFO - Processing /Users/namyoung/Desktop/myprj/airflow/airflow/lib/python3.7/site-packages/airflow/example_dags/example_time_delta_sensor_async.py took 0.061 seconds
[2023-10-16 20:18:07,217] {processor.py:163} INFO - Started process (PID=30862) to work on /Users/namyoung/Desktop/myprj/airflow/airflow/lib/python3.7/site-packages/airflow/example_dags/example_time_delta_sensor_async.py
[2023-10-16 20:18:07,218] {processor.py:642} INFO - Processing file /Users/namyoung/Desktop/myprj/airflow/airflow/lib/python3.7/site-packages/airflow/example_dags/example_time_delta_sensor_async.py for tasks to queue
[2023-10-16 20:18:07,218] {logging_mixin.py:109} INFO - [2023-10-16 20:18:07,218] {dagbag.py:500} INFO - Filling up the DagBag from /Users/namyoung/Desktop/myprj/airflow/airflow/lib/python3.7/site-packages/airflow/example_dags/example_time_delta_sensor_async.py
[2023-10-16 20:18:07,230] {processor.py:654} INFO - DAG(s) dict_keys(['example_time_delta_sensor_async']) retrieved from /Users/namyoung/Desktop/myprj/airflow/airflow/lib/python3.7/site-packages/airflow/example_dags/example_time_delta_sensor_async.py
[2023-10-16 20:18:07,235] {logging_mixin.py:109} INFO - [2023-10-16 20:18:07,235] {dag.py:2396} INFO - Sync 1 DAGs
[2023-10-16 20:18:07,242] {logging_mixin.py:109} INFO - [2023-10-16 20:18:07,242] {dag.py:2935} INFO - Setting next_dagrun for example_time_delta_sensor_async to None
[2023-10-16 20:18:07,249] {processor.py:171} INFO - Processing /Users/namyoung/Desktop/myprj/airflow/airflow/lib/python3.7/site-packages/airflow/example_dags/example_time_delta_sensor_async.py took 0.034 seconds
[2023-10-16 21:55:07,574] {processor.py:163} INFO - Started process (PID=31043) to work on /Users/namyoung/Desktop/myprj/airflow/airflow/lib/python3.7/site-packages/airflow/example_dags/example_time_delta_sensor_async.py
[2023-10-16 21:55:07,574] {processor.py:642} INFO - Processing file /Users/namyoung/Desktop/myprj/airflow/airflow/lib/python3.7/site-packages/airflow/example_dags/example_time_delta_sensor_async.py for tasks to queue
[2023-10-16 21:55:07,575] {logging_mixin.py:109} INFO - [2023-10-16 21:55:07,575] {dagbag.py:500} INFO - Filling up the DagBag from /Users/namyoung/Desktop/myprj/airflow/airflow/lib/python3.7/site-packages/airflow/example_dags/example_time_delta_sensor_async.py
[2023-10-16 21:55:07,587] {processor.py:654} INFO - DAG(s) dict_keys(['example_time_delta_sensor_async']) retrieved from /Users/namyoung/Desktop/myprj/airflow/airflow/lib/python3.7/site-packages/airflow/example_dags/example_time_delta_sensor_async.py
[2023-10-16 21:55:07,592] {logging_mixin.py:109} INFO - [2023-10-16 21:55:07,591] {dag.py:2396} INFO - Sync 1 DAGs
[2023-10-16 21:55:07,598] {logging_mixin.py:109} INFO - [2023-10-16 21:55:07,598] {dag.py:2935} INFO - Setting next_dagrun for example_time_delta_sensor_async to None
[2023-10-16 21:55:07,603] {processor.py:171} INFO - Processing /Users/namyoung/Desktop/myprj/airflow/airflow/lib/python3.7/site-packages/airflow/example_dags/example_time_delta_sensor_async.py took 0.032 seconds
[2023-10-16 23:35:43,106] {processor.py:163} INFO - Started process (PID=31173) to work on /Users/namyoung/Desktop/myprj/airflow/airflow/lib/python3.7/site-packages/airflow/example_dags/example_time_delta_sensor_async.py
[2023-10-16 23:35:43,107] {processor.py:642} INFO - Processing file /Users/namyoung/Desktop/myprj/airflow/airflow/lib/python3.7/site-packages/airflow/example_dags/example_time_delta_sensor_async.py for tasks to queue
[2023-10-16 23:35:43,108] {logging_mixin.py:109} INFO - [2023-10-16 23:35:43,107] {dagbag.py:500} INFO - Filling up the DagBag from /Users/namyoung/Desktop/myprj/airflow/airflow/lib/python3.7/site-packages/airflow/example_dags/example_time_delta_sensor_async.py
[2023-10-16 23:35:43,123] {processor.py:654} INFO - DAG(s) dict_keys(['example_time_delta_sensor_async']) retrieved from /Users/namyoung/Desktop/myprj/airflow/airflow/lib/python3.7/site-packages/airflow/example_dags/example_time_delta_sensor_async.py
[2023-10-16 23:35:43,129] {logging_mixin.py:109} INFO - [2023-10-16 23:35:43,129] {dag.py:2396} INFO - Sync 1 DAGs
[2023-10-16 23:35:43,137] {logging_mixin.py:109} INFO - [2023-10-16 23:35:43,137] {dag.py:2935} INFO - Setting next_dagrun for example_time_delta_sensor_async to None
[2023-10-16 23:35:43,143] {processor.py:171} INFO - Processing /Users/namyoung/Desktop/myprj/airflow/airflow/lib/python3.7/site-packages/airflow/example_dags/example_time_delta_sensor_async.py took 0.039 seconds
[2023-10-17 00:56:36,810] {processor.py:163} INFO - Started process (PID=31430) to work on /Users/namyoung/Desktop/myprj/airflow/airflow/lib/python3.7/site-packages/airflow/example_dags/example_time_delta_sensor_async.py
[2023-10-17 00:56:36,812] {processor.py:642} INFO - Processing file /Users/namyoung/Desktop/myprj/airflow/airflow/lib/python3.7/site-packages/airflow/example_dags/example_time_delta_sensor_async.py for tasks to queue
[2023-10-17 00:56:36,814] {logging_mixin.py:109} INFO - [2023-10-17 00:56:36,813] {dagbag.py:500} INFO - Filling up the DagBag from /Users/namyoung/Desktop/myprj/airflow/airflow/lib/python3.7/site-packages/airflow/example_dags/example_time_delta_sensor_async.py
[2023-10-17 00:56:36,838] {processor.py:654} INFO - DAG(s) dict_keys(['example_time_delta_sensor_async']) retrieved from /Users/namyoung/Desktop/myprj/airflow/airflow/lib/python3.7/site-packages/airflow/example_dags/example_time_delta_sensor_async.py
[2023-10-17 00:56:36,847] {logging_mixin.py:109} INFO - [2023-10-17 00:56:36,847] {dag.py:2396} INFO - Sync 1 DAGs
[2023-10-17 00:56:36,856] {logging_mixin.py:109} INFO - [2023-10-17 00:56:36,856] {dag.py:2935} INFO - Setting next_dagrun for example_time_delta_sensor_async to None
[2023-10-17 00:56:36,862] {processor.py:171} INFO - Processing /Users/namyoung/Desktop/myprj/airflow/airflow/lib/python3.7/site-packages/airflow/example_dags/example_time_delta_sensor_async.py took 0.057 seconds
[2023-10-17 02:35:54,359] {processor.py:163} INFO - Started process (PID=31603) to work on /Users/namyoung/Desktop/myprj/airflow/airflow/lib/python3.7/site-packages/airflow/example_dags/example_time_delta_sensor_async.py
[2023-10-17 02:35:54,360] {processor.py:642} INFO - Processing file /Users/namyoung/Desktop/myprj/airflow/airflow/lib/python3.7/site-packages/airflow/example_dags/example_time_delta_sensor_async.py for tasks to queue
[2023-10-17 02:35:54,361] {logging_mixin.py:109} INFO - [2023-10-17 02:35:54,361] {dagbag.py:500} INFO - Filling up the DagBag from /Users/namyoung/Desktop/myprj/airflow/airflow/lib/python3.7/site-packages/airflow/example_dags/example_time_delta_sensor_async.py
[2023-10-17 02:35:54,372] {processor.py:654} INFO - DAG(s) dict_keys(['example_time_delta_sensor_async']) retrieved from /Users/namyoung/Desktop/myprj/airflow/airflow/lib/python3.7/site-packages/airflow/example_dags/example_time_delta_sensor_async.py
[2023-10-17 02:35:54,377] {logging_mixin.py:109} INFO - [2023-10-17 02:35:54,376] {dag.py:2396} INFO - Sync 1 DAGs
[2023-10-17 02:35:54,383] {logging_mixin.py:109} INFO - [2023-10-17 02:35:54,383] {dag.py:2935} INFO - Setting next_dagrun for example_time_delta_sensor_async to None
[2023-10-17 02:35:54,389] {processor.py:171} INFO - Processing /Users/namyoung/Desktop/myprj/airflow/airflow/lib/python3.7/site-packages/airflow/example_dags/example_time_delta_sensor_async.py took 0.031 seconds
[2023-10-17 04:08:42,991] {processor.py:163} INFO - Started process (PID=31834) to work on /Users/namyoung/Desktop/myprj/airflow/airflow/lib/python3.7/site-packages/airflow/example_dags/example_time_delta_sensor_async.py
[2023-10-17 04:08:42,992] {processor.py:642} INFO - Processing file /Users/namyoung/Desktop/myprj/airflow/airflow/lib/python3.7/site-packages/airflow/example_dags/example_time_delta_sensor_async.py for tasks to queue
[2023-10-17 04:08:42,992] {logging_mixin.py:109} INFO - [2023-10-17 04:08:42,992] {dagbag.py:500} INFO - Filling up the DagBag from /Users/namyoung/Desktop/myprj/airflow/airflow/lib/python3.7/site-packages/airflow/example_dags/example_time_delta_sensor_async.py
[2023-10-17 04:08:43,003] {processor.py:654} INFO - DAG(s) dict_keys(['example_time_delta_sensor_async']) retrieved from /Users/namyoung/Desktop/myprj/airflow/airflow/lib/python3.7/site-packages/airflow/example_dags/example_time_delta_sensor_async.py
[2023-10-17 04:08:43,011] {logging_mixin.py:109} INFO - [2023-10-17 04:08:43,011] {dag.py:2396} INFO - Sync 1 DAGs
[2023-10-17 04:08:43,018] {logging_mixin.py:109} INFO - [2023-10-17 04:08:43,018] {dag.py:2935} INFO - Setting next_dagrun for example_time_delta_sensor_async to None
[2023-10-17 04:08:43,024] {processor.py:171} INFO - Processing /Users/namyoung/Desktop/myprj/airflow/airflow/lib/python3.7/site-packages/airflow/example_dags/example_time_delta_sensor_async.py took 0.034 seconds
[2023-10-17 05:43:28,793] {processor.py:163} INFO - Started process (PID=32106) to work on /Users/namyoung/Desktop/myprj/airflow/airflow/lib/python3.7/site-packages/airflow/example_dags/example_time_delta_sensor_async.py
[2023-10-17 05:43:28,795] {processor.py:642} INFO - Processing file /Users/namyoung/Desktop/myprj/airflow/airflow/lib/python3.7/site-packages/airflow/example_dags/example_time_delta_sensor_async.py for tasks to queue
[2023-10-17 05:43:28,796] {logging_mixin.py:109} INFO - [2023-10-17 05:43:28,796] {dagbag.py:500} INFO - Filling up the DagBag from /Users/namyoung/Desktop/myprj/airflow/airflow/lib/python3.7/site-packages/airflow/example_dags/example_time_delta_sensor_async.py
[2023-10-17 05:43:28,819] {processor.py:654} INFO - DAG(s) dict_keys(['example_time_delta_sensor_async']) retrieved from /Users/namyoung/Desktop/myprj/airflow/airflow/lib/python3.7/site-packages/airflow/example_dags/example_time_delta_sensor_async.py
[2023-10-17 05:43:28,827] {logging_mixin.py:109} INFO - [2023-10-17 05:43:28,827] {dag.py:2396} INFO - Sync 1 DAGs
[2023-10-17 05:43:28,835] {logging_mixin.py:109} INFO - [2023-10-17 05:43:28,835] {dag.py:2935} INFO - Setting next_dagrun for example_time_delta_sensor_async to None
[2023-10-17 05:43:28,840] {processor.py:171} INFO - Processing /Users/namyoung/Desktop/myprj/airflow/airflow/lib/python3.7/site-packages/airflow/example_dags/example_time_delta_sensor_async.py took 0.052 seconds
[2023-10-17 07:25:49,330] {processor.py:163} INFO - Started process (PID=32241) to work on /Users/namyoung/Desktop/myprj/airflow/airflow/lib/python3.7/site-packages/airflow/example_dags/example_time_delta_sensor_async.py
[2023-10-17 07:25:49,332] {processor.py:642} INFO - Processing file /Users/namyoung/Desktop/myprj/airflow/airflow/lib/python3.7/site-packages/airflow/example_dags/example_time_delta_sensor_async.py for tasks to queue
[2023-10-17 07:25:49,333] {logging_mixin.py:109} INFO - [2023-10-17 07:25:49,333] {dagbag.py:500} INFO - Filling up the DagBag from /Users/namyoung/Desktop/myprj/airflow/airflow/lib/python3.7/site-packages/airflow/example_dags/example_time_delta_sensor_async.py
[2023-10-17 07:25:49,358] {processor.py:654} INFO - DAG(s) dict_keys(['example_time_delta_sensor_async']) retrieved from /Users/namyoung/Desktop/myprj/airflow/airflow/lib/python3.7/site-packages/airflow/example_dags/example_time_delta_sensor_async.py
[2023-10-17 07:25:49,365] {logging_mixin.py:109} INFO - [2023-10-17 07:25:49,365] {dag.py:2396} INFO - Sync 1 DAGs
[2023-10-17 07:25:49,373] {logging_mixin.py:109} INFO - [2023-10-17 07:25:49,373] {dag.py:2935} INFO - Setting next_dagrun for example_time_delta_sensor_async to None
[2023-10-17 07:25:49,378] {processor.py:171} INFO - Processing /Users/namyoung/Desktop/myprj/airflow/airflow/lib/python3.7/site-packages/airflow/example_dags/example_time_delta_sensor_async.py took 0.054 seconds
