[2023-10-16 10:58:56,925] {processor.py:163} INFO - Started process (PID=29642) to work on /Users/namyoung/Desktop/myprj/airflow/airflow/lib/python3.7/site-packages/airflow/example_dags/example_short_circuit_operator.py
[2023-10-16 10:58:56,927] {processor.py:642} INFO - Processing file /Users/namyoung/Desktop/myprj/airflow/airflow/lib/python3.7/site-packages/airflow/example_dags/example_short_circuit_operator.py for tasks to queue
[2023-10-16 10:58:56,929] {logging_mixin.py:109} INFO - [2023-10-16 10:58:56,928] {dagbag.py:500} INFO - Filling up the DagBag from /Users/namyoung/Desktop/myprj/airflow/airflow/lib/python3.7/site-packages/airflow/example_dags/example_short_circuit_operator.py
[2023-10-16 10:58:56,955] {processor.py:654} INFO - DAG(s) dict_keys(['example_short_circuit_operator']) retrieved from /Users/namyoung/Desktop/myprj/airflow/airflow/lib/python3.7/site-packages/airflow/example_dags/example_short_circuit_operator.py
[2023-10-16 10:58:56,964] {logging_mixin.py:109} INFO - [2023-10-16 10:58:56,964] {dag.py:2396} INFO - Sync 1 DAGs
[2023-10-16 10:58:56,974] {logging_mixin.py:109} INFO - [2023-10-16 10:58:56,973] {dag.py:2935} INFO - Setting next_dagrun for example_short_circuit_operator to 2023-10-15T01:58:56.973594+00:00
[2023-10-16 10:58:56,980] {processor.py:171} INFO - Processing /Users/namyoung/Desktop/myprj/airflow/airflow/lib/python3.7/site-packages/airflow/example_dags/example_short_circuit_operator.py took 0.060 seconds
[2023-10-16 12:39:05,550] {processor.py:163} INFO - Started process (PID=29859) to work on /Users/namyoung/Desktop/myprj/airflow/airflow/lib/python3.7/site-packages/airflow/example_dags/example_short_circuit_operator.py
[2023-10-16 12:39:05,551] {processor.py:642} INFO - Processing file /Users/namyoung/Desktop/myprj/airflow/airflow/lib/python3.7/site-packages/airflow/example_dags/example_short_circuit_operator.py for tasks to queue
[2023-10-16 12:39:05,552] {logging_mixin.py:109} INFO - [2023-10-16 12:39:05,552] {dagbag.py:500} INFO - Filling up the DagBag from /Users/namyoung/Desktop/myprj/airflow/airflow/lib/python3.7/site-packages/airflow/example_dags/example_short_circuit_operator.py
[2023-10-16 12:39:05,565] {processor.py:654} INFO - DAG(s) dict_keys(['example_short_circuit_operator']) retrieved from /Users/namyoung/Desktop/myprj/airflow/airflow/lib/python3.7/site-packages/airflow/example_dags/example_short_circuit_operator.py
[2023-10-16 12:39:05,571] {logging_mixin.py:109} INFO - [2023-10-16 12:39:05,571] {dag.py:2396} INFO - Sync 1 DAGs
[2023-10-16 12:39:05,578] {logging_mixin.py:109} INFO - [2023-10-16 12:39:05,577] {dag.py:2935} INFO - Setting next_dagrun for example_short_circuit_operator to 2023-10-15T03:39:05.577703+00:00
[2023-10-16 12:39:05,582] {processor.py:171} INFO - Processing /Users/namyoung/Desktop/myprj/airflow/airflow/lib/python3.7/site-packages/airflow/example_dags/example_short_circuit_operator.py took 0.034 seconds
[2023-10-16 14:21:08,053] {processor.py:163} INFO - Started process (PID=30119) to work on /Users/namyoung/Desktop/myprj/airflow/airflow/lib/python3.7/site-packages/airflow/example_dags/example_short_circuit_operator.py
[2023-10-16 14:21:08,054] {processor.py:642} INFO - Processing file /Users/namyoung/Desktop/myprj/airflow/airflow/lib/python3.7/site-packages/airflow/example_dags/example_short_circuit_operator.py for tasks to queue
[2023-10-16 14:21:08,055] {logging_mixin.py:109} INFO - [2023-10-16 14:21:08,055] {dagbag.py:500} INFO - Filling up the DagBag from /Users/namyoung/Desktop/myprj/airflow/airflow/lib/python3.7/site-packages/airflow/example_dags/example_short_circuit_operator.py
[2023-10-16 14:21:08,084] {processor.py:654} INFO - DAG(s) dict_keys(['example_short_circuit_operator']) retrieved from /Users/namyoung/Desktop/myprj/airflow/airflow/lib/python3.7/site-packages/airflow/example_dags/example_short_circuit_operator.py
[2023-10-16 14:21:08,097] {logging_mixin.py:109} INFO - [2023-10-16 14:21:08,096] {dag.py:2396} INFO - Sync 1 DAGs
[2023-10-16 14:21:08,108] {logging_mixin.py:109} INFO - [2023-10-16 14:21:08,107] {dag.py:2935} INFO - Setting next_dagrun for example_short_circuit_operator to 2023-10-15T05:21:08.107467+00:00
[2023-10-16 14:21:08,115] {processor.py:171} INFO - Processing /Users/namyoung/Desktop/myprj/airflow/airflow/lib/python3.7/site-packages/airflow/example_dags/example_short_circuit_operator.py took 0.066 seconds
[2023-10-16 16:03:31,373] {processor.py:163} INFO - Started process (PID=30276) to work on /Users/namyoung/Desktop/myprj/airflow/airflow/lib/python3.7/site-packages/airflow/example_dags/example_short_circuit_operator.py
[2023-10-16 16:03:31,374] {processor.py:642} INFO - Processing file /Users/namyoung/Desktop/myprj/airflow/airflow/lib/python3.7/site-packages/airflow/example_dags/example_short_circuit_operator.py for tasks to queue
[2023-10-16 16:03:31,374] {logging_mixin.py:109} INFO - [2023-10-16 16:03:31,374] {dagbag.py:500} INFO - Filling up the DagBag from /Users/namyoung/Desktop/myprj/airflow/airflow/lib/python3.7/site-packages/airflow/example_dags/example_short_circuit_operator.py
[2023-10-16 16:03:31,388] {processor.py:654} INFO - DAG(s) dict_keys(['example_short_circuit_operator']) retrieved from /Users/namyoung/Desktop/myprj/airflow/airflow/lib/python3.7/site-packages/airflow/example_dags/example_short_circuit_operator.py
[2023-10-16 16:03:31,395] {logging_mixin.py:109} INFO - [2023-10-16 16:03:31,394] {dag.py:2396} INFO - Sync 1 DAGs
[2023-10-16 16:03:31,402] {logging_mixin.py:109} INFO - [2023-10-16 16:03:31,402] {dag.py:2935} INFO - Setting next_dagrun for example_short_circuit_operator to 2023-10-15T07:03:31.402547+00:00
[2023-10-16 16:03:31,407] {processor.py:171} INFO - Processing /Users/namyoung/Desktop/myprj/airflow/airflow/lib/python3.7/site-packages/airflow/example_dags/example_short_circuit_operator.py took 0.037 seconds
[2023-10-16 17:30:51,300] {processor.py:163} INFO - Started process (PID=30544) to work on /Users/namyoung/Desktop/myprj/airflow/airflow/lib/python3.7/site-packages/airflow/example_dags/example_short_circuit_operator.py
[2023-10-16 17:30:51,301] {processor.py:642} INFO - Processing file /Users/namyoung/Desktop/myprj/airflow/airflow/lib/python3.7/site-packages/airflow/example_dags/example_short_circuit_operator.py for tasks to queue
[2023-10-16 17:30:51,301] {logging_mixin.py:109} INFO - [2023-10-16 17:30:51,301] {dagbag.py:500} INFO - Filling up the DagBag from /Users/namyoung/Desktop/myprj/airflow/airflow/lib/python3.7/site-packages/airflow/example_dags/example_short_circuit_operator.py
[2023-10-16 17:30:51,314] {processor.py:654} INFO - DAG(s) dict_keys(['example_short_circuit_operator']) retrieved from /Users/namyoung/Desktop/myprj/airflow/airflow/lib/python3.7/site-packages/airflow/example_dags/example_short_circuit_operator.py
[2023-10-16 17:30:51,319] {logging_mixin.py:109} INFO - [2023-10-16 17:30:51,319] {dag.py:2396} INFO - Sync 1 DAGs
[2023-10-16 17:30:51,326] {logging_mixin.py:109} INFO - [2023-10-16 17:30:51,326] {dag.py:2935} INFO - Setting next_dagrun for example_short_circuit_operator to 2023-10-15T08:30:51.326263+00:00
[2023-10-16 17:30:51,331] {processor.py:171} INFO - Processing /Users/namyoung/Desktop/myprj/airflow/airflow/lib/python3.7/site-packages/airflow/example_dags/example_short_circuit_operator.py took 0.034 seconds
[2023-10-16 19:10:03,984] {processor.py:163} INFO - Started process (PID=30670) to work on /Users/namyoung/Desktop/myprj/airflow/airflow/lib/python3.7/site-packages/airflow/example_dags/example_short_circuit_operator.py
[2023-10-16 19:10:03,986] {processor.py:642} INFO - Processing file /Users/namyoung/Desktop/myprj/airflow/airflow/lib/python3.7/site-packages/airflow/example_dags/example_short_circuit_operator.py for tasks to queue
[2023-10-16 19:10:03,987] {logging_mixin.py:109} INFO - [2023-10-16 19:10:03,987] {dagbag.py:500} INFO - Filling up the DagBag from /Users/namyoung/Desktop/myprj/airflow/airflow/lib/python3.7/site-packages/airflow/example_dags/example_short_circuit_operator.py
[2023-10-16 19:10:04,016] {processor.py:654} INFO - DAG(s) dict_keys(['example_short_circuit_operator']) retrieved from /Users/namyoung/Desktop/myprj/airflow/airflow/lib/python3.7/site-packages/airflow/example_dags/example_short_circuit_operator.py
[2023-10-16 19:10:04,044] {logging_mixin.py:109} INFO - [2023-10-16 19:10:04,044] {dag.py:2396} INFO - Sync 1 DAGs
[2023-10-16 19:10:04,059] {logging_mixin.py:109} INFO - [2023-10-16 19:10:04,059] {dag.py:2935} INFO - Setting next_dagrun for example_short_circuit_operator to 2023-10-15T10:10:04.058852+00:00
[2023-10-16 19:10:04,066] {processor.py:171} INFO - Processing /Users/namyoung/Desktop/myprj/airflow/airflow/lib/python3.7/site-packages/airflow/example_dags/example_short_circuit_operator.py took 0.087 seconds
[2023-10-16 20:36:03,485] {processor.py:163} INFO - Started process (PID=30926) to work on /Users/namyoung/Desktop/myprj/airflow/airflow/lib/python3.7/site-packages/airflow/example_dags/example_short_circuit_operator.py
[2023-10-16 20:36:03,487] {processor.py:642} INFO - Processing file /Users/namyoung/Desktop/myprj/airflow/airflow/lib/python3.7/site-packages/airflow/example_dags/example_short_circuit_operator.py for tasks to queue
[2023-10-16 20:36:03,488] {logging_mixin.py:109} INFO - [2023-10-16 20:36:03,488] {dagbag.py:500} INFO - Filling up the DagBag from /Users/namyoung/Desktop/myprj/airflow/airflow/lib/python3.7/site-packages/airflow/example_dags/example_short_circuit_operator.py
[2023-10-16 20:36:03,509] {processor.py:654} INFO - DAG(s) dict_keys(['example_short_circuit_operator']) retrieved from /Users/namyoung/Desktop/myprj/airflow/airflow/lib/python3.7/site-packages/airflow/example_dags/example_short_circuit_operator.py
[2023-10-16 20:36:03,516] {logging_mixin.py:109} INFO - [2023-10-16 20:36:03,516] {dag.py:2396} INFO - Sync 1 DAGs
[2023-10-16 20:36:03,524] {logging_mixin.py:109} INFO - [2023-10-16 20:36:03,524] {dag.py:2935} INFO - Setting next_dagrun for example_short_circuit_operator to 2023-10-15T11:36:03.524116+00:00
[2023-10-16 20:36:03,530] {processor.py:171} INFO - Processing /Users/namyoung/Desktop/myprj/airflow/airflow/lib/python3.7/site-packages/airflow/example_dags/example_short_circuit_operator.py took 0.049 seconds
[2023-10-16 22:11:31,508] {processor.py:163} INFO - Started process (PID=31071) to work on /Users/namyoung/Desktop/myprj/airflow/airflow/lib/python3.7/site-packages/airflow/example_dags/example_short_circuit_operator.py
[2023-10-16 22:11:31,510] {processor.py:642} INFO - Processing file /Users/namyoung/Desktop/myprj/airflow/airflow/lib/python3.7/site-packages/airflow/example_dags/example_short_circuit_operator.py for tasks to queue
[2023-10-16 22:11:31,512] {logging_mixin.py:109} INFO - [2023-10-16 22:11:31,511] {dagbag.py:500} INFO - Filling up the DagBag from /Users/namyoung/Desktop/myprj/airflow/airflow/lib/python3.7/site-packages/airflow/example_dags/example_short_circuit_operator.py
[2023-10-16 22:11:31,538] {processor.py:654} INFO - DAG(s) dict_keys(['example_short_circuit_operator']) retrieved from /Users/namyoung/Desktop/myprj/airflow/airflow/lib/python3.7/site-packages/airflow/example_dags/example_short_circuit_operator.py
[2023-10-16 22:11:31,546] {logging_mixin.py:109} INFO - [2023-10-16 22:11:31,546] {dag.py:2396} INFO - Sync 1 DAGs
[2023-10-16 22:11:31,555] {logging_mixin.py:109} INFO - [2023-10-16 22:11:31,554] {dag.py:2935} INFO - Setting next_dagrun for example_short_circuit_operator to 2023-10-15T13:11:31.554654+00:00
[2023-10-16 22:11:31,560] {processor.py:171} INFO - Processing /Users/namyoung/Desktop/myprj/airflow/airflow/lib/python3.7/site-packages/airflow/example_dags/example_short_circuit_operator.py took 0.058 seconds
[2023-10-16 23:51:44,142] {processor.py:163} INFO - Started process (PID=31332) to work on /Users/namyoung/Desktop/myprj/airflow/airflow/lib/python3.7/site-packages/airflow/example_dags/example_short_circuit_operator.py
[2023-10-16 23:51:44,143] {processor.py:642} INFO - Processing file /Users/namyoung/Desktop/myprj/airflow/airflow/lib/python3.7/site-packages/airflow/example_dags/example_short_circuit_operator.py for tasks to queue
[2023-10-16 23:51:44,144] {logging_mixin.py:109} INFO - [2023-10-16 23:51:44,144] {dagbag.py:500} INFO - Filling up the DagBag from /Users/namyoung/Desktop/myprj/airflow/airflow/lib/python3.7/site-packages/airflow/example_dags/example_short_circuit_operator.py
[2023-10-16 23:51:44,157] {processor.py:654} INFO - DAG(s) dict_keys(['example_short_circuit_operator']) retrieved from /Users/namyoung/Desktop/myprj/airflow/airflow/lib/python3.7/site-packages/airflow/example_dags/example_short_circuit_operator.py
[2023-10-16 23:51:44,166] {logging_mixin.py:109} INFO - [2023-10-16 23:51:44,165] {dag.py:2396} INFO - Sync 1 DAGs
[2023-10-16 23:51:44,173] {logging_mixin.py:109} INFO - [2023-10-16 23:51:44,173] {dag.py:2935} INFO - Setting next_dagrun for example_short_circuit_operator to 2023-10-15T14:51:44.173534+00:00
[2023-10-16 23:51:44,179] {processor.py:171} INFO - Processing /Users/namyoung/Desktop/myprj/airflow/airflow/lib/python3.7/site-packages/airflow/example_dags/example_short_circuit_operator.py took 0.039 seconds
[2023-10-17 01:12:13,712] {processor.py:163} INFO - Started process (PID=31455) to work on /Users/namyoung/Desktop/myprj/airflow/airflow/lib/python3.7/site-packages/airflow/example_dags/example_short_circuit_operator.py
[2023-10-17 01:12:13,714] {processor.py:642} INFO - Processing file /Users/namyoung/Desktop/myprj/airflow/airflow/lib/python3.7/site-packages/airflow/example_dags/example_short_circuit_operator.py for tasks to queue
[2023-10-17 01:12:13,715] {logging_mixin.py:109} INFO - [2023-10-17 01:12:13,715] {dagbag.py:500} INFO - Filling up the DagBag from /Users/namyoung/Desktop/myprj/airflow/airflow/lib/python3.7/site-packages/airflow/example_dags/example_short_circuit_operator.py
[2023-10-17 01:12:13,739] {processor.py:654} INFO - DAG(s) dict_keys(['example_short_circuit_operator']) retrieved from /Users/namyoung/Desktop/myprj/airflow/airflow/lib/python3.7/site-packages/airflow/example_dags/example_short_circuit_operator.py
[2023-10-17 01:12:13,747] {logging_mixin.py:109} INFO - [2023-10-17 01:12:13,747] {dag.py:2396} INFO - Sync 1 DAGs
[2023-10-17 01:12:13,755] {logging_mixin.py:109} INFO - [2023-10-17 01:12:13,755] {dag.py:2935} INFO - Setting next_dagrun for example_short_circuit_operator to 2023-10-15T16:12:13.755351+00:00
[2023-10-17 01:12:13,761] {processor.py:171} INFO - Processing /Users/namyoung/Desktop/myprj/airflow/airflow/lib/python3.7/site-packages/airflow/example_dags/example_short_circuit_operator.py took 0.054 seconds
[2023-10-17 02:49:23,351] {processor.py:163} INFO - Started process (PID=31717) to work on /Users/namyoung/Desktop/myprj/airflow/airflow/lib/python3.7/site-packages/airflow/example_dags/example_short_circuit_operator.py
[2023-10-17 02:49:23,353] {processor.py:642} INFO - Processing file /Users/namyoung/Desktop/myprj/airflow/airflow/lib/python3.7/site-packages/airflow/example_dags/example_short_circuit_operator.py for tasks to queue
[2023-10-17 02:49:23,354] {logging_mixin.py:109} INFO - [2023-10-17 02:49:23,354] {dagbag.py:500} INFO - Filling up the DagBag from /Users/namyoung/Desktop/myprj/airflow/airflow/lib/python3.7/site-packages/airflow/example_dags/example_short_circuit_operator.py
[2023-10-17 02:49:23,382] {processor.py:654} INFO - DAG(s) dict_keys(['example_short_circuit_operator']) retrieved from /Users/namyoung/Desktop/myprj/airflow/airflow/lib/python3.7/site-packages/airflow/example_dags/example_short_circuit_operator.py
[2023-10-17 02:49:23,390] {logging_mixin.py:109} INFO - [2023-10-17 02:49:23,389] {dag.py:2396} INFO - Sync 1 DAGs
[2023-10-17 02:49:23,398] {logging_mixin.py:109} INFO - [2023-10-17 02:49:23,398] {dag.py:2935} INFO - Setting next_dagrun for example_short_circuit_operator to 2023-10-15T17:49:23.397849+00:00
[2023-10-17 02:49:23,403] {processor.py:171} INFO - Processing /Users/namyoung/Desktop/myprj/airflow/airflow/lib/python3.7/site-packages/airflow/example_dags/example_short_circuit_operator.py took 0.057 seconds
[2023-10-17 04:24:30,203] {processor.py:163} INFO - Started process (PID=31860) to work on /Users/namyoung/Desktop/myprj/airflow/airflow/lib/python3.7/site-packages/airflow/example_dags/example_short_circuit_operator.py
[2023-10-17 04:24:30,204] {processor.py:642} INFO - Processing file /Users/namyoung/Desktop/myprj/airflow/airflow/lib/python3.7/site-packages/airflow/example_dags/example_short_circuit_operator.py for tasks to queue
[2023-10-17 04:24:30,204] {logging_mixin.py:109} INFO - [2023-10-17 04:24:30,204] {dagbag.py:500} INFO - Filling up the DagBag from /Users/namyoung/Desktop/myprj/airflow/airflow/lib/python3.7/site-packages/airflow/example_dags/example_short_circuit_operator.py
[2023-10-17 04:24:30,217] {processor.py:654} INFO - DAG(s) dict_keys(['example_short_circuit_operator']) retrieved from /Users/namyoung/Desktop/myprj/airflow/airflow/lib/python3.7/site-packages/airflow/example_dags/example_short_circuit_operator.py
[2023-10-17 04:24:30,223] {logging_mixin.py:109} INFO - [2023-10-17 04:24:30,223] {dag.py:2396} INFO - Sync 1 DAGs
[2023-10-17 04:24:30,229] {logging_mixin.py:109} INFO - [2023-10-17 04:24:30,229] {dag.py:2935} INFO - Setting next_dagrun for example_short_circuit_operator to 2023-10-15T19:24:30.229521+00:00
[2023-10-17 04:24:30,234] {processor.py:171} INFO - Processing /Users/namyoung/Desktop/myprj/airflow/airflow/lib/python3.7/site-packages/airflow/example_dags/example_short_circuit_operator.py took 0.034 seconds
[2023-10-17 06:17:59,792] {processor.py:163} INFO - Started process (PID=32146) to work on /Users/namyoung/Desktop/myprj/airflow/airflow/lib/python3.7/site-packages/airflow/example_dags/example_short_circuit_operator.py
[2023-10-17 06:17:59,793] {processor.py:642} INFO - Processing file /Users/namyoung/Desktop/myprj/airflow/airflow/lib/python3.7/site-packages/airflow/example_dags/example_short_circuit_operator.py for tasks to queue
[2023-10-17 06:17:59,794] {logging_mixin.py:109} INFO - [2023-10-17 06:17:59,793] {dagbag.py:500} INFO - Filling up the DagBag from /Users/namyoung/Desktop/myprj/airflow/airflow/lib/python3.7/site-packages/airflow/example_dags/example_short_circuit_operator.py
[2023-10-17 06:17:59,807] {processor.py:654} INFO - DAG(s) dict_keys(['example_short_circuit_operator']) retrieved from /Users/namyoung/Desktop/myprj/airflow/airflow/lib/python3.7/site-packages/airflow/example_dags/example_short_circuit_operator.py
[2023-10-17 06:17:59,813] {logging_mixin.py:109} INFO - [2023-10-17 06:17:59,812] {dag.py:2396} INFO - Sync 1 DAGs
[2023-10-17 06:17:59,820] {logging_mixin.py:109} INFO - [2023-10-17 06:17:59,820] {dag.py:2935} INFO - Setting next_dagrun for example_short_circuit_operator to 2023-10-15T21:17:59.820114+00:00
[2023-10-17 06:17:59,825] {processor.py:171} INFO - Processing /Users/namyoung/Desktop/myprj/airflow/airflow/lib/python3.7/site-packages/airflow/example_dags/example_short_circuit_operator.py took 0.035 seconds
[2023-10-17 07:56:48,660] {processor.py:163} INFO - Started process (PID=32267) to work on /Users/namyoung/Desktop/myprj/airflow/airflow/lib/python3.7/site-packages/airflow/example_dags/example_short_circuit_operator.py
[2023-10-17 07:56:48,661] {processor.py:642} INFO - Processing file /Users/namyoung/Desktop/myprj/airflow/airflow/lib/python3.7/site-packages/airflow/example_dags/example_short_circuit_operator.py for tasks to queue
[2023-10-17 07:56:48,662] {logging_mixin.py:109} INFO - [2023-10-17 07:56:48,662] {dagbag.py:500} INFO - Filling up the DagBag from /Users/namyoung/Desktop/myprj/airflow/airflow/lib/python3.7/site-packages/airflow/example_dags/example_short_circuit_operator.py
[2023-10-17 07:56:48,682] {processor.py:654} INFO - DAG(s) dict_keys(['example_short_circuit_operator']) retrieved from /Users/namyoung/Desktop/myprj/airflow/airflow/lib/python3.7/site-packages/airflow/example_dags/example_short_circuit_operator.py
[2023-10-17 07:56:48,694] {logging_mixin.py:109} INFO - [2023-10-17 07:56:48,693] {dag.py:2396} INFO - Sync 1 DAGs
[2023-10-17 07:56:48,705] {logging_mixin.py:109} INFO - [2023-10-17 07:56:48,704] {dag.py:2935} INFO - Setting next_dagrun for example_short_circuit_operator to 2023-10-15T22:56:48.704529+00:00
[2023-10-17 07:56:48,788] {processor.py:171} INFO - Processing /Users/namyoung/Desktop/myprj/airflow/airflow/lib/python3.7/site-packages/airflow/example_dags/example_short_circuit_operator.py took 0.131 seconds
