[2023-10-16 10:23:23,193] {processor.py:163} INFO - Started process (PID=29552) to work on /Users/namyoung/Desktop/myprj/airflow/airflow/lib/python3.7/site-packages/airflow/example_dags/example_xcomargs.py
[2023-10-16 10:23:23,194] {processor.py:642} INFO - Processing file /Users/namyoung/Desktop/myprj/airflow/airflow/lib/python3.7/site-packages/airflow/example_dags/example_xcomargs.py for tasks to queue
[2023-10-16 10:23:23,195] {logging_mixin.py:109} INFO - [2023-10-16 10:23:23,195] {dagbag.py:500} INFO - Filling up the DagBag from /Users/namyoung/Desktop/myprj/airflow/airflow/lib/python3.7/site-packages/airflow/example_dags/example_xcomargs.py
[2023-10-16 10:23:23,220] {processor.py:654} INFO - DAG(s) dict_keys(['example_xcom_args', 'example_xcom_args_with_operators']) retrieved from /Users/namyoung/Desktop/myprj/airflow/airflow/lib/python3.7/site-packages/airflow/example_dags/example_xcomargs.py
[2023-10-16 10:23:23,377] {logging_mixin.py:109} INFO - [2023-10-16 10:23:23,377] {dag.py:2396} INFO - Sync 2 DAGs
[2023-10-16 10:23:23,383] {logging_mixin.py:109} INFO - [2023-10-16 10:23:23,383] {dag.py:2935} INFO - Setting next_dagrun for example_xcom_args to None
[2023-10-16 10:23:23,383] {logging_mixin.py:109} INFO - [2023-10-16 10:23:23,383] {dag.py:2935} INFO - Setting next_dagrun for example_xcom_args_with_operators to None
[2023-10-16 10:23:23,389] {processor.py:171} INFO - Processing /Users/namyoung/Desktop/myprj/airflow/airflow/lib/python3.7/site-packages/airflow/example_dags/example_xcomargs.py took 0.200 seconds
[2023-10-16 12:06:05,394] {processor.py:163} INFO - Started process (PID=29822) to work on /Users/namyoung/Desktop/myprj/airflow/airflow/lib/python3.7/site-packages/airflow/example_dags/example_xcomargs.py
[2023-10-16 12:06:05,396] {processor.py:642} INFO - Processing file /Users/namyoung/Desktop/myprj/airflow/airflow/lib/python3.7/site-packages/airflow/example_dags/example_xcomargs.py for tasks to queue
[2023-10-16 12:06:05,398] {logging_mixin.py:109} INFO - [2023-10-16 12:06:05,397] {dagbag.py:500} INFO - Filling up the DagBag from /Users/namyoung/Desktop/myprj/airflow/airflow/lib/python3.7/site-packages/airflow/example_dags/example_xcomargs.py
[2023-10-16 12:06:05,430] {processor.py:654} INFO - DAG(s) dict_keys(['example_xcom_args', 'example_xcom_args_with_operators']) retrieved from /Users/namyoung/Desktop/myprj/airflow/airflow/lib/python3.7/site-packages/airflow/example_dags/example_xcomargs.py
[2023-10-16 12:06:05,440] {logging_mixin.py:109} INFO - [2023-10-16 12:06:05,440] {dag.py:2396} INFO - Sync 2 DAGs
[2023-10-16 12:06:05,448] {logging_mixin.py:109} INFO - [2023-10-16 12:06:05,448] {dag.py:2935} INFO - Setting next_dagrun for example_xcom_args to None
[2023-10-16 12:06:05,448] {logging_mixin.py:109} INFO - [2023-10-16 12:06:05,448] {dag.py:2935} INFO - Setting next_dagrun for example_xcom_args_with_operators to None
[2023-10-16 12:06:05,453] {processor.py:171} INFO - Processing /Users/namyoung/Desktop/myprj/airflow/airflow/lib/python3.7/site-packages/airflow/example_dags/example_xcomargs.py took 0.065 seconds
[2023-10-16 13:48:13,169] {processor.py:163} INFO - Started process (PID=29961) to work on /Users/namyoung/Desktop/myprj/airflow/airflow/lib/python3.7/site-packages/airflow/example_dags/example_xcomargs.py
[2023-10-16 13:48:13,169] {processor.py:642} INFO - Processing file /Users/namyoung/Desktop/myprj/airflow/airflow/lib/python3.7/site-packages/airflow/example_dags/example_xcomargs.py for tasks to queue
[2023-10-16 13:48:13,170] {logging_mixin.py:109} INFO - [2023-10-16 13:48:13,170] {dagbag.py:500} INFO - Filling up the DagBag from /Users/namyoung/Desktop/myprj/airflow/airflow/lib/python3.7/site-packages/airflow/example_dags/example_xcomargs.py
[2023-10-16 13:48:13,187] {processor.py:654} INFO - DAG(s) dict_keys(['example_xcom_args', 'example_xcom_args_with_operators']) retrieved from /Users/namyoung/Desktop/myprj/airflow/airflow/lib/python3.7/site-packages/airflow/example_dags/example_xcomargs.py
[2023-10-16 13:48:13,195] {logging_mixin.py:109} INFO - [2023-10-16 13:48:13,194] {dag.py:2396} INFO - Sync 2 DAGs
[2023-10-16 13:48:13,203] {logging_mixin.py:109} INFO - [2023-10-16 13:48:13,203] {dag.py:2935} INFO - Setting next_dagrun for example_xcom_args to None
[2023-10-16 13:48:13,203] {logging_mixin.py:109} INFO - [2023-10-16 13:48:13,203] {dag.py:2935} INFO - Setting next_dagrun for example_xcom_args_with_operators to None
[2023-10-16 13:48:13,210] {processor.py:171} INFO - Processing /Users/namyoung/Desktop/myprj/airflow/airflow/lib/python3.7/site-packages/airflow/example_dags/example_xcomargs.py took 0.043 seconds
[2023-10-16 15:29:30,838] {processor.py:163} INFO - Started process (PID=30230) to work on /Users/namyoung/Desktop/myprj/airflow/airflow/lib/python3.7/site-packages/airflow/example_dags/example_xcomargs.py
[2023-10-16 15:29:30,838] {processor.py:642} INFO - Processing file /Users/namyoung/Desktop/myprj/airflow/airflow/lib/python3.7/site-packages/airflow/example_dags/example_xcomargs.py for tasks to queue
[2023-10-16 15:29:30,839] {logging_mixin.py:109} INFO - [2023-10-16 15:29:30,839] {dagbag.py:500} INFO - Filling up the DagBag from /Users/namyoung/Desktop/myprj/airflow/airflow/lib/python3.7/site-packages/airflow/example_dags/example_xcomargs.py
[2023-10-16 15:29:30,855] {processor.py:654} INFO - DAG(s) dict_keys(['example_xcom_args', 'example_xcom_args_with_operators']) retrieved from /Users/namyoung/Desktop/myprj/airflow/airflow/lib/python3.7/site-packages/airflow/example_dags/example_xcomargs.py
[2023-10-16 15:29:30,862] {logging_mixin.py:109} INFO - [2023-10-16 15:29:30,862] {dag.py:2396} INFO - Sync 2 DAGs
[2023-10-16 15:29:30,869] {logging_mixin.py:109} INFO - [2023-10-16 15:29:30,869] {dag.py:2935} INFO - Setting next_dagrun for example_xcom_args to None
[2023-10-16 15:29:30,869] {logging_mixin.py:109} INFO - [2023-10-16 15:29:30,869] {dag.py:2935} INFO - Setting next_dagrun for example_xcom_args_with_operators to None
[2023-10-16 15:29:30,874] {processor.py:171} INFO - Processing /Users/namyoung/Desktop/myprj/airflow/airflow/lib/python3.7/site-packages/airflow/example_dags/example_xcomargs.py took 0.039 seconds
[2023-10-16 17:10:28,392] {processor.py:163} INFO - Started process (PID=30375) to work on /Users/namyoung/Desktop/myprj/airflow/airflow/lib/python3.7/site-packages/airflow/example_dags/example_xcomargs.py
[2023-10-16 17:10:28,392] {processor.py:642} INFO - Processing file /Users/namyoung/Desktop/myprj/airflow/airflow/lib/python3.7/site-packages/airflow/example_dags/example_xcomargs.py for tasks to queue
[2023-10-16 17:10:28,393] {logging_mixin.py:109} INFO - [2023-10-16 17:10:28,393] {dagbag.py:500} INFO - Filling up the DagBag from /Users/namyoung/Desktop/myprj/airflow/airflow/lib/python3.7/site-packages/airflow/example_dags/example_xcomargs.py
[2023-10-16 17:10:28,408] {processor.py:654} INFO - DAG(s) dict_keys(['example_xcom_args', 'example_xcom_args_with_operators']) retrieved from /Users/namyoung/Desktop/myprj/airflow/airflow/lib/python3.7/site-packages/airflow/example_dags/example_xcomargs.py
[2023-10-16 17:10:28,417] {logging_mixin.py:109} INFO - [2023-10-16 17:10:28,417] {dag.py:2396} INFO - Sync 2 DAGs
[2023-10-16 17:10:28,425] {logging_mixin.py:109} INFO - [2023-10-16 17:10:28,424] {dag.py:2935} INFO - Setting next_dagrun for example_xcom_args to None
[2023-10-16 17:10:28,425] {logging_mixin.py:109} INFO - [2023-10-16 17:10:28,425] {dag.py:2935} INFO - Setting next_dagrun for example_xcom_args_with_operators to None
[2023-10-16 17:10:28,434] {processor.py:171} INFO - Processing /Users/namyoung/Desktop/myprj/airflow/airflow/lib/python3.7/site-packages/airflow/example_dags/example_xcomargs.py took 0.045 seconds
[2023-10-16 18:20:23,058] {processor.py:163} INFO - Started process (PID=30618) to work on /Users/namyoung/Desktop/myprj/airflow/airflow/lib/python3.7/site-packages/airflow/example_dags/example_xcomargs.py
[2023-10-16 18:20:23,060] {processor.py:642} INFO - Processing file /Users/namyoung/Desktop/myprj/airflow/airflow/lib/python3.7/site-packages/airflow/example_dags/example_xcomargs.py for tasks to queue
[2023-10-16 18:20:23,061] {logging_mixin.py:109} INFO - [2023-10-16 18:20:23,060] {dagbag.py:500} INFO - Filling up the DagBag from /Users/namyoung/Desktop/myprj/airflow/airflow/lib/python3.7/site-packages/airflow/example_dags/example_xcomargs.py
[2023-10-16 18:36:19,943] {processor.py:654} INFO - DAG(s) dict_keys(['example_xcom_args', 'example_xcom_args_with_operators']) retrieved from /Users/namyoung/Desktop/myprj/airflow/airflow/lib/python3.7/site-packages/airflow/example_dags/example_xcomargs.py
[2023-10-16 18:36:20,098] {logging_mixin.py:109} INFO - [2023-10-16 18:36:20,098] {dag.py:2396} INFO - Sync 2 DAGs
[2023-10-16 18:36:20,105] {logging_mixin.py:109} INFO - [2023-10-16 18:36:20,105] {dag.py:2935} INFO - Setting next_dagrun for example_xcom_args to None
[2023-10-16 18:36:20,105] {logging_mixin.py:109} INFO - [2023-10-16 18:36:20,105] {dag.py:2935} INFO - Setting next_dagrun for example_xcom_args_with_operators to None
[2023-10-16 18:36:20,111] {processor.py:171} INFO - Processing /Users/namyoung/Desktop/myprj/airflow/airflow/lib/python3.7/site-packages/airflow/example_dags/example_xcomargs.py took 0.448 seconds
[2023-10-16 20:02:29,501] {processor.py:163} INFO - Started process (PID=30759) to work on /Users/namyoung/Desktop/myprj/airflow/airflow/lib/python3.7/site-packages/airflow/example_dags/example_xcomargs.py
[2023-10-16 20:02:29,503] {processor.py:642} INFO - Processing file /Users/namyoung/Desktop/myprj/airflow/airflow/lib/python3.7/site-packages/airflow/example_dags/example_xcomargs.py for tasks to queue
[2023-10-16 20:02:29,504] {logging_mixin.py:109} INFO - [2023-10-16 20:02:29,504] {dagbag.py:500} INFO - Filling up the DagBag from /Users/namyoung/Desktop/myprj/airflow/airflow/lib/python3.7/site-packages/airflow/example_dags/example_xcomargs.py
[2023-10-16 20:02:29,534] {processor.py:654} INFO - DAG(s) dict_keys(['example_xcom_args', 'example_xcom_args_with_operators']) retrieved from /Users/namyoung/Desktop/myprj/airflow/airflow/lib/python3.7/site-packages/airflow/example_dags/example_xcomargs.py
[2023-10-16 20:02:29,544] {logging_mixin.py:109} INFO - [2023-10-16 20:02:29,544] {dag.py:2396} INFO - Sync 2 DAGs
[2023-10-16 20:02:29,551] {logging_mixin.py:109} INFO - [2023-10-16 20:02:29,551] {dag.py:2935} INFO - Setting next_dagrun for example_xcom_args to None
[2023-10-16 20:02:29,552] {logging_mixin.py:109} INFO - [2023-10-16 20:02:29,552] {dag.py:2935} INFO - Setting next_dagrun for example_xcom_args_with_operators to None
[2023-10-16 20:02:29,558] {processor.py:171} INFO - Processing /Users/namyoung/Desktop/myprj/airflow/airflow/lib/python3.7/site-packages/airflow/example_dags/example_xcomargs.py took 0.062 seconds
[2023-10-16 21:39:36,332] {processor.py:163} INFO - Started process (PID=31024) to work on /Users/namyoung/Desktop/myprj/airflow/airflow/lib/python3.7/site-packages/airflow/example_dags/example_xcomargs.py
[2023-10-16 21:39:36,334] {processor.py:642} INFO - Processing file /Users/namyoung/Desktop/myprj/airflow/airflow/lib/python3.7/site-packages/airflow/example_dags/example_xcomargs.py for tasks to queue
[2023-10-16 21:39:36,335] {logging_mixin.py:109} INFO - [2023-10-16 21:39:36,335] {dagbag.py:500} INFO - Filling up the DagBag from /Users/namyoung/Desktop/myprj/airflow/airflow/lib/python3.7/site-packages/airflow/example_dags/example_xcomargs.py
[2023-10-16 21:39:36,365] {processor.py:654} INFO - DAG(s) dict_keys(['example_xcom_args', 'example_xcom_args_with_operators']) retrieved from /Users/namyoung/Desktop/myprj/airflow/airflow/lib/python3.7/site-packages/airflow/example_dags/example_xcomargs.py
[2023-10-16 21:39:36,491] {logging_mixin.py:109} INFO - [2023-10-16 21:39:36,491] {dag.py:2396} INFO - Sync 2 DAGs
[2023-10-16 21:39:36,497] {logging_mixin.py:109} INFO - [2023-10-16 21:39:36,497] {dag.py:2935} INFO - Setting next_dagrun for example_xcom_args to None
[2023-10-16 21:39:36,498] {logging_mixin.py:109} INFO - [2023-10-16 21:39:36,497] {dag.py:2935} INFO - Setting next_dagrun for example_xcom_args_with_operators to None
[2023-10-16 21:39:36,504] {processor.py:171} INFO - Processing /Users/namyoung/Desktop/myprj/airflow/airflow/lib/python3.7/site-packages/airflow/example_dags/example_xcomargs.py took 0.177 seconds
[2023-10-16 23:17:50,308] {processor.py:163} INFO - Started process (PID=31156) to work on /Users/namyoung/Desktop/myprj/airflow/airflow/lib/python3.7/site-packages/airflow/example_dags/example_xcomargs.py
[2023-10-16 23:17:50,310] {processor.py:642} INFO - Processing file /Users/namyoung/Desktop/myprj/airflow/airflow/lib/python3.7/site-packages/airflow/example_dags/example_xcomargs.py for tasks to queue
[2023-10-16 23:17:50,311] {logging_mixin.py:109} INFO - [2023-10-16 23:17:50,311] {dagbag.py:500} INFO - Filling up the DagBag from /Users/namyoung/Desktop/myprj/airflow/airflow/lib/python3.7/site-packages/airflow/example_dags/example_xcomargs.py
[2023-10-16 23:17:50,327] {processor.py:654} INFO - DAG(s) dict_keys(['example_xcom_args', 'example_xcom_args_with_operators']) retrieved from /Users/namyoung/Desktop/myprj/airflow/airflow/lib/python3.7/site-packages/airflow/example_dags/example_xcomargs.py
[2023-10-16 23:17:50,469] {logging_mixin.py:109} INFO - [2023-10-16 23:17:50,469] {dag.py:2396} INFO - Sync 2 DAGs
[2023-10-16 23:17:50,524] {logging_mixin.py:109} INFO - [2023-10-16 23:17:50,523] {dag.py:2935} INFO - Setting next_dagrun for example_xcom_args to None
[2023-10-16 23:17:50,524] {logging_mixin.py:109} INFO - [2023-10-16 23:17:50,524] {dag.py:2935} INFO - Setting next_dagrun for example_xcom_args_with_operators to None
[2023-10-16 23:17:50,530] {processor.py:171} INFO - Processing /Users/namyoung/Desktop/myprj/airflow/airflow/lib/python3.7/site-packages/airflow/example_dags/example_xcomargs.py took 0.224 seconds
[2023-10-17 00:39:47,503] {processor.py:163} INFO - Started process (PID=31410) to work on /Users/namyoung/Desktop/myprj/airflow/airflow/lib/python3.7/site-packages/airflow/example_dags/example_xcomargs.py
[2023-10-17 00:39:47,505] {processor.py:642} INFO - Processing file /Users/namyoung/Desktop/myprj/airflow/airflow/lib/python3.7/site-packages/airflow/example_dags/example_xcomargs.py for tasks to queue
[2023-10-17 00:39:47,506] {logging_mixin.py:109} INFO - [2023-10-17 00:39:47,506] {dagbag.py:500} INFO - Filling up the DagBag from /Users/namyoung/Desktop/myprj/airflow/airflow/lib/python3.7/site-packages/airflow/example_dags/example_xcomargs.py
[2023-10-17 00:39:47,538] {processor.py:654} INFO - DAG(s) dict_keys(['example_xcom_args', 'example_xcom_args_with_operators']) retrieved from /Users/namyoung/Desktop/myprj/airflow/airflow/lib/python3.7/site-packages/airflow/example_dags/example_xcomargs.py
[2023-10-17 00:39:47,697] {logging_mixin.py:109} INFO - [2023-10-17 00:39:47,696] {dag.py:2396} INFO - Sync 2 DAGs
[2023-10-17 00:39:47,702] {logging_mixin.py:109} INFO - [2023-10-17 00:39:47,702] {dag.py:2935} INFO - Setting next_dagrun for example_xcom_args to None
[2023-10-17 00:39:47,703] {logging_mixin.py:109} INFO - [2023-10-17 00:39:47,702] {dag.py:2935} INFO - Setting next_dagrun for example_xcom_args_with_operators to None
[2023-10-17 00:39:47,708] {processor.py:171} INFO - Processing /Users/namyoung/Desktop/myprj/airflow/airflow/lib/python3.7/site-packages/airflow/example_dags/example_xcomargs.py took 0.210 seconds
[2023-10-17 02:17:53,750] {processor.py:163} INFO - Started process (PID=31545) to work on /Users/namyoung/Desktop/myprj/airflow/airflow/lib/python3.7/site-packages/airflow/example_dags/example_xcomargs.py
[2023-10-17 02:17:53,751] {processor.py:642} INFO - Processing file /Users/namyoung/Desktop/myprj/airflow/airflow/lib/python3.7/site-packages/airflow/example_dags/example_xcomargs.py for tasks to queue
[2023-10-17 02:17:53,753] {logging_mixin.py:109} INFO - [2023-10-17 02:17:53,753] {dagbag.py:500} INFO - Filling up the DagBag from /Users/namyoung/Desktop/myprj/airflow/airflow/lib/python3.7/site-packages/airflow/example_dags/example_xcomargs.py
[2023-10-17 02:17:53,775] {processor.py:654} INFO - DAG(s) dict_keys(['example_xcom_args', 'example_xcom_args_with_operators']) retrieved from /Users/namyoung/Desktop/myprj/airflow/airflow/lib/python3.7/site-packages/airflow/example_dags/example_xcomargs.py
[2023-10-17 02:17:53,782] {logging_mixin.py:109} INFO - [2023-10-17 02:17:53,782] {dag.py:2396} INFO - Sync 2 DAGs
[2023-10-17 02:17:53,790] {logging_mixin.py:109} INFO - [2023-10-17 02:17:53,790] {dag.py:2935} INFO - Setting next_dagrun for example_xcom_args to None
[2023-10-17 02:17:53,791] {logging_mixin.py:109} INFO - [2023-10-17 02:17:53,791] {dag.py:2935} INFO - Setting next_dagrun for example_xcom_args_with_operators to None
[2023-10-17 02:17:53,796] {processor.py:171} INFO - Processing /Users/namyoung/Desktop/myprj/airflow/airflow/lib/python3.7/site-packages/airflow/example_dags/example_xcomargs.py took 0.048 seconds
[2023-10-17 03:53:40,403] {processor.py:163} INFO - Started process (PID=31817) to work on /Users/namyoung/Desktop/myprj/airflow/airflow/lib/python3.7/site-packages/airflow/example_dags/example_xcomargs.py
[2023-10-17 03:53:40,405] {processor.py:642} INFO - Processing file /Users/namyoung/Desktop/myprj/airflow/airflow/lib/python3.7/site-packages/airflow/example_dags/example_xcomargs.py for tasks to queue
[2023-10-17 03:53:40,407] {logging_mixin.py:109} INFO - [2023-10-17 03:53:40,406] {dagbag.py:500} INFO - Filling up the DagBag from /Users/namyoung/Desktop/myprj/airflow/airflow/lib/python3.7/site-packages/airflow/example_dags/example_xcomargs.py
[2023-10-17 03:53:40,439] {processor.py:654} INFO - DAG(s) dict_keys(['example_xcom_args', 'example_xcom_args_with_operators']) retrieved from /Users/namyoung/Desktop/myprj/airflow/airflow/lib/python3.7/site-packages/airflow/example_dags/example_xcomargs.py
[2023-10-17 03:53:40,448] {logging_mixin.py:109} INFO - [2023-10-17 03:53:40,448] {dag.py:2396} INFO - Sync 2 DAGs
[2023-10-17 03:53:40,456] {logging_mixin.py:109} INFO - [2023-10-17 03:53:40,456] {dag.py:2935} INFO - Setting next_dagrun for example_xcom_args to None
[2023-10-17 03:53:40,456] {logging_mixin.py:109} INFO - [2023-10-17 03:53:40,456] {dag.py:2935} INFO - Setting next_dagrun for example_xcom_args_with_operators to None
[2023-10-17 03:53:40,461] {processor.py:171} INFO - Processing /Users/namyoung/Desktop/myprj/airflow/airflow/lib/python3.7/site-packages/airflow/example_dags/example_xcomargs.py took 0.063 seconds
[2023-10-17 05:27:34,791] {processor.py:163} INFO - Started process (PID=31958) to work on /Users/namyoung/Desktop/myprj/airflow/airflow/lib/python3.7/site-packages/airflow/example_dags/example_xcomargs.py
[2023-10-17 05:27:34,794] {processor.py:642} INFO - Processing file /Users/namyoung/Desktop/myprj/airflow/airflow/lib/python3.7/site-packages/airflow/example_dags/example_xcomargs.py for tasks to queue
[2023-10-17 05:27:34,795] {logging_mixin.py:109} INFO - [2023-10-17 05:27:34,795] {dagbag.py:500} INFO - Filling up the DagBag from /Users/namyoung/Desktop/myprj/airflow/airflow/lib/python3.7/site-packages/airflow/example_dags/example_xcomargs.py
[2023-10-17 05:27:34,826] {processor.py:654} INFO - DAG(s) dict_keys(['example_xcom_args', 'example_xcom_args_with_operators']) retrieved from /Users/namyoung/Desktop/myprj/airflow/airflow/lib/python3.7/site-packages/airflow/example_dags/example_xcomargs.py
[2023-10-17 05:43:23,907] {logging_mixin.py:109} INFO - [2023-10-17 05:43:23,906] {dag.py:2396} INFO - Sync 2 DAGs
[2023-10-17 05:43:23,968] {logging_mixin.py:109} INFO - [2023-10-17 05:43:23,968] {dag.py:2935} INFO - Setting next_dagrun for example_xcom_args to None
[2023-10-17 05:43:23,969] {logging_mixin.py:109} INFO - [2023-10-17 05:43:23,969] {dag.py:2935} INFO - Setting next_dagrun for example_xcom_args_with_operators to None
[2023-10-17 05:43:23,976] {processor.py:171} INFO - Processing /Users/namyoung/Desktop/myprj/airflow/airflow/lib/python3.7/site-packages/airflow/example_dags/example_xcomargs.py took 0.568 seconds
[2023-10-17 07:08:27,244] {processor.py:163} INFO - Started process (PID=32222) to work on /Users/namyoung/Desktop/myprj/airflow/airflow/lib/python3.7/site-packages/airflow/example_dags/example_xcomargs.py
[2023-10-17 07:08:27,246] {processor.py:642} INFO - Processing file /Users/namyoung/Desktop/myprj/airflow/airflow/lib/python3.7/site-packages/airflow/example_dags/example_xcomargs.py for tasks to queue
[2023-10-17 07:08:27,246] {logging_mixin.py:109} INFO - [2023-10-17 07:08:27,246] {dagbag.py:500} INFO - Filling up the DagBag from /Users/namyoung/Desktop/myprj/airflow/airflow/lib/python3.7/site-packages/airflow/example_dags/example_xcomargs.py
[2023-10-17 07:08:27,265] {processor.py:654} INFO - DAG(s) dict_keys(['example_xcom_args', 'example_xcom_args_with_operators']) retrieved from /Users/namyoung/Desktop/myprj/airflow/airflow/lib/python3.7/site-packages/airflow/example_dags/example_xcomargs.py
[2023-10-17 07:08:27,439] {logging_mixin.py:109} INFO - [2023-10-17 07:08:27,438] {dag.py:2396} INFO - Sync 2 DAGs
[2023-10-17 07:08:27,444] {logging_mixin.py:109} INFO - [2023-10-17 07:08:27,444] {dag.py:2935} INFO - Setting next_dagrun for example_xcom_args to None
[2023-10-17 07:08:27,445] {logging_mixin.py:109} INFO - [2023-10-17 07:08:27,445] {dag.py:2935} INFO - Setting next_dagrun for example_xcom_args_with_operators to None
[2023-10-17 07:08:27,451] {processor.py:171} INFO - Processing /Users/namyoung/Desktop/myprj/airflow/airflow/lib/python3.7/site-packages/airflow/example_dags/example_xcomargs.py took 0.210 seconds
[2023-10-17 08:47:05,101] {processor.py:163} INFO - Started process (PID=32388) to work on /Users/namyoung/Desktop/myprj/airflow/airflow/lib/python3.7/site-packages/airflow/example_dags/example_xcomargs.py
[2023-10-17 08:47:05,103] {processor.py:642} INFO - Processing file /Users/namyoung/Desktop/myprj/airflow/airflow/lib/python3.7/site-packages/airflow/example_dags/example_xcomargs.py for tasks to queue
[2023-10-17 08:47:05,104] {logging_mixin.py:109} INFO - [2023-10-17 08:47:05,104] {dagbag.py:500} INFO - Filling up the DagBag from /Users/namyoung/Desktop/myprj/airflow/airflow/lib/python3.7/site-packages/airflow/example_dags/example_xcomargs.py
[2023-10-17 08:47:05,124] {processor.py:654} INFO - DAG(s) dict_keys(['example_xcom_args', 'example_xcom_args_with_operators']) retrieved from /Users/namyoung/Desktop/myprj/airflow/airflow/lib/python3.7/site-packages/airflow/example_dags/example_xcomargs.py
[2023-10-17 08:47:05,260] {logging_mixin.py:109} INFO - [2023-10-17 08:47:05,260] {dag.py:2396} INFO - Sync 2 DAGs
[2023-10-17 08:47:05,267] {logging_mixin.py:109} INFO - [2023-10-17 08:47:05,267] {dag.py:2935} INFO - Setting next_dagrun for example_xcom_args to None
[2023-10-17 08:47:05,267] {logging_mixin.py:109} INFO - [2023-10-17 08:47:05,267] {dag.py:2935} INFO - Setting next_dagrun for example_xcom_args_with_operators to None
[2023-10-17 08:47:05,274] {processor.py:171} INFO - Processing /Users/namyoung/Desktop/myprj/airflow/airflow/lib/python3.7/site-packages/airflow/example_dags/example_xcomargs.py took 0.177 seconds
