[2023-10-16 09:40:06,396] {processor.py:163} INFO - Started process (PID=29483) to work on /Users/namyoung/Desktop/myprj/airflow/airflow/lib/python3.7/site-packages/airflow/example_dags/example_dag_decorator.py
[2023-10-16 09:40:06,398] {processor.py:642} INFO - Processing file /Users/namyoung/Desktop/myprj/airflow/airflow/lib/python3.7/site-packages/airflow/example_dags/example_dag_decorator.py for tasks to queue
[2023-10-16 09:40:06,399] {logging_mixin.py:109} INFO - [2023-10-16 09:40:06,398] {dagbag.py:500} INFO - Filling up the DagBag from /Users/namyoung/Desktop/myprj/airflow/airflow/lib/python3.7/site-packages/airflow/example_dags/example_dag_decorator.py
[2023-10-16 09:40:06,429] {processor.py:654} INFO - DAG(s) dict_keys(['example_dag_decorator']) retrieved from /Users/namyoung/Desktop/myprj/airflow/airflow/lib/python3.7/site-packages/airflow/example_dags/example_dag_decorator.py
[2023-10-16 09:40:06,563] {logging_mixin.py:109} INFO - [2023-10-16 09:40:06,563] {dag.py:2396} INFO - Sync 1 DAGs
[2023-10-16 09:40:06,603] {logging_mixin.py:109} INFO - [2023-10-16 09:40:06,602] {dag.py:2935} INFO - Setting next_dagrun for example_dag_decorator to None
[2023-10-16 09:40:06,608] {processor.py:171} INFO - Processing /Users/namyoung/Desktop/myprj/airflow/airflow/lib/python3.7/site-packages/airflow/example_dags/example_dag_decorator.py took 0.217 seconds
[2023-10-16 11:32:28,126] {processor.py:163} INFO - Started process (PID=29759) to work on /Users/namyoung/Desktop/myprj/airflow/airflow/lib/python3.7/site-packages/airflow/example_dags/example_dag_decorator.py
[2023-10-16 11:32:28,127] {processor.py:642} INFO - Processing file /Users/namyoung/Desktop/myprj/airflow/airflow/lib/python3.7/site-packages/airflow/example_dags/example_dag_decorator.py for tasks to queue
[2023-10-16 11:32:28,128] {logging_mixin.py:109} INFO - [2023-10-16 11:32:28,128] {dagbag.py:500} INFO - Filling up the DagBag from /Users/namyoung/Desktop/myprj/airflow/airflow/lib/python3.7/site-packages/airflow/example_dags/example_dag_decorator.py
[2023-10-16 11:32:28,150] {processor.py:654} INFO - DAG(s) dict_keys(['example_dag_decorator']) retrieved from /Users/namyoung/Desktop/myprj/airflow/airflow/lib/python3.7/site-packages/airflow/example_dags/example_dag_decorator.py
[2023-10-16 11:32:28,286] {logging_mixin.py:109} INFO - [2023-10-16 11:32:28,286] {dag.py:2396} INFO - Sync 1 DAGs
[2023-10-16 11:32:28,293] {logging_mixin.py:109} INFO - [2023-10-16 11:32:28,293] {dag.py:2935} INFO - Setting next_dagrun for example_dag_decorator to None
[2023-10-16 11:32:28,299] {processor.py:171} INFO - Processing /Users/namyoung/Desktop/myprj/airflow/airflow/lib/python3.7/site-packages/airflow/example_dags/example_dag_decorator.py took 0.176 seconds
[2023-10-16 12:56:57,058] {processor.py:163} INFO - Started process (PID=29889) to work on /Users/namyoung/Desktop/myprj/airflow/airflow/lib/python3.7/site-packages/airflow/example_dags/example_dag_decorator.py
[2023-10-16 12:56:57,060] {processor.py:642} INFO - Processing file /Users/namyoung/Desktop/myprj/airflow/airflow/lib/python3.7/site-packages/airflow/example_dags/example_dag_decorator.py for tasks to queue
[2023-10-16 12:56:57,061] {logging_mixin.py:109} INFO - [2023-10-16 12:56:57,061] {dagbag.py:500} INFO - Filling up the DagBag from /Users/namyoung/Desktop/myprj/airflow/airflow/lib/python3.7/site-packages/airflow/example_dags/example_dag_decorator.py
[2023-10-16 12:56:57,083] {processor.py:654} INFO - DAG(s) dict_keys(['example_dag_decorator']) retrieved from /Users/namyoung/Desktop/myprj/airflow/airflow/lib/python3.7/site-packages/airflow/example_dags/example_dag_decorator.py
[2023-10-16 12:56:57,220] {logging_mixin.py:109} INFO - [2023-10-16 12:56:57,220] {dag.py:2396} INFO - Sync 1 DAGs
[2023-10-16 12:56:57,227] {logging_mixin.py:109} INFO - [2023-10-16 12:56:57,227] {dag.py:2935} INFO - Setting next_dagrun for example_dag_decorator to None
[2023-10-16 12:56:57,233] {processor.py:171} INFO - Processing /Users/namyoung/Desktop/myprj/airflow/airflow/lib/python3.7/site-packages/airflow/example_dags/example_dag_decorator.py took 0.180 seconds
[2023-10-16 14:38:53,751] {processor.py:163} INFO - Started process (PID=30161) to work on /Users/namyoung/Desktop/myprj/airflow/airflow/lib/python3.7/site-packages/airflow/example_dags/example_dag_decorator.py
[2023-10-16 14:38:53,754] {processor.py:642} INFO - Processing file /Users/namyoung/Desktop/myprj/airflow/airflow/lib/python3.7/site-packages/airflow/example_dags/example_dag_decorator.py for tasks to queue
[2023-10-16 14:38:53,755] {logging_mixin.py:109} INFO - [2023-10-16 14:38:53,755] {dagbag.py:500} INFO - Filling up the DagBag from /Users/namyoung/Desktop/myprj/airflow/airflow/lib/python3.7/site-packages/airflow/example_dags/example_dag_decorator.py
[2023-10-16 14:38:53,788] {processor.py:654} INFO - DAG(s) dict_keys(['example_dag_decorator']) retrieved from /Users/namyoung/Desktop/myprj/airflow/airflow/lib/python3.7/site-packages/airflow/example_dags/example_dag_decorator.py
[2023-10-16 14:38:53,795] {logging_mixin.py:109} INFO - [2023-10-16 14:38:53,795] {dag.py:2396} INFO - Sync 1 DAGs
[2023-10-16 14:38:53,805] {logging_mixin.py:109} INFO - [2023-10-16 14:38:53,805] {dag.py:2935} INFO - Setting next_dagrun for example_dag_decorator to None
[2023-10-16 14:38:53,811] {processor.py:171} INFO - Processing /Users/namyoung/Desktop/myprj/airflow/airflow/lib/python3.7/site-packages/airflow/example_dags/example_dag_decorator.py took 0.064 seconds
[2023-10-16 16:21:33,698] {processor.py:163} INFO - Started process (PID=30306) to work on /Users/namyoung/Desktop/myprj/airflow/airflow/lib/python3.7/site-packages/airflow/example_dags/example_dag_decorator.py
[2023-10-16 16:21:33,700] {processor.py:642} INFO - Processing file /Users/namyoung/Desktop/myprj/airflow/airflow/lib/python3.7/site-packages/airflow/example_dags/example_dag_decorator.py for tasks to queue
[2023-10-16 16:21:33,701] {logging_mixin.py:109} INFO - [2023-10-16 16:21:33,701] {dagbag.py:500} INFO - Filling up the DagBag from /Users/namyoung/Desktop/myprj/airflow/airflow/lib/python3.7/site-packages/airflow/example_dags/example_dag_decorator.py
[2023-10-16 16:21:33,735] {processor.py:654} INFO - DAG(s) dict_keys(['example_dag_decorator']) retrieved from /Users/namyoung/Desktop/myprj/airflow/airflow/lib/python3.7/site-packages/airflow/example_dags/example_dag_decorator.py
[2023-10-16 16:21:33,742] {logging_mixin.py:109} INFO - [2023-10-16 16:21:33,742] {dag.py:2396} INFO - Sync 1 DAGs
[2023-10-16 16:21:33,750] {logging_mixin.py:109} INFO - [2023-10-16 16:21:33,749] {dag.py:2935} INFO - Setting next_dagrun for example_dag_decorator to None
[2023-10-16 16:21:33,755] {processor.py:171} INFO - Processing /Users/namyoung/Desktop/myprj/airflow/airflow/lib/python3.7/site-packages/airflow/example_dags/example_dag_decorator.py took 0.062 seconds
[2023-10-16 17:46:59,852] {processor.py:163} INFO - Started process (PID=30569) to work on /Users/namyoung/Desktop/myprj/airflow/airflow/lib/python3.7/site-packages/airflow/example_dags/example_dag_decorator.py
[2023-10-16 17:46:59,852] {processor.py:642} INFO - Processing file /Users/namyoung/Desktop/myprj/airflow/airflow/lib/python3.7/site-packages/airflow/example_dags/example_dag_decorator.py for tasks to queue
[2023-10-16 17:46:59,853] {logging_mixin.py:109} INFO - [2023-10-16 17:46:59,853] {dagbag.py:500} INFO - Filling up the DagBag from /Users/namyoung/Desktop/myprj/airflow/airflow/lib/python3.7/site-packages/airflow/example_dags/example_dag_decorator.py
[2023-10-16 17:46:59,869] {processor.py:654} INFO - DAG(s) dict_keys(['example_dag_decorator']) retrieved from /Users/namyoung/Desktop/myprj/airflow/airflow/lib/python3.7/site-packages/airflow/example_dags/example_dag_decorator.py
[2023-10-16 17:47:00,035] {logging_mixin.py:109} INFO - [2023-10-16 17:47:00,035] {dag.py:2396} INFO - Sync 1 DAGs
[2023-10-16 17:47:00,041] {logging_mixin.py:109} INFO - [2023-10-16 17:47:00,041] {dag.py:2935} INFO - Setting next_dagrun for example_dag_decorator to None
[2023-10-16 17:47:00,046] {processor.py:171} INFO - Processing /Users/namyoung/Desktop/myprj/airflow/airflow/lib/python3.7/site-packages/airflow/example_dags/example_dag_decorator.py took 0.197 seconds
[2023-10-16 19:28:06,284] {processor.py:163} INFO - Started process (PID=30702) to work on /Users/namyoung/Desktop/myprj/airflow/airflow/lib/python3.7/site-packages/airflow/example_dags/example_dag_decorator.py
[2023-10-16 19:28:06,286] {processor.py:642} INFO - Processing file /Users/namyoung/Desktop/myprj/airflow/airflow/lib/python3.7/site-packages/airflow/example_dags/example_dag_decorator.py for tasks to queue
[2023-10-16 19:28:06,287] {logging_mixin.py:109} INFO - [2023-10-16 19:28:06,287] {dagbag.py:500} INFO - Filling up the DagBag from /Users/namyoung/Desktop/myprj/airflow/airflow/lib/python3.7/site-packages/airflow/example_dags/example_dag_decorator.py
[2023-10-16 19:28:06,316] {processor.py:654} INFO - DAG(s) dict_keys(['example_dag_decorator']) retrieved from /Users/namyoung/Desktop/myprj/airflow/airflow/lib/python3.7/site-packages/airflow/example_dags/example_dag_decorator.py
[2023-10-16 19:28:06,437] {logging_mixin.py:109} INFO - [2023-10-16 19:28:06,437] {dag.py:2396} INFO - Sync 1 DAGs
[2023-10-16 19:28:06,443] {logging_mixin.py:109} INFO - [2023-10-16 19:28:06,443] {dag.py:2935} INFO - Setting next_dagrun for example_dag_decorator to None
[2023-10-16 19:28:06,449] {processor.py:171} INFO - Processing /Users/namyoung/Desktop/myprj/airflow/airflow/lib/python3.7/site-packages/airflow/example_dags/example_dag_decorator.py took 0.170 seconds
[2023-10-16 21:07:24,104] {processor.py:163} INFO - Started process (PID=30971) to work on /Users/namyoung/Desktop/myprj/airflow/airflow/lib/python3.7/site-packages/airflow/example_dags/example_dag_decorator.py
[2023-10-16 21:07:24,105] {processor.py:642} INFO - Processing file /Users/namyoung/Desktop/myprj/airflow/airflow/lib/python3.7/site-packages/airflow/example_dags/example_dag_decorator.py for tasks to queue
[2023-10-16 21:07:24,106] {logging_mixin.py:109} INFO - [2023-10-16 21:07:24,105] {dagbag.py:500} INFO - Filling up the DagBag from /Users/namyoung/Desktop/myprj/airflow/airflow/lib/python3.7/site-packages/airflow/example_dags/example_dag_decorator.py
[2023-10-16 21:07:24,122] {processor.py:654} INFO - DAG(s) dict_keys(['example_dag_decorator']) retrieved from /Users/namyoung/Desktop/myprj/airflow/airflow/lib/python3.7/site-packages/airflow/example_dags/example_dag_decorator.py
[2023-10-16 21:07:24,127] {logging_mixin.py:109} INFO - [2023-10-16 21:07:24,127] {dag.py:2396} INFO - Sync 1 DAGs
[2023-10-16 21:07:24,134] {logging_mixin.py:109} INFO - [2023-10-16 21:07:24,134] {dag.py:2935} INFO - Setting next_dagrun for example_dag_decorator to None
[2023-10-16 21:07:24,140] {processor.py:171} INFO - Processing /Users/namyoung/Desktop/myprj/airflow/airflow/lib/python3.7/site-packages/airflow/example_dags/example_dag_decorator.py took 0.038 seconds
[2023-10-16 22:27:25,908] {processor.py:163} INFO - Started process (PID=31097) to work on /Users/namyoung/Desktop/myprj/airflow/airflow/lib/python3.7/site-packages/airflow/example_dags/example_dag_decorator.py
[2023-10-16 22:27:25,909] {processor.py:642} INFO - Processing file /Users/namyoung/Desktop/myprj/airflow/airflow/lib/python3.7/site-packages/airflow/example_dags/example_dag_decorator.py for tasks to queue
[2023-10-16 22:27:25,910] {logging_mixin.py:109} INFO - [2023-10-16 22:27:25,909] {dagbag.py:500} INFO - Filling up the DagBag from /Users/namyoung/Desktop/myprj/airflow/airflow/lib/python3.7/site-packages/airflow/example_dags/example_dag_decorator.py
[2023-10-16 22:27:25,926] {processor.py:654} INFO - DAG(s) dict_keys(['example_dag_decorator']) retrieved from /Users/namyoung/Desktop/myprj/airflow/airflow/lib/python3.7/site-packages/airflow/example_dags/example_dag_decorator.py
[2023-10-16 22:27:26,054] {logging_mixin.py:109} INFO - [2023-10-16 22:27:26,054] {dag.py:2396} INFO - Sync 1 DAGs
[2023-10-16 22:27:26,095] {logging_mixin.py:109} INFO - [2023-10-16 22:27:26,095] {dag.py:2935} INFO - Setting next_dagrun for example_dag_decorator to None
[2023-10-16 22:27:26,101] {processor.py:171} INFO - Processing /Users/namyoung/Desktop/myprj/airflow/airflow/lib/python3.7/site-packages/airflow/example_dags/example_dag_decorator.py took 0.196 seconds
[2023-10-17 00:08:26,762] {processor.py:163} INFO - Started process (PID=31359) to work on /Users/namyoung/Desktop/myprj/airflow/airflow/lib/python3.7/site-packages/airflow/example_dags/example_dag_decorator.py
[2023-10-17 00:08:26,764] {processor.py:642} INFO - Processing file /Users/namyoung/Desktop/myprj/airflow/airflow/lib/python3.7/site-packages/airflow/example_dags/example_dag_decorator.py for tasks to queue
[2023-10-17 00:08:26,766] {logging_mixin.py:109} INFO - [2023-10-17 00:08:26,765] {dagbag.py:500} INFO - Filling up the DagBag from /Users/namyoung/Desktop/myprj/airflow/airflow/lib/python3.7/site-packages/airflow/example_dags/example_dag_decorator.py
[2023-10-17 00:08:26,800] {processor.py:654} INFO - DAG(s) dict_keys(['example_dag_decorator']) retrieved from /Users/namyoung/Desktop/myprj/airflow/airflow/lib/python3.7/site-packages/airflow/example_dags/example_dag_decorator.py
[2023-10-17 00:08:26,952] {logging_mixin.py:109} INFO - [2023-10-17 00:08:26,952] {dag.py:2396} INFO - Sync 1 DAGs
[2023-10-17 00:08:26,958] {logging_mixin.py:109} INFO - [2023-10-17 00:08:26,958] {dag.py:2935} INFO - Setting next_dagrun for example_dag_decorator to None
[2023-10-17 00:08:26,963] {processor.py:171} INFO - Processing /Users/namyoung/Desktop/myprj/airflow/airflow/lib/python3.7/site-packages/airflow/example_dags/example_dag_decorator.py took 0.206 seconds
[2023-10-17 01:47:21,824] {processor.py:163} INFO - Started process (PID=31493) to work on /Users/namyoung/Desktop/myprj/airflow/airflow/lib/python3.7/site-packages/airflow/example_dags/example_dag_decorator.py
[2023-10-17 01:47:21,825] {processor.py:642} INFO - Processing file /Users/namyoung/Desktop/myprj/airflow/airflow/lib/python3.7/site-packages/airflow/example_dags/example_dag_decorator.py for tasks to queue
[2023-10-17 01:47:21,826] {logging_mixin.py:109} INFO - [2023-10-17 01:47:21,826] {dagbag.py:500} INFO - Filling up the DagBag from /Users/namyoung/Desktop/myprj/airflow/airflow/lib/python3.7/site-packages/airflow/example_dags/example_dag_decorator.py
[2023-10-17 01:47:21,844] {processor.py:654} INFO - DAG(s) dict_keys(['example_dag_decorator']) retrieved from /Users/namyoung/Desktop/myprj/airflow/airflow/lib/python3.7/site-packages/airflow/example_dags/example_dag_decorator.py
[2023-10-17 01:47:22,000] {logging_mixin.py:109} INFO - [2023-10-17 01:47:22,000] {dag.py:2396} INFO - Sync 1 DAGs
[2023-10-17 01:47:22,007] {logging_mixin.py:109} INFO - [2023-10-17 01:47:22,007] {dag.py:2935} INFO - Setting next_dagrun for example_dag_decorator to None
[2023-10-17 01:47:22,014] {processor.py:171} INFO - Processing /Users/namyoung/Desktop/myprj/airflow/airflow/lib/python3.7/site-packages/airflow/example_dags/example_dag_decorator.py took 0.191 seconds
[2023-10-17 03:21:45,842] {processor.py:163} INFO - Started process (PID=31747) to work on /Users/namyoung/Desktop/myprj/airflow/airflow/lib/python3.7/site-packages/airflow/example_dags/example_dag_decorator.py
[2023-10-17 03:21:45,844] {processor.py:642} INFO - Processing file /Users/namyoung/Desktop/myprj/airflow/airflow/lib/python3.7/site-packages/airflow/example_dags/example_dag_decorator.py for tasks to queue
[2023-10-17 03:21:45,845] {logging_mixin.py:109} INFO - [2023-10-17 03:21:45,844] {dagbag.py:500} INFO - Filling up the DagBag from /Users/namyoung/Desktop/myprj/airflow/airflow/lib/python3.7/site-packages/airflow/example_dags/example_dag_decorator.py
[2023-10-17 03:21:45,876] {processor.py:654} INFO - DAG(s) dict_keys(['example_dag_decorator']) retrieved from /Users/namyoung/Desktop/myprj/airflow/airflow/lib/python3.7/site-packages/airflow/example_dags/example_dag_decorator.py
[2023-10-17 03:21:46,017] {logging_mixin.py:109} INFO - [2023-10-17 03:21:46,017] {dag.py:2396} INFO - Sync 1 DAGs
[2023-10-17 03:21:46,024] {logging_mixin.py:109} INFO - [2023-10-17 03:21:46,024] {dag.py:2935} INFO - Setting next_dagrun for example_dag_decorator to None
[2023-10-17 03:21:46,031] {processor.py:171} INFO - Processing /Users/namyoung/Desktop/myprj/airflow/airflow/lib/python3.7/site-packages/airflow/example_dags/example_dag_decorator.py took 0.194 seconds
[2023-10-17 04:56:39,039] {processor.py:163} INFO - Started process (PID=31895) to work on /Users/namyoung/Desktop/myprj/airflow/airflow/lib/python3.7/site-packages/airflow/example_dags/example_dag_decorator.py
[2023-10-17 04:56:39,040] {processor.py:642} INFO - Processing file /Users/namyoung/Desktop/myprj/airflow/airflow/lib/python3.7/site-packages/airflow/example_dags/example_dag_decorator.py for tasks to queue
[2023-10-17 04:56:39,040] {logging_mixin.py:109} INFO - [2023-10-17 04:56:39,040] {dagbag.py:500} INFO - Filling up the DagBag from /Users/namyoung/Desktop/myprj/airflow/airflow/lib/python3.7/site-packages/airflow/example_dags/example_dag_decorator.py
[2023-10-17 04:56:39,061] {processor.py:654} INFO - DAG(s) dict_keys(['example_dag_decorator']) retrieved from /Users/namyoung/Desktop/myprj/airflow/airflow/lib/python3.7/site-packages/airflow/example_dags/example_dag_decorator.py
[2023-10-17 04:56:39,211] {logging_mixin.py:109} INFO - [2023-10-17 04:56:39,211] {dag.py:2396} INFO - Sync 1 DAGs
[2023-10-17 04:56:39,257] {logging_mixin.py:109} INFO - [2023-10-17 04:56:39,257] {dag.py:2935} INFO - Setting next_dagrun for example_dag_decorator to None
[2023-10-17 04:56:39,264] {processor.py:171} INFO - Processing /Users/namyoung/Desktop/myprj/airflow/airflow/lib/python3.7/site-packages/airflow/example_dags/example_dag_decorator.py took 0.227 seconds
[2023-10-17 06:34:58,046] {processor.py:163} INFO - Started process (PID=32176) to work on /Users/namyoung/Desktop/myprj/airflow/airflow/lib/python3.7/site-packages/airflow/example_dags/example_dag_decorator.py
[2023-10-17 06:34:58,049] {processor.py:642} INFO - Processing file /Users/namyoung/Desktop/myprj/airflow/airflow/lib/python3.7/site-packages/airflow/example_dags/example_dag_decorator.py for tasks to queue
[2023-10-17 06:34:58,050] {logging_mixin.py:109} INFO - [2023-10-17 06:34:58,049] {dagbag.py:500} INFO - Filling up the DagBag from /Users/namyoung/Desktop/myprj/airflow/airflow/lib/python3.7/site-packages/airflow/example_dags/example_dag_decorator.py
[2023-10-17 06:34:58,085] {processor.py:654} INFO - DAG(s) dict_keys(['example_dag_decorator']) retrieved from /Users/namyoung/Desktop/myprj/airflow/airflow/lib/python3.7/site-packages/airflow/example_dags/example_dag_decorator.py
[2023-10-17 06:34:58,239] {logging_mixin.py:109} INFO - [2023-10-17 06:34:58,238] {dag.py:2396} INFO - Sync 1 DAGs
[2023-10-17 06:34:58,244] {logging_mixin.py:109} INFO - [2023-10-17 06:34:58,244] {dag.py:2935} INFO - Setting next_dagrun for example_dag_decorator to None
[2023-10-17 06:34:58,249] {processor.py:171} INFO - Processing /Users/namyoung/Desktop/myprj/airflow/airflow/lib/python3.7/site-packages/airflow/example_dags/example_dag_decorator.py took 0.209 seconds
[2023-10-17 08:14:48,222] {processor.py:163} INFO - Started process (PID=32310) to work on /Users/namyoung/Desktop/myprj/airflow/airflow/lib/python3.7/site-packages/airflow/example_dags/example_dag_decorator.py
[2023-10-17 08:14:48,224] {processor.py:642} INFO - Processing file /Users/namyoung/Desktop/myprj/airflow/airflow/lib/python3.7/site-packages/airflow/example_dags/example_dag_decorator.py for tasks to queue
[2023-10-17 08:14:48,225] {logging_mixin.py:109} INFO - [2023-10-17 08:14:48,224] {dagbag.py:500} INFO - Filling up the DagBag from /Users/namyoung/Desktop/myprj/airflow/airflow/lib/python3.7/site-packages/airflow/example_dags/example_dag_decorator.py
[2023-10-17 08:14:48,257] {processor.py:654} INFO - DAG(s) dict_keys(['example_dag_decorator']) retrieved from /Users/namyoung/Desktop/myprj/airflow/airflow/lib/python3.7/site-packages/airflow/example_dags/example_dag_decorator.py
[2023-10-17 08:14:48,382] {logging_mixin.py:109} INFO - [2023-10-17 08:14:48,382] {dag.py:2396} INFO - Sync 1 DAGs
[2023-10-17 08:14:48,388] {logging_mixin.py:109} INFO - [2023-10-17 08:14:48,388] {dag.py:2935} INFO - Setting next_dagrun for example_dag_decorator to None
[2023-10-17 08:14:48,394] {processor.py:171} INFO - Processing /Users/namyoung/Desktop/myprj/airflow/airflow/lib/python3.7/site-packages/airflow/example_dags/example_dag_decorator.py took 0.177 seconds
