[2023-10-16 10:58:55,756] {processor.py:163} INFO - Started process (PID=29602) to work on /Users/namyoung/Desktop/myprj/airflow/airflow/lib/python3.7/site-packages/airflow/example_dags/example_skip_dag.py
[2023-10-16 10:58:55,757] {processor.py:642} INFO - Processing file /Users/namyoung/Desktop/myprj/airflow/airflow/lib/python3.7/site-packages/airflow/example_dags/example_skip_dag.py for tasks to queue
[2023-10-16 10:58:55,758] {logging_mixin.py:109} INFO - [2023-10-16 10:58:55,758] {dagbag.py:500} INFO - Filling up the DagBag from /Users/namyoung/Desktop/myprj/airflow/airflow/lib/python3.7/site-packages/airflow/example_dags/example_skip_dag.py
[2023-10-16 10:58:55,771] {processor.py:654} INFO - DAG(s) dict_keys(['example_skip_dag']) retrieved from /Users/namyoung/Desktop/myprj/airflow/airflow/lib/python3.7/site-packages/airflow/example_dags/example_skip_dag.py
[2023-10-16 10:58:55,781] {logging_mixin.py:109} INFO - [2023-10-16 10:58:55,780] {dag.py:2396} INFO - Sync 1 DAGs
[2023-10-16 10:58:55,791] {logging_mixin.py:109} INFO - [2023-10-16 10:58:55,791] {dag.py:2935} INFO - Setting next_dagrun for example_skip_dag to 2023-10-15T01:58:55.791520+00:00
[2023-10-16 10:58:55,809] {processor.py:171} INFO - Processing /Users/namyoung/Desktop/myprj/airflow/airflow/lib/python3.7/site-packages/airflow/example_dags/example_skip_dag.py took 0.054 seconds
[2023-10-16 12:39:04,403] {processor.py:163} INFO - Started process (PID=29850) to work on /Users/namyoung/Desktop/myprj/airflow/airflow/lib/python3.7/site-packages/airflow/example_dags/example_skip_dag.py
[2023-10-16 12:39:04,404] {processor.py:642} INFO - Processing file /Users/namyoung/Desktop/myprj/airflow/airflow/lib/python3.7/site-packages/airflow/example_dags/example_skip_dag.py for tasks to queue
[2023-10-16 12:39:04,405] {logging_mixin.py:109} INFO - [2023-10-16 12:39:04,404] {dagbag.py:500} INFO - Filling up the DagBag from /Users/namyoung/Desktop/myprj/airflow/airflow/lib/python3.7/site-packages/airflow/example_dags/example_skip_dag.py
[2023-10-16 12:39:04,420] {processor.py:654} INFO - DAG(s) dict_keys(['example_skip_dag']) retrieved from /Users/namyoung/Desktop/myprj/airflow/airflow/lib/python3.7/site-packages/airflow/example_dags/example_skip_dag.py
[2023-10-16 12:39:04,428] {logging_mixin.py:109} INFO - [2023-10-16 12:39:04,428] {dag.py:2396} INFO - Sync 1 DAGs
[2023-10-16 12:39:04,437] {logging_mixin.py:109} INFO - [2023-10-16 12:39:04,436] {dag.py:2935} INFO - Setting next_dagrun for example_skip_dag to 2023-10-15T03:39:04.436697+00:00
[2023-10-16 12:39:04,443] {processor.py:171} INFO - Processing /Users/namyoung/Desktop/myprj/airflow/airflow/lib/python3.7/site-packages/airflow/example_dags/example_skip_dag.py took 0.043 seconds
[2023-10-16 14:05:52,610] {processor.py:163} INFO - Started process (PID=30114) to work on /Users/namyoung/Desktop/myprj/airflow/airflow/lib/python3.7/site-packages/airflow/example_dags/example_skip_dag.py
[2023-10-16 14:05:52,612] {processor.py:642} INFO - Processing file /Users/namyoung/Desktop/myprj/airflow/airflow/lib/python3.7/site-packages/airflow/example_dags/example_skip_dag.py for tasks to queue
[2023-10-16 14:05:52,613] {logging_mixin.py:109} INFO - [2023-10-16 14:05:52,613] {dagbag.py:500} INFO - Filling up the DagBag from /Users/namyoung/Desktop/myprj/airflow/airflow/lib/python3.7/site-packages/airflow/example_dags/example_skip_dag.py
[2023-10-16 14:05:52,640] {processor.py:654} INFO - DAG(s) dict_keys(['example_skip_dag']) retrieved from /Users/namyoung/Desktop/myprj/airflow/airflow/lib/python3.7/site-packages/airflow/example_dags/example_skip_dag.py
[2023-10-16 14:05:52,649] {logging_mixin.py:109} INFO - [2023-10-16 14:05:52,649] {dag.py:2396} INFO - Sync 1 DAGs
[2023-10-16 14:05:52,658] {logging_mixin.py:109} INFO - [2023-10-16 14:05:52,658] {dag.py:2935} INFO - Setting next_dagrun for example_skip_dag to 2023-10-15T05:05:52.657874+00:00
[2023-10-16 14:05:52,663] {processor.py:171} INFO - Processing /Users/namyoung/Desktop/myprj/airflow/airflow/lib/python3.7/site-packages/airflow/example_dags/example_skip_dag.py took 0.060 seconds
[2023-10-16 16:03:30,218] {processor.py:163} INFO - Started process (PID=30264) to work on /Users/namyoung/Desktop/myprj/airflow/airflow/lib/python3.7/site-packages/airflow/example_dags/example_skip_dag.py
[2023-10-16 16:03:30,219] {processor.py:642} INFO - Processing file /Users/namyoung/Desktop/myprj/airflow/airflow/lib/python3.7/site-packages/airflow/example_dags/example_skip_dag.py for tasks to queue
[2023-10-16 16:03:30,220] {logging_mixin.py:109} INFO - [2023-10-16 16:03:30,220] {dagbag.py:500} INFO - Filling up the DagBag from /Users/namyoung/Desktop/myprj/airflow/airflow/lib/python3.7/site-packages/airflow/example_dags/example_skip_dag.py
[2023-10-16 16:03:30,233] {processor.py:654} INFO - DAG(s) dict_keys(['example_skip_dag']) retrieved from /Users/namyoung/Desktop/myprj/airflow/airflow/lib/python3.7/site-packages/airflow/example_dags/example_skip_dag.py
[2023-10-16 16:03:30,239] {logging_mixin.py:109} INFO - [2023-10-16 16:03:30,239] {dag.py:2396} INFO - Sync 1 DAGs
[2023-10-16 16:03:30,246] {logging_mixin.py:109} INFO - [2023-10-16 16:03:30,246] {dag.py:2935} INFO - Setting next_dagrun for example_skip_dag to 2023-10-15T07:03:30.246407+00:00
[2023-10-16 16:03:30,253] {processor.py:171} INFO - Processing /Users/namyoung/Desktop/myprj/airflow/airflow/lib/python3.7/site-packages/airflow/example_dags/example_skip_dag.py took 0.036 seconds
[2023-10-16 17:30:50,152] {processor.py:163} INFO - Started process (PID=30541) to work on /Users/namyoung/Desktop/myprj/airflow/airflow/lib/python3.7/site-packages/airflow/example_dags/example_skip_dag.py
[2023-10-16 17:30:50,152] {processor.py:642} INFO - Processing file /Users/namyoung/Desktop/myprj/airflow/airflow/lib/python3.7/site-packages/airflow/example_dags/example_skip_dag.py for tasks to queue
[2023-10-16 17:30:50,153] {logging_mixin.py:109} INFO - [2023-10-16 17:30:50,153] {dagbag.py:500} INFO - Filling up the DagBag from /Users/namyoung/Desktop/myprj/airflow/airflow/lib/python3.7/site-packages/airflow/example_dags/example_skip_dag.py
[2023-10-16 17:30:50,166] {processor.py:654} INFO - DAG(s) dict_keys(['example_skip_dag']) retrieved from /Users/namyoung/Desktop/myprj/airflow/airflow/lib/python3.7/site-packages/airflow/example_dags/example_skip_dag.py
[2023-10-16 17:30:50,172] {logging_mixin.py:109} INFO - [2023-10-16 17:30:50,172] {dag.py:2396} INFO - Sync 1 DAGs
[2023-10-16 17:30:50,179] {logging_mixin.py:109} INFO - [2023-10-16 17:30:50,179] {dag.py:2935} INFO - Setting next_dagrun for example_skip_dag to 2023-10-15T08:30:50.179204+00:00
[2023-10-16 17:30:50,185] {processor.py:171} INFO - Processing /Users/namyoung/Desktop/myprj/airflow/airflow/lib/python3.7/site-packages/airflow/example_dags/example_skip_dag.py took 0.035 seconds
[2023-10-16 18:52:07,763] {processor.py:163} INFO - Started process (PID=30666) to work on /Users/namyoung/Desktop/myprj/airflow/airflow/lib/python3.7/site-packages/airflow/example_dags/example_skip_dag.py
[2023-10-16 18:52:07,765] {processor.py:642} INFO - Processing file /Users/namyoung/Desktop/myprj/airflow/airflow/lib/python3.7/site-packages/airflow/example_dags/example_skip_dag.py for tasks to queue
[2023-10-16 18:52:07,766] {logging_mixin.py:109} INFO - [2023-10-16 18:52:07,766] {dagbag.py:500} INFO - Filling up the DagBag from /Users/namyoung/Desktop/myprj/airflow/airflow/lib/python3.7/site-packages/airflow/example_dags/example_skip_dag.py
[2023-10-16 18:52:07,792] {processor.py:654} INFO - DAG(s) dict_keys(['example_skip_dag']) retrieved from /Users/namyoung/Desktop/myprj/airflow/airflow/lib/python3.7/site-packages/airflow/example_dags/example_skip_dag.py
[2023-10-16 18:52:07,803] {logging_mixin.py:109} INFO - [2023-10-16 18:52:07,802] {dag.py:2396} INFO - Sync 1 DAGs
[2023-10-16 18:52:07,812] {logging_mixin.py:109} INFO - [2023-10-16 18:52:07,811] {dag.py:2935} INFO - Setting next_dagrun for example_skip_dag to 2023-10-15T09:52:07.811679+00:00
[2023-10-16 18:52:07,817] {processor.py:171} INFO - Processing /Users/namyoung/Desktop/myprj/airflow/airflow/lib/python3.7/site-packages/airflow/example_dags/example_skip_dag.py took 0.059 seconds
[2023-10-16 20:36:02,320] {processor.py:163} INFO - Started process (PID=30924) to work on /Users/namyoung/Desktop/myprj/airflow/airflow/lib/python3.7/site-packages/airflow/example_dags/example_skip_dag.py
[2023-10-16 20:36:02,321] {processor.py:642} INFO - Processing file /Users/namyoung/Desktop/myprj/airflow/airflow/lib/python3.7/site-packages/airflow/example_dags/example_skip_dag.py for tasks to queue
[2023-10-16 20:36:02,321] {logging_mixin.py:109} INFO - [2023-10-16 20:36:02,321] {dagbag.py:500} INFO - Filling up the DagBag from /Users/namyoung/Desktop/myprj/airflow/airflow/lib/python3.7/site-packages/airflow/example_dags/example_skip_dag.py
[2023-10-16 20:36:02,333] {processor.py:654} INFO - DAG(s) dict_keys(['example_skip_dag']) retrieved from /Users/namyoung/Desktop/myprj/airflow/airflow/lib/python3.7/site-packages/airflow/example_dags/example_skip_dag.py
[2023-10-16 20:36:02,339] {logging_mixin.py:109} INFO - [2023-10-16 20:36:02,339] {dag.py:2396} INFO - Sync 1 DAGs
[2023-10-16 20:36:02,348] {logging_mixin.py:109} INFO - [2023-10-16 20:36:02,348] {dag.py:2935} INFO - Setting next_dagrun for example_skip_dag to 2023-10-15T11:36:02.347970+00:00
[2023-10-16 20:36:02,355] {processor.py:171} INFO - Processing /Users/namyoung/Desktop/myprj/airflow/airflow/lib/python3.7/site-packages/airflow/example_dags/example_skip_dag.py took 0.041 seconds
[2023-10-16 22:11:30,333] {processor.py:163} INFO - Started process (PID=31064) to work on /Users/namyoung/Desktop/myprj/airflow/airflow/lib/python3.7/site-packages/airflow/example_dags/example_skip_dag.py
[2023-10-16 22:11:30,333] {processor.py:642} INFO - Processing file /Users/namyoung/Desktop/myprj/airflow/airflow/lib/python3.7/site-packages/airflow/example_dags/example_skip_dag.py for tasks to queue
[2023-10-16 22:11:30,334] {logging_mixin.py:109} INFO - [2023-10-16 22:11:30,334] {dagbag.py:500} INFO - Filling up the DagBag from /Users/namyoung/Desktop/myprj/airflow/airflow/lib/python3.7/site-packages/airflow/example_dags/example_skip_dag.py
[2023-10-16 22:11:30,345] {processor.py:654} INFO - DAG(s) dict_keys(['example_skip_dag']) retrieved from /Users/namyoung/Desktop/myprj/airflow/airflow/lib/python3.7/site-packages/airflow/example_dags/example_skip_dag.py
[2023-10-16 22:11:30,353] {logging_mixin.py:109} INFO - [2023-10-16 22:11:30,353] {dag.py:2396} INFO - Sync 1 DAGs
[2023-10-16 22:11:30,361] {logging_mixin.py:109} INFO - [2023-10-16 22:11:30,361] {dag.py:2935} INFO - Setting next_dagrun for example_skip_dag to 2023-10-15T13:11:30.361210+00:00
[2023-10-16 22:11:30,367] {processor.py:171} INFO - Processing /Users/namyoung/Desktop/myprj/airflow/airflow/lib/python3.7/site-packages/airflow/example_dags/example_skip_dag.py took 0.036 seconds
[2023-10-16 23:51:42,987] {processor.py:163} INFO - Started process (PID=31316) to work on /Users/namyoung/Desktop/myprj/airflow/airflow/lib/python3.7/site-packages/airflow/example_dags/example_skip_dag.py
[2023-10-16 23:51:42,988] {processor.py:642} INFO - Processing file /Users/namyoung/Desktop/myprj/airflow/airflow/lib/python3.7/site-packages/airflow/example_dags/example_skip_dag.py for tasks to queue
[2023-10-16 23:51:42,989] {logging_mixin.py:109} INFO - [2023-10-16 23:51:42,989] {dagbag.py:500} INFO - Filling up the DagBag from /Users/namyoung/Desktop/myprj/airflow/airflow/lib/python3.7/site-packages/airflow/example_dags/example_skip_dag.py
[2023-10-16 23:51:43,002] {processor.py:654} INFO - DAG(s) dict_keys(['example_skip_dag']) retrieved from /Users/namyoung/Desktop/myprj/airflow/airflow/lib/python3.7/site-packages/airflow/example_dags/example_skip_dag.py
[2023-10-16 23:51:43,008] {logging_mixin.py:109} INFO - [2023-10-16 23:51:43,007] {dag.py:2396} INFO - Sync 1 DAGs
[2023-10-16 23:51:43,015] {logging_mixin.py:109} INFO - [2023-10-16 23:51:43,015] {dag.py:2935} INFO - Setting next_dagrun for example_skip_dag to 2023-10-15T14:51:43.015202+00:00
[2023-10-16 23:51:43,021] {processor.py:171} INFO - Processing /Users/namyoung/Desktop/myprj/airflow/airflow/lib/python3.7/site-packages/airflow/example_dags/example_skip_dag.py took 0.036 seconds
[2023-10-17 01:12:12,554] {processor.py:163} INFO - Started process (PID=31454) to work on /Users/namyoung/Desktop/myprj/airflow/airflow/lib/python3.7/site-packages/airflow/example_dags/example_skip_dag.py
[2023-10-17 01:12:12,556] {processor.py:642} INFO - Processing file /Users/namyoung/Desktop/myprj/airflow/airflow/lib/python3.7/site-packages/airflow/example_dags/example_skip_dag.py for tasks to queue
[2023-10-17 01:12:12,557] {logging_mixin.py:109} INFO - [2023-10-17 01:12:12,557] {dagbag.py:500} INFO - Filling up the DagBag from /Users/namyoung/Desktop/myprj/airflow/airflow/lib/python3.7/site-packages/airflow/example_dags/example_skip_dag.py
[2023-10-17 01:12:12,583] {processor.py:654} INFO - DAG(s) dict_keys(['example_skip_dag']) retrieved from /Users/namyoung/Desktop/myprj/airflow/airflow/lib/python3.7/site-packages/airflow/example_dags/example_skip_dag.py
[2023-10-17 01:12:12,592] {logging_mixin.py:109} INFO - [2023-10-17 01:12:12,592] {dag.py:2396} INFO - Sync 1 DAGs
[2023-10-17 01:12:12,601] {logging_mixin.py:109} INFO - [2023-10-17 01:12:12,601] {dag.py:2935} INFO - Setting next_dagrun for example_skip_dag to 2023-10-15T16:12:12.600884+00:00
[2023-10-17 01:12:12,607] {processor.py:171} INFO - Processing /Users/namyoung/Desktop/myprj/airflow/airflow/lib/python3.7/site-packages/airflow/example_dags/example_skip_dag.py took 0.059 seconds
[2023-10-17 02:49:22,179] {processor.py:163} INFO - Started process (PID=31715) to work on /Users/namyoung/Desktop/myprj/airflow/airflow/lib/python3.7/site-packages/airflow/example_dags/example_skip_dag.py
[2023-10-17 02:49:22,181] {processor.py:642} INFO - Processing file /Users/namyoung/Desktop/myprj/airflow/airflow/lib/python3.7/site-packages/airflow/example_dags/example_skip_dag.py for tasks to queue
[2023-10-17 02:49:22,182] {logging_mixin.py:109} INFO - [2023-10-17 02:49:22,181] {dagbag.py:500} INFO - Filling up the DagBag from /Users/namyoung/Desktop/myprj/airflow/airflow/lib/python3.7/site-packages/airflow/example_dags/example_skip_dag.py
[2023-10-17 02:49:22,204] {processor.py:654} INFO - DAG(s) dict_keys(['example_skip_dag']) retrieved from /Users/namyoung/Desktop/myprj/airflow/airflow/lib/python3.7/site-packages/airflow/example_dags/example_skip_dag.py
[2023-10-17 02:49:22,211] {logging_mixin.py:109} INFO - [2023-10-17 02:49:22,211] {dag.py:2396} INFO - Sync 1 DAGs
[2023-10-17 02:49:22,219] {logging_mixin.py:109} INFO - [2023-10-17 02:49:22,219] {dag.py:2935} INFO - Setting next_dagrun for example_skip_dag to 2023-10-15T17:49:22.219491+00:00
[2023-10-17 02:49:22,225] {processor.py:171} INFO - Processing /Users/namyoung/Desktop/myprj/airflow/airflow/lib/python3.7/site-packages/airflow/example_dags/example_skip_dag.py took 0.051 seconds
[2023-10-17 04:24:29,059] {processor.py:163} INFO - Started process (PID=31859) to work on /Users/namyoung/Desktop/myprj/airflow/airflow/lib/python3.7/site-packages/airflow/example_dags/example_skip_dag.py
[2023-10-17 04:24:29,060] {processor.py:642} INFO - Processing file /Users/namyoung/Desktop/myprj/airflow/airflow/lib/python3.7/site-packages/airflow/example_dags/example_skip_dag.py for tasks to queue
[2023-10-17 04:24:29,060] {logging_mixin.py:109} INFO - [2023-10-17 04:24:29,060] {dagbag.py:500} INFO - Filling up the DagBag from /Users/namyoung/Desktop/myprj/airflow/airflow/lib/python3.7/site-packages/airflow/example_dags/example_skip_dag.py
[2023-10-17 04:24:29,072] {processor.py:654} INFO - DAG(s) dict_keys(['example_skip_dag']) retrieved from /Users/namyoung/Desktop/myprj/airflow/airflow/lib/python3.7/site-packages/airflow/example_dags/example_skip_dag.py
[2023-10-17 04:24:29,078] {logging_mixin.py:109} INFO - [2023-10-17 04:24:29,077] {dag.py:2396} INFO - Sync 1 DAGs
[2023-10-17 04:24:29,085] {logging_mixin.py:109} INFO - [2023-10-17 04:24:29,084] {dag.py:2935} INFO - Setting next_dagrun for example_skip_dag to 2023-10-15T19:24:29.084641+00:00
[2023-10-17 04:24:29,091] {processor.py:171} INFO - Processing /Users/namyoung/Desktop/myprj/airflow/airflow/lib/python3.7/site-packages/airflow/example_dags/example_skip_dag.py took 0.033 seconds
[2023-10-17 06:17:59,299] {processor.py:163} INFO - Started process (PID=32138) to work on /Users/namyoung/Desktop/myprj/airflow/airflow/lib/python3.7/site-packages/airflow/example_dags/example_skip_dag.py
[2023-10-17 06:17:59,300] {processor.py:642} INFO - Processing file /Users/namyoung/Desktop/myprj/airflow/airflow/lib/python3.7/site-packages/airflow/example_dags/example_skip_dag.py for tasks to queue
[2023-10-17 06:17:59,300] {logging_mixin.py:109} INFO - [2023-10-17 06:17:59,300] {dagbag.py:500} INFO - Filling up the DagBag from /Users/namyoung/Desktop/myprj/airflow/airflow/lib/python3.7/site-packages/airflow/example_dags/example_skip_dag.py
[2023-10-17 06:17:59,312] {processor.py:654} INFO - DAG(s) dict_keys(['example_skip_dag']) retrieved from /Users/namyoung/Desktop/myprj/airflow/airflow/lib/python3.7/site-packages/airflow/example_dags/example_skip_dag.py
[2023-10-17 06:17:59,318] {logging_mixin.py:109} INFO - [2023-10-17 06:17:59,318] {dag.py:2396} INFO - Sync 1 DAGs
[2023-10-17 06:17:59,326] {logging_mixin.py:109} INFO - [2023-10-17 06:17:59,326] {dag.py:2935} INFO - Setting next_dagrun for example_skip_dag to 2023-10-15T21:17:59.325984+00:00
[2023-10-17 06:17:59,332] {processor.py:171} INFO - Processing /Users/namyoung/Desktop/myprj/airflow/airflow/lib/python3.7/site-packages/airflow/example_dags/example_skip_dag.py took 0.036 seconds
[2023-10-17 07:41:32,324] {processor.py:163} INFO - Started process (PID=32266) to work on /Users/namyoung/Desktop/myprj/airflow/airflow/lib/python3.7/site-packages/airflow/example_dags/example_skip_dag.py
[2023-10-17 07:41:32,325] {processor.py:642} INFO - Processing file /Users/namyoung/Desktop/myprj/airflow/airflow/lib/python3.7/site-packages/airflow/example_dags/example_skip_dag.py for tasks to queue
[2023-10-17 07:41:32,327] {logging_mixin.py:109} INFO - [2023-10-17 07:41:32,326] {dagbag.py:500} INFO - Filling up the DagBag from /Users/namyoung/Desktop/myprj/airflow/airflow/lib/python3.7/site-packages/airflow/example_dags/example_skip_dag.py
[2023-10-17 07:41:32,351] {processor.py:654} INFO - DAG(s) dict_keys(['example_skip_dag']) retrieved from /Users/namyoung/Desktop/myprj/airflow/airflow/lib/python3.7/site-packages/airflow/example_dags/example_skip_dag.py
[2023-10-17 07:41:32,364] {logging_mixin.py:109} INFO - [2023-10-17 07:41:32,364] {dag.py:2396} INFO - Sync 1 DAGs
[2023-10-17 07:41:32,373] {logging_mixin.py:109} INFO - [2023-10-17 07:41:32,373] {dag.py:2935} INFO - Setting next_dagrun for example_skip_dag to 2023-10-15T22:41:32.372973+00:00
[2023-10-17 07:41:32,378] {processor.py:171} INFO - Processing /Users/namyoung/Desktop/myprj/airflow/airflow/lib/python3.7/site-packages/airflow/example_dags/example_skip_dag.py took 0.060 seconds
