[2023-10-16 09:56:33,370] {processor.py:163} INFO - Started process (PID=29492) to work on /Users/namyoung/Desktop/myprj/airflow/airflow/lib/python3.7/site-packages/airflow/example_dags/example_complex.py
[2023-10-16 09:56:33,371] {processor.py:642} INFO - Processing file /Users/namyoung/Desktop/myprj/airflow/airflow/lib/python3.7/site-packages/airflow/example_dags/example_complex.py for tasks to queue
[2023-10-16 09:56:33,372] {logging_mixin.py:109} INFO - [2023-10-16 09:56:33,372] {dagbag.py:500} INFO - Filling up the DagBag from /Users/namyoung/Desktop/myprj/airflow/airflow/lib/python3.7/site-packages/airflow/example_dags/example_complex.py
[2023-10-16 09:56:33,392] {processor.py:654} INFO - DAG(s) dict_keys(['example_complex']) retrieved from /Users/namyoung/Desktop/myprj/airflow/airflow/lib/python3.7/site-packages/airflow/example_dags/example_complex.py
[2023-10-16 09:56:33,402] {logging_mixin.py:109} INFO - [2023-10-16 09:56:33,401] {dag.py:2396} INFO - Sync 1 DAGs
[2023-10-16 09:56:33,408] {logging_mixin.py:109} INFO - [2023-10-16 09:56:33,408] {dag.py:2935} INFO - Setting next_dagrun for example_complex to None
[2023-10-16 09:56:33,414] {processor.py:171} INFO - Processing /Users/namyoung/Desktop/myprj/airflow/airflow/lib/python3.7/site-packages/airflow/example_dags/example_complex.py took 0.047 seconds
[2023-10-16 11:32:29,374] {processor.py:163} INFO - Started process (PID=29766) to work on /Users/namyoung/Desktop/myprj/airflow/airflow/lib/python3.7/site-packages/airflow/example_dags/example_complex.py
[2023-10-16 11:32:29,375] {processor.py:642} INFO - Processing file /Users/namyoung/Desktop/myprj/airflow/airflow/lib/python3.7/site-packages/airflow/example_dags/example_complex.py for tasks to queue
[2023-10-16 11:32:29,376] {logging_mixin.py:109} INFO - [2023-10-16 11:32:29,375] {dagbag.py:500} INFO - Filling up the DagBag from /Users/namyoung/Desktop/myprj/airflow/airflow/lib/python3.7/site-packages/airflow/example_dags/example_complex.py
[2023-10-16 11:32:29,391] {processor.py:654} INFO - DAG(s) dict_keys(['example_complex']) retrieved from /Users/namyoung/Desktop/myprj/airflow/airflow/lib/python3.7/site-packages/airflow/example_dags/example_complex.py
[2023-10-16 11:32:29,400] {logging_mixin.py:109} INFO - [2023-10-16 11:32:29,400] {dag.py:2396} INFO - Sync 1 DAGs
[2023-10-16 11:32:29,406] {logging_mixin.py:109} INFO - [2023-10-16 11:32:29,406] {dag.py:2935} INFO - Setting next_dagrun for example_complex to None
[2023-10-16 11:32:29,413] {processor.py:171} INFO - Processing /Users/namyoung/Desktop/myprj/airflow/airflow/lib/python3.7/site-packages/airflow/example_dags/example_complex.py took 0.041 seconds
[2023-10-16 12:56:58,324] {processor.py:163} INFO - Started process (PID=29893) to work on /Users/namyoung/Desktop/myprj/airflow/airflow/lib/python3.7/site-packages/airflow/example_dags/example_complex.py
[2023-10-16 12:56:58,325] {processor.py:642} INFO - Processing file /Users/namyoung/Desktop/myprj/airflow/airflow/lib/python3.7/site-packages/airflow/example_dags/example_complex.py for tasks to queue
[2023-10-16 12:56:58,327] {logging_mixin.py:109} INFO - [2023-10-16 12:56:58,326] {dagbag.py:500} INFO - Filling up the DagBag from /Users/namyoung/Desktop/myprj/airflow/airflow/lib/python3.7/site-packages/airflow/example_dags/example_complex.py
[2023-10-16 12:56:58,356] {processor.py:654} INFO - DAG(s) dict_keys(['example_complex']) retrieved from /Users/namyoung/Desktop/myprj/airflow/airflow/lib/python3.7/site-packages/airflow/example_dags/example_complex.py
[2023-10-16 12:56:58,367] {logging_mixin.py:109} INFO - [2023-10-16 12:56:58,367] {dag.py:2396} INFO - Sync 1 DAGs
[2023-10-16 12:56:58,375] {logging_mixin.py:109} INFO - [2023-10-16 12:56:58,375] {dag.py:2935} INFO - Setting next_dagrun for example_complex to None
[2023-10-16 12:56:58,380] {processor.py:171} INFO - Processing /Users/namyoung/Desktop/myprj/airflow/airflow/lib/python3.7/site-packages/airflow/example_dags/example_complex.py took 0.062 seconds
[2023-10-16 14:38:54,918] {processor.py:163} INFO - Started process (PID=30163) to work on /Users/namyoung/Desktop/myprj/airflow/airflow/lib/python3.7/site-packages/airflow/example_dags/example_complex.py
[2023-10-16 14:38:54,921] {processor.py:642} INFO - Processing file /Users/namyoung/Desktop/myprj/airflow/airflow/lib/python3.7/site-packages/airflow/example_dags/example_complex.py for tasks to queue
[2023-10-16 14:38:54,922] {logging_mixin.py:109} INFO - [2023-10-16 14:38:54,922] {dagbag.py:500} INFO - Filling up the DagBag from /Users/namyoung/Desktop/myprj/airflow/airflow/lib/python3.7/site-packages/airflow/example_dags/example_complex.py
[2023-10-16 14:38:54,954] {processor.py:654} INFO - DAG(s) dict_keys(['example_complex']) retrieved from /Users/namyoung/Desktop/myprj/airflow/airflow/lib/python3.7/site-packages/airflow/example_dags/example_complex.py
[2023-10-16 14:38:54,968] {logging_mixin.py:109} INFO - [2023-10-16 14:38:54,968] {dag.py:2396} INFO - Sync 1 DAGs
[2023-10-16 14:38:54,976] {logging_mixin.py:109} INFO - [2023-10-16 14:38:54,976] {dag.py:2935} INFO - Setting next_dagrun for example_complex to None
[2023-10-16 14:38:54,981] {processor.py:171} INFO - Processing /Users/namyoung/Desktop/myprj/airflow/airflow/lib/python3.7/site-packages/airflow/example_dags/example_complex.py took 0.069 seconds
[2023-10-16 16:37:22,995] {processor.py:163} INFO - Started process (PID=30310) to work on /Users/namyoung/Desktop/myprj/airflow/airflow/lib/python3.7/site-packages/airflow/example_dags/example_complex.py
[2023-10-16 16:37:22,997] {processor.py:642} INFO - Processing file /Users/namyoung/Desktop/myprj/airflow/airflow/lib/python3.7/site-packages/airflow/example_dags/example_complex.py for tasks to queue
[2023-10-16 16:37:22,998] {logging_mixin.py:109} INFO - [2023-10-16 16:37:22,997] {dagbag.py:500} INFO - Filling up the DagBag from /Users/namyoung/Desktop/myprj/airflow/airflow/lib/python3.7/site-packages/airflow/example_dags/example_complex.py
[2023-10-16 16:37:23,024] {processor.py:654} INFO - DAG(s) dict_keys(['example_complex']) retrieved from /Users/namyoung/Desktop/myprj/airflow/airflow/lib/python3.7/site-packages/airflow/example_dags/example_complex.py
[2023-10-16 16:37:23,034] {logging_mixin.py:109} INFO - [2023-10-16 16:37:23,034] {dag.py:2396} INFO - Sync 1 DAGs
[2023-10-16 16:37:23,044] {logging_mixin.py:109} INFO - [2023-10-16 16:37:23,044] {dag.py:2935} INFO - Setting next_dagrun for example_complex to None
[2023-10-16 16:37:23,060] {processor.py:171} INFO - Processing /Users/namyoung/Desktop/myprj/airflow/airflow/lib/python3.7/site-packages/airflow/example_dags/example_complex.py took 0.068 seconds
[2023-10-16 17:47:00,488] {processor.py:163} INFO - Started process (PID=30570) to work on /Users/namyoung/Desktop/myprj/airflow/airflow/lib/python3.7/site-packages/airflow/example_dags/example_complex.py
[2023-10-16 17:47:00,490] {processor.py:642} INFO - Processing file /Users/namyoung/Desktop/myprj/airflow/airflow/lib/python3.7/site-packages/airflow/example_dags/example_complex.py for tasks to queue
[2023-10-16 17:47:00,491] {logging_mixin.py:109} INFO - [2023-10-16 17:47:00,490] {dagbag.py:500} INFO - Filling up the DagBag from /Users/namyoung/Desktop/myprj/airflow/airflow/lib/python3.7/site-packages/airflow/example_dags/example_complex.py
[2023-10-16 17:47:00,521] {processor.py:654} INFO - DAG(s) dict_keys(['example_complex']) retrieved from /Users/namyoung/Desktop/myprj/airflow/airflow/lib/python3.7/site-packages/airflow/example_dags/example_complex.py
[2023-10-16 17:47:00,533] {logging_mixin.py:109} INFO - [2023-10-16 17:47:00,533] {dag.py:2396} INFO - Sync 1 DAGs
[2023-10-16 17:47:00,541] {logging_mixin.py:109} INFO - [2023-10-16 17:47:00,540] {dag.py:2935} INFO - Setting next_dagrun for example_complex to None
[2023-10-16 17:47:00,546] {processor.py:171} INFO - Processing /Users/namyoung/Desktop/myprj/airflow/airflow/lib/python3.7/site-packages/airflow/example_dags/example_complex.py took 0.062 seconds
[2023-10-16 19:28:07,551] {processor.py:163} INFO - Started process (PID=30708) to work on /Users/namyoung/Desktop/myprj/airflow/airflow/lib/python3.7/site-packages/airflow/example_dags/example_complex.py
[2023-10-16 19:28:07,553] {processor.py:642} INFO - Processing file /Users/namyoung/Desktop/myprj/airflow/airflow/lib/python3.7/site-packages/airflow/example_dags/example_complex.py for tasks to queue
[2023-10-16 19:28:07,554] {logging_mixin.py:109} INFO - [2023-10-16 19:28:07,554] {dagbag.py:500} INFO - Filling up the DagBag from /Users/namyoung/Desktop/myprj/airflow/airflow/lib/python3.7/site-packages/airflow/example_dags/example_complex.py
[2023-10-16 19:28:07,583] {processor.py:654} INFO - DAG(s) dict_keys(['example_complex']) retrieved from /Users/namyoung/Desktop/myprj/airflow/airflow/lib/python3.7/site-packages/airflow/example_dags/example_complex.py
[2023-10-16 19:28:07,596] {logging_mixin.py:109} INFO - [2023-10-16 19:28:07,596] {dag.py:2396} INFO - Sync 1 DAGs
[2023-10-16 19:28:07,604] {logging_mixin.py:109} INFO - [2023-10-16 19:28:07,604] {dag.py:2935} INFO - Setting next_dagrun for example_complex to None
[2023-10-16 19:28:07,610] {processor.py:171} INFO - Processing /Users/namyoung/Desktop/myprj/airflow/airflow/lib/python3.7/site-packages/airflow/example_dags/example_complex.py took 0.064 seconds
[2023-10-16 21:07:25,248] {processor.py:163} INFO - Started process (PID=30976) to work on /Users/namyoung/Desktop/myprj/airflow/airflow/lib/python3.7/site-packages/airflow/example_dags/example_complex.py
[2023-10-16 21:07:25,249] {processor.py:642} INFO - Processing file /Users/namyoung/Desktop/myprj/airflow/airflow/lib/python3.7/site-packages/airflow/example_dags/example_complex.py for tasks to queue
[2023-10-16 21:07:25,250] {logging_mixin.py:109} INFO - [2023-10-16 21:07:25,250] {dagbag.py:500} INFO - Filling up the DagBag from /Users/namyoung/Desktop/myprj/airflow/airflow/lib/python3.7/site-packages/airflow/example_dags/example_complex.py
[2023-10-16 21:07:25,267] {processor.py:654} INFO - DAG(s) dict_keys(['example_complex']) retrieved from /Users/namyoung/Desktop/myprj/airflow/airflow/lib/python3.7/site-packages/airflow/example_dags/example_complex.py
[2023-10-16 21:07:25,276] {logging_mixin.py:109} INFO - [2023-10-16 21:07:25,276] {dag.py:2396} INFO - Sync 1 DAGs
[2023-10-16 21:07:25,283] {logging_mixin.py:109} INFO - [2023-10-16 21:07:25,283] {dag.py:2935} INFO - Setting next_dagrun for example_complex to None
[2023-10-16 21:07:25,288] {processor.py:171} INFO - Processing /Users/namyoung/Desktop/myprj/airflow/airflow/lib/python3.7/site-packages/airflow/example_dags/example_complex.py took 0.041 seconds
[2023-10-16 22:44:52,887] {processor.py:163} INFO - Started process (PID=31103) to work on /Users/namyoung/Desktop/myprj/airflow/airflow/lib/python3.7/site-packages/airflow/example_dags/example_complex.py
[2023-10-16 22:44:52,889] {processor.py:642} INFO - Processing file /Users/namyoung/Desktop/myprj/airflow/airflow/lib/python3.7/site-packages/airflow/example_dags/example_complex.py for tasks to queue
[2023-10-16 22:44:52,890] {logging_mixin.py:109} INFO - [2023-10-16 22:44:52,890] {dagbag.py:500} INFO - Filling up the DagBag from /Users/namyoung/Desktop/myprj/airflow/airflow/lib/python3.7/site-packages/airflow/example_dags/example_complex.py
[2023-10-16 22:44:52,915] {processor.py:654} INFO - DAG(s) dict_keys(['example_complex']) retrieved from /Users/namyoung/Desktop/myprj/airflow/airflow/lib/python3.7/site-packages/airflow/example_dags/example_complex.py
[2023-10-16 22:44:52,927] {logging_mixin.py:109} INFO - [2023-10-16 22:44:52,926] {dag.py:2396} INFO - Sync 1 DAGs
[2023-10-16 22:44:52,936] {logging_mixin.py:109} INFO - [2023-10-16 22:44:52,936] {dag.py:2935} INFO - Setting next_dagrun for example_complex to None
[2023-10-16 22:44:52,942] {processor.py:171} INFO - Processing /Users/namyoung/Desktop/myprj/airflow/airflow/lib/python3.7/site-packages/airflow/example_dags/example_complex.py took 0.059 seconds
[2023-10-17 01:47:23,077] {processor.py:163} INFO - Started process (PID=31500) to work on /Users/namyoung/Desktop/myprj/airflow/airflow/lib/python3.7/site-packages/airflow/example_dags/example_complex.py
[2023-10-17 01:47:23,078] {processor.py:642} INFO - Processing file /Users/namyoung/Desktop/myprj/airflow/airflow/lib/python3.7/site-packages/airflow/example_dags/example_complex.py for tasks to queue
[2023-10-17 01:47:23,078] {logging_mixin.py:109} INFO - [2023-10-17 01:47:23,078] {dagbag.py:500} INFO - Filling up the DagBag from /Users/namyoung/Desktop/myprj/airflow/airflow/lib/python3.7/site-packages/airflow/example_dags/example_complex.py
[2023-10-17 01:47:23,095] {processor.py:654} INFO - DAG(s) dict_keys(['example_complex']) retrieved from /Users/namyoung/Desktop/myprj/airflow/airflow/lib/python3.7/site-packages/airflow/example_dags/example_complex.py
[2023-10-17 01:47:23,103] {logging_mixin.py:109} INFO - [2023-10-17 01:47:23,103] {dag.py:2396} INFO - Sync 1 DAGs
[2023-10-17 01:47:23,111] {logging_mixin.py:109} INFO - [2023-10-17 01:47:23,110] {dag.py:2935} INFO - Setting next_dagrun for example_complex to None
[2023-10-17 01:47:23,116] {processor.py:171} INFO - Processing /Users/namyoung/Desktop/myprj/airflow/airflow/lib/python3.7/site-packages/airflow/example_dags/example_complex.py took 0.041 seconds
[2023-10-17 03:21:47,085] {processor.py:163} INFO - Started process (PID=31757) to work on /Users/namyoung/Desktop/myprj/airflow/airflow/lib/python3.7/site-packages/airflow/example_dags/example_complex.py
[2023-10-17 03:21:47,086] {processor.py:642} INFO - Processing file /Users/namyoung/Desktop/myprj/airflow/airflow/lib/python3.7/site-packages/airflow/example_dags/example_complex.py for tasks to queue
[2023-10-17 03:21:47,086] {logging_mixin.py:109} INFO - [2023-10-17 03:21:47,086] {dagbag.py:500} INFO - Filling up the DagBag from /Users/namyoung/Desktop/myprj/airflow/airflow/lib/python3.7/site-packages/airflow/example_dags/example_complex.py
[2023-10-17 03:21:47,102] {processor.py:654} INFO - DAG(s) dict_keys(['example_complex']) retrieved from /Users/namyoung/Desktop/myprj/airflow/airflow/lib/python3.7/site-packages/airflow/example_dags/example_complex.py
[2023-10-17 03:21:47,111] {logging_mixin.py:109} INFO - [2023-10-17 03:21:47,111] {dag.py:2396} INFO - Sync 1 DAGs
[2023-10-17 03:21:47,118] {logging_mixin.py:109} INFO - [2023-10-17 03:21:47,118] {dag.py:2935} INFO - Setting next_dagrun for example_complex to None
[2023-10-17 03:21:47,126] {processor.py:171} INFO - Processing /Users/namyoung/Desktop/myprj/airflow/airflow/lib/python3.7/site-packages/airflow/example_dags/example_complex.py took 0.043 seconds
[2023-10-17 04:56:39,999] {processor.py:163} INFO - Started process (PID=31910) to work on /Users/namyoung/Desktop/myprj/airflow/airflow/lib/python3.7/site-packages/airflow/example_dags/example_complex.py
[2023-10-17 04:56:39,999] {processor.py:642} INFO - Processing file /Users/namyoung/Desktop/myprj/airflow/airflow/lib/python3.7/site-packages/airflow/example_dags/example_complex.py for tasks to queue
[2023-10-17 04:56:40,000] {logging_mixin.py:109} INFO - [2023-10-17 04:56:40,000] {dagbag.py:500} INFO - Filling up the DagBag from /Users/namyoung/Desktop/myprj/airflow/airflow/lib/python3.7/site-packages/airflow/example_dags/example_complex.py
[2023-10-17 04:56:40,017] {processor.py:654} INFO - DAG(s) dict_keys(['example_complex']) retrieved from /Users/namyoung/Desktop/myprj/airflow/airflow/lib/python3.7/site-packages/airflow/example_dags/example_complex.py
[2023-10-17 04:56:40,026] {logging_mixin.py:109} INFO - [2023-10-17 04:56:40,026] {dag.py:2396} INFO - Sync 1 DAGs
[2023-10-17 04:56:40,033] {logging_mixin.py:109} INFO - [2023-10-17 04:56:40,033] {dag.py:2935} INFO - Setting next_dagrun for example_complex to None
[2023-10-17 04:56:40,039] {processor.py:171} INFO - Processing /Users/namyoung/Desktop/myprj/airflow/airflow/lib/python3.7/site-packages/airflow/example_dags/example_complex.py took 0.042 seconds
[2023-10-17 06:50:53,973] {processor.py:163} INFO - Started process (PID=32177) to work on /Users/namyoung/Desktop/myprj/airflow/airflow/lib/python3.7/site-packages/airflow/example_dags/example_complex.py
[2023-10-17 06:50:53,974] {processor.py:642} INFO - Processing file /Users/namyoung/Desktop/myprj/airflow/airflow/lib/python3.7/site-packages/airflow/example_dags/example_complex.py for tasks to queue
[2023-10-17 06:50:53,975] {logging_mixin.py:109} INFO - [2023-10-17 06:50:53,975] {dagbag.py:500} INFO - Filling up the DagBag from /Users/namyoung/Desktop/myprj/airflow/airflow/lib/python3.7/site-packages/airflow/example_dags/example_complex.py
[2023-10-17 06:50:53,997] {processor.py:654} INFO - DAG(s) dict_keys(['example_complex']) retrieved from /Users/namyoung/Desktop/myprj/airflow/airflow/lib/python3.7/site-packages/airflow/example_dags/example_complex.py
[2023-10-17 06:50:54,008] {logging_mixin.py:109} INFO - [2023-10-17 06:50:54,008] {dag.py:2396} INFO - Sync 1 DAGs
[2023-10-17 06:50:54,016] {logging_mixin.py:109} INFO - [2023-10-17 06:50:54,016] {dag.py:2935} INFO - Setting next_dagrun for example_complex to None
[2023-10-17 06:50:54,022] {processor.py:171} INFO - Processing /Users/namyoung/Desktop/myprj/airflow/airflow/lib/python3.7/site-packages/airflow/example_dags/example_complex.py took 0.051 seconds
