[2023-10-16 10:41:19,647] {processor.py:163} INFO - Started process (PID=29571) to work on /Users/namyoung/Desktop/myprj/airflow/airflow/lib/python3.7/site-packages/airflow/example_dags/example_trigger_controller_dag.py
[2023-10-16 10:41:19,648] {processor.py:642} INFO - Processing file /Users/namyoung/Desktop/myprj/airflow/airflow/lib/python3.7/site-packages/airflow/example_dags/example_trigger_controller_dag.py for tasks to queue
[2023-10-16 10:41:19,649] {logging_mixin.py:109} INFO - [2023-10-16 10:41:19,649] {dagbag.py:500} INFO - Filling up the DagBag from /Users/namyoung/Desktop/myprj/airflow/airflow/lib/python3.7/site-packages/airflow/example_dags/example_trigger_controller_dag.py
[2023-10-16 10:41:19,665] {processor.py:654} INFO - DAG(s) dict_keys(['example_trigger_controller_dag']) retrieved from /Users/namyoung/Desktop/myprj/airflow/airflow/lib/python3.7/site-packages/airflow/example_dags/example_trigger_controller_dag.py
[2023-10-16 10:41:19,671] {logging_mixin.py:109} INFO - [2023-10-16 10:41:19,671] {dag.py:2396} INFO - Sync 1 DAGs
[2023-10-16 10:41:19,679] {logging_mixin.py:109} INFO - [2023-10-16 10:41:19,678] {dag.py:2935} INFO - Setting next_dagrun for example_trigger_controller_dag to 2021-01-01T00:00:00+00:00
[2023-10-16 10:41:19,685] {processor.py:171} INFO - Processing /Users/namyoung/Desktop/myprj/airflow/airflow/lib/python3.7/site-packages/airflow/example_dags/example_trigger_controller_dag.py took 0.039 seconds
[2023-10-16 12:06:07,909] {processor.py:163} INFO - Started process (PID=29825) to work on /Users/namyoung/Desktop/myprj/airflow/airflow/lib/python3.7/site-packages/airflow/example_dags/example_trigger_controller_dag.py
[2023-10-16 12:06:07,911] {processor.py:642} INFO - Processing file /Users/namyoung/Desktop/myprj/airflow/airflow/lib/python3.7/site-packages/airflow/example_dags/example_trigger_controller_dag.py for tasks to queue
[2023-10-16 12:06:07,912] {logging_mixin.py:109} INFO - [2023-10-16 12:06:07,912] {dagbag.py:500} INFO - Filling up the DagBag from /Users/namyoung/Desktop/myprj/airflow/airflow/lib/python3.7/site-packages/airflow/example_dags/example_trigger_controller_dag.py
[2023-10-16 12:06:07,937] {processor.py:654} INFO - DAG(s) dict_keys(['example_trigger_controller_dag']) retrieved from /Users/namyoung/Desktop/myprj/airflow/airflow/lib/python3.7/site-packages/airflow/example_dags/example_trigger_controller_dag.py
[2023-10-16 12:06:07,946] {logging_mixin.py:109} INFO - [2023-10-16 12:06:07,946] {dag.py:2396} INFO - Sync 1 DAGs
[2023-10-16 12:06:07,954] {logging_mixin.py:109} INFO - [2023-10-16 12:06:07,954] {dag.py:2935} INFO - Setting next_dagrun for example_trigger_controller_dag to 2021-01-01T00:00:00+00:00
[2023-10-16 12:06:07,960] {processor.py:171} INFO - Processing /Users/namyoung/Desktop/myprj/airflow/airflow/lib/python3.7/site-packages/airflow/example_dags/example_trigger_controller_dag.py took 0.056 seconds
[2023-10-16 13:48:15,671] {processor.py:163} INFO - Started process (PID=29967) to work on /Users/namyoung/Desktop/myprj/airflow/airflow/lib/python3.7/site-packages/airflow/example_dags/example_trigger_controller_dag.py
[2023-10-16 13:48:15,673] {processor.py:642} INFO - Processing file /Users/namyoung/Desktop/myprj/airflow/airflow/lib/python3.7/site-packages/airflow/example_dags/example_trigger_controller_dag.py for tasks to queue
[2023-10-16 13:48:15,674] {logging_mixin.py:109} INFO - [2023-10-16 13:48:15,674] {dagbag.py:500} INFO - Filling up the DagBag from /Users/namyoung/Desktop/myprj/airflow/airflow/lib/python3.7/site-packages/airflow/example_dags/example_trigger_controller_dag.py
[2023-10-16 13:48:15,698] {processor.py:654} INFO - DAG(s) dict_keys(['example_trigger_controller_dag']) retrieved from /Users/namyoung/Desktop/myprj/airflow/airflow/lib/python3.7/site-packages/airflow/example_dags/example_trigger_controller_dag.py
[2023-10-16 13:48:15,706] {logging_mixin.py:109} INFO - [2023-10-16 13:48:15,706] {dag.py:2396} INFO - Sync 1 DAGs
[2023-10-16 13:48:15,715] {logging_mixin.py:109} INFO - [2023-10-16 13:48:15,715] {dag.py:2935} INFO - Setting next_dagrun for example_trigger_controller_dag to 2021-01-01T00:00:00+00:00
[2023-10-16 13:48:15,721] {processor.py:171} INFO - Processing /Users/namyoung/Desktop/myprj/airflow/airflow/lib/python3.7/site-packages/airflow/example_dags/example_trigger_controller_dag.py took 0.056 seconds
[2023-10-16 15:46:46,977] {processor.py:163} INFO - Started process (PID=30241) to work on /Users/namyoung/Desktop/myprj/airflow/airflow/lib/python3.7/site-packages/airflow/example_dags/example_trigger_controller_dag.py
[2023-10-16 15:46:46,979] {processor.py:642} INFO - Processing file /Users/namyoung/Desktop/myprj/airflow/airflow/lib/python3.7/site-packages/airflow/example_dags/example_trigger_controller_dag.py for tasks to queue
[2023-10-16 15:46:46,979] {logging_mixin.py:109} INFO - [2023-10-16 15:46:46,979] {dagbag.py:500} INFO - Filling up the DagBag from /Users/namyoung/Desktop/myprj/airflow/airflow/lib/python3.7/site-packages/airflow/example_dags/example_trigger_controller_dag.py
[2023-10-16 15:46:46,998] {processor.py:654} INFO - DAG(s) dict_keys(['example_trigger_controller_dag']) retrieved from /Users/namyoung/Desktop/myprj/airflow/airflow/lib/python3.7/site-packages/airflow/example_dags/example_trigger_controller_dag.py
[2023-10-16 15:46:47,007] {logging_mixin.py:109} INFO - [2023-10-16 15:46:47,006] {dag.py:2396} INFO - Sync 1 DAGs
[2023-10-16 15:46:47,015] {logging_mixin.py:109} INFO - [2023-10-16 15:46:47,015] {dag.py:2935} INFO - Setting next_dagrun for example_trigger_controller_dag to 2021-01-01T00:00:00+00:00
[2023-10-16 15:46:47,022] {processor.py:171} INFO - Processing /Users/namyoung/Desktop/myprj/airflow/airflow/lib/python3.7/site-packages/airflow/example_dags/example_trigger_controller_dag.py took 0.048 seconds
[2023-10-16 17:28:01,043] {processor.py:163} INFO - Started process (PID=30463) to work on /Users/namyoung/Desktop/myprj/airflow/airflow/lib/python3.7/site-packages/airflow/example_dags/example_trigger_controller_dag.py
[2023-10-16 17:28:01,044] {processor.py:642} INFO - Processing file /Users/namyoung/Desktop/myprj/airflow/airflow/lib/python3.7/site-packages/airflow/example_dags/example_trigger_controller_dag.py for tasks to queue
[2023-10-16 17:28:01,045] {logging_mixin.py:109} INFO - [2023-10-16 17:28:01,045] {dagbag.py:500} INFO - Filling up the DagBag from /Users/namyoung/Desktop/myprj/airflow/airflow/lib/python3.7/site-packages/airflow/example_dags/example_trigger_controller_dag.py
[2023-10-16 17:28:01,072] {processor.py:654} INFO - DAG(s) dict_keys(['example_trigger_controller_dag']) retrieved from /Users/namyoung/Desktop/myprj/airflow/airflow/lib/python3.7/site-packages/airflow/example_dags/example_trigger_controller_dag.py
[2023-10-16 17:28:01,080] {logging_mixin.py:109} INFO - [2023-10-16 17:28:01,080] {dag.py:2396} INFO - Sync 1 DAGs
[2023-10-16 17:28:01,088] {logging_mixin.py:109} INFO - [2023-10-16 17:28:01,087] {dag.py:2935} INFO - Setting next_dagrun for example_trigger_controller_dag to 2021-01-01T00:00:00+00:00
[2023-10-16 17:28:01,093] {processor.py:171} INFO - Processing /Users/namyoung/Desktop/myprj/airflow/airflow/lib/python3.7/site-packages/airflow/example_dags/example_trigger_controller_dag.py took 0.054 seconds
[2023-10-16 18:36:23,715] {processor.py:163} INFO - Started process (PID=30637) to work on /Users/namyoung/Desktop/myprj/airflow/airflow/lib/python3.7/site-packages/airflow/example_dags/example_trigger_controller_dag.py
[2023-10-16 18:36:23,717] {processor.py:642} INFO - Processing file /Users/namyoung/Desktop/myprj/airflow/airflow/lib/python3.7/site-packages/airflow/example_dags/example_trigger_controller_dag.py for tasks to queue
[2023-10-16 18:36:23,718] {logging_mixin.py:109} INFO - [2023-10-16 18:36:23,718] {dagbag.py:500} INFO - Filling up the DagBag from /Users/namyoung/Desktop/myprj/airflow/airflow/lib/python3.7/site-packages/airflow/example_dags/example_trigger_controller_dag.py
[2023-10-16 18:36:23,742] {processor.py:654} INFO - DAG(s) dict_keys(['example_trigger_controller_dag']) retrieved from /Users/namyoung/Desktop/myprj/airflow/airflow/lib/python3.7/site-packages/airflow/example_dags/example_trigger_controller_dag.py
[2023-10-16 18:36:23,750] {logging_mixin.py:109} INFO - [2023-10-16 18:36:23,750] {dag.py:2396} INFO - Sync 1 DAGs
[2023-10-16 18:36:23,758] {logging_mixin.py:109} INFO - [2023-10-16 18:36:23,758] {dag.py:2935} INFO - Setting next_dagrun for example_trigger_controller_dag to 2021-01-01T00:00:00+00:00
[2023-10-16 18:36:23,764] {processor.py:171} INFO - Processing /Users/namyoung/Desktop/myprj/airflow/airflow/lib/python3.7/site-packages/airflow/example_dags/example_trigger_controller_dag.py took 0.054 seconds
[2023-10-16 20:18:06,074] {processor.py:163} INFO - Started process (PID=30812) to work on /Users/namyoung/Desktop/myprj/airflow/airflow/lib/python3.7/site-packages/airflow/example_dags/example_trigger_controller_dag.py
[2023-10-16 20:18:06,075] {processor.py:642} INFO - Processing file /Users/namyoung/Desktop/myprj/airflow/airflow/lib/python3.7/site-packages/airflow/example_dags/example_trigger_controller_dag.py for tasks to queue
[2023-10-16 20:18:06,075] {logging_mixin.py:109} INFO - [2023-10-16 20:18:06,075] {dagbag.py:500} INFO - Filling up the DagBag from /Users/namyoung/Desktop/myprj/airflow/airflow/lib/python3.7/site-packages/airflow/example_dags/example_trigger_controller_dag.py
[2023-10-16 20:18:06,087] {processor.py:654} INFO - DAG(s) dict_keys(['example_trigger_controller_dag']) retrieved from /Users/namyoung/Desktop/myprj/airflow/airflow/lib/python3.7/site-packages/airflow/example_dags/example_trigger_controller_dag.py
[2023-10-16 20:18:06,093] {logging_mixin.py:109} INFO - [2023-10-16 20:18:06,093] {dag.py:2396} INFO - Sync 1 DAGs
[2023-10-16 20:18:06,100] {logging_mixin.py:109} INFO - [2023-10-16 20:18:06,100] {dag.py:2935} INFO - Setting next_dagrun for example_trigger_controller_dag to 2021-01-01T00:00:00+00:00
[2023-10-16 20:18:06,106] {processor.py:171} INFO - Processing /Users/namyoung/Desktop/myprj/airflow/airflow/lib/python3.7/site-packages/airflow/example_dags/example_trigger_controller_dag.py took 0.035 seconds
[2023-10-16 21:55:06,419] {processor.py:163} INFO - Started process (PID=31037) to work on /Users/namyoung/Desktop/myprj/airflow/airflow/lib/python3.7/site-packages/airflow/example_dags/example_trigger_controller_dag.py
[2023-10-16 21:55:06,420] {processor.py:642} INFO - Processing file /Users/namyoung/Desktop/myprj/airflow/airflow/lib/python3.7/site-packages/airflow/example_dags/example_trigger_controller_dag.py for tasks to queue
[2023-10-16 21:55:06,420] {logging_mixin.py:109} INFO - [2023-10-16 21:55:06,420] {dagbag.py:500} INFO - Filling up the DagBag from /Users/namyoung/Desktop/myprj/airflow/airflow/lib/python3.7/site-packages/airflow/example_dags/example_trigger_controller_dag.py
[2023-10-16 21:55:06,432] {processor.py:654} INFO - DAG(s) dict_keys(['example_trigger_controller_dag']) retrieved from /Users/namyoung/Desktop/myprj/airflow/airflow/lib/python3.7/site-packages/airflow/example_dags/example_trigger_controller_dag.py
[2023-10-16 21:55:06,437] {logging_mixin.py:109} INFO - [2023-10-16 21:55:06,437] {dag.py:2396} INFO - Sync 1 DAGs
[2023-10-16 21:55:06,444] {logging_mixin.py:109} INFO - [2023-10-16 21:55:06,444] {dag.py:2935} INFO - Setting next_dagrun for example_trigger_controller_dag to 2021-01-01T00:00:00+00:00
[2023-10-16 21:55:06,450] {processor.py:171} INFO - Processing /Users/namyoung/Desktop/myprj/airflow/airflow/lib/python3.7/site-packages/airflow/example_dags/example_trigger_controller_dag.py took 0.033 seconds
[2023-10-16 23:17:53,338] {processor.py:163} INFO - Started process (PID=31167) to work on /Users/namyoung/Desktop/myprj/airflow/airflow/lib/python3.7/site-packages/airflow/example_dags/example_trigger_controller_dag.py
[2023-10-16 23:17:53,340] {processor.py:642} INFO - Processing file /Users/namyoung/Desktop/myprj/airflow/airflow/lib/python3.7/site-packages/airflow/example_dags/example_trigger_controller_dag.py for tasks to queue
[2023-10-16 23:17:53,342] {logging_mixin.py:109} INFO - [2023-10-16 23:17:53,341] {dagbag.py:500} INFO - Filling up the DagBag from /Users/namyoung/Desktop/myprj/airflow/airflow/lib/python3.7/site-packages/airflow/example_dags/example_trigger_controller_dag.py
[2023-10-16 23:17:53,365] {processor.py:654} INFO - DAG(s) dict_keys(['example_trigger_controller_dag']) retrieved from /Users/namyoung/Desktop/myprj/airflow/airflow/lib/python3.7/site-packages/airflow/example_dags/example_trigger_controller_dag.py
[2023-10-16 23:17:53,374] {logging_mixin.py:109} INFO - [2023-10-16 23:17:53,374] {dag.py:2396} INFO - Sync 1 DAGs
[2023-10-16 23:17:53,383] {logging_mixin.py:109} INFO - [2023-10-16 23:17:53,383] {dag.py:2935} INFO - Setting next_dagrun for example_trigger_controller_dag to 2021-01-01T00:00:00+00:00
[2023-10-16 23:17:53,389] {processor.py:171} INFO - Processing /Users/namyoung/Desktop/myprj/airflow/airflow/lib/python3.7/site-packages/airflow/example_dags/example_trigger_controller_dag.py took 0.057 seconds
[2023-10-17 00:56:35,633] {processor.py:163} INFO - Started process (PID=31428) to work on /Users/namyoung/Desktop/myprj/airflow/airflow/lib/python3.7/site-packages/airflow/example_dags/example_trigger_controller_dag.py
[2023-10-17 00:56:35,634] {processor.py:642} INFO - Processing file /Users/namyoung/Desktop/myprj/airflow/airflow/lib/python3.7/site-packages/airflow/example_dags/example_trigger_controller_dag.py for tasks to queue
[2023-10-17 00:56:35,635] {logging_mixin.py:109} INFO - [2023-10-17 00:56:35,635] {dagbag.py:500} INFO - Filling up the DagBag from /Users/namyoung/Desktop/myprj/airflow/airflow/lib/python3.7/site-packages/airflow/example_dags/example_trigger_controller_dag.py
[2023-10-17 00:56:35,646] {processor.py:654} INFO - DAG(s) dict_keys(['example_trigger_controller_dag']) retrieved from /Users/namyoung/Desktop/myprj/airflow/airflow/lib/python3.7/site-packages/airflow/example_dags/example_trigger_controller_dag.py
[2023-10-17 00:56:35,651] {logging_mixin.py:109} INFO - [2023-10-17 00:56:35,651] {dag.py:2396} INFO - Sync 1 DAGs
[2023-10-17 00:56:35,658] {logging_mixin.py:109} INFO - [2023-10-17 00:56:35,658] {dag.py:2935} INFO - Setting next_dagrun for example_trigger_controller_dag to 2021-01-01T00:00:00+00:00
[2023-10-17 00:56:35,664] {processor.py:171} INFO - Processing /Users/namyoung/Desktop/myprj/airflow/airflow/lib/python3.7/site-packages/airflow/example_dags/example_trigger_controller_dag.py took 0.033 seconds
[2023-10-17 02:35:53,214] {processor.py:163} INFO - Started process (PID=31557) to work on /Users/namyoung/Desktop/myprj/airflow/airflow/lib/python3.7/site-packages/airflow/example_dags/example_trigger_controller_dag.py
[2023-10-17 02:35:53,214] {processor.py:642} INFO - Processing file /Users/namyoung/Desktop/myprj/airflow/airflow/lib/python3.7/site-packages/airflow/example_dags/example_trigger_controller_dag.py for tasks to queue
[2023-10-17 02:35:53,215] {logging_mixin.py:109} INFO - [2023-10-17 02:35:53,215] {dagbag.py:500} INFO - Filling up the DagBag from /Users/namyoung/Desktop/myprj/airflow/airflow/lib/python3.7/site-packages/airflow/example_dags/example_trigger_controller_dag.py
[2023-10-17 02:35:53,226] {processor.py:654} INFO - DAG(s) dict_keys(['example_trigger_controller_dag']) retrieved from /Users/namyoung/Desktop/myprj/airflow/airflow/lib/python3.7/site-packages/airflow/example_dags/example_trigger_controller_dag.py
[2023-10-17 02:35:53,231] {logging_mixin.py:109} INFO - [2023-10-17 02:35:53,231] {dag.py:2396} INFO - Sync 1 DAGs
[2023-10-17 02:35:53,238] {logging_mixin.py:109} INFO - [2023-10-17 02:35:53,238] {dag.py:2935} INFO - Setting next_dagrun for example_trigger_controller_dag to 2021-01-01T00:00:00+00:00
[2023-10-17 02:35:53,244] {processor.py:171} INFO - Processing /Users/namyoung/Desktop/myprj/airflow/airflow/lib/python3.7/site-packages/airflow/example_dags/example_trigger_controller_dag.py took 0.032 seconds
[2023-10-17 04:08:41,853] {processor.py:163} INFO - Started process (PID=31825) to work on /Users/namyoung/Desktop/myprj/airflow/airflow/lib/python3.7/site-packages/airflow/example_dags/example_trigger_controller_dag.py
[2023-10-17 04:08:41,855] {processor.py:642} INFO - Processing file /Users/namyoung/Desktop/myprj/airflow/airflow/lib/python3.7/site-packages/airflow/example_dags/example_trigger_controller_dag.py for tasks to queue
[2023-10-17 04:08:41,856] {logging_mixin.py:109} INFO - [2023-10-17 04:08:41,856] {dagbag.py:500} INFO - Filling up the DagBag from /Users/namyoung/Desktop/myprj/airflow/airflow/lib/python3.7/site-packages/airflow/example_dags/example_trigger_controller_dag.py
[2023-10-17 04:08:41,875] {processor.py:654} INFO - DAG(s) dict_keys(['example_trigger_controller_dag']) retrieved from /Users/namyoung/Desktop/myprj/airflow/airflow/lib/python3.7/site-packages/airflow/example_dags/example_trigger_controller_dag.py
[2023-10-17 04:08:41,886] {logging_mixin.py:109} INFO - [2023-10-17 04:08:41,885] {dag.py:2396} INFO - Sync 1 DAGs
[2023-10-17 04:08:41,895] {logging_mixin.py:109} INFO - [2023-10-17 04:08:41,895] {dag.py:2935} INFO - Setting next_dagrun for example_trigger_controller_dag to 2021-01-01T00:00:00+00:00
[2023-10-17 04:08:41,914] {processor.py:171} INFO - Processing /Users/namyoung/Desktop/myprj/airflow/airflow/lib/python3.7/site-packages/airflow/example_dags/example_trigger_controller_dag.py took 0.065 seconds
[2023-10-17 05:43:27,614] {processor.py:163} INFO - Started process (PID=32105) to work on /Users/namyoung/Desktop/myprj/airflow/airflow/lib/python3.7/site-packages/airflow/example_dags/example_trigger_controller_dag.py
[2023-10-17 05:43:27,614] {processor.py:642} INFO - Processing file /Users/namyoung/Desktop/myprj/airflow/airflow/lib/python3.7/site-packages/airflow/example_dags/example_trigger_controller_dag.py for tasks to queue
[2023-10-17 05:43:27,615] {logging_mixin.py:109} INFO - [2023-10-17 05:43:27,615] {dagbag.py:500} INFO - Filling up the DagBag from /Users/namyoung/Desktop/myprj/airflow/airflow/lib/python3.7/site-packages/airflow/example_dags/example_trigger_controller_dag.py
[2023-10-17 05:43:27,627] {processor.py:654} INFO - DAG(s) dict_keys(['example_trigger_controller_dag']) retrieved from /Users/namyoung/Desktop/myprj/airflow/airflow/lib/python3.7/site-packages/airflow/example_dags/example_trigger_controller_dag.py
[2023-10-17 05:43:27,632] {logging_mixin.py:109} INFO - [2023-10-17 05:43:27,632] {dag.py:2396} INFO - Sync 1 DAGs
[2023-10-17 05:43:27,639] {logging_mixin.py:109} INFO - [2023-10-17 05:43:27,639] {dag.py:2935} INFO - Setting next_dagrun for example_trigger_controller_dag to 2021-01-01T00:00:00+00:00
[2023-10-17 05:43:27,644] {processor.py:171} INFO - Processing /Users/namyoung/Desktop/myprj/airflow/airflow/lib/python3.7/site-packages/airflow/example_dags/example_trigger_controller_dag.py took 0.033 seconds
[2023-10-17 07:25:48,158] {processor.py:163} INFO - Started process (PID=32240) to work on /Users/namyoung/Desktop/myprj/airflow/airflow/lib/python3.7/site-packages/airflow/example_dags/example_trigger_controller_dag.py
[2023-10-17 07:25:48,158] {processor.py:642} INFO - Processing file /Users/namyoung/Desktop/myprj/airflow/airflow/lib/python3.7/site-packages/airflow/example_dags/example_trigger_controller_dag.py for tasks to queue
[2023-10-17 07:25:48,159] {logging_mixin.py:109} INFO - [2023-10-17 07:25:48,159] {dagbag.py:500} INFO - Filling up the DagBag from /Users/namyoung/Desktop/myprj/airflow/airflow/lib/python3.7/site-packages/airflow/example_dags/example_trigger_controller_dag.py
[2023-10-17 07:25:48,171] {processor.py:654} INFO - DAG(s) dict_keys(['example_trigger_controller_dag']) retrieved from /Users/namyoung/Desktop/myprj/airflow/airflow/lib/python3.7/site-packages/airflow/example_dags/example_trigger_controller_dag.py
[2023-10-17 07:25:48,178] {logging_mixin.py:109} INFO - [2023-10-17 07:25:48,178] {dag.py:2396} INFO - Sync 1 DAGs
[2023-10-17 07:25:48,184] {logging_mixin.py:109} INFO - [2023-10-17 07:25:48,184] {dag.py:2935} INFO - Setting next_dagrun for example_trigger_controller_dag to 2021-01-01T00:00:00+00:00
[2023-10-17 07:25:48,190] {processor.py:171} INFO - Processing /Users/namyoung/Desktop/myprj/airflow/airflow/lib/python3.7/site-packages/airflow/example_dags/example_trigger_controller_dag.py took 0.034 seconds
