[2023-10-16 09:56:37,787] {processor.py:163} INFO - Started process (PID=29504) to work on /Users/namyoung/Desktop/myprj/airflow/airflow/lib/python3.7/site-packages/airflow/example_dags/example_branch_day_of_week_operator.py
[2023-10-16 09:56:37,788] {processor.py:642} INFO - Processing file /Users/namyoung/Desktop/myprj/airflow/airflow/lib/python3.7/site-packages/airflow/example_dags/example_branch_day_of_week_operator.py for tasks to queue
[2023-10-16 09:56:37,789] {logging_mixin.py:109} INFO - [2023-10-16 09:56:37,789] {dagbag.py:500} INFO - Filling up the DagBag from /Users/namyoung/Desktop/myprj/airflow/airflow/lib/python3.7/site-packages/airflow/example_dags/example_branch_day_of_week_operator.py
[2023-10-16 09:56:37,803] {processor.py:654} INFO - DAG(s) dict_keys(['example_weekday_branch_operator']) retrieved from /Users/namyoung/Desktop/myprj/airflow/airflow/lib/python3.7/site-packages/airflow/example_dags/example_branch_day_of_week_operator.py
[2023-10-16 09:56:37,809] {logging_mixin.py:109} INFO - [2023-10-16 09:56:37,808] {dag.py:2396} INFO - Sync 1 DAGs
[2023-10-16 09:56:37,816] {logging_mixin.py:109} INFO - [2023-10-16 09:56:37,816] {dag.py:2935} INFO - Setting next_dagrun for example_weekday_branch_operator to 2023-10-15 00:00:00+00:00
[2023-10-16 09:56:37,822] {processor.py:171} INFO - Processing /Users/namyoung/Desktop/myprj/airflow/airflow/lib/python3.7/site-packages/airflow/example_dags/example_branch_day_of_week_operator.py took 0.038 seconds
[2023-10-16 11:50:17,035] {processor.py:163} INFO - Started process (PID=29780) to work on /Users/namyoung/Desktop/myprj/airflow/airflow/lib/python3.7/site-packages/airflow/example_dags/example_branch_day_of_week_operator.py
[2023-10-16 11:50:17,036] {processor.py:642} INFO - Processing file /Users/namyoung/Desktop/myprj/airflow/airflow/lib/python3.7/site-packages/airflow/example_dags/example_branch_day_of_week_operator.py for tasks to queue
[2023-10-16 11:50:17,037] {logging_mixin.py:109} INFO - [2023-10-16 11:50:17,037] {dagbag.py:500} INFO - Filling up the DagBag from /Users/namyoung/Desktop/myprj/airflow/airflow/lib/python3.7/site-packages/airflow/example_dags/example_branch_day_of_week_operator.py
[2023-10-16 11:50:17,058] {processor.py:654} INFO - DAG(s) dict_keys(['example_weekday_branch_operator']) retrieved from /Users/namyoung/Desktop/myprj/airflow/airflow/lib/python3.7/site-packages/airflow/example_dags/example_branch_day_of_week_operator.py
[2023-10-16 11:50:17,066] {logging_mixin.py:109} INFO - [2023-10-16 11:50:17,066] {dag.py:2396} INFO - Sync 1 DAGs
[2023-10-16 11:50:17,079] {logging_mixin.py:109} INFO - [2023-10-16 11:50:17,078] {dag.py:2935} INFO - Setting next_dagrun for example_weekday_branch_operator to 2023-10-15 00:00:00+00:00
[2023-10-16 11:50:17,102] {processor.py:171} INFO - Processing /Users/namyoung/Desktop/myprj/airflow/airflow/lib/python3.7/site-packages/airflow/example_dags/example_branch_day_of_week_operator.py took 0.071 seconds
[2023-10-16 14:56:39,505] {processor.py:163} INFO - Started process (PID=30184) to work on /Users/namyoung/Desktop/myprj/airflow/airflow/lib/python3.7/site-packages/airflow/example_dags/example_branch_day_of_week_operator.py
[2023-10-16 14:56:39,506] {processor.py:642} INFO - Processing file /Users/namyoung/Desktop/myprj/airflow/airflow/lib/python3.7/site-packages/airflow/example_dags/example_branch_day_of_week_operator.py for tasks to queue
[2023-10-16 14:56:39,508] {logging_mixin.py:109} INFO - [2023-10-16 14:56:39,507] {dagbag.py:500} INFO - Filling up the DagBag from /Users/namyoung/Desktop/myprj/airflow/airflow/lib/python3.7/site-packages/airflow/example_dags/example_branch_day_of_week_operator.py
[2023-10-16 14:56:39,537] {processor.py:654} INFO - DAG(s) dict_keys(['example_weekday_branch_operator']) retrieved from /Users/namyoung/Desktop/myprj/airflow/airflow/lib/python3.7/site-packages/airflow/example_dags/example_branch_day_of_week_operator.py
[2023-10-16 14:56:39,545] {logging_mixin.py:109} INFO - [2023-10-16 14:56:39,545] {dag.py:2396} INFO - Sync 1 DAGs
[2023-10-16 14:56:39,554] {logging_mixin.py:109} INFO - [2023-10-16 14:56:39,554] {dag.py:2935} INFO - Setting next_dagrun for example_weekday_branch_operator to 2023-10-15 00:00:00+00:00
[2023-10-16 14:56:39,560] {processor.py:171} INFO - Processing /Users/namyoung/Desktop/myprj/airflow/airflow/lib/python3.7/site-packages/airflow/example_dags/example_branch_day_of_week_operator.py took 0.061 seconds
[2023-10-16 16:37:27,613] {processor.py:163} INFO - Started process (PID=30330) to work on /Users/namyoung/Desktop/myprj/airflow/airflow/lib/python3.7/site-packages/airflow/example_dags/example_branch_day_of_week_operator.py
[2023-10-16 16:37:27,614] {processor.py:642} INFO - Processing file /Users/namyoung/Desktop/myprj/airflow/airflow/lib/python3.7/site-packages/airflow/example_dags/example_branch_day_of_week_operator.py for tasks to queue
[2023-10-16 16:37:27,614] {logging_mixin.py:109} INFO - [2023-10-16 16:37:27,614] {dagbag.py:500} INFO - Filling up the DagBag from /Users/namyoung/Desktop/myprj/airflow/airflow/lib/python3.7/site-packages/airflow/example_dags/example_branch_day_of_week_operator.py
[2023-10-16 16:37:27,629] {processor.py:654} INFO - DAG(s) dict_keys(['example_weekday_branch_operator']) retrieved from /Users/namyoung/Desktop/myprj/airflow/airflow/lib/python3.7/site-packages/airflow/example_dags/example_branch_day_of_week_operator.py
[2023-10-16 16:37:27,635] {logging_mixin.py:109} INFO - [2023-10-16 16:37:27,635] {dag.py:2396} INFO - Sync 1 DAGs
[2023-10-16 16:37:27,644] {logging_mixin.py:109} INFO - [2023-10-16 16:37:27,643] {dag.py:2935} INFO - Setting next_dagrun for example_weekday_branch_operator to 2023-10-15 00:00:00+00:00
[2023-10-16 16:37:27,650] {processor.py:171} INFO - Processing /Users/namyoung/Desktop/myprj/airflow/airflow/lib/python3.7/site-packages/airflow/example_dags/example_branch_day_of_week_operator.py took 0.039 seconds
[2023-10-16 18:03:22,713] {processor.py:163} INFO - Started process (PID=30592) to work on /Users/namyoung/Desktop/myprj/airflow/airflow/lib/python3.7/site-packages/airflow/example_dags/example_branch_day_of_week_operator.py
[2023-10-16 18:03:22,714] {processor.py:642} INFO - Processing file /Users/namyoung/Desktop/myprj/airflow/airflow/lib/python3.7/site-packages/airflow/example_dags/example_branch_day_of_week_operator.py for tasks to queue
[2023-10-16 18:03:22,714] {logging_mixin.py:109} INFO - [2023-10-16 18:03:22,714] {dagbag.py:500} INFO - Filling up the DagBag from /Users/namyoung/Desktop/myprj/airflow/airflow/lib/python3.7/site-packages/airflow/example_dags/example_branch_day_of_week_operator.py
[2023-10-16 18:03:22,727] {processor.py:654} INFO - DAG(s) dict_keys(['example_weekday_branch_operator']) retrieved from /Users/namyoung/Desktop/myprj/airflow/airflow/lib/python3.7/site-packages/airflow/example_dags/example_branch_day_of_week_operator.py
[2023-10-16 18:03:22,732] {logging_mixin.py:109} INFO - [2023-10-16 18:03:22,731] {dag.py:2396} INFO - Sync 1 DAGs
[2023-10-16 18:03:22,739] {logging_mixin.py:109} INFO - [2023-10-16 18:03:22,739] {dag.py:2935} INFO - Setting next_dagrun for example_weekday_branch_operator to 2023-10-15 00:00:00+00:00
[2023-10-16 18:03:22,744] {processor.py:171} INFO - Processing /Users/namyoung/Desktop/myprj/airflow/airflow/lib/python3.7/site-packages/airflow/example_dags/example_branch_day_of_week_operator.py took 0.033 seconds
[2023-10-16 21:23:20,943] {processor.py:163} INFO - Started process (PID=30985) to work on /Users/namyoung/Desktop/myprj/airflow/airflow/lib/python3.7/site-packages/airflow/example_dags/example_branch_day_of_week_operator.py
[2023-10-16 21:23:21,005] {processor.py:642} INFO - Processing file /Users/namyoung/Desktop/myprj/airflow/airflow/lib/python3.7/site-packages/airflow/example_dags/example_branch_day_of_week_operator.py for tasks to queue
[2023-10-16 21:23:21,006] {logging_mixin.py:109} INFO - [2023-10-16 21:23:21,006] {dagbag.py:500} INFO - Filling up the DagBag from /Users/namyoung/Desktop/myprj/airflow/airflow/lib/python3.7/site-packages/airflow/example_dags/example_branch_day_of_week_operator.py
[2023-10-16 21:23:21,033] {processor.py:654} INFO - DAG(s) dict_keys(['example_weekday_branch_operator']) retrieved from /Users/namyoung/Desktop/myprj/airflow/airflow/lib/python3.7/site-packages/airflow/example_dags/example_branch_day_of_week_operator.py
[2023-10-16 21:23:21,042] {logging_mixin.py:109} INFO - [2023-10-16 21:23:21,042] {dag.py:2396} INFO - Sync 1 DAGs
[2023-10-16 21:23:21,050] {logging_mixin.py:109} INFO - [2023-10-16 21:23:21,049] {dag.py:2935} INFO - Setting next_dagrun for example_weekday_branch_operator to 2023-10-15 00:00:00+00:00
[2023-10-16 21:23:21,055] {processor.py:171} INFO - Processing /Users/namyoung/Desktop/myprj/airflow/airflow/lib/python3.7/site-packages/airflow/example_dags/example_branch_day_of_week_operator.py took 0.116 seconds
[2023-10-17 00:24:31,949] {processor.py:163} INFO - Started process (PID=31366) to work on /Users/namyoung/Desktop/myprj/airflow/airflow/lib/python3.7/site-packages/airflow/example_dags/example_branch_day_of_week_operator.py
[2023-10-17 00:24:31,950] {processor.py:642} INFO - Processing file /Users/namyoung/Desktop/myprj/airflow/airflow/lib/python3.7/site-packages/airflow/example_dags/example_branch_day_of_week_operator.py for tasks to queue
[2023-10-17 00:24:31,952] {logging_mixin.py:109} INFO - [2023-10-17 00:24:31,951] {dagbag.py:500} INFO - Filling up the DagBag from /Users/namyoung/Desktop/myprj/airflow/airflow/lib/python3.7/site-packages/airflow/example_dags/example_branch_day_of_week_operator.py
[2023-10-17 00:24:31,974] {processor.py:654} INFO - DAG(s) dict_keys(['example_weekday_branch_operator']) retrieved from /Users/namyoung/Desktop/myprj/airflow/airflow/lib/python3.7/site-packages/airflow/example_dags/example_branch_day_of_week_operator.py
[2023-10-17 00:24:31,983] {logging_mixin.py:109} INFO - [2023-10-17 00:24:31,982] {dag.py:2396} INFO - Sync 1 DAGs
[2023-10-17 00:24:31,993] {logging_mixin.py:109} INFO - [2023-10-17 00:24:31,992] {dag.py:2935} INFO - Setting next_dagrun for example_weekday_branch_operator to 2023-10-15 00:00:00+00:00
[2023-10-17 00:24:31,999] {processor.py:171} INFO - Processing /Users/namyoung/Desktop/myprj/airflow/airflow/lib/python3.7/site-packages/airflow/example_dags/example_branch_day_of_week_operator.py took 0.053 seconds
[2023-10-17 03:21:49,627] {processor.py:163} INFO - Started process (PID=31766) to work on /Users/namyoung/Desktop/myprj/airflow/airflow/lib/python3.7/site-packages/airflow/example_dags/example_branch_day_of_week_operator.py
[2023-10-17 03:21:49,629] {processor.py:642} INFO - Processing file /Users/namyoung/Desktop/myprj/airflow/airflow/lib/python3.7/site-packages/airflow/example_dags/example_branch_day_of_week_operator.py for tasks to queue
[2023-10-17 03:21:49,630] {logging_mixin.py:109} INFO - [2023-10-17 03:21:49,630] {dagbag.py:500} INFO - Filling up the DagBag from /Users/namyoung/Desktop/myprj/airflow/airflow/lib/python3.7/site-packages/airflow/example_dags/example_branch_day_of_week_operator.py
[2023-10-17 03:21:49,656] {processor.py:654} INFO - DAG(s) dict_keys(['example_weekday_branch_operator']) retrieved from /Users/namyoung/Desktop/myprj/airflow/airflow/lib/python3.7/site-packages/airflow/example_dags/example_branch_day_of_week_operator.py
[2023-10-17 03:21:49,664] {logging_mixin.py:109} INFO - [2023-10-17 03:21:49,663] {dag.py:2396} INFO - Sync 1 DAGs
[2023-10-17 03:21:49,673] {logging_mixin.py:109} INFO - [2023-10-17 03:21:49,672] {dag.py:2935} INFO - Setting next_dagrun for example_weekday_branch_operator to 2023-10-15 00:00:00+00:00
[2023-10-17 03:21:49,678] {processor.py:171} INFO - Processing /Users/namyoung/Desktop/myprj/airflow/airflow/lib/python3.7/site-packages/airflow/example_dags/example_branch_day_of_week_operator.py took 0.056 seconds
[2023-10-17 05:12:20,815] {processor.py:163} INFO - Started process (PID=31920) to work on /Users/namyoung/Desktop/myprj/airflow/airflow/lib/python3.7/site-packages/airflow/example_dags/example_branch_day_of_week_operator.py
[2023-10-17 05:12:20,817] {processor.py:642} INFO - Processing file /Users/namyoung/Desktop/myprj/airflow/airflow/lib/python3.7/site-packages/airflow/example_dags/example_branch_day_of_week_operator.py for tasks to queue
[2023-10-17 05:12:20,870] {logging_mixin.py:109} INFO - [2023-10-17 05:12:20,869] {dagbag.py:500} INFO - Filling up the DagBag from /Users/namyoung/Desktop/myprj/airflow/airflow/lib/python3.7/site-packages/airflow/example_dags/example_branch_day_of_week_operator.py
[2023-10-17 05:12:20,889] {processor.py:654} INFO - DAG(s) dict_keys(['example_weekday_branch_operator']) retrieved from /Users/namyoung/Desktop/myprj/airflow/airflow/lib/python3.7/site-packages/airflow/example_dags/example_branch_day_of_week_operator.py
[2023-10-17 05:12:20,896] {logging_mixin.py:109} INFO - [2023-10-17 05:12:20,896] {dag.py:2396} INFO - Sync 1 DAGs
[2023-10-17 05:12:20,905] {logging_mixin.py:109} INFO - [2023-10-17 05:12:20,905] {dag.py:2935} INFO - Setting next_dagrun for example_weekday_branch_operator to 2023-10-15 00:00:00+00:00
[2023-10-17 05:12:20,911] {processor.py:171} INFO - Processing /Users/namyoung/Desktop/myprj/airflow/airflow/lib/python3.7/site-packages/airflow/example_dags/example_branch_day_of_week_operator.py took 0.101 seconds
[2023-10-17 08:14:49,487] {processor.py:163} INFO - Started process (PID=32311) to work on /Users/namyoung/Desktop/myprj/airflow/airflow/lib/python3.7/site-packages/airflow/example_dags/example_branch_day_of_week_operator.py
[2023-10-17 08:14:49,489] {processor.py:642} INFO - Processing file /Users/namyoung/Desktop/myprj/airflow/airflow/lib/python3.7/site-packages/airflow/example_dags/example_branch_day_of_week_operator.py for tasks to queue
[2023-10-17 08:14:49,490] {logging_mixin.py:109} INFO - [2023-10-17 08:14:49,490] {dagbag.py:500} INFO - Filling up the DagBag from /Users/namyoung/Desktop/myprj/airflow/airflow/lib/python3.7/site-packages/airflow/example_dags/example_branch_day_of_week_operator.py
[2023-10-17 08:14:49,516] {processor.py:654} INFO - DAG(s) dict_keys(['example_weekday_branch_operator']) retrieved from /Users/namyoung/Desktop/myprj/airflow/airflow/lib/python3.7/site-packages/airflow/example_dags/example_branch_day_of_week_operator.py
[2023-10-17 08:14:49,524] {logging_mixin.py:109} INFO - [2023-10-17 08:14:49,524] {dag.py:2396} INFO - Sync 1 DAGs
[2023-10-17 08:14:49,533] {logging_mixin.py:109} INFO - [2023-10-17 08:14:49,533] {dag.py:2935} INFO - Setting next_dagrun for example_weekday_branch_operator to 2023-10-15 00:00:00+00:00
[2023-10-17 08:14:49,538] {processor.py:171} INFO - Processing /Users/namyoung/Desktop/myprj/airflow/airflow/lib/python3.7/site-packages/airflow/example_dags/example_branch_day_of_week_operator.py took 0.057 seconds
