[2023-10-16 10:41:21,350] {processor.py:163} INFO - Started process (PID=29580) to work on /Users/namyoung/Desktop/myprj/airflow/airflow/lib/python3.7/site-packages/airflow/example_dags/example_task_group.py
[2023-10-16 10:41:21,352] {processor.py:642} INFO - Processing file /Users/namyoung/Desktop/myprj/airflow/airflow/lib/python3.7/site-packages/airflow/example_dags/example_task_group.py for tasks to queue
[2023-10-16 10:41:21,353] {logging_mixin.py:109} INFO - [2023-10-16 10:41:21,353] {dagbag.py:500} INFO - Filling up the DagBag from /Users/namyoung/Desktop/myprj/airflow/airflow/lib/python3.7/site-packages/airflow/example_dags/example_task_group.py
[2023-10-16 10:41:21,381] {processor.py:654} INFO - DAG(s) dict_keys(['example_task_group']) retrieved from /Users/namyoung/Desktop/myprj/airflow/airflow/lib/python3.7/site-packages/airflow/example_dags/example_task_group.py
[2023-10-16 10:41:21,390] {logging_mixin.py:109} INFO - [2023-10-16 10:41:21,389] {dag.py:2396} INFO - Sync 1 DAGs
[2023-10-16 10:41:21,398] {logging_mixin.py:109} INFO - [2023-10-16 10:41:21,398] {dag.py:2935} INFO - Setting next_dagrun for example_task_group to 2023-10-15T01:41:21.397973+00:00
[2023-10-16 10:41:21,403] {processor.py:171} INFO - Processing /Users/namyoung/Desktop/myprj/airflow/airflow/lib/python3.7/site-packages/airflow/example_dags/example_task_group.py took 0.060 seconds
[2023-10-16 12:23:47,027] {processor.py:163} INFO - Started process (PID=29843) to work on /Users/namyoung/Desktop/myprj/airflow/airflow/lib/python3.7/site-packages/airflow/example_dags/example_task_group.py
[2023-10-16 12:23:47,029] {processor.py:642} INFO - Processing file /Users/namyoung/Desktop/myprj/airflow/airflow/lib/python3.7/site-packages/airflow/example_dags/example_task_group.py for tasks to queue
[2023-10-16 12:23:47,030] {logging_mixin.py:109} INFO - [2023-10-16 12:23:47,030] {dagbag.py:500} INFO - Filling up the DagBag from /Users/namyoung/Desktop/myprj/airflow/airflow/lib/python3.7/site-packages/airflow/example_dags/example_task_group.py
[2023-10-16 12:23:47,051] {processor.py:654} INFO - DAG(s) dict_keys(['example_task_group']) retrieved from /Users/namyoung/Desktop/myprj/airflow/airflow/lib/python3.7/site-packages/airflow/example_dags/example_task_group.py
[2023-10-16 12:23:47,058] {logging_mixin.py:109} INFO - [2023-10-16 12:23:47,058] {dag.py:2396} INFO - Sync 1 DAGs
[2023-10-16 12:23:47,067] {logging_mixin.py:109} INFO - [2023-10-16 12:23:47,067] {dag.py:2935} INFO - Setting next_dagrun for example_task_group to 2023-10-15T03:23:47.066920+00:00
[2023-10-16 12:23:47,074] {processor.py:171} INFO - Processing /Users/namyoung/Desktop/myprj/airflow/airflow/lib/python3.7/site-packages/airflow/example_dags/example_task_group.py took 0.050 seconds
[2023-10-16 14:05:49,889] {processor.py:163} INFO - Started process (PID=30020) to work on /Users/namyoung/Desktop/myprj/airflow/airflow/lib/python3.7/site-packages/airflow/example_dags/example_task_group.py
[2023-10-16 14:05:49,889] {processor.py:642} INFO - Processing file /Users/namyoung/Desktop/myprj/airflow/airflow/lib/python3.7/site-packages/airflow/example_dags/example_task_group.py for tasks to queue
[2023-10-16 14:05:49,890] {logging_mixin.py:109} INFO - [2023-10-16 14:05:49,890] {dagbag.py:500} INFO - Filling up the DagBag from /Users/namyoung/Desktop/myprj/airflow/airflow/lib/python3.7/site-packages/airflow/example_dags/example_task_group.py
[2023-10-16 14:05:49,903] {processor.py:654} INFO - DAG(s) dict_keys(['example_task_group']) retrieved from /Users/namyoung/Desktop/myprj/airflow/airflow/lib/python3.7/site-packages/airflow/example_dags/example_task_group.py
[2023-10-16 14:05:49,911] {logging_mixin.py:109} INFO - [2023-10-16 14:05:49,911] {dag.py:2396} INFO - Sync 1 DAGs
[2023-10-16 14:05:49,919] {logging_mixin.py:109} INFO - [2023-10-16 14:05:49,919] {dag.py:2935} INFO - Setting next_dagrun for example_task_group to 2023-10-15T05:05:49.919128+00:00
[2023-10-16 14:05:49,925] {processor.py:171} INFO - Processing /Users/namyoung/Desktop/myprj/airflow/airflow/lib/python3.7/site-packages/airflow/example_dags/example_task_group.py took 0.038 seconds
[2023-10-16 15:46:49,899] {processor.py:163} INFO - Started process (PID=30258) to work on /Users/namyoung/Desktop/myprj/airflow/airflow/lib/python3.7/site-packages/airflow/example_dags/example_task_group.py
[2023-10-16 15:46:49,900] {processor.py:642} INFO - Processing file /Users/namyoung/Desktop/myprj/airflow/airflow/lib/python3.7/site-packages/airflow/example_dags/example_task_group.py for tasks to queue
[2023-10-16 15:46:49,901] {logging_mixin.py:109} INFO - [2023-10-16 15:46:49,901] {dagbag.py:500} INFO - Filling up the DagBag from /Users/namyoung/Desktop/myprj/airflow/airflow/lib/python3.7/site-packages/airflow/example_dags/example_task_group.py
[2023-10-16 15:46:49,924] {processor.py:654} INFO - DAG(s) dict_keys(['example_task_group']) retrieved from /Users/namyoung/Desktop/myprj/airflow/airflow/lib/python3.7/site-packages/airflow/example_dags/example_task_group.py
[2023-10-16 15:46:49,932] {logging_mixin.py:109} INFO - [2023-10-16 15:46:49,931] {dag.py:2396} INFO - Sync 1 DAGs
[2023-10-16 15:46:49,939] {logging_mixin.py:109} INFO - [2023-10-16 15:46:49,939] {dag.py:2935} INFO - Setting next_dagrun for example_task_group to 2023-10-15T06:46:49.939359+00:00
[2023-10-16 15:46:49,945] {processor.py:171} INFO - Processing /Users/namyoung/Desktop/myprj/airflow/airflow/lib/python3.7/site-packages/airflow/example_dags/example_task_group.py took 0.052 seconds
[2023-10-16 17:28:04,640] {processor.py:163} INFO - Started process (PID=30522) to work on /Users/namyoung/Desktop/myprj/airflow/airflow/lib/python3.7/site-packages/airflow/example_dags/example_task_group.py
[2023-10-16 17:28:04,642] {processor.py:642} INFO - Processing file /Users/namyoung/Desktop/myprj/airflow/airflow/lib/python3.7/site-packages/airflow/example_dags/example_task_group.py for tasks to queue
[2023-10-16 17:28:04,644] {logging_mixin.py:109} INFO - [2023-10-16 17:28:04,643] {dagbag.py:500} INFO - Filling up the DagBag from /Users/namyoung/Desktop/myprj/airflow/airflow/lib/python3.7/site-packages/airflow/example_dags/example_task_group.py
[2023-10-16 17:28:04,671] {processor.py:654} INFO - DAG(s) dict_keys(['example_task_group']) retrieved from /Users/namyoung/Desktop/myprj/airflow/airflow/lib/python3.7/site-packages/airflow/example_dags/example_task_group.py
[2023-10-16 17:28:04,680] {logging_mixin.py:109} INFO - [2023-10-16 17:28:04,679] {dag.py:2396} INFO - Sync 1 DAGs
[2023-10-16 17:28:04,688] {logging_mixin.py:109} INFO - [2023-10-16 17:28:04,687] {dag.py:2935} INFO - Setting next_dagrun for example_task_group to 2023-10-15T08:28:04.687710+00:00
[2023-10-16 17:28:04,693] {processor.py:171} INFO - Processing /Users/namyoung/Desktop/myprj/airflow/airflow/lib/python3.7/site-packages/airflow/example_dags/example_task_group.py took 0.058 seconds
[2023-10-16 18:52:04,282] {processor.py:163} INFO - Started process (PID=30659) to work on /Users/namyoung/Desktop/myprj/airflow/airflow/lib/python3.7/site-packages/airflow/example_dags/example_task_group.py
[2023-10-16 18:52:04,283] {processor.py:642} INFO - Processing file /Users/namyoung/Desktop/myprj/airflow/airflow/lib/python3.7/site-packages/airflow/example_dags/example_task_group.py for tasks to queue
[2023-10-16 18:52:04,283] {logging_mixin.py:109} INFO - [2023-10-16 18:52:04,283] {dagbag.py:500} INFO - Filling up the DagBag from /Users/namyoung/Desktop/myprj/airflow/airflow/lib/python3.7/site-packages/airflow/example_dags/example_task_group.py
[2023-10-16 18:52:04,298] {processor.py:654} INFO - DAG(s) dict_keys(['example_task_group']) retrieved from /Users/namyoung/Desktop/myprj/airflow/airflow/lib/python3.7/site-packages/airflow/example_dags/example_task_group.py
[2023-10-16 18:52:04,305] {logging_mixin.py:109} INFO - [2023-10-16 18:52:04,305] {dag.py:2396} INFO - Sync 1 DAGs
[2023-10-16 18:52:04,313] {logging_mixin.py:109} INFO - [2023-10-16 18:52:04,313] {dag.py:2935} INFO - Setting next_dagrun for example_task_group to 2023-10-15T09:52:04.312995+00:00
[2023-10-16 18:52:04,319] {processor.py:171} INFO - Processing /Users/namyoung/Desktop/myprj/airflow/airflow/lib/python3.7/site-packages/airflow/example_dags/example_task_group.py took 0.038 seconds
[2023-10-16 20:18:09,629] {processor.py:163} INFO - Started process (PID=30906) to work on /Users/namyoung/Desktop/myprj/airflow/airflow/lib/python3.7/site-packages/airflow/example_dags/example_task_group.py
[2023-10-16 20:18:09,630] {processor.py:642} INFO - Processing file /Users/namyoung/Desktop/myprj/airflow/airflow/lib/python3.7/site-packages/airflow/example_dags/example_task_group.py for tasks to queue
[2023-10-16 20:18:09,630] {logging_mixin.py:109} INFO - [2023-10-16 20:18:09,630] {dagbag.py:500} INFO - Filling up the DagBag from /Users/namyoung/Desktop/myprj/airflow/airflow/lib/python3.7/site-packages/airflow/example_dags/example_task_group.py
[2023-10-16 20:18:09,653] {processor.py:654} INFO - DAG(s) dict_keys(['example_task_group']) retrieved from /Users/namyoung/Desktop/myprj/airflow/airflow/lib/python3.7/site-packages/airflow/example_dags/example_task_group.py
[2023-10-16 20:18:09,662] {logging_mixin.py:109} INFO - [2023-10-16 20:18:09,662] {dag.py:2396} INFO - Sync 1 DAGs
[2023-10-16 20:18:09,672] {logging_mixin.py:109} INFO - [2023-10-16 20:18:09,672] {dag.py:2935} INFO - Setting next_dagrun for example_task_group to 2023-10-15T11:18:09.672002+00:00
[2023-10-16 20:18:09,678] {processor.py:171} INFO - Processing /Users/namyoung/Desktop/myprj/airflow/airflow/lib/python3.7/site-packages/airflow/example_dags/example_task_group.py took 0.051 seconds
[2023-10-16 21:55:10,118] {processor.py:163} INFO - Started process (PID=31049) to work on /Users/namyoung/Desktop/myprj/airflow/airflow/lib/python3.7/site-packages/airflow/example_dags/example_task_group.py
[2023-10-16 21:55:10,120] {processor.py:642} INFO - Processing file /Users/namyoung/Desktop/myprj/airflow/airflow/lib/python3.7/site-packages/airflow/example_dags/example_task_group.py for tasks to queue
[2023-10-16 21:55:10,121] {logging_mixin.py:109} INFO - [2023-10-16 21:55:10,120] {dagbag.py:500} INFO - Filling up the DagBag from /Users/namyoung/Desktop/myprj/airflow/airflow/lib/python3.7/site-packages/airflow/example_dags/example_task_group.py
[2023-10-16 21:55:10,149] {processor.py:654} INFO - DAG(s) dict_keys(['example_task_group']) retrieved from /Users/namyoung/Desktop/myprj/airflow/airflow/lib/python3.7/site-packages/airflow/example_dags/example_task_group.py
[2023-10-16 21:55:10,158] {logging_mixin.py:109} INFO - [2023-10-16 21:55:10,157] {dag.py:2396} INFO - Sync 1 DAGs
[2023-10-16 21:55:10,166] {logging_mixin.py:109} INFO - [2023-10-16 21:55:10,165] {dag.py:2935} INFO - Setting next_dagrun for example_task_group to 2023-10-15T12:55:10.165655+00:00
[2023-10-16 21:55:10,171] {processor.py:171} INFO - Processing /Users/namyoung/Desktop/myprj/airflow/airflow/lib/python3.7/site-packages/airflow/example_dags/example_task_group.py took 0.058 seconds
[2023-10-16 23:35:45,715] {processor.py:163} INFO - Started process (PID=31246) to work on /Users/namyoung/Desktop/myprj/airflow/airflow/lib/python3.7/site-packages/airflow/example_dags/example_task_group.py
[2023-10-16 23:35:45,716] {processor.py:642} INFO - Processing file /Users/namyoung/Desktop/myprj/airflow/airflow/lib/python3.7/site-packages/airflow/example_dags/example_task_group.py for tasks to queue
[2023-10-16 23:35:45,718] {logging_mixin.py:109} INFO - [2023-10-16 23:35:45,717] {dagbag.py:500} INFO - Filling up the DagBag from /Users/namyoung/Desktop/myprj/airflow/airflow/lib/python3.7/site-packages/airflow/example_dags/example_task_group.py
[2023-10-16 23:35:45,742] {processor.py:654} INFO - DAG(s) dict_keys(['example_task_group']) retrieved from /Users/namyoung/Desktop/myprj/airflow/airflow/lib/python3.7/site-packages/airflow/example_dags/example_task_group.py
[2023-10-16 23:35:45,750] {logging_mixin.py:109} INFO - [2023-10-16 23:35:45,750] {dag.py:2396} INFO - Sync 1 DAGs
[2023-10-16 23:35:45,759] {logging_mixin.py:109} INFO - [2023-10-16 23:35:45,759] {dag.py:2935} INFO - Setting next_dagrun for example_task_group to 2023-10-15T14:35:45.759251+00:00
[2023-10-16 23:35:45,765] {processor.py:171} INFO - Processing /Users/namyoung/Desktop/myprj/airflow/airflow/lib/python3.7/site-packages/airflow/example_dags/example_task_group.py took 0.055 seconds
[2023-10-17 01:12:09,848] {processor.py:163} INFO - Started process (PID=31437) to work on /Users/namyoung/Desktop/myprj/airflow/airflow/lib/python3.7/site-packages/airflow/example_dags/example_task_group.py
[2023-10-17 01:12:09,849] {processor.py:642} INFO - Processing file /Users/namyoung/Desktop/myprj/airflow/airflow/lib/python3.7/site-packages/airflow/example_dags/example_task_group.py for tasks to queue
[2023-10-17 01:12:09,850] {logging_mixin.py:109} INFO - [2023-10-17 01:12:09,850] {dagbag.py:500} INFO - Filling up the DagBag from /Users/namyoung/Desktop/myprj/airflow/airflow/lib/python3.7/site-packages/airflow/example_dags/example_task_group.py
[2023-10-17 01:12:09,879] {processor.py:654} INFO - DAG(s) dict_keys(['example_task_group']) retrieved from /Users/namyoung/Desktop/myprj/airflow/airflow/lib/python3.7/site-packages/airflow/example_dags/example_task_group.py
[2023-10-17 01:12:09,887] {logging_mixin.py:109} INFO - [2023-10-17 01:12:09,887] {dag.py:2396} INFO - Sync 1 DAGs
[2023-10-17 01:12:09,895] {logging_mixin.py:109} INFO - [2023-10-17 01:12:09,895] {dag.py:2935} INFO - Setting next_dagrun for example_task_group to 2023-10-15T16:12:09.895270+00:00
[2023-10-17 01:12:09,904] {processor.py:171} INFO - Processing /Users/namyoung/Desktop/myprj/airflow/airflow/lib/python3.7/site-packages/airflow/example_dags/example_task_group.py took 0.058 seconds
[2023-10-17 02:35:56,883] {processor.py:163} INFO - Started process (PID=31692) to work on /Users/namyoung/Desktop/myprj/airflow/airflow/lib/python3.7/site-packages/airflow/example_dags/example_task_group.py
[2023-10-17 02:35:56,884] {processor.py:642} INFO - Processing file /Users/namyoung/Desktop/myprj/airflow/airflow/lib/python3.7/site-packages/airflow/example_dags/example_task_group.py for tasks to queue
[2023-10-17 02:35:56,885] {logging_mixin.py:109} INFO - [2023-10-17 02:35:56,885] {dagbag.py:500} INFO - Filling up the DagBag from /Users/namyoung/Desktop/myprj/airflow/airflow/lib/python3.7/site-packages/airflow/example_dags/example_task_group.py
[2023-10-17 02:35:56,904] {processor.py:654} INFO - DAG(s) dict_keys(['example_task_group']) retrieved from /Users/namyoung/Desktop/myprj/airflow/airflow/lib/python3.7/site-packages/airflow/example_dags/example_task_group.py
[2023-10-17 02:35:56,912] {logging_mixin.py:109} INFO - [2023-10-17 02:35:56,912] {dag.py:2396} INFO - Sync 1 DAGs
[2023-10-17 02:35:56,920] {logging_mixin.py:109} INFO - [2023-10-17 02:35:56,920] {dag.py:2935} INFO - Setting next_dagrun for example_task_group to 2023-10-15T17:35:56.920510+00:00
[2023-10-17 02:35:56,927] {processor.py:171} INFO - Processing /Users/namyoung/Desktop/myprj/airflow/airflow/lib/python3.7/site-packages/airflow/example_dags/example_task_group.py took 0.048 seconds
[2023-10-17 04:08:44,617] {processor.py:163} INFO - Started process (PID=31843) to work on /Users/namyoung/Desktop/myprj/airflow/airflow/lib/python3.7/site-packages/airflow/example_dags/example_task_group.py
[2023-10-17 04:08:44,618] {processor.py:642} INFO - Processing file /Users/namyoung/Desktop/myprj/airflow/airflow/lib/python3.7/site-packages/airflow/example_dags/example_task_group.py for tasks to queue
[2023-10-17 04:08:44,620] {logging_mixin.py:109} INFO - [2023-10-17 04:08:44,619] {dagbag.py:500} INFO - Filling up the DagBag from /Users/namyoung/Desktop/myprj/airflow/airflow/lib/python3.7/site-packages/airflow/example_dags/example_task_group.py
[2023-10-17 04:08:44,647] {processor.py:654} INFO - DAG(s) dict_keys(['example_task_group']) retrieved from /Users/namyoung/Desktop/myprj/airflow/airflow/lib/python3.7/site-packages/airflow/example_dags/example_task_group.py
[2023-10-17 04:08:44,656] {logging_mixin.py:109} INFO - [2023-10-17 04:08:44,656] {dag.py:2396} INFO - Sync 1 DAGs
[2023-10-17 04:08:44,665] {logging_mixin.py:109} INFO - [2023-10-17 04:08:44,665] {dag.py:2935} INFO - Setting next_dagrun for example_task_group to 2023-10-15T19:08:44.665160+00:00
[2023-10-17 04:08:44,671] {processor.py:171} INFO - Processing /Users/namyoung/Desktop/myprj/airflow/airflow/lib/python3.7/site-packages/airflow/example_dags/example_task_group.py took 0.060 seconds
[2023-10-17 06:01:17,202] {processor.py:163} INFO - Started process (PID=32124) to work on /Users/namyoung/Desktop/myprj/airflow/airflow/lib/python3.7/site-packages/airflow/example_dags/example_task_group.py
[2023-10-17 06:01:17,204] {processor.py:642} INFO - Processing file /Users/namyoung/Desktop/myprj/airflow/airflow/lib/python3.7/site-packages/airflow/example_dags/example_task_group.py for tasks to queue
[2023-10-17 06:01:17,205] {logging_mixin.py:109} INFO - [2023-10-17 06:01:17,205] {dagbag.py:500} INFO - Filling up the DagBag from /Users/namyoung/Desktop/myprj/airflow/airflow/lib/python3.7/site-packages/airflow/example_dags/example_task_group.py
[2023-10-17 06:01:17,233] {processor.py:654} INFO - DAG(s) dict_keys(['example_task_group']) retrieved from /Users/namyoung/Desktop/myprj/airflow/airflow/lib/python3.7/site-packages/airflow/example_dags/example_task_group.py
[2023-10-17 06:01:17,245] {logging_mixin.py:109} INFO - [2023-10-17 06:01:17,245] {dag.py:2396} INFO - Sync 1 DAGs
[2023-10-17 06:01:17,254] {logging_mixin.py:109} INFO - [2023-10-17 06:01:17,253] {dag.py:2935} INFO - Setting next_dagrun for example_task_group to 2023-10-15T21:01:17.253547+00:00
[2023-10-17 06:01:17,259] {processor.py:171} INFO - Processing /Users/namyoung/Desktop/myprj/airflow/airflow/lib/python3.7/site-packages/airflow/example_dags/example_task_group.py took 0.063 seconds
[2023-10-17 07:41:28,838] {processor.py:163} INFO - Started process (PID=32261) to work on /Users/namyoung/Desktop/myprj/airflow/airflow/lib/python3.7/site-packages/airflow/example_dags/example_task_group.py
[2023-10-17 07:41:28,839] {processor.py:642} INFO - Processing file /Users/namyoung/Desktop/myprj/airflow/airflow/lib/python3.7/site-packages/airflow/example_dags/example_task_group.py for tasks to queue
[2023-10-17 07:41:28,839] {logging_mixin.py:109} INFO - [2023-10-17 07:41:28,839] {dagbag.py:500} INFO - Filling up the DagBag from /Users/namyoung/Desktop/myprj/airflow/airflow/lib/python3.7/site-packages/airflow/example_dags/example_task_group.py
[2023-10-17 07:41:28,853] {processor.py:654} INFO - DAG(s) dict_keys(['example_task_group']) retrieved from /Users/namyoung/Desktop/myprj/airflow/airflow/lib/python3.7/site-packages/airflow/example_dags/example_task_group.py
[2023-10-17 07:41:28,860] {logging_mixin.py:109} INFO - [2023-10-17 07:41:28,860] {dag.py:2396} INFO - Sync 1 DAGs
[2023-10-17 07:41:28,868] {logging_mixin.py:109} INFO - [2023-10-17 07:41:28,868] {dag.py:2935} INFO - Setting next_dagrun for example_task_group to 2023-10-15T22:41:28.867859+00:00
[2023-10-17 07:41:28,874] {processor.py:171} INFO - Processing /Users/namyoung/Desktop/myprj/airflow/airflow/lib/python3.7/site-packages/airflow/example_dags/example_task_group.py took 0.038 seconds
