[2023-10-16 10:23:20,890] {processor.py:163} INFO - Started process (PID=29535) to work on /Users/namyoung/Desktop/myprj/airflow/airflow/lib/python3.7/site-packages/airflow/example_dags/tutorial_etl_dag.py
[2023-10-16 10:23:20,891] {processor.py:642} INFO - Processing file /Users/namyoung/Desktop/myprj/airflow/airflow/lib/python3.7/site-packages/airflow/example_dags/tutorial_etl_dag.py for tasks to queue
[2023-10-16 10:23:20,892] {logging_mixin.py:109} INFO - [2023-10-16 10:23:20,891] {dagbag.py:500} INFO - Filling up the DagBag from /Users/namyoung/Desktop/myprj/airflow/airflow/lib/python3.7/site-packages/airflow/example_dags/tutorial_etl_dag.py
[2023-10-16 10:23:20,909] {processor.py:654} INFO - DAG(s) dict_keys(['tutorial_etl_dag']) retrieved from /Users/namyoung/Desktop/myprj/airflow/airflow/lib/python3.7/site-packages/airflow/example_dags/tutorial_etl_dag.py
[2023-10-16 10:23:20,916] {logging_mixin.py:109} INFO - [2023-10-16 10:23:20,915] {dag.py:2396} INFO - Sync 1 DAGs
[2023-10-16 10:23:20,925] {logging_mixin.py:109} INFO - [2023-10-16 10:23:20,925] {dag.py:2935} INFO - Setting next_dagrun for tutorial_etl_dag to None
[2023-10-16 10:23:20,932] {processor.py:171} INFO - Processing /Users/namyoung/Desktop/myprj/airflow/airflow/lib/python3.7/site-packages/airflow/example_dags/tutorial_etl_dag.py took 0.046 seconds
[2023-10-16 12:06:02,955] {processor.py:163} INFO - Started process (PID=29802) to work on /Users/namyoung/Desktop/myprj/airflow/airflow/lib/python3.7/site-packages/airflow/example_dags/tutorial_etl_dag.py
[2023-10-16 12:06:02,956] {processor.py:642} INFO - Processing file /Users/namyoung/Desktop/myprj/airflow/airflow/lib/python3.7/site-packages/airflow/example_dags/tutorial_etl_dag.py for tasks to queue
[2023-10-16 12:06:02,957] {logging_mixin.py:109} INFO - [2023-10-16 12:06:02,957] {dagbag.py:500} INFO - Filling up the DagBag from /Users/namyoung/Desktop/myprj/airflow/airflow/lib/python3.7/site-packages/airflow/example_dags/tutorial_etl_dag.py
[2023-10-16 12:06:02,978] {processor.py:654} INFO - DAG(s) dict_keys(['tutorial_etl_dag']) retrieved from /Users/namyoung/Desktop/myprj/airflow/airflow/lib/python3.7/site-packages/airflow/example_dags/tutorial_etl_dag.py
[2023-10-16 12:06:02,988] {logging_mixin.py:109} INFO - [2023-10-16 12:06:02,987] {dag.py:2396} INFO - Sync 1 DAGs
[2023-10-16 12:06:03,001] {logging_mixin.py:109} INFO - [2023-10-16 12:06:03,000] {dag.py:2935} INFO - Setting next_dagrun for tutorial_etl_dag to None
[2023-10-16 12:06:03,076] {processor.py:171} INFO - Processing /Users/namyoung/Desktop/myprj/airflow/airflow/lib/python3.7/site-packages/airflow/example_dags/tutorial_etl_dag.py took 0.124 seconds
[2023-10-16 13:32:06,936] {processor.py:163} INFO - Started process (PID=29944) to work on /Users/namyoung/Desktop/myprj/airflow/airflow/lib/python3.7/site-packages/airflow/example_dags/tutorial_etl_dag.py
[2023-10-16 13:32:06,938] {processor.py:642} INFO - Processing file /Users/namyoung/Desktop/myprj/airflow/airflow/lib/python3.7/site-packages/airflow/example_dags/tutorial_etl_dag.py for tasks to queue
[2023-10-16 13:32:06,939] {logging_mixin.py:109} INFO - [2023-10-16 13:32:06,939] {dagbag.py:500} INFO - Filling up the DagBag from /Users/namyoung/Desktop/myprj/airflow/airflow/lib/python3.7/site-packages/airflow/example_dags/tutorial_etl_dag.py
[2023-10-16 13:32:06,965] {processor.py:654} INFO - DAG(s) dict_keys(['tutorial_etl_dag']) retrieved from /Users/namyoung/Desktop/myprj/airflow/airflow/lib/python3.7/site-packages/airflow/example_dags/tutorial_etl_dag.py
[2023-10-16 13:32:06,972] {logging_mixin.py:109} INFO - [2023-10-16 13:32:06,972] {dag.py:2396} INFO - Sync 1 DAGs
[2023-10-16 13:32:06,980] {logging_mixin.py:109} INFO - [2023-10-16 13:32:06,980] {dag.py:2935} INFO - Setting next_dagrun for tutorial_etl_dag to None
[2023-10-16 13:32:06,986] {processor.py:171} INFO - Processing /Users/namyoung/Desktop/myprj/airflow/airflow/lib/python3.7/site-packages/airflow/example_dags/tutorial_etl_dag.py took 0.055 seconds
[2023-10-16 15:29:29,334] {processor.py:163} INFO - Started process (PID=30215) to work on /Users/namyoung/Desktop/myprj/airflow/airflow/lib/python3.7/site-packages/airflow/example_dags/tutorial_etl_dag.py
[2023-10-16 15:29:29,335] {processor.py:642} INFO - Processing file /Users/namyoung/Desktop/myprj/airflow/airflow/lib/python3.7/site-packages/airflow/example_dags/tutorial_etl_dag.py for tasks to queue
[2023-10-16 15:29:29,336] {logging_mixin.py:109} INFO - [2023-10-16 15:29:29,336] {dagbag.py:500} INFO - Filling up the DagBag from /Users/namyoung/Desktop/myprj/airflow/airflow/lib/python3.7/site-packages/airflow/example_dags/tutorial_etl_dag.py
[2023-10-16 15:29:29,351] {processor.py:654} INFO - DAG(s) dict_keys(['tutorial_etl_dag']) retrieved from /Users/namyoung/Desktop/myprj/airflow/airflow/lib/python3.7/site-packages/airflow/example_dags/tutorial_etl_dag.py
[2023-10-16 15:29:29,356] {logging_mixin.py:109} INFO - [2023-10-16 15:29:29,356] {dag.py:2396} INFO - Sync 1 DAGs
[2023-10-16 15:29:29,362] {logging_mixin.py:109} INFO - [2023-10-16 15:29:29,362] {dag.py:2935} INFO - Setting next_dagrun for tutorial_etl_dag to None
[2023-10-16 15:29:29,367] {processor.py:171} INFO - Processing /Users/namyoung/Desktop/myprj/airflow/airflow/lib/python3.7/site-packages/airflow/example_dags/tutorial_etl_dag.py took 0.035 seconds
[2023-10-16 17:10:26,090] {processor.py:163} INFO - Started process (PID=30358) to work on /Users/namyoung/Desktop/myprj/airflow/airflow/lib/python3.7/site-packages/airflow/example_dags/tutorial_etl_dag.py
[2023-10-16 17:10:26,091] {processor.py:642} INFO - Processing file /Users/namyoung/Desktop/myprj/airflow/airflow/lib/python3.7/site-packages/airflow/example_dags/tutorial_etl_dag.py for tasks to queue
[2023-10-16 17:10:26,091] {logging_mixin.py:109} INFO - [2023-10-16 17:10:26,091] {dagbag.py:500} INFO - Filling up the DagBag from /Users/namyoung/Desktop/myprj/airflow/airflow/lib/python3.7/site-packages/airflow/example_dags/tutorial_etl_dag.py
[2023-10-16 17:10:26,105] {processor.py:654} INFO - DAG(s) dict_keys(['tutorial_etl_dag']) retrieved from /Users/namyoung/Desktop/myprj/airflow/airflow/lib/python3.7/site-packages/airflow/example_dags/tutorial_etl_dag.py
[2023-10-16 17:10:26,110] {logging_mixin.py:109} INFO - [2023-10-16 17:10:26,110] {dag.py:2396} INFO - Sync 1 DAGs
[2023-10-16 17:10:26,116] {logging_mixin.py:109} INFO - [2023-10-16 17:10:26,116] {dag.py:2935} INFO - Setting next_dagrun for tutorial_etl_dag to None
[2023-10-16 17:10:26,122] {processor.py:171} INFO - Processing /Users/namyoung/Desktop/myprj/airflow/airflow/lib/python3.7/site-packages/airflow/example_dags/tutorial_etl_dag.py took 0.035 seconds
[2023-10-16 18:20:20,738] {processor.py:163} INFO - Started process (PID=30616) to work on /Users/namyoung/Desktop/myprj/airflow/airflow/lib/python3.7/site-packages/airflow/example_dags/tutorial_etl_dag.py
[2023-10-16 18:20:20,740] {processor.py:642} INFO - Processing file /Users/namyoung/Desktop/myprj/airflow/airflow/lib/python3.7/site-packages/airflow/example_dags/tutorial_etl_dag.py for tasks to queue
[2023-10-16 18:20:20,741] {logging_mixin.py:109} INFO - [2023-10-16 18:20:20,740] {dagbag.py:500} INFO - Filling up the DagBag from /Users/namyoung/Desktop/myprj/airflow/airflow/lib/python3.7/site-packages/airflow/example_dags/tutorial_etl_dag.py
[2023-10-16 18:20:20,763] {processor.py:654} INFO - DAG(s) dict_keys(['tutorial_etl_dag']) retrieved from /Users/namyoung/Desktop/myprj/airflow/airflow/lib/python3.7/site-packages/airflow/example_dags/tutorial_etl_dag.py
[2023-10-16 18:20:20,771] {logging_mixin.py:109} INFO - [2023-10-16 18:20:20,770] {dag.py:2396} INFO - Sync 1 DAGs
[2023-10-16 18:20:20,781] {logging_mixin.py:109} INFO - [2023-10-16 18:20:20,781] {dag.py:2935} INFO - Setting next_dagrun for tutorial_etl_dag to None
[2023-10-16 18:20:20,787] {processor.py:171} INFO - Processing /Users/namyoung/Desktop/myprj/airflow/airflow/lib/python3.7/site-packages/airflow/example_dags/tutorial_etl_dag.py took 0.053 seconds
[2023-10-16 20:02:27,183] {processor.py:163} INFO - Started process (PID=30748) to work on /Users/namyoung/Desktop/myprj/airflow/airflow/lib/python3.7/site-packages/airflow/example_dags/tutorial_etl_dag.py
[2023-10-16 20:02:27,183] {processor.py:642} INFO - Processing file /Users/namyoung/Desktop/myprj/airflow/airflow/lib/python3.7/site-packages/airflow/example_dags/tutorial_etl_dag.py for tasks to queue
[2023-10-16 20:02:27,184] {logging_mixin.py:109} INFO - [2023-10-16 20:02:27,184] {dagbag.py:500} INFO - Filling up the DagBag from /Users/namyoung/Desktop/myprj/airflow/airflow/lib/python3.7/site-packages/airflow/example_dags/tutorial_etl_dag.py
[2023-10-16 20:02:27,196] {processor.py:654} INFO - DAG(s) dict_keys(['tutorial_etl_dag']) retrieved from /Users/namyoung/Desktop/myprj/airflow/airflow/lib/python3.7/site-packages/airflow/example_dags/tutorial_etl_dag.py
[2023-10-16 20:02:27,201] {logging_mixin.py:109} INFO - [2023-10-16 20:02:27,201] {dag.py:2396} INFO - Sync 1 DAGs
[2023-10-16 20:02:27,208] {logging_mixin.py:109} INFO - [2023-10-16 20:02:27,208] {dag.py:2935} INFO - Setting next_dagrun for tutorial_etl_dag to None
[2023-10-16 20:02:27,216] {processor.py:171} INFO - Processing /Users/namyoung/Desktop/myprj/airflow/airflow/lib/python3.7/site-packages/airflow/example_dags/tutorial_etl_dag.py took 0.035 seconds
[2023-10-16 21:39:34,573] {processor.py:163} INFO - Started process (PID=31017) to work on /Users/namyoung/Desktop/myprj/airflow/airflow/lib/python3.7/site-packages/airflow/example_dags/tutorial_etl_dag.py
[2023-10-16 21:39:34,574] {processor.py:642} INFO - Processing file /Users/namyoung/Desktop/myprj/airflow/airflow/lib/python3.7/site-packages/airflow/example_dags/tutorial_etl_dag.py for tasks to queue
[2023-10-16 21:39:34,575] {logging_mixin.py:109} INFO - [2023-10-16 21:39:34,574] {dagbag.py:500} INFO - Filling up the DagBag from /Users/namyoung/Desktop/myprj/airflow/airflow/lib/python3.7/site-packages/airflow/example_dags/tutorial_etl_dag.py
[2023-10-16 21:39:34,587] {processor.py:654} INFO - DAG(s) dict_keys(['tutorial_etl_dag']) retrieved from /Users/namyoung/Desktop/myprj/airflow/airflow/lib/python3.7/site-packages/airflow/example_dags/tutorial_etl_dag.py
[2023-10-16 21:39:34,593] {logging_mixin.py:109} INFO - [2023-10-16 21:39:34,593] {dag.py:2396} INFO - Sync 1 DAGs
[2023-10-16 21:39:34,601] {logging_mixin.py:109} INFO - [2023-10-16 21:39:34,601] {dag.py:2935} INFO - Setting next_dagrun for tutorial_etl_dag to None
[2023-10-16 21:39:34,608] {processor.py:171} INFO - Processing /Users/namyoung/Desktop/myprj/airflow/airflow/lib/python3.7/site-packages/airflow/example_dags/tutorial_etl_dag.py took 0.037 seconds
[2023-10-16 23:01:40,413] {processor.py:163} INFO - Started process (PID=31142) to work on /Users/namyoung/Desktop/myprj/airflow/airflow/lib/python3.7/site-packages/airflow/example_dags/tutorial_etl_dag.py
[2023-10-16 23:01:40,415] {processor.py:642} INFO - Processing file /Users/namyoung/Desktop/myprj/airflow/airflow/lib/python3.7/site-packages/airflow/example_dags/tutorial_etl_dag.py for tasks to queue
[2023-10-16 23:01:40,416] {logging_mixin.py:109} INFO - [2023-10-16 23:01:40,416] {dagbag.py:500} INFO - Filling up the DagBag from /Users/namyoung/Desktop/myprj/airflow/airflow/lib/python3.7/site-packages/airflow/example_dags/tutorial_etl_dag.py
[2023-10-16 23:01:40,444] {processor.py:654} INFO - DAG(s) dict_keys(['tutorial_etl_dag']) retrieved from /Users/namyoung/Desktop/myprj/airflow/airflow/lib/python3.7/site-packages/airflow/example_dags/tutorial_etl_dag.py
[2023-10-16 23:01:40,452] {logging_mixin.py:109} INFO - [2023-10-16 23:01:40,452] {dag.py:2396} INFO - Sync 1 DAGs
[2023-10-16 23:01:40,460] {logging_mixin.py:109} INFO - [2023-10-16 23:01:40,460] {dag.py:2935} INFO - Setting next_dagrun for tutorial_etl_dag to None
[2023-10-16 23:01:40,466] {processor.py:171} INFO - Processing /Users/namyoung/Desktop/myprj/airflow/airflow/lib/python3.7/site-packages/airflow/example_dags/tutorial_etl_dag.py took 0.059 seconds
[2023-10-17 00:39:45,891] {processor.py:163} INFO - Started process (PID=31408) to work on /Users/namyoung/Desktop/myprj/airflow/airflow/lib/python3.7/site-packages/airflow/example_dags/tutorial_etl_dag.py
[2023-10-17 00:39:45,891] {processor.py:642} INFO - Processing file /Users/namyoung/Desktop/myprj/airflow/airflow/lib/python3.7/site-packages/airflow/example_dags/tutorial_etl_dag.py for tasks to queue
[2023-10-17 00:39:45,892] {logging_mixin.py:109} INFO - [2023-10-17 00:39:45,892] {dagbag.py:500} INFO - Filling up the DagBag from /Users/namyoung/Desktop/myprj/airflow/airflow/lib/python3.7/site-packages/airflow/example_dags/tutorial_etl_dag.py
[2023-10-17 00:39:45,903] {processor.py:654} INFO - DAG(s) dict_keys(['tutorial_etl_dag']) retrieved from /Users/namyoung/Desktop/myprj/airflow/airflow/lib/python3.7/site-packages/airflow/example_dags/tutorial_etl_dag.py
[2023-10-17 00:39:45,909] {logging_mixin.py:109} INFO - [2023-10-17 00:39:45,908] {dag.py:2396} INFO - Sync 1 DAGs
[2023-10-17 00:39:45,915] {logging_mixin.py:109} INFO - [2023-10-17 00:39:45,915] {dag.py:2935} INFO - Setting next_dagrun for tutorial_etl_dag to None
[2023-10-17 00:39:45,921] {processor.py:171} INFO - Processing /Users/namyoung/Desktop/myprj/airflow/airflow/lib/python3.7/site-packages/airflow/example_dags/tutorial_etl_dag.py took 0.032 seconds
[2023-10-17 02:17:51,444] {processor.py:163} INFO - Started process (PID=31535) to work on /Users/namyoung/Desktop/myprj/airflow/airflow/lib/python3.7/site-packages/airflow/example_dags/tutorial_etl_dag.py
[2023-10-17 02:17:51,445] {processor.py:642} INFO - Processing file /Users/namyoung/Desktop/myprj/airflow/airflow/lib/python3.7/site-packages/airflow/example_dags/tutorial_etl_dag.py for tasks to queue
[2023-10-17 02:17:51,445] {logging_mixin.py:109} INFO - [2023-10-17 02:17:51,445] {dagbag.py:500} INFO - Filling up the DagBag from /Users/namyoung/Desktop/myprj/airflow/airflow/lib/python3.7/site-packages/airflow/example_dags/tutorial_etl_dag.py
[2023-10-17 02:17:51,458] {processor.py:654} INFO - DAG(s) dict_keys(['tutorial_etl_dag']) retrieved from /Users/namyoung/Desktop/myprj/airflow/airflow/lib/python3.7/site-packages/airflow/example_dags/tutorial_etl_dag.py
[2023-10-17 02:17:51,463] {logging_mixin.py:109} INFO - [2023-10-17 02:17:51,463] {dag.py:2396} INFO - Sync 1 DAGs
[2023-10-17 02:17:51,471] {logging_mixin.py:109} INFO - [2023-10-17 02:17:51,471] {dag.py:2935} INFO - Setting next_dagrun for tutorial_etl_dag to None
[2023-10-17 02:17:51,476] {processor.py:171} INFO - Processing /Users/namyoung/Desktop/myprj/airflow/airflow/lib/python3.7/site-packages/airflow/example_dags/tutorial_etl_dag.py took 0.034 seconds
[2023-10-17 03:53:38,078] {processor.py:163} INFO - Started process (PID=31802) to work on /Users/namyoung/Desktop/myprj/airflow/airflow/lib/python3.7/site-packages/airflow/example_dags/tutorial_etl_dag.py
[2023-10-17 03:53:38,079] {processor.py:642} INFO - Processing file /Users/namyoung/Desktop/myprj/airflow/airflow/lib/python3.7/site-packages/airflow/example_dags/tutorial_etl_dag.py for tasks to queue
[2023-10-17 03:53:38,080] {logging_mixin.py:109} INFO - [2023-10-17 03:53:38,080] {dagbag.py:500} INFO - Filling up the DagBag from /Users/namyoung/Desktop/myprj/airflow/airflow/lib/python3.7/site-packages/airflow/example_dags/tutorial_etl_dag.py
[2023-10-17 03:53:38,096] {processor.py:654} INFO - DAG(s) dict_keys(['tutorial_etl_dag']) retrieved from /Users/namyoung/Desktop/myprj/airflow/airflow/lib/python3.7/site-packages/airflow/example_dags/tutorial_etl_dag.py
[2023-10-17 03:53:38,115] {logging_mixin.py:109} INFO - [2023-10-17 03:53:38,115] {dag.py:2396} INFO - Sync 1 DAGs
[2023-10-17 03:53:38,129] {logging_mixin.py:109} INFO - [2023-10-17 03:53:38,129] {dag.py:2935} INFO - Setting next_dagrun for tutorial_etl_dag to None
[2023-10-17 03:53:38,136] {processor.py:171} INFO - Processing /Users/namyoung/Desktop/myprj/airflow/airflow/lib/python3.7/site-packages/airflow/example_dags/tutorial_etl_dag.py took 0.061 seconds
[2023-10-17 05:27:32,453] {processor.py:163} INFO - Started process (PID=31951) to work on /Users/namyoung/Desktop/myprj/airflow/airflow/lib/python3.7/site-packages/airflow/example_dags/tutorial_etl_dag.py
[2023-10-17 05:27:32,454] {processor.py:642} INFO - Processing file /Users/namyoung/Desktop/myprj/airflow/airflow/lib/python3.7/site-packages/airflow/example_dags/tutorial_etl_dag.py for tasks to queue
[2023-10-17 05:27:32,454] {logging_mixin.py:109} INFO - [2023-10-17 05:27:32,454] {dagbag.py:500} INFO - Filling up the DagBag from /Users/namyoung/Desktop/myprj/airflow/airflow/lib/python3.7/site-packages/airflow/example_dags/tutorial_etl_dag.py
[2023-10-17 05:27:32,467] {processor.py:654} INFO - DAG(s) dict_keys(['tutorial_etl_dag']) retrieved from /Users/namyoung/Desktop/myprj/airflow/airflow/lib/python3.7/site-packages/airflow/example_dags/tutorial_etl_dag.py
[2023-10-17 05:27:32,473] {logging_mixin.py:109} INFO - [2023-10-17 05:27:32,472] {dag.py:2396} INFO - Sync 1 DAGs
[2023-10-17 05:27:32,480] {logging_mixin.py:109} INFO - [2023-10-17 05:27:32,480] {dag.py:2935} INFO - Setting next_dagrun for tutorial_etl_dag to None
[2023-10-17 05:27:32,486] {processor.py:171} INFO - Processing /Users/namyoung/Desktop/myprj/airflow/airflow/lib/python3.7/site-packages/airflow/example_dags/tutorial_etl_dag.py took 0.035 seconds
[2023-10-17 07:08:25,534] {processor.py:163} INFO - Started process (PID=32220) to work on /Users/namyoung/Desktop/myprj/airflow/airflow/lib/python3.7/site-packages/airflow/example_dags/tutorial_etl_dag.py
[2023-10-17 07:08:25,535] {processor.py:642} INFO - Processing file /Users/namyoung/Desktop/myprj/airflow/airflow/lib/python3.7/site-packages/airflow/example_dags/tutorial_etl_dag.py for tasks to queue
[2023-10-17 07:08:25,537] {logging_mixin.py:109} INFO - [2023-10-17 07:08:25,536] {dagbag.py:500} INFO - Filling up the DagBag from /Users/namyoung/Desktop/myprj/airflow/airflow/lib/python3.7/site-packages/airflow/example_dags/tutorial_etl_dag.py
[2023-10-17 07:08:25,563] {processor.py:654} INFO - DAG(s) dict_keys(['tutorial_etl_dag']) retrieved from /Users/namyoung/Desktop/myprj/airflow/airflow/lib/python3.7/site-packages/airflow/example_dags/tutorial_etl_dag.py
[2023-10-17 07:08:25,572] {logging_mixin.py:109} INFO - [2023-10-17 07:08:25,572] {dag.py:2396} INFO - Sync 1 DAGs
[2023-10-17 07:08:25,581] {logging_mixin.py:109} INFO - [2023-10-17 07:08:25,581] {dag.py:2935} INFO - Setting next_dagrun for tutorial_etl_dag to None
[2023-10-17 07:08:25,587] {processor.py:171} INFO - Processing /Users/namyoung/Desktop/myprj/airflow/airflow/lib/python3.7/site-packages/airflow/example_dags/tutorial_etl_dag.py took 0.059 seconds
[2023-10-17 08:47:02,790] {processor.py:163} INFO - Started process (PID=32353) to work on /Users/namyoung/Desktop/myprj/airflow/airflow/lib/python3.7/site-packages/airflow/example_dags/tutorial_etl_dag.py
[2023-10-17 08:47:02,790] {processor.py:642} INFO - Processing file /Users/namyoung/Desktop/myprj/airflow/airflow/lib/python3.7/site-packages/airflow/example_dags/tutorial_etl_dag.py for tasks to queue
[2023-10-17 08:47:02,791] {logging_mixin.py:109} INFO - [2023-10-17 08:47:02,791] {dagbag.py:500} INFO - Filling up the DagBag from /Users/namyoung/Desktop/myprj/airflow/airflow/lib/python3.7/site-packages/airflow/example_dags/tutorial_etl_dag.py
[2023-10-17 08:47:02,803] {processor.py:654} INFO - DAG(s) dict_keys(['tutorial_etl_dag']) retrieved from /Users/namyoung/Desktop/myprj/airflow/airflow/lib/python3.7/site-packages/airflow/example_dags/tutorial_etl_dag.py
[2023-10-17 08:47:02,809] {logging_mixin.py:109} INFO - [2023-10-17 08:47:02,809] {dag.py:2396} INFO - Sync 1 DAGs
[2023-10-17 08:47:02,816] {logging_mixin.py:109} INFO - [2023-10-17 08:47:02,816] {dag.py:2935} INFO - Setting next_dagrun for tutorial_etl_dag to None
[2023-10-17 08:47:02,824] {processor.py:171} INFO - Processing /Users/namyoung/Desktop/myprj/airflow/airflow/lib/python3.7/site-packages/airflow/example_dags/tutorial_etl_dag.py took 0.036 seconds
