[2023-10-16 10:23:22,041] {processor.py:163} INFO - Started process (PID=29550) to work on /Users/namyoung/Desktop/myprj/airflow/airflow/lib/python3.7/site-packages/airflow/example_dags/tutorial.py
[2023-10-16 10:23:22,042] {processor.py:642} INFO - Processing file /Users/namyoung/Desktop/myprj/airflow/airflow/lib/python3.7/site-packages/airflow/example_dags/tutorial.py for tasks to queue
[2023-10-16 10:23:22,043] {logging_mixin.py:109} INFO - [2023-10-16 10:23:22,043] {dagbag.py:500} INFO - Filling up the DagBag from /Users/namyoung/Desktop/myprj/airflow/airflow/lib/python3.7/site-packages/airflow/example_dags/tutorial.py
[2023-10-16 10:23:22,058] {processor.py:654} INFO - DAG(s) dict_keys(['tutorial']) retrieved from /Users/namyoung/Desktop/myprj/airflow/airflow/lib/python3.7/site-packages/airflow/example_dags/tutorial.py
[2023-10-16 10:23:22,064] {logging_mixin.py:109} INFO - [2023-10-16 10:23:22,064] {dag.py:2396} INFO - Sync 1 DAGs
[2023-10-16 10:23:22,072] {logging_mixin.py:109} INFO - [2023-10-16 10:23:22,071] {dag.py:2935} INFO - Setting next_dagrun for tutorial to 2023-10-15T01:23:22.071783+00:00
[2023-10-16 10:23:22,078] {processor.py:171} INFO - Processing /Users/namyoung/Desktop/myprj/airflow/airflow/lib/python3.7/site-packages/airflow/example_dags/tutorial.py took 0.038 seconds
[2023-10-16 12:06:04,219] {processor.py:163} INFO - Started process (PID=29816) to work on /Users/namyoung/Desktop/myprj/airflow/airflow/lib/python3.7/site-packages/airflow/example_dags/tutorial.py
[2023-10-16 12:06:04,220] {processor.py:642} INFO - Processing file /Users/namyoung/Desktop/myprj/airflow/airflow/lib/python3.7/site-packages/airflow/example_dags/tutorial.py for tasks to queue
[2023-10-16 12:06:04,220] {logging_mixin.py:109} INFO - [2023-10-16 12:06:04,220] {dagbag.py:500} INFO - Filling up the DagBag from /Users/namyoung/Desktop/myprj/airflow/airflow/lib/python3.7/site-packages/airflow/example_dags/tutorial.py
[2023-10-16 12:06:04,233] {processor.py:654} INFO - DAG(s) dict_keys(['tutorial']) retrieved from /Users/namyoung/Desktop/myprj/airflow/airflow/lib/python3.7/site-packages/airflow/example_dags/tutorial.py
[2023-10-16 12:06:04,239] {logging_mixin.py:109} INFO - [2023-10-16 12:06:04,238] {dag.py:2396} INFO - Sync 1 DAGs
[2023-10-16 12:06:04,246] {logging_mixin.py:109} INFO - [2023-10-16 12:06:04,245] {dag.py:2935} INFO - Setting next_dagrun for tutorial to 2023-10-15T03:06:04.245709+00:00
[2023-10-16 12:06:04,251] {processor.py:171} INFO - Processing /Users/namyoung/Desktop/myprj/airflow/airflow/lib/python3.7/site-packages/airflow/example_dags/tutorial.py took 0.034 seconds
[2023-10-16 13:32:08,104] {processor.py:163} INFO - Started process (PID=29945) to work on /Users/namyoung/Desktop/myprj/airflow/airflow/lib/python3.7/site-packages/airflow/example_dags/tutorial.py
[2023-10-16 13:32:08,106] {processor.py:642} INFO - Processing file /Users/namyoung/Desktop/myprj/airflow/airflow/lib/python3.7/site-packages/airflow/example_dags/tutorial.py for tasks to queue
[2023-10-16 13:32:08,107] {logging_mixin.py:109} INFO - [2023-10-16 13:32:08,107] {dagbag.py:500} INFO - Filling up the DagBag from /Users/namyoung/Desktop/myprj/airflow/airflow/lib/python3.7/site-packages/airflow/example_dags/tutorial.py
[2023-10-16 13:32:08,137] {processor.py:654} INFO - DAG(s) dict_keys(['tutorial']) retrieved from /Users/namyoung/Desktop/myprj/airflow/airflow/lib/python3.7/site-packages/airflow/example_dags/tutorial.py
[2023-10-16 13:32:08,146] {logging_mixin.py:109} INFO - [2023-10-16 13:32:08,146] {dag.py:2396} INFO - Sync 1 DAGs
[2023-10-16 13:32:08,154] {logging_mixin.py:109} INFO - [2023-10-16 13:32:08,154] {dag.py:2935} INFO - Setting next_dagrun for tutorial to 2023-10-15T04:32:08.153938+00:00
[2023-10-16 13:32:08,160] {processor.py:171} INFO - Processing /Users/namyoung/Desktop/myprj/airflow/airflow/lib/python3.7/site-packages/airflow/example_dags/tutorial.py took 0.061 seconds
[2023-10-16 15:29:29,690] {processor.py:163} INFO - Started process (PID=30217) to work on /Users/namyoung/Desktop/myprj/airflow/airflow/lib/python3.7/site-packages/airflow/example_dags/tutorial.py
[2023-10-16 15:29:29,690] {processor.py:642} INFO - Processing file /Users/namyoung/Desktop/myprj/airflow/airflow/lib/python3.7/site-packages/airflow/example_dags/tutorial.py for tasks to queue
[2023-10-16 15:29:29,691] {logging_mixin.py:109} INFO - [2023-10-16 15:29:29,691] {dagbag.py:500} INFO - Filling up the DagBag from /Users/namyoung/Desktop/myprj/airflow/airflow/lib/python3.7/site-packages/airflow/example_dags/tutorial.py
[2023-10-16 15:29:29,706] {processor.py:654} INFO - DAG(s) dict_keys(['tutorial']) retrieved from /Users/namyoung/Desktop/myprj/airflow/airflow/lib/python3.7/site-packages/airflow/example_dags/tutorial.py
[2023-10-16 15:29:29,711] {logging_mixin.py:109} INFO - [2023-10-16 15:29:29,711] {dag.py:2396} INFO - Sync 1 DAGs
[2023-10-16 15:29:29,719] {logging_mixin.py:109} INFO - [2023-10-16 15:29:29,719] {dag.py:2935} INFO - Setting next_dagrun for tutorial to 2023-10-15T06:29:29.718994+00:00
[2023-10-16 15:29:29,724] {processor.py:171} INFO - Processing /Users/namyoung/Desktop/myprj/airflow/airflow/lib/python3.7/site-packages/airflow/example_dags/tutorial.py took 0.037 seconds
[2023-10-16 17:10:27,247] {processor.py:163} INFO - Started process (PID=30368) to work on /Users/namyoung/Desktop/myprj/airflow/airflow/lib/python3.7/site-packages/airflow/example_dags/tutorial.py
[2023-10-16 17:10:27,248] {processor.py:642} INFO - Processing file /Users/namyoung/Desktop/myprj/airflow/airflow/lib/python3.7/site-packages/airflow/example_dags/tutorial.py for tasks to queue
[2023-10-16 17:10:27,249] {logging_mixin.py:109} INFO - [2023-10-16 17:10:27,249] {dagbag.py:500} INFO - Filling up the DagBag from /Users/namyoung/Desktop/myprj/airflow/airflow/lib/python3.7/site-packages/airflow/example_dags/tutorial.py
[2023-10-16 17:10:27,263] {processor.py:654} INFO - DAG(s) dict_keys(['tutorial']) retrieved from /Users/namyoung/Desktop/myprj/airflow/airflow/lib/python3.7/site-packages/airflow/example_dags/tutorial.py
[2023-10-16 17:10:27,268] {logging_mixin.py:109} INFO - [2023-10-16 17:10:27,268] {dag.py:2396} INFO - Sync 1 DAGs
[2023-10-16 17:10:27,275] {logging_mixin.py:109} INFO - [2023-10-16 17:10:27,275] {dag.py:2935} INFO - Setting next_dagrun for tutorial to 2023-10-15T08:10:27.275242+00:00
[2023-10-16 17:10:27,281] {processor.py:171} INFO - Processing /Users/namyoung/Desktop/myprj/airflow/airflow/lib/python3.7/site-packages/airflow/example_dags/tutorial.py took 0.036 seconds
[2023-10-16 18:20:21,910] {processor.py:163} INFO - Started process (PID=30617) to work on /Users/namyoung/Desktop/myprj/airflow/airflow/lib/python3.7/site-packages/airflow/example_dags/tutorial.py
[2023-10-16 18:20:21,912] {processor.py:642} INFO - Processing file /Users/namyoung/Desktop/myprj/airflow/airflow/lib/python3.7/site-packages/airflow/example_dags/tutorial.py for tasks to queue
[2023-10-16 18:20:21,913] {logging_mixin.py:109} INFO - [2023-10-16 18:20:21,913] {dagbag.py:500} INFO - Filling up the DagBag from /Users/namyoung/Desktop/myprj/airflow/airflow/lib/python3.7/site-packages/airflow/example_dags/tutorial.py
[2023-10-16 18:20:21,940] {processor.py:654} INFO - DAG(s) dict_keys(['tutorial']) retrieved from /Users/namyoung/Desktop/myprj/airflow/airflow/lib/python3.7/site-packages/airflow/example_dags/tutorial.py
[2023-10-16 18:20:21,948] {logging_mixin.py:109} INFO - [2023-10-16 18:20:21,948] {dag.py:2396} INFO - Sync 1 DAGs
[2023-10-16 18:20:21,956] {logging_mixin.py:109} INFO - [2023-10-16 18:20:21,955] {dag.py:2935} INFO - Setting next_dagrun for tutorial to 2023-10-15T09:20:21.955734+00:00
[2023-10-16 18:20:21,961] {processor.py:171} INFO - Processing /Users/namyoung/Desktop/myprj/airflow/airflow/lib/python3.7/site-packages/airflow/example_dags/tutorial.py took 0.056 seconds
[2023-10-16 20:02:28,328] {processor.py:163} INFO - Started process (PID=30757) to work on /Users/namyoung/Desktop/myprj/airflow/airflow/lib/python3.7/site-packages/airflow/example_dags/tutorial.py
[2023-10-16 20:02:28,329] {processor.py:642} INFO - Processing file /Users/namyoung/Desktop/myprj/airflow/airflow/lib/python3.7/site-packages/airflow/example_dags/tutorial.py for tasks to queue
[2023-10-16 20:02:28,329] {logging_mixin.py:109} INFO - [2023-10-16 20:02:28,329] {dagbag.py:500} INFO - Filling up the DagBag from /Users/namyoung/Desktop/myprj/airflow/airflow/lib/python3.7/site-packages/airflow/example_dags/tutorial.py
[2023-10-16 20:02:28,343] {processor.py:654} INFO - DAG(s) dict_keys(['tutorial']) retrieved from /Users/namyoung/Desktop/myprj/airflow/airflow/lib/python3.7/site-packages/airflow/example_dags/tutorial.py
[2023-10-16 20:02:28,348] {logging_mixin.py:109} INFO - [2023-10-16 20:02:28,348] {dag.py:2396} INFO - Sync 1 DAGs
[2023-10-16 20:02:28,355] {logging_mixin.py:109} INFO - [2023-10-16 20:02:28,355] {dag.py:2935} INFO - Setting next_dagrun for tutorial to 2023-10-15T11:02:28.355479+00:00
[2023-10-16 20:02:28,363] {processor.py:171} INFO - Processing /Users/namyoung/Desktop/myprj/airflow/airflow/lib/python3.7/site-packages/airflow/example_dags/tutorial.py took 0.036 seconds
[2023-10-16 21:39:35,164] {processor.py:163} INFO - Started process (PID=31023) to work on /Users/namyoung/Desktop/myprj/airflow/airflow/lib/python3.7/site-packages/airflow/example_dags/tutorial.py
[2023-10-16 21:39:35,165] {processor.py:642} INFO - Processing file /Users/namyoung/Desktop/myprj/airflow/airflow/lib/python3.7/site-packages/airflow/example_dags/tutorial.py for tasks to queue
[2023-10-16 21:39:35,165] {logging_mixin.py:109} INFO - [2023-10-16 21:39:35,165] {dagbag.py:500} INFO - Filling up the DagBag from /Users/namyoung/Desktop/myprj/airflow/airflow/lib/python3.7/site-packages/airflow/example_dags/tutorial.py
[2023-10-16 21:39:35,178] {processor.py:654} INFO - DAG(s) dict_keys(['tutorial']) retrieved from /Users/namyoung/Desktop/myprj/airflow/airflow/lib/python3.7/site-packages/airflow/example_dags/tutorial.py
[2023-10-16 21:39:35,185] {logging_mixin.py:109} INFO - [2023-10-16 21:39:35,185] {dag.py:2396} INFO - Sync 1 DAGs
[2023-10-16 21:39:35,192] {logging_mixin.py:109} INFO - [2023-10-16 21:39:35,192] {dag.py:2935} INFO - Setting next_dagrun for tutorial to 2023-10-15T12:39:35.191951+00:00
[2023-10-16 21:39:35,199] {processor.py:171} INFO - Processing /Users/namyoung/Desktop/myprj/airflow/airflow/lib/python3.7/site-packages/airflow/example_dags/tutorial.py took 0.037 seconds
[2023-10-16 23:17:49,157] {processor.py:163} INFO - Started process (PID=31145) to work on /Users/namyoung/Desktop/myprj/airflow/airflow/lib/python3.7/site-packages/airflow/example_dags/tutorial.py
[2023-10-16 23:17:49,158] {processor.py:642} INFO - Processing file /Users/namyoung/Desktop/myprj/airflow/airflow/lib/python3.7/site-packages/airflow/example_dags/tutorial.py for tasks to queue
[2023-10-16 23:17:49,159] {logging_mixin.py:109} INFO - [2023-10-16 23:17:49,159] {dagbag.py:500} INFO - Filling up the DagBag from /Users/namyoung/Desktop/myprj/airflow/airflow/lib/python3.7/site-packages/airflow/example_dags/tutorial.py
[2023-10-16 23:17:49,174] {processor.py:654} INFO - DAG(s) dict_keys(['tutorial']) retrieved from /Users/namyoung/Desktop/myprj/airflow/airflow/lib/python3.7/site-packages/airflow/example_dags/tutorial.py
[2023-10-16 23:17:49,181] {logging_mixin.py:109} INFO - [2023-10-16 23:17:49,181] {dag.py:2396} INFO - Sync 1 DAGs
[2023-10-16 23:17:49,189] {logging_mixin.py:109} INFO - [2023-10-16 23:17:49,188] {dag.py:2935} INFO - Setting next_dagrun for tutorial to 2023-10-15T14:17:49.188721+00:00
[2023-10-16 23:17:49,194] {processor.py:171} INFO - Processing /Users/namyoung/Desktop/myprj/airflow/airflow/lib/python3.7/site-packages/airflow/example_dags/tutorial.py took 0.039 seconds
[2023-10-17 00:39:46,331] {processor.py:163} INFO - Started process (PID=31409) to work on /Users/namyoung/Desktop/myprj/airflow/airflow/lib/python3.7/site-packages/airflow/example_dags/tutorial.py
[2023-10-17 00:39:46,332] {processor.py:642} INFO - Processing file /Users/namyoung/Desktop/myprj/airflow/airflow/lib/python3.7/site-packages/airflow/example_dags/tutorial.py for tasks to queue
[2023-10-17 00:39:46,332] {logging_mixin.py:109} INFO - [2023-10-17 00:39:46,332] {dagbag.py:500} INFO - Filling up the DagBag from /Users/namyoung/Desktop/myprj/airflow/airflow/lib/python3.7/site-packages/airflow/example_dags/tutorial.py
[2023-10-17 00:39:46,346] {processor.py:654} INFO - DAG(s) dict_keys(['tutorial']) retrieved from /Users/namyoung/Desktop/myprj/airflow/airflow/lib/python3.7/site-packages/airflow/example_dags/tutorial.py
[2023-10-17 00:39:46,351] {logging_mixin.py:109} INFO - [2023-10-17 00:39:46,351] {dag.py:2396} INFO - Sync 1 DAGs
[2023-10-17 00:39:46,358] {logging_mixin.py:109} INFO - [2023-10-17 00:39:46,358] {dag.py:2935} INFO - Setting next_dagrun for tutorial to 2023-10-15T15:39:46.358173+00:00
[2023-10-17 00:39:46,364] {processor.py:171} INFO - Processing /Users/namyoung/Desktop/myprj/airflow/airflow/lib/python3.7/site-packages/airflow/example_dags/tutorial.py took 0.035 seconds
[2023-10-17 02:17:52,592] {processor.py:163} INFO - Started process (PID=31540) to work on /Users/namyoung/Desktop/myprj/airflow/airflow/lib/python3.7/site-packages/airflow/example_dags/tutorial.py
[2023-10-17 02:17:52,593] {processor.py:642} INFO - Processing file /Users/namyoung/Desktop/myprj/airflow/airflow/lib/python3.7/site-packages/airflow/example_dags/tutorial.py for tasks to queue
[2023-10-17 02:17:52,593] {logging_mixin.py:109} INFO - [2023-10-17 02:17:52,593] {dagbag.py:500} INFO - Filling up the DagBag from /Users/namyoung/Desktop/myprj/airflow/airflow/lib/python3.7/site-packages/airflow/example_dags/tutorial.py
[2023-10-17 02:17:52,607] {processor.py:654} INFO - DAG(s) dict_keys(['tutorial']) retrieved from /Users/namyoung/Desktop/myprj/airflow/airflow/lib/python3.7/site-packages/airflow/example_dags/tutorial.py
[2023-10-17 02:17:52,613] {logging_mixin.py:109} INFO - [2023-10-17 02:17:52,613] {dag.py:2396} INFO - Sync 1 DAGs
[2023-10-17 02:17:52,621] {logging_mixin.py:109} INFO - [2023-10-17 02:17:52,620] {dag.py:2935} INFO - Setting next_dagrun for tutorial to 2023-10-15T17:17:52.620770+00:00
[2023-10-17 02:17:52,626] {processor.py:171} INFO - Processing /Users/namyoung/Desktop/myprj/airflow/airflow/lib/python3.7/site-packages/airflow/example_dags/tutorial.py took 0.036 seconds
[2023-10-17 03:53:39,227] {processor.py:163} INFO - Started process (PID=31812) to work on /Users/namyoung/Desktop/myprj/airflow/airflow/lib/python3.7/site-packages/airflow/example_dags/tutorial.py
[2023-10-17 03:53:39,228] {processor.py:642} INFO - Processing file /Users/namyoung/Desktop/myprj/airflow/airflow/lib/python3.7/site-packages/airflow/example_dags/tutorial.py for tasks to queue
[2023-10-17 03:53:39,228] {logging_mixin.py:109} INFO - [2023-10-17 03:53:39,228] {dagbag.py:500} INFO - Filling up the DagBag from /Users/namyoung/Desktop/myprj/airflow/airflow/lib/python3.7/site-packages/airflow/example_dags/tutorial.py
[2023-10-17 03:53:39,241] {processor.py:654} INFO - DAG(s) dict_keys(['tutorial']) retrieved from /Users/namyoung/Desktop/myprj/airflow/airflow/lib/python3.7/site-packages/airflow/example_dags/tutorial.py
[2023-10-17 03:53:39,246] {logging_mixin.py:109} INFO - [2023-10-17 03:53:39,246] {dag.py:2396} INFO - Sync 1 DAGs
[2023-10-17 03:53:39,253] {logging_mixin.py:109} INFO - [2023-10-17 03:53:39,253] {dag.py:2935} INFO - Setting next_dagrun for tutorial to 2023-10-15T18:53:39.253484+00:00
[2023-10-17 03:53:39,258] {processor.py:171} INFO - Processing /Users/namyoung/Desktop/myprj/airflow/airflow/lib/python3.7/site-packages/airflow/example_dags/tutorial.py took 0.033 seconds
[2023-10-17 05:27:33,625] {processor.py:163} INFO - Started process (PID=31957) to work on /Users/namyoung/Desktop/myprj/airflow/airflow/lib/python3.7/site-packages/airflow/example_dags/tutorial.py
[2023-10-17 05:27:33,627] {processor.py:642} INFO - Processing file /Users/namyoung/Desktop/myprj/airflow/airflow/lib/python3.7/site-packages/airflow/example_dags/tutorial.py for tasks to queue
[2023-10-17 05:27:33,628] {logging_mixin.py:109} INFO - [2023-10-17 05:27:33,628] {dagbag.py:500} INFO - Filling up the DagBag from /Users/namyoung/Desktop/myprj/airflow/airflow/lib/python3.7/site-packages/airflow/example_dags/tutorial.py
[2023-10-17 05:27:33,656] {processor.py:654} INFO - DAG(s) dict_keys(['tutorial']) retrieved from /Users/namyoung/Desktop/myprj/airflow/airflow/lib/python3.7/site-packages/airflow/example_dags/tutorial.py
[2023-10-17 05:27:33,664] {logging_mixin.py:109} INFO - [2023-10-17 05:27:33,664] {dag.py:2396} INFO - Sync 1 DAGs
[2023-10-17 05:27:33,672] {logging_mixin.py:109} INFO - [2023-10-17 05:27:33,672] {dag.py:2935} INFO - Setting next_dagrun for tutorial to 2023-10-15T20:27:33.672267+00:00
[2023-10-17 05:27:33,678] {processor.py:171} INFO - Processing /Users/namyoung/Desktop/myprj/airflow/airflow/lib/python3.7/site-packages/airflow/example_dags/tutorial.py took 0.059 seconds
[2023-10-17 07:08:26,072] {processor.py:163} INFO - Started process (PID=32221) to work on /Users/namyoung/Desktop/myprj/airflow/airflow/lib/python3.7/site-packages/airflow/example_dags/tutorial.py
[2023-10-17 07:08:26,073] {processor.py:642} INFO - Processing file /Users/namyoung/Desktop/myprj/airflow/airflow/lib/python3.7/site-packages/airflow/example_dags/tutorial.py for tasks to queue
[2023-10-17 07:08:26,074] {logging_mixin.py:109} INFO - [2023-10-17 07:08:26,074] {dagbag.py:500} INFO - Filling up the DagBag from /Users/namyoung/Desktop/myprj/airflow/airflow/lib/python3.7/site-packages/airflow/example_dags/tutorial.py
[2023-10-17 07:08:26,086] {processor.py:654} INFO - DAG(s) dict_keys(['tutorial']) retrieved from /Users/namyoung/Desktop/myprj/airflow/airflow/lib/python3.7/site-packages/airflow/example_dags/tutorial.py
[2023-10-17 07:08:26,092] {logging_mixin.py:109} INFO - [2023-10-17 07:08:26,091] {dag.py:2396} INFO - Sync 1 DAGs
[2023-10-17 07:08:26,099] {logging_mixin.py:109} INFO - [2023-10-17 07:08:26,098] {dag.py:2935} INFO - Setting next_dagrun for tutorial to 2023-10-15T22:08:26.098790+00:00
[2023-10-17 07:08:26,104] {processor.py:171} INFO - Processing /Users/namyoung/Desktop/myprj/airflow/airflow/lib/python3.7/site-packages/airflow/example_dags/tutorial.py took 0.035 seconds
[2023-10-17 08:47:03,942] {processor.py:163} INFO - Started process (PID=32358) to work on /Users/namyoung/Desktop/myprj/airflow/airflow/lib/python3.7/site-packages/airflow/example_dags/tutorial.py
[2023-10-17 08:47:03,943] {processor.py:642} INFO - Processing file /Users/namyoung/Desktop/myprj/airflow/airflow/lib/python3.7/site-packages/airflow/example_dags/tutorial.py for tasks to queue
[2023-10-17 08:47:03,943] {logging_mixin.py:109} INFO - [2023-10-17 08:47:03,943] {dagbag.py:500} INFO - Filling up the DagBag from /Users/namyoung/Desktop/myprj/airflow/airflow/lib/python3.7/site-packages/airflow/example_dags/tutorial.py
[2023-10-17 08:47:03,956] {processor.py:654} INFO - DAG(s) dict_keys(['tutorial']) retrieved from /Users/namyoung/Desktop/myprj/airflow/airflow/lib/python3.7/site-packages/airflow/example_dags/tutorial.py
[2023-10-17 08:47:03,961] {logging_mixin.py:109} INFO - [2023-10-17 08:47:03,961] {dag.py:2396} INFO - Sync 1 DAGs
[2023-10-17 08:47:03,968] {logging_mixin.py:109} INFO - [2023-10-17 08:47:03,968] {dag.py:2935} INFO - Setting next_dagrun for tutorial to 2023-10-15T23:47:03.968156+00:00
[2023-10-17 08:47:03,973] {processor.py:171} INFO - Processing /Users/namyoung/Desktop/myprj/airflow/airflow/lib/python3.7/site-packages/airflow/example_dags/tutorial.py took 0.033 seconds
