[2023-10-13 14:21:39,108] {taskinstance.py:1032} INFO - Dependencies all met for <TaskInstance: example_bash_operator.this_will_skip scheduled__2023-10-12T00:00:00+00:00 [queued]>
[2023-10-13 14:21:39,112] {taskinstance.py:1032} INFO - Dependencies all met for <TaskInstance: example_bash_operator.this_will_skip scheduled__2023-10-12T00:00:00+00:00 [queued]>
[2023-10-13 14:21:39,112] {taskinstance.py:1238} INFO - 
--------------------------------------------------------------------------------
[2023-10-13 14:21:39,112] {taskinstance.py:1239} INFO - Starting attempt 1 of 1
[2023-10-13 14:21:39,112] {taskinstance.py:1240} INFO - 
--------------------------------------------------------------------------------
[2023-10-13 14:21:39,118] {taskinstance.py:1259} INFO - Executing <Task(BashOperator): this_will_skip> on 2023-10-12 00:00:00+00:00
[2023-10-13 14:21:39,123] {standard_task_runner.py:52} INFO - Started process 13066 to run task
[2023-10-13 14:21:39,126] {standard_task_runner.py:76} INFO - Running: ['airflow', 'tasks', 'run', 'example_bash_operator', 'this_will_skip', 'scheduled__2023-10-12T00:00:00+00:00', '--job-id', '6', '--raw', '--subdir', '/Users/namyoung/Desktop/myprj/airflow/airflow/lib/python3.7/site-packages/airflow/example_dags/example_bash_operator.py', '--cfg-path', '/var/folders/w8/gbzkvtnj1rxcxgv8d7rw8k9m0000gn/T/tmp7p0_tasi', '--error-file', '/var/folders/w8/gbzkvtnj1rxcxgv8d7rw8k9m0000gn/T/tmph23ze7kf']
[2023-10-13 14:21:39,127] {standard_task_runner.py:77} INFO - Job 6: Subtask this_will_skip
[2023-10-13 14:21:39,152] {logging_mixin.py:109} INFO - Running <TaskInstance: example_bash_operator.this_will_skip scheduled__2023-10-12T00:00:00+00:00 [running]> on host 1.0.0.127.in-addr.arpa
[2023-10-13 14:21:39,173] {taskinstance.py:1426} INFO - Exporting the following env vars:
AIRFLOW_CTX_DAG_OWNER=airflow
AIRFLOW_CTX_DAG_ID=example_bash_operator
AIRFLOW_CTX_TASK_ID=this_will_skip
AIRFLOW_CTX_EXECUTION_DATE=2023-10-12T00:00:00+00:00
AIRFLOW_CTX_DAG_RUN_ID=scheduled__2023-10-12T00:00:00+00:00
[2023-10-13 14:21:39,173] {subprocess.py:62} INFO - Tmp dir root location: 
 /var/folders/w8/gbzkvtnj1rxcxgv8d7rw8k9m0000gn/T
[2023-10-13 14:21:39,174] {subprocess.py:74} INFO - Running command: ['bash', '-c', 'echo "hello world"; exit 99;']
[2023-10-13 14:21:39,183] {subprocess.py:85} INFO - Output:
[2023-10-13 14:21:39,188] {subprocess.py:89} INFO - hello world
[2023-10-13 14:21:39,188] {subprocess.py:93} INFO - Command exited with return code 99
[2023-10-13 14:21:39,190] {taskinstance.py:1356} INFO - Bash command returned exit code 99. Skipping.
[2023-10-13 14:21:39,195] {taskinstance.py:1277} INFO - Marking task as SKIPPED. dag_id=example_bash_operator, task_id=this_will_skip, execution_date=20231012T000000, start_date=20231013T052139, end_date=20231013T052139
[2023-10-13 14:21:39,233] {local_task_job.py:154} INFO - Task exited with return code 0
[2023-10-13 14:21:39,249] {local_task_job.py:264} INFO - 0 downstream tasks scheduled from follow-on schedule check
