[2023-11-07 19:25:42,167] {taskinstance.py:1032} INFO - Dependencies all met for <TaskInstance: example_bash_operator.also_run_this scheduled__2023-11-06T00:00:00+00:00 [queued]>
[2023-11-07 19:25:42,171] {taskinstance.py:1032} INFO - Dependencies all met for <TaskInstance: example_bash_operator.also_run_this scheduled__2023-11-06T00:00:00+00:00 [queued]>
[2023-11-07 19:25:42,171] {taskinstance.py:1238} INFO - 
--------------------------------------------------------------------------------
[2023-11-07 19:25:42,171] {taskinstance.py:1239} INFO - Starting attempt 1 of 1
[2023-11-07 19:25:42,171] {taskinstance.py:1240} INFO - 
--------------------------------------------------------------------------------
[2023-11-07 19:25:42,176] {taskinstance.py:1259} INFO - Executing <Task(BashOperator): also_run_this> on 2023-11-06 00:00:00+00:00
[2023-11-07 19:25:42,181] {standard_task_runner.py:52} INFO - Started process 23506 to run task
[2023-11-07 19:25:42,185] {standard_task_runner.py:76} INFO - Running: ['airflow', 'tasks', 'run', 'example_bash_operator', 'also_run_this', 'scheduled__2023-11-06T00:00:00+00:00', '--job-id', '43', '--raw', '--subdir', '/Users/namyoung/Desktop/myprj/airflow/airflow/lib/python3.7/site-packages/airflow/example_dags/example_bash_operator.py', '--cfg-path', '/var/folders/w8/gbzkvtnj1rxcxgv8d7rw8k9m0000gn/T/tmpsdii24r9', '--error-file', '/var/folders/w8/gbzkvtnj1rxcxgv8d7rw8k9m0000gn/T/tmps5qvsv0l']
[2023-11-07 19:25:42,186] {standard_task_runner.py:77} INFO - Job 43: Subtask also_run_this
[2023-11-07 19:25:42,212] {logging_mixin.py:109} INFO - Running <TaskInstance: example_bash_operator.also_run_this scheduled__2023-11-06T00:00:00+00:00 [running]> on host 1.0.0.127.in-addr.arpa
[2023-11-07 19:25:42,235] {taskinstance.py:1426} INFO - Exporting the following env vars:
AIRFLOW_CTX_DAG_OWNER=airflow
AIRFLOW_CTX_DAG_ID=example_bash_operator
AIRFLOW_CTX_TASK_ID=also_run_this
AIRFLOW_CTX_EXECUTION_DATE=2023-11-06T00:00:00+00:00
AIRFLOW_CTX_DAG_RUN_ID=scheduled__2023-11-06T00:00:00+00:00
[2023-11-07 19:25:42,235] {subprocess.py:62} INFO - Tmp dir root location: 
 /var/folders/w8/gbzkvtnj1rxcxgv8d7rw8k9m0000gn/T
[2023-11-07 19:25:42,236] {subprocess.py:74} INFO - Running command: ['bash', '-c', 'echo "run_id=scheduled__2023-11-06T00:00:00+00:00 | dag_run=<DagRun example_bash_operator @ 2023-11-06 00:00:00+00:00: scheduled__2023-11-06T00:00:00+00:00, externally triggered: False>"']
[2023-11-07 19:25:42,244] {subprocess.py:85} INFO - Output:
[2023-11-07 19:25:42,249] {subprocess.py:89} INFO - run_id=scheduled__2023-11-06T00:00:00+00:00 | dag_run=<DagRun example_bash_operator @ 2023-11-06 00:00:00+00:00: scheduled__2023-11-06T00:00:00+00:00, externally triggered: False>
[2023-11-07 19:25:42,249] {subprocess.py:93} INFO - Command exited with return code 0
[2023-11-07 19:25:42,259] {taskinstance.py:1277} INFO - Marking task as SUCCESS. dag_id=example_bash_operator, task_id=also_run_this, execution_date=20231106T000000, start_date=20231107T102542, end_date=20231107T102542
[2023-11-07 19:25:42,284] {local_task_job.py:154} INFO - Task exited with return code 0
[2023-11-07 19:25:42,298] {local_task_job.py:264} INFO - 0 downstream tasks scheduled from follow-on schedule check
