[2023-11-07 19:25:43,439] {taskinstance.py:1032} INFO - Dependencies all met for <TaskInstance: example_bash_operator.this_will_skip scheduled__2023-11-06T00:00:00+00:00 [queued]>
[2023-11-07 19:25:43,443] {taskinstance.py:1032} INFO - Dependencies all met for <TaskInstance: example_bash_operator.this_will_skip scheduled__2023-11-06T00:00:00+00:00 [queued]>
[2023-11-07 19:25:43,443] {taskinstance.py:1238} INFO - 
--------------------------------------------------------------------------------
[2023-11-07 19:25:43,443] {taskinstance.py:1239} INFO - Starting attempt 1 of 1
[2023-11-07 19:25:43,443] {taskinstance.py:1240} INFO - 
--------------------------------------------------------------------------------
[2023-11-07 19:25:43,448] {taskinstance.py:1259} INFO - Executing <Task(BashOperator): this_will_skip> on 2023-11-06 00:00:00+00:00
[2023-11-07 19:25:43,454] {standard_task_runner.py:52} INFO - Started process 23511 to run task
[2023-11-07 19:25:43,458] {standard_task_runner.py:76} INFO - Running: ['airflow', 'tasks', 'run', 'example_bash_operator', 'this_will_skip', 'scheduled__2023-11-06T00:00:00+00:00', '--job-id', '44', '--raw', '--subdir', '/Users/namyoung/Desktop/myprj/airflow/airflow/lib/python3.7/site-packages/airflow/example_dags/example_bash_operator.py', '--cfg-path', '/var/folders/w8/gbzkvtnj1rxcxgv8d7rw8k9m0000gn/T/tmpfgz9pypy', '--error-file', '/var/folders/w8/gbzkvtnj1rxcxgv8d7rw8k9m0000gn/T/tmp6kyjvaky']
[2023-11-07 19:25:43,459] {standard_task_runner.py:77} INFO - Job 44: Subtask this_will_skip
[2023-11-07 19:25:43,485] {logging_mixin.py:109} INFO - Running <TaskInstance: example_bash_operator.this_will_skip scheduled__2023-11-06T00:00:00+00:00 [running]> on host 1.0.0.127.in-addr.arpa
[2023-11-07 19:25:43,508] {taskinstance.py:1426} INFO - Exporting the following env vars:
AIRFLOW_CTX_DAG_OWNER=airflow
AIRFLOW_CTX_DAG_ID=example_bash_operator
AIRFLOW_CTX_TASK_ID=this_will_skip
AIRFLOW_CTX_EXECUTION_DATE=2023-11-06T00:00:00+00:00
AIRFLOW_CTX_DAG_RUN_ID=scheduled__2023-11-06T00:00:00+00:00
[2023-11-07 19:25:43,509] {subprocess.py:62} INFO - Tmp dir root location: 
 /var/folders/w8/gbzkvtnj1rxcxgv8d7rw8k9m0000gn/T
[2023-11-07 19:25:43,509] {subprocess.py:74} INFO - Running command: ['bash', '-c', 'echo "hello world"; exit 99;']
[2023-11-07 19:25:43,519] {subprocess.py:85} INFO - Output:
[2023-11-07 19:25:43,524] {subprocess.py:89} INFO - hello world
[2023-11-07 19:25:43,525] {subprocess.py:93} INFO - Command exited with return code 99
[2023-11-07 19:25:43,526] {taskinstance.py:1356} INFO - Bash command returned exit code 99. Skipping.
[2023-11-07 19:25:43,532] {taskinstance.py:1277} INFO - Marking task as SKIPPED. dag_id=example_bash_operator, task_id=this_will_skip, execution_date=20231106T000000, start_date=20231107T102543, end_date=20231107T102543
[2023-11-07 19:25:43,558] {local_task_job.py:154} INFO - Task exited with return code 0
[2023-11-07 19:25:43,577] {local_task_job.py:264} INFO - 0 downstream tasks scheduled from follow-on schedule check
