[2023-10-13 14:21:40,786] {taskinstance.py:1032} INFO - Dependencies all met for <TaskInstance: example_bash_operator.runme_0 manual__2023-10-13T05:21:29.120209+00:00 [queued]>
[2023-10-13 14:21:40,790] {taskinstance.py:1032} INFO - Dependencies all met for <TaskInstance: example_bash_operator.runme_0 manual__2023-10-13T05:21:29.120209+00:00 [queued]>
[2023-10-13 14:21:40,790] {taskinstance.py:1238} INFO - 
--------------------------------------------------------------------------------
[2023-10-13 14:21:40,790] {taskinstance.py:1239} INFO - Starting attempt 1 of 1
[2023-10-13 14:21:40,790] {taskinstance.py:1240} INFO - 
--------------------------------------------------------------------------------
[2023-10-13 14:21:40,795] {taskinstance.py:1259} INFO - Executing <Task(BashOperator): runme_0> on 2023-10-13 05:21:29.120209+00:00
[2023-10-13 14:21:40,801] {standard_task_runner.py:52} INFO - Started process 13092 to run task
[2023-10-13 14:21:40,805] {standard_task_runner.py:76} INFO - Running: ['airflow', 'tasks', 'run', 'example_bash_operator', 'runme_0', 'manual__2023-10-13T05:21:29.120209+00:00', '--job-id', '7', '--raw', '--subdir', '/Users/namyoung/Desktop/myprj/airflow/airflow/lib/python3.7/site-packages/airflow/example_dags/example_bash_operator.py', '--cfg-path', '/var/folders/w8/gbzkvtnj1rxcxgv8d7rw8k9m0000gn/T/tmpzs6ei6ph', '--error-file', '/var/folders/w8/gbzkvtnj1rxcxgv8d7rw8k9m0000gn/T/tmp4xp_aeqa']
[2023-10-13 14:21:40,806] {standard_task_runner.py:77} INFO - Job 7: Subtask runme_0
[2023-10-13 14:21:40,837] {logging_mixin.py:109} INFO - Running <TaskInstance: example_bash_operator.runme_0 manual__2023-10-13T05:21:29.120209+00:00 [running]> on host 1.0.0.127.in-addr.arpa
[2023-10-13 14:21:40,862] {taskinstance.py:1426} INFO - Exporting the following env vars:
AIRFLOW_CTX_DAG_OWNER=airflow
AIRFLOW_CTX_DAG_ID=example_bash_operator
AIRFLOW_CTX_TASK_ID=runme_0
AIRFLOW_CTX_EXECUTION_DATE=2023-10-13T05:21:29.120209+00:00
AIRFLOW_CTX_DAG_RUN_ID=manual__2023-10-13T05:21:29.120209+00:00
[2023-10-13 14:21:40,863] {subprocess.py:62} INFO - Tmp dir root location: 
 /var/folders/w8/gbzkvtnj1rxcxgv8d7rw8k9m0000gn/T
[2023-10-13 14:21:40,863] {subprocess.py:74} INFO - Running command: ['bash', '-c', 'echo "example_bash_operator__runme_0__20231013" && sleep 1']
[2023-10-13 14:21:40,872] {subprocess.py:85} INFO - Output:
[2023-10-13 14:21:40,877] {subprocess.py:89} INFO - example_bash_operator__runme_0__20231013
[2023-10-13 14:21:41,891] {subprocess.py:93} INFO - Command exited with return code 0
[2023-10-13 14:21:41,921] {taskinstance.py:1277} INFO - Marking task as SUCCESS. dag_id=example_bash_operator, task_id=runme_0, execution_date=20231013T052129, start_date=20231013T052140, end_date=20231013T052141
[2023-10-13 14:21:41,967] {local_task_job.py:154} INFO - Task exited with return code 0
[2023-10-13 14:21:41,995] {local_task_job.py:264} INFO - 0 downstream tasks scheduled from follow-on schedule check
