[2023-10-15 10:00:55,118] {processor.py:163} INFO - Started process (PID=26421) to work on /Users/namyoung/Desktop/myprj/airflow/airflow/lib/python3.7/site-packages/airflow/example_dags/example_skip_dag.py
[2023-10-15 10:00:55,119] {processor.py:642} INFO - Processing file /Users/namyoung/Desktop/myprj/airflow/airflow/lib/python3.7/site-packages/airflow/example_dags/example_skip_dag.py for tasks to queue
[2023-10-15 10:00:55,121] {logging_mixin.py:109} INFO - [2023-10-15 10:00:55,120] {dagbag.py:500} INFO - Filling up the DagBag from /Users/namyoung/Desktop/myprj/airflow/airflow/lib/python3.7/site-packages/airflow/example_dags/example_skip_dag.py
[2023-10-15 10:00:55,146] {processor.py:654} INFO - DAG(s) dict_keys(['example_skip_dag']) retrieved from /Users/namyoung/Desktop/myprj/airflow/airflow/lib/python3.7/site-packages/airflow/example_dags/example_skip_dag.py
[2023-10-15 10:00:55,157] {logging_mixin.py:109} INFO - [2023-10-15 10:00:55,156] {dag.py:2396} INFO - Sync 1 DAGs
[2023-10-15 10:00:55,167] {logging_mixin.py:109} INFO - [2023-10-15 10:00:55,167] {dag.py:2935} INFO - Setting next_dagrun for example_skip_dag to 2023-10-14T01:00:55.166968+00:00
[2023-10-15 10:00:55,172] {processor.py:171} INFO - Processing /Users/namyoung/Desktop/myprj/airflow/airflow/lib/python3.7/site-packages/airflow/example_dags/example_skip_dag.py took 0.060 seconds
[2023-10-15 11:40:04,712] {processor.py:163} INFO - Started process (PID=26676) to work on /Users/namyoung/Desktop/myprj/airflow/airflow/lib/python3.7/site-packages/airflow/example_dags/example_skip_dag.py
[2023-10-15 11:40:04,713] {processor.py:642} INFO - Processing file /Users/namyoung/Desktop/myprj/airflow/airflow/lib/python3.7/site-packages/airflow/example_dags/example_skip_dag.py for tasks to queue
[2023-10-15 11:40:04,713] {logging_mixin.py:109} INFO - [2023-10-15 11:40:04,713] {dagbag.py:500} INFO - Filling up the DagBag from /Users/namyoung/Desktop/myprj/airflow/airflow/lib/python3.7/site-packages/airflow/example_dags/example_skip_dag.py
[2023-10-15 11:40:04,725] {processor.py:654} INFO - DAG(s) dict_keys(['example_skip_dag']) retrieved from /Users/namyoung/Desktop/myprj/airflow/airflow/lib/python3.7/site-packages/airflow/example_dags/example_skip_dag.py
[2023-10-15 11:40:04,731] {logging_mixin.py:109} INFO - [2023-10-15 11:40:04,731] {dag.py:2396} INFO - Sync 1 DAGs
[2023-10-15 11:40:04,738] {logging_mixin.py:109} INFO - [2023-10-15 11:40:04,738] {dag.py:2935} INFO - Setting next_dagrun for example_skip_dag to 2023-10-14T02:40:04.738048+00:00
[2023-10-15 11:40:04,744] {processor.py:171} INFO - Processing /Users/namyoung/Desktop/myprj/airflow/airflow/lib/python3.7/site-packages/airflow/example_dags/example_skip_dag.py took 0.035 seconds
[2023-10-15 13:22:30,764] {processor.py:163} INFO - Started process (PID=26942) to work on /Users/namyoung/Desktop/myprj/airflow/airflow/lib/python3.7/site-packages/airflow/example_dags/example_skip_dag.py
[2023-10-15 13:22:30,765] {processor.py:642} INFO - Processing file /Users/namyoung/Desktop/myprj/airflow/airflow/lib/python3.7/site-packages/airflow/example_dags/example_skip_dag.py for tasks to queue
[2023-10-15 13:22:30,766] {logging_mixin.py:109} INFO - [2023-10-15 13:22:30,765] {dagbag.py:500} INFO - Filling up the DagBag from /Users/namyoung/Desktop/myprj/airflow/airflow/lib/python3.7/site-packages/airflow/example_dags/example_skip_dag.py
[2023-10-15 13:22:30,778] {processor.py:654} INFO - DAG(s) dict_keys(['example_skip_dag']) retrieved from /Users/namyoung/Desktop/myprj/airflow/airflow/lib/python3.7/site-packages/airflow/example_dags/example_skip_dag.py
[2023-10-15 13:22:30,784] {logging_mixin.py:109} INFO - [2023-10-15 13:22:30,783] {dag.py:2396} INFO - Sync 1 DAGs
[2023-10-15 13:22:30,791] {logging_mixin.py:109} INFO - [2023-10-15 13:22:30,790] {dag.py:2935} INFO - Setting next_dagrun for example_skip_dag to 2023-10-14T04:22:30.790689+00:00
[2023-10-15 13:22:30,796] {processor.py:171} INFO - Processing /Users/namyoung/Desktop/myprj/airflow/airflow/lib/python3.7/site-packages/airflow/example_dags/example_skip_dag.py took 0.033 seconds
[2023-10-15 15:04:23,824] {processor.py:163} INFO - Started process (PID=27089) to work on /Users/namyoung/Desktop/myprj/airflow/airflow/lib/python3.7/site-packages/airflow/example_dags/example_skip_dag.py
[2023-10-15 15:04:23,826] {processor.py:642} INFO - Processing file /Users/namyoung/Desktop/myprj/airflow/airflow/lib/python3.7/site-packages/airflow/example_dags/example_skip_dag.py for tasks to queue
[2023-10-15 15:04:23,827] {logging_mixin.py:109} INFO - [2023-10-15 15:04:23,827] {dagbag.py:500} INFO - Filling up the DagBag from /Users/namyoung/Desktop/myprj/airflow/airflow/lib/python3.7/site-packages/airflow/example_dags/example_skip_dag.py
[2023-10-15 15:04:23,840] {processor.py:654} INFO - DAG(s) dict_keys(['example_skip_dag']) retrieved from /Users/namyoung/Desktop/myprj/airflow/airflow/lib/python3.7/site-packages/airflow/example_dags/example_skip_dag.py
[2023-10-15 15:04:23,846] {logging_mixin.py:109} INFO - [2023-10-15 15:04:23,846] {dag.py:2396} INFO - Sync 1 DAGs
[2023-10-15 15:04:23,853] {logging_mixin.py:109} INFO - [2023-10-15 15:04:23,853] {dag.py:2935} INFO - Setting next_dagrun for example_skip_dag to 2023-10-14T06:04:23.853573+00:00
[2023-10-15 15:04:23,859] {processor.py:171} INFO - Processing /Users/namyoung/Desktop/myprj/airflow/airflow/lib/python3.7/site-packages/airflow/example_dags/example_skip_dag.py took 0.039 seconds
[2023-10-15 16:41:20,888] {processor.py:163} INFO - Started process (PID=27353) to work on /Users/namyoung/Desktop/myprj/airflow/airflow/lib/python3.7/site-packages/airflow/example_dags/example_skip_dag.py
[2023-10-15 16:41:20,890] {processor.py:642} INFO - Processing file /Users/namyoung/Desktop/myprj/airflow/airflow/lib/python3.7/site-packages/airflow/example_dags/example_skip_dag.py for tasks to queue
[2023-10-15 16:41:20,891] {logging_mixin.py:109} INFO - [2023-10-15 16:41:20,891] {dagbag.py:500} INFO - Filling up the DagBag from /Users/namyoung/Desktop/myprj/airflow/airflow/lib/python3.7/site-packages/airflow/example_dags/example_skip_dag.py
[2023-10-15 16:41:20,916] {processor.py:654} INFO - DAG(s) dict_keys(['example_skip_dag']) retrieved from /Users/namyoung/Desktop/myprj/airflow/airflow/lib/python3.7/site-packages/airflow/example_dags/example_skip_dag.py
[2023-10-15 16:41:20,925] {logging_mixin.py:109} INFO - [2023-10-15 16:41:20,925] {dag.py:2396} INFO - Sync 1 DAGs
[2023-10-15 16:41:20,933] {logging_mixin.py:109} INFO - [2023-10-15 16:41:20,933] {dag.py:2935} INFO - Setting next_dagrun for example_skip_dag to 2023-10-14T07:41:20.933437+00:00
[2023-10-15 16:41:20,939] {processor.py:171} INFO - Processing /Users/namyoung/Desktop/myprj/airflow/airflow/lib/python3.7/site-packages/airflow/example_dags/example_skip_dag.py took 0.056 seconds
[2023-10-15 18:15:03,408] {processor.py:163} INFO - Started process (PID=27490) to work on /Users/namyoung/Desktop/myprj/airflow/airflow/lib/python3.7/site-packages/airflow/example_dags/example_skip_dag.py
[2023-10-15 18:15:03,409] {processor.py:642} INFO - Processing file /Users/namyoung/Desktop/myprj/airflow/airflow/lib/python3.7/site-packages/airflow/example_dags/example_skip_dag.py for tasks to queue
[2023-10-15 18:15:03,410] {logging_mixin.py:109} INFO - [2023-10-15 18:15:03,409] {dagbag.py:500} INFO - Filling up the DagBag from /Users/namyoung/Desktop/myprj/airflow/airflow/lib/python3.7/site-packages/airflow/example_dags/example_skip_dag.py
[2023-10-15 18:15:03,421] {processor.py:654} INFO - DAG(s) dict_keys(['example_skip_dag']) retrieved from /Users/namyoung/Desktop/myprj/airflow/airflow/lib/python3.7/site-packages/airflow/example_dags/example_skip_dag.py
[2023-10-15 18:15:03,427] {logging_mixin.py:109} INFO - [2023-10-15 18:15:03,427] {dag.py:2396} INFO - Sync 1 DAGs
[2023-10-15 18:15:03,434] {logging_mixin.py:109} INFO - [2023-10-15 18:15:03,434] {dag.py:2935} INFO - Setting next_dagrun for example_skip_dag to 2023-10-14T09:15:03.433925+00:00
[2023-10-15 18:15:03,442] {processor.py:171} INFO - Processing /Users/namyoung/Desktop/myprj/airflow/airflow/lib/python3.7/site-packages/airflow/example_dags/example_skip_dag.py took 0.036 seconds
[2023-10-15 19:37:35,294] {processor.py:163} INFO - Started process (PID=27735) to work on /Users/namyoung/Desktop/myprj/airflow/airflow/lib/python3.7/site-packages/airflow/example_dags/example_skip_dag.py
[2023-10-15 19:37:35,295] {processor.py:642} INFO - Processing file /Users/namyoung/Desktop/myprj/airflow/airflow/lib/python3.7/site-packages/airflow/example_dags/example_skip_dag.py for tasks to queue
[2023-10-15 19:37:35,296] {logging_mixin.py:109} INFO - [2023-10-15 19:37:35,296] {dagbag.py:500} INFO - Filling up the DagBag from /Users/namyoung/Desktop/myprj/airflow/airflow/lib/python3.7/site-packages/airflow/example_dags/example_skip_dag.py
[2023-10-15 19:37:35,316] {processor.py:654} INFO - DAG(s) dict_keys(['example_skip_dag']) retrieved from /Users/namyoung/Desktop/myprj/airflow/airflow/lib/python3.7/site-packages/airflow/example_dags/example_skip_dag.py
[2023-10-15 19:37:35,324] {logging_mixin.py:109} INFO - [2023-10-15 19:37:35,323] {dag.py:2396} INFO - Sync 1 DAGs
[2023-10-15 19:37:35,332] {logging_mixin.py:109} INFO - [2023-10-15 19:37:35,332] {dag.py:2935} INFO - Setting next_dagrun for example_skip_dag to 2023-10-14T10:37:35.332450+00:00
[2023-10-15 19:37:35,338] {processor.py:171} INFO - Processing /Users/namyoung/Desktop/myprj/airflow/airflow/lib/python3.7/site-packages/airflow/example_dags/example_skip_dag.py took 0.050 seconds
[2023-10-15 21:15:23,992] {processor.py:163} INFO - Started process (PID=27875) to work on /Users/namyoung/Desktop/myprj/airflow/airflow/lib/python3.7/site-packages/airflow/example_dags/example_skip_dag.py
[2023-10-15 21:15:23,994] {processor.py:642} INFO - Processing file /Users/namyoung/Desktop/myprj/airflow/airflow/lib/python3.7/site-packages/airflow/example_dags/example_skip_dag.py for tasks to queue
[2023-10-15 21:15:23,995] {logging_mixin.py:109} INFO - [2023-10-15 21:15:23,995] {dagbag.py:500} INFO - Filling up the DagBag from /Users/namyoung/Desktop/myprj/airflow/airflow/lib/python3.7/site-packages/airflow/example_dags/example_skip_dag.py
[2023-10-15 21:15:24,018] {processor.py:654} INFO - DAG(s) dict_keys(['example_skip_dag']) retrieved from /Users/namyoung/Desktop/myprj/airflow/airflow/lib/python3.7/site-packages/airflow/example_dags/example_skip_dag.py
[2023-10-15 21:15:24,027] {logging_mixin.py:109} INFO - [2023-10-15 21:15:24,026] {dag.py:2396} INFO - Sync 1 DAGs
[2023-10-15 21:15:24,035] {logging_mixin.py:109} INFO - [2023-10-15 21:15:24,035] {dag.py:2935} INFO - Setting next_dagrun for example_skip_dag to 2023-10-14T12:15:24.034796+00:00
[2023-10-15 21:15:24,041] {processor.py:171} INFO - Processing /Users/namyoung/Desktop/myprj/airflow/airflow/lib/python3.7/site-packages/airflow/example_dags/example_skip_dag.py took 0.054 seconds
[2023-10-15 23:07:41,396] {processor.py:163} INFO - Started process (PID=28156) to work on /Users/namyoung/Desktop/myprj/airflow/airflow/lib/python3.7/site-packages/airflow/example_dags/example_skip_dag.py
[2023-10-15 23:07:41,397] {processor.py:642} INFO - Processing file /Users/namyoung/Desktop/myprj/airflow/airflow/lib/python3.7/site-packages/airflow/example_dags/example_skip_dag.py for tasks to queue
[2023-10-15 23:07:41,398] {logging_mixin.py:109} INFO - [2023-10-15 23:07:41,398] {dagbag.py:500} INFO - Filling up the DagBag from /Users/namyoung/Desktop/myprj/airflow/airflow/lib/python3.7/site-packages/airflow/example_dags/example_skip_dag.py
[2023-10-15 23:07:41,411] {processor.py:654} INFO - DAG(s) dict_keys(['example_skip_dag']) retrieved from /Users/namyoung/Desktop/myprj/airflow/airflow/lib/python3.7/site-packages/airflow/example_dags/example_skip_dag.py
[2023-10-15 23:07:41,417] {logging_mixin.py:109} INFO - [2023-10-15 23:07:41,417] {dag.py:2396} INFO - Sync 1 DAGs
[2023-10-15 23:07:41,425] {logging_mixin.py:109} INFO - [2023-10-15 23:07:41,425] {dag.py:2935} INFO - Setting next_dagrun for example_skip_dag to 2023-10-14T14:07:41.425025+00:00
[2023-10-15 23:07:41,431] {processor.py:171} INFO - Processing /Users/namyoung/Desktop/myprj/airflow/airflow/lib/python3.7/site-packages/airflow/example_dags/example_skip_dag.py took 0.037 seconds
[2023-10-16 00:48:38,532] {processor.py:163} INFO - Started process (PID=28296) to work on /Users/namyoung/Desktop/myprj/airflow/airflow/lib/python3.7/site-packages/airflow/example_dags/example_skip_dag.py
[2023-10-16 00:48:38,533] {processor.py:642} INFO - Processing file /Users/namyoung/Desktop/myprj/airflow/airflow/lib/python3.7/site-packages/airflow/example_dags/example_skip_dag.py for tasks to queue
[2023-10-16 00:48:38,535] {logging_mixin.py:109} INFO - [2023-10-16 00:48:38,534] {dagbag.py:500} INFO - Filling up the DagBag from /Users/namyoung/Desktop/myprj/airflow/airflow/lib/python3.7/site-packages/airflow/example_dags/example_skip_dag.py
[2023-10-16 00:48:38,558] {processor.py:654} INFO - DAG(s) dict_keys(['example_skip_dag']) retrieved from /Users/namyoung/Desktop/myprj/airflow/airflow/lib/python3.7/site-packages/airflow/example_dags/example_skip_dag.py
[2023-10-16 00:48:38,568] {logging_mixin.py:109} INFO - [2023-10-16 00:48:38,568] {dag.py:2396} INFO - Sync 1 DAGs
[2023-10-16 00:48:38,578] {logging_mixin.py:109} INFO - [2023-10-16 00:48:38,577] {dag.py:2935} INFO - Setting next_dagrun for example_skip_dag to 2023-10-14T15:48:38.577748+00:00
[2023-10-16 00:48:38,586] {processor.py:171} INFO - Processing /Users/namyoung/Desktop/myprj/airflow/airflow/lib/python3.7/site-packages/airflow/example_dags/example_skip_dag.py took 0.059 seconds
[2023-10-16 02:28:06,387] {processor.py:163} INFO - Started process (PID=28559) to work on /Users/namyoung/Desktop/myprj/airflow/airflow/lib/python3.7/site-packages/airflow/example_dags/example_skip_dag.py
[2023-10-16 02:28:06,388] {processor.py:642} INFO - Processing file /Users/namyoung/Desktop/myprj/airflow/airflow/lib/python3.7/site-packages/airflow/example_dags/example_skip_dag.py for tasks to queue
[2023-10-16 02:28:06,388] {logging_mixin.py:109} INFO - [2023-10-16 02:28:06,388] {dagbag.py:500} INFO - Filling up the DagBag from /Users/namyoung/Desktop/myprj/airflow/airflow/lib/python3.7/site-packages/airflow/example_dags/example_skip_dag.py
[2023-10-16 02:28:06,401] {processor.py:654} INFO - DAG(s) dict_keys(['example_skip_dag']) retrieved from /Users/namyoung/Desktop/myprj/airflow/airflow/lib/python3.7/site-packages/airflow/example_dags/example_skip_dag.py
[2023-10-16 02:28:06,407] {logging_mixin.py:109} INFO - [2023-10-16 02:28:06,407] {dag.py:2396} INFO - Sync 1 DAGs
[2023-10-16 02:28:06,415] {logging_mixin.py:109} INFO - [2023-10-16 02:28:06,415] {dag.py:2935} INFO - Setting next_dagrun for example_skip_dag to 2023-10-14T17:28:06.414938+00:00
[2023-10-16 02:28:06,421] {processor.py:171} INFO - Processing /Users/namyoung/Desktop/myprj/airflow/airflow/lib/python3.7/site-packages/airflow/example_dags/example_skip_dag.py took 0.036 seconds
[2023-10-16 03:51:22,484] {processor.py:163} INFO - Started process (PID=28680) to work on /Users/namyoung/Desktop/myprj/airflow/airflow/lib/python3.7/site-packages/airflow/example_dags/example_skip_dag.py
[2023-10-16 03:51:22,486] {processor.py:642} INFO - Processing file /Users/namyoung/Desktop/myprj/airflow/airflow/lib/python3.7/site-packages/airflow/example_dags/example_skip_dag.py for tasks to queue
[2023-10-16 03:51:22,488] {logging_mixin.py:109} INFO - [2023-10-16 03:51:22,487] {dagbag.py:500} INFO - Filling up the DagBag from /Users/namyoung/Desktop/myprj/airflow/airflow/lib/python3.7/site-packages/airflow/example_dags/example_skip_dag.py
[2023-10-16 03:51:22,513] {processor.py:654} INFO - DAG(s) dict_keys(['example_skip_dag']) retrieved from /Users/namyoung/Desktop/myprj/airflow/airflow/lib/python3.7/site-packages/airflow/example_dags/example_skip_dag.py
[2023-10-16 03:51:22,522] {logging_mixin.py:109} INFO - [2023-10-16 03:51:22,522] {dag.py:2396} INFO - Sync 1 DAGs
[2023-10-16 03:51:22,532] {logging_mixin.py:109} INFO - [2023-10-16 03:51:22,532] {dag.py:2935} INFO - Setting next_dagrun for example_skip_dag to 2023-10-14T18:51:22.531773+00:00
[2023-10-16 03:51:22,538] {processor.py:171} INFO - Processing /Users/namyoung/Desktop/myprj/airflow/airflow/lib/python3.7/site-packages/airflow/example_dags/example_skip_dag.py took 0.058 seconds
[2023-10-16 05:11:43,263] {processor.py:163} INFO - Started process (PID=28920) to work on /Users/namyoung/Desktop/myprj/airflow/airflow/lib/python3.7/site-packages/airflow/example_dags/example_skip_dag.py
[2023-10-16 05:11:43,265] {processor.py:642} INFO - Processing file /Users/namyoung/Desktop/myprj/airflow/airflow/lib/python3.7/site-packages/airflow/example_dags/example_skip_dag.py for tasks to queue
[2023-10-16 05:11:43,266] {logging_mixin.py:109} INFO - [2023-10-16 05:11:43,266] {dagbag.py:500} INFO - Filling up the DagBag from /Users/namyoung/Desktop/myprj/airflow/airflow/lib/python3.7/site-packages/airflow/example_dags/example_skip_dag.py
[2023-10-16 05:28:03,168] {processor.py:654} INFO - DAG(s) dict_keys(['example_skip_dag']) retrieved from /Users/namyoung/Desktop/myprj/airflow/airflow/lib/python3.7/site-packages/airflow/example_dags/example_skip_dag.py
[2023-10-16 05:28:03,181] {logging_mixin.py:109} INFO - [2023-10-16 05:28:03,181] {dag.py:2396} INFO - Sync 1 DAGs
[2023-10-16 05:28:03,197] {logging_mixin.py:109} INFO - [2023-10-16 05:28:03,196] {dag.py:2935} INFO - Setting next_dagrun for example_skip_dag to 2023-10-14T20:28:03.196151+00:00
[2023-10-16 05:28:03,249] {processor.py:171} INFO - Processing /Users/namyoung/Desktop/myprj/airflow/airflow/lib/python3.7/site-packages/airflow/example_dags/example_skip_dag.py took 0.371 seconds
[2023-10-16 07:08:05,148] {processor.py:163} INFO - Started process (PID=29063) to work on /Users/namyoung/Desktop/myprj/airflow/airflow/lib/python3.7/site-packages/airflow/example_dags/example_skip_dag.py
[2023-10-16 07:08:05,151] {processor.py:642} INFO - Processing file /Users/namyoung/Desktop/myprj/airflow/airflow/lib/python3.7/site-packages/airflow/example_dags/example_skip_dag.py for tasks to queue
[2023-10-16 07:08:05,152] {logging_mixin.py:109} INFO - [2023-10-16 07:08:05,152] {dagbag.py:500} INFO - Filling up the DagBag from /Users/namyoung/Desktop/myprj/airflow/airflow/lib/python3.7/site-packages/airflow/example_dags/example_skip_dag.py
[2023-10-16 07:08:05,189] {processor.py:654} INFO - DAG(s) dict_keys(['example_skip_dag']) retrieved from /Users/namyoung/Desktop/myprj/airflow/airflow/lib/python3.7/site-packages/airflow/example_dags/example_skip_dag.py
[2023-10-16 07:08:05,197] {logging_mixin.py:109} INFO - [2023-10-16 07:08:05,197] {dag.py:2396} INFO - Sync 1 DAGs
[2023-10-16 07:08:05,208] {logging_mixin.py:109} INFO - [2023-10-16 07:08:05,207] {dag.py:2935} INFO - Setting next_dagrun for example_skip_dag to 2023-10-14T22:08:05.207488+00:00
[2023-10-16 07:08:05,215] {processor.py:171} INFO - Processing /Users/namyoung/Desktop/myprj/airflow/airflow/lib/python3.7/site-packages/airflow/example_dags/example_skip_dag.py took 0.072 seconds
[2023-10-16 08:30:04,136] {processor.py:163} INFO - Started process (PID=29327) to work on /Users/namyoung/Desktop/myprj/airflow/airflow/lib/python3.7/site-packages/airflow/example_dags/example_skip_dag.py
[2023-10-16 08:30:04,138] {processor.py:642} INFO - Processing file /Users/namyoung/Desktop/myprj/airflow/airflow/lib/python3.7/site-packages/airflow/example_dags/example_skip_dag.py for tasks to queue
[2023-10-16 08:30:04,139] {logging_mixin.py:109} INFO - [2023-10-16 08:30:04,139] {dagbag.py:500} INFO - Filling up the DagBag from /Users/namyoung/Desktop/myprj/airflow/airflow/lib/python3.7/site-packages/airflow/example_dags/example_skip_dag.py
[2023-10-16 08:30:04,167] {processor.py:654} INFO - DAG(s) dict_keys(['example_skip_dag']) retrieved from /Users/namyoung/Desktop/myprj/airflow/airflow/lib/python3.7/site-packages/airflow/example_dags/example_skip_dag.py
[2023-10-16 08:30:04,175] {logging_mixin.py:109} INFO - [2023-10-16 08:30:04,175] {dag.py:2396} INFO - Sync 1 DAGs
[2023-10-16 08:30:04,183] {logging_mixin.py:109} INFO - [2023-10-16 08:30:04,183] {dag.py:2935} INFO - Setting next_dagrun for example_skip_dag to 2023-10-14T23:30:04.183529+00:00
[2023-10-16 08:30:04,190] {processor.py:171} INFO - Processing /Users/namyoung/Desktop/myprj/airflow/airflow/lib/python3.7/site-packages/airflow/example_dags/example_skip_dag.py took 0.059 seconds
