[2023-10-15 11:07:33,771] {processor.py:163} INFO - Started process (PID=26633) to work on /Users/namyoung/Desktop/myprj/airflow/airflow/lib/python3.7/site-packages/airflow/example_dags/example_xcomargs.py
[2023-10-15 11:07:33,772] {processor.py:642} INFO - Processing file /Users/namyoung/Desktop/myprj/airflow/airflow/lib/python3.7/site-packages/airflow/example_dags/example_xcomargs.py for tasks to queue
[2023-10-15 11:07:33,772] {logging_mixin.py:109} INFO - [2023-10-15 11:07:33,772] {dagbag.py:500} INFO - Filling up the DagBag from /Users/namyoung/Desktop/myprj/airflow/airflow/lib/python3.7/site-packages/airflow/example_dags/example_xcomargs.py
[2023-10-15 11:07:33,789] {processor.py:654} INFO - DAG(s) dict_keys(['example_xcom_args', 'example_xcom_args_with_operators']) retrieved from /Users/namyoung/Desktop/myprj/airflow/airflow/lib/python3.7/site-packages/airflow/example_dags/example_xcomargs.py
[2023-10-15 11:07:33,921] {logging_mixin.py:109} INFO - [2023-10-15 11:07:33,921] {dag.py:2396} INFO - Sync 2 DAGs
[2023-10-15 11:07:33,927] {logging_mixin.py:109} INFO - [2023-10-15 11:07:33,927] {dag.py:2935} INFO - Setting next_dagrun for example_xcom_args to None
[2023-10-15 11:07:33,927] {logging_mixin.py:109} INFO - [2023-10-15 11:07:33,927] {dag.py:2935} INFO - Setting next_dagrun for example_xcom_args_with_operators to None
[2023-10-15 11:07:33,934] {processor.py:171} INFO - Processing /Users/namyoung/Desktop/myprj/airflow/airflow/lib/python3.7/site-packages/airflow/example_dags/example_xcomargs.py took 0.164 seconds
[2023-10-15 12:49:03,439] {processor.py:163} INFO - Started process (PID=26778) to work on /Users/namyoung/Desktop/myprj/airflow/airflow/lib/python3.7/site-packages/airflow/example_dags/example_xcomargs.py
[2023-10-15 12:49:03,440] {processor.py:642} INFO - Processing file /Users/namyoung/Desktop/myprj/airflow/airflow/lib/python3.7/site-packages/airflow/example_dags/example_xcomargs.py for tasks to queue
[2023-10-15 12:49:03,441] {logging_mixin.py:109} INFO - [2023-10-15 12:49:03,441] {dagbag.py:500} INFO - Filling up the DagBag from /Users/namyoung/Desktop/myprj/airflow/airflow/lib/python3.7/site-packages/airflow/example_dags/example_xcomargs.py
[2023-10-15 12:49:03,468] {processor.py:654} INFO - DAG(s) dict_keys(['example_xcom_args', 'example_xcom_args_with_operators']) retrieved from /Users/namyoung/Desktop/myprj/airflow/airflow/lib/python3.7/site-packages/airflow/example_dags/example_xcomargs.py
[2023-10-15 12:49:03,476] {logging_mixin.py:109} INFO - [2023-10-15 12:49:03,476] {dag.py:2396} INFO - Sync 2 DAGs
[2023-10-15 12:49:03,484] {logging_mixin.py:109} INFO - [2023-10-15 12:49:03,483] {dag.py:2935} INFO - Setting next_dagrun for example_xcom_args to None
[2023-10-15 12:49:03,484] {logging_mixin.py:109} INFO - [2023-10-15 12:49:03,484] {dag.py:2935} INFO - Setting next_dagrun for example_xcom_args_with_operators to None
[2023-10-15 12:49:03,489] {processor.py:171} INFO - Processing /Users/namyoung/Desktop/myprj/airflow/airflow/lib/python3.7/site-packages/airflow/example_dags/example_xcomargs.py took 0.055 seconds
[2023-10-15 14:29:51,270] {processor.py:163} INFO - Started process (PID=27043) to work on /Users/namyoung/Desktop/myprj/airflow/airflow/lib/python3.7/site-packages/airflow/example_dags/example_xcomargs.py
[2023-10-15 14:29:51,271] {processor.py:642} INFO - Processing file /Users/namyoung/Desktop/myprj/airflow/airflow/lib/python3.7/site-packages/airflow/example_dags/example_xcomargs.py for tasks to queue
[2023-10-15 14:29:51,273] {logging_mixin.py:109} INFO - [2023-10-15 14:29:51,272] {dagbag.py:500} INFO - Filling up the DagBag from /Users/namyoung/Desktop/myprj/airflow/airflow/lib/python3.7/site-packages/airflow/example_dags/example_xcomargs.py
[2023-10-15 14:29:51,304] {processor.py:654} INFO - DAG(s) dict_keys(['example_xcom_args', 'example_xcom_args_with_operators']) retrieved from /Users/namyoung/Desktop/myprj/airflow/airflow/lib/python3.7/site-packages/airflow/example_dags/example_xcomargs.py
[2023-10-15 14:29:51,314] {logging_mixin.py:109} INFO - [2023-10-15 14:29:51,313] {dag.py:2396} INFO - Sync 2 DAGs
[2023-10-15 14:29:51,322] {logging_mixin.py:109} INFO - [2023-10-15 14:29:51,322] {dag.py:2935} INFO - Setting next_dagrun for example_xcom_args to None
[2023-10-15 14:29:51,323] {logging_mixin.py:109} INFO - [2023-10-15 14:29:51,323] {dag.py:2935} INFO - Setting next_dagrun for example_xcom_args_with_operators to None
[2023-10-15 14:29:51,328] {processor.py:171} INFO - Processing /Users/namyoung/Desktop/myprj/airflow/airflow/lib/python3.7/site-packages/airflow/example_dags/example_xcomargs.py took 0.064 seconds
[2023-10-15 16:11:09,124] {processor.py:163} INFO - Started process (PID=27307) to work on /Users/namyoung/Desktop/myprj/airflow/airflow/lib/python3.7/site-packages/airflow/example_dags/example_xcomargs.py
[2023-10-15 16:11:09,125] {processor.py:642} INFO - Processing file /Users/namyoung/Desktop/myprj/airflow/airflow/lib/python3.7/site-packages/airflow/example_dags/example_xcomargs.py for tasks to queue
[2023-10-15 16:11:09,127] {logging_mixin.py:109} INFO - [2023-10-15 16:11:09,126] {dagbag.py:500} INFO - Filling up the DagBag from /Users/namyoung/Desktop/myprj/airflow/airflow/lib/python3.7/site-packages/airflow/example_dags/example_xcomargs.py
[2023-10-15 16:11:09,156] {processor.py:654} INFO - DAG(s) dict_keys(['example_xcom_args', 'example_xcom_args_with_operators']) retrieved from /Users/namyoung/Desktop/myprj/airflow/airflow/lib/python3.7/site-packages/airflow/example_dags/example_xcomargs.py
[2023-10-15 16:11:09,165] {logging_mixin.py:109} INFO - [2023-10-15 16:11:09,165] {dag.py:2396} INFO - Sync 2 DAGs
[2023-10-15 16:11:09,174] {logging_mixin.py:109} INFO - [2023-10-15 16:11:09,173] {dag.py:2935} INFO - Setting next_dagrun for example_xcom_args to None
[2023-10-15 16:11:09,174] {logging_mixin.py:109} INFO - [2023-10-15 16:11:09,174] {dag.py:2935} INFO - Setting next_dagrun for example_xcom_args_with_operators to None
[2023-10-15 16:11:09,179] {processor.py:171} INFO - Processing /Users/namyoung/Desktop/myprj/airflow/airflow/lib/python3.7/site-packages/airflow/example_dags/example_xcomargs.py took 0.060 seconds
[2023-10-15 17:46:33,914] {processor.py:163} INFO - Started process (PID=27444) to work on /Users/namyoung/Desktop/myprj/airflow/airflow/lib/python3.7/site-packages/airflow/example_dags/example_xcomargs.py
[2023-10-15 17:46:33,916] {processor.py:642} INFO - Processing file /Users/namyoung/Desktop/myprj/airflow/airflow/lib/python3.7/site-packages/airflow/example_dags/example_xcomargs.py for tasks to queue
[2023-10-15 17:46:33,917] {logging_mixin.py:109} INFO - [2023-10-15 17:46:33,917] {dagbag.py:500} INFO - Filling up the DagBag from /Users/namyoung/Desktop/myprj/airflow/airflow/lib/python3.7/site-packages/airflow/example_dags/example_xcomargs.py
[2023-10-15 17:46:33,943] {processor.py:654} INFO - DAG(s) dict_keys(['example_xcom_args', 'example_xcom_args_with_operators']) retrieved from /Users/namyoung/Desktop/myprj/airflow/airflow/lib/python3.7/site-packages/airflow/example_dags/example_xcomargs.py
[2023-10-15 17:46:34,070] {logging_mixin.py:109} INFO - [2023-10-15 17:46:34,070] {dag.py:2396} INFO - Sync 2 DAGs
[2023-10-15 17:46:34,076] {logging_mixin.py:109} INFO - [2023-10-15 17:46:34,076] {dag.py:2935} INFO - Setting next_dagrun for example_xcom_args to None
[2023-10-15 17:46:34,077] {logging_mixin.py:109} INFO - [2023-10-15 17:46:34,077] {dag.py:2935} INFO - Setting next_dagrun for example_xcom_args_with_operators to None
[2023-10-15 17:46:34,083] {processor.py:171} INFO - Processing /Users/namyoung/Desktop/myprj/airflow/airflow/lib/python3.7/site-packages/airflow/example_dags/example_xcomargs.py took 0.174 seconds
[2023-10-15 19:21:12,707] {processor.py:163} INFO - Started process (PID=27620) to work on /Users/namyoung/Desktop/myprj/airflow/airflow/lib/python3.7/site-packages/airflow/example_dags/example_xcomargs.py
[2023-10-15 19:21:12,707] {processor.py:642} INFO - Processing file /Users/namyoung/Desktop/myprj/airflow/airflow/lib/python3.7/site-packages/airflow/example_dags/example_xcomargs.py for tasks to queue
[2023-10-15 19:21:12,708] {logging_mixin.py:109} INFO - [2023-10-15 19:21:12,708] {dagbag.py:500} INFO - Filling up the DagBag from /Users/namyoung/Desktop/myprj/airflow/airflow/lib/python3.7/site-packages/airflow/example_dags/example_xcomargs.py
[2023-10-15 19:21:12,734] {processor.py:654} INFO - DAG(s) dict_keys(['example_xcom_args', 'example_xcom_args_with_operators']) retrieved from /Users/namyoung/Desktop/myprj/airflow/airflow/lib/python3.7/site-packages/airflow/example_dags/example_xcomargs.py
[2023-10-15 19:21:12,882] {logging_mixin.py:109} INFO - [2023-10-15 19:21:12,881] {dag.py:2396} INFO - Sync 2 DAGs
[2023-10-15 19:21:12,895] {logging_mixin.py:109} INFO - [2023-10-15 19:21:12,895] {dag.py:2935} INFO - Setting next_dagrun for example_xcom_args to None
[2023-10-15 19:21:12,896] {logging_mixin.py:109} INFO - [2023-10-15 19:21:12,895] {dag.py:2935} INFO - Setting next_dagrun for example_xcom_args_with_operators to None
[2023-10-15 19:21:12,902] {processor.py:171} INFO - Processing /Users/namyoung/Desktop/myprj/airflow/airflow/lib/python3.7/site-packages/airflow/example_dags/example_xcomargs.py took 0.197 seconds
[2023-10-15 20:58:25,575] {processor.py:163} INFO - Started process (PID=27835) to work on /Users/namyoung/Desktop/myprj/airflow/airflow/lib/python3.7/site-packages/airflow/example_dags/example_xcomargs.py
[2023-10-15 20:58:25,576] {processor.py:642} INFO - Processing file /Users/namyoung/Desktop/myprj/airflow/airflow/lib/python3.7/site-packages/airflow/example_dags/example_xcomargs.py for tasks to queue
[2023-10-15 20:58:25,577] {logging_mixin.py:109} INFO - [2023-10-15 20:58:25,577] {dagbag.py:500} INFO - Filling up the DagBag from /Users/namyoung/Desktop/myprj/airflow/airflow/lib/python3.7/site-packages/airflow/example_dags/example_xcomargs.py
[2023-10-15 20:58:25,600] {processor.py:654} INFO - DAG(s) dict_keys(['example_xcom_args', 'example_xcom_args_with_operators']) retrieved from /Users/namyoung/Desktop/myprj/airflow/airflow/lib/python3.7/site-packages/airflow/example_dags/example_xcomargs.py
[2023-10-15 20:58:25,611] {logging_mixin.py:109} INFO - [2023-10-15 20:58:25,611] {dag.py:2396} INFO - Sync 2 DAGs
[2023-10-15 20:58:25,621] {logging_mixin.py:109} INFO - [2023-10-15 20:58:25,621] {dag.py:2935} INFO - Setting next_dagrun for example_xcom_args to None
[2023-10-15 20:58:25,622] {logging_mixin.py:109} INFO - [2023-10-15 20:58:25,622] {dag.py:2935} INFO - Setting next_dagrun for example_xcom_args_with_operators to None
[2023-10-15 20:58:25,628] {processor.py:171} INFO - Processing /Users/namyoung/Desktop/myprj/airflow/airflow/lib/python3.7/site-packages/airflow/example_dags/example_xcomargs.py took 0.056 seconds
[2023-10-15 22:36:42,954] {processor.py:163} INFO - Started process (PID=27986) to work on /Users/namyoung/Desktop/myprj/airflow/airflow/lib/python3.7/site-packages/airflow/example_dags/example_xcomargs.py
[2023-10-15 22:36:42,955] {processor.py:642} INFO - Processing file /Users/namyoung/Desktop/myprj/airflow/airflow/lib/python3.7/site-packages/airflow/example_dags/example_xcomargs.py for tasks to queue
[2023-10-15 22:36:42,955] {logging_mixin.py:109} INFO - [2023-10-15 22:36:42,955] {dagbag.py:500} INFO - Filling up the DagBag from /Users/namyoung/Desktop/myprj/airflow/airflow/lib/python3.7/site-packages/airflow/example_dags/example_xcomargs.py
[2023-10-15 22:36:42,971] {processor.py:654} INFO - DAG(s) dict_keys(['example_xcom_args', 'example_xcom_args_with_operators']) retrieved from /Users/namyoung/Desktop/myprj/airflow/airflow/lib/python3.7/site-packages/airflow/example_dags/example_xcomargs.py
[2023-10-15 22:36:42,978] {logging_mixin.py:109} INFO - [2023-10-15 22:36:42,978] {dag.py:2396} INFO - Sync 2 DAGs
[2023-10-15 22:36:42,985] {logging_mixin.py:109} INFO - [2023-10-15 22:36:42,985] {dag.py:2935} INFO - Setting next_dagrun for example_xcom_args to None
[2023-10-15 22:36:42,986] {logging_mixin.py:109} INFO - [2023-10-15 22:36:42,986] {dag.py:2935} INFO - Setting next_dagrun for example_xcom_args_with_operators to None
[2023-10-15 22:36:42,991] {processor.py:171} INFO - Processing /Users/namyoung/Desktop/myprj/airflow/airflow/lib/python3.7/site-packages/airflow/example_dags/example_xcomargs.py took 0.039 seconds
[2023-10-16 00:15:30,762] {processor.py:163} INFO - Started process (PID=28260) to work on /Users/namyoung/Desktop/myprj/airflow/airflow/lib/python3.7/site-packages/airflow/example_dags/example_xcomargs.py
[2023-10-16 00:15:30,763] {processor.py:642} INFO - Processing file /Users/namyoung/Desktop/myprj/airflow/airflow/lib/python3.7/site-packages/airflow/example_dags/example_xcomargs.py for tasks to queue
[2023-10-16 00:15:30,764] {logging_mixin.py:109} INFO - [2023-10-16 00:15:30,763] {dagbag.py:500} INFO - Filling up the DagBag from /Users/namyoung/Desktop/myprj/airflow/airflow/lib/python3.7/site-packages/airflow/example_dags/example_xcomargs.py
[2023-10-16 00:15:30,779] {processor.py:654} INFO - DAG(s) dict_keys(['example_xcom_args', 'example_xcom_args_with_operators']) retrieved from /Users/namyoung/Desktop/myprj/airflow/airflow/lib/python3.7/site-packages/airflow/example_dags/example_xcomargs.py
[2023-10-16 00:15:30,786] {logging_mixin.py:109} INFO - [2023-10-16 00:15:30,786] {dag.py:2396} INFO - Sync 2 DAGs
[2023-10-16 00:15:30,793] {logging_mixin.py:109} INFO - [2023-10-16 00:15:30,793] {dag.py:2935} INFO - Setting next_dagrun for example_xcom_args to None
[2023-10-16 00:15:30,793] {logging_mixin.py:109} INFO - [2023-10-16 00:15:30,793] {dag.py:2935} INFO - Setting next_dagrun for example_xcom_args_with_operators to None
[2023-10-16 00:15:30,798] {processor.py:171} INFO - Processing /Users/namyoung/Desktop/myprj/airflow/airflow/lib/python3.7/site-packages/airflow/example_dags/example_xcomargs.py took 0.040 seconds
[2023-10-16 01:55:38,770] {processor.py:163} INFO - Started process (PID=28514) to work on /Users/namyoung/Desktop/myprj/airflow/airflow/lib/python3.7/site-packages/airflow/example_dags/example_xcomargs.py
[2023-10-16 01:55:38,772] {processor.py:642} INFO - Processing file /Users/namyoung/Desktop/myprj/airflow/airflow/lib/python3.7/site-packages/airflow/example_dags/example_xcomargs.py for tasks to queue
[2023-10-16 01:55:38,773] {logging_mixin.py:109} INFO - [2023-10-16 01:55:38,773] {dagbag.py:500} INFO - Filling up the DagBag from /Users/namyoung/Desktop/myprj/airflow/airflow/lib/python3.7/site-packages/airflow/example_dags/example_xcomargs.py
[2023-10-16 01:55:38,801] {processor.py:654} INFO - DAG(s) dict_keys(['example_xcom_args', 'example_xcom_args_with_operators']) retrieved from /Users/namyoung/Desktop/myprj/airflow/airflow/lib/python3.7/site-packages/airflow/example_dags/example_xcomargs.py
[2023-10-16 01:55:38,809] {logging_mixin.py:109} INFO - [2023-10-16 01:55:38,809] {dag.py:2396} INFO - Sync 2 DAGs
[2023-10-16 01:55:38,817] {logging_mixin.py:109} INFO - [2023-10-16 01:55:38,817] {dag.py:2935} INFO - Setting next_dagrun for example_xcom_args to None
[2023-10-16 01:55:38,817] {logging_mixin.py:109} INFO - [2023-10-16 01:55:38,817] {dag.py:2935} INFO - Setting next_dagrun for example_xcom_args_with_operators to None
[2023-10-16 01:55:38,823] {processor.py:171} INFO - Processing /Users/namyoung/Desktop/myprj/airflow/airflow/lib/python3.7/site-packages/airflow/example_dags/example_xcomargs.py took 0.058 seconds
[2023-10-16 03:34:45,710] {processor.py:163} INFO - Started process (PID=28640) to work on /Users/namyoung/Desktop/myprj/airflow/airflow/lib/python3.7/site-packages/airflow/example_dags/example_xcomargs.py
[2023-10-16 03:34:45,711] {processor.py:642} INFO - Processing file /Users/namyoung/Desktop/myprj/airflow/airflow/lib/python3.7/site-packages/airflow/example_dags/example_xcomargs.py for tasks to queue
[2023-10-16 03:34:45,711] {logging_mixin.py:109} INFO - [2023-10-16 03:34:45,711] {dagbag.py:500} INFO - Filling up the DagBag from /Users/namyoung/Desktop/myprj/airflow/airflow/lib/python3.7/site-packages/airflow/example_dags/example_xcomargs.py
[2023-10-16 03:34:45,727] {processor.py:654} INFO - DAG(s) dict_keys(['example_xcom_args', 'example_xcom_args_with_operators']) retrieved from /Users/namyoung/Desktop/myprj/airflow/airflow/lib/python3.7/site-packages/airflow/example_dags/example_xcomargs.py
[2023-10-16 03:34:45,734] {logging_mixin.py:109} INFO - [2023-10-16 03:34:45,733] {dag.py:2396} INFO - Sync 2 DAGs
[2023-10-16 03:34:45,741] {logging_mixin.py:109} INFO - [2023-10-16 03:34:45,740] {dag.py:2935} INFO - Setting next_dagrun for example_xcom_args to None
[2023-10-16 03:34:45,741] {logging_mixin.py:109} INFO - [2023-10-16 03:34:45,741] {dag.py:2935} INFO - Setting next_dagrun for example_xcom_args_with_operators to None
[2023-10-16 03:34:45,747] {processor.py:171} INFO - Processing /Users/namyoung/Desktop/myprj/airflow/airflow/lib/python3.7/site-packages/airflow/example_dags/example_xcomargs.py took 0.039 seconds
[2023-10-16 04:56:22,268] {processor.py:163} INFO - Started process (PID=28892) to work on /Users/namyoung/Desktop/myprj/airflow/airflow/lib/python3.7/site-packages/airflow/example_dags/example_xcomargs.py
[2023-10-16 04:56:22,269] {processor.py:642} INFO - Processing file /Users/namyoung/Desktop/myprj/airflow/airflow/lib/python3.7/site-packages/airflow/example_dags/example_xcomargs.py for tasks to queue
[2023-10-16 04:56:22,270] {logging_mixin.py:109} INFO - [2023-10-16 04:56:22,270] {dagbag.py:500} INFO - Filling up the DagBag from /Users/namyoung/Desktop/myprj/airflow/airflow/lib/python3.7/site-packages/airflow/example_dags/example_xcomargs.py
[2023-10-16 04:56:22,285] {processor.py:654} INFO - DAG(s) dict_keys(['example_xcom_args', 'example_xcom_args_with_operators']) retrieved from /Users/namyoung/Desktop/myprj/airflow/airflow/lib/python3.7/site-packages/airflow/example_dags/example_xcomargs.py
[2023-10-16 04:56:22,422] {logging_mixin.py:109} INFO - [2023-10-16 04:56:22,421] {dag.py:2396} INFO - Sync 2 DAGs
[2023-10-16 04:56:22,428] {logging_mixin.py:109} INFO - [2023-10-16 04:56:22,428] {dag.py:2935} INFO - Setting next_dagrun for example_xcom_args to None
[2023-10-16 04:56:22,429] {logging_mixin.py:109} INFO - [2023-10-16 04:56:22,429] {dag.py:2935} INFO - Setting next_dagrun for example_xcom_args_with_operators to None
[2023-10-16 04:56:22,436] {processor.py:171} INFO - Processing /Users/namyoung/Desktop/myprj/airflow/airflow/lib/python3.7/site-packages/airflow/example_dags/example_xcomargs.py took 0.169 seconds
[2023-10-16 06:34:44,690] {processor.py:163} INFO - Started process (PID=29027) to work on /Users/namyoung/Desktop/myprj/airflow/airflow/lib/python3.7/site-packages/airflow/example_dags/example_xcomargs.py
[2023-10-16 06:34:44,691] {processor.py:642} INFO - Processing file /Users/namyoung/Desktop/myprj/airflow/airflow/lib/python3.7/site-packages/airflow/example_dags/example_xcomargs.py for tasks to queue
[2023-10-16 06:34:44,691] {logging_mixin.py:109} INFO - [2023-10-16 06:34:44,691] {dagbag.py:500} INFO - Filling up the DagBag from /Users/namyoung/Desktop/myprj/airflow/airflow/lib/python3.7/site-packages/airflow/example_dags/example_xcomargs.py
[2023-10-16 06:34:44,707] {processor.py:654} INFO - DAG(s) dict_keys(['example_xcom_args', 'example_xcom_args_with_operators']) retrieved from /Users/namyoung/Desktop/myprj/airflow/airflow/lib/python3.7/site-packages/airflow/example_dags/example_xcomargs.py
[2023-10-16 06:34:44,836] {logging_mixin.py:109} INFO - [2023-10-16 06:34:44,836] {dag.py:2396} INFO - Sync 2 DAGs
[2023-10-16 06:34:44,843] {logging_mixin.py:109} INFO - [2023-10-16 06:34:44,843] {dag.py:2935} INFO - Setting next_dagrun for example_xcom_args to None
[2023-10-16 06:34:44,844] {logging_mixin.py:109} INFO - [2023-10-16 06:34:44,844] {dag.py:2935} INFO - Setting next_dagrun for example_xcom_args_with_operators to None
[2023-10-16 06:34:44,850] {processor.py:171} INFO - Processing /Users/namyoung/Desktop/myprj/airflow/airflow/lib/python3.7/site-packages/airflow/example_dags/example_xcomargs.py took 0.162 seconds
[2023-10-16 08:13:38,262] {processor.py:163} INFO - Started process (PID=29292) to work on /Users/namyoung/Desktop/myprj/airflow/airflow/lib/python3.7/site-packages/airflow/example_dags/example_xcomargs.py
[2023-10-16 08:13:38,262] {processor.py:642} INFO - Processing file /Users/namyoung/Desktop/myprj/airflow/airflow/lib/python3.7/site-packages/airflow/example_dags/example_xcomargs.py for tasks to queue
[2023-10-16 08:13:38,263] {logging_mixin.py:109} INFO - [2023-10-16 08:13:38,263] {dagbag.py:500} INFO - Filling up the DagBag from /Users/namyoung/Desktop/myprj/airflow/airflow/lib/python3.7/site-packages/airflow/example_dags/example_xcomargs.py
[2023-10-16 08:13:38,283] {processor.py:654} INFO - DAG(s) dict_keys(['example_xcom_args', 'example_xcom_args_with_operators']) retrieved from /Users/namyoung/Desktop/myprj/airflow/airflow/lib/python3.7/site-packages/airflow/example_dags/example_xcomargs.py
[2023-10-16 08:13:38,291] {logging_mixin.py:109} INFO - [2023-10-16 08:13:38,290] {dag.py:2396} INFO - Sync 2 DAGs
[2023-10-16 08:13:38,298] {logging_mixin.py:109} INFO - [2023-10-16 08:13:38,298] {dag.py:2935} INFO - Setting next_dagrun for example_xcom_args to None
[2023-10-16 08:13:38,298] {logging_mixin.py:109} INFO - [2023-10-16 08:13:38,298] {dag.py:2935} INFO - Setting next_dagrun for example_xcom_args_with_operators to None
[2023-10-16 08:13:38,304] {processor.py:171} INFO - Processing /Users/namyoung/Desktop/myprj/airflow/airflow/lib/python3.7/site-packages/airflow/example_dags/example_xcomargs.py took 0.045 seconds
