[2023-10-15 10:52:01,908] {processor.py:163} INFO - Started process (PID=26594) to work on /Users/namyoung/Desktop/myprj/airflow/airflow/lib/python3.7/site-packages/airflow/example_dags/example_bash_operator.py
[2023-10-15 10:52:01,909] {processor.py:642} INFO - Processing file /Users/namyoung/Desktop/myprj/airflow/airflow/lib/python3.7/site-packages/airflow/example_dags/example_bash_operator.py for tasks to queue
[2023-10-15 10:52:01,910] {logging_mixin.py:109} INFO - [2023-10-15 10:52:01,910] {dagbag.py:500} INFO - Filling up the DagBag from /Users/namyoung/Desktop/myprj/airflow/airflow/lib/python3.7/site-packages/airflow/example_dags/example_bash_operator.py
[2023-10-15 10:52:01,930] {processor.py:654} INFO - DAG(s) dict_keys(['example_bash_operator']) retrieved from /Users/namyoung/Desktop/myprj/airflow/airflow/lib/python3.7/site-packages/airflow/example_dags/example_bash_operator.py
[2023-10-15 10:52:01,938] {logging_mixin.py:109} INFO - [2023-10-15 10:52:01,937] {dag.py:2396} INFO - Sync 1 DAGs
[2023-10-15 10:52:01,948] {logging_mixin.py:109} INFO - [2023-10-15 10:52:01,948] {dag.py:2935} INFO - Setting next_dagrun for example_bash_operator to 2023-10-15T00:00:00+00:00
[2023-10-15 10:52:01,954] {processor.py:171} INFO - Processing /Users/namyoung/Desktop/myprj/airflow/airflow/lib/python3.7/site-packages/airflow/example_dags/example_bash_operator.py took 0.049 seconds
[2023-10-15 14:12:31,140] {processor.py:163} INFO - Started process (PID=27007) to work on /Users/namyoung/Desktop/myprj/airflow/airflow/lib/python3.7/site-packages/airflow/example_dags/example_bash_operator.py
[2023-10-15 14:12:31,141] {processor.py:642} INFO - Processing file /Users/namyoung/Desktop/myprj/airflow/airflow/lib/python3.7/site-packages/airflow/example_dags/example_bash_operator.py for tasks to queue
[2023-10-15 14:12:31,141] {logging_mixin.py:109} INFO - [2023-10-15 14:12:31,141] {dagbag.py:500} INFO - Filling up the DagBag from /Users/namyoung/Desktop/myprj/airflow/airflow/lib/python3.7/site-packages/airflow/example_dags/example_bash_operator.py
[2023-10-15 14:12:31,156] {processor.py:654} INFO - DAG(s) dict_keys(['example_bash_operator']) retrieved from /Users/namyoung/Desktop/myprj/airflow/airflow/lib/python3.7/site-packages/airflow/example_dags/example_bash_operator.py
[2023-10-15 14:12:31,162] {logging_mixin.py:109} INFO - [2023-10-15 14:12:31,162] {dag.py:2396} INFO - Sync 1 DAGs
[2023-10-15 14:12:31,171] {logging_mixin.py:109} INFO - [2023-10-15 14:12:31,170] {dag.py:2935} INFO - Setting next_dagrun for example_bash_operator to 2023-10-15T00:00:00+00:00
[2023-10-15 14:12:31,176] {processor.py:171} INFO - Processing /Users/namyoung/Desktop/myprj/airflow/airflow/lib/python3.7/site-packages/airflow/example_dags/example_bash_operator.py took 0.038 seconds
[2023-10-15 17:29:29,596] {processor.py:163} INFO - Started process (PID=27407) to work on /Users/namyoung/Desktop/myprj/airflow/airflow/lib/python3.7/site-packages/airflow/example_dags/example_bash_operator.py
[2023-10-15 17:29:29,597] {processor.py:642} INFO - Processing file /Users/namyoung/Desktop/myprj/airflow/airflow/lib/python3.7/site-packages/airflow/example_dags/example_bash_operator.py for tasks to queue
[2023-10-15 17:29:29,598] {logging_mixin.py:109} INFO - [2023-10-15 17:29:29,598] {dagbag.py:500} INFO - Filling up the DagBag from /Users/namyoung/Desktop/myprj/airflow/airflow/lib/python3.7/site-packages/airflow/example_dags/example_bash_operator.py
[2023-10-15 17:29:29,622] {processor.py:654} INFO - DAG(s) dict_keys(['example_bash_operator']) retrieved from /Users/namyoung/Desktop/myprj/airflow/airflow/lib/python3.7/site-packages/airflow/example_dags/example_bash_operator.py
[2023-10-15 17:29:29,630] {logging_mixin.py:109} INFO - [2023-10-15 17:29:29,630] {dag.py:2396} INFO - Sync 1 DAGs
[2023-10-15 17:29:29,640] {logging_mixin.py:109} INFO - [2023-10-15 17:29:29,640] {dag.py:2935} INFO - Setting next_dagrun for example_bash_operator to 2023-10-15T00:00:00+00:00
[2023-10-15 17:29:29,646] {processor.py:171} INFO - Processing /Users/namyoung/Desktop/myprj/airflow/airflow/lib/python3.7/site-packages/airflow/example_dags/example_bash_operator.py took 0.054 seconds
[2023-10-15 20:26:14,615] {processor.py:163} INFO - Started process (PID=27803) to work on /Users/namyoung/Desktop/myprj/airflow/airflow/lib/python3.7/site-packages/airflow/example_dags/example_bash_operator.py
[2023-10-15 20:26:14,618] {processor.py:642} INFO - Processing file /Users/namyoung/Desktop/myprj/airflow/airflow/lib/python3.7/site-packages/airflow/example_dags/example_bash_operator.py for tasks to queue
[2023-10-15 20:26:14,619] {logging_mixin.py:109} INFO - [2023-10-15 20:26:14,618] {dagbag.py:500} INFO - Filling up the DagBag from /Users/namyoung/Desktop/myprj/airflow/airflow/lib/python3.7/site-packages/airflow/example_dags/example_bash_operator.py
[2023-10-15 20:26:14,648] {processor.py:654} INFO - DAG(s) dict_keys(['example_bash_operator']) retrieved from /Users/namyoung/Desktop/myprj/airflow/airflow/lib/python3.7/site-packages/airflow/example_dags/example_bash_operator.py
[2023-10-15 20:26:14,656] {logging_mixin.py:109} INFO - [2023-10-15 20:26:14,656] {dag.py:2396} INFO - Sync 1 DAGs
[2023-10-15 20:26:14,665] {logging_mixin.py:109} INFO - [2023-10-15 20:26:14,665] {dag.py:2935} INFO - Setting next_dagrun for example_bash_operator to 2023-10-15T00:00:00+00:00
[2023-10-15 20:26:14,670] {processor.py:171} INFO - Processing /Users/namyoung/Desktop/myprj/airflow/airflow/lib/python3.7/site-packages/airflow/example_dags/example_bash_operator.py took 0.060 seconds
[2023-10-15 22:21:02,129] {processor.py:163} INFO - Started process (PID=27950) to work on /Users/namyoung/Desktop/myprj/airflow/airflow/lib/python3.7/site-packages/airflow/example_dags/example_bash_operator.py
[2023-10-15 22:21:02,130] {processor.py:642} INFO - Processing file /Users/namyoung/Desktop/myprj/airflow/airflow/lib/python3.7/site-packages/airflow/example_dags/example_bash_operator.py for tasks to queue
[2023-10-15 22:21:02,131] {logging_mixin.py:109} INFO - [2023-10-15 22:21:02,131] {dagbag.py:500} INFO - Filling up the DagBag from /Users/namyoung/Desktop/myprj/airflow/airflow/lib/python3.7/site-packages/airflow/example_dags/example_bash_operator.py
[2023-10-15 22:21:02,157] {processor.py:654} INFO - DAG(s) dict_keys(['example_bash_operator']) retrieved from /Users/namyoung/Desktop/myprj/airflow/airflow/lib/python3.7/site-packages/airflow/example_dags/example_bash_operator.py
[2023-10-15 22:21:02,164] {logging_mixin.py:109} INFO - [2023-10-15 22:21:02,164] {dag.py:2396} INFO - Sync 1 DAGs
[2023-10-15 22:21:02,176] {logging_mixin.py:109} INFO - [2023-10-15 22:21:02,176] {dag.py:2935} INFO - Setting next_dagrun for example_bash_operator to 2023-10-15T00:00:00+00:00
[2023-10-15 22:21:02,188] {processor.py:171} INFO - Processing /Users/namyoung/Desktop/myprj/airflow/airflow/lib/python3.7/site-packages/airflow/example_dags/example_bash_operator.py took 0.064 seconds
[2023-10-16 01:38:38,338] {processor.py:163} INFO - Started process (PID=28363) to work on /Users/namyoung/Desktop/myprj/airflow/airflow/lib/python3.7/site-packages/airflow/example_dags/example_bash_operator.py
[2023-10-16 01:38:38,339] {processor.py:642} INFO - Processing file /Users/namyoung/Desktop/myprj/airflow/airflow/lib/python3.7/site-packages/airflow/example_dags/example_bash_operator.py for tasks to queue
[2023-10-16 01:38:38,340] {logging_mixin.py:109} INFO - [2023-10-16 01:38:38,340] {dagbag.py:500} INFO - Filling up the DagBag from /Users/namyoung/Desktop/myprj/airflow/airflow/lib/python3.7/site-packages/airflow/example_dags/example_bash_operator.py
[2023-10-16 01:38:38,353] {processor.py:654} INFO - DAG(s) dict_keys(['example_bash_operator']) retrieved from /Users/namyoung/Desktop/myprj/airflow/airflow/lib/python3.7/site-packages/airflow/example_dags/example_bash_operator.py
[2023-10-16 01:38:38,362] {logging_mixin.py:109} INFO - [2023-10-16 01:38:38,361] {dag.py:2396} INFO - Sync 1 DAGs
[2023-10-16 01:38:38,371] {logging_mixin.py:109} INFO - [2023-10-16 01:38:38,371] {dag.py:2935} INFO - Setting next_dagrun for example_bash_operator to 2023-10-15T00:00:00+00:00
[2023-10-16 01:38:38,376] {processor.py:171} INFO - Processing /Users/namyoung/Desktop/myprj/airflow/airflow/lib/python3.7/site-packages/airflow/example_dags/example_bash_operator.py took 0.039 seconds
[2023-10-16 04:24:31,619] {processor.py:163} INFO - Started process (PID=28732) to work on /Users/namyoung/Desktop/myprj/airflow/airflow/lib/python3.7/site-packages/airflow/example_dags/example_bash_operator.py
[2023-10-16 04:24:31,620] {processor.py:642} INFO - Processing file /Users/namyoung/Desktop/myprj/airflow/airflow/lib/python3.7/site-packages/airflow/example_dags/example_bash_operator.py for tasks to queue
[2023-10-16 04:24:31,620] {logging_mixin.py:109} INFO - [2023-10-16 04:24:31,620] {dagbag.py:500} INFO - Filling up the DagBag from /Users/namyoung/Desktop/myprj/airflow/airflow/lib/python3.7/site-packages/airflow/example_dags/example_bash_operator.py
[2023-10-16 04:24:31,637] {processor.py:654} INFO - DAG(s) dict_keys(['example_bash_operator']) retrieved from /Users/namyoung/Desktop/myprj/airflow/airflow/lib/python3.7/site-packages/airflow/example_dags/example_bash_operator.py
[2023-10-16 04:24:31,643] {logging_mixin.py:109} INFO - [2023-10-16 04:24:31,643] {dag.py:2396} INFO - Sync 1 DAGs
[2023-10-16 04:24:31,652] {logging_mixin.py:109} INFO - [2023-10-16 04:24:31,652] {dag.py:2935} INFO - Setting next_dagrun for example_bash_operator to 2023-10-15T00:00:00+00:00
[2023-10-16 04:24:31,658] {processor.py:171} INFO - Processing /Users/namyoung/Desktop/myprj/airflow/airflow/lib/python3.7/site-packages/airflow/example_dags/example_bash_operator.py took 0.041 seconds
[2023-10-16 06:17:49,371] {processor.py:163} INFO - Started process (PID=29000) to work on /Users/namyoung/Desktop/myprj/airflow/airflow/lib/python3.7/site-packages/airflow/example_dags/example_bash_operator.py
[2023-10-16 06:17:49,372] {processor.py:642} INFO - Processing file /Users/namyoung/Desktop/myprj/airflow/airflow/lib/python3.7/site-packages/airflow/example_dags/example_bash_operator.py for tasks to queue
[2023-10-16 06:17:49,373] {logging_mixin.py:109} INFO - [2023-10-16 06:17:49,373] {dagbag.py:500} INFO - Filling up the DagBag from /Users/namyoung/Desktop/myprj/airflow/airflow/lib/python3.7/site-packages/airflow/example_dags/example_bash_operator.py
[2023-10-16 06:17:49,395] {processor.py:654} INFO - DAG(s) dict_keys(['example_bash_operator']) retrieved from /Users/namyoung/Desktop/myprj/airflow/airflow/lib/python3.7/site-packages/airflow/example_dags/example_bash_operator.py
[2023-10-16 06:17:49,403] {logging_mixin.py:109} INFO - [2023-10-16 06:17:49,402] {dag.py:2396} INFO - Sync 1 DAGs
[2023-10-16 06:17:49,414] {logging_mixin.py:109} INFO - [2023-10-16 06:17:49,414] {dag.py:2935} INFO - Setting next_dagrun for example_bash_operator to 2023-10-15T00:00:00+00:00
[2023-10-16 06:17:49,427] {processor.py:171} INFO - Processing /Users/namyoung/Desktop/myprj/airflow/airflow/lib/python3.7/site-packages/airflow/example_dags/example_bash_operator.py took 0.058 seconds
