[2023-10-15 09:44:23,952] {processor.py:163} INFO - Started process (PID=26395) to work on /Users/namyoung/Desktop/myprj/airflow/airflow/lib/python3.7/site-packages/airflow/example_dags/example_time_delta_sensor_async.py
[2023-10-15 09:44:23,954] {processor.py:642} INFO - Processing file /Users/namyoung/Desktop/myprj/airflow/airflow/lib/python3.7/site-packages/airflow/example_dags/example_time_delta_sensor_async.py for tasks to queue
[2023-10-15 09:44:23,956] {logging_mixin.py:109} INFO - [2023-10-15 09:44:23,956] {dagbag.py:500} INFO - Filling up the DagBag from /Users/namyoung/Desktop/myprj/airflow/airflow/lib/python3.7/site-packages/airflow/example_dags/example_time_delta_sensor_async.py
[2023-10-15 09:44:23,982] {processor.py:654} INFO - DAG(s) dict_keys(['example_time_delta_sensor_async']) retrieved from /Users/namyoung/Desktop/myprj/airflow/airflow/lib/python3.7/site-packages/airflow/example_dags/example_time_delta_sensor_async.py
[2023-10-15 09:44:23,990] {logging_mixin.py:109} INFO - [2023-10-15 09:44:23,990] {dag.py:2396} INFO - Sync 1 DAGs
[2023-10-15 09:44:23,998] {logging_mixin.py:109} INFO - [2023-10-15 09:44:23,998] {dag.py:2935} INFO - Setting next_dagrun for example_time_delta_sensor_async to None
[2023-10-15 09:44:24,003] {processor.py:171} INFO - Processing /Users/namyoung/Desktop/myprj/airflow/airflow/lib/python3.7/site-packages/airflow/example_dags/example_time_delta_sensor_async.py took 0.057 seconds
[2023-10-15 11:23:50,851] {processor.py:163} INFO - Started process (PID=26654) to work on /Users/namyoung/Desktop/myprj/airflow/airflow/lib/python3.7/site-packages/airflow/example_dags/example_time_delta_sensor_async.py
[2023-10-15 11:23:50,852] {processor.py:642} INFO - Processing file /Users/namyoung/Desktop/myprj/airflow/airflow/lib/python3.7/site-packages/airflow/example_dags/example_time_delta_sensor_async.py for tasks to queue
[2023-10-15 11:23:50,852] {logging_mixin.py:109} INFO - [2023-10-15 11:23:50,852] {dagbag.py:500} INFO - Filling up the DagBag from /Users/namyoung/Desktop/myprj/airflow/airflow/lib/python3.7/site-packages/airflow/example_dags/example_time_delta_sensor_async.py
[2023-10-15 11:23:50,864] {processor.py:654} INFO - DAG(s) dict_keys(['example_time_delta_sensor_async']) retrieved from /Users/namyoung/Desktop/myprj/airflow/airflow/lib/python3.7/site-packages/airflow/example_dags/example_time_delta_sensor_async.py
[2023-10-15 11:23:50,869] {logging_mixin.py:109} INFO - [2023-10-15 11:23:50,869] {dag.py:2396} INFO - Sync 1 DAGs
[2023-10-15 11:23:50,877] {logging_mixin.py:109} INFO - [2023-10-15 11:23:50,876] {dag.py:2935} INFO - Setting next_dagrun for example_time_delta_sensor_async to None
[2023-10-15 11:23:50,883] {processor.py:171} INFO - Processing /Users/namyoung/Desktop/myprj/airflow/airflow/lib/python3.7/site-packages/airflow/example_dags/example_time_delta_sensor_async.py took 0.034 seconds
[2023-10-15 13:05:03,016] {processor.py:163} INFO - Started process (PID=26803) to work on /Users/namyoung/Desktop/myprj/airflow/airflow/lib/python3.7/site-packages/airflow/example_dags/example_time_delta_sensor_async.py
[2023-10-15 13:05:03,017] {processor.py:642} INFO - Processing file /Users/namyoung/Desktop/myprj/airflow/airflow/lib/python3.7/site-packages/airflow/example_dags/example_time_delta_sensor_async.py for tasks to queue
[2023-10-15 13:05:03,017] {logging_mixin.py:109} INFO - [2023-10-15 13:05:03,017] {dagbag.py:500} INFO - Filling up the DagBag from /Users/namyoung/Desktop/myprj/airflow/airflow/lib/python3.7/site-packages/airflow/example_dags/example_time_delta_sensor_async.py
[2023-10-15 13:05:03,029] {processor.py:654} INFO - DAG(s) dict_keys(['example_time_delta_sensor_async']) retrieved from /Users/namyoung/Desktop/myprj/airflow/airflow/lib/python3.7/site-packages/airflow/example_dags/example_time_delta_sensor_async.py
[2023-10-15 13:05:03,035] {logging_mixin.py:109} INFO - [2023-10-15 13:05:03,034] {dag.py:2396} INFO - Sync 1 DAGs
[2023-10-15 13:05:03,042] {logging_mixin.py:109} INFO - [2023-10-15 13:05:03,041] {dag.py:2935} INFO - Setting next_dagrun for example_time_delta_sensor_async to None
[2023-10-15 13:05:03,047] {processor.py:171} INFO - Processing /Users/namyoung/Desktop/myprj/airflow/airflow/lib/python3.7/site-packages/airflow/example_dags/example_time_delta_sensor_async.py took 0.033 seconds
[2023-10-15 14:46:35,914] {processor.py:163} INFO - Started process (PID=27067) to work on /Users/namyoung/Desktop/myprj/airflow/airflow/lib/python3.7/site-packages/airflow/example_dags/example_time_delta_sensor_async.py
[2023-10-15 14:46:35,914] {processor.py:642} INFO - Processing file /Users/namyoung/Desktop/myprj/airflow/airflow/lib/python3.7/site-packages/airflow/example_dags/example_time_delta_sensor_async.py for tasks to queue
[2023-10-15 14:46:35,915] {logging_mixin.py:109} INFO - [2023-10-15 14:46:35,915] {dagbag.py:500} INFO - Filling up the DagBag from /Users/namyoung/Desktop/myprj/airflow/airflow/lib/python3.7/site-packages/airflow/example_dags/example_time_delta_sensor_async.py
[2023-10-15 14:46:35,927] {processor.py:654} INFO - DAG(s) dict_keys(['example_time_delta_sensor_async']) retrieved from /Users/namyoung/Desktop/myprj/airflow/airflow/lib/python3.7/site-packages/airflow/example_dags/example_time_delta_sensor_async.py
[2023-10-15 14:46:35,933] {logging_mixin.py:109} INFO - [2023-10-15 14:46:35,933] {dag.py:2396} INFO - Sync 1 DAGs
[2023-10-15 14:46:35,940] {logging_mixin.py:109} INFO - [2023-10-15 14:46:35,940] {dag.py:2935} INFO - Setting next_dagrun for example_time_delta_sensor_async to None
[2023-10-15 14:46:35,947] {processor.py:171} INFO - Processing /Users/namyoung/Desktop/myprj/airflow/airflow/lib/python3.7/site-packages/airflow/example_dags/example_time_delta_sensor_async.py took 0.036 seconds
[2023-10-15 16:26:16,961] {processor.py:163} INFO - Started process (PID=27328) to work on /Users/namyoung/Desktop/myprj/airflow/airflow/lib/python3.7/site-packages/airflow/example_dags/example_time_delta_sensor_async.py
[2023-10-15 16:26:16,962] {processor.py:642} INFO - Processing file /Users/namyoung/Desktop/myprj/airflow/airflow/lib/python3.7/site-packages/airflow/example_dags/example_time_delta_sensor_async.py for tasks to queue
[2023-10-15 16:26:16,963] {logging_mixin.py:109} INFO - [2023-10-15 16:26:16,962] {dagbag.py:500} INFO - Filling up the DagBag from /Users/namyoung/Desktop/myprj/airflow/airflow/lib/python3.7/site-packages/airflow/example_dags/example_time_delta_sensor_async.py
[2023-10-15 16:26:16,974] {processor.py:654} INFO - DAG(s) dict_keys(['example_time_delta_sensor_async']) retrieved from /Users/namyoung/Desktop/myprj/airflow/airflow/lib/python3.7/site-packages/airflow/example_dags/example_time_delta_sensor_async.py
[2023-10-15 16:26:16,979] {logging_mixin.py:109} INFO - [2023-10-15 16:26:16,979] {dag.py:2396} INFO - Sync 1 DAGs
[2023-10-15 16:26:16,986] {logging_mixin.py:109} INFO - [2023-10-15 16:26:16,986] {dag.py:2935} INFO - Setting next_dagrun for example_time_delta_sensor_async to None
[2023-10-15 16:26:16,990] {processor.py:171} INFO - Processing /Users/namyoung/Desktop/myprj/airflow/airflow/lib/python3.7/site-packages/airflow/example_dags/example_time_delta_sensor_async.py took 0.033 seconds
[2023-10-15 17:57:22,808] {processor.py:163} INFO - Started process (PID=27467) to work on /Users/namyoung/Desktop/myprj/airflow/airflow/lib/python3.7/site-packages/airflow/example_dags/example_time_delta_sensor_async.py
[2023-10-15 17:57:22,810] {processor.py:642} INFO - Processing file /Users/namyoung/Desktop/myprj/airflow/airflow/lib/python3.7/site-packages/airflow/example_dags/example_time_delta_sensor_async.py for tasks to queue
[2023-10-15 17:57:22,811] {logging_mixin.py:109} INFO - [2023-10-15 17:57:22,810] {dagbag.py:500} INFO - Filling up the DagBag from /Users/namyoung/Desktop/myprj/airflow/airflow/lib/python3.7/site-packages/airflow/example_dags/example_time_delta_sensor_async.py
[2023-10-15 17:57:22,834] {processor.py:654} INFO - DAG(s) dict_keys(['example_time_delta_sensor_async']) retrieved from /Users/namyoung/Desktop/myprj/airflow/airflow/lib/python3.7/site-packages/airflow/example_dags/example_time_delta_sensor_async.py
[2023-10-15 17:57:22,842] {logging_mixin.py:109} INFO - [2023-10-15 17:57:22,842] {dag.py:2396} INFO - Sync 1 DAGs
[2023-10-15 17:57:22,852] {logging_mixin.py:109} INFO - [2023-10-15 17:57:22,852] {dag.py:2935} INFO - Setting next_dagrun for example_time_delta_sensor_async to None
[2023-10-15 17:57:22,859] {processor.py:171} INFO - Processing /Users/namyoung/Desktop/myprj/airflow/airflow/lib/python3.7/site-packages/airflow/example_dags/example_time_delta_sensor_async.py took 0.056 seconds
[2023-10-15 19:37:30,267] {processor.py:163} INFO - Started process (PID=27715) to work on /Users/namyoung/Desktop/myprj/airflow/airflow/lib/python3.7/site-packages/airflow/example_dags/example_time_delta_sensor_async.py
[2023-10-15 19:37:30,269] {processor.py:642} INFO - Processing file /Users/namyoung/Desktop/myprj/airflow/airflow/lib/python3.7/site-packages/airflow/example_dags/example_time_delta_sensor_async.py for tasks to queue
[2023-10-15 19:37:30,270] {logging_mixin.py:109} INFO - [2023-10-15 19:37:30,270] {dagbag.py:500} INFO - Filling up the DagBag from /Users/namyoung/Desktop/myprj/airflow/airflow/lib/python3.7/site-packages/airflow/example_dags/example_time_delta_sensor_async.py
[2023-10-15 19:37:30,290] {processor.py:654} INFO - DAG(s) dict_keys(['example_time_delta_sensor_async']) retrieved from /Users/namyoung/Desktop/myprj/airflow/airflow/lib/python3.7/site-packages/airflow/example_dags/example_time_delta_sensor_async.py
[2023-10-15 19:37:30,300] {logging_mixin.py:109} INFO - [2023-10-15 19:37:30,300] {dag.py:2396} INFO - Sync 1 DAGs
[2023-10-15 19:37:30,309] {logging_mixin.py:109} INFO - [2023-10-15 19:37:30,308] {dag.py:2935} INFO - Setting next_dagrun for example_time_delta_sensor_async to None
[2023-10-15 19:37:30,321] {processor.py:171} INFO - Processing /Users/namyoung/Desktop/myprj/airflow/airflow/lib/python3.7/site-packages/airflow/example_dags/example_time_delta_sensor_async.py took 0.058 seconds
[2023-10-15 20:58:30,214] {processor.py:163} INFO - Started process (PID=27853) to work on /Users/namyoung/Desktop/myprj/airflow/airflow/lib/python3.7/site-packages/airflow/example_dags/example_time_delta_sensor_async.py
[2023-10-15 20:58:30,216] {processor.py:642} INFO - Processing file /Users/namyoung/Desktop/myprj/airflow/airflow/lib/python3.7/site-packages/airflow/example_dags/example_time_delta_sensor_async.py for tasks to queue
[2023-10-15 20:58:30,217] {logging_mixin.py:109} INFO - [2023-10-15 20:58:30,216] {dagbag.py:500} INFO - Filling up the DagBag from /Users/namyoung/Desktop/myprj/airflow/airflow/lib/python3.7/site-packages/airflow/example_dags/example_time_delta_sensor_async.py
[2023-10-15 20:58:30,240] {processor.py:654} INFO - DAG(s) dict_keys(['example_time_delta_sensor_async']) retrieved from /Users/namyoung/Desktop/myprj/airflow/airflow/lib/python3.7/site-packages/airflow/example_dags/example_time_delta_sensor_async.py
[2023-10-15 20:58:30,248] {logging_mixin.py:109} INFO - [2023-10-15 20:58:30,248] {dag.py:2396} INFO - Sync 1 DAGs
[2023-10-15 20:58:30,258] {logging_mixin.py:109} INFO - [2023-10-15 20:58:30,257] {dag.py:2935} INFO - Setting next_dagrun for example_time_delta_sensor_async to None
[2023-10-15 20:58:30,263] {processor.py:171} INFO - Processing /Users/namyoung/Desktop/myprj/airflow/airflow/lib/python3.7/site-packages/airflow/example_dags/example_time_delta_sensor_async.py took 0.054 seconds
[2023-10-15 22:52:21,380] {processor.py:163} INFO - Started process (PID=28134) to work on /Users/namyoung/Desktop/myprj/airflow/airflow/lib/python3.7/site-packages/airflow/example_dags/example_time_delta_sensor_async.py
[2023-10-15 22:52:21,380] {processor.py:642} INFO - Processing file /Users/namyoung/Desktop/myprj/airflow/airflow/lib/python3.7/site-packages/airflow/example_dags/example_time_delta_sensor_async.py for tasks to queue
[2023-10-15 22:52:21,381] {logging_mixin.py:109} INFO - [2023-10-15 22:52:21,381] {dagbag.py:500} INFO - Filling up the DagBag from /Users/namyoung/Desktop/myprj/airflow/airflow/lib/python3.7/site-packages/airflow/example_dags/example_time_delta_sensor_async.py
[2023-10-15 22:52:21,392] {processor.py:654} INFO - DAG(s) dict_keys(['example_time_delta_sensor_async']) retrieved from /Users/namyoung/Desktop/myprj/airflow/airflow/lib/python3.7/site-packages/airflow/example_dags/example_time_delta_sensor_async.py
[2023-10-15 22:52:21,397] {logging_mixin.py:109} INFO - [2023-10-15 22:52:21,397] {dag.py:2396} INFO - Sync 1 DAGs
[2023-10-15 22:52:21,404] {logging_mixin.py:109} INFO - [2023-10-15 22:52:21,404] {dag.py:2935} INFO - Setting next_dagrun for example_time_delta_sensor_async to None
[2023-10-15 22:52:21,410] {processor.py:171} INFO - Processing /Users/namyoung/Desktop/myprj/airflow/airflow/lib/python3.7/site-packages/airflow/example_dags/example_time_delta_sensor_async.py took 0.032 seconds
[2023-10-16 00:30:56,505] {processor.py:163} INFO - Started process (PID=28278) to work on /Users/namyoung/Desktop/myprj/airflow/airflow/lib/python3.7/site-packages/airflow/example_dags/example_time_delta_sensor_async.py
[2023-10-16 00:30:56,505] {processor.py:642} INFO - Processing file /Users/namyoung/Desktop/myprj/airflow/airflow/lib/python3.7/site-packages/airflow/example_dags/example_time_delta_sensor_async.py for tasks to queue
[2023-10-16 00:30:56,506] {logging_mixin.py:109} INFO - [2023-10-16 00:30:56,506] {dagbag.py:500} INFO - Filling up the DagBag from /Users/namyoung/Desktop/myprj/airflow/airflow/lib/python3.7/site-packages/airflow/example_dags/example_time_delta_sensor_async.py
[2023-10-16 00:30:56,517] {processor.py:654} INFO - DAG(s) dict_keys(['example_time_delta_sensor_async']) retrieved from /Users/namyoung/Desktop/myprj/airflow/airflow/lib/python3.7/site-packages/airflow/example_dags/example_time_delta_sensor_async.py
[2023-10-16 00:30:56,522] {logging_mixin.py:109} INFO - [2023-10-16 00:30:56,522] {dag.py:2396} INFO - Sync 1 DAGs
[2023-10-16 00:30:56,529] {logging_mixin.py:109} INFO - [2023-10-16 00:30:56,529] {dag.py:2935} INFO - Setting next_dagrun for example_time_delta_sensor_async to None
[2023-10-16 00:30:56,534] {processor.py:171} INFO - Processing /Users/namyoung/Desktop/myprj/airflow/airflow/lib/python3.7/site-packages/airflow/example_dags/example_time_delta_sensor_async.py took 0.031 seconds
[2023-10-16 02:10:21,610] {processor.py:163} INFO - Started process (PID=28538) to work on /Users/namyoung/Desktop/myprj/airflow/airflow/lib/python3.7/site-packages/airflow/example_dags/example_time_delta_sensor_async.py
[2023-10-16 02:10:21,611] {processor.py:642} INFO - Processing file /Users/namyoung/Desktop/myprj/airflow/airflow/lib/python3.7/site-packages/airflow/example_dags/example_time_delta_sensor_async.py for tasks to queue
[2023-10-16 02:10:21,611] {logging_mixin.py:109} INFO - [2023-10-16 02:10:21,611] {dagbag.py:500} INFO - Filling up the DagBag from /Users/namyoung/Desktop/myprj/airflow/airflow/lib/python3.7/site-packages/airflow/example_dags/example_time_delta_sensor_async.py
[2023-10-16 02:10:21,623] {processor.py:654} INFO - DAG(s) dict_keys(['example_time_delta_sensor_async']) retrieved from /Users/namyoung/Desktop/myprj/airflow/airflow/lib/python3.7/site-packages/airflow/example_dags/example_time_delta_sensor_async.py
[2023-10-16 02:10:21,628] {logging_mixin.py:109} INFO - [2023-10-16 02:10:21,628] {dag.py:2396} INFO - Sync 1 DAGs
[2023-10-16 02:10:21,635] {logging_mixin.py:109} INFO - [2023-10-16 02:10:21,635] {dag.py:2935} INFO - Setting next_dagrun for example_time_delta_sensor_async to None
[2023-10-16 02:10:21,641] {processor.py:171} INFO - Processing /Users/namyoung/Desktop/myprj/airflow/airflow/lib/python3.7/site-packages/airflow/example_dags/example_time_delta_sensor_async.py took 0.033 seconds
[2023-10-16 03:34:49,717] {processor.py:163} INFO - Started process (PID=28655) to work on /Users/namyoung/Desktop/myprj/airflow/airflow/lib/python3.7/site-packages/airflow/example_dags/example_time_delta_sensor_async.py
[2023-10-16 03:34:49,719] {processor.py:642} INFO - Processing file /Users/namyoung/Desktop/myprj/airflow/airflow/lib/python3.7/site-packages/airflow/example_dags/example_time_delta_sensor_async.py for tasks to queue
[2023-10-16 03:34:49,720] {logging_mixin.py:109} INFO - [2023-10-16 03:34:49,720] {dagbag.py:500} INFO - Filling up the DagBag from /Users/namyoung/Desktop/myprj/airflow/airflow/lib/python3.7/site-packages/airflow/example_dags/example_time_delta_sensor_async.py
[2023-10-16 03:34:49,745] {processor.py:654} INFO - DAG(s) dict_keys(['example_time_delta_sensor_async']) retrieved from /Users/namyoung/Desktop/myprj/airflow/airflow/lib/python3.7/site-packages/airflow/example_dags/example_time_delta_sensor_async.py
[2023-10-16 03:34:49,753] {logging_mixin.py:109} INFO - [2023-10-16 03:34:49,753] {dag.py:2396} INFO - Sync 1 DAGs
[2023-10-16 03:34:49,761] {logging_mixin.py:109} INFO - [2023-10-16 03:34:49,761] {dag.py:2935} INFO - Setting next_dagrun for example_time_delta_sensor_async to None
[2023-10-16 03:34:49,766] {processor.py:171} INFO - Processing /Users/namyoung/Desktop/myprj/airflow/airflow/lib/python3.7/site-packages/airflow/example_dags/example_time_delta_sensor_async.py took 0.055 seconds
[2023-10-16 05:11:38,191] {processor.py:163} INFO - Started process (PID=28902) to work on /Users/namyoung/Desktop/myprj/airflow/airflow/lib/python3.7/site-packages/airflow/example_dags/example_time_delta_sensor_async.py
[2023-10-16 05:11:38,193] {processor.py:642} INFO - Processing file /Users/namyoung/Desktop/myprj/airflow/airflow/lib/python3.7/site-packages/airflow/example_dags/example_time_delta_sensor_async.py for tasks to queue
[2023-10-16 05:11:38,194] {logging_mixin.py:109} INFO - [2023-10-16 05:11:38,194] {dagbag.py:500} INFO - Filling up the DagBag from /Users/namyoung/Desktop/myprj/airflow/airflow/lib/python3.7/site-packages/airflow/example_dags/example_time_delta_sensor_async.py
[2023-10-16 05:11:38,215] {processor.py:654} INFO - DAG(s) dict_keys(['example_time_delta_sensor_async']) retrieved from /Users/namyoung/Desktop/myprj/airflow/airflow/lib/python3.7/site-packages/airflow/example_dags/example_time_delta_sensor_async.py
[2023-10-16 05:11:38,224] {logging_mixin.py:109} INFO - [2023-10-16 05:11:38,223] {dag.py:2396} INFO - Sync 1 DAGs
[2023-10-16 05:11:38,233] {logging_mixin.py:109} INFO - [2023-10-16 05:11:38,233] {dag.py:2935} INFO - Setting next_dagrun for example_time_delta_sensor_async to None
[2023-10-16 05:11:38,239] {processor.py:171} INFO - Processing /Users/namyoung/Desktop/myprj/airflow/airflow/lib/python3.7/site-packages/airflow/example_dags/example_time_delta_sensor_async.py took 0.052 seconds
[2023-10-16 06:51:04,257] {processor.py:163} INFO - Started process (PID=29042) to work on /Users/namyoung/Desktop/myprj/airflow/airflow/lib/python3.7/site-packages/airflow/example_dags/example_time_delta_sensor_async.py
[2023-10-16 06:51:04,258] {processor.py:642} INFO - Processing file /Users/namyoung/Desktop/myprj/airflow/airflow/lib/python3.7/site-packages/airflow/example_dags/example_time_delta_sensor_async.py for tasks to queue
[2023-10-16 06:51:04,259] {logging_mixin.py:109} INFO - [2023-10-16 06:51:04,259] {dagbag.py:500} INFO - Filling up the DagBag from /Users/namyoung/Desktop/myprj/airflow/airflow/lib/python3.7/site-packages/airflow/example_dags/example_time_delta_sensor_async.py
[2023-10-16 06:51:04,274] {processor.py:654} INFO - DAG(s) dict_keys(['example_time_delta_sensor_async']) retrieved from /Users/namyoung/Desktop/myprj/airflow/airflow/lib/python3.7/site-packages/airflow/example_dags/example_time_delta_sensor_async.py
[2023-10-16 06:51:04,280] {logging_mixin.py:109} INFO - [2023-10-16 06:51:04,279] {dag.py:2396} INFO - Sync 1 DAGs
[2023-10-16 06:51:04,288] {logging_mixin.py:109} INFO - [2023-10-16 06:51:04,288] {dag.py:2935} INFO - Setting next_dagrun for example_time_delta_sensor_async to None
[2023-10-16 06:51:04,294] {processor.py:171} INFO - Processing /Users/namyoung/Desktop/myprj/airflow/airflow/lib/python3.7/site-packages/airflow/example_dags/example_time_delta_sensor_async.py took 0.039 seconds
[2023-10-16 08:29:59,160] {processor.py:163} INFO - Started process (PID=29306) to work on /Users/namyoung/Desktop/myprj/airflow/airflow/lib/python3.7/site-packages/airflow/example_dags/example_time_delta_sensor_async.py
[2023-10-16 08:29:59,162] {processor.py:642} INFO - Processing file /Users/namyoung/Desktop/myprj/airflow/airflow/lib/python3.7/site-packages/airflow/example_dags/example_time_delta_sensor_async.py for tasks to queue
[2023-10-16 08:29:59,164] {logging_mixin.py:109} INFO - [2023-10-16 08:29:59,164] {dagbag.py:500} INFO - Filling up the DagBag from /Users/namyoung/Desktop/myprj/airflow/airflow/lib/python3.7/site-packages/airflow/example_dags/example_time_delta_sensor_async.py
[2023-10-16 08:29:59,199] {processor.py:654} INFO - DAG(s) dict_keys(['example_time_delta_sensor_async']) retrieved from /Users/namyoung/Desktop/myprj/airflow/airflow/lib/python3.7/site-packages/airflow/example_dags/example_time_delta_sensor_async.py
[2023-10-16 08:29:59,208] {logging_mixin.py:109} INFO - [2023-10-16 08:29:59,208] {dag.py:2396} INFO - Sync 1 DAGs
[2023-10-16 08:29:59,217] {logging_mixin.py:109} INFO - [2023-10-16 08:29:59,217] {dag.py:2935} INFO - Setting next_dagrun for example_time_delta_sensor_async to None
[2023-10-16 08:29:59,225] {processor.py:171} INFO - Processing /Users/namyoung/Desktop/myprj/airflow/airflow/lib/python3.7/site-packages/airflow/example_dags/example_time_delta_sensor_async.py took 0.069 seconds
