[2023-10-15 12:31:52,894] {processor.py:163} INFO - Started process (PID=26740) to work on /Users/namyoung/Desktop/myprj/airflow/airflow/lib/python3.7/site-packages/airflow/example_dags/example_branch_day_of_week_operator.py
[2023-10-15 12:31:52,895] {processor.py:642} INFO - Processing file /Users/namyoung/Desktop/myprj/airflow/airflow/lib/python3.7/site-packages/airflow/example_dags/example_branch_day_of_week_operator.py for tasks to queue
[2023-10-15 12:31:52,897] {logging_mixin.py:109} INFO - [2023-10-15 12:31:52,897] {dagbag.py:500} INFO - Filling up the DagBag from /Users/namyoung/Desktop/myprj/airflow/airflow/lib/python3.7/site-packages/airflow/example_dags/example_branch_day_of_week_operator.py
[2023-10-15 12:31:52,912] {processor.py:654} INFO - DAG(s) dict_keys(['example_weekday_branch_operator']) retrieved from /Users/namyoung/Desktop/myprj/airflow/airflow/lib/python3.7/site-packages/airflow/example_dags/example_branch_day_of_week_operator.py
[2023-10-15 12:31:52,920] {logging_mixin.py:109} INFO - [2023-10-15 12:31:52,919] {dag.py:2396} INFO - Sync 1 DAGs
[2023-10-15 12:31:52,928] {logging_mixin.py:109} INFO - [2023-10-15 12:31:52,928] {dag.py:2935} INFO - Setting next_dagrun for example_weekday_branch_operator to 2023-10-14 00:00:00+00:00
[2023-10-15 12:31:52,937] {processor.py:171} INFO - Processing /Users/namyoung/Desktop/myprj/airflow/airflow/lib/python3.7/site-packages/airflow/example_dags/example_branch_day_of_week_operator.py took 0.046 seconds
[2023-10-15 15:53:24,463] {processor.py:163} INFO - Started process (PID=27156) to work on /Users/namyoung/Desktop/myprj/airflow/airflow/lib/python3.7/site-packages/airflow/example_dags/example_branch_day_of_week_operator.py
[2023-10-15 15:53:24,463] {processor.py:642} INFO - Processing file /Users/namyoung/Desktop/myprj/airflow/airflow/lib/python3.7/site-packages/airflow/example_dags/example_branch_day_of_week_operator.py for tasks to queue
[2023-10-15 15:53:24,464] {logging_mixin.py:109} INFO - [2023-10-15 15:53:24,464] {dagbag.py:500} INFO - Filling up the DagBag from /Users/namyoung/Desktop/myprj/airflow/airflow/lib/python3.7/site-packages/airflow/example_dags/example_branch_day_of_week_operator.py
[2023-10-15 15:53:24,478] {processor.py:654} INFO - DAG(s) dict_keys(['example_weekday_branch_operator']) retrieved from /Users/namyoung/Desktop/myprj/airflow/airflow/lib/python3.7/site-packages/airflow/example_dags/example_branch_day_of_week_operator.py
[2023-10-15 15:53:24,484] {logging_mixin.py:109} INFO - [2023-10-15 15:53:24,484] {dag.py:2396} INFO - Sync 1 DAGs
[2023-10-15 15:53:24,492] {logging_mixin.py:109} INFO - [2023-10-15 15:53:24,492] {dag.py:2935} INFO - Setting next_dagrun for example_weekday_branch_operator to 2023-10-14 00:00:00+00:00
[2023-10-15 15:53:24,501] {processor.py:171} INFO - Processing /Users/namyoung/Desktop/myprj/airflow/airflow/lib/python3.7/site-packages/airflow/example_dags/example_branch_day_of_week_operator.py took 0.040 seconds
[2023-10-15 18:46:35,674] {processor.py:163} INFO - Started process (PID=27536) to work on /Users/namyoung/Desktop/myprj/airflow/airflow/lib/python3.7/site-packages/airflow/example_dags/example_branch_day_of_week_operator.py
[2023-10-15 18:46:35,676] {processor.py:642} INFO - Processing file /Users/namyoung/Desktop/myprj/airflow/airflow/lib/python3.7/site-packages/airflow/example_dags/example_branch_day_of_week_operator.py for tasks to queue
[2023-10-15 18:46:35,677] {logging_mixin.py:109} INFO - [2023-10-15 18:46:35,677] {dagbag.py:500} INFO - Filling up the DagBag from /Users/namyoung/Desktop/myprj/airflow/airflow/lib/python3.7/site-packages/airflow/example_dags/example_branch_day_of_week_operator.py
[2023-10-15 18:46:35,699] {processor.py:654} INFO - DAG(s) dict_keys(['example_weekday_branch_operator']) retrieved from /Users/namyoung/Desktop/myprj/airflow/airflow/lib/python3.7/site-packages/airflow/example_dags/example_branch_day_of_week_operator.py
[2023-10-15 18:46:35,706] {logging_mixin.py:109} INFO - [2023-10-15 18:46:35,706] {dag.py:2396} INFO - Sync 1 DAGs
[2023-10-15 18:46:35,716] {logging_mixin.py:109} INFO - [2023-10-15 18:46:35,716] {dag.py:2935} INFO - Setting next_dagrun for example_weekday_branch_operator to 2023-10-14 00:00:00+00:00
[2023-10-15 18:46:35,721] {processor.py:171} INFO - Processing /Users/namyoung/Desktop/myprj/airflow/airflow/lib/python3.7/site-packages/airflow/example_dags/example_branch_day_of_week_operator.py took 0.053 seconds
[2023-10-15 20:26:12,281] {processor.py:163} INFO - Started process (PID=27801) to work on /Users/namyoung/Desktop/myprj/airflow/airflow/lib/python3.7/site-packages/airflow/example_dags/example_branch_day_of_week_operator.py
[2023-10-15 20:26:12,282] {processor.py:642} INFO - Processing file /Users/namyoung/Desktop/myprj/airflow/airflow/lib/python3.7/site-packages/airflow/example_dags/example_branch_day_of_week_operator.py for tasks to queue
[2023-10-15 20:26:12,282] {logging_mixin.py:109} INFO - [2023-10-15 20:26:12,282] {dagbag.py:500} INFO - Filling up the DagBag from /Users/namyoung/Desktop/myprj/airflow/airflow/lib/python3.7/site-packages/airflow/example_dags/example_branch_day_of_week_operator.py
[2023-10-15 20:26:12,295] {processor.py:654} INFO - DAG(s) dict_keys(['example_weekday_branch_operator']) retrieved from /Users/namyoung/Desktop/myprj/airflow/airflow/lib/python3.7/site-packages/airflow/example_dags/example_branch_day_of_week_operator.py
[2023-10-15 20:26:12,300] {logging_mixin.py:109} INFO - [2023-10-15 20:26:12,299] {dag.py:2396} INFO - Sync 1 DAGs
[2023-10-15 20:26:12,308] {logging_mixin.py:109} INFO - [2023-10-15 20:26:12,308] {dag.py:2935} INFO - Setting next_dagrun for example_weekday_branch_operator to 2023-10-14 00:00:00+00:00
[2023-10-15 20:26:12,314] {processor.py:171} INFO - Processing /Users/namyoung/Desktop/myprj/airflow/airflow/lib/python3.7/site-packages/airflow/example_dags/example_branch_day_of_week_operator.py took 0.035 seconds
[2023-10-15 22:03:54,645] {processor.py:163} INFO - Started process (PID=27946) to work on /Users/namyoung/Desktop/myprj/airflow/airflow/lib/python3.7/site-packages/airflow/example_dags/example_branch_day_of_week_operator.py
[2023-10-15 22:03:54,647] {processor.py:642} INFO - Processing file /Users/namyoung/Desktop/myprj/airflow/airflow/lib/python3.7/site-packages/airflow/example_dags/example_branch_day_of_week_operator.py for tasks to queue
[2023-10-15 22:03:54,648] {logging_mixin.py:109} INFO - [2023-10-15 22:03:54,648] {dagbag.py:500} INFO - Filling up the DagBag from /Users/namyoung/Desktop/myprj/airflow/airflow/lib/python3.7/site-packages/airflow/example_dags/example_branch_day_of_week_operator.py
[2023-10-15 22:03:54,675] {processor.py:654} INFO - DAG(s) dict_keys(['example_weekday_branch_operator']) retrieved from /Users/namyoung/Desktop/myprj/airflow/airflow/lib/python3.7/site-packages/airflow/example_dags/example_branch_day_of_week_operator.py
[2023-10-15 22:03:54,683] {logging_mixin.py:109} INFO - [2023-10-15 22:03:54,682] {dag.py:2396} INFO - Sync 1 DAGs
[2023-10-15 22:03:54,691] {logging_mixin.py:109} INFO - [2023-10-15 22:03:54,691] {dag.py:2935} INFO - Setting next_dagrun for example_weekday_branch_operator to 2023-10-14 00:00:00+00:00
[2023-10-15 22:03:54,697] {processor.py:171} INFO - Processing /Users/namyoung/Desktop/myprj/airflow/airflow/lib/python3.7/site-packages/airflow/example_dags/example_branch_day_of_week_operator.py took 0.057 seconds
[2023-10-15 23:57:34,266] {processor.py:163} INFO - Started process (PID=28215) to work on /Users/namyoung/Desktop/myprj/airflow/airflow/lib/python3.7/site-packages/airflow/example_dags/example_branch_day_of_week_operator.py
[2023-10-15 23:57:34,267] {processor.py:642} INFO - Processing file /Users/namyoung/Desktop/myprj/airflow/airflow/lib/python3.7/site-packages/airflow/example_dags/example_branch_day_of_week_operator.py for tasks to queue
[2023-10-15 23:57:34,268] {logging_mixin.py:109} INFO - [2023-10-15 23:57:34,268] {dagbag.py:500} INFO - Filling up the DagBag from /Users/namyoung/Desktop/myprj/airflow/airflow/lib/python3.7/site-packages/airflow/example_dags/example_branch_day_of_week_operator.py
[2023-10-15 23:57:34,290] {processor.py:654} INFO - DAG(s) dict_keys(['example_weekday_branch_operator']) retrieved from /Users/namyoung/Desktop/myprj/airflow/airflow/lib/python3.7/site-packages/airflow/example_dags/example_branch_day_of_week_operator.py
[2023-10-15 23:57:34,299] {logging_mixin.py:109} INFO - [2023-10-15 23:57:34,298] {dag.py:2396} INFO - Sync 1 DAGs
[2023-10-15 23:57:34,311] {logging_mixin.py:109} INFO - [2023-10-15 23:57:34,311] {dag.py:2935} INFO - Setting next_dagrun for example_weekday_branch_operator to 2023-10-14 00:00:00+00:00
[2023-10-15 23:57:34,322] {processor.py:171} INFO - Processing /Users/namyoung/Desktop/myprj/airflow/airflow/lib/python3.7/site-packages/airflow/example_dags/example_branch_day_of_week_operator.py took 0.060 seconds
[2023-10-16 03:02:25,668] {processor.py:163} INFO - Started process (PID=28607) to work on /Users/namyoung/Desktop/myprj/airflow/airflow/lib/python3.7/site-packages/airflow/example_dags/example_branch_day_of_week_operator.py
[2023-10-16 03:02:25,669] {processor.py:642} INFO - Processing file /Users/namyoung/Desktop/myprj/airflow/airflow/lib/python3.7/site-packages/airflow/example_dags/example_branch_day_of_week_operator.py for tasks to queue
[2023-10-16 03:02:25,671] {logging_mixin.py:109} INFO - [2023-10-16 03:02:25,670] {dagbag.py:500} INFO - Filling up the DagBag from /Users/namyoung/Desktop/myprj/airflow/airflow/lib/python3.7/site-packages/airflow/example_dags/example_branch_day_of_week_operator.py
[2023-10-16 03:02:25,698] {processor.py:654} INFO - DAG(s) dict_keys(['example_weekday_branch_operator']) retrieved from /Users/namyoung/Desktop/myprj/airflow/airflow/lib/python3.7/site-packages/airflow/example_dags/example_branch_day_of_week_operator.py
[2023-10-16 03:02:25,706] {logging_mixin.py:109} INFO - [2023-10-16 03:02:25,706] {dag.py:2396} INFO - Sync 1 DAGs
[2023-10-16 03:02:25,716] {logging_mixin.py:109} INFO - [2023-10-16 03:02:25,716] {dag.py:2935} INFO - Setting next_dagrun for example_weekday_branch_operator to 2023-10-14 00:00:00+00:00
[2023-10-16 03:02:25,721] {processor.py:171} INFO - Processing /Users/namyoung/Desktop/myprj/airflow/airflow/lib/python3.7/site-packages/airflow/example_dags/example_branch_day_of_week_operator.py took 0.059 seconds
[2023-10-16 06:02:08,404] {processor.py:163} INFO - Started process (PID=28993) to work on /Users/namyoung/Desktop/myprj/airflow/airflow/lib/python3.7/site-packages/airflow/example_dags/example_branch_day_of_week_operator.py
[2023-10-16 06:02:08,406] {processor.py:642} INFO - Processing file /Users/namyoung/Desktop/myprj/airflow/airflow/lib/python3.7/site-packages/airflow/example_dags/example_branch_day_of_week_operator.py for tasks to queue
[2023-10-16 06:02:08,407] {logging_mixin.py:109} INFO - [2023-10-16 06:02:08,407] {dagbag.py:500} INFO - Filling up the DagBag from /Users/namyoung/Desktop/myprj/airflow/airflow/lib/python3.7/site-packages/airflow/example_dags/example_branch_day_of_week_operator.py
[2023-10-16 06:02:08,429] {processor.py:654} INFO - DAG(s) dict_keys(['example_weekday_branch_operator']) retrieved from /Users/namyoung/Desktop/myprj/airflow/airflow/lib/python3.7/site-packages/airflow/example_dags/example_branch_day_of_week_operator.py
[2023-10-16 06:02:08,435] {logging_mixin.py:109} INFO - [2023-10-16 06:02:08,435] {dag.py:2396} INFO - Sync 1 DAGs
[2023-10-16 06:02:08,443] {logging_mixin.py:109} INFO - [2023-10-16 06:02:08,443] {dag.py:2935} INFO - Setting next_dagrun for example_weekday_branch_operator to 2023-10-14 00:00:00+00:00
[2023-10-16 06:02:08,448] {processor.py:171} INFO - Processing /Users/namyoung/Desktop/myprj/airflow/airflow/lib/python3.7/site-packages/airflow/example_dags/example_branch_day_of_week_operator.py took 0.048 seconds
[2023-10-16 07:39:30,749] {processor.py:163} INFO - Started process (PID=29129) to work on /Users/namyoung/Desktop/myprj/airflow/airflow/lib/python3.7/site-packages/airflow/example_dags/example_branch_day_of_week_operator.py
[2023-10-16 07:39:30,751] {processor.py:642} INFO - Processing file /Users/namyoung/Desktop/myprj/airflow/airflow/lib/python3.7/site-packages/airflow/example_dags/example_branch_day_of_week_operator.py for tasks to queue
[2023-10-16 07:39:30,752] {logging_mixin.py:109} INFO - [2023-10-16 07:39:30,752] {dagbag.py:500} INFO - Filling up the DagBag from /Users/namyoung/Desktop/myprj/airflow/airflow/lib/python3.7/site-packages/airflow/example_dags/example_branch_day_of_week_operator.py
[2023-10-16 07:39:30,778] {processor.py:654} INFO - DAG(s) dict_keys(['example_weekday_branch_operator']) retrieved from /Users/namyoung/Desktop/myprj/airflow/airflow/lib/python3.7/site-packages/airflow/example_dags/example_branch_day_of_week_operator.py
[2023-10-16 07:39:30,788] {logging_mixin.py:109} INFO - [2023-10-16 07:39:30,787] {dag.py:2396} INFO - Sync 1 DAGs
[2023-10-16 07:39:30,796] {logging_mixin.py:109} INFO - [2023-10-16 07:39:30,796] {dag.py:2935} INFO - Setting next_dagrun for example_weekday_branch_operator to 2023-10-14 00:00:00+00:00
[2023-10-16 07:39:30,802] {processor.py:171} INFO - Processing /Users/namyoung/Desktop/myprj/airflow/airflow/lib/python3.7/site-packages/airflow/example_dags/example_branch_day_of_week_operator.py took 0.059 seconds
