[2023-10-15 09:44:22,763] {processor.py:163} INFO - Started process (PID=26394) to work on /Users/namyoung/Desktop/myprj/airflow/airflow/lib/python3.7/site-packages/airflow/example_dags/example_trigger_controller_dag.py
[2023-10-15 09:44:22,764] {processor.py:642} INFO - Processing file /Users/namyoung/Desktop/myprj/airflow/airflow/lib/python3.7/site-packages/airflow/example_dags/example_trigger_controller_dag.py for tasks to queue
[2023-10-15 09:44:22,764] {logging_mixin.py:109} INFO - [2023-10-15 09:44:22,764] {dagbag.py:500} INFO - Filling up the DagBag from /Users/namyoung/Desktop/myprj/airflow/airflow/lib/python3.7/site-packages/airflow/example_dags/example_trigger_controller_dag.py
[2023-10-15 09:44:22,775] {processor.py:654} INFO - DAG(s) dict_keys(['example_trigger_controller_dag']) retrieved from /Users/namyoung/Desktop/myprj/airflow/airflow/lib/python3.7/site-packages/airflow/example_dags/example_trigger_controller_dag.py
[2023-10-15 09:44:22,779] {logging_mixin.py:109} INFO - [2023-10-15 09:44:22,779] {dag.py:2396} INFO - Sync 1 DAGs
[2023-10-15 09:44:22,786] {logging_mixin.py:109} INFO - [2023-10-15 09:44:22,786] {dag.py:2935} INFO - Setting next_dagrun for example_trigger_controller_dag to 2021-01-01T00:00:00+00:00
[2023-10-15 09:44:22,790] {processor.py:171} INFO - Processing /Users/namyoung/Desktop/myprj/airflow/airflow/lib/python3.7/site-packages/airflow/example_dags/example_trigger_controller_dag.py took 0.029 seconds
[2023-10-15 11:23:49,700] {processor.py:163} INFO - Started process (PID=26643) to work on /Users/namyoung/Desktop/myprj/airflow/airflow/lib/python3.7/site-packages/airflow/example_dags/example_trigger_controller_dag.py
[2023-10-15 11:23:49,701] {processor.py:642} INFO - Processing file /Users/namyoung/Desktop/myprj/airflow/airflow/lib/python3.7/site-packages/airflow/example_dags/example_trigger_controller_dag.py for tasks to queue
[2023-10-15 11:23:49,701] {logging_mixin.py:109} INFO - [2023-10-15 11:23:49,701] {dagbag.py:500} INFO - Filling up the DagBag from /Users/namyoung/Desktop/myprj/airflow/airflow/lib/python3.7/site-packages/airflow/example_dags/example_trigger_controller_dag.py
[2023-10-15 11:23:49,713] {processor.py:654} INFO - DAG(s) dict_keys(['example_trigger_controller_dag']) retrieved from /Users/namyoung/Desktop/myprj/airflow/airflow/lib/python3.7/site-packages/airflow/example_dags/example_trigger_controller_dag.py
[2023-10-15 11:23:49,718] {logging_mixin.py:109} INFO - [2023-10-15 11:23:49,718] {dag.py:2396} INFO - Sync 1 DAGs
[2023-10-15 11:23:49,726] {logging_mixin.py:109} INFO - [2023-10-15 11:23:49,726] {dag.py:2935} INFO - Setting next_dagrun for example_trigger_controller_dag to 2021-01-01T00:00:00+00:00
[2023-10-15 11:23:49,732] {processor.py:171} INFO - Processing /Users/namyoung/Desktop/myprj/airflow/airflow/lib/python3.7/site-packages/airflow/example_dags/example_trigger_controller_dag.py took 0.034 seconds
[2023-10-15 13:05:02,563] {processor.py:163} INFO - Started process (PID=26793) to work on /Users/namyoung/Desktop/myprj/airflow/airflow/lib/python3.7/site-packages/airflow/example_dags/example_trigger_controller_dag.py
[2023-10-15 13:05:02,563] {processor.py:642} INFO - Processing file /Users/namyoung/Desktop/myprj/airflow/airflow/lib/python3.7/site-packages/airflow/example_dags/example_trigger_controller_dag.py for tasks to queue
[2023-10-15 13:05:02,564] {logging_mixin.py:109} INFO - [2023-10-15 13:05:02,564] {dagbag.py:500} INFO - Filling up the DagBag from /Users/namyoung/Desktop/myprj/airflow/airflow/lib/python3.7/site-packages/airflow/example_dags/example_trigger_controller_dag.py
[2023-10-15 13:05:02,575] {processor.py:654} INFO - DAG(s) dict_keys(['example_trigger_controller_dag']) retrieved from /Users/namyoung/Desktop/myprj/airflow/airflow/lib/python3.7/site-packages/airflow/example_dags/example_trigger_controller_dag.py
[2023-10-15 13:05:02,582] {logging_mixin.py:109} INFO - [2023-10-15 13:05:02,582] {dag.py:2396} INFO - Sync 1 DAGs
[2023-10-15 13:05:02,589] {logging_mixin.py:109} INFO - [2023-10-15 13:05:02,588] {dag.py:2935} INFO - Setting next_dagrun for example_trigger_controller_dag to 2021-01-01T00:00:00+00:00
[2023-10-15 13:05:02,594] {processor.py:171} INFO - Processing /Users/namyoung/Desktop/myprj/airflow/airflow/lib/python3.7/site-packages/airflow/example_dags/example_trigger_controller_dag.py took 0.034 seconds
[2023-10-15 14:46:34,768] {processor.py:163} INFO - Started process (PID=27066) to work on /Users/namyoung/Desktop/myprj/airflow/airflow/lib/python3.7/site-packages/airflow/example_dags/example_trigger_controller_dag.py
[2023-10-15 14:46:34,769] {processor.py:642} INFO - Processing file /Users/namyoung/Desktop/myprj/airflow/airflow/lib/python3.7/site-packages/airflow/example_dags/example_trigger_controller_dag.py for tasks to queue
[2023-10-15 14:46:34,769] {logging_mixin.py:109} INFO - [2023-10-15 14:46:34,769] {dagbag.py:500} INFO - Filling up the DagBag from /Users/namyoung/Desktop/myprj/airflow/airflow/lib/python3.7/site-packages/airflow/example_dags/example_trigger_controller_dag.py
[2023-10-15 14:46:34,783] {processor.py:654} INFO - DAG(s) dict_keys(['example_trigger_controller_dag']) retrieved from /Users/namyoung/Desktop/myprj/airflow/airflow/lib/python3.7/site-packages/airflow/example_dags/example_trigger_controller_dag.py
[2023-10-15 14:46:34,789] {logging_mixin.py:109} INFO - [2023-10-15 14:46:34,788] {dag.py:2396} INFO - Sync 1 DAGs
[2023-10-15 14:46:34,796] {logging_mixin.py:109} INFO - [2023-10-15 14:46:34,796] {dag.py:2935} INFO - Setting next_dagrun for example_trigger_controller_dag to 2021-01-01T00:00:00+00:00
[2023-10-15 14:46:34,801] {processor.py:171} INFO - Processing /Users/namyoung/Desktop/myprj/airflow/airflow/lib/python3.7/site-packages/airflow/example_dags/example_trigger_controller_dag.py took 0.035 seconds
[2023-10-15 16:26:15,794] {processor.py:163} INFO - Started process (PID=27322) to work on /Users/namyoung/Desktop/myprj/airflow/airflow/lib/python3.7/site-packages/airflow/example_dags/example_trigger_controller_dag.py
[2023-10-15 16:26:15,796] {processor.py:642} INFO - Processing file /Users/namyoung/Desktop/myprj/airflow/airflow/lib/python3.7/site-packages/airflow/example_dags/example_trigger_controller_dag.py for tasks to queue
[2023-10-15 16:26:15,797] {logging_mixin.py:109} INFO - [2023-10-15 16:26:15,797] {dagbag.py:500} INFO - Filling up the DagBag from /Users/namyoung/Desktop/myprj/airflow/airflow/lib/python3.7/site-packages/airflow/example_dags/example_trigger_controller_dag.py
[2023-10-15 16:26:15,818] {processor.py:654} INFO - DAG(s) dict_keys(['example_trigger_controller_dag']) retrieved from /Users/namyoung/Desktop/myprj/airflow/airflow/lib/python3.7/site-packages/airflow/example_dags/example_trigger_controller_dag.py
[2023-10-15 16:26:15,827] {logging_mixin.py:109} INFO - [2023-10-15 16:26:15,827] {dag.py:2396} INFO - Sync 1 DAGs
[2023-10-15 16:26:15,837] {logging_mixin.py:109} INFO - [2023-10-15 16:26:15,837] {dag.py:2935} INFO - Setting next_dagrun for example_trigger_controller_dag to 2021-01-01T00:00:00+00:00
[2023-10-15 16:26:15,843] {processor.py:171} INFO - Processing /Users/namyoung/Desktop/myprj/airflow/airflow/lib/python3.7/site-packages/airflow/example_dags/example_trigger_controller_dag.py took 0.054 seconds
[2023-10-15 17:57:21,639] {processor.py:163} INFO - Started process (PID=27466) to work on /Users/namyoung/Desktop/myprj/airflow/airflow/lib/python3.7/site-packages/airflow/example_dags/example_trigger_controller_dag.py
[2023-10-15 17:57:21,640] {processor.py:642} INFO - Processing file /Users/namyoung/Desktop/myprj/airflow/airflow/lib/python3.7/site-packages/airflow/example_dags/example_trigger_controller_dag.py for tasks to queue
[2023-10-15 17:57:21,641] {logging_mixin.py:109} INFO - [2023-10-15 17:57:21,641] {dagbag.py:500} INFO - Filling up the DagBag from /Users/namyoung/Desktop/myprj/airflow/airflow/lib/python3.7/site-packages/airflow/example_dags/example_trigger_controller_dag.py
[2023-10-15 17:57:21,658] {processor.py:654} INFO - DAG(s) dict_keys(['example_trigger_controller_dag']) retrieved from /Users/namyoung/Desktop/myprj/airflow/airflow/lib/python3.7/site-packages/airflow/example_dags/example_trigger_controller_dag.py
[2023-10-15 17:57:21,664] {logging_mixin.py:109} INFO - [2023-10-15 17:57:21,664] {dag.py:2396} INFO - Sync 1 DAGs
[2023-10-15 17:57:21,671] {logging_mixin.py:109} INFO - [2023-10-15 17:57:21,671] {dag.py:2935} INFO - Setting next_dagrun for example_trigger_controller_dag to 2021-01-01T00:00:00+00:00
[2023-10-15 17:57:21,677] {processor.py:171} INFO - Processing /Users/namyoung/Desktop/myprj/airflow/airflow/lib/python3.7/site-packages/airflow/example_dags/example_trigger_controller_dag.py took 0.042 seconds
[2023-10-15 19:21:15,386] {processor.py:163} INFO - Started process (PID=27707) to work on /Users/namyoung/Desktop/myprj/airflow/airflow/lib/python3.7/site-packages/airflow/example_dags/example_trigger_controller_dag.py
[2023-10-15 19:21:15,388] {processor.py:642} INFO - Processing file /Users/namyoung/Desktop/myprj/airflow/airflow/lib/python3.7/site-packages/airflow/example_dags/example_trigger_controller_dag.py for tasks to queue
[2023-10-15 19:21:15,389] {logging_mixin.py:109} INFO - [2023-10-15 19:21:15,389] {dagbag.py:500} INFO - Filling up the DagBag from /Users/namyoung/Desktop/myprj/airflow/airflow/lib/python3.7/site-packages/airflow/example_dags/example_trigger_controller_dag.py
[2023-10-15 19:21:15,412] {processor.py:654} INFO - DAG(s) dict_keys(['example_trigger_controller_dag']) retrieved from /Users/namyoung/Desktop/myprj/airflow/airflow/lib/python3.7/site-packages/airflow/example_dags/example_trigger_controller_dag.py
[2023-10-15 19:21:15,419] {logging_mixin.py:109} INFO - [2023-10-15 19:21:15,418] {dag.py:2396} INFO - Sync 1 DAGs
[2023-10-15 19:21:15,428] {logging_mixin.py:109} INFO - [2023-10-15 19:21:15,427] {dag.py:2935} INFO - Setting next_dagrun for example_trigger_controller_dag to 2021-01-01T00:00:00+00:00
[2023-10-15 19:21:15,433] {processor.py:171} INFO - Processing /Users/namyoung/Desktop/myprj/airflow/airflow/lib/python3.7/site-packages/airflow/example_dags/example_trigger_controller_dag.py took 0.052 seconds
[2023-10-15 20:58:29,054] {processor.py:163} INFO - Started process (PID=27852) to work on /Users/namyoung/Desktop/myprj/airflow/airflow/lib/python3.7/site-packages/airflow/example_dags/example_trigger_controller_dag.py
[2023-10-15 20:58:29,056] {processor.py:642} INFO - Processing file /Users/namyoung/Desktop/myprj/airflow/airflow/lib/python3.7/site-packages/airflow/example_dags/example_trigger_controller_dag.py for tasks to queue
[2023-10-15 20:58:29,057] {logging_mixin.py:109} INFO - [2023-10-15 20:58:29,057] {dagbag.py:500} INFO - Filling up the DagBag from /Users/namyoung/Desktop/myprj/airflow/airflow/lib/python3.7/site-packages/airflow/example_dags/example_trigger_controller_dag.py
[2023-10-15 20:58:29,081] {processor.py:654} INFO - DAG(s) dict_keys(['example_trigger_controller_dag']) retrieved from /Users/namyoung/Desktop/myprj/airflow/airflow/lib/python3.7/site-packages/airflow/example_dags/example_trigger_controller_dag.py
[2023-10-15 20:58:29,090] {logging_mixin.py:109} INFO - [2023-10-15 20:58:29,089] {dag.py:2396} INFO - Sync 1 DAGs
[2023-10-15 20:58:29,098] {logging_mixin.py:109} INFO - [2023-10-15 20:58:29,098] {dag.py:2935} INFO - Setting next_dagrun for example_trigger_controller_dag to 2021-01-01T00:00:00+00:00
[2023-10-15 20:58:29,104] {processor.py:171} INFO - Processing /Users/namyoung/Desktop/myprj/airflow/airflow/lib/python3.7/site-packages/airflow/example_dags/example_trigger_controller_dag.py took 0.055 seconds
[2023-10-15 22:52:20,242] {processor.py:163} INFO - Started process (PID=28102) to work on /Users/namyoung/Desktop/myprj/airflow/airflow/lib/python3.7/site-packages/airflow/example_dags/example_trigger_controller_dag.py
[2023-10-15 22:52:20,244] {processor.py:642} INFO - Processing file /Users/namyoung/Desktop/myprj/airflow/airflow/lib/python3.7/site-packages/airflow/example_dags/example_trigger_controller_dag.py for tasks to queue
[2023-10-15 22:52:20,245] {logging_mixin.py:109} INFO - [2023-10-15 22:52:20,244] {dagbag.py:500} INFO - Filling up the DagBag from /Users/namyoung/Desktop/myprj/airflow/airflow/lib/python3.7/site-packages/airflow/example_dags/example_trigger_controller_dag.py
[2023-10-15 22:52:20,264] {processor.py:654} INFO - DAG(s) dict_keys(['example_trigger_controller_dag']) retrieved from /Users/namyoung/Desktop/myprj/airflow/airflow/lib/python3.7/site-packages/airflow/example_dags/example_trigger_controller_dag.py
[2023-10-15 22:52:20,273] {logging_mixin.py:109} INFO - [2023-10-15 22:52:20,273] {dag.py:2396} INFO - Sync 1 DAGs
[2023-10-15 22:52:20,283] {logging_mixin.py:109} INFO - [2023-10-15 22:52:20,283] {dag.py:2935} INFO - Setting next_dagrun for example_trigger_controller_dag to 2021-01-01T00:00:00+00:00
[2023-10-15 22:52:20,299] {processor.py:171} INFO - Processing /Users/namyoung/Desktop/myprj/airflow/airflow/lib/python3.7/site-packages/airflow/example_dags/example_trigger_controller_dag.py took 0.062 seconds
[2023-10-16 00:30:55,359] {processor.py:163} INFO - Started process (PID=28272) to work on /Users/namyoung/Desktop/myprj/airflow/airflow/lib/python3.7/site-packages/airflow/example_dags/example_trigger_controller_dag.py
[2023-10-16 00:30:55,360] {processor.py:642} INFO - Processing file /Users/namyoung/Desktop/myprj/airflow/airflow/lib/python3.7/site-packages/airflow/example_dags/example_trigger_controller_dag.py for tasks to queue
[2023-10-16 00:30:55,361] {logging_mixin.py:109} INFO - [2023-10-16 00:30:55,361] {dagbag.py:500} INFO - Filling up the DagBag from /Users/namyoung/Desktop/myprj/airflow/airflow/lib/python3.7/site-packages/airflow/example_dags/example_trigger_controller_dag.py
[2023-10-16 00:30:55,372] {processor.py:654} INFO - DAG(s) dict_keys(['example_trigger_controller_dag']) retrieved from /Users/namyoung/Desktop/myprj/airflow/airflow/lib/python3.7/site-packages/airflow/example_dags/example_trigger_controller_dag.py
[2023-10-16 00:30:55,377] {logging_mixin.py:109} INFO - [2023-10-16 00:30:55,376] {dag.py:2396} INFO - Sync 1 DAGs
[2023-10-16 00:30:55,383] {logging_mixin.py:109} INFO - [2023-10-16 00:30:55,383] {dag.py:2935} INFO - Setting next_dagrun for example_trigger_controller_dag to 2021-01-01T00:00:00+00:00
[2023-10-16 00:30:55,389] {processor.py:171} INFO - Processing /Users/namyoung/Desktop/myprj/airflow/airflow/lib/python3.7/site-packages/airflow/example_dags/example_trigger_controller_dag.py took 0.031 seconds
[2023-10-16 02:10:20,465] {processor.py:163} INFO - Started process (PID=28531) to work on /Users/namyoung/Desktop/myprj/airflow/airflow/lib/python3.7/site-packages/airflow/example_dags/example_trigger_controller_dag.py
[2023-10-16 02:10:20,465] {processor.py:642} INFO - Processing file /Users/namyoung/Desktop/myprj/airflow/airflow/lib/python3.7/site-packages/airflow/example_dags/example_trigger_controller_dag.py for tasks to queue
[2023-10-16 02:10:20,466] {logging_mixin.py:109} INFO - [2023-10-16 02:10:20,466] {dagbag.py:500} INFO - Filling up the DagBag from /Users/namyoung/Desktop/myprj/airflow/airflow/lib/python3.7/site-packages/airflow/example_dags/example_trigger_controller_dag.py
[2023-10-16 02:10:20,477] {processor.py:654} INFO - DAG(s) dict_keys(['example_trigger_controller_dag']) retrieved from /Users/namyoung/Desktop/myprj/airflow/airflow/lib/python3.7/site-packages/airflow/example_dags/example_trigger_controller_dag.py
[2023-10-16 02:10:20,483] {logging_mixin.py:109} INFO - [2023-10-16 02:10:20,483] {dag.py:2396} INFO - Sync 1 DAGs
[2023-10-16 02:10:20,490] {logging_mixin.py:109} INFO - [2023-10-16 02:10:20,490] {dag.py:2935} INFO - Setting next_dagrun for example_trigger_controller_dag to 2021-01-01T00:00:00+00:00
[2023-10-16 02:10:20,496] {processor.py:171} INFO - Processing /Users/namyoung/Desktop/myprj/airflow/airflow/lib/python3.7/site-packages/airflow/example_dags/example_trigger_controller_dag.py took 0.033 seconds
[2023-10-16 03:34:48,550] {processor.py:163} INFO - Started process (PID=28654) to work on /Users/namyoung/Desktop/myprj/airflow/airflow/lib/python3.7/site-packages/airflow/example_dags/example_trigger_controller_dag.py
[2023-10-16 03:34:48,551] {processor.py:642} INFO - Processing file /Users/namyoung/Desktop/myprj/airflow/airflow/lib/python3.7/site-packages/airflow/example_dags/example_trigger_controller_dag.py for tasks to queue
[2023-10-16 03:34:48,552] {logging_mixin.py:109} INFO - [2023-10-16 03:34:48,552] {dagbag.py:500} INFO - Filling up the DagBag from /Users/namyoung/Desktop/myprj/airflow/airflow/lib/python3.7/site-packages/airflow/example_dags/example_trigger_controller_dag.py
[2023-10-16 03:34:48,576] {processor.py:654} INFO - DAG(s) dict_keys(['example_trigger_controller_dag']) retrieved from /Users/namyoung/Desktop/myprj/airflow/airflow/lib/python3.7/site-packages/airflow/example_dags/example_trigger_controller_dag.py
[2023-10-16 03:34:48,584] {logging_mixin.py:109} INFO - [2023-10-16 03:34:48,584] {dag.py:2396} INFO - Sync 1 DAGs
[2023-10-16 03:34:48,592] {logging_mixin.py:109} INFO - [2023-10-16 03:34:48,592] {dag.py:2935} INFO - Setting next_dagrun for example_trigger_controller_dag to 2021-01-01T00:00:00+00:00
[2023-10-16 03:34:48,597] {processor.py:171} INFO - Processing /Users/namyoung/Desktop/myprj/airflow/airflow/lib/python3.7/site-packages/airflow/example_dags/example_trigger_controller_dag.py took 0.052 seconds
[2023-10-16 04:56:25,361] {processor.py:163} INFO - Started process (PID=28896) to work on /Users/namyoung/Desktop/myprj/airflow/airflow/lib/python3.7/site-packages/airflow/example_dags/example_trigger_controller_dag.py
[2023-10-16 04:56:25,363] {processor.py:642} INFO - Processing file /Users/namyoung/Desktop/myprj/airflow/airflow/lib/python3.7/site-packages/airflow/example_dags/example_trigger_controller_dag.py for tasks to queue
[2023-10-16 04:56:25,364] {logging_mixin.py:109} INFO - [2023-10-16 04:56:25,364] {dagbag.py:500} INFO - Filling up the DagBag from /Users/namyoung/Desktop/myprj/airflow/airflow/lib/python3.7/site-packages/airflow/example_dags/example_trigger_controller_dag.py
[2023-10-16 04:56:25,387] {processor.py:654} INFO - DAG(s) dict_keys(['example_trigger_controller_dag']) retrieved from /Users/namyoung/Desktop/myprj/airflow/airflow/lib/python3.7/site-packages/airflow/example_dags/example_trigger_controller_dag.py
[2023-10-16 04:56:25,395] {logging_mixin.py:109} INFO - [2023-10-16 04:56:25,395] {dag.py:2396} INFO - Sync 1 DAGs
[2023-10-16 04:56:25,404] {logging_mixin.py:109} INFO - [2023-10-16 04:56:25,404] {dag.py:2935} INFO - Setting next_dagrun for example_trigger_controller_dag to 2021-01-01T00:00:00+00:00
[2023-10-16 04:56:25,409] {processor.py:171} INFO - Processing /Users/namyoung/Desktop/myprj/airflow/airflow/lib/python3.7/site-packages/airflow/example_dags/example_trigger_controller_dag.py took 0.053 seconds
[2023-10-16 06:51:04,097] {processor.py:163} INFO - Started process (PID=29040) to work on /Users/namyoung/Desktop/myprj/airflow/airflow/lib/python3.7/site-packages/airflow/example_dags/example_trigger_controller_dag.py
[2023-10-16 06:51:04,098] {processor.py:642} INFO - Processing file /Users/namyoung/Desktop/myprj/airflow/airflow/lib/python3.7/site-packages/airflow/example_dags/example_trigger_controller_dag.py for tasks to queue
[2023-10-16 06:51:04,100] {logging_mixin.py:109} INFO - [2023-10-16 06:51:04,099] {dagbag.py:500} INFO - Filling up the DagBag from /Users/namyoung/Desktop/myprj/airflow/airflow/lib/python3.7/site-packages/airflow/example_dags/example_trigger_controller_dag.py
[2023-10-16 06:51:04,119] {processor.py:654} INFO - DAG(s) dict_keys(['example_trigger_controller_dag']) retrieved from /Users/namyoung/Desktop/myprj/airflow/airflow/lib/python3.7/site-packages/airflow/example_dags/example_trigger_controller_dag.py
[2023-10-16 06:51:04,127] {logging_mixin.py:109} INFO - [2023-10-16 06:51:04,127] {dag.py:2396} INFO - Sync 1 DAGs
[2023-10-16 06:51:04,137] {logging_mixin.py:109} INFO - [2023-10-16 06:51:04,137] {dag.py:2935} INFO - Setting next_dagrun for example_trigger_controller_dag to 2021-01-01T00:00:00+00:00
[2023-10-16 06:51:04,155] {processor.py:171} INFO - Processing /Users/namyoung/Desktop/myprj/airflow/airflow/lib/python3.7/site-packages/airflow/example_dags/example_trigger_controller_dag.py took 0.063 seconds
[2023-10-16 08:13:41,744] {processor.py:163} INFO - Started process (PID=29300) to work on /Users/namyoung/Desktop/myprj/airflow/airflow/lib/python3.7/site-packages/airflow/example_dags/example_trigger_controller_dag.py
[2023-10-16 08:13:41,746] {processor.py:642} INFO - Processing file /Users/namyoung/Desktop/myprj/airflow/airflow/lib/python3.7/site-packages/airflow/example_dags/example_trigger_controller_dag.py for tasks to queue
[2023-10-16 08:13:41,747] {logging_mixin.py:109} INFO - [2023-10-16 08:13:41,747] {dagbag.py:500} INFO - Filling up the DagBag from /Users/namyoung/Desktop/myprj/airflow/airflow/lib/python3.7/site-packages/airflow/example_dags/example_trigger_controller_dag.py
[2023-10-16 08:13:41,771] {processor.py:654} INFO - DAG(s) dict_keys(['example_trigger_controller_dag']) retrieved from /Users/namyoung/Desktop/myprj/airflow/airflow/lib/python3.7/site-packages/airflow/example_dags/example_trigger_controller_dag.py
[2023-10-16 08:13:41,779] {logging_mixin.py:109} INFO - [2023-10-16 08:13:41,779] {dag.py:2396} INFO - Sync 1 DAGs
[2023-10-16 08:13:41,787] {logging_mixin.py:109} INFO - [2023-10-16 08:13:41,787] {dag.py:2935} INFO - Setting next_dagrun for example_trigger_controller_dag to 2021-01-01T00:00:00+00:00
[2023-10-16 08:13:41,793] {processor.py:171} INFO - Processing /Users/namyoung/Desktop/myprj/airflow/airflow/lib/python3.7/site-packages/airflow/example_dags/example_trigger_controller_dag.py took 0.054 seconds
