[2023-10-15 10:35:00,743] {processor.py:163} INFO - Started process (PID=26587) to work on /Users/namyoung/Desktop/myprj/airflow/airflow/lib/python3.7/site-packages/airflow/example_dags/example_complex.py
[2023-10-15 10:35:00,744] {processor.py:642} INFO - Processing file /Users/namyoung/Desktop/myprj/airflow/airflow/lib/python3.7/site-packages/airflow/example_dags/example_complex.py for tasks to queue
[2023-10-15 10:35:00,744] {logging_mixin.py:109} INFO - [2023-10-15 10:35:00,744] {dagbag.py:500} INFO - Filling up the DagBag from /Users/namyoung/Desktop/myprj/airflow/airflow/lib/python3.7/site-packages/airflow/example_dags/example_complex.py
[2023-10-15 10:35:00,761] {processor.py:654} INFO - DAG(s) dict_keys(['example_complex']) retrieved from /Users/namyoung/Desktop/myprj/airflow/airflow/lib/python3.7/site-packages/airflow/example_dags/example_complex.py
[2023-10-15 10:35:00,770] {logging_mixin.py:109} INFO - [2023-10-15 10:35:00,770] {dag.py:2396} INFO - Sync 1 DAGs
[2023-10-15 10:35:00,777] {logging_mixin.py:109} INFO - [2023-10-15 10:35:00,776] {dag.py:2935} INFO - Setting next_dagrun for example_complex to None
[2023-10-15 10:35:00,781] {processor.py:171} INFO - Processing /Users/namyoung/Desktop/myprj/airflow/airflow/lib/python3.7/site-packages/airflow/example_dags/example_complex.py took 0.040 seconds
[2023-10-15 12:14:28,635] {processor.py:163} INFO - Started process (PID=26722) to work on /Users/namyoung/Desktop/myprj/airflow/airflow/lib/python3.7/site-packages/airflow/example_dags/example_complex.py
[2023-10-15 12:14:28,636] {processor.py:642} INFO - Processing file /Users/namyoung/Desktop/myprj/airflow/airflow/lib/python3.7/site-packages/airflow/example_dags/example_complex.py for tasks to queue
[2023-10-15 12:14:28,636] {logging_mixin.py:109} INFO - [2023-10-15 12:14:28,636] {dagbag.py:500} INFO - Filling up the DagBag from /Users/namyoung/Desktop/myprj/airflow/airflow/lib/python3.7/site-packages/airflow/example_dags/example_complex.py
[2023-10-15 12:14:28,653] {processor.py:654} INFO - DAG(s) dict_keys(['example_complex']) retrieved from /Users/namyoung/Desktop/myprj/airflow/airflow/lib/python3.7/site-packages/airflow/example_dags/example_complex.py
[2023-10-15 12:14:28,662] {logging_mixin.py:109} INFO - [2023-10-15 12:14:28,662] {dag.py:2396} INFO - Sync 1 DAGs
[2023-10-15 12:14:28,669] {logging_mixin.py:109} INFO - [2023-10-15 12:14:28,669] {dag.py:2935} INFO - Setting next_dagrun for example_complex to None
[2023-10-15 12:14:28,674] {processor.py:171} INFO - Processing /Users/namyoung/Desktop/myprj/airflow/airflow/lib/python3.7/site-packages/airflow/example_dags/example_complex.py took 0.041 seconds
[2023-10-15 13:55:33,513] {processor.py:163} INFO - Started process (PID=26994) to work on /Users/namyoung/Desktop/myprj/airflow/airflow/lib/python3.7/site-packages/airflow/example_dags/example_complex.py
[2023-10-15 13:55:33,514] {processor.py:642} INFO - Processing file /Users/namyoung/Desktop/myprj/airflow/airflow/lib/python3.7/site-packages/airflow/example_dags/example_complex.py for tasks to queue
[2023-10-15 13:55:33,514] {logging_mixin.py:109} INFO - [2023-10-15 13:55:33,514] {dagbag.py:500} INFO - Filling up the DagBag from /Users/namyoung/Desktop/myprj/airflow/airflow/lib/python3.7/site-packages/airflow/example_dags/example_complex.py
[2023-10-15 13:55:33,531] {processor.py:654} INFO - DAG(s) dict_keys(['example_complex']) retrieved from /Users/namyoung/Desktop/myprj/airflow/airflow/lib/python3.7/site-packages/airflow/example_dags/example_complex.py
[2023-10-15 13:55:33,540] {logging_mixin.py:109} INFO - [2023-10-15 13:55:33,540] {dag.py:2396} INFO - Sync 1 DAGs
[2023-10-15 13:55:33,547] {logging_mixin.py:109} INFO - [2023-10-15 13:55:33,547] {dag.py:2935} INFO - Setting next_dagrun for example_complex to None
[2023-10-15 13:55:33,552] {processor.py:171} INFO - Processing /Users/namyoung/Desktop/myprj/airflow/airflow/lib/python3.7/site-packages/airflow/example_dags/example_complex.py took 0.040 seconds
[2023-10-15 15:36:23,879] {processor.py:163} INFO - Started process (PID=27138) to work on /Users/namyoung/Desktop/myprj/airflow/airflow/lib/python3.7/site-packages/airflow/example_dags/example_complex.py
[2023-10-15 15:36:23,881] {processor.py:642} INFO - Processing file /Users/namyoung/Desktop/myprj/airflow/airflow/lib/python3.7/site-packages/airflow/example_dags/example_complex.py for tasks to queue
[2023-10-15 15:36:23,882] {logging_mixin.py:109} INFO - [2023-10-15 15:36:23,882] {dagbag.py:500} INFO - Filling up the DagBag from /Users/namyoung/Desktop/myprj/airflow/airflow/lib/python3.7/site-packages/airflow/example_dags/example_complex.py
[2023-10-15 15:36:23,910] {processor.py:654} INFO - DAG(s) dict_keys(['example_complex']) retrieved from /Users/namyoung/Desktop/myprj/airflow/airflow/lib/python3.7/site-packages/airflow/example_dags/example_complex.py
[2023-10-15 15:36:23,920] {logging_mixin.py:109} INFO - [2023-10-15 15:36:23,920] {dag.py:2396} INFO - Sync 1 DAGs
[2023-10-15 15:36:23,928] {logging_mixin.py:109} INFO - [2023-10-15 15:36:23,927] {dag.py:2935} INFO - Setting next_dagrun for example_complex to None
[2023-10-15 15:36:23,933] {processor.py:171} INFO - Processing /Users/namyoung/Desktop/myprj/airflow/airflow/lib/python3.7/site-packages/airflow/example_dags/example_complex.py took 0.059 seconds
[2023-10-15 17:13:26,761] {processor.py:163} INFO - Started process (PID=27400) to work on /Users/namyoung/Desktop/myprj/airflow/airflow/lib/python3.7/site-packages/airflow/example_dags/example_complex.py
[2023-10-15 17:13:26,763] {processor.py:642} INFO - Processing file /Users/namyoung/Desktop/myprj/airflow/airflow/lib/python3.7/site-packages/airflow/example_dags/example_complex.py for tasks to queue
[2023-10-15 17:13:26,764] {logging_mixin.py:109} INFO - [2023-10-15 17:13:26,764] {dagbag.py:500} INFO - Filling up the DagBag from /Users/namyoung/Desktop/myprj/airflow/airflow/lib/python3.7/site-packages/airflow/example_dags/example_complex.py
[2023-10-15 17:13:26,791] {processor.py:654} INFO - DAG(s) dict_keys(['example_complex']) retrieved from /Users/namyoung/Desktop/myprj/airflow/airflow/lib/python3.7/site-packages/airflow/example_dags/example_complex.py
[2023-10-15 17:13:26,802] {logging_mixin.py:109} INFO - [2023-10-15 17:13:26,802] {dag.py:2396} INFO - Sync 1 DAGs
[2023-10-15 17:13:26,810] {logging_mixin.py:109} INFO - [2023-10-15 17:13:26,810] {dag.py:2935} INFO - Setting next_dagrun for example_complex to None
[2023-10-15 17:13:26,816] {processor.py:171} INFO - Processing /Users/namyoung/Desktop/myprj/airflow/airflow/lib/python3.7/site-packages/airflow/example_dags/example_complex.py took 0.059 seconds
[2023-10-15 18:46:33,455] {processor.py:163} INFO - Started process (PID=27529) to work on /Users/namyoung/Desktop/myprj/airflow/airflow/lib/python3.7/site-packages/airflow/example_dags/example_complex.py
[2023-10-15 18:46:33,455] {processor.py:642} INFO - Processing file /Users/namyoung/Desktop/myprj/airflow/airflow/lib/python3.7/site-packages/airflow/example_dags/example_complex.py for tasks to queue
[2023-10-15 18:46:33,456] {logging_mixin.py:109} INFO - [2023-10-15 18:46:33,456] {dagbag.py:500} INFO - Filling up the DagBag from /Users/namyoung/Desktop/myprj/airflow/airflow/lib/python3.7/site-packages/airflow/example_dags/example_complex.py
[2023-10-15 18:46:33,472] {processor.py:654} INFO - DAG(s) dict_keys(['example_complex']) retrieved from /Users/namyoung/Desktop/myprj/airflow/airflow/lib/python3.7/site-packages/airflow/example_dags/example_complex.py
[2023-10-15 18:46:33,481] {logging_mixin.py:109} INFO - [2023-10-15 18:46:33,481] {dag.py:2396} INFO - Sync 1 DAGs
[2023-10-15 18:46:33,488] {logging_mixin.py:109} INFO - [2023-10-15 18:46:33,488] {dag.py:2935} INFO - Setting next_dagrun for example_complex to None
[2023-10-15 18:46:33,496] {processor.py:171} INFO - Processing /Users/namyoung/Desktop/myprj/airflow/airflow/lib/python3.7/site-packages/airflow/example_dags/example_complex.py took 0.044 seconds
[2023-10-15 20:08:12,887] {processor.py:163} INFO - Started process (PID=27778) to work on /Users/namyoung/Desktop/myprj/airflow/airflow/lib/python3.7/site-packages/airflow/example_dags/example_complex.py
[2023-10-15 20:08:12,888] {processor.py:642} INFO - Processing file /Users/namyoung/Desktop/myprj/airflow/airflow/lib/python3.7/site-packages/airflow/example_dags/example_complex.py for tasks to queue
[2023-10-15 20:08:12,889] {logging_mixin.py:109} INFO - [2023-10-15 20:08:12,889] {dagbag.py:500} INFO - Filling up the DagBag from /Users/namyoung/Desktop/myprj/airflow/airflow/lib/python3.7/site-packages/airflow/example_dags/example_complex.py
[2023-10-15 20:08:12,904] {processor.py:654} INFO - DAG(s) dict_keys(['example_complex']) retrieved from /Users/namyoung/Desktop/myprj/airflow/airflow/lib/python3.7/site-packages/airflow/example_dags/example_complex.py
[2023-10-15 20:08:12,913] {logging_mixin.py:109} INFO - [2023-10-15 20:08:12,913] {dag.py:2396} INFO - Sync 1 DAGs
[2023-10-15 20:08:12,920] {logging_mixin.py:109} INFO - [2023-10-15 20:08:12,920] {dag.py:2935} INFO - Setting next_dagrun for example_complex to None
[2023-10-15 20:08:12,925] {processor.py:171} INFO - Processing /Users/namyoung/Desktop/myprj/airflow/airflow/lib/python3.7/site-packages/airflow/example_dags/example_complex.py took 0.041 seconds
[2023-10-15 21:48:00,066] {processor.py:163} INFO - Started process (PID=27923) to work on /Users/namyoung/Desktop/myprj/airflow/airflow/lib/python3.7/site-packages/airflow/example_dags/example_complex.py
[2023-10-15 21:48:00,068] {processor.py:642} INFO - Processing file /Users/namyoung/Desktop/myprj/airflow/airflow/lib/python3.7/site-packages/airflow/example_dags/example_complex.py for tasks to queue
[2023-10-15 21:48:00,069] {logging_mixin.py:109} INFO - [2023-10-15 21:48:00,069] {dagbag.py:500} INFO - Filling up the DagBag from /Users/namyoung/Desktop/myprj/airflow/airflow/lib/python3.7/site-packages/airflow/example_dags/example_complex.py
[2023-10-15 21:48:00,098] {processor.py:654} INFO - DAG(s) dict_keys(['example_complex']) retrieved from /Users/namyoung/Desktop/myprj/airflow/airflow/lib/python3.7/site-packages/airflow/example_dags/example_complex.py
[2023-10-15 21:48:00,109] {logging_mixin.py:109} INFO - [2023-10-15 21:48:00,109] {dag.py:2396} INFO - Sync 1 DAGs
[2023-10-15 21:48:00,117] {logging_mixin.py:109} INFO - [2023-10-15 21:48:00,117] {dag.py:2935} INFO - Setting next_dagrun for example_complex to None
[2023-10-15 21:48:00,123] {processor.py:171} INFO - Processing /Users/namyoung/Desktop/myprj/airflow/airflow/lib/python3.7/site-packages/airflow/example_dags/example_complex.py took 0.062 seconds
[2023-10-15 23:40:45,509] {processor.py:163} INFO - Started process (PID=28200) to work on /Users/namyoung/Desktop/myprj/airflow/airflow/lib/python3.7/site-packages/airflow/example_dags/example_complex.py
[2023-10-15 23:40:45,510] {processor.py:642} INFO - Processing file /Users/namyoung/Desktop/myprj/airflow/airflow/lib/python3.7/site-packages/airflow/example_dags/example_complex.py for tasks to queue
[2023-10-15 23:40:45,510] {logging_mixin.py:109} INFO - [2023-10-15 23:40:45,510] {dagbag.py:500} INFO - Filling up the DagBag from /Users/namyoung/Desktop/myprj/airflow/airflow/lib/python3.7/site-packages/airflow/example_dags/example_complex.py
[2023-10-15 23:40:45,527] {processor.py:654} INFO - DAG(s) dict_keys(['example_complex']) retrieved from /Users/namyoung/Desktop/myprj/airflow/airflow/lib/python3.7/site-packages/airflow/example_dags/example_complex.py
[2023-10-15 23:40:45,536] {logging_mixin.py:109} INFO - [2023-10-15 23:40:45,536] {dag.py:2396} INFO - Sync 1 DAGs
[2023-10-15 23:40:45,543] {logging_mixin.py:109} INFO - [2023-10-15 23:40:45,543] {dag.py:2935} INFO - Setting next_dagrun for example_complex to None
[2023-10-15 23:40:45,549] {processor.py:171} INFO - Processing /Users/namyoung/Desktop/myprj/airflow/airflow/lib/python3.7/site-packages/airflow/example_dags/example_complex.py took 0.042 seconds
[2023-10-16 01:22:53,470] {processor.py:163} INFO - Started process (PID=28346) to work on /Users/namyoung/Desktop/myprj/airflow/airflow/lib/python3.7/site-packages/airflow/example_dags/example_complex.py
[2023-10-16 01:22:53,472] {processor.py:642} INFO - Processing file /Users/namyoung/Desktop/myprj/airflow/airflow/lib/python3.7/site-packages/airflow/example_dags/example_complex.py for tasks to queue
[2023-10-16 01:22:53,473] {logging_mixin.py:109} INFO - [2023-10-16 01:22:53,472] {dagbag.py:500} INFO - Filling up the DagBag from /Users/namyoung/Desktop/myprj/airflow/airflow/lib/python3.7/site-packages/airflow/example_dags/example_complex.py
[2023-10-16 01:22:53,496] {processor.py:654} INFO - DAG(s) dict_keys(['example_complex']) retrieved from /Users/namyoung/Desktop/myprj/airflow/airflow/lib/python3.7/site-packages/airflow/example_dags/example_complex.py
[2023-10-16 01:22:53,505] {logging_mixin.py:109} INFO - [2023-10-16 01:22:53,505] {dag.py:2396} INFO - Sync 1 DAGs
[2023-10-16 01:22:53,512] {logging_mixin.py:109} INFO - [2023-10-16 01:22:53,512] {dag.py:2935} INFO - Setting next_dagrun for example_complex to None
[2023-10-16 01:22:53,517] {processor.py:171} INFO - Processing /Users/namyoung/Desktop/myprj/airflow/airflow/lib/python3.7/site-packages/airflow/example_dags/example_complex.py took 0.052 seconds
[2023-10-16 03:02:22,192] {processor.py:163} INFO - Started process (PID=28590) to work on /Users/namyoung/Desktop/myprj/airflow/airflow/lib/python3.7/site-packages/airflow/example_dags/example_complex.py
[2023-10-16 03:02:22,194] {processor.py:642} INFO - Processing file /Users/namyoung/Desktop/myprj/airflow/airflow/lib/python3.7/site-packages/airflow/example_dags/example_complex.py for tasks to queue
[2023-10-16 03:02:22,195] {logging_mixin.py:109} INFO - [2023-10-16 03:02:22,195] {dagbag.py:500} INFO - Filling up the DagBag from /Users/namyoung/Desktop/myprj/airflow/airflow/lib/python3.7/site-packages/airflow/example_dags/example_complex.py
[2023-10-16 03:02:22,232] {processor.py:654} INFO - DAG(s) dict_keys(['example_complex']) retrieved from /Users/namyoung/Desktop/myprj/airflow/airflow/lib/python3.7/site-packages/airflow/example_dags/example_complex.py
[2023-10-16 03:02:22,246] {logging_mixin.py:109} INFO - [2023-10-16 03:02:22,245] {dag.py:2396} INFO - Sync 1 DAGs
[2023-10-16 03:02:22,255] {logging_mixin.py:109} INFO - [2023-10-16 03:02:22,255] {dag.py:2935} INFO - Setting next_dagrun for example_complex to None
[2023-10-16 03:02:22,262] {processor.py:171} INFO - Processing /Users/namyoung/Desktop/myprj/airflow/airflow/lib/python3.7/site-packages/airflow/example_dags/example_complex.py took 0.075 seconds
[2023-10-16 05:45:53,952] {processor.py:163} INFO - Started process (PID=28970) to work on /Users/namyoung/Desktop/myprj/airflow/airflow/lib/python3.7/site-packages/airflow/example_dags/example_complex.py
[2023-10-16 05:45:53,953] {processor.py:642} INFO - Processing file /Users/namyoung/Desktop/myprj/airflow/airflow/lib/python3.7/site-packages/airflow/example_dags/example_complex.py for tasks to queue
[2023-10-16 05:45:53,953] {logging_mixin.py:109} INFO - [2023-10-16 05:45:53,953] {dagbag.py:500} INFO - Filling up the DagBag from /Users/namyoung/Desktop/myprj/airflow/airflow/lib/python3.7/site-packages/airflow/example_dags/example_complex.py
[2023-10-16 05:45:53,970] {processor.py:654} INFO - DAG(s) dict_keys(['example_complex']) retrieved from /Users/namyoung/Desktop/myprj/airflow/airflow/lib/python3.7/site-packages/airflow/example_dags/example_complex.py
[2023-10-16 05:45:53,978] {logging_mixin.py:109} INFO - [2023-10-16 05:45:53,978] {dag.py:2396} INFO - Sync 1 DAGs
[2023-10-16 05:45:53,985] {logging_mixin.py:109} INFO - [2023-10-16 05:45:53,985] {dag.py:2935} INFO - Setting next_dagrun for example_complex to None
[2023-10-16 05:45:53,990] {processor.py:171} INFO - Processing /Users/namyoung/Desktop/myprj/airflow/airflow/lib/python3.7/site-packages/airflow/example_dags/example_complex.py took 0.041 seconds
[2023-10-16 07:39:26,124] {processor.py:163} INFO - Started process (PID=29111) to work on /Users/namyoung/Desktop/myprj/airflow/airflow/lib/python3.7/site-packages/airflow/example_dags/example_complex.py
[2023-10-16 07:39:26,125] {processor.py:642} INFO - Processing file /Users/namyoung/Desktop/myprj/airflow/airflow/lib/python3.7/site-packages/airflow/example_dags/example_complex.py for tasks to queue
[2023-10-16 07:39:26,126] {logging_mixin.py:109} INFO - [2023-10-16 07:39:26,126] {dagbag.py:500} INFO - Filling up the DagBag from /Users/namyoung/Desktop/myprj/airflow/airflow/lib/python3.7/site-packages/airflow/example_dags/example_complex.py
[2023-10-16 07:39:26,152] {processor.py:654} INFO - DAG(s) dict_keys(['example_complex']) retrieved from /Users/namyoung/Desktop/myprj/airflow/airflow/lib/python3.7/site-packages/airflow/example_dags/example_complex.py
[2023-10-16 07:39:26,164] {logging_mixin.py:109} INFO - [2023-10-16 07:39:26,164] {dag.py:2396} INFO - Sync 1 DAGs
[2023-10-16 07:39:26,174] {logging_mixin.py:109} INFO - [2023-10-16 07:39:26,174] {dag.py:2935} INFO - Setting next_dagrun for example_complex to None
[2023-10-16 07:39:26,181] {processor.py:171} INFO - Processing /Users/namyoung/Desktop/myprj/airflow/airflow/lib/python3.7/site-packages/airflow/example_dags/example_complex.py took 0.062 seconds
