[2023-10-15 10:35:03,085] {processor.py:163} INFO - Started process (PID=26589) to work on /Users/namyoung/Desktop/myprj/airflow/airflow/lib/python3.7/site-packages/airflow/example_dags/example_branch_datetime_operator.py
[2023-10-15 10:35:03,087] {processor.py:642} INFO - Processing file /Users/namyoung/Desktop/myprj/airflow/airflow/lib/python3.7/site-packages/airflow/example_dags/example_branch_datetime_operator.py for tasks to queue
[2023-10-15 10:35:03,088] {logging_mixin.py:109} INFO - [2023-10-15 10:35:03,088] {dagbag.py:500} INFO - Filling up the DagBag from /Users/namyoung/Desktop/myprj/airflow/airflow/lib/python3.7/site-packages/airflow/example_dags/example_branch_datetime_operator.py
[2023-10-15 10:35:03,110] {processor.py:654} INFO - DAG(s) dict_keys(['example_branch_datetime_operator_2']) retrieved from /Users/namyoung/Desktop/myprj/airflow/airflow/lib/python3.7/site-packages/airflow/example_dags/example_branch_datetime_operator.py
[2023-10-15 10:35:03,117] {logging_mixin.py:109} INFO - [2023-10-15 10:35:03,117] {dag.py:2396} INFO - Sync 1 DAGs
[2023-10-15 10:35:03,127] {logging_mixin.py:109} INFO - [2023-10-15 10:35:03,127] {dag.py:2935} INFO - Setting next_dagrun for example_branch_datetime_operator_2 to 2023-10-14 00:00:00+00:00
[2023-10-15 10:35:03,134] {processor.py:171} INFO - Processing /Users/namyoung/Desktop/myprj/airflow/airflow/lib/python3.7/site-packages/airflow/example_dags/example_branch_datetime_operator.py took 0.054 seconds
[2023-10-15 12:31:54,043] {processor.py:163} INFO - Started process (PID=26753) to work on /Users/namyoung/Desktop/myprj/airflow/airflow/lib/python3.7/site-packages/airflow/example_dags/example_branch_datetime_operator.py
[2023-10-15 12:31:54,043] {processor.py:642} INFO - Processing file /Users/namyoung/Desktop/myprj/airflow/airflow/lib/python3.7/site-packages/airflow/example_dags/example_branch_datetime_operator.py for tasks to queue
[2023-10-15 12:31:54,044] {logging_mixin.py:109} INFO - [2023-10-15 12:31:54,044] {dagbag.py:500} INFO - Filling up the DagBag from /Users/namyoung/Desktop/myprj/airflow/airflow/lib/python3.7/site-packages/airflow/example_dags/example_branch_datetime_operator.py
[2023-10-15 12:31:54,057] {processor.py:654} INFO - DAG(s) dict_keys(['example_branch_datetime_operator_2']) retrieved from /Users/namyoung/Desktop/myprj/airflow/airflow/lib/python3.7/site-packages/airflow/example_dags/example_branch_datetime_operator.py
[2023-10-15 12:31:54,063] {logging_mixin.py:109} INFO - [2023-10-15 12:31:54,062] {dag.py:2396} INFO - Sync 1 DAGs
[2023-10-15 12:31:54,070] {logging_mixin.py:109} INFO - [2023-10-15 12:31:54,070] {dag.py:2935} INFO - Setting next_dagrun for example_branch_datetime_operator_2 to 2023-10-14 00:00:00+00:00
[2023-10-15 12:31:54,076] {processor.py:171} INFO - Processing /Users/namyoung/Desktop/myprj/airflow/airflow/lib/python3.7/site-packages/airflow/example_dags/example_branch_datetime_operator.py took 0.035 seconds
[2023-10-15 15:53:25,609] {processor.py:163} INFO - Started process (PID=27160) to work on /Users/namyoung/Desktop/myprj/airflow/airflow/lib/python3.7/site-packages/airflow/example_dags/example_branch_datetime_operator.py
[2023-10-15 15:53:25,610] {processor.py:642} INFO - Processing file /Users/namyoung/Desktop/myprj/airflow/airflow/lib/python3.7/site-packages/airflow/example_dags/example_branch_datetime_operator.py for tasks to queue
[2023-10-15 15:53:25,611] {logging_mixin.py:109} INFO - [2023-10-15 15:53:25,610] {dagbag.py:500} INFO - Filling up the DagBag from /Users/namyoung/Desktop/myprj/airflow/airflow/lib/python3.7/site-packages/airflow/example_dags/example_branch_datetime_operator.py
[2023-10-15 15:53:25,623] {processor.py:654} INFO - DAG(s) dict_keys(['example_branch_datetime_operator_2']) retrieved from /Users/namyoung/Desktop/myprj/airflow/airflow/lib/python3.7/site-packages/airflow/example_dags/example_branch_datetime_operator.py
[2023-10-15 15:53:25,628] {logging_mixin.py:109} INFO - [2023-10-15 15:53:25,628] {dag.py:2396} INFO - Sync 1 DAGs
[2023-10-15 15:53:25,636] {logging_mixin.py:109} INFO - [2023-10-15 15:53:25,636] {dag.py:2935} INFO - Setting next_dagrun for example_branch_datetime_operator_2 to 2023-10-14 00:00:00+00:00
[2023-10-15 15:53:25,642] {processor.py:171} INFO - Processing /Users/namyoung/Desktop/myprj/airflow/airflow/lib/python3.7/site-packages/airflow/example_dags/example_branch_datetime_operator.py took 0.035 seconds
[2023-10-15 18:46:36,835] {processor.py:163} INFO - Started process (PID=27537) to work on /Users/namyoung/Desktop/myprj/airflow/airflow/lib/python3.7/site-packages/airflow/example_dags/example_branch_datetime_operator.py
[2023-10-15 18:46:36,836] {processor.py:642} INFO - Processing file /Users/namyoung/Desktop/myprj/airflow/airflow/lib/python3.7/site-packages/airflow/example_dags/example_branch_datetime_operator.py for tasks to queue
[2023-10-15 18:46:36,837] {logging_mixin.py:109} INFO - [2023-10-15 18:46:36,837] {dagbag.py:500} INFO - Filling up the DagBag from /Users/namyoung/Desktop/myprj/airflow/airflow/lib/python3.7/site-packages/airflow/example_dags/example_branch_datetime_operator.py
[2023-10-15 18:46:36,863] {processor.py:654} INFO - DAG(s) dict_keys(['example_branch_datetime_operator_2']) retrieved from /Users/namyoung/Desktop/myprj/airflow/airflow/lib/python3.7/site-packages/airflow/example_dags/example_branch_datetime_operator.py
[2023-10-15 18:46:36,871] {logging_mixin.py:109} INFO - [2023-10-15 18:46:36,871] {dag.py:2396} INFO - Sync 1 DAGs
[2023-10-15 18:46:36,879] {logging_mixin.py:109} INFO - [2023-10-15 18:46:36,879] {dag.py:2935} INFO - Setting next_dagrun for example_branch_datetime_operator_2 to 2023-10-14 00:00:00+00:00
[2023-10-15 18:46:36,885] {processor.py:171} INFO - Processing /Users/namyoung/Desktop/myprj/airflow/airflow/lib/python3.7/site-packages/airflow/example_dags/example_branch_datetime_operator.py took 0.056 seconds
[2023-10-15 20:26:13,452] {processor.py:163} INFO - Started process (PID=27802) to work on /Users/namyoung/Desktop/myprj/airflow/airflow/lib/python3.7/site-packages/airflow/example_dags/example_branch_datetime_operator.py
[2023-10-15 20:26:13,454] {processor.py:642} INFO - Processing file /Users/namyoung/Desktop/myprj/airflow/airflow/lib/python3.7/site-packages/airflow/example_dags/example_branch_datetime_operator.py for tasks to queue
[2023-10-15 20:26:13,455] {logging_mixin.py:109} INFO - [2023-10-15 20:26:13,455] {dagbag.py:500} INFO - Filling up the DagBag from /Users/namyoung/Desktop/myprj/airflow/airflow/lib/python3.7/site-packages/airflow/example_dags/example_branch_datetime_operator.py
[2023-10-15 20:26:13,481] {processor.py:654} INFO - DAG(s) dict_keys(['example_branch_datetime_operator_2']) retrieved from /Users/namyoung/Desktop/myprj/airflow/airflow/lib/python3.7/site-packages/airflow/example_dags/example_branch_datetime_operator.py
[2023-10-15 20:26:13,488] {logging_mixin.py:109} INFO - [2023-10-15 20:26:13,488] {dag.py:2396} INFO - Sync 1 DAGs
[2023-10-15 20:26:13,497] {logging_mixin.py:109} INFO - [2023-10-15 20:26:13,497] {dag.py:2935} INFO - Setting next_dagrun for example_branch_datetime_operator_2 to 2023-10-14 00:00:00+00:00
[2023-10-15 20:26:13,502] {processor.py:171} INFO - Processing /Users/namyoung/Desktop/myprj/airflow/airflow/lib/python3.7/site-packages/airflow/example_dags/example_branch_datetime_operator.py took 0.056 seconds
[2023-10-15 22:03:55,811] {processor.py:163} INFO - Started process (PID=27947) to work on /Users/namyoung/Desktop/myprj/airflow/airflow/lib/python3.7/site-packages/airflow/example_dags/example_branch_datetime_operator.py
[2023-10-15 22:03:55,812] {processor.py:642} INFO - Processing file /Users/namyoung/Desktop/myprj/airflow/airflow/lib/python3.7/site-packages/airflow/example_dags/example_branch_datetime_operator.py for tasks to queue
[2023-10-15 22:03:55,814] {logging_mixin.py:109} INFO - [2023-10-15 22:03:55,813] {dagbag.py:500} INFO - Filling up the DagBag from /Users/namyoung/Desktop/myprj/airflow/airflow/lib/python3.7/site-packages/airflow/example_dags/example_branch_datetime_operator.py
[2023-10-15 22:03:55,840] {processor.py:654} INFO - DAG(s) dict_keys(['example_branch_datetime_operator_2']) retrieved from /Users/namyoung/Desktop/myprj/airflow/airflow/lib/python3.7/site-packages/airflow/example_dags/example_branch_datetime_operator.py
[2023-10-15 22:03:55,848] {logging_mixin.py:109} INFO - [2023-10-15 22:03:55,847] {dag.py:2396} INFO - Sync 1 DAGs
[2023-10-15 22:03:55,856] {logging_mixin.py:109} INFO - [2023-10-15 22:03:55,856] {dag.py:2935} INFO - Setting next_dagrun for example_branch_datetime_operator_2 to 2023-10-14 00:00:00+00:00
[2023-10-15 22:03:55,862] {processor.py:171} INFO - Processing /Users/namyoung/Desktop/myprj/airflow/airflow/lib/python3.7/site-packages/airflow/example_dags/example_branch_datetime_operator.py took 0.056 seconds
[2023-10-15 23:57:35,408] {processor.py:163} INFO - Started process (PID=28224) to work on /Users/namyoung/Desktop/myprj/airflow/airflow/lib/python3.7/site-packages/airflow/example_dags/example_branch_datetime_operator.py
[2023-10-15 23:57:35,409] {processor.py:642} INFO - Processing file /Users/namyoung/Desktop/myprj/airflow/airflow/lib/python3.7/site-packages/airflow/example_dags/example_branch_datetime_operator.py for tasks to queue
[2023-10-15 23:57:35,410] {logging_mixin.py:109} INFO - [2023-10-15 23:57:35,409] {dagbag.py:500} INFO - Filling up the DagBag from /Users/namyoung/Desktop/myprj/airflow/airflow/lib/python3.7/site-packages/airflow/example_dags/example_branch_datetime_operator.py
[2023-10-15 23:57:35,422] {processor.py:654} INFO - DAG(s) dict_keys(['example_branch_datetime_operator_2']) retrieved from /Users/namyoung/Desktop/myprj/airflow/airflow/lib/python3.7/site-packages/airflow/example_dags/example_branch_datetime_operator.py
[2023-10-15 23:57:35,428] {logging_mixin.py:109} INFO - [2023-10-15 23:57:35,428] {dag.py:2396} INFO - Sync 1 DAGs
[2023-10-15 23:57:35,436] {logging_mixin.py:109} INFO - [2023-10-15 23:57:35,436] {dag.py:2935} INFO - Setting next_dagrun for example_branch_datetime_operator_2 to 2023-10-14 00:00:00+00:00
[2023-10-15 23:57:35,443] {processor.py:171} INFO - Processing /Users/namyoung/Desktop/myprj/airflow/airflow/lib/python3.7/site-packages/airflow/example_dags/example_branch_datetime_operator.py took 0.037 seconds
[2023-10-16 03:02:25,963] {processor.py:163} INFO - Started process (PID=28608) to work on /Users/namyoung/Desktop/myprj/airflow/airflow/lib/python3.7/site-packages/airflow/example_dags/example_branch_datetime_operator.py
[2023-10-16 03:02:25,965] {processor.py:642} INFO - Processing file /Users/namyoung/Desktop/myprj/airflow/airflow/lib/python3.7/site-packages/airflow/example_dags/example_branch_datetime_operator.py for tasks to queue
[2023-10-16 03:02:25,966] {logging_mixin.py:109} INFO - [2023-10-16 03:02:25,966] {dagbag.py:500} INFO - Filling up the DagBag from /Users/namyoung/Desktop/myprj/airflow/airflow/lib/python3.7/site-packages/airflow/example_dags/example_branch_datetime_operator.py
[2023-10-16 03:02:25,986] {processor.py:654} INFO - DAG(s) dict_keys(['example_branch_datetime_operator_2']) retrieved from /Users/namyoung/Desktop/myprj/airflow/airflow/lib/python3.7/site-packages/airflow/example_dags/example_branch_datetime_operator.py
[2023-10-16 03:02:25,992] {logging_mixin.py:109} INFO - [2023-10-16 03:02:25,992] {dag.py:2396} INFO - Sync 1 DAGs
[2023-10-16 03:02:26,001] {logging_mixin.py:109} INFO - [2023-10-16 03:02:26,001] {dag.py:2935} INFO - Setting next_dagrun for example_branch_datetime_operator_2 to 2023-10-14 00:00:00+00:00
[2023-10-16 03:02:26,007] {processor.py:171} INFO - Processing /Users/namyoung/Desktop/myprj/airflow/airflow/lib/python3.7/site-packages/airflow/example_dags/example_branch_datetime_operator.py took 0.049 seconds
[2023-10-16 06:02:09,574] {processor.py:163} INFO - Started process (PID=28994) to work on /Users/namyoung/Desktop/myprj/airflow/airflow/lib/python3.7/site-packages/airflow/example_dags/example_branch_datetime_operator.py
[2023-10-16 06:02:09,576] {processor.py:642} INFO - Processing file /Users/namyoung/Desktop/myprj/airflow/airflow/lib/python3.7/site-packages/airflow/example_dags/example_branch_datetime_operator.py for tasks to queue
[2023-10-16 06:02:09,577] {logging_mixin.py:109} INFO - [2023-10-16 06:02:09,577] {dagbag.py:500} INFO - Filling up the DagBag from /Users/namyoung/Desktop/myprj/airflow/airflow/lib/python3.7/site-packages/airflow/example_dags/example_branch_datetime_operator.py
[2023-10-16 06:02:09,604] {processor.py:654} INFO - DAG(s) dict_keys(['example_branch_datetime_operator_2']) retrieved from /Users/namyoung/Desktop/myprj/airflow/airflow/lib/python3.7/site-packages/airflow/example_dags/example_branch_datetime_operator.py
[2023-10-16 06:02:09,613] {logging_mixin.py:109} INFO - [2023-10-16 06:02:09,613] {dag.py:2396} INFO - Sync 1 DAGs
[2023-10-16 06:02:09,623] {logging_mixin.py:109} INFO - [2023-10-16 06:02:09,622] {dag.py:2935} INFO - Setting next_dagrun for example_branch_datetime_operator_2 to 2023-10-14 00:00:00+00:00
[2023-10-16 06:02:09,628] {processor.py:171} INFO - Processing /Users/namyoung/Desktop/myprj/airflow/airflow/lib/python3.7/site-packages/airflow/example_dags/example_branch_datetime_operator.py took 0.059 seconds
[2023-10-16 07:39:30,995] {processor.py:163} INFO - Started process (PID=29130) to work on /Users/namyoung/Desktop/myprj/airflow/airflow/lib/python3.7/site-packages/airflow/example_dags/example_branch_datetime_operator.py
[2023-10-16 07:39:30,996] {processor.py:642} INFO - Processing file /Users/namyoung/Desktop/myprj/airflow/airflow/lib/python3.7/site-packages/airflow/example_dags/example_branch_datetime_operator.py for tasks to queue
[2023-10-16 07:39:30,997] {logging_mixin.py:109} INFO - [2023-10-16 07:39:30,996] {dagbag.py:500} INFO - Filling up the DagBag from /Users/namyoung/Desktop/myprj/airflow/airflow/lib/python3.7/site-packages/airflow/example_dags/example_branch_datetime_operator.py
[2023-10-16 07:39:31,009] {processor.py:654} INFO - DAG(s) dict_keys(['example_branch_datetime_operator_2']) retrieved from /Users/namyoung/Desktop/myprj/airflow/airflow/lib/python3.7/site-packages/airflow/example_dags/example_branch_datetime_operator.py
[2023-10-16 07:39:31,015] {logging_mixin.py:109} INFO - [2023-10-16 07:39:31,015] {dag.py:2396} INFO - Sync 1 DAGs
[2023-10-16 07:39:31,023] {logging_mixin.py:109} INFO - [2023-10-16 07:39:31,023] {dag.py:2935} INFO - Setting next_dagrun for example_branch_datetime_operator_2 to 2023-10-14 00:00:00+00:00
[2023-10-16 07:39:31,029] {processor.py:171} INFO - Processing /Users/namyoung/Desktop/myprj/airflow/airflow/lib/python3.7/site-packages/airflow/example_dags/example_branch_datetime_operator.py took 0.036 seconds
