[2023-10-15 09:44:21,200] {processor.py:163} INFO - Started process (PID=26380) to work on /Users/namyoung/Desktop/myprj/airflow/airflow/lib/python3.7/site-packages/airflow/example_dags/example_trigger_target_dag.py
[2023-10-15 09:44:21,200] {processor.py:642} INFO - Processing file /Users/namyoung/Desktop/myprj/airflow/airflow/lib/python3.7/site-packages/airflow/example_dags/example_trigger_target_dag.py for tasks to queue
[2023-10-15 09:44:21,201] {logging_mixin.py:109} INFO - [2023-10-15 09:44:21,201] {dagbag.py:500} INFO - Filling up the DagBag from /Users/namyoung/Desktop/myprj/airflow/airflow/lib/python3.7/site-packages/airflow/example_dags/example_trigger_target_dag.py
[2023-10-15 09:44:21,214] {processor.py:654} INFO - DAG(s) dict_keys(['example_trigger_target_dag']) retrieved from /Users/namyoung/Desktop/myprj/airflow/airflow/lib/python3.7/site-packages/airflow/example_dags/example_trigger_target_dag.py
[2023-10-15 09:44:21,220] {logging_mixin.py:109} INFO - [2023-10-15 09:44:21,219] {dag.py:2396} INFO - Sync 1 DAGs
[2023-10-15 09:44:21,226] {logging_mixin.py:109} INFO - [2023-10-15 09:44:21,226] {dag.py:2935} INFO - Setting next_dagrun for example_trigger_target_dag to None
[2023-10-15 09:44:21,231] {processor.py:171} INFO - Processing /Users/namyoung/Desktop/myprj/airflow/airflow/lib/python3.7/site-packages/airflow/example_dags/example_trigger_target_dag.py took 0.034 seconds
[2023-10-15 11:07:35,885] {processor.py:163} INFO - Started process (PID=26636) to work on /Users/namyoung/Desktop/myprj/airflow/airflow/lib/python3.7/site-packages/airflow/example_dags/example_trigger_target_dag.py
[2023-10-15 11:07:35,887] {processor.py:642} INFO - Processing file /Users/namyoung/Desktop/myprj/airflow/airflow/lib/python3.7/site-packages/airflow/example_dags/example_trigger_target_dag.py for tasks to queue
[2023-10-15 11:07:35,888] {logging_mixin.py:109} INFO - [2023-10-15 11:07:35,888] {dagbag.py:500} INFO - Filling up the DagBag from /Users/namyoung/Desktop/myprj/airflow/airflow/lib/python3.7/site-packages/airflow/example_dags/example_trigger_target_dag.py
[2023-10-15 11:07:35,917] {processor.py:654} INFO - DAG(s) dict_keys(['example_trigger_target_dag']) retrieved from /Users/namyoung/Desktop/myprj/airflow/airflow/lib/python3.7/site-packages/airflow/example_dags/example_trigger_target_dag.py
[2023-10-15 11:07:35,925] {logging_mixin.py:109} INFO - [2023-10-15 11:07:35,925] {dag.py:2396} INFO - Sync 1 DAGs
[2023-10-15 11:07:35,934] {logging_mixin.py:109} INFO - [2023-10-15 11:07:35,933] {dag.py:2935} INFO - Setting next_dagrun for example_trigger_target_dag to None
[2023-10-15 11:07:35,940] {processor.py:171} INFO - Processing /Users/namyoung/Desktop/myprj/airflow/airflow/lib/python3.7/site-packages/airflow/example_dags/example_trigger_target_dag.py took 0.061 seconds
[2023-10-15 13:05:01,416] {processor.py:163} INFO - Started process (PID=26784) to work on /Users/namyoung/Desktop/myprj/airflow/airflow/lib/python3.7/site-packages/airflow/example_dags/example_trigger_target_dag.py
[2023-10-15 13:05:01,418] {processor.py:642} INFO - Processing file /Users/namyoung/Desktop/myprj/airflow/airflow/lib/python3.7/site-packages/airflow/example_dags/example_trigger_target_dag.py for tasks to queue
[2023-10-15 13:05:01,418] {logging_mixin.py:109} INFO - [2023-10-15 13:05:01,418] {dagbag.py:500} INFO - Filling up the DagBag from /Users/namyoung/Desktop/myprj/airflow/airflow/lib/python3.7/site-packages/airflow/example_dags/example_trigger_target_dag.py
[2023-10-15 13:05:01,439] {processor.py:654} INFO - DAG(s) dict_keys(['example_trigger_target_dag']) retrieved from /Users/namyoung/Desktop/myprj/airflow/airflow/lib/python3.7/site-packages/airflow/example_dags/example_trigger_target_dag.py
[2023-10-15 13:05:01,448] {logging_mixin.py:109} INFO - [2023-10-15 13:05:01,448] {dag.py:2396} INFO - Sync 1 DAGs
[2023-10-15 13:05:01,457] {logging_mixin.py:109} INFO - [2023-10-15 13:05:01,457] {dag.py:2935} INFO - Setting next_dagrun for example_trigger_target_dag to None
[2023-10-15 13:05:01,465] {processor.py:171} INFO - Processing /Users/namyoung/Desktop/myprj/airflow/airflow/lib/python3.7/site-packages/airflow/example_dags/example_trigger_target_dag.py took 0.055 seconds
[2023-10-15 14:46:33,616] {processor.py:163} INFO - Started process (PID=27051) to work on /Users/namyoung/Desktop/myprj/airflow/airflow/lib/python3.7/site-packages/airflow/example_dags/example_trigger_target_dag.py
[2023-10-15 14:46:33,617] {processor.py:642} INFO - Processing file /Users/namyoung/Desktop/myprj/airflow/airflow/lib/python3.7/site-packages/airflow/example_dags/example_trigger_target_dag.py for tasks to queue
[2023-10-15 14:46:33,617] {logging_mixin.py:109} INFO - [2023-10-15 14:46:33,617] {dagbag.py:500} INFO - Filling up the DagBag from /Users/namyoung/Desktop/myprj/airflow/airflow/lib/python3.7/site-packages/airflow/example_dags/example_trigger_target_dag.py
[2023-10-15 14:46:33,632] {processor.py:654} INFO - DAG(s) dict_keys(['example_trigger_target_dag']) retrieved from /Users/namyoung/Desktop/myprj/airflow/airflow/lib/python3.7/site-packages/airflow/example_dags/example_trigger_target_dag.py
[2023-10-15 14:46:33,639] {logging_mixin.py:109} INFO - [2023-10-15 14:46:33,639] {dag.py:2396} INFO - Sync 1 DAGs
[2023-10-15 14:46:33,645] {logging_mixin.py:109} INFO - [2023-10-15 14:46:33,645] {dag.py:2935} INFO - Setting next_dagrun for example_trigger_target_dag to None
[2023-10-15 14:46:33,650] {processor.py:171} INFO - Processing /Users/namyoung/Desktop/myprj/airflow/airflow/lib/python3.7/site-packages/airflow/example_dags/example_trigger_target_dag.py took 0.036 seconds
[2023-10-15 16:26:14,632] {processor.py:163} INFO - Started process (PID=27321) to work on /Users/namyoung/Desktop/myprj/airflow/airflow/lib/python3.7/site-packages/airflow/example_dags/example_trigger_target_dag.py
[2023-10-15 16:26:14,633] {processor.py:642} INFO - Processing file /Users/namyoung/Desktop/myprj/airflow/airflow/lib/python3.7/site-packages/airflow/example_dags/example_trigger_target_dag.py for tasks to queue
[2023-10-15 16:26:14,634] {logging_mixin.py:109} INFO - [2023-10-15 16:26:14,634] {dagbag.py:500} INFO - Filling up the DagBag from /Users/namyoung/Desktop/myprj/airflow/airflow/lib/python3.7/site-packages/airflow/example_dags/example_trigger_target_dag.py
[2023-10-15 16:26:14,649] {processor.py:654} INFO - DAG(s) dict_keys(['example_trigger_target_dag']) retrieved from /Users/namyoung/Desktop/myprj/airflow/airflow/lib/python3.7/site-packages/airflow/example_dags/example_trigger_target_dag.py
[2023-10-15 16:26:14,655] {logging_mixin.py:109} INFO - [2023-10-15 16:26:14,654] {dag.py:2396} INFO - Sync 1 DAGs
[2023-10-15 16:26:14,663] {logging_mixin.py:109} INFO - [2023-10-15 16:26:14,662] {dag.py:2935} INFO - Setting next_dagrun for example_trigger_target_dag to None
[2023-10-15 16:26:14,670] {processor.py:171} INFO - Processing /Users/namyoung/Desktop/myprj/airflow/airflow/lib/python3.7/site-packages/airflow/example_dags/example_trigger_target_dag.py took 0.040 seconds
[2023-10-15 17:57:20,492] {processor.py:163} INFO - Started process (PID=27458) to work on /Users/namyoung/Desktop/myprj/airflow/airflow/lib/python3.7/site-packages/airflow/example_dags/example_trigger_target_dag.py
[2023-10-15 17:57:20,493] {processor.py:642} INFO - Processing file /Users/namyoung/Desktop/myprj/airflow/airflow/lib/python3.7/site-packages/airflow/example_dags/example_trigger_target_dag.py for tasks to queue
[2023-10-15 17:57:20,494] {logging_mixin.py:109} INFO - [2023-10-15 17:57:20,493] {dagbag.py:500} INFO - Filling up the DagBag from /Users/namyoung/Desktop/myprj/airflow/airflow/lib/python3.7/site-packages/airflow/example_dags/example_trigger_target_dag.py
[2023-10-15 17:57:20,509] {processor.py:654} INFO - DAG(s) dict_keys(['example_trigger_target_dag']) retrieved from /Users/namyoung/Desktop/myprj/airflow/airflow/lib/python3.7/site-packages/airflow/example_dags/example_trigger_target_dag.py
[2023-10-15 17:57:20,515] {logging_mixin.py:109} INFO - [2023-10-15 17:57:20,514] {dag.py:2396} INFO - Sync 1 DAGs
[2023-10-15 17:57:20,522] {logging_mixin.py:109} INFO - [2023-10-15 17:57:20,521] {dag.py:2935} INFO - Setting next_dagrun for example_trigger_target_dag to None
[2023-10-15 17:57:20,529] {processor.py:171} INFO - Processing /Users/namyoung/Desktop/myprj/airflow/airflow/lib/python3.7/site-packages/airflow/example_dags/example_trigger_target_dag.py took 0.039 seconds
[2023-10-15 19:21:14,229] {processor.py:163} INFO - Started process (PID=27671) to work on /Users/namyoung/Desktop/myprj/airflow/airflow/lib/python3.7/site-packages/airflow/example_dags/example_trigger_target_dag.py
[2023-10-15 19:21:14,231] {processor.py:642} INFO - Processing file /Users/namyoung/Desktop/myprj/airflow/airflow/lib/python3.7/site-packages/airflow/example_dags/example_trigger_target_dag.py for tasks to queue
[2023-10-15 19:21:14,232] {logging_mixin.py:109} INFO - [2023-10-15 19:21:14,232] {dagbag.py:500} INFO - Filling up the DagBag from /Users/namyoung/Desktop/myprj/airflow/airflow/lib/python3.7/site-packages/airflow/example_dags/example_trigger_target_dag.py
[2023-10-15 19:21:14,263] {processor.py:654} INFO - DAG(s) dict_keys(['example_trigger_target_dag']) retrieved from /Users/namyoung/Desktop/myprj/airflow/airflow/lib/python3.7/site-packages/airflow/example_dags/example_trigger_target_dag.py
[2023-10-15 19:21:14,271] {logging_mixin.py:109} INFO - [2023-10-15 19:21:14,271] {dag.py:2396} INFO - Sync 1 DAGs
[2023-10-15 19:21:14,280] {logging_mixin.py:109} INFO - [2023-10-15 19:21:14,280] {dag.py:2935} INFO - Setting next_dagrun for example_trigger_target_dag to None
[2023-10-15 19:21:14,286] {processor.py:171} INFO - Processing /Users/namyoung/Desktop/myprj/airflow/airflow/lib/python3.7/site-packages/airflow/example_dags/example_trigger_target_dag.py took 0.061 seconds
[2023-10-15 20:58:27,895] {processor.py:163} INFO - Started process (PID=27851) to work on /Users/namyoung/Desktop/myprj/airflow/airflow/lib/python3.7/site-packages/airflow/example_dags/example_trigger_target_dag.py
[2023-10-15 20:58:27,897] {processor.py:642} INFO - Processing file /Users/namyoung/Desktop/myprj/airflow/airflow/lib/python3.7/site-packages/airflow/example_dags/example_trigger_target_dag.py for tasks to queue
[2023-10-15 20:58:27,899] {logging_mixin.py:109} INFO - [2023-10-15 20:58:27,898] {dagbag.py:500} INFO - Filling up the DagBag from /Users/namyoung/Desktop/myprj/airflow/airflow/lib/python3.7/site-packages/airflow/example_dags/example_trigger_target_dag.py
[2023-10-15 20:58:27,928] {processor.py:654} INFO - DAG(s) dict_keys(['example_trigger_target_dag']) retrieved from /Users/namyoung/Desktop/myprj/airflow/airflow/lib/python3.7/site-packages/airflow/example_dags/example_trigger_target_dag.py
[2023-10-15 20:58:27,937] {logging_mixin.py:109} INFO - [2023-10-15 20:58:27,936] {dag.py:2396} INFO - Sync 1 DAGs
[2023-10-15 20:58:27,945] {logging_mixin.py:109} INFO - [2023-10-15 20:58:27,945] {dag.py:2935} INFO - Setting next_dagrun for example_trigger_target_dag to None
[2023-10-15 20:58:27,950] {processor.py:171} INFO - Processing /Users/namyoung/Desktop/myprj/airflow/airflow/lib/python3.7/site-packages/airflow/example_dags/example_trigger_target_dag.py took 0.061 seconds
[2023-10-15 22:36:45,267] {processor.py:163} INFO - Started process (PID=28049) to work on /Users/namyoung/Desktop/myprj/airflow/airflow/lib/python3.7/site-packages/airflow/example_dags/example_trigger_target_dag.py
[2023-10-15 22:36:45,268] {processor.py:642} INFO - Processing file /Users/namyoung/Desktop/myprj/airflow/airflow/lib/python3.7/site-packages/airflow/example_dags/example_trigger_target_dag.py for tasks to queue
[2023-10-15 22:36:45,269] {logging_mixin.py:109} INFO - [2023-10-15 22:36:45,269] {dagbag.py:500} INFO - Filling up the DagBag from /Users/namyoung/Desktop/myprj/airflow/airflow/lib/python3.7/site-packages/airflow/example_dags/example_trigger_target_dag.py
[2023-10-15 22:36:45,285] {processor.py:654} INFO - DAG(s) dict_keys(['example_trigger_target_dag']) retrieved from /Users/namyoung/Desktop/myprj/airflow/airflow/lib/python3.7/site-packages/airflow/example_dags/example_trigger_target_dag.py
[2023-10-15 22:36:45,291] {logging_mixin.py:109} INFO - [2023-10-15 22:36:45,291] {dag.py:2396} INFO - Sync 1 DAGs
[2023-10-15 22:36:45,298] {logging_mixin.py:109} INFO - [2023-10-15 22:36:45,298] {dag.py:2935} INFO - Setting next_dagrun for example_trigger_target_dag to None
[2023-10-15 22:36:45,304] {processor.py:171} INFO - Processing /Users/namyoung/Desktop/myprj/airflow/airflow/lib/python3.7/site-packages/airflow/example_dags/example_trigger_target_dag.py took 0.042 seconds
[2023-10-16 00:30:54,215] {processor.py:163} INFO - Started process (PID=28266) to work on /Users/namyoung/Desktop/myprj/airflow/airflow/lib/python3.7/site-packages/airflow/example_dags/example_trigger_target_dag.py
[2023-10-16 00:30:54,217] {processor.py:642} INFO - Processing file /Users/namyoung/Desktop/myprj/airflow/airflow/lib/python3.7/site-packages/airflow/example_dags/example_trigger_target_dag.py for tasks to queue
[2023-10-16 00:30:54,218] {logging_mixin.py:109} INFO - [2023-10-16 00:30:54,218] {dagbag.py:500} INFO - Filling up the DagBag from /Users/namyoung/Desktop/myprj/airflow/airflow/lib/python3.7/site-packages/airflow/example_dags/example_trigger_target_dag.py
[2023-10-16 00:30:54,243] {processor.py:654} INFO - DAG(s) dict_keys(['example_trigger_target_dag']) retrieved from /Users/namyoung/Desktop/myprj/airflow/airflow/lib/python3.7/site-packages/airflow/example_dags/example_trigger_target_dag.py
[2023-10-16 00:30:54,252] {logging_mixin.py:109} INFO - [2023-10-16 00:30:54,252] {dag.py:2396} INFO - Sync 1 DAGs
[2023-10-16 00:30:54,263] {logging_mixin.py:109} INFO - [2023-10-16 00:30:54,262] {dag.py:2935} INFO - Setting next_dagrun for example_trigger_target_dag to None
[2023-10-16 00:30:54,278] {processor.py:171} INFO - Processing /Users/namyoung/Desktop/myprj/airflow/airflow/lib/python3.7/site-packages/airflow/example_dags/example_trigger_target_dag.py took 0.067 seconds
[2023-10-16 02:10:19,308] {processor.py:163} INFO - Started process (PID=28521) to work on /Users/namyoung/Desktop/myprj/airflow/airflow/lib/python3.7/site-packages/airflow/example_dags/example_trigger_target_dag.py
[2023-10-16 02:10:19,309] {processor.py:642} INFO - Processing file /Users/namyoung/Desktop/myprj/airflow/airflow/lib/python3.7/site-packages/airflow/example_dags/example_trigger_target_dag.py for tasks to queue
[2023-10-16 02:10:19,310] {logging_mixin.py:109} INFO - [2023-10-16 02:10:19,309] {dagbag.py:500} INFO - Filling up the DagBag from /Users/namyoung/Desktop/myprj/airflow/airflow/lib/python3.7/site-packages/airflow/example_dags/example_trigger_target_dag.py
[2023-10-16 02:10:19,324] {processor.py:654} INFO - DAG(s) dict_keys(['example_trigger_target_dag']) retrieved from /Users/namyoung/Desktop/myprj/airflow/airflow/lib/python3.7/site-packages/airflow/example_dags/example_trigger_target_dag.py
[2023-10-16 02:10:19,329] {logging_mixin.py:109} INFO - [2023-10-16 02:10:19,329] {dag.py:2396} INFO - Sync 1 DAGs
[2023-10-16 02:10:19,336] {logging_mixin.py:109} INFO - [2023-10-16 02:10:19,336] {dag.py:2935} INFO - Setting next_dagrun for example_trigger_target_dag to None
[2023-10-16 02:10:19,342] {processor.py:171} INFO - Processing /Users/namyoung/Desktop/myprj/airflow/airflow/lib/python3.7/site-packages/airflow/example_dags/example_trigger_target_dag.py took 0.035 seconds
[2023-10-16 03:34:48,027] {processor.py:163} INFO - Started process (PID=28653) to work on /Users/namyoung/Desktop/myprj/airflow/airflow/lib/python3.7/site-packages/airflow/example_dags/example_trigger_target_dag.py
[2023-10-16 03:34:48,029] {processor.py:642} INFO - Processing file /Users/namyoung/Desktop/myprj/airflow/airflow/lib/python3.7/site-packages/airflow/example_dags/example_trigger_target_dag.py for tasks to queue
[2023-10-16 03:34:48,030] {logging_mixin.py:109} INFO - [2023-10-16 03:34:48,030] {dagbag.py:500} INFO - Filling up the DagBag from /Users/namyoung/Desktop/myprj/airflow/airflow/lib/python3.7/site-packages/airflow/example_dags/example_trigger_target_dag.py
[2023-10-16 03:34:48,059] {processor.py:654} INFO - DAG(s) dict_keys(['example_trigger_target_dag']) retrieved from /Users/namyoung/Desktop/myprj/airflow/airflow/lib/python3.7/site-packages/airflow/example_dags/example_trigger_target_dag.py
[2023-10-16 03:34:48,070] {logging_mixin.py:109} INFO - [2023-10-16 03:34:48,070] {dag.py:2396} INFO - Sync 1 DAGs
[2023-10-16 03:34:48,080] {logging_mixin.py:109} INFO - [2023-10-16 03:34:48,080] {dag.py:2935} INFO - Setting next_dagrun for example_trigger_target_dag to None
[2023-10-16 03:34:48,086] {processor.py:171} INFO - Processing /Users/namyoung/Desktop/myprj/airflow/airflow/lib/python3.7/site-packages/airflow/example_dags/example_trigger_target_dag.py took 0.065 seconds
[2023-10-16 04:56:24,182] {processor.py:163} INFO - Started process (PID=28894) to work on /Users/namyoung/Desktop/myprj/airflow/airflow/lib/python3.7/site-packages/airflow/example_dags/example_trigger_target_dag.py
[2023-10-16 04:56:24,183] {processor.py:642} INFO - Processing file /Users/namyoung/Desktop/myprj/airflow/airflow/lib/python3.7/site-packages/airflow/example_dags/example_trigger_target_dag.py for tasks to queue
[2023-10-16 04:56:24,183] {logging_mixin.py:109} INFO - [2023-10-16 04:56:24,183] {dagbag.py:500} INFO - Filling up the DagBag from /Users/namyoung/Desktop/myprj/airflow/airflow/lib/python3.7/site-packages/airflow/example_dags/example_trigger_target_dag.py
[2023-10-16 04:56:24,202] {processor.py:654} INFO - DAG(s) dict_keys(['example_trigger_target_dag']) retrieved from /Users/namyoung/Desktop/myprj/airflow/airflow/lib/python3.7/site-packages/airflow/example_dags/example_trigger_target_dag.py
[2023-10-16 04:56:24,211] {logging_mixin.py:109} INFO - [2023-10-16 04:56:24,210] {dag.py:2396} INFO - Sync 1 DAGs
[2023-10-16 04:56:24,220] {logging_mixin.py:109} INFO - [2023-10-16 04:56:24,220] {dag.py:2935} INFO - Setting next_dagrun for example_trigger_target_dag to None
[2023-10-16 04:56:24,227] {processor.py:171} INFO - Processing /Users/namyoung/Desktop/myprj/airflow/airflow/lib/python3.7/site-packages/airflow/example_dags/example_trigger_target_dag.py took 0.048 seconds
[2023-10-16 06:34:47,219] {processor.py:163} INFO - Started process (PID=29035) to work on /Users/namyoung/Desktop/myprj/airflow/airflow/lib/python3.7/site-packages/airflow/example_dags/example_trigger_target_dag.py
[2023-10-16 06:34:47,221] {processor.py:642} INFO - Processing file /Users/namyoung/Desktop/myprj/airflow/airflow/lib/python3.7/site-packages/airflow/example_dags/example_trigger_target_dag.py for tasks to queue
[2023-10-16 06:34:47,222] {logging_mixin.py:109} INFO - [2023-10-16 06:34:47,222] {dagbag.py:500} INFO - Filling up the DagBag from /Users/namyoung/Desktop/myprj/airflow/airflow/lib/python3.7/site-packages/airflow/example_dags/example_trigger_target_dag.py
[2023-10-16 06:34:47,245] {processor.py:654} INFO - DAG(s) dict_keys(['example_trigger_target_dag']) retrieved from /Users/namyoung/Desktop/myprj/airflow/airflow/lib/python3.7/site-packages/airflow/example_dags/example_trigger_target_dag.py
[2023-10-16 06:34:47,251] {logging_mixin.py:109} INFO - [2023-10-16 06:34:47,251] {dag.py:2396} INFO - Sync 1 DAGs
[2023-10-16 06:34:47,259] {logging_mixin.py:109} INFO - [2023-10-16 06:34:47,258] {dag.py:2935} INFO - Setting next_dagrun for example_trigger_target_dag to None
[2023-10-16 06:34:47,264] {processor.py:171} INFO - Processing /Users/namyoung/Desktop/myprj/airflow/airflow/lib/python3.7/site-packages/airflow/example_dags/example_trigger_target_dag.py took 0.050 seconds
[2023-10-16 08:13:40,590] {processor.py:163} INFO - Started process (PID=29299) to work on /Users/namyoung/Desktop/myprj/airflow/airflow/lib/python3.7/site-packages/airflow/example_dags/example_trigger_target_dag.py
[2023-10-16 08:13:40,592] {processor.py:642} INFO - Processing file /Users/namyoung/Desktop/myprj/airflow/airflow/lib/python3.7/site-packages/airflow/example_dags/example_trigger_target_dag.py for tasks to queue
[2023-10-16 08:13:40,593] {logging_mixin.py:109} INFO - [2023-10-16 08:13:40,593] {dagbag.py:500} INFO - Filling up the DagBag from /Users/namyoung/Desktop/myprj/airflow/airflow/lib/python3.7/site-packages/airflow/example_dags/example_trigger_target_dag.py
[2023-10-16 08:13:40,622] {processor.py:654} INFO - DAG(s) dict_keys(['example_trigger_target_dag']) retrieved from /Users/namyoung/Desktop/myprj/airflow/airflow/lib/python3.7/site-packages/airflow/example_dags/example_trigger_target_dag.py
[2023-10-16 08:13:40,630] {logging_mixin.py:109} INFO - [2023-10-16 08:13:40,630] {dag.py:2396} INFO - Sync 1 DAGs
[2023-10-16 08:13:40,638] {logging_mixin.py:109} INFO - [2023-10-16 08:13:40,638] {dag.py:2935} INFO - Setting next_dagrun for example_trigger_target_dag to None
[2023-10-16 08:13:40,643] {processor.py:171} INFO - Processing /Users/namyoung/Desktop/myprj/airflow/airflow/lib/python3.7/site-packages/airflow/example_dags/example_trigger_target_dag.py took 0.059 seconds
