[2023-10-15 10:00:53,945] {processor.py:163} INFO - Started process (PID=26420) to work on /Users/namyoung/Desktop/myprj/airflow/airflow/lib/python3.7/site-packages/airflow/example_dags/example_sla_dag.py
[2023-10-15 10:00:53,946] {processor.py:642} INFO - Processing file /Users/namyoung/Desktop/myprj/airflow/airflow/lib/python3.7/site-packages/airflow/example_dags/example_sla_dag.py for tasks to queue
[2023-10-15 10:00:53,946] {logging_mixin.py:109} INFO - [2023-10-15 10:00:53,946] {dagbag.py:500} INFO - Filling up the DagBag from /Users/namyoung/Desktop/myprj/airflow/airflow/lib/python3.7/site-packages/airflow/example_dags/example_sla_dag.py
[2023-10-15 10:00:53,960] {processor.py:654} INFO - DAG(s) dict_keys(['example_sla_dag']) retrieved from /Users/namyoung/Desktop/myprj/airflow/airflow/lib/python3.7/site-packages/airflow/example_dags/example_sla_dag.py
[2023-10-15 10:00:53,966] {logging_mixin.py:109} INFO - [2023-10-15 10:00:53,966] {dag.py:2396} INFO - Sync 1 DAGs
[2023-10-15 10:00:53,976] {logging_mixin.py:109} INFO - [2023-10-15 10:00:53,976] {dag.py:2935} INFO - Setting next_dagrun for example_sla_dag to 2023-10-15T00:58:00+00:00
[2023-10-15 10:00:53,982] {processor.py:171} INFO - Processing /Users/namyoung/Desktop/myprj/airflow/airflow/lib/python3.7/site-packages/airflow/example_dags/example_sla_dag.py took 0.039 seconds
[2023-10-15 11:40:03,566] {processor.py:163} INFO - Started process (PID=26667) to work on /Users/namyoung/Desktop/myprj/airflow/airflow/lib/python3.7/site-packages/airflow/example_dags/example_sla_dag.py
[2023-10-15 11:40:03,567] {processor.py:642} INFO - Processing file /Users/namyoung/Desktop/myprj/airflow/airflow/lib/python3.7/site-packages/airflow/example_dags/example_sla_dag.py for tasks to queue
[2023-10-15 11:40:03,568] {logging_mixin.py:109} INFO - [2023-10-15 11:40:03,568] {dagbag.py:500} INFO - Filling up the DagBag from /Users/namyoung/Desktop/myprj/airflow/airflow/lib/python3.7/site-packages/airflow/example_dags/example_sla_dag.py
[2023-10-15 11:40:03,590] {processor.py:654} INFO - DAG(s) dict_keys(['example_sla_dag']) retrieved from /Users/namyoung/Desktop/myprj/airflow/airflow/lib/python3.7/site-packages/airflow/example_dags/example_sla_dag.py
[2023-10-15 11:40:03,597] {logging_mixin.py:109} INFO - [2023-10-15 11:40:03,596] {dag.py:2396} INFO - Sync 1 DAGs
[2023-10-15 11:40:03,609] {logging_mixin.py:109} INFO - [2023-10-15 11:40:03,608] {dag.py:2935} INFO - Setting next_dagrun for example_sla_dag to 2023-10-15T02:38:00+00:00
[2023-10-15 11:40:03,619] {processor.py:171} INFO - Processing /Users/namyoung/Desktop/myprj/airflow/airflow/lib/python3.7/site-packages/airflow/example_dags/example_sla_dag.py took 0.056 seconds
[2023-10-15 13:22:30,472] {processor.py:163} INFO - Started process (PID=26938) to work on /Users/namyoung/Desktop/myprj/airflow/airflow/lib/python3.7/site-packages/airflow/example_dags/example_sla_dag.py
[2023-10-15 13:22:30,473] {processor.py:642} INFO - Processing file /Users/namyoung/Desktop/myprj/airflow/airflow/lib/python3.7/site-packages/airflow/example_dags/example_sla_dag.py for tasks to queue
[2023-10-15 13:22:30,473] {logging_mixin.py:109} INFO - [2023-10-15 13:22:30,473] {dagbag.py:500} INFO - Filling up the DagBag from /Users/namyoung/Desktop/myprj/airflow/airflow/lib/python3.7/site-packages/airflow/example_dags/example_sla_dag.py
[2023-10-15 13:22:30,487] {processor.py:654} INFO - DAG(s) dict_keys(['example_sla_dag']) retrieved from /Users/namyoung/Desktop/myprj/airflow/airflow/lib/python3.7/site-packages/airflow/example_dags/example_sla_dag.py
[2023-10-15 13:22:30,493] {logging_mixin.py:109} INFO - [2023-10-15 13:22:30,493] {dag.py:2396} INFO - Sync 1 DAGs
[2023-10-15 13:22:30,501] {logging_mixin.py:109} INFO - [2023-10-15 13:22:30,501] {dag.py:2935} INFO - Setting next_dagrun for example_sla_dag to 2023-10-15T04:20:00+00:00
[2023-10-15 13:22:30,507] {processor.py:171} INFO - Processing /Users/namyoung/Desktop/myprj/airflow/airflow/lib/python3.7/site-packages/airflow/example_dags/example_sla_dag.py took 0.037 seconds
[2023-10-15 15:04:22,668] {processor.py:163} INFO - Started process (PID=27088) to work on /Users/namyoung/Desktop/myprj/airflow/airflow/lib/python3.7/site-packages/airflow/example_dags/example_sla_dag.py
[2023-10-15 15:04:22,669] {processor.py:642} INFO - Processing file /Users/namyoung/Desktop/myprj/airflow/airflow/lib/python3.7/site-packages/airflow/example_dags/example_sla_dag.py for tasks to queue
[2023-10-15 15:04:22,670] {logging_mixin.py:109} INFO - [2023-10-15 15:04:22,670] {dagbag.py:500} INFO - Filling up the DagBag from /Users/namyoung/Desktop/myprj/airflow/airflow/lib/python3.7/site-packages/airflow/example_dags/example_sla_dag.py
[2023-10-15 15:04:22,692] {processor.py:654} INFO - DAG(s) dict_keys(['example_sla_dag']) retrieved from /Users/namyoung/Desktop/myprj/airflow/airflow/lib/python3.7/site-packages/airflow/example_dags/example_sla_dag.py
[2023-10-15 15:04:22,698] {logging_mixin.py:109} INFO - [2023-10-15 15:04:22,698] {dag.py:2396} INFO - Sync 1 DAGs
[2023-10-15 15:04:22,707] {logging_mixin.py:109} INFO - [2023-10-15 15:04:22,706] {dag.py:2935} INFO - Setting next_dagrun for example_sla_dag to 2023-10-15T06:02:00+00:00
[2023-10-15 15:04:22,712] {processor.py:171} INFO - Processing /Users/namyoung/Desktop/myprj/airflow/airflow/lib/python3.7/site-packages/airflow/example_dags/example_sla_dag.py took 0.049 seconds
[2023-10-15 16:41:19,712] {processor.py:163} INFO - Started process (PID=27348) to work on /Users/namyoung/Desktop/myprj/airflow/airflow/lib/python3.7/site-packages/airflow/example_dags/example_sla_dag.py
[2023-10-15 16:41:19,713] {processor.py:642} INFO - Processing file /Users/namyoung/Desktop/myprj/airflow/airflow/lib/python3.7/site-packages/airflow/example_dags/example_sla_dag.py for tasks to queue
[2023-10-15 16:41:19,713] {logging_mixin.py:109} INFO - [2023-10-15 16:41:19,713] {dagbag.py:500} INFO - Filling up the DagBag from /Users/namyoung/Desktop/myprj/airflow/airflow/lib/python3.7/site-packages/airflow/example_dags/example_sla_dag.py
[2023-10-15 16:41:19,730] {processor.py:654} INFO - DAG(s) dict_keys(['example_sla_dag']) retrieved from /Users/namyoung/Desktop/myprj/airflow/airflow/lib/python3.7/site-packages/airflow/example_dags/example_sla_dag.py
[2023-10-15 16:41:19,736] {logging_mixin.py:109} INFO - [2023-10-15 16:41:19,736] {dag.py:2396} INFO - Sync 1 DAGs
[2023-10-15 16:41:19,745] {logging_mixin.py:109} INFO - [2023-10-15 16:41:19,744] {dag.py:2935} INFO - Setting next_dagrun for example_sla_dag to 2023-10-15T07:38:00+00:00
[2023-10-15 16:41:19,750] {processor.py:171} INFO - Processing /Users/namyoung/Desktop/myprj/airflow/airflow/lib/python3.7/site-packages/airflow/example_dags/example_sla_dag.py took 0.041 seconds
[2023-10-15 18:15:02,261] {processor.py:163} INFO - Started process (PID=27478) to work on /Users/namyoung/Desktop/myprj/airflow/airflow/lib/python3.7/site-packages/airflow/example_dags/example_sla_dag.py
[2023-10-15 18:15:02,262] {processor.py:642} INFO - Processing file /Users/namyoung/Desktop/myprj/airflow/airflow/lib/python3.7/site-packages/airflow/example_dags/example_sla_dag.py for tasks to queue
[2023-10-15 18:15:02,263] {logging_mixin.py:109} INFO - [2023-10-15 18:15:02,263] {dagbag.py:500} INFO - Filling up the DagBag from /Users/namyoung/Desktop/myprj/airflow/airflow/lib/python3.7/site-packages/airflow/example_dags/example_sla_dag.py
[2023-10-15 18:15:02,286] {processor.py:654} INFO - DAG(s) dict_keys(['example_sla_dag']) retrieved from /Users/namyoung/Desktop/myprj/airflow/airflow/lib/python3.7/site-packages/airflow/example_dags/example_sla_dag.py
[2023-10-15 18:15:02,295] {logging_mixin.py:109} INFO - [2023-10-15 18:15:02,295] {dag.py:2396} INFO - Sync 1 DAGs
[2023-10-15 18:15:02,306] {logging_mixin.py:109} INFO - [2023-10-15 18:15:02,306] {dag.py:2935} INFO - Setting next_dagrun for example_sla_dag to 2023-10-15T09:12:00+00:00
[2023-10-15 18:15:02,323] {processor.py:171} INFO - Processing /Users/namyoung/Desktop/myprj/airflow/airflow/lib/python3.7/site-packages/airflow/example_dags/example_sla_dag.py took 0.067 seconds
[2023-10-15 19:37:34,133] {processor.py:163} INFO - Started process (PID=27734) to work on /Users/namyoung/Desktop/myprj/airflow/airflow/lib/python3.7/site-packages/airflow/example_dags/example_sla_dag.py
[2023-10-15 19:37:34,135] {processor.py:642} INFO - Processing file /Users/namyoung/Desktop/myprj/airflow/airflow/lib/python3.7/site-packages/airflow/example_dags/example_sla_dag.py for tasks to queue
[2023-10-15 19:37:34,136] {logging_mixin.py:109} INFO - [2023-10-15 19:37:34,136] {dagbag.py:500} INFO - Filling up the DagBag from /Users/namyoung/Desktop/myprj/airflow/airflow/lib/python3.7/site-packages/airflow/example_dags/example_sla_dag.py
[2023-10-15 19:37:34,164] {processor.py:654} INFO - DAG(s) dict_keys(['example_sla_dag']) retrieved from /Users/namyoung/Desktop/myprj/airflow/airflow/lib/python3.7/site-packages/airflow/example_dags/example_sla_dag.py
[2023-10-15 19:37:34,172] {logging_mixin.py:109} INFO - [2023-10-15 19:37:34,172] {dag.py:2396} INFO - Sync 1 DAGs
[2023-10-15 19:37:34,182] {logging_mixin.py:109} INFO - [2023-10-15 19:37:34,181] {dag.py:2935} INFO - Setting next_dagrun for example_sla_dag to 2023-10-15T10:34:00+00:00
[2023-10-15 19:37:34,187] {processor.py:171} INFO - Processing /Users/namyoung/Desktop/myprj/airflow/airflow/lib/python3.7/site-packages/airflow/example_dags/example_sla_dag.py took 0.060 seconds
[2023-10-15 21:15:22,831] {processor.py:163} INFO - Started process (PID=27874) to work on /Users/namyoung/Desktop/myprj/airflow/airflow/lib/python3.7/site-packages/airflow/example_dags/example_sla_dag.py
[2023-10-15 21:15:22,833] {processor.py:642} INFO - Processing file /Users/namyoung/Desktop/myprj/airflow/airflow/lib/python3.7/site-packages/airflow/example_dags/example_sla_dag.py for tasks to queue
[2023-10-15 21:15:22,834] {logging_mixin.py:109} INFO - [2023-10-15 21:15:22,834] {dagbag.py:500} INFO - Filling up the DagBag from /Users/namyoung/Desktop/myprj/airflow/airflow/lib/python3.7/site-packages/airflow/example_dags/example_sla_dag.py
[2023-10-15 21:15:22,865] {processor.py:654} INFO - DAG(s) dict_keys(['example_sla_dag']) retrieved from /Users/namyoung/Desktop/myprj/airflow/airflow/lib/python3.7/site-packages/airflow/example_dags/example_sla_dag.py
[2023-10-15 21:15:22,875] {logging_mixin.py:109} INFO - [2023-10-15 21:15:22,874] {dag.py:2396} INFO - Sync 1 DAGs
[2023-10-15 21:15:22,886] {logging_mixin.py:109} INFO - [2023-10-15 21:15:22,885] {dag.py:2935} INFO - Setting next_dagrun for example_sla_dag to 2023-10-15T12:12:00+00:00
[2023-10-15 21:15:22,892] {processor.py:171} INFO - Processing /Users/namyoung/Desktop/myprj/airflow/airflow/lib/python3.7/site-packages/airflow/example_dags/example_sla_dag.py took 0.067 seconds
[2023-10-15 23:07:40,177] {processor.py:163} INFO - Started process (PID=28142) to work on /Users/namyoung/Desktop/myprj/airflow/airflow/lib/python3.7/site-packages/airflow/example_dags/example_sla_dag.py
[2023-10-15 23:07:40,178] {processor.py:642} INFO - Processing file /Users/namyoung/Desktop/myprj/airflow/airflow/lib/python3.7/site-packages/airflow/example_dags/example_sla_dag.py for tasks to queue
[2023-10-15 23:07:40,179] {logging_mixin.py:109} INFO - [2023-10-15 23:07:40,179] {dagbag.py:500} INFO - Filling up the DagBag from /Users/namyoung/Desktop/myprj/airflow/airflow/lib/python3.7/site-packages/airflow/example_dags/example_sla_dag.py
[2023-10-15 23:07:40,204] {processor.py:654} INFO - DAG(s) dict_keys(['example_sla_dag']) retrieved from /Users/namyoung/Desktop/myprj/airflow/airflow/lib/python3.7/site-packages/airflow/example_dags/example_sla_dag.py
[2023-10-15 23:07:40,213] {logging_mixin.py:109} INFO - [2023-10-15 23:07:40,212] {dag.py:2396} INFO - Sync 1 DAGs
[2023-10-15 23:07:40,224] {logging_mixin.py:109} INFO - [2023-10-15 23:07:40,223] {dag.py:2935} INFO - Setting next_dagrun for example_sla_dag to 2023-10-15T14:04:00+00:00
[2023-10-15 23:07:40,237] {processor.py:171} INFO - Processing /Users/namyoung/Desktop/myprj/airflow/airflow/lib/python3.7/site-packages/airflow/example_dags/example_sla_dag.py took 0.065 seconds
[2023-10-16 00:48:37,372] {processor.py:163} INFO - Started process (PID=28294) to work on /Users/namyoung/Desktop/myprj/airflow/airflow/lib/python3.7/site-packages/airflow/example_dags/example_sla_dag.py
[2023-10-16 00:48:37,373] {processor.py:642} INFO - Processing file /Users/namyoung/Desktop/myprj/airflow/airflow/lib/python3.7/site-packages/airflow/example_dags/example_sla_dag.py for tasks to queue
[2023-10-16 00:48:37,374] {logging_mixin.py:109} INFO - [2023-10-16 00:48:37,374] {dagbag.py:500} INFO - Filling up the DagBag from /Users/namyoung/Desktop/myprj/airflow/airflow/lib/python3.7/site-packages/airflow/example_dags/example_sla_dag.py
[2023-10-16 00:48:37,388] {processor.py:654} INFO - DAG(s) dict_keys(['example_sla_dag']) retrieved from /Users/namyoung/Desktop/myprj/airflow/airflow/lib/python3.7/site-packages/airflow/example_dags/example_sla_dag.py
[2023-10-16 00:48:37,394] {logging_mixin.py:109} INFO - [2023-10-16 00:48:37,394] {dag.py:2396} INFO - Sync 1 DAGs
[2023-10-16 00:48:37,403] {logging_mixin.py:109} INFO - [2023-10-16 00:48:37,403] {dag.py:2935} INFO - Setting next_dagrun for example_sla_dag to 2023-10-15T15:46:00+00:00
[2023-10-16 00:48:37,409] {processor.py:171} INFO - Processing /Users/namyoung/Desktop/myprj/airflow/airflow/lib/python3.7/site-packages/airflow/example_dags/example_sla_dag.py took 0.039 seconds
[2023-10-16 02:28:05,237] {processor.py:163} INFO - Started process (PID=28551) to work on /Users/namyoung/Desktop/myprj/airflow/airflow/lib/python3.7/site-packages/airflow/example_dags/example_sla_dag.py
[2023-10-16 02:28:05,238] {processor.py:642} INFO - Processing file /Users/namyoung/Desktop/myprj/airflow/airflow/lib/python3.7/site-packages/airflow/example_dags/example_sla_dag.py for tasks to queue
[2023-10-16 02:28:05,239] {logging_mixin.py:109} INFO - [2023-10-16 02:28:05,239] {dagbag.py:500} INFO - Filling up the DagBag from /Users/namyoung/Desktop/myprj/airflow/airflow/lib/python3.7/site-packages/airflow/example_dags/example_sla_dag.py
[2023-10-16 02:28:05,260] {processor.py:654} INFO - DAG(s) dict_keys(['example_sla_dag']) retrieved from /Users/namyoung/Desktop/myprj/airflow/airflow/lib/python3.7/site-packages/airflow/example_dags/example_sla_dag.py
[2023-10-16 02:28:05,268] {logging_mixin.py:109} INFO - [2023-10-16 02:28:05,268] {dag.py:2396} INFO - Sync 1 DAGs
[2023-10-16 02:28:05,279] {logging_mixin.py:109} INFO - [2023-10-16 02:28:05,279] {dag.py:2935} INFO - Setting next_dagrun for example_sla_dag to 2023-10-15T17:26:00+00:00
[2023-10-16 02:28:05,287] {processor.py:171} INFO - Processing /Users/namyoung/Desktop/myprj/airflow/airflow/lib/python3.7/site-packages/airflow/example_dags/example_sla_dag.py took 0.054 seconds
[2023-10-16 03:51:21,307] {processor.py:163} INFO - Started process (PID=28679) to work on /Users/namyoung/Desktop/myprj/airflow/airflow/lib/python3.7/site-packages/airflow/example_dags/example_sla_dag.py
[2023-10-16 03:51:21,308] {processor.py:642} INFO - Processing file /Users/namyoung/Desktop/myprj/airflow/airflow/lib/python3.7/site-packages/airflow/example_dags/example_sla_dag.py for tasks to queue
[2023-10-16 03:51:21,309] {logging_mixin.py:109} INFO - [2023-10-16 03:51:21,309] {dagbag.py:500} INFO - Filling up the DagBag from /Users/namyoung/Desktop/myprj/airflow/airflow/lib/python3.7/site-packages/airflow/example_dags/example_sla_dag.py
[2023-10-16 03:51:21,326] {processor.py:654} INFO - DAG(s) dict_keys(['example_sla_dag']) retrieved from /Users/namyoung/Desktop/myprj/airflow/airflow/lib/python3.7/site-packages/airflow/example_dags/example_sla_dag.py
[2023-10-16 03:51:21,332] {logging_mixin.py:109} INFO - [2023-10-16 03:51:21,332] {dag.py:2396} INFO - Sync 1 DAGs
[2023-10-16 03:51:21,340] {logging_mixin.py:109} INFO - [2023-10-16 03:51:21,340] {dag.py:2935} INFO - Setting next_dagrun for example_sla_dag to 2023-10-15T18:48:00+00:00
[2023-10-16 03:51:21,345] {processor.py:171} INFO - Processing /Users/namyoung/Desktop/myprj/airflow/airflow/lib/python3.7/site-packages/airflow/example_dags/example_sla_dag.py took 0.040 seconds
[2023-10-16 05:11:42,128] {processor.py:163} INFO - Started process (PID=28919) to work on /Users/namyoung/Desktop/myprj/airflow/airflow/lib/python3.7/site-packages/airflow/example_dags/example_sla_dag.py
[2023-10-16 05:11:42,129] {processor.py:642} INFO - Processing file /Users/namyoung/Desktop/myprj/airflow/airflow/lib/python3.7/site-packages/airflow/example_dags/example_sla_dag.py for tasks to queue
[2023-10-16 05:11:42,131] {logging_mixin.py:109} INFO - [2023-10-16 05:11:42,130] {dagbag.py:500} INFO - Filling up the DagBag from /Users/namyoung/Desktop/myprj/airflow/airflow/lib/python3.7/site-packages/airflow/example_dags/example_sla_dag.py
[2023-10-16 05:11:42,154] {processor.py:654} INFO - DAG(s) dict_keys(['example_sla_dag']) retrieved from /Users/namyoung/Desktop/myprj/airflow/airflow/lib/python3.7/site-packages/airflow/example_dags/example_sla_dag.py
[2023-10-16 05:11:42,164] {logging_mixin.py:109} INFO - [2023-10-16 05:11:42,163] {dag.py:2396} INFO - Sync 1 DAGs
[2023-10-16 05:11:42,175] {logging_mixin.py:109} INFO - [2023-10-16 05:11:42,175] {dag.py:2935} INFO - Setting next_dagrun for example_sla_dag to 2023-10-15T20:08:00+00:00
[2023-10-16 05:11:42,180] {processor.py:171} INFO - Processing /Users/namyoung/Desktop/myprj/airflow/airflow/lib/python3.7/site-packages/airflow/example_dags/example_sla_dag.py took 0.057 seconds
[2023-10-16 06:51:09,000] {processor.py:163} INFO - Started process (PID=29062) to work on /Users/namyoung/Desktop/myprj/airflow/airflow/lib/python3.7/site-packages/airflow/example_dags/example_sla_dag.py
[2023-10-16 06:51:09,001] {processor.py:642} INFO - Processing file /Users/namyoung/Desktop/myprj/airflow/airflow/lib/python3.7/site-packages/airflow/example_dags/example_sla_dag.py for tasks to queue
[2023-10-16 06:51:09,001] {logging_mixin.py:109} INFO - [2023-10-16 06:51:09,001] {dagbag.py:500} INFO - Filling up the DagBag from /Users/namyoung/Desktop/myprj/airflow/airflow/lib/python3.7/site-packages/airflow/example_dags/example_sla_dag.py
[2023-10-16 06:51:09,016] {processor.py:654} INFO - DAG(s) dict_keys(['example_sla_dag']) retrieved from /Users/namyoung/Desktop/myprj/airflow/airflow/lib/python3.7/site-packages/airflow/example_dags/example_sla_dag.py
[2023-10-16 06:51:09,021] {logging_mixin.py:109} INFO - [2023-10-16 06:51:09,021] {dag.py:2396} INFO - Sync 1 DAGs
[2023-10-16 06:51:09,030] {logging_mixin.py:109} INFO - [2023-10-16 06:51:09,030] {dag.py:2935} INFO - Setting next_dagrun for example_sla_dag to 2023-10-15T21:48:00+00:00
[2023-10-16 06:51:09,035] {processor.py:171} INFO - Processing /Users/namyoung/Desktop/myprj/airflow/airflow/lib/python3.7/site-packages/airflow/example_dags/example_sla_dag.py took 0.039 seconds
[2023-10-16 08:30:02,964] {processor.py:163} INFO - Started process (PID=29325) to work on /Users/namyoung/Desktop/myprj/airflow/airflow/lib/python3.7/site-packages/airflow/example_dags/example_sla_dag.py
[2023-10-16 08:30:02,965] {processor.py:642} INFO - Processing file /Users/namyoung/Desktop/myprj/airflow/airflow/lib/python3.7/site-packages/airflow/example_dags/example_sla_dag.py for tasks to queue
[2023-10-16 08:30:02,966] {logging_mixin.py:109} INFO - [2023-10-16 08:30:02,966] {dagbag.py:500} INFO - Filling up the DagBag from /Users/namyoung/Desktop/myprj/airflow/airflow/lib/python3.7/site-packages/airflow/example_dags/example_sla_dag.py
[2023-10-16 08:30:02,985] {processor.py:654} INFO - DAG(s) dict_keys(['example_sla_dag']) retrieved from /Users/namyoung/Desktop/myprj/airflow/airflow/lib/python3.7/site-packages/airflow/example_dags/example_sla_dag.py
[2023-10-16 08:30:02,991] {logging_mixin.py:109} INFO - [2023-10-16 08:30:02,991] {dag.py:2396} INFO - Sync 1 DAGs
[2023-10-16 08:30:03,000] {logging_mixin.py:109} INFO - [2023-10-16 08:30:02,999] {dag.py:2935} INFO - Setting next_dagrun for example_sla_dag to 2023-10-15T23:28:00+00:00
[2023-10-16 08:30:03,005] {processor.py:171} INFO - Processing /Users/namyoung/Desktop/myprj/airflow/airflow/lib/python3.7/site-packages/airflow/example_dags/example_sla_dag.py took 0.045 seconds
