[2023-10-15 12:14:29,779] {processor.py:163} INFO - Started process (PID=26726) to work on /Users/namyoung/Desktop/myprj/airflow/airflow/lib/python3.7/site-packages/airflow/example_dags/example_branch_python_dop_operator_3.py
[2023-10-15 12:14:29,780] {processor.py:642} INFO - Processing file /Users/namyoung/Desktop/myprj/airflow/airflow/lib/python3.7/site-packages/airflow/example_dags/example_branch_python_dop_operator_3.py for tasks to queue
[2023-10-15 12:14:29,780] {logging_mixin.py:109} INFO - [2023-10-15 12:14:29,780] {dagbag.py:500} INFO - Filling up the DagBag from /Users/namyoung/Desktop/myprj/airflow/airflow/lib/python3.7/site-packages/airflow/example_dags/example_branch_python_dop_operator_3.py
[2023-10-15 12:14:29,795] {processor.py:654} INFO - DAG(s) dict_keys(['example_branch_dop_operator_v3']) retrieved from /Users/namyoung/Desktop/myprj/airflow/airflow/lib/python3.7/site-packages/airflow/example_dags/example_branch_python_dop_operator_3.py
[2023-10-15 12:14:29,800] {logging_mixin.py:109} INFO - [2023-10-15 12:14:29,800] {dag.py:2396} INFO - Sync 1 DAGs
[2023-10-15 12:14:29,811] {logging_mixin.py:109} INFO - [2023-10-15 12:14:29,811] {dag.py:2935} INFO - Setting next_dagrun for example_branch_dop_operator_v3 to 2023-10-15T03:13:00+00:00
[2023-10-15 12:14:29,816] {processor.py:171} INFO - Processing /Users/namyoung/Desktop/myprj/airflow/airflow/lib/python3.7/site-packages/airflow/example_dags/example_branch_python_dop_operator_3.py took 0.039 seconds
[2023-10-15 13:55:34,691] {processor.py:163} INFO - Started process (PID=26995) to work on /Users/namyoung/Desktop/myprj/airflow/airflow/lib/python3.7/site-packages/airflow/example_dags/example_branch_python_dop_operator_3.py
[2023-10-15 13:55:34,693] {processor.py:642} INFO - Processing file /Users/namyoung/Desktop/myprj/airflow/airflow/lib/python3.7/site-packages/airflow/example_dags/example_branch_python_dop_operator_3.py for tasks to queue
[2023-10-15 13:55:34,694] {logging_mixin.py:109} INFO - [2023-10-15 13:55:34,694] {dagbag.py:500} INFO - Filling up the DagBag from /Users/namyoung/Desktop/myprj/airflow/airflow/lib/python3.7/site-packages/airflow/example_dags/example_branch_python_dop_operator_3.py
[2023-10-15 13:55:34,723] {processor.py:654} INFO - DAG(s) dict_keys(['example_branch_dop_operator_v3']) retrieved from /Users/namyoung/Desktop/myprj/airflow/airflow/lib/python3.7/site-packages/airflow/example_dags/example_branch_python_dop_operator_3.py
[2023-10-15 13:55:34,731] {logging_mixin.py:109} INFO - [2023-10-15 13:55:34,730] {dag.py:2396} INFO - Sync 1 DAGs
[2023-10-15 13:55:34,742] {logging_mixin.py:109} INFO - [2023-10-15 13:55:34,742] {dag.py:2935} INFO - Setting next_dagrun for example_branch_dop_operator_v3 to 2023-10-15T04:54:00+00:00
[2023-10-15 13:55:34,747] {processor.py:171} INFO - Processing /Users/namyoung/Desktop/myprj/airflow/airflow/lib/python3.7/site-packages/airflow/example_dags/example_branch_python_dop_operator_3.py took 0.062 seconds
[2023-10-15 15:36:25,045] {processor.py:163} INFO - Started process (PID=27139) to work on /Users/namyoung/Desktop/myprj/airflow/airflow/lib/python3.7/site-packages/airflow/example_dags/example_branch_python_dop_operator_3.py
[2023-10-15 15:36:25,047] {processor.py:642} INFO - Processing file /Users/namyoung/Desktop/myprj/airflow/airflow/lib/python3.7/site-packages/airflow/example_dags/example_branch_python_dop_operator_3.py for tasks to queue
[2023-10-15 15:36:25,048] {logging_mixin.py:109} INFO - [2023-10-15 15:36:25,048] {dagbag.py:500} INFO - Filling up the DagBag from /Users/namyoung/Desktop/myprj/airflow/airflow/lib/python3.7/site-packages/airflow/example_dags/example_branch_python_dop_operator_3.py
[2023-10-15 15:36:25,077] {processor.py:654} INFO - DAG(s) dict_keys(['example_branch_dop_operator_v3']) retrieved from /Users/namyoung/Desktop/myprj/airflow/airflow/lib/python3.7/site-packages/airflow/example_dags/example_branch_python_dop_operator_3.py
[2023-10-15 15:36:25,085] {logging_mixin.py:109} INFO - [2023-10-15 15:36:25,085] {dag.py:2396} INFO - Sync 1 DAGs
[2023-10-15 15:36:25,096] {logging_mixin.py:109} INFO - [2023-10-15 15:36:25,096] {dag.py:2935} INFO - Setting next_dagrun for example_branch_dop_operator_v3 to 2023-10-15T06:35:00+00:00
[2023-10-15 15:36:25,101] {processor.py:171} INFO - Processing /Users/namyoung/Desktop/myprj/airflow/airflow/lib/python3.7/site-packages/airflow/example_dags/example_branch_python_dop_operator_3.py took 0.062 seconds
[2023-10-15 17:13:27,927] {processor.py:163} INFO - Started process (PID=27402) to work on /Users/namyoung/Desktop/myprj/airflow/airflow/lib/python3.7/site-packages/airflow/example_dags/example_branch_python_dop_operator_3.py
[2023-10-15 17:13:27,929] {processor.py:642} INFO - Processing file /Users/namyoung/Desktop/myprj/airflow/airflow/lib/python3.7/site-packages/airflow/example_dags/example_branch_python_dop_operator_3.py for tasks to queue
[2023-10-15 17:13:27,931] {logging_mixin.py:109} INFO - [2023-10-15 17:13:27,930] {dagbag.py:500} INFO - Filling up the DagBag from /Users/namyoung/Desktop/myprj/airflow/airflow/lib/python3.7/site-packages/airflow/example_dags/example_branch_python_dop_operator_3.py
[2023-10-15 17:13:27,959] {processor.py:654} INFO - DAG(s) dict_keys(['example_branch_dop_operator_v3']) retrieved from /Users/namyoung/Desktop/myprj/airflow/airflow/lib/python3.7/site-packages/airflow/example_dags/example_branch_python_dop_operator_3.py
[2023-10-15 17:13:27,967] {logging_mixin.py:109} INFO - [2023-10-15 17:13:27,966] {dag.py:2396} INFO - Sync 1 DAGs
[2023-10-15 17:13:27,978] {logging_mixin.py:109} INFO - [2023-10-15 17:13:27,977] {dag.py:2935} INFO - Setting next_dagrun for example_branch_dop_operator_v3 to 2023-10-15T08:12:00+00:00
[2023-10-15 17:13:27,983] {processor.py:171} INFO - Processing /Users/namyoung/Desktop/myprj/airflow/airflow/lib/python3.7/site-packages/airflow/example_dags/example_branch_python_dop_operator_3.py took 0.061 seconds
[2023-10-15 18:46:33,657] {processor.py:163} INFO - Started process (PID=27530) to work on /Users/namyoung/Desktop/myprj/airflow/airflow/lib/python3.7/site-packages/airflow/example_dags/example_branch_python_dop_operator_3.py
[2023-10-15 18:46:33,658] {processor.py:642} INFO - Processing file /Users/namyoung/Desktop/myprj/airflow/airflow/lib/python3.7/site-packages/airflow/example_dags/example_branch_python_dop_operator_3.py for tasks to queue
[2023-10-15 18:46:33,659] {logging_mixin.py:109} INFO - [2023-10-15 18:46:33,658] {dagbag.py:500} INFO - Filling up the DagBag from /Users/namyoung/Desktop/myprj/airflow/airflow/lib/python3.7/site-packages/airflow/example_dags/example_branch_python_dop_operator_3.py
[2023-10-15 18:46:33,671] {processor.py:654} INFO - DAG(s) dict_keys(['example_branch_dop_operator_v3']) retrieved from /Users/namyoung/Desktop/myprj/airflow/airflow/lib/python3.7/site-packages/airflow/example_dags/example_branch_python_dop_operator_3.py
[2023-10-15 18:46:33,676] {logging_mixin.py:109} INFO - [2023-10-15 18:46:33,676] {dag.py:2396} INFO - Sync 1 DAGs
[2023-10-15 18:46:33,686] {logging_mixin.py:109} INFO - [2023-10-15 18:46:33,686] {dag.py:2935} INFO - Setting next_dagrun for example_branch_dop_operator_v3 to 2023-10-15T09:45:00+00:00
[2023-10-15 18:46:33,692] {processor.py:171} INFO - Processing /Users/namyoung/Desktop/myprj/airflow/airflow/lib/python3.7/site-packages/airflow/example_dags/example_branch_python_dop_operator_3.py took 0.037 seconds
[2023-10-15 20:08:13,171] {processor.py:163} INFO - Started process (PID=27779) to work on /Users/namyoung/Desktop/myprj/airflow/airflow/lib/python3.7/site-packages/airflow/example_dags/example_branch_python_dop_operator_3.py
[2023-10-15 20:08:13,172] {processor.py:642} INFO - Processing file /Users/namyoung/Desktop/myprj/airflow/airflow/lib/python3.7/site-packages/airflow/example_dags/example_branch_python_dop_operator_3.py for tasks to queue
[2023-10-15 20:08:13,172] {logging_mixin.py:109} INFO - [2023-10-15 20:08:13,172] {dagbag.py:500} INFO - Filling up the DagBag from /Users/namyoung/Desktop/myprj/airflow/airflow/lib/python3.7/site-packages/airflow/example_dags/example_branch_python_dop_operator_3.py
[2023-10-15 20:08:13,186] {processor.py:654} INFO - DAG(s) dict_keys(['example_branch_dop_operator_v3']) retrieved from /Users/namyoung/Desktop/myprj/airflow/airflow/lib/python3.7/site-packages/airflow/example_dags/example_branch_python_dop_operator_3.py
[2023-10-15 20:08:13,192] {logging_mixin.py:109} INFO - [2023-10-15 20:08:13,192] {dag.py:2396} INFO - Sync 1 DAGs
[2023-10-15 20:08:13,202] {logging_mixin.py:109} INFO - [2023-10-15 20:08:13,201] {dag.py:2935} INFO - Setting next_dagrun for example_branch_dop_operator_v3 to 2023-10-15T11:07:00+00:00
[2023-10-15 20:08:13,208] {processor.py:171} INFO - Processing /Users/namyoung/Desktop/myprj/airflow/airflow/lib/python3.7/site-packages/airflow/example_dags/example_branch_python_dop_operator_3.py took 0.040 seconds
[2023-10-15 21:48:01,213] {processor.py:163} INFO - Started process (PID=27924) to work on /Users/namyoung/Desktop/myprj/airflow/airflow/lib/python3.7/site-packages/airflow/example_dags/example_branch_python_dop_operator_3.py
[2023-10-15 21:48:01,214] {processor.py:642} INFO - Processing file /Users/namyoung/Desktop/myprj/airflow/airflow/lib/python3.7/site-packages/airflow/example_dags/example_branch_python_dop_operator_3.py for tasks to queue
[2023-10-15 21:48:01,215] {logging_mixin.py:109} INFO - [2023-10-15 21:48:01,215] {dagbag.py:500} INFO - Filling up the DagBag from /Users/namyoung/Desktop/myprj/airflow/airflow/lib/python3.7/site-packages/airflow/example_dags/example_branch_python_dop_operator_3.py
[2023-10-15 21:48:01,230] {processor.py:654} INFO - DAG(s) dict_keys(['example_branch_dop_operator_v3']) retrieved from /Users/namyoung/Desktop/myprj/airflow/airflow/lib/python3.7/site-packages/airflow/example_dags/example_branch_python_dop_operator_3.py
[2023-10-15 21:48:01,238] {logging_mixin.py:109} INFO - [2023-10-15 21:48:01,238] {dag.py:2396} INFO - Sync 1 DAGs
[2023-10-15 21:48:01,250] {logging_mixin.py:109} INFO - [2023-10-15 21:48:01,249] {dag.py:2935} INFO - Setting next_dagrun for example_branch_dop_operator_v3 to 2023-10-15T12:47:00+00:00
[2023-10-15 22:03:51,095] {processor.py:171} INFO - Processing /Users/namyoung/Desktop/myprj/airflow/airflow/lib/python3.7/site-packages/airflow/example_dags/example_branch_python_dop_operator_3.py took 0.266 seconds
[2023-10-15 23:40:46,642] {processor.py:163} INFO - Started process (PID=28207) to work on /Users/namyoung/Desktop/myprj/airflow/airflow/lib/python3.7/site-packages/airflow/example_dags/example_branch_python_dop_operator_3.py
[2023-10-15 23:40:46,643] {processor.py:642} INFO - Processing file /Users/namyoung/Desktop/myprj/airflow/airflow/lib/python3.7/site-packages/airflow/example_dags/example_branch_python_dop_operator_3.py for tasks to queue
[2023-10-15 23:40:46,644] {logging_mixin.py:109} INFO - [2023-10-15 23:40:46,643] {dagbag.py:500} INFO - Filling up the DagBag from /Users/namyoung/Desktop/myprj/airflow/airflow/lib/python3.7/site-packages/airflow/example_dags/example_branch_python_dop_operator_3.py
[2023-10-15 23:40:46,656] {processor.py:654} INFO - DAG(s) dict_keys(['example_branch_dop_operator_v3']) retrieved from /Users/namyoung/Desktop/myprj/airflow/airflow/lib/python3.7/site-packages/airflow/example_dags/example_branch_python_dop_operator_3.py
[2023-10-15 23:40:46,661] {logging_mixin.py:109} INFO - [2023-10-15 23:40:46,661] {dag.py:2396} INFO - Sync 1 DAGs
[2023-10-15 23:40:46,670] {logging_mixin.py:109} INFO - [2023-10-15 23:40:46,670] {dag.py:2935} INFO - Setting next_dagrun for example_branch_dop_operator_v3 to 2023-10-15T14:39:00+00:00
[2023-10-15 23:40:46,678] {processor.py:171} INFO - Processing /Users/namyoung/Desktop/myprj/airflow/airflow/lib/python3.7/site-packages/airflow/example_dags/example_branch_python_dop_operator_3.py took 0.038 seconds
[2023-10-16 01:22:54,625] {processor.py:163} INFO - Started process (PID=28348) to work on /Users/namyoung/Desktop/myprj/airflow/airflow/lib/python3.7/site-packages/airflow/example_dags/example_branch_python_dop_operator_3.py
[2023-10-16 01:22:54,626] {processor.py:642} INFO - Processing file /Users/namyoung/Desktop/myprj/airflow/airflow/lib/python3.7/site-packages/airflow/example_dags/example_branch_python_dop_operator_3.py for tasks to queue
[2023-10-16 01:22:54,627] {logging_mixin.py:109} INFO - [2023-10-16 01:22:54,626] {dagbag.py:500} INFO - Filling up the DagBag from /Users/namyoung/Desktop/myprj/airflow/airflow/lib/python3.7/site-packages/airflow/example_dags/example_branch_python_dop_operator_3.py
[2023-10-16 01:22:54,640] {processor.py:654} INFO - DAG(s) dict_keys(['example_branch_dop_operator_v3']) retrieved from /Users/namyoung/Desktop/myprj/airflow/airflow/lib/python3.7/site-packages/airflow/example_dags/example_branch_python_dop_operator_3.py
[2023-10-16 01:22:54,646] {logging_mixin.py:109} INFO - [2023-10-16 01:22:54,645] {dag.py:2396} INFO - Sync 1 DAGs
[2023-10-16 01:22:54,655] {logging_mixin.py:109} INFO - [2023-10-16 01:22:54,655] {dag.py:2935} INFO - Setting next_dagrun for example_branch_dop_operator_v3 to 2023-10-15T16:21:00+00:00
[2023-10-16 01:22:54,662] {processor.py:171} INFO - Processing /Users/namyoung/Desktop/myprj/airflow/airflow/lib/python3.7/site-packages/airflow/example_dags/example_branch_python_dop_operator_3.py took 0.039 seconds
[2023-10-16 03:02:23,331] {processor.py:163} INFO - Started process (PID=28601) to work on /Users/namyoung/Desktop/myprj/airflow/airflow/lib/python3.7/site-packages/airflow/example_dags/example_branch_python_dop_operator_3.py
[2023-10-16 03:02:23,332] {processor.py:642} INFO - Processing file /Users/namyoung/Desktop/myprj/airflow/airflow/lib/python3.7/site-packages/airflow/example_dags/example_branch_python_dop_operator_3.py for tasks to queue
[2023-10-16 03:02:23,332] {logging_mixin.py:109} INFO - [2023-10-16 03:02:23,332] {dagbag.py:500} INFO - Filling up the DagBag from /Users/namyoung/Desktop/myprj/airflow/airflow/lib/python3.7/site-packages/airflow/example_dags/example_branch_python_dop_operator_3.py
[2023-10-16 03:02:23,345] {processor.py:654} INFO - DAG(s) dict_keys(['example_branch_dop_operator_v3']) retrieved from /Users/namyoung/Desktop/myprj/airflow/airflow/lib/python3.7/site-packages/airflow/example_dags/example_branch_python_dop_operator_3.py
[2023-10-16 03:02:23,351] {logging_mixin.py:109} INFO - [2023-10-16 03:02:23,351] {dag.py:2396} INFO - Sync 1 DAGs
[2023-10-16 03:02:23,360] {logging_mixin.py:109} INFO - [2023-10-16 03:02:23,360] {dag.py:2935} INFO - Setting next_dagrun for example_branch_dop_operator_v3 to 2023-10-15T18:01:00+00:00
[2023-10-16 03:02:23,366] {processor.py:171} INFO - Processing /Users/namyoung/Desktop/myprj/airflow/airflow/lib/python3.7/site-packages/airflow/example_dags/example_branch_python_dop_operator_3.py took 0.037 seconds
[2023-10-16 06:02:05,696] {processor.py:163} INFO - Started process (PID=28980) to work on /Users/namyoung/Desktop/myprj/airflow/airflow/lib/python3.7/site-packages/airflow/example_dags/example_branch_python_dop_operator_3.py
[2023-10-16 06:02:05,697] {processor.py:642} INFO - Processing file /Users/namyoung/Desktop/myprj/airflow/airflow/lib/python3.7/site-packages/airflow/example_dags/example_branch_python_dop_operator_3.py for tasks to queue
[2023-10-16 06:02:05,698] {logging_mixin.py:109} INFO - [2023-10-16 06:02:05,697] {dagbag.py:500} INFO - Filling up the DagBag from /Users/namyoung/Desktop/myprj/airflow/airflow/lib/python3.7/site-packages/airflow/example_dags/example_branch_python_dop_operator_3.py
[2023-10-16 06:02:05,711] {processor.py:654} INFO - DAG(s) dict_keys(['example_branch_dop_operator_v3']) retrieved from /Users/namyoung/Desktop/myprj/airflow/airflow/lib/python3.7/site-packages/airflow/example_dags/example_branch_python_dop_operator_3.py
[2023-10-16 06:02:05,717] {logging_mixin.py:109} INFO - [2023-10-16 06:02:05,717] {dag.py:2396} INFO - Sync 1 DAGs
[2023-10-16 06:02:05,726] {logging_mixin.py:109} INFO - [2023-10-16 06:02:05,726] {dag.py:2935} INFO - Setting next_dagrun for example_branch_dop_operator_v3 to 2023-10-15T21:01:00+00:00
[2023-10-16 06:02:05,733] {processor.py:171} INFO - Processing /Users/namyoung/Desktop/myprj/airflow/airflow/lib/python3.7/site-packages/airflow/example_dags/example_branch_python_dop_operator_3.py took 0.039 seconds
[2023-10-16 07:39:27,267] {processor.py:163} INFO - Started process (PID=29121) to work on /Users/namyoung/Desktop/myprj/airflow/airflow/lib/python3.7/site-packages/airflow/example_dags/example_branch_python_dop_operator_3.py
[2023-10-16 07:39:27,268] {processor.py:642} INFO - Processing file /Users/namyoung/Desktop/myprj/airflow/airflow/lib/python3.7/site-packages/airflow/example_dags/example_branch_python_dop_operator_3.py for tasks to queue
[2023-10-16 07:39:27,269] {logging_mixin.py:109} INFO - [2023-10-16 07:39:27,269] {dagbag.py:500} INFO - Filling up the DagBag from /Users/namyoung/Desktop/myprj/airflow/airflow/lib/python3.7/site-packages/airflow/example_dags/example_branch_python_dop_operator_3.py
[2023-10-16 07:39:27,282] {processor.py:654} INFO - DAG(s) dict_keys(['example_branch_dop_operator_v3']) retrieved from /Users/namyoung/Desktop/myprj/airflow/airflow/lib/python3.7/site-packages/airflow/example_dags/example_branch_python_dop_operator_3.py
[2023-10-16 07:39:27,289] {logging_mixin.py:109} INFO - [2023-10-16 07:39:27,289] {dag.py:2396} INFO - Sync 1 DAGs
[2023-10-16 07:39:27,299] {logging_mixin.py:109} INFO - [2023-10-16 07:39:27,299] {dag.py:2935} INFO - Setting next_dagrun for example_branch_dop_operator_v3 to 2023-10-15T22:38:00+00:00
[2023-10-16 07:39:27,306] {processor.py:171} INFO - Processing /Users/namyoung/Desktop/myprj/airflow/airflow/lib/python3.7/site-packages/airflow/example_dags/example_branch_python_dop_operator_3.py took 0.041 seconds
