[2023-10-15 10:00:56,267] {processor.py:163} INFO - Started process (PID=26458) to work on /Users/namyoung/Desktop/myprj/airflow/airflow/lib/python3.7/site-packages/airflow/example_dags/example_short_circuit_operator.py
[2023-10-15 10:00:56,270] {processor.py:642} INFO - Processing file /Users/namyoung/Desktop/myprj/airflow/airflow/lib/python3.7/site-packages/airflow/example_dags/example_short_circuit_operator.py for tasks to queue
[2023-10-15 10:00:56,271] {logging_mixin.py:109} INFO - [2023-10-15 10:00:56,271] {dagbag.py:500} INFO - Filling up the DagBag from /Users/namyoung/Desktop/myprj/airflow/airflow/lib/python3.7/site-packages/airflow/example_dags/example_short_circuit_operator.py
[2023-10-15 10:00:56,292] {processor.py:654} INFO - DAG(s) dict_keys(['example_short_circuit_operator']) retrieved from /Users/namyoung/Desktop/myprj/airflow/airflow/lib/python3.7/site-packages/airflow/example_dags/example_short_circuit_operator.py
[2023-10-15 10:00:56,301] {logging_mixin.py:109} INFO - [2023-10-15 10:00:56,301] {dag.py:2396} INFO - Sync 1 DAGs
[2023-10-15 10:00:56,311] {logging_mixin.py:109} INFO - [2023-10-15 10:00:56,311] {dag.py:2935} INFO - Setting next_dagrun for example_short_circuit_operator to 2023-10-14T01:00:56.311440+00:00
[2023-10-15 10:00:56,318] {processor.py:171} INFO - Processing /Users/namyoung/Desktop/myprj/airflow/airflow/lib/python3.7/site-packages/airflow/example_dags/example_short_circuit_operator.py took 0.055 seconds
[2023-10-15 11:40:05,873] {processor.py:163} INFO - Started process (PID=26681) to work on /Users/namyoung/Desktop/myprj/airflow/airflow/lib/python3.7/site-packages/airflow/example_dags/example_short_circuit_operator.py
[2023-10-15 11:40:05,875] {processor.py:642} INFO - Processing file /Users/namyoung/Desktop/myprj/airflow/airflow/lib/python3.7/site-packages/airflow/example_dags/example_short_circuit_operator.py for tasks to queue
[2023-10-15 11:40:05,876] {logging_mixin.py:109} INFO - [2023-10-15 11:40:05,875] {dagbag.py:500} INFO - Filling up the DagBag from /Users/namyoung/Desktop/myprj/airflow/airflow/lib/python3.7/site-packages/airflow/example_dags/example_short_circuit_operator.py
[2023-10-15 11:40:05,898] {processor.py:654} INFO - DAG(s) dict_keys(['example_short_circuit_operator']) retrieved from /Users/namyoung/Desktop/myprj/airflow/airflow/lib/python3.7/site-packages/airflow/example_dags/example_short_circuit_operator.py
[2023-10-15 11:40:05,905] {logging_mixin.py:109} INFO - [2023-10-15 11:40:05,904] {dag.py:2396} INFO - Sync 1 DAGs
[2023-10-15 11:40:05,912] {logging_mixin.py:109} INFO - [2023-10-15 11:40:05,912] {dag.py:2935} INFO - Setting next_dagrun for example_short_circuit_operator to 2023-10-14T02:40:05.911872+00:00
[2023-10-15 11:40:05,917] {processor.py:171} INFO - Processing /Users/namyoung/Desktop/myprj/airflow/airflow/lib/python3.7/site-packages/airflow/example_dags/example_short_circuit_operator.py took 0.049 seconds
[2023-10-15 13:22:31,926] {processor.py:163} INFO - Started process (PID=26948) to work on /Users/namyoung/Desktop/myprj/airflow/airflow/lib/python3.7/site-packages/airflow/example_dags/example_short_circuit_operator.py
[2023-10-15 13:22:31,928] {processor.py:642} INFO - Processing file /Users/namyoung/Desktop/myprj/airflow/airflow/lib/python3.7/site-packages/airflow/example_dags/example_short_circuit_operator.py for tasks to queue
[2023-10-15 13:22:31,929] {logging_mixin.py:109} INFO - [2023-10-15 13:22:31,928] {dagbag.py:500} INFO - Filling up the DagBag from /Users/namyoung/Desktop/myprj/airflow/airflow/lib/python3.7/site-packages/airflow/example_dags/example_short_circuit_operator.py
[2023-10-15 13:22:31,951] {processor.py:654} INFO - DAG(s) dict_keys(['example_short_circuit_operator']) retrieved from /Users/namyoung/Desktop/myprj/airflow/airflow/lib/python3.7/site-packages/airflow/example_dags/example_short_circuit_operator.py
[2023-10-15 13:22:31,958] {logging_mixin.py:109} INFO - [2023-10-15 13:22:31,958] {dag.py:2396} INFO - Sync 1 DAGs
[2023-10-15 13:22:31,966] {logging_mixin.py:109} INFO - [2023-10-15 13:22:31,965] {dag.py:2935} INFO - Setting next_dagrun for example_short_circuit_operator to 2023-10-14T04:22:31.965648+00:00
[2023-10-15 13:22:31,971] {processor.py:171} INFO - Processing /Users/namyoung/Desktop/myprj/airflow/airflow/lib/python3.7/site-packages/airflow/example_dags/example_short_circuit_operator.py took 0.049 seconds
[2023-10-15 15:04:24,995] {processor.py:163} INFO - Started process (PID=27090) to work on /Users/namyoung/Desktop/myprj/airflow/airflow/lib/python3.7/site-packages/airflow/example_dags/example_short_circuit_operator.py
[2023-10-15 15:04:24,997] {processor.py:642} INFO - Processing file /Users/namyoung/Desktop/myprj/airflow/airflow/lib/python3.7/site-packages/airflow/example_dags/example_short_circuit_operator.py for tasks to queue
[2023-10-15 15:04:24,998] {logging_mixin.py:109} INFO - [2023-10-15 15:04:24,997] {dagbag.py:500} INFO - Filling up the DagBag from /Users/namyoung/Desktop/myprj/airflow/airflow/lib/python3.7/site-packages/airflow/example_dags/example_short_circuit_operator.py
[2023-10-15 15:04:25,022] {processor.py:654} INFO - DAG(s) dict_keys(['example_short_circuit_operator']) retrieved from /Users/namyoung/Desktop/myprj/airflow/airflow/lib/python3.7/site-packages/airflow/example_dags/example_short_circuit_operator.py
[2023-10-15 15:04:25,029] {logging_mixin.py:109} INFO - [2023-10-15 15:04:25,029] {dag.py:2396} INFO - Sync 1 DAGs
[2023-10-15 15:04:25,037] {logging_mixin.py:109} INFO - [2023-10-15 15:04:25,037] {dag.py:2935} INFO - Setting next_dagrun for example_short_circuit_operator to 2023-10-14T06:04:25.037355+00:00
[2023-10-15 15:04:25,044] {processor.py:171} INFO - Processing /Users/namyoung/Desktop/myprj/airflow/airflow/lib/python3.7/site-packages/airflow/example_dags/example_short_circuit_operator.py took 0.054 seconds
[2023-10-15 16:41:22,062] {processor.py:163} INFO - Started process (PID=27354) to work on /Users/namyoung/Desktop/myprj/airflow/airflow/lib/python3.7/site-packages/airflow/example_dags/example_short_circuit_operator.py
[2023-10-15 16:41:22,064] {processor.py:642} INFO - Processing file /Users/namyoung/Desktop/myprj/airflow/airflow/lib/python3.7/site-packages/airflow/example_dags/example_short_circuit_operator.py for tasks to queue
[2023-10-15 16:41:22,065] {logging_mixin.py:109} INFO - [2023-10-15 16:41:22,065] {dagbag.py:500} INFO - Filling up the DagBag from /Users/namyoung/Desktop/myprj/airflow/airflow/lib/python3.7/site-packages/airflow/example_dags/example_short_circuit_operator.py
[2023-10-15 16:41:22,091] {processor.py:654} INFO - DAG(s) dict_keys(['example_short_circuit_operator']) retrieved from /Users/namyoung/Desktop/myprj/airflow/airflow/lib/python3.7/site-packages/airflow/example_dags/example_short_circuit_operator.py
[2023-10-15 16:41:22,100] {logging_mixin.py:109} INFO - [2023-10-15 16:41:22,099] {dag.py:2396} INFO - Sync 1 DAGs
[2023-10-15 16:41:22,108] {logging_mixin.py:109} INFO - [2023-10-15 16:41:22,107] {dag.py:2935} INFO - Setting next_dagrun for example_short_circuit_operator to 2023-10-14T07:41:22.107778+00:00
[2023-10-15 16:41:22,113] {processor.py:171} INFO - Processing /Users/namyoung/Desktop/myprj/airflow/airflow/lib/python3.7/site-packages/airflow/example_dags/example_short_circuit_operator.py took 0.057 seconds
[2023-10-15 18:15:04,557] {processor.py:163} INFO - Started process (PID=27491) to work on /Users/namyoung/Desktop/myprj/airflow/airflow/lib/python3.7/site-packages/airflow/example_dags/example_short_circuit_operator.py
[2023-10-15 18:15:04,558] {processor.py:642} INFO - Processing file /Users/namyoung/Desktop/myprj/airflow/airflow/lib/python3.7/site-packages/airflow/example_dags/example_short_circuit_operator.py for tasks to queue
[2023-10-15 18:15:04,559] {logging_mixin.py:109} INFO - [2023-10-15 18:15:04,558] {dagbag.py:500} INFO - Filling up the DagBag from /Users/namyoung/Desktop/myprj/airflow/airflow/lib/python3.7/site-packages/airflow/example_dags/example_short_circuit_operator.py
[2023-10-15 18:15:04,572] {processor.py:654} INFO - DAG(s) dict_keys(['example_short_circuit_operator']) retrieved from /Users/namyoung/Desktop/myprj/airflow/airflow/lib/python3.7/site-packages/airflow/example_dags/example_short_circuit_operator.py
[2023-10-15 18:15:04,578] {logging_mixin.py:109} INFO - [2023-10-15 18:15:04,578] {dag.py:2396} INFO - Sync 1 DAGs
[2023-10-15 18:15:04,585] {logging_mixin.py:109} INFO - [2023-10-15 18:15:04,585] {dag.py:2935} INFO - Setting next_dagrun for example_short_circuit_operator to 2023-10-14T09:15:04.585084+00:00
[2023-10-15 18:15:04,591] {processor.py:171} INFO - Processing /Users/namyoung/Desktop/myprj/airflow/airflow/lib/python3.7/site-packages/airflow/example_dags/example_short_circuit_operator.py took 0.036 seconds
[2023-10-15 19:52:38,384] {processor.py:163} INFO - Started process (PID=27749) to work on /Users/namyoung/Desktop/myprj/airflow/airflow/lib/python3.7/site-packages/airflow/example_dags/example_short_circuit_operator.py
[2023-10-15 19:52:38,385] {processor.py:642} INFO - Processing file /Users/namyoung/Desktop/myprj/airflow/airflow/lib/python3.7/site-packages/airflow/example_dags/example_short_circuit_operator.py for tasks to queue
[2023-10-15 19:52:38,385] {logging_mixin.py:109} INFO - [2023-10-15 19:52:38,385] {dagbag.py:500} INFO - Filling up the DagBag from /Users/namyoung/Desktop/myprj/airflow/airflow/lib/python3.7/site-packages/airflow/example_dags/example_short_circuit_operator.py
[2023-10-15 19:52:38,398] {processor.py:654} INFO - DAG(s) dict_keys(['example_short_circuit_operator']) retrieved from /Users/namyoung/Desktop/myprj/airflow/airflow/lib/python3.7/site-packages/airflow/example_dags/example_short_circuit_operator.py
[2023-10-15 19:52:38,404] {logging_mixin.py:109} INFO - [2023-10-15 19:52:38,404] {dag.py:2396} INFO - Sync 1 DAGs
[2023-10-15 19:52:38,412] {logging_mixin.py:109} INFO - [2023-10-15 19:52:38,411] {dag.py:2935} INFO - Setting next_dagrun for example_short_circuit_operator to 2023-10-14T10:52:38.411678+00:00
[2023-10-15 19:52:38,417] {processor.py:171} INFO - Processing /Users/namyoung/Desktop/myprj/airflow/airflow/lib/python3.7/site-packages/airflow/example_dags/example_short_circuit_operator.py took 0.035 seconds
[2023-10-15 21:30:27,212] {processor.py:163} INFO - Started process (PID=27881) to work on /Users/namyoung/Desktop/myprj/airflow/airflow/lib/python3.7/site-packages/airflow/example_dags/example_short_circuit_operator.py
[2023-10-15 21:30:27,213] {processor.py:642} INFO - Processing file /Users/namyoung/Desktop/myprj/airflow/airflow/lib/python3.7/site-packages/airflow/example_dags/example_short_circuit_operator.py for tasks to queue
[2023-10-15 21:30:27,214] {logging_mixin.py:109} INFO - [2023-10-15 21:30:27,214] {dagbag.py:500} INFO - Filling up the DagBag from /Users/namyoung/Desktop/myprj/airflow/airflow/lib/python3.7/site-packages/airflow/example_dags/example_short_circuit_operator.py
[2023-10-15 21:30:27,238] {processor.py:654} INFO - DAG(s) dict_keys(['example_short_circuit_operator']) retrieved from /Users/namyoung/Desktop/myprj/airflow/airflow/lib/python3.7/site-packages/airflow/example_dags/example_short_circuit_operator.py
[2023-10-15 21:30:27,247] {logging_mixin.py:109} INFO - [2023-10-15 21:30:27,247] {dag.py:2396} INFO - Sync 1 DAGs
[2023-10-15 21:30:27,257] {logging_mixin.py:109} INFO - [2023-10-15 21:30:27,257] {dag.py:2935} INFO - Setting next_dagrun for example_short_circuit_operator to 2023-10-14T12:30:27.257171+00:00
[2023-10-15 21:30:27,268] {processor.py:171} INFO - Processing /Users/namyoung/Desktop/myprj/airflow/airflow/lib/python3.7/site-packages/airflow/example_dags/example_short_circuit_operator.py took 0.061 seconds
[2023-10-15 23:07:42,543] {processor.py:163} INFO - Started process (PID=28160) to work on /Users/namyoung/Desktop/myprj/airflow/airflow/lib/python3.7/site-packages/airflow/example_dags/example_short_circuit_operator.py
[2023-10-15 23:07:42,544] {processor.py:642} INFO - Processing file /Users/namyoung/Desktop/myprj/airflow/airflow/lib/python3.7/site-packages/airflow/example_dags/example_short_circuit_operator.py for tasks to queue
[2023-10-15 23:07:42,545] {logging_mixin.py:109} INFO - [2023-10-15 23:07:42,545] {dagbag.py:500} INFO - Filling up the DagBag from /Users/namyoung/Desktop/myprj/airflow/airflow/lib/python3.7/site-packages/airflow/example_dags/example_short_circuit_operator.py
[2023-10-15 23:07:42,557] {processor.py:654} INFO - DAG(s) dict_keys(['example_short_circuit_operator']) retrieved from /Users/namyoung/Desktop/myprj/airflow/airflow/lib/python3.7/site-packages/airflow/example_dags/example_short_circuit_operator.py
[2023-10-15 23:07:42,563] {logging_mixin.py:109} INFO - [2023-10-15 23:07:42,563] {dag.py:2396} INFO - Sync 1 DAGs
[2023-10-15 23:07:42,571] {logging_mixin.py:109} INFO - [2023-10-15 23:07:42,570] {dag.py:2935} INFO - Setting next_dagrun for example_short_circuit_operator to 2023-10-14T14:07:42.570749+00:00
[2023-10-15 23:07:42,576] {processor.py:171} INFO - Processing /Users/namyoung/Desktop/myprj/airflow/airflow/lib/python3.7/site-packages/airflow/example_dags/example_short_circuit_operator.py took 0.035 seconds
[2023-10-16 00:48:39,693] {processor.py:163} INFO - Started process (PID=28302) to work on /Users/namyoung/Desktop/myprj/airflow/airflow/lib/python3.7/site-packages/airflow/example_dags/example_short_circuit_operator.py
[2023-10-16 00:48:39,695] {processor.py:642} INFO - Processing file /Users/namyoung/Desktop/myprj/airflow/airflow/lib/python3.7/site-packages/airflow/example_dags/example_short_circuit_operator.py for tasks to queue
[2023-10-16 00:48:39,696] {logging_mixin.py:109} INFO - [2023-10-16 00:48:39,696] {dagbag.py:500} INFO - Filling up the DagBag from /Users/namyoung/Desktop/myprj/airflow/airflow/lib/python3.7/site-packages/airflow/example_dags/example_short_circuit_operator.py
[2023-10-16 00:48:39,716] {processor.py:654} INFO - DAG(s) dict_keys(['example_short_circuit_operator']) retrieved from /Users/namyoung/Desktop/myprj/airflow/airflow/lib/python3.7/site-packages/airflow/example_dags/example_short_circuit_operator.py
[2023-10-16 00:48:39,722] {logging_mixin.py:109} INFO - [2023-10-16 00:48:39,722] {dag.py:2396} INFO - Sync 1 DAGs
[2023-10-16 00:48:39,729] {logging_mixin.py:109} INFO - [2023-10-16 00:48:39,729] {dag.py:2935} INFO - Setting next_dagrun for example_short_circuit_operator to 2023-10-14T15:48:39.729479+00:00
[2023-10-16 00:48:39,736] {processor.py:171} INFO - Processing /Users/namyoung/Desktop/myprj/airflow/airflow/lib/python3.7/site-packages/airflow/example_dags/example_short_circuit_operator.py took 0.048 seconds
[2023-10-16 02:28:06,680] {processor.py:163} INFO - Started process (PID=28560) to work on /Users/namyoung/Desktop/myprj/airflow/airflow/lib/python3.7/site-packages/airflow/example_dags/example_short_circuit_operator.py
[2023-10-16 02:28:06,681] {processor.py:642} INFO - Processing file /Users/namyoung/Desktop/myprj/airflow/airflow/lib/python3.7/site-packages/airflow/example_dags/example_short_circuit_operator.py for tasks to queue
[2023-10-16 02:28:06,681] {logging_mixin.py:109} INFO - [2023-10-16 02:28:06,681] {dagbag.py:500} INFO - Filling up the DagBag from /Users/namyoung/Desktop/myprj/airflow/airflow/lib/python3.7/site-packages/airflow/example_dags/example_short_circuit_operator.py
[2023-10-16 02:28:06,693] {processor.py:654} INFO - DAG(s) dict_keys(['example_short_circuit_operator']) retrieved from /Users/namyoung/Desktop/myprj/airflow/airflow/lib/python3.7/site-packages/airflow/example_dags/example_short_circuit_operator.py
[2023-10-16 02:28:06,699] {logging_mixin.py:109} INFO - [2023-10-16 02:28:06,699] {dag.py:2396} INFO - Sync 1 DAGs
[2023-10-16 02:28:06,706] {logging_mixin.py:109} INFO - [2023-10-16 02:28:06,706] {dag.py:2935} INFO - Setting next_dagrun for example_short_circuit_operator to 2023-10-14T17:28:06.705800+00:00
[2023-10-16 02:28:06,717] {processor.py:171} INFO - Processing /Users/namyoung/Desktop/myprj/airflow/airflow/lib/python3.7/site-packages/airflow/example_dags/example_short_circuit_operator.py took 0.039 seconds
[2023-10-16 03:51:23,141] {processor.py:163} INFO - Started process (PID=28681) to work on /Users/namyoung/Desktop/myprj/airflow/airflow/lib/python3.7/site-packages/airflow/example_dags/example_short_circuit_operator.py
[2023-10-16 03:51:23,143] {processor.py:642} INFO - Processing file /Users/namyoung/Desktop/myprj/airflow/airflow/lib/python3.7/site-packages/airflow/example_dags/example_short_circuit_operator.py for tasks to queue
[2023-10-16 03:51:23,145] {logging_mixin.py:109} INFO - [2023-10-16 03:51:23,145] {dagbag.py:500} INFO - Filling up the DagBag from /Users/namyoung/Desktop/myprj/airflow/airflow/lib/python3.7/site-packages/airflow/example_dags/example_short_circuit_operator.py
[2023-10-16 03:51:23,172] {processor.py:654} INFO - DAG(s) dict_keys(['example_short_circuit_operator']) retrieved from /Users/namyoung/Desktop/myprj/airflow/airflow/lib/python3.7/site-packages/airflow/example_dags/example_short_circuit_operator.py
[2023-10-16 03:51:23,182] {logging_mixin.py:109} INFO - [2023-10-16 03:51:23,182] {dag.py:2396} INFO - Sync 1 DAGs
[2023-10-16 03:51:23,190] {logging_mixin.py:109} INFO - [2023-10-16 03:51:23,190] {dag.py:2935} INFO - Setting next_dagrun for example_short_circuit_operator to 2023-10-14T18:51:23.190353+00:00
[2023-10-16 03:51:23,196] {processor.py:171} INFO - Processing /Users/namyoung/Desktop/myprj/airflow/airflow/lib/python3.7/site-packages/airflow/example_dags/example_short_circuit_operator.py took 0.060 seconds
[2023-10-16 05:28:04,391] {processor.py:163} INFO - Started process (PID=28934) to work on /Users/namyoung/Desktop/myprj/airflow/airflow/lib/python3.7/site-packages/airflow/example_dags/example_short_circuit_operator.py
[2023-10-16 05:28:04,392] {processor.py:642} INFO - Processing file /Users/namyoung/Desktop/myprj/airflow/airflow/lib/python3.7/site-packages/airflow/example_dags/example_short_circuit_operator.py for tasks to queue
[2023-10-16 05:28:04,393] {logging_mixin.py:109} INFO - [2023-10-16 05:28:04,393] {dagbag.py:500} INFO - Filling up the DagBag from /Users/namyoung/Desktop/myprj/airflow/airflow/lib/python3.7/site-packages/airflow/example_dags/example_short_circuit_operator.py
[2023-10-16 05:28:04,405] {processor.py:654} INFO - DAG(s) dict_keys(['example_short_circuit_operator']) retrieved from /Users/namyoung/Desktop/myprj/airflow/airflow/lib/python3.7/site-packages/airflow/example_dags/example_short_circuit_operator.py
[2023-10-16 05:28:04,411] {logging_mixin.py:109} INFO - [2023-10-16 05:28:04,411] {dag.py:2396} INFO - Sync 1 DAGs
[2023-10-16 05:28:04,419] {logging_mixin.py:109} INFO - [2023-10-16 05:28:04,419] {dag.py:2935} INFO - Setting next_dagrun for example_short_circuit_operator to 2023-10-14T20:28:04.418901+00:00
[2023-10-16 05:28:04,426] {processor.py:171} INFO - Processing /Users/namyoung/Desktop/myprj/airflow/airflow/lib/python3.7/site-packages/airflow/example_dags/example_short_circuit_operator.py took 0.036 seconds
[2023-10-16 07:08:05,719] {processor.py:163} INFO - Started process (PID=29074) to work on /Users/namyoung/Desktop/myprj/airflow/airflow/lib/python3.7/site-packages/airflow/example_dags/example_short_circuit_operator.py
[2023-10-16 07:08:05,720] {processor.py:642} INFO - Processing file /Users/namyoung/Desktop/myprj/airflow/airflow/lib/python3.7/site-packages/airflow/example_dags/example_short_circuit_operator.py for tasks to queue
[2023-10-16 07:08:05,721] {logging_mixin.py:109} INFO - [2023-10-16 07:08:05,720] {dagbag.py:500} INFO - Filling up the DagBag from /Users/namyoung/Desktop/myprj/airflow/airflow/lib/python3.7/site-packages/airflow/example_dags/example_short_circuit_operator.py
[2023-10-16 07:08:05,735] {processor.py:654} INFO - DAG(s) dict_keys(['example_short_circuit_operator']) retrieved from /Users/namyoung/Desktop/myprj/airflow/airflow/lib/python3.7/site-packages/airflow/example_dags/example_short_circuit_operator.py
[2023-10-16 07:08:05,741] {logging_mixin.py:109} INFO - [2023-10-16 07:08:05,740] {dag.py:2396} INFO - Sync 1 DAGs
[2023-10-16 07:08:05,749] {logging_mixin.py:109} INFO - [2023-10-16 07:08:05,748] {dag.py:2935} INFO - Setting next_dagrun for example_short_circuit_operator to 2023-10-14T22:08:05.748591+00:00
[2023-10-16 07:08:05,755] {processor.py:171} INFO - Processing /Users/namyoung/Desktop/myprj/airflow/airflow/lib/python3.7/site-packages/airflow/example_dags/example_short_circuit_operator.py took 0.038 seconds
[2023-10-16 08:46:37,250] {processor.py:163} INFO - Started process (PID=29340) to work on /Users/namyoung/Desktop/myprj/airflow/airflow/lib/python3.7/site-packages/airflow/example_dags/example_short_circuit_operator.py
[2023-10-16 08:46:37,251] {processor.py:642} INFO - Processing file /Users/namyoung/Desktop/myprj/airflow/airflow/lib/python3.7/site-packages/airflow/example_dags/example_short_circuit_operator.py for tasks to queue
[2023-10-16 08:46:37,251] {logging_mixin.py:109} INFO - [2023-10-16 08:46:37,251] {dagbag.py:500} INFO - Filling up the DagBag from /Users/namyoung/Desktop/myprj/airflow/airflow/lib/python3.7/site-packages/airflow/example_dags/example_short_circuit_operator.py
[2023-10-16 08:46:37,264] {processor.py:654} INFO - DAG(s) dict_keys(['example_short_circuit_operator']) retrieved from /Users/namyoung/Desktop/myprj/airflow/airflow/lib/python3.7/site-packages/airflow/example_dags/example_short_circuit_operator.py
[2023-10-16 08:46:37,269] {logging_mixin.py:109} INFO - [2023-10-16 08:46:37,269] {dag.py:2396} INFO - Sync 1 DAGs
[2023-10-16 08:46:37,276] {logging_mixin.py:109} INFO - [2023-10-16 08:46:37,276] {dag.py:2935} INFO - Setting next_dagrun for example_short_circuit_operator to 2023-10-14T23:46:37.276256+00:00
[2023-10-16 08:46:37,282] {processor.py:171} INFO - Processing /Users/namyoung/Desktop/myprj/airflow/airflow/lib/python3.7/site-packages/airflow/example_dags/example_short_circuit_operator.py took 0.034 seconds
