[2023-10-15 10:17:20,881] {processor.py:163} INFO - Started process (PID=26568) to work on /Users/namyoung/Desktop/myprj/airflow/airflow/lib/python3.7/site-packages/airflow/example_dags/example_latest_only.py
[2023-10-15 10:17:20,883] {processor.py:642} INFO - Processing file /Users/namyoung/Desktop/myprj/airflow/airflow/lib/python3.7/site-packages/airflow/example_dags/example_latest_only.py for tasks to queue
[2023-10-15 10:17:20,884] {logging_mixin.py:109} INFO - [2023-10-15 10:17:20,884] {dagbag.py:500} INFO - Filling up the DagBag from /Users/namyoung/Desktop/myprj/airflow/airflow/lib/python3.7/site-packages/airflow/example_dags/example_latest_only.py
[2023-10-15 10:17:20,909] {processor.py:654} INFO - DAG(s) dict_keys(['latest_only']) retrieved from /Users/namyoung/Desktop/myprj/airflow/airflow/lib/python3.7/site-packages/airflow/example_dags/example_latest_only.py
[2023-10-15 10:17:20,919] {logging_mixin.py:109} INFO - [2023-10-15 10:17:20,919] {dag.py:2396} INFO - Sync 1 DAGs
[2023-10-15 10:17:20,928] {logging_mixin.py:109} INFO - [2023-10-15 10:17:20,928] {dag.py:2935} INFO - Setting next_dagrun for latest_only to 2023-10-14T21:17:20.928213+00:00
[2023-10-15 10:17:20,934] {processor.py:171} INFO - Processing /Users/namyoung/Desktop/myprj/airflow/airflow/lib/python3.7/site-packages/airflow/example_dags/example_latest_only.py took 0.059 seconds
[2023-10-15 11:57:32,957] {processor.py:163} INFO - Started process (PID=26701) to work on /Users/namyoung/Desktop/myprj/airflow/airflow/lib/python3.7/site-packages/airflow/example_dags/example_latest_only.py
[2023-10-15 11:57:32,958] {processor.py:642} INFO - Processing file /Users/namyoung/Desktop/myprj/airflow/airflow/lib/python3.7/site-packages/airflow/example_dags/example_latest_only.py for tasks to queue
[2023-10-15 11:57:32,959] {logging_mixin.py:109} INFO - [2023-10-15 11:57:32,958] {dagbag.py:500} INFO - Filling up the DagBag from /Users/namyoung/Desktop/myprj/airflow/airflow/lib/python3.7/site-packages/airflow/example_dags/example_latest_only.py
[2023-10-15 11:57:32,971] {processor.py:654} INFO - DAG(s) dict_keys(['latest_only']) retrieved from /Users/namyoung/Desktop/myprj/airflow/airflow/lib/python3.7/site-packages/airflow/example_dags/example_latest_only.py
[2023-10-15 11:57:32,976] {logging_mixin.py:109} INFO - [2023-10-15 11:57:32,976] {dag.py:2396} INFO - Sync 1 DAGs
[2023-10-15 11:57:32,983] {logging_mixin.py:109} INFO - [2023-10-15 11:57:32,983] {dag.py:2935} INFO - Setting next_dagrun for latest_only to 2023-10-14T22:57:32.983110+00:00
[2023-10-15 11:57:32,989] {processor.py:171} INFO - Processing /Users/namyoung/Desktop/myprj/airflow/airflow/lib/python3.7/site-packages/airflow/example_dags/example_latest_only.py took 0.033 seconds
[2023-10-15 13:39:04,745] {processor.py:163} INFO - Started process (PID=26971) to work on /Users/namyoung/Desktop/myprj/airflow/airflow/lib/python3.7/site-packages/airflow/example_dags/example_latest_only.py
[2023-10-15 13:39:04,747] {processor.py:642} INFO - Processing file /Users/namyoung/Desktop/myprj/airflow/airflow/lib/python3.7/site-packages/airflow/example_dags/example_latest_only.py for tasks to queue
[2023-10-15 13:39:04,748] {logging_mixin.py:109} INFO - [2023-10-15 13:39:04,748] {dagbag.py:500} INFO - Filling up the DagBag from /Users/namyoung/Desktop/myprj/airflow/airflow/lib/python3.7/site-packages/airflow/example_dags/example_latest_only.py
[2023-10-15 13:39:04,773] {processor.py:654} INFO - DAG(s) dict_keys(['latest_only']) retrieved from /Users/namyoung/Desktop/myprj/airflow/airflow/lib/python3.7/site-packages/airflow/example_dags/example_latest_only.py
[2023-10-15 13:39:04,782] {logging_mixin.py:109} INFO - [2023-10-15 13:39:04,781] {dag.py:2396} INFO - Sync 1 DAGs
[2023-10-15 13:39:04,790] {logging_mixin.py:109} INFO - [2023-10-15 13:39:04,790] {dag.py:2935} INFO - Setting next_dagrun for latest_only to 2023-10-15T00:39:04.790356+00:00
[2023-10-15 13:39:04,796] {processor.py:171} INFO - Processing /Users/namyoung/Desktop/myprj/airflow/airflow/lib/python3.7/site-packages/airflow/example_dags/example_latest_only.py took 0.056 seconds
[2023-10-15 15:19:57,410] {processor.py:163} INFO - Started process (PID=27116) to work on /Users/namyoung/Desktop/myprj/airflow/airflow/lib/python3.7/site-packages/airflow/example_dags/example_latest_only.py
[2023-10-15 15:19:57,411] {processor.py:642} INFO - Processing file /Users/namyoung/Desktop/myprj/airflow/airflow/lib/python3.7/site-packages/airflow/example_dags/example_latest_only.py for tasks to queue
[2023-10-15 15:19:57,413] {logging_mixin.py:109} INFO - [2023-10-15 15:19:57,412] {dagbag.py:500} INFO - Filling up the DagBag from /Users/namyoung/Desktop/myprj/airflow/airflow/lib/python3.7/site-packages/airflow/example_dags/example_latest_only.py
[2023-10-15 15:19:57,436] {processor.py:654} INFO - DAG(s) dict_keys(['latest_only']) retrieved from /Users/namyoung/Desktop/myprj/airflow/airflow/lib/python3.7/site-packages/airflow/example_dags/example_latest_only.py
[2023-10-15 15:19:57,445] {logging_mixin.py:109} INFO - [2023-10-15 15:19:57,445] {dag.py:2396} INFO - Sync 1 DAGs
[2023-10-15 15:19:57,453] {logging_mixin.py:109} INFO - [2023-10-15 15:19:57,453] {dag.py:2935} INFO - Setting next_dagrun for latest_only to 2023-10-15T02:19:57.453330+00:00
[2023-10-15 15:19:57,459] {processor.py:171} INFO - Processing /Users/namyoung/Desktop/myprj/airflow/airflow/lib/python3.7/site-packages/airflow/example_dags/example_latest_only.py took 0.055 seconds
[2023-10-15 16:58:14,978] {processor.py:163} INFO - Started process (PID=27377) to work on /Users/namyoung/Desktop/myprj/airflow/airflow/lib/python3.7/site-packages/airflow/example_dags/example_latest_only.py
[2023-10-15 16:58:14,980] {processor.py:642} INFO - Processing file /Users/namyoung/Desktop/myprj/airflow/airflow/lib/python3.7/site-packages/airflow/example_dags/example_latest_only.py for tasks to queue
[2023-10-15 16:58:14,981] {logging_mixin.py:109} INFO - [2023-10-15 16:58:14,981] {dagbag.py:500} INFO - Filling up the DagBag from /Users/namyoung/Desktop/myprj/airflow/airflow/lib/python3.7/site-packages/airflow/example_dags/example_latest_only.py
[2023-10-15 16:58:15,008] {processor.py:654} INFO - DAG(s) dict_keys(['latest_only']) retrieved from /Users/namyoung/Desktop/myprj/airflow/airflow/lib/python3.7/site-packages/airflow/example_dags/example_latest_only.py
[2023-10-15 16:58:15,016] {logging_mixin.py:109} INFO - [2023-10-15 16:58:15,016] {dag.py:2396} INFO - Sync 1 DAGs
[2023-10-15 16:58:15,025] {logging_mixin.py:109} INFO - [2023-10-15 16:58:15,025] {dag.py:2935} INFO - Setting next_dagrun for latest_only to 2023-10-15T03:58:15.024865+00:00
[2023-10-15 16:58:15,031] {processor.py:171} INFO - Processing /Users/namyoung/Desktop/myprj/airflow/airflow/lib/python3.7/site-packages/airflow/example_dags/example_latest_only.py took 0.059 seconds
[2023-10-15 18:30:50,611] {processor.py:163} INFO - Started process (PID=27515) to work on /Users/namyoung/Desktop/myprj/airflow/airflow/lib/python3.7/site-packages/airflow/example_dags/example_latest_only.py
[2023-10-15 18:30:50,612] {processor.py:642} INFO - Processing file /Users/namyoung/Desktop/myprj/airflow/airflow/lib/python3.7/site-packages/airflow/example_dags/example_latest_only.py for tasks to queue
[2023-10-15 18:30:50,613] {logging_mixin.py:109} INFO - [2023-10-15 18:30:50,612] {dagbag.py:500} INFO - Filling up the DagBag from /Users/namyoung/Desktop/myprj/airflow/airflow/lib/python3.7/site-packages/airflow/example_dags/example_latest_only.py
[2023-10-15 18:30:50,628] {processor.py:654} INFO - DAG(s) dict_keys(['latest_only']) retrieved from /Users/namyoung/Desktop/myprj/airflow/airflow/lib/python3.7/site-packages/airflow/example_dags/example_latest_only.py
[2023-10-15 18:30:50,634] {logging_mixin.py:109} INFO - [2023-10-15 18:30:50,634] {dag.py:2396} INFO - Sync 1 DAGs
[2023-10-15 18:30:50,641] {logging_mixin.py:109} INFO - [2023-10-15 18:30:50,641] {dag.py:2935} INFO - Setting next_dagrun for latest_only to 2023-10-15T05:30:50.641438+00:00
[2023-10-15 18:30:50,647] {processor.py:171} INFO - Processing /Users/namyoung/Desktop/myprj/airflow/airflow/lib/python3.7/site-packages/airflow/example_dags/example_latest_only.py took 0.039 seconds
[2023-10-15 20:08:08,915] {processor.py:163} INFO - Started process (PID=27764) to work on /Users/namyoung/Desktop/myprj/airflow/airflow/lib/python3.7/site-packages/airflow/example_dags/example_latest_only.py
[2023-10-15 20:08:08,916] {processor.py:642} INFO - Processing file /Users/namyoung/Desktop/myprj/airflow/airflow/lib/python3.7/site-packages/airflow/example_dags/example_latest_only.py for tasks to queue
[2023-10-15 20:08:08,916] {logging_mixin.py:109} INFO - [2023-10-15 20:08:08,916] {dagbag.py:500} INFO - Filling up the DagBag from /Users/namyoung/Desktop/myprj/airflow/airflow/lib/python3.7/site-packages/airflow/example_dags/example_latest_only.py
[2023-10-15 20:08:08,928] {processor.py:654} INFO - DAG(s) dict_keys(['latest_only']) retrieved from /Users/namyoung/Desktop/myprj/airflow/airflow/lib/python3.7/site-packages/airflow/example_dags/example_latest_only.py
[2023-10-15 20:08:08,934] {logging_mixin.py:109} INFO - [2023-10-15 20:08:08,934] {dag.py:2396} INFO - Sync 1 DAGs
[2023-10-15 20:08:08,941] {logging_mixin.py:109} INFO - [2023-10-15 20:08:08,941] {dag.py:2935} INFO - Setting next_dagrun for latest_only to 2023-10-15T07:08:08.941110+00:00
[2023-10-15 20:08:08,947] {processor.py:171} INFO - Processing /Users/namyoung/Desktop/myprj/airflow/airflow/lib/python3.7/site-packages/airflow/example_dags/example_latest_only.py took 0.035 seconds
[2023-10-15 21:47:56,172] {processor.py:163} INFO - Started process (PID=27902) to work on /Users/namyoung/Desktop/myprj/airflow/airflow/lib/python3.7/site-packages/airflow/example_dags/example_latest_only.py
[2023-10-15 21:47:56,173] {processor.py:642} INFO - Processing file /Users/namyoung/Desktop/myprj/airflow/airflow/lib/python3.7/site-packages/airflow/example_dags/example_latest_only.py for tasks to queue
[2023-10-15 21:47:56,174] {logging_mixin.py:109} INFO - [2023-10-15 21:47:56,174] {dagbag.py:500} INFO - Filling up the DagBag from /Users/namyoung/Desktop/myprj/airflow/airflow/lib/python3.7/site-packages/airflow/example_dags/example_latest_only.py
[2023-10-15 21:47:56,192] {processor.py:654} INFO - DAG(s) dict_keys(['latest_only']) retrieved from /Users/namyoung/Desktop/myprj/airflow/airflow/lib/python3.7/site-packages/airflow/example_dags/example_latest_only.py
[2023-10-15 21:47:56,201] {logging_mixin.py:109} INFO - [2023-10-15 21:47:56,201] {dag.py:2396} INFO - Sync 1 DAGs
[2023-10-15 21:47:56,210] {logging_mixin.py:109} INFO - [2023-10-15 21:47:56,210] {dag.py:2935} INFO - Setting next_dagrun for latest_only to 2023-10-15T08:47:56.210374+00:00
[2023-10-15 21:47:56,235] {processor.py:171} INFO - Processing /Users/namyoung/Desktop/myprj/airflow/airflow/lib/python3.7/site-packages/airflow/example_dags/example_latest_only.py took 0.067 seconds
[2023-10-15 23:23:03,138] {processor.py:163} INFO - Started process (PID=28179) to work on /Users/namyoung/Desktop/myprj/airflow/airflow/lib/python3.7/site-packages/airflow/example_dags/example_latest_only.py
[2023-10-15 23:23:03,139] {processor.py:642} INFO - Processing file /Users/namyoung/Desktop/myprj/airflow/airflow/lib/python3.7/site-packages/airflow/example_dags/example_latest_only.py for tasks to queue
[2023-10-15 23:23:03,139] {logging_mixin.py:109} INFO - [2023-10-15 23:23:03,139] {dagbag.py:500} INFO - Filling up the DagBag from /Users/namyoung/Desktop/myprj/airflow/airflow/lib/python3.7/site-packages/airflow/example_dags/example_latest_only.py
[2023-10-15 23:23:03,150] {processor.py:654} INFO - DAG(s) dict_keys(['latest_only']) retrieved from /Users/namyoung/Desktop/myprj/airflow/airflow/lib/python3.7/site-packages/airflow/example_dags/example_latest_only.py
[2023-10-15 23:23:03,157] {logging_mixin.py:109} INFO - [2023-10-15 23:23:03,156] {dag.py:2396} INFO - Sync 1 DAGs
[2023-10-15 23:23:03,165] {logging_mixin.py:109} INFO - [2023-10-15 23:23:03,165] {dag.py:2935} INFO - Setting next_dagrun for latest_only to 2023-10-15T10:23:03.164810+00:00
[2023-10-15 23:23:03,171] {processor.py:171} INFO - Processing /Users/namyoung/Desktop/myprj/airflow/airflow/lib/python3.7/site-packages/airflow/example_dags/example_latest_only.py took 0.035 seconds
[2023-10-16 01:06:26,662] {processor.py:163} INFO - Started process (PID=28327) to work on /Users/namyoung/Desktop/myprj/airflow/airflow/lib/python3.7/site-packages/airflow/example_dags/example_latest_only.py
[2023-10-16 01:06:26,664] {processor.py:642} INFO - Processing file /Users/namyoung/Desktop/myprj/airflow/airflow/lib/python3.7/site-packages/airflow/example_dags/example_latest_only.py for tasks to queue
[2023-10-16 01:06:26,666] {logging_mixin.py:109} INFO - [2023-10-16 01:06:26,665] {dagbag.py:500} INFO - Filling up the DagBag from /Users/namyoung/Desktop/myprj/airflow/airflow/lib/python3.7/site-packages/airflow/example_dags/example_latest_only.py
[2023-10-16 01:06:26,690] {processor.py:654} INFO - DAG(s) dict_keys(['latest_only']) retrieved from /Users/namyoung/Desktop/myprj/airflow/airflow/lib/python3.7/site-packages/airflow/example_dags/example_latest_only.py
[2023-10-16 01:06:26,698] {logging_mixin.py:109} INFO - [2023-10-16 01:06:26,698] {dag.py:2396} INFO - Sync 1 DAGs
[2023-10-16 01:06:26,706] {logging_mixin.py:109} INFO - [2023-10-16 01:06:26,706] {dag.py:2935} INFO - Setting next_dagrun for latest_only to 2023-10-15T12:06:26.706305+00:00
[2023-10-16 01:06:26,712] {processor.py:171} INFO - Processing /Users/namyoung/Desktop/myprj/airflow/airflow/lib/python3.7/site-packages/airflow/example_dags/example_latest_only.py took 0.055 seconds
[2023-10-16 02:44:46,358] {processor.py:163} INFO - Started process (PID=28581) to work on /Users/namyoung/Desktop/myprj/airflow/airflow/lib/python3.7/site-packages/airflow/example_dags/example_latest_only.py
[2023-10-16 02:44:46,359] {processor.py:642} INFO - Processing file /Users/namyoung/Desktop/myprj/airflow/airflow/lib/python3.7/site-packages/airflow/example_dags/example_latest_only.py for tasks to queue
[2023-10-16 02:44:46,360] {logging_mixin.py:109} INFO - [2023-10-16 02:44:46,359] {dagbag.py:500} INFO - Filling up the DagBag from /Users/namyoung/Desktop/myprj/airflow/airflow/lib/python3.7/site-packages/airflow/example_dags/example_latest_only.py
[2023-10-16 02:44:46,373] {processor.py:654} INFO - DAG(s) dict_keys(['latest_only']) retrieved from /Users/namyoung/Desktop/myprj/airflow/airflow/lib/python3.7/site-packages/airflow/example_dags/example_latest_only.py
[2023-10-16 02:44:46,379] {logging_mixin.py:109} INFO - [2023-10-16 02:44:46,378] {dag.py:2396} INFO - Sync 1 DAGs
[2023-10-16 02:44:46,386] {logging_mixin.py:109} INFO - [2023-10-16 02:44:46,386] {dag.py:2935} INFO - Setting next_dagrun for latest_only to 2023-10-15T13:44:46.386070+00:00
[2023-10-16 02:44:46,392] {processor.py:171} INFO - Processing /Users/namyoung/Desktop/myprj/airflow/airflow/lib/python3.7/site-packages/airflow/example_dags/example_latest_only.py took 0.035 seconds
[2023-10-16 04:06:30,340] {processor.py:163} INFO - Started process (PID=28705) to work on /Users/namyoung/Desktop/myprj/airflow/airflow/lib/python3.7/site-packages/airflow/example_dags/example_latest_only.py
[2023-10-16 04:06:30,342] {processor.py:642} INFO - Processing file /Users/namyoung/Desktop/myprj/airflow/airflow/lib/python3.7/site-packages/airflow/example_dags/example_latest_only.py for tasks to queue
[2023-10-16 04:06:30,343] {logging_mixin.py:109} INFO - [2023-10-16 04:06:30,343] {dagbag.py:500} INFO - Filling up the DagBag from /Users/namyoung/Desktop/myprj/airflow/airflow/lib/python3.7/site-packages/airflow/example_dags/example_latest_only.py
[2023-10-16 04:06:30,367] {processor.py:654} INFO - DAG(s) dict_keys(['latest_only']) retrieved from /Users/namyoung/Desktop/myprj/airflow/airflow/lib/python3.7/site-packages/airflow/example_dags/example_latest_only.py
[2023-10-16 04:06:30,376] {logging_mixin.py:109} INFO - [2023-10-16 04:06:30,376] {dag.py:2396} INFO - Sync 1 DAGs
[2023-10-16 04:06:30,385] {logging_mixin.py:109} INFO - [2023-10-16 04:06:30,384] {dag.py:2935} INFO - Setting next_dagrun for latest_only to 2023-10-15T15:06:30.384733+00:00
[2023-10-16 04:06:30,391] {processor.py:171} INFO - Processing /Users/namyoung/Desktop/myprj/airflow/airflow/lib/python3.7/site-packages/airflow/example_dags/example_latest_only.py took 0.057 seconds
[2023-10-16 05:28:08,244] {processor.py:163} INFO - Started process (PID=28946) to work on /Users/namyoung/Desktop/myprj/airflow/airflow/lib/python3.7/site-packages/airflow/example_dags/example_latest_only.py
[2023-10-16 05:28:08,246] {processor.py:642} INFO - Processing file /Users/namyoung/Desktop/myprj/airflow/airflow/lib/python3.7/site-packages/airflow/example_dags/example_latest_only.py for tasks to queue
[2023-10-16 05:28:08,247] {logging_mixin.py:109} INFO - [2023-10-16 05:28:08,246] {dagbag.py:500} INFO - Filling up the DagBag from /Users/namyoung/Desktop/myprj/airflow/airflow/lib/python3.7/site-packages/airflow/example_dags/example_latest_only.py
[2023-10-16 05:28:08,269] {processor.py:654} INFO - DAG(s) dict_keys(['latest_only']) retrieved from /Users/namyoung/Desktop/myprj/airflow/airflow/lib/python3.7/site-packages/airflow/example_dags/example_latest_only.py
[2023-10-16 05:28:08,276] {logging_mixin.py:109} INFO - [2023-10-16 05:28:08,276] {dag.py:2396} INFO - Sync 1 DAGs
[2023-10-16 05:45:49,112] {logging_mixin.py:109} INFO - [2023-10-16 05:45:49,112] {dag.py:2935} INFO - Setting next_dagrun for latest_only to 2023-10-15T16:45:49.112198+00:00
[2023-10-16 05:45:49,251] {processor.py:171} INFO - Processing /Users/namyoung/Desktop/myprj/airflow/airflow/lib/python3.7/site-packages/airflow/example_dags/example_latest_only.py took 0.388 seconds
[2023-10-16 07:24:13,259] {processor.py:163} INFO - Started process (PID=29103) to work on /Users/namyoung/Desktop/myprj/airflow/airflow/lib/python3.7/site-packages/airflow/example_dags/example_latest_only.py
[2023-10-16 07:24:13,260] {processor.py:642} INFO - Processing file /Users/namyoung/Desktop/myprj/airflow/airflow/lib/python3.7/site-packages/airflow/example_dags/example_latest_only.py for tasks to queue
[2023-10-16 07:24:13,260] {logging_mixin.py:109} INFO - [2023-10-16 07:24:13,260] {dagbag.py:500} INFO - Filling up the DagBag from /Users/namyoung/Desktop/myprj/airflow/airflow/lib/python3.7/site-packages/airflow/example_dags/example_latest_only.py
[2023-10-16 07:24:13,273] {processor.py:654} INFO - DAG(s) dict_keys(['latest_only']) retrieved from /Users/namyoung/Desktop/myprj/airflow/airflow/lib/python3.7/site-packages/airflow/example_dags/example_latest_only.py
[2023-10-16 07:24:13,278] {logging_mixin.py:109} INFO - [2023-10-16 07:24:13,278] {dag.py:2396} INFO - Sync 1 DAGs
[2023-10-16 07:24:13,286] {logging_mixin.py:109} INFO - [2023-10-16 07:24:13,285] {dag.py:2935} INFO - Setting next_dagrun for latest_only to 2023-10-15T18:24:13.285664+00:00
[2023-10-16 07:24:13,295] {processor.py:171} INFO - Processing /Users/namyoung/Desktop/myprj/airflow/airflow/lib/python3.7/site-packages/airflow/example_dags/example_latest_only.py took 0.038 seconds
