[2023-10-15 10:17:19,708] {processor.py:163} INFO - Started process (PID=26563) to work on /Users/namyoung/Desktop/myprj/airflow/airflow/lib/python3.7/site-packages/airflow/example_dags/example_latest_only_with_trigger.py
[2023-10-15 10:17:19,709] {processor.py:642} INFO - Processing file /Users/namyoung/Desktop/myprj/airflow/airflow/lib/python3.7/site-packages/airflow/example_dags/example_latest_only_with_trigger.py for tasks to queue
[2023-10-15 10:17:19,709] {logging_mixin.py:109} INFO - [2023-10-15 10:17:19,709] {dagbag.py:500} INFO - Filling up the DagBag from /Users/namyoung/Desktop/myprj/airflow/airflow/lib/python3.7/site-packages/airflow/example_dags/example_latest_only_with_trigger.py
[2023-10-15 10:17:19,722] {processor.py:654} INFO - DAG(s) dict_keys(['latest_only_with_trigger']) retrieved from /Users/namyoung/Desktop/myprj/airflow/airflow/lib/python3.7/site-packages/airflow/example_dags/example_latest_only_with_trigger.py
[2023-10-15 10:17:19,727] {logging_mixin.py:109} INFO - [2023-10-15 10:17:19,727] {dag.py:2396} INFO - Sync 1 DAGs
[2023-10-15 10:17:19,735] {logging_mixin.py:109} INFO - [2023-10-15 10:17:19,734] {dag.py:2935} INFO - Setting next_dagrun for latest_only_with_trigger to 2023-10-14T21:17:19.734796+00:00
[2023-10-15 10:17:19,740] {processor.py:171} INFO - Processing /Users/namyoung/Desktop/myprj/airflow/airflow/lib/python3.7/site-packages/airflow/example_dags/example_latest_only_with_trigger.py took 0.035 seconds
[2023-10-15 11:57:32,560] {processor.py:163} INFO - Started process (PID=26698) to work on /Users/namyoung/Desktop/myprj/airflow/airflow/lib/python3.7/site-packages/airflow/example_dags/example_latest_only_with_trigger.py
[2023-10-15 11:57:32,561] {processor.py:642} INFO - Processing file /Users/namyoung/Desktop/myprj/airflow/airflow/lib/python3.7/site-packages/airflow/example_dags/example_latest_only_with_trigger.py for tasks to queue
[2023-10-15 11:57:32,562] {logging_mixin.py:109} INFO - [2023-10-15 11:57:32,562] {dagbag.py:500} INFO - Filling up the DagBag from /Users/namyoung/Desktop/myprj/airflow/airflow/lib/python3.7/site-packages/airflow/example_dags/example_latest_only_with_trigger.py
[2023-10-15 11:57:32,573] {processor.py:654} INFO - DAG(s) dict_keys(['latest_only_with_trigger']) retrieved from /Users/namyoung/Desktop/myprj/airflow/airflow/lib/python3.7/site-packages/airflow/example_dags/example_latest_only_with_trigger.py
[2023-10-15 11:57:32,579] {logging_mixin.py:109} INFO - [2023-10-15 11:57:32,578] {dag.py:2396} INFO - Sync 1 DAGs
[2023-10-15 11:57:32,585] {logging_mixin.py:109} INFO - [2023-10-15 11:57:32,585] {dag.py:2935} INFO - Setting next_dagrun for latest_only_with_trigger to 2023-10-14T22:57:32.585519+00:00
[2023-10-15 11:57:32,592] {processor.py:171} INFO - Processing /Users/namyoung/Desktop/myprj/airflow/airflow/lib/python3.7/site-packages/airflow/example_dags/example_latest_only_with_trigger.py took 0.034 seconds
[2023-10-15 13:39:03,570] {processor.py:163} INFO - Started process (PID=26970) to work on /Users/namyoung/Desktop/myprj/airflow/airflow/lib/python3.7/site-packages/airflow/example_dags/example_latest_only_with_trigger.py
[2023-10-15 13:39:03,571] {processor.py:642} INFO - Processing file /Users/namyoung/Desktop/myprj/airflow/airflow/lib/python3.7/site-packages/airflow/example_dags/example_latest_only_with_trigger.py for tasks to queue
[2023-10-15 13:39:03,571] {logging_mixin.py:109} INFO - [2023-10-15 13:39:03,571] {dagbag.py:500} INFO - Filling up the DagBag from /Users/namyoung/Desktop/myprj/airflow/airflow/lib/python3.7/site-packages/airflow/example_dags/example_latest_only_with_trigger.py
[2023-10-15 13:39:03,584] {processor.py:654} INFO - DAG(s) dict_keys(['latest_only_with_trigger']) retrieved from /Users/namyoung/Desktop/myprj/airflow/airflow/lib/python3.7/site-packages/airflow/example_dags/example_latest_only_with_trigger.py
[2023-10-15 13:39:03,589] {logging_mixin.py:109} INFO - [2023-10-15 13:39:03,589] {dag.py:2396} INFO - Sync 1 DAGs
[2023-10-15 13:39:03,596] {logging_mixin.py:109} INFO - [2023-10-15 13:39:03,596] {dag.py:2935} INFO - Setting next_dagrun for latest_only_with_trigger to 2023-10-15T00:39:03.596506+00:00
[2023-10-15 13:39:03,604] {processor.py:171} INFO - Processing /Users/namyoung/Desktop/myprj/airflow/airflow/lib/python3.7/site-packages/airflow/example_dags/example_latest_only_with_trigger.py took 0.036 seconds
[2023-10-15 15:19:56,869] {processor.py:163} INFO - Started process (PID=27115) to work on /Users/namyoung/Desktop/myprj/airflow/airflow/lib/python3.7/site-packages/airflow/example_dags/example_latest_only_with_trigger.py
[2023-10-15 15:19:56,871] {processor.py:642} INFO - Processing file /Users/namyoung/Desktop/myprj/airflow/airflow/lib/python3.7/site-packages/airflow/example_dags/example_latest_only_with_trigger.py for tasks to queue
[2023-10-15 15:19:56,872] {logging_mixin.py:109} INFO - [2023-10-15 15:19:56,872] {dagbag.py:500} INFO - Filling up the DagBag from /Users/namyoung/Desktop/myprj/airflow/airflow/lib/python3.7/site-packages/airflow/example_dags/example_latest_only_with_trigger.py
[2023-10-15 15:19:56,899] {processor.py:654} INFO - DAG(s) dict_keys(['latest_only_with_trigger']) retrieved from /Users/namyoung/Desktop/myprj/airflow/airflow/lib/python3.7/site-packages/airflow/example_dags/example_latest_only_with_trigger.py
[2023-10-15 15:19:56,908] {logging_mixin.py:109} INFO - [2023-10-15 15:19:56,908] {dag.py:2396} INFO - Sync 1 DAGs
[2023-10-15 15:19:56,916] {logging_mixin.py:109} INFO - [2023-10-15 15:19:56,916] {dag.py:2935} INFO - Setting next_dagrun for latest_only_with_trigger to 2023-10-15T02:19:56.916547+00:00
[2023-10-15 15:19:56,922] {processor.py:171} INFO - Processing /Users/namyoung/Desktop/myprj/airflow/airflow/lib/python3.7/site-packages/airflow/example_dags/example_latest_only_with_trigger.py took 0.059 seconds
[2023-10-15 16:58:13,800] {processor.py:163} INFO - Started process (PID=27376) to work on /Users/namyoung/Desktop/myprj/airflow/airflow/lib/python3.7/site-packages/airflow/example_dags/example_latest_only_with_trigger.py
[2023-10-15 16:58:13,801] {processor.py:642} INFO - Processing file /Users/namyoung/Desktop/myprj/airflow/airflow/lib/python3.7/site-packages/airflow/example_dags/example_latest_only_with_trigger.py for tasks to queue
[2023-10-15 16:58:13,802] {logging_mixin.py:109} INFO - [2023-10-15 16:58:13,802] {dagbag.py:500} INFO - Filling up the DagBag from /Users/namyoung/Desktop/myprj/airflow/airflow/lib/python3.7/site-packages/airflow/example_dags/example_latest_only_with_trigger.py
[2023-10-15 16:58:13,814] {processor.py:654} INFO - DAG(s) dict_keys(['latest_only_with_trigger']) retrieved from /Users/namyoung/Desktop/myprj/airflow/airflow/lib/python3.7/site-packages/airflow/example_dags/example_latest_only_with_trigger.py
[2023-10-15 16:58:13,819] {logging_mixin.py:109} INFO - [2023-10-15 16:58:13,819] {dag.py:2396} INFO - Sync 1 DAGs
[2023-10-15 16:58:13,826] {logging_mixin.py:109} INFO - [2023-10-15 16:58:13,826] {dag.py:2935} INFO - Setting next_dagrun for latest_only_with_trigger to 2023-10-15T03:58:13.826443+00:00
[2023-10-15 16:58:13,832] {processor.py:171} INFO - Processing /Users/namyoung/Desktop/myprj/airflow/airflow/lib/python3.7/site-packages/airflow/example_dags/example_latest_only_with_trigger.py took 0.035 seconds
[2023-10-15 18:30:49,459] {processor.py:163} INFO - Started process (PID=27510) to work on /Users/namyoung/Desktop/myprj/airflow/airflow/lib/python3.7/site-packages/airflow/example_dags/example_latest_only_with_trigger.py
[2023-10-15 18:30:49,460] {processor.py:642} INFO - Processing file /Users/namyoung/Desktop/myprj/airflow/airflow/lib/python3.7/site-packages/airflow/example_dags/example_latest_only_with_trigger.py for tasks to queue
[2023-10-15 18:30:49,461] {logging_mixin.py:109} INFO - [2023-10-15 18:30:49,461] {dagbag.py:500} INFO - Filling up the DagBag from /Users/namyoung/Desktop/myprj/airflow/airflow/lib/python3.7/site-packages/airflow/example_dags/example_latest_only_with_trigger.py
[2023-10-15 18:30:49,473] {processor.py:654} INFO - DAG(s) dict_keys(['latest_only_with_trigger']) retrieved from /Users/namyoung/Desktop/myprj/airflow/airflow/lib/python3.7/site-packages/airflow/example_dags/example_latest_only_with_trigger.py
[2023-10-15 18:30:49,479] {logging_mixin.py:109} INFO - [2023-10-15 18:30:49,479] {dag.py:2396} INFO - Sync 1 DAGs
[2023-10-15 18:30:49,487] {logging_mixin.py:109} INFO - [2023-10-15 18:30:49,486] {dag.py:2935} INFO - Setting next_dagrun for latest_only_with_trigger to 2023-10-15T05:30:49.486577+00:00
[2023-10-15 18:30:49,492] {processor.py:171} INFO - Processing /Users/namyoung/Desktop/myprj/airflow/airflow/lib/python3.7/site-packages/airflow/example_dags/example_latest_only_with_trigger.py took 0.035 seconds
[2023-10-15 19:52:42,106] {processor.py:163} INFO - Started process (PID=27753) to work on /Users/namyoung/Desktop/myprj/airflow/airflow/lib/python3.7/site-packages/airflow/example_dags/example_latest_only_with_trigger.py
[2023-10-15 19:52:42,108] {processor.py:642} INFO - Processing file /Users/namyoung/Desktop/myprj/airflow/airflow/lib/python3.7/site-packages/airflow/example_dags/example_latest_only_with_trigger.py for tasks to queue
[2023-10-15 19:52:42,109] {logging_mixin.py:109} INFO - [2023-10-15 19:52:42,108] {dagbag.py:500} INFO - Filling up the DagBag from /Users/namyoung/Desktop/myprj/airflow/airflow/lib/python3.7/site-packages/airflow/example_dags/example_latest_only_with_trigger.py
[2023-10-15 19:52:42,133] {processor.py:654} INFO - DAG(s) dict_keys(['latest_only_with_trigger']) retrieved from /Users/namyoung/Desktop/myprj/airflow/airflow/lib/python3.7/site-packages/airflow/example_dags/example_latest_only_with_trigger.py
[2023-10-15 19:52:42,141] {logging_mixin.py:109} INFO - [2023-10-15 19:52:42,141] {dag.py:2396} INFO - Sync 1 DAGs
[2023-10-15 19:52:42,150] {logging_mixin.py:109} INFO - [2023-10-15 19:52:42,150] {dag.py:2935} INFO - Setting next_dagrun for latest_only_with_trigger to 2023-10-15T06:52:42.150528+00:00
[2023-10-15 19:52:42,156] {processor.py:171} INFO - Processing /Users/namyoung/Desktop/myprj/airflow/airflow/lib/python3.7/site-packages/airflow/example_dags/example_latest_only_with_trigger.py took 0.056 seconds
[2023-10-15 21:30:31,837] {processor.py:163} INFO - Started process (PID=27901) to work on /Users/namyoung/Desktop/myprj/airflow/airflow/lib/python3.7/site-packages/airflow/example_dags/example_latest_only_with_trigger.py
[2023-10-15 21:30:31,838] {processor.py:642} INFO - Processing file /Users/namyoung/Desktop/myprj/airflow/airflow/lib/python3.7/site-packages/airflow/example_dags/example_latest_only_with_trigger.py for tasks to queue
[2023-10-15 21:30:31,840] {logging_mixin.py:109} INFO - [2023-10-15 21:30:31,839] {dagbag.py:500} INFO - Filling up the DagBag from /Users/namyoung/Desktop/myprj/airflow/airflow/lib/python3.7/site-packages/airflow/example_dags/example_latest_only_with_trigger.py
[2023-10-15 21:30:31,863] {processor.py:654} INFO - DAG(s) dict_keys(['latest_only_with_trigger']) retrieved from /Users/namyoung/Desktop/myprj/airflow/airflow/lib/python3.7/site-packages/airflow/example_dags/example_latest_only_with_trigger.py
[2023-10-15 21:30:31,872] {logging_mixin.py:109} INFO - [2023-10-15 21:30:31,871] {dag.py:2396} INFO - Sync 1 DAGs
[2023-10-15 21:30:31,880] {logging_mixin.py:109} INFO - [2023-10-15 21:30:31,879] {dag.py:2935} INFO - Setting next_dagrun for latest_only_with_trigger to 2023-10-15T08:30:31.879786+00:00
[2023-10-15 21:30:31,886] {processor.py:171} INFO - Processing /Users/namyoung/Desktop/myprj/airflow/airflow/lib/python3.7/site-packages/airflow/example_dags/example_latest_only_with_trigger.py took 0.055 seconds
[2023-10-15 23:23:01,988] {processor.py:163} INFO - Started process (PID=28171) to work on /Users/namyoung/Desktop/myprj/airflow/airflow/lib/python3.7/site-packages/airflow/example_dags/example_latest_only_with_trigger.py
[2023-10-15 23:23:01,988] {processor.py:642} INFO - Processing file /Users/namyoung/Desktop/myprj/airflow/airflow/lib/python3.7/site-packages/airflow/example_dags/example_latest_only_with_trigger.py for tasks to queue
[2023-10-15 23:23:01,989] {logging_mixin.py:109} INFO - [2023-10-15 23:23:01,989] {dagbag.py:500} INFO - Filling up the DagBag from /Users/namyoung/Desktop/myprj/airflow/airflow/lib/python3.7/site-packages/airflow/example_dags/example_latest_only_with_trigger.py
[2023-10-15 23:23:02,002] {processor.py:654} INFO - DAG(s) dict_keys(['latest_only_with_trigger']) retrieved from /Users/namyoung/Desktop/myprj/airflow/airflow/lib/python3.7/site-packages/airflow/example_dags/example_latest_only_with_trigger.py
[2023-10-15 23:23:02,008] {logging_mixin.py:109} INFO - [2023-10-15 23:23:02,008] {dag.py:2396} INFO - Sync 1 DAGs
[2023-10-15 23:23:02,016] {logging_mixin.py:109} INFO - [2023-10-15 23:23:02,016] {dag.py:2935} INFO - Setting next_dagrun for latest_only_with_trigger to 2023-10-15T10:23:02.016106+00:00
[2023-10-15 23:23:02,021] {processor.py:171} INFO - Processing /Users/namyoung/Desktop/myprj/airflow/airflow/lib/python3.7/site-packages/airflow/example_dags/example_latest_only_with_trigger.py took 0.035 seconds
[2023-10-16 01:06:25,493] {processor.py:163} INFO - Started process (PID=28325) to work on /Users/namyoung/Desktop/myprj/airflow/airflow/lib/python3.7/site-packages/airflow/example_dags/example_latest_only_with_trigger.py
[2023-10-16 01:06:25,495] {processor.py:642} INFO - Processing file /Users/namyoung/Desktop/myprj/airflow/airflow/lib/python3.7/site-packages/airflow/example_dags/example_latest_only_with_trigger.py for tasks to queue
[2023-10-16 01:06:25,496] {logging_mixin.py:109} INFO - [2023-10-16 01:06:25,495] {dagbag.py:500} INFO - Filling up the DagBag from /Users/namyoung/Desktop/myprj/airflow/airflow/lib/python3.7/site-packages/airflow/example_dags/example_latest_only_with_trigger.py
[2023-10-16 01:06:25,515] {processor.py:654} INFO - DAG(s) dict_keys(['latest_only_with_trigger']) retrieved from /Users/namyoung/Desktop/myprj/airflow/airflow/lib/python3.7/site-packages/airflow/example_dags/example_latest_only_with_trigger.py
[2023-10-16 01:06:25,522] {logging_mixin.py:109} INFO - [2023-10-16 01:06:25,522] {dag.py:2396} INFO - Sync 1 DAGs
[2023-10-16 01:06:25,531] {logging_mixin.py:109} INFO - [2023-10-16 01:06:25,530] {dag.py:2935} INFO - Setting next_dagrun for latest_only_with_trigger to 2023-10-15T12:06:25.530648+00:00
[2023-10-16 01:06:25,536] {processor.py:171} INFO - Processing /Users/namyoung/Desktop/myprj/airflow/airflow/lib/python3.7/site-packages/airflow/example_dags/example_latest_only_with_trigger.py took 0.047 seconds
[2023-10-16 02:44:45,221] {processor.py:163} INFO - Started process (PID=28573) to work on /Users/namyoung/Desktop/myprj/airflow/airflow/lib/python3.7/site-packages/airflow/example_dags/example_latest_only_with_trigger.py
[2023-10-16 02:44:45,223] {processor.py:642} INFO - Processing file /Users/namyoung/Desktop/myprj/airflow/airflow/lib/python3.7/site-packages/airflow/example_dags/example_latest_only_with_trigger.py for tasks to queue
[2023-10-16 02:44:45,224] {logging_mixin.py:109} INFO - [2023-10-16 02:44:45,224] {dagbag.py:500} INFO - Filling up the DagBag from /Users/namyoung/Desktop/myprj/airflow/airflow/lib/python3.7/site-packages/airflow/example_dags/example_latest_only_with_trigger.py
[2023-10-16 02:44:45,246] {processor.py:654} INFO - DAG(s) dict_keys(['latest_only_with_trigger']) retrieved from /Users/namyoung/Desktop/myprj/airflow/airflow/lib/python3.7/site-packages/airflow/example_dags/example_latest_only_with_trigger.py
[2023-10-16 02:44:45,254] {logging_mixin.py:109} INFO - [2023-10-16 02:44:45,254] {dag.py:2396} INFO - Sync 1 DAGs
[2023-10-16 02:44:45,264] {logging_mixin.py:109} INFO - [2023-10-16 02:44:45,264] {dag.py:2935} INFO - Setting next_dagrun for latest_only_with_trigger to 2023-10-15T13:44:45.263846+00:00
[2023-10-16 02:44:45,280] {processor.py:171} INFO - Processing /Users/namyoung/Desktop/myprj/airflow/airflow/lib/python3.7/site-packages/airflow/example_dags/example_latest_only_with_trigger.py took 0.063 seconds
[2023-10-16 04:06:29,178] {processor.py:163} INFO - Started process (PID=28704) to work on /Users/namyoung/Desktop/myprj/airflow/airflow/lib/python3.7/site-packages/airflow/example_dags/example_latest_only_with_trigger.py
[2023-10-16 04:06:29,179] {processor.py:642} INFO - Processing file /Users/namyoung/Desktop/myprj/airflow/airflow/lib/python3.7/site-packages/airflow/example_dags/example_latest_only_with_trigger.py for tasks to queue
[2023-10-16 04:06:29,181] {logging_mixin.py:109} INFO - [2023-10-16 04:06:29,180] {dagbag.py:500} INFO - Filling up the DagBag from /Users/namyoung/Desktop/myprj/airflow/airflow/lib/python3.7/site-packages/airflow/example_dags/example_latest_only_with_trigger.py
[2023-10-16 04:06:29,204] {processor.py:654} INFO - DAG(s) dict_keys(['latest_only_with_trigger']) retrieved from /Users/namyoung/Desktop/myprj/airflow/airflow/lib/python3.7/site-packages/airflow/example_dags/example_latest_only_with_trigger.py
[2023-10-16 04:06:29,212] {logging_mixin.py:109} INFO - [2023-10-16 04:06:29,212] {dag.py:2396} INFO - Sync 1 DAGs
[2023-10-16 04:06:29,221] {logging_mixin.py:109} INFO - [2023-10-16 04:06:29,221] {dag.py:2935} INFO - Setting next_dagrun for latest_only_with_trigger to 2023-10-15T15:06:29.221070+00:00
[2023-10-16 04:06:29,227] {processor.py:171} INFO - Processing /Users/namyoung/Desktop/myprj/airflow/airflow/lib/python3.7/site-packages/airflow/example_dags/example_latest_only_with_trigger.py took 0.055 seconds
[2023-10-16 05:28:07,106] {processor.py:163} INFO - Started process (PID=28945) to work on /Users/namyoung/Desktop/myprj/airflow/airflow/lib/python3.7/site-packages/airflow/example_dags/example_latest_only_with_trigger.py
[2023-10-16 05:28:07,108] {processor.py:642} INFO - Processing file /Users/namyoung/Desktop/myprj/airflow/airflow/lib/python3.7/site-packages/airflow/example_dags/example_latest_only_with_trigger.py for tasks to queue
[2023-10-16 05:28:07,110] {logging_mixin.py:109} INFO - [2023-10-16 05:28:07,109] {dagbag.py:500} INFO - Filling up the DagBag from /Users/namyoung/Desktop/myprj/airflow/airflow/lib/python3.7/site-packages/airflow/example_dags/example_latest_only_with_trigger.py
[2023-10-16 05:28:07,135] {processor.py:654} INFO - DAG(s) dict_keys(['latest_only_with_trigger']) retrieved from /Users/namyoung/Desktop/myprj/airflow/airflow/lib/python3.7/site-packages/airflow/example_dags/example_latest_only_with_trigger.py
[2023-10-16 05:28:07,144] {logging_mixin.py:109} INFO - [2023-10-16 05:28:07,144] {dag.py:2396} INFO - Sync 1 DAGs
[2023-10-16 05:28:07,152] {logging_mixin.py:109} INFO - [2023-10-16 05:28:07,152] {dag.py:2935} INFO - Setting next_dagrun for latest_only_with_trigger to 2023-10-15T16:28:07.152502+00:00
[2023-10-16 05:28:07,158] {processor.py:171} INFO - Processing /Users/namyoung/Desktop/myprj/airflow/airflow/lib/python3.7/site-packages/airflow/example_dags/example_latest_only_with_trigger.py took 0.058 seconds
[2023-10-16 07:24:12,114] {processor.py:163} INFO - Started process (PID=29089) to work on /Users/namyoung/Desktop/myprj/airflow/airflow/lib/python3.7/site-packages/airflow/example_dags/example_latest_only_with_trigger.py
[2023-10-16 07:24:12,115] {processor.py:642} INFO - Processing file /Users/namyoung/Desktop/myprj/airflow/airflow/lib/python3.7/site-packages/airflow/example_dags/example_latest_only_with_trigger.py for tasks to queue
[2023-10-16 07:24:12,116] {logging_mixin.py:109} INFO - [2023-10-16 07:24:12,116] {dagbag.py:500} INFO - Filling up the DagBag from /Users/namyoung/Desktop/myprj/airflow/airflow/lib/python3.7/site-packages/airflow/example_dags/example_latest_only_with_trigger.py
[2023-10-16 07:24:12,138] {processor.py:654} INFO - DAG(s) dict_keys(['latest_only_with_trigger']) retrieved from /Users/namyoung/Desktop/myprj/airflow/airflow/lib/python3.7/site-packages/airflow/example_dags/example_latest_only_with_trigger.py
[2023-10-16 07:24:12,147] {logging_mixin.py:109} INFO - [2023-10-16 07:24:12,146] {dag.py:2396} INFO - Sync 1 DAGs
[2023-10-16 07:24:12,158] {logging_mixin.py:109} INFO - [2023-10-16 07:24:12,158] {dag.py:2935} INFO - Setting next_dagrun for latest_only_with_trigger to 2023-10-15T18:24:12.157581+00:00
[2023-10-16 07:24:12,176] {processor.py:171} INFO - Processing /Users/namyoung/Desktop/myprj/airflow/airflow/lib/python3.7/site-packages/airflow/example_dags/example_latest_only_with_trigger.py took 0.066 seconds
[2023-10-16 08:46:41,271] {processor.py:163} INFO - Started process (PID=29384) to work on /Users/namyoung/Desktop/myprj/airflow/airflow/lib/python3.7/site-packages/airflow/example_dags/example_latest_only_with_trigger.py
[2023-10-16 08:46:41,273] {processor.py:642} INFO - Processing file /Users/namyoung/Desktop/myprj/airflow/airflow/lib/python3.7/site-packages/airflow/example_dags/example_latest_only_with_trigger.py for tasks to queue
[2023-10-16 08:46:41,274] {logging_mixin.py:109} INFO - [2023-10-16 08:46:41,273] {dagbag.py:500} INFO - Filling up the DagBag from /Users/namyoung/Desktop/myprj/airflow/airflow/lib/python3.7/site-packages/airflow/example_dags/example_latest_only_with_trigger.py
[2023-10-16 08:46:41,298] {processor.py:654} INFO - DAG(s) dict_keys(['latest_only_with_trigger']) retrieved from /Users/namyoung/Desktop/myprj/airflow/airflow/lib/python3.7/site-packages/airflow/example_dags/example_latest_only_with_trigger.py
[2023-10-16 08:46:41,312] {logging_mixin.py:109} INFO - [2023-10-16 08:46:41,311] {dag.py:2396} INFO - Sync 1 DAGs
[2023-10-16 08:46:41,323] {logging_mixin.py:109} INFO - [2023-10-16 08:46:41,323] {dag.py:2935} INFO - Setting next_dagrun for latest_only_with_trigger to 2023-10-15T19:46:41.323284+00:00
[2023-10-16 08:46:41,330] {processor.py:171} INFO - Processing /Users/namyoung/Desktop/myprj/airflow/airflow/lib/python3.7/site-packages/airflow/example_dags/example_latest_only_with_trigger.py took 0.063 seconds
