[2023-10-15 10:35:01,919] {processor.py:163} INFO - Started process (PID=26588) to work on /Users/namyoung/Desktop/myprj/airflow/airflow/lib/python3.7/site-packages/airflow/example_dags/example_branch_labels.py
[2023-10-15 10:35:01,921] {processor.py:642} INFO - Processing file /Users/namyoung/Desktop/myprj/airflow/airflow/lib/python3.7/site-packages/airflow/example_dags/example_branch_labels.py for tasks to queue
[2023-10-15 10:35:01,922] {logging_mixin.py:109} INFO - [2023-10-15 10:35:01,922] {dagbag.py:500} INFO - Filling up the DagBag from /Users/namyoung/Desktop/myprj/airflow/airflow/lib/python3.7/site-packages/airflow/example_dags/example_branch_labels.py
[2023-10-15 10:35:01,947] {processor.py:654} INFO - DAG(s) dict_keys(['example_branch_labels']) retrieved from /Users/namyoung/Desktop/myprj/airflow/airflow/lib/python3.7/site-packages/airflow/example_dags/example_branch_labels.py
[2023-10-15 10:35:01,955] {logging_mixin.py:109} INFO - [2023-10-15 10:35:01,955] {dag.py:2396} INFO - Sync 1 DAGs
[2023-10-15 10:35:01,964] {logging_mixin.py:109} INFO - [2023-10-15 10:35:01,964] {dag.py:2935} INFO - Setting next_dagrun for example_branch_labels to 2023-10-14 00:00:00+00:00
[2023-10-15 10:35:01,969] {processor.py:171} INFO - Processing /Users/namyoung/Desktop/myprj/airflow/airflow/lib/python3.7/site-packages/airflow/example_dags/example_branch_labels.py took 0.055 seconds
[2023-10-15 12:14:32,108] {processor.py:163} INFO - Started process (PID=26732) to work on /Users/namyoung/Desktop/myprj/airflow/airflow/lib/python3.7/site-packages/airflow/example_dags/example_branch_labels.py
[2023-10-15 12:14:32,110] {processor.py:642} INFO - Processing file /Users/namyoung/Desktop/myprj/airflow/airflow/lib/python3.7/site-packages/airflow/example_dags/example_branch_labels.py for tasks to queue
[2023-10-15 12:14:32,112] {logging_mixin.py:109} INFO - [2023-10-15 12:14:32,111] {dagbag.py:500} INFO - Filling up the DagBag from /Users/namyoung/Desktop/myprj/airflow/airflow/lib/python3.7/site-packages/airflow/example_dags/example_branch_labels.py
[2023-10-15 12:14:32,139] {processor.py:654} INFO - DAG(s) dict_keys(['example_branch_labels']) retrieved from /Users/namyoung/Desktop/myprj/airflow/airflow/lib/python3.7/site-packages/airflow/example_dags/example_branch_labels.py
[2023-10-15 12:14:32,147] {logging_mixin.py:109} INFO - [2023-10-15 12:14:32,147] {dag.py:2396} INFO - Sync 1 DAGs
[2023-10-15 12:14:32,157] {logging_mixin.py:109} INFO - [2023-10-15 12:14:32,157] {dag.py:2935} INFO - Setting next_dagrun for example_branch_labels to 2023-10-14 00:00:00+00:00
[2023-10-15 12:14:32,163] {processor.py:171} INFO - Processing /Users/namyoung/Desktop/myprj/airflow/airflow/lib/python3.7/site-packages/airflow/example_dags/example_branch_labels.py took 0.060 seconds
[2023-10-15 14:12:30,623] {processor.py:163} INFO - Started process (PID=27000) to work on /Users/namyoung/Desktop/myprj/airflow/airflow/lib/python3.7/site-packages/airflow/example_dags/example_branch_labels.py
[2023-10-15 14:12:30,625] {processor.py:642} INFO - Processing file /Users/namyoung/Desktop/myprj/airflow/airflow/lib/python3.7/site-packages/airflow/example_dags/example_branch_labels.py for tasks to queue
[2023-10-15 14:12:30,625] {logging_mixin.py:109} INFO - [2023-10-15 14:12:30,625] {dagbag.py:500} INFO - Filling up the DagBag from /Users/namyoung/Desktop/myprj/airflow/airflow/lib/python3.7/site-packages/airflow/example_dags/example_branch_labels.py
[2023-10-15 14:12:30,638] {processor.py:654} INFO - DAG(s) dict_keys(['example_branch_labels']) retrieved from /Users/namyoung/Desktop/myprj/airflow/airflow/lib/python3.7/site-packages/airflow/example_dags/example_branch_labels.py
[2023-10-15 14:12:30,645] {logging_mixin.py:109} INFO - [2023-10-15 14:12:30,644] {dag.py:2396} INFO - Sync 1 DAGs
[2023-10-15 14:12:30,653] {logging_mixin.py:109} INFO - [2023-10-15 14:12:30,652] {dag.py:2935} INFO - Setting next_dagrun for example_branch_labels to 2023-10-14 00:00:00+00:00
[2023-10-15 14:12:30,658] {processor.py:171} INFO - Processing /Users/namyoung/Desktop/myprj/airflow/airflow/lib/python3.7/site-packages/airflow/example_dags/example_branch_labels.py took 0.040 seconds
[2023-10-15 17:29:29,320] {processor.py:163} INFO - Started process (PID=27405) to work on /Users/namyoung/Desktop/myprj/airflow/airflow/lib/python3.7/site-packages/airflow/example_dags/example_branch_labels.py
[2023-10-15 17:29:29,322] {processor.py:642} INFO - Processing file /Users/namyoung/Desktop/myprj/airflow/airflow/lib/python3.7/site-packages/airflow/example_dags/example_branch_labels.py for tasks to queue
[2023-10-15 17:29:29,323] {logging_mixin.py:109} INFO - [2023-10-15 17:29:29,322] {dagbag.py:500} INFO - Filling up the DagBag from /Users/namyoung/Desktop/myprj/airflow/airflow/lib/python3.7/site-packages/airflow/example_dags/example_branch_labels.py
[2023-10-15 17:29:29,344] {processor.py:654} INFO - DAG(s) dict_keys(['example_branch_labels']) retrieved from /Users/namyoung/Desktop/myprj/airflow/airflow/lib/python3.7/site-packages/airflow/example_dags/example_branch_labels.py
[2023-10-15 17:29:29,354] {logging_mixin.py:109} INFO - [2023-10-15 17:29:29,354] {dag.py:2396} INFO - Sync 1 DAGs
[2023-10-15 17:29:29,368] {logging_mixin.py:109} INFO - [2023-10-15 17:29:29,367] {dag.py:2935} INFO - Setting next_dagrun for example_branch_labels to 2023-10-14 00:00:00+00:00
[2023-10-15 17:29:29,373] {processor.py:171} INFO - Processing /Users/namyoung/Desktop/myprj/airflow/airflow/lib/python3.7/site-packages/airflow/example_dags/example_branch_labels.py took 0.058 seconds
[2023-10-15 20:26:11,135] {processor.py:163} INFO - Started process (PID=27791) to work on /Users/namyoung/Desktop/myprj/airflow/airflow/lib/python3.7/site-packages/airflow/example_dags/example_branch_labels.py
[2023-10-15 20:26:11,136] {processor.py:642} INFO - Processing file /Users/namyoung/Desktop/myprj/airflow/airflow/lib/python3.7/site-packages/airflow/example_dags/example_branch_labels.py for tasks to queue
[2023-10-15 20:26:11,136] {logging_mixin.py:109} INFO - [2023-10-15 20:26:11,136] {dagbag.py:500} INFO - Filling up the DagBag from /Users/namyoung/Desktop/myprj/airflow/airflow/lib/python3.7/site-packages/airflow/example_dags/example_branch_labels.py
[2023-10-15 20:26:11,149] {processor.py:654} INFO - DAG(s) dict_keys(['example_branch_labels']) retrieved from /Users/namyoung/Desktop/myprj/airflow/airflow/lib/python3.7/site-packages/airflow/example_dags/example_branch_labels.py
[2023-10-15 20:26:11,154] {logging_mixin.py:109} INFO - [2023-10-15 20:26:11,154] {dag.py:2396} INFO - Sync 1 DAGs
[2023-10-15 20:26:11,162] {logging_mixin.py:109} INFO - [2023-10-15 20:26:11,161] {dag.py:2935} INFO - Setting next_dagrun for example_branch_labels to 2023-10-14 00:00:00+00:00
[2023-10-15 20:26:11,167] {processor.py:171} INFO - Processing /Users/namyoung/Desktop/myprj/airflow/airflow/lib/python3.7/site-packages/airflow/example_dags/example_branch_labels.py took 0.034 seconds
[2023-10-15 22:03:53,480] {processor.py:163} INFO - Started process (PID=27945) to work on /Users/namyoung/Desktop/myprj/airflow/airflow/lib/python3.7/site-packages/airflow/example_dags/example_branch_labels.py
[2023-10-15 22:03:53,482] {processor.py:642} INFO - Processing file /Users/namyoung/Desktop/myprj/airflow/airflow/lib/python3.7/site-packages/airflow/example_dags/example_branch_labels.py for tasks to queue
[2023-10-15 22:03:53,483] {logging_mixin.py:109} INFO - [2023-10-15 22:03:53,483] {dagbag.py:500} INFO - Filling up the DagBag from /Users/namyoung/Desktop/myprj/airflow/airflow/lib/python3.7/site-packages/airflow/example_dags/example_branch_labels.py
[2023-10-15 22:03:53,508] {processor.py:654} INFO - DAG(s) dict_keys(['example_branch_labels']) retrieved from /Users/namyoung/Desktop/myprj/airflow/airflow/lib/python3.7/site-packages/airflow/example_dags/example_branch_labels.py
[2023-10-15 22:03:53,517] {logging_mixin.py:109} INFO - [2023-10-15 22:03:53,516] {dag.py:2396} INFO - Sync 1 DAGs
[2023-10-15 22:03:53,526] {logging_mixin.py:109} INFO - [2023-10-15 22:03:53,525] {dag.py:2935} INFO - Setting next_dagrun for example_branch_labels to 2023-10-14 00:00:00+00:00
[2023-10-15 22:03:53,530] {processor.py:171} INFO - Processing /Users/namyoung/Desktop/myprj/airflow/airflow/lib/python3.7/site-packages/airflow/example_dags/example_branch_labels.py took 0.055 seconds
[2023-10-15 23:40:48,971] {processor.py:163} INFO - Started process (PID=28210) to work on /Users/namyoung/Desktop/myprj/airflow/airflow/lib/python3.7/site-packages/airflow/example_dags/example_branch_labels.py
[2023-10-15 23:40:48,973] {processor.py:642} INFO - Processing file /Users/namyoung/Desktop/myprj/airflow/airflow/lib/python3.7/site-packages/airflow/example_dags/example_branch_labels.py for tasks to queue
[2023-10-15 23:40:48,974] {logging_mixin.py:109} INFO - [2023-10-15 23:40:48,974] {dagbag.py:500} INFO - Filling up the DagBag from /Users/namyoung/Desktop/myprj/airflow/airflow/lib/python3.7/site-packages/airflow/example_dags/example_branch_labels.py
[2023-10-15 23:40:49,001] {processor.py:654} INFO - DAG(s) dict_keys(['example_branch_labels']) retrieved from /Users/namyoung/Desktop/myprj/airflow/airflow/lib/python3.7/site-packages/airflow/example_dags/example_branch_labels.py
[2023-10-15 23:40:49,009] {logging_mixin.py:109} INFO - [2023-10-15 23:40:49,009] {dag.py:2396} INFO - Sync 1 DAGs
[2023-10-15 23:40:49,018] {logging_mixin.py:109} INFO - [2023-10-15 23:40:49,018] {dag.py:2935} INFO - Setting next_dagrun for example_branch_labels to 2023-10-14 00:00:00+00:00
[2023-10-15 23:40:49,023] {processor.py:171} INFO - Processing /Users/namyoung/Desktop/myprj/airflow/airflow/lib/python3.7/site-packages/airflow/example_dags/example_branch_labels.py took 0.056 seconds
[2023-10-16 01:38:37,193] {processor.py:163} INFO - Started process (PID=28355) to work on /Users/namyoung/Desktop/myprj/airflow/airflow/lib/python3.7/site-packages/airflow/example_dags/example_branch_labels.py
[2023-10-16 01:38:37,195] {processor.py:642} INFO - Processing file /Users/namyoung/Desktop/myprj/airflow/airflow/lib/python3.7/site-packages/airflow/example_dags/example_branch_labels.py for tasks to queue
[2023-10-16 01:38:37,195] {logging_mixin.py:109} INFO - [2023-10-16 01:38:37,195] {dagbag.py:500} INFO - Filling up the DagBag from /Users/namyoung/Desktop/myprj/airflow/airflow/lib/python3.7/site-packages/airflow/example_dags/example_branch_labels.py
[2023-10-16 01:38:37,218] {processor.py:654} INFO - DAG(s) dict_keys(['example_branch_labels']) retrieved from /Users/namyoung/Desktop/myprj/airflow/airflow/lib/python3.7/site-packages/airflow/example_dags/example_branch_labels.py
[2023-10-16 01:38:37,228] {logging_mixin.py:109} INFO - [2023-10-16 01:38:37,228] {dag.py:2396} INFO - Sync 1 DAGs
[2023-10-16 01:38:37,239] {logging_mixin.py:109} INFO - [2023-10-16 01:38:37,239] {dag.py:2935} INFO - Setting next_dagrun for example_branch_labels to 2023-10-14 00:00:00+00:00
[2023-10-16 01:38:37,245] {processor.py:171} INFO - Processing /Users/namyoung/Desktop/myprj/airflow/airflow/lib/python3.7/site-packages/airflow/example_dags/example_branch_labels.py took 0.055 seconds
[2023-10-16 04:24:30,452] {processor.py:163} INFO - Started process (PID=28729) to work on /Users/namyoung/Desktop/myprj/airflow/airflow/lib/python3.7/site-packages/airflow/example_dags/example_branch_labels.py
[2023-10-16 04:24:30,453] {processor.py:642} INFO - Processing file /Users/namyoung/Desktop/myprj/airflow/airflow/lib/python3.7/site-packages/airflow/example_dags/example_branch_labels.py for tasks to queue
[2023-10-16 04:24:30,454] {logging_mixin.py:109} INFO - [2023-10-16 04:24:30,454] {dagbag.py:500} INFO - Filling up the DagBag from /Users/namyoung/Desktop/myprj/airflow/airflow/lib/python3.7/site-packages/airflow/example_dags/example_branch_labels.py
[2023-10-16 04:24:30,472] {processor.py:654} INFO - DAG(s) dict_keys(['example_branch_labels']) retrieved from /Users/namyoung/Desktop/myprj/airflow/airflow/lib/python3.7/site-packages/airflow/example_dags/example_branch_labels.py
[2023-10-16 04:24:30,480] {logging_mixin.py:109} INFO - [2023-10-16 04:24:30,479] {dag.py:2396} INFO - Sync 1 DAGs
[2023-10-16 04:24:30,490] {logging_mixin.py:109} INFO - [2023-10-16 04:24:30,489] {dag.py:2935} INFO - Setting next_dagrun for example_branch_labels to 2023-10-14 00:00:00+00:00
[2023-10-16 04:24:30,496] {processor.py:171} INFO - Processing /Users/namyoung/Desktop/myprj/airflow/airflow/lib/python3.7/site-packages/airflow/example_dags/example_branch_labels.py took 0.048 seconds
[2023-10-16 06:02:07,240] {processor.py:163} INFO - Started process (PID=28990) to work on /Users/namyoung/Desktop/myprj/airflow/airflow/lib/python3.7/site-packages/airflow/example_dags/example_branch_labels.py
[2023-10-16 06:02:07,241] {processor.py:642} INFO - Processing file /Users/namyoung/Desktop/myprj/airflow/airflow/lib/python3.7/site-packages/airflow/example_dags/example_branch_labels.py for tasks to queue
[2023-10-16 06:02:07,241] {logging_mixin.py:109} INFO - [2023-10-16 06:02:07,241] {dagbag.py:500} INFO - Filling up the DagBag from /Users/namyoung/Desktop/myprj/airflow/airflow/lib/python3.7/site-packages/airflow/example_dags/example_branch_labels.py
[2023-10-16 06:02:07,254] {processor.py:654} INFO - DAG(s) dict_keys(['example_branch_labels']) retrieved from /Users/namyoung/Desktop/myprj/airflow/airflow/lib/python3.7/site-packages/airflow/example_dags/example_branch_labels.py
[2023-10-16 06:02:07,262] {logging_mixin.py:109} INFO - [2023-10-16 06:02:07,262] {dag.py:2396} INFO - Sync 1 DAGs
[2023-10-16 06:02:07,270] {logging_mixin.py:109} INFO - [2023-10-16 06:02:07,270] {dag.py:2935} INFO - Setting next_dagrun for example_branch_labels to 2023-10-14 00:00:00+00:00
[2023-10-16 06:02:07,276] {processor.py:171} INFO - Processing /Users/namyoung/Desktop/myprj/airflow/airflow/lib/python3.7/site-packages/airflow/example_dags/example_branch_labels.py took 0.038 seconds
[2023-10-16 07:39:29,586] {processor.py:163} INFO - Started process (PID=29128) to work on /Users/namyoung/Desktop/myprj/airflow/airflow/lib/python3.7/site-packages/airflow/example_dags/example_branch_labels.py
[2023-10-16 07:39:29,588] {processor.py:642} INFO - Processing file /Users/namyoung/Desktop/myprj/airflow/airflow/lib/python3.7/site-packages/airflow/example_dags/example_branch_labels.py for tasks to queue
[2023-10-16 07:39:29,589] {logging_mixin.py:109} INFO - [2023-10-16 07:39:29,589] {dagbag.py:500} INFO - Filling up the DagBag from /Users/namyoung/Desktop/myprj/airflow/airflow/lib/python3.7/site-packages/airflow/example_dags/example_branch_labels.py
[2023-10-16 07:39:29,614] {processor.py:654} INFO - DAG(s) dict_keys(['example_branch_labels']) retrieved from /Users/namyoung/Desktop/myprj/airflow/airflow/lib/python3.7/site-packages/airflow/example_dags/example_branch_labels.py
[2023-10-16 07:39:29,624] {logging_mixin.py:109} INFO - [2023-10-16 07:39:29,624] {dag.py:2396} INFO - Sync 1 DAGs
[2023-10-16 07:39:29,633] {logging_mixin.py:109} INFO - [2023-10-16 07:39:29,633] {dag.py:2935} INFO - Setting next_dagrun for example_branch_labels to 2023-10-14 00:00:00+00:00
[2023-10-16 07:39:29,639] {processor.py:171} INFO - Processing /Users/namyoung/Desktop/myprj/airflow/airflow/lib/python3.7/site-packages/airflow/example_dags/example_branch_labels.py took 0.059 seconds
