[2023-10-15 10:00:56,574] {processor.py:163} INFO - Started process (PID=26463) to work on /Users/namyoung/Desktop/myprj/airflow/airflow/lib/python3.7/site-packages/airflow/example_dags/example_python_operator.py
[2023-10-15 10:00:56,576] {processor.py:642} INFO - Processing file /Users/namyoung/Desktop/myprj/airflow/airflow/lib/python3.7/site-packages/airflow/example_dags/example_python_operator.py for tasks to queue
[2023-10-15 10:00:56,577] {logging_mixin.py:109} INFO - [2023-10-15 10:00:56,577] {dagbag.py:500} INFO - Filling up the DagBag from /Users/namyoung/Desktop/myprj/airflow/airflow/lib/python3.7/site-packages/airflow/example_dags/example_python_operator.py
[2023-10-15 10:00:56,614] {processor.py:654} INFO - DAG(s) dict_keys(['example_python_operator']) retrieved from /Users/namyoung/Desktop/myprj/airflow/airflow/lib/python3.7/site-packages/airflow/example_dags/example_python_operator.py
[2023-10-15 10:00:56,625] {logging_mixin.py:109} INFO - [2023-10-15 10:00:56,625] {dag.py:2396} INFO - Sync 1 DAGs
[2023-10-15 10:00:56,635] {logging_mixin.py:109} INFO - [2023-10-15 10:00:56,635] {dag.py:2935} INFO - Setting next_dagrun for example_python_operator to None
[2023-10-15 10:00:56,640] {processor.py:171} INFO - Processing /Users/namyoung/Desktop/myprj/airflow/airflow/lib/python3.7/site-packages/airflow/example_dags/example_python_operator.py took 0.070 seconds
[2023-10-15 11:40:06,398] {processor.py:163} INFO - Started process (PID=26682) to work on /Users/namyoung/Desktop/myprj/airflow/airflow/lib/python3.7/site-packages/airflow/example_dags/example_python_operator.py
[2023-10-15 11:40:06,400] {processor.py:642} INFO - Processing file /Users/namyoung/Desktop/myprj/airflow/airflow/lib/python3.7/site-packages/airflow/example_dags/example_python_operator.py for tasks to queue
[2023-10-15 11:40:06,401] {logging_mixin.py:109} INFO - [2023-10-15 11:40:06,400] {dagbag.py:500} INFO - Filling up the DagBag from /Users/namyoung/Desktop/myprj/airflow/airflow/lib/python3.7/site-packages/airflow/example_dags/example_python_operator.py
[2023-10-15 11:40:06,427] {processor.py:654} INFO - DAG(s) dict_keys(['example_python_operator']) retrieved from /Users/namyoung/Desktop/myprj/airflow/airflow/lib/python3.7/site-packages/airflow/example_dags/example_python_operator.py
[2023-10-15 11:40:06,435] {logging_mixin.py:109} INFO - [2023-10-15 11:40:06,434] {dag.py:2396} INFO - Sync 1 DAGs
[2023-10-15 11:40:06,442] {logging_mixin.py:109} INFO - [2023-10-15 11:40:06,442] {dag.py:2935} INFO - Setting next_dagrun for example_python_operator to None
[2023-10-15 11:40:06,448] {processor.py:171} INFO - Processing /Users/namyoung/Desktop/myprj/airflow/airflow/lib/python3.7/site-packages/airflow/example_dags/example_python_operator.py took 0.055 seconds
[2023-10-15 13:22:33,093] {processor.py:163} INFO - Started process (PID=26949) to work on /Users/namyoung/Desktop/myprj/airflow/airflow/lib/python3.7/site-packages/airflow/example_dags/example_python_operator.py
[2023-10-15 13:22:33,095] {processor.py:642} INFO - Processing file /Users/namyoung/Desktop/myprj/airflow/airflow/lib/python3.7/site-packages/airflow/example_dags/example_python_operator.py for tasks to queue
[2023-10-15 13:22:33,096] {logging_mixin.py:109} INFO - [2023-10-15 13:22:33,096] {dagbag.py:500} INFO - Filling up the DagBag from /Users/namyoung/Desktop/myprj/airflow/airflow/lib/python3.7/site-packages/airflow/example_dags/example_python_operator.py
[2023-10-15 13:22:33,125] {processor.py:654} INFO - DAG(s) dict_keys(['example_python_operator']) retrieved from /Users/namyoung/Desktop/myprj/airflow/airflow/lib/python3.7/site-packages/airflow/example_dags/example_python_operator.py
[2023-10-15 13:22:33,133] {logging_mixin.py:109} INFO - [2023-10-15 13:22:33,133] {dag.py:2396} INFO - Sync 1 DAGs
[2023-10-15 13:22:33,141] {logging_mixin.py:109} INFO - [2023-10-15 13:22:33,141] {dag.py:2935} INFO - Setting next_dagrun for example_python_operator to None
[2023-10-15 13:22:33,146] {processor.py:171} INFO - Processing /Users/namyoung/Desktop/myprj/airflow/airflow/lib/python3.7/site-packages/airflow/example_dags/example_python_operator.py took 0.058 seconds
[2023-10-15 15:04:25,489] {processor.py:163} INFO - Started process (PID=27091) to work on /Users/namyoung/Desktop/myprj/airflow/airflow/lib/python3.7/site-packages/airflow/example_dags/example_python_operator.py
[2023-10-15 15:19:53,307] {processor.py:642} INFO - Processing file /Users/namyoung/Desktop/myprj/airflow/airflow/lib/python3.7/site-packages/airflow/example_dags/example_python_operator.py for tasks to queue
[2023-10-15 15:19:53,309] {logging_mixin.py:109} INFO - [2023-10-15 15:19:53,308] {dagbag.py:500} INFO - Filling up the DagBag from /Users/namyoung/Desktop/myprj/airflow/airflow/lib/python3.7/site-packages/airflow/example_dags/example_python_operator.py
[2023-10-15 15:19:53,346] {processor.py:654} INFO - DAG(s) dict_keys(['example_python_operator']) retrieved from /Users/namyoung/Desktop/myprj/airflow/airflow/lib/python3.7/site-packages/airflow/example_dags/example_python_operator.py
[2023-10-15 15:19:53,360] {logging_mixin.py:109} INFO - [2023-10-15 15:19:53,359] {dag.py:2396} INFO - Sync 1 DAGs
[2023-10-15 15:19:53,374] {logging_mixin.py:109} INFO - [2023-10-15 15:19:53,373] {dag.py:2935} INFO - Setting next_dagrun for example_python_operator to None
[2023-10-15 15:19:53,441] {processor.py:171} INFO - Processing /Users/namyoung/Desktop/myprj/airflow/airflow/lib/python3.7/site-packages/airflow/example_dags/example_python_operator.py took 0.348 seconds
[2023-10-15 16:58:10,220] {processor.py:163} INFO - Started process (PID=27355) to work on /Users/namyoung/Desktop/myprj/airflow/airflow/lib/python3.7/site-packages/airflow/example_dags/example_python_operator.py
[2023-10-15 16:58:10,221] {processor.py:642} INFO - Processing file /Users/namyoung/Desktop/myprj/airflow/airflow/lib/python3.7/site-packages/airflow/example_dags/example_python_operator.py for tasks to queue
[2023-10-15 16:58:10,221] {logging_mixin.py:109} INFO - [2023-10-15 16:58:10,221] {dagbag.py:500} INFO - Filling up the DagBag from /Users/namyoung/Desktop/myprj/airflow/airflow/lib/python3.7/site-packages/airflow/example_dags/example_python_operator.py
[2023-10-15 16:58:10,246] {processor.py:654} INFO - DAG(s) dict_keys(['example_python_operator']) retrieved from /Users/namyoung/Desktop/myprj/airflow/airflow/lib/python3.7/site-packages/airflow/example_dags/example_python_operator.py
[2023-10-15 16:58:10,257] {logging_mixin.py:109} INFO - [2023-10-15 16:58:10,257] {dag.py:2396} INFO - Sync 1 DAGs
[2023-10-15 16:58:10,269] {logging_mixin.py:109} INFO - [2023-10-15 16:58:10,269] {dag.py:2935} INFO - Setting next_dagrun for example_python_operator to None
[2023-10-15 16:58:10,340] {processor.py:171} INFO - Processing /Users/namyoung/Desktop/myprj/airflow/airflow/lib/python3.7/site-packages/airflow/example_dags/example_python_operator.py took 0.125 seconds
[2023-10-15 18:15:05,055] {processor.py:163} INFO - Started process (PID=27492) to work on /Users/namyoung/Desktop/myprj/airflow/airflow/lib/python3.7/site-packages/airflow/example_dags/example_python_operator.py
[2023-10-15 18:15:05,057] {processor.py:642} INFO - Processing file /Users/namyoung/Desktop/myprj/airflow/airflow/lib/python3.7/site-packages/airflow/example_dags/example_python_operator.py for tasks to queue
[2023-10-15 18:15:05,058] {logging_mixin.py:109} INFO - [2023-10-15 18:15:05,057] {dagbag.py:500} INFO - Filling up the DagBag from /Users/namyoung/Desktop/myprj/airflow/airflow/lib/python3.7/site-packages/airflow/example_dags/example_python_operator.py
[2023-10-15 18:15:05,088] {processor.py:654} INFO - DAG(s) dict_keys(['example_python_operator']) retrieved from /Users/namyoung/Desktop/myprj/airflow/airflow/lib/python3.7/site-packages/airflow/example_dags/example_python_operator.py
[2023-10-15 18:15:05,096] {logging_mixin.py:109} INFO - [2023-10-15 18:15:05,096] {dag.py:2396} INFO - Sync 1 DAGs
[2023-10-15 18:15:05,104] {logging_mixin.py:109} INFO - [2023-10-15 18:15:05,104] {dag.py:2935} INFO - Setting next_dagrun for example_python_operator to None
[2023-10-15 18:15:05,109] {processor.py:171} INFO - Processing /Users/namyoung/Desktop/myprj/airflow/airflow/lib/python3.7/site-packages/airflow/example_dags/example_python_operator.py took 0.060 seconds
[2023-10-15 19:52:38,616] {processor.py:163} INFO - Started process (PID=27750) to work on /Users/namyoung/Desktop/myprj/airflow/airflow/lib/python3.7/site-packages/airflow/example_dags/example_python_operator.py
[2023-10-15 19:52:38,617] {processor.py:642} INFO - Processing file /Users/namyoung/Desktop/myprj/airflow/airflow/lib/python3.7/site-packages/airflow/example_dags/example_python_operator.py for tasks to queue
[2023-10-15 19:52:38,617] {logging_mixin.py:109} INFO - [2023-10-15 19:52:38,617] {dagbag.py:500} INFO - Filling up the DagBag from /Users/namyoung/Desktop/myprj/airflow/airflow/lib/python3.7/site-packages/airflow/example_dags/example_python_operator.py
[2023-10-15 19:52:38,633] {processor.py:654} INFO - DAG(s) dict_keys(['example_python_operator']) retrieved from /Users/namyoung/Desktop/myprj/airflow/airflow/lib/python3.7/site-packages/airflow/example_dags/example_python_operator.py
[2023-10-15 19:52:38,639] {logging_mixin.py:109} INFO - [2023-10-15 19:52:38,639] {dag.py:2396} INFO - Sync 1 DAGs
[2023-10-15 19:52:38,647] {logging_mixin.py:109} INFO - [2023-10-15 19:52:38,646] {dag.py:2935} INFO - Setting next_dagrun for example_python_operator to None
[2023-10-15 19:52:38,652] {processor.py:171} INFO - Processing /Users/namyoung/Desktop/myprj/airflow/airflow/lib/python3.7/site-packages/airflow/example_dags/example_python_operator.py took 0.038 seconds
[2023-10-15 21:30:28,355] {processor.py:163} INFO - Started process (PID=27889) to work on /Users/namyoung/Desktop/myprj/airflow/airflow/lib/python3.7/site-packages/airflow/example_dags/example_python_operator.py
[2023-10-15 21:30:28,356] {processor.py:642} INFO - Processing file /Users/namyoung/Desktop/myprj/airflow/airflow/lib/python3.7/site-packages/airflow/example_dags/example_python_operator.py for tasks to queue
[2023-10-15 21:30:28,356] {logging_mixin.py:109} INFO - [2023-10-15 21:30:28,356] {dagbag.py:500} INFO - Filling up the DagBag from /Users/namyoung/Desktop/myprj/airflow/airflow/lib/python3.7/site-packages/airflow/example_dags/example_python_operator.py
[2023-10-15 21:30:28,371] {processor.py:654} INFO - DAG(s) dict_keys(['example_python_operator']) retrieved from /Users/namyoung/Desktop/myprj/airflow/airflow/lib/python3.7/site-packages/airflow/example_dags/example_python_operator.py
[2023-10-15 21:30:28,379] {logging_mixin.py:109} INFO - [2023-10-15 21:30:28,379] {dag.py:2396} INFO - Sync 1 DAGs
[2023-10-15 21:30:28,387] {logging_mixin.py:109} INFO - [2023-10-15 21:30:28,387] {dag.py:2935} INFO - Setting next_dagrun for example_python_operator to None
[2023-10-15 21:30:28,393] {processor.py:171} INFO - Processing /Users/namyoung/Desktop/myprj/airflow/airflow/lib/python3.7/site-packages/airflow/example_dags/example_python_operator.py took 0.040 seconds
[2023-10-15 23:07:43,702] {processor.py:163} INFO - Started process (PID=28161) to work on /Users/namyoung/Desktop/myprj/airflow/airflow/lib/python3.7/site-packages/airflow/example_dags/example_python_operator.py
[2023-10-15 23:07:43,703] {processor.py:642} INFO - Processing file /Users/namyoung/Desktop/myprj/airflow/airflow/lib/python3.7/site-packages/airflow/example_dags/example_python_operator.py for tasks to queue
[2023-10-15 23:07:43,703] {logging_mixin.py:109} INFO - [2023-10-15 23:07:43,703] {dagbag.py:500} INFO - Filling up the DagBag from /Users/namyoung/Desktop/myprj/airflow/airflow/lib/python3.7/site-packages/airflow/example_dags/example_python_operator.py
[2023-10-15 23:07:43,717] {processor.py:654} INFO - DAG(s) dict_keys(['example_python_operator']) retrieved from /Users/namyoung/Desktop/myprj/airflow/airflow/lib/python3.7/site-packages/airflow/example_dags/example_python_operator.py
[2023-10-15 23:07:43,723] {logging_mixin.py:109} INFO - [2023-10-15 23:07:43,723] {dag.py:2396} INFO - Sync 1 DAGs
[2023-10-15 23:07:43,730] {logging_mixin.py:109} INFO - [2023-10-15 23:07:43,730] {dag.py:2935} INFO - Setting next_dagrun for example_python_operator to None
[2023-10-15 23:07:43,735] {processor.py:171} INFO - Processing /Users/namyoung/Desktop/myprj/airflow/airflow/lib/python3.7/site-packages/airflow/example_dags/example_python_operator.py took 0.035 seconds
[2023-10-16 00:48:40,633] {processor.py:163} INFO - Started process (PID=28303) to work on /Users/namyoung/Desktop/myprj/airflow/airflow/lib/python3.7/site-packages/airflow/example_dags/example_python_operator.py
[2023-10-16 00:48:40,635] {processor.py:642} INFO - Processing file /Users/namyoung/Desktop/myprj/airflow/airflow/lib/python3.7/site-packages/airflow/example_dags/example_python_operator.py for tasks to queue
[2023-10-16 00:48:40,637] {logging_mixin.py:109} INFO - [2023-10-16 00:48:40,636] {dagbag.py:500} INFO - Filling up the DagBag from /Users/namyoung/Desktop/myprj/airflow/airflow/lib/python3.7/site-packages/airflow/example_dags/example_python_operator.py
[2023-10-16 00:48:40,667] {processor.py:654} INFO - DAG(s) dict_keys(['example_python_operator']) retrieved from /Users/namyoung/Desktop/myprj/airflow/airflow/lib/python3.7/site-packages/airflow/example_dags/example_python_operator.py
[2023-10-16 00:48:40,676] {logging_mixin.py:109} INFO - [2023-10-16 00:48:40,676] {dag.py:2396} INFO - Sync 1 DAGs
[2023-10-16 00:48:40,684] {logging_mixin.py:109} INFO - [2023-10-16 00:48:40,683] {dag.py:2935} INFO - Setting next_dagrun for example_python_operator to None
[2023-10-16 00:48:40,688] {processor.py:171} INFO - Processing /Users/namyoung/Desktop/myprj/airflow/airflow/lib/python3.7/site-packages/airflow/example_dags/example_python_operator.py took 0.061 seconds
[2023-10-16 02:28:07,832] {processor.py:163} INFO - Started process (PID=28563) to work on /Users/namyoung/Desktop/myprj/airflow/airflow/lib/python3.7/site-packages/airflow/example_dags/example_python_operator.py
[2023-10-16 02:28:07,832] {processor.py:642} INFO - Processing file /Users/namyoung/Desktop/myprj/airflow/airflow/lib/python3.7/site-packages/airflow/example_dags/example_python_operator.py for tasks to queue
[2023-10-16 02:28:07,833] {logging_mixin.py:109} INFO - [2023-10-16 02:28:07,833] {dagbag.py:500} INFO - Filling up the DagBag from /Users/namyoung/Desktop/myprj/airflow/airflow/lib/python3.7/site-packages/airflow/example_dags/example_python_operator.py
[2023-10-16 02:28:07,847] {processor.py:654} INFO - DAG(s) dict_keys(['example_python_operator']) retrieved from /Users/namyoung/Desktop/myprj/airflow/airflow/lib/python3.7/site-packages/airflow/example_dags/example_python_operator.py
[2023-10-16 02:28:07,853] {logging_mixin.py:109} INFO - [2023-10-16 02:28:07,853] {dag.py:2396} INFO - Sync 1 DAGs
[2023-10-16 02:28:07,859] {logging_mixin.py:109} INFO - [2023-10-16 02:28:07,859] {dag.py:2935} INFO - Setting next_dagrun for example_python_operator to None
[2023-10-16 02:28:07,865] {processor.py:171} INFO - Processing /Users/namyoung/Desktop/myprj/airflow/airflow/lib/python3.7/site-packages/airflow/example_dags/example_python_operator.py took 0.035 seconds
[2023-10-16 04:06:26,286] {processor.py:163} INFO - Started process (PID=28696) to work on /Users/namyoung/Desktop/myprj/airflow/airflow/lib/python3.7/site-packages/airflow/example_dags/example_python_operator.py
[2023-10-16 04:06:26,287] {processor.py:642} INFO - Processing file /Users/namyoung/Desktop/myprj/airflow/airflow/lib/python3.7/site-packages/airflow/example_dags/example_python_operator.py for tasks to queue
[2023-10-16 04:06:26,287] {logging_mixin.py:109} INFO - [2023-10-16 04:06:26,287] {dagbag.py:500} INFO - Filling up the DagBag from /Users/namyoung/Desktop/myprj/airflow/airflow/lib/python3.7/site-packages/airflow/example_dags/example_python_operator.py
[2023-10-16 04:06:26,303] {processor.py:654} INFO - DAG(s) dict_keys(['example_python_operator']) retrieved from /Users/namyoung/Desktop/myprj/airflow/airflow/lib/python3.7/site-packages/airflow/example_dags/example_python_operator.py
[2023-10-16 04:06:26,309] {logging_mixin.py:109} INFO - [2023-10-16 04:06:26,309] {dag.py:2396} INFO - Sync 1 DAGs
[2023-10-16 04:06:26,316] {logging_mixin.py:109} INFO - [2023-10-16 04:06:26,316] {dag.py:2935} INFO - Setting next_dagrun for example_python_operator to None
[2023-10-16 04:06:26,322] {processor.py:171} INFO - Processing /Users/namyoung/Desktop/myprj/airflow/airflow/lib/python3.7/site-packages/airflow/example_dags/example_python_operator.py took 0.038 seconds
[2023-10-16 05:28:04,582] {processor.py:163} INFO - Started process (PID=28935) to work on /Users/namyoung/Desktop/myprj/airflow/airflow/lib/python3.7/site-packages/airflow/example_dags/example_python_operator.py
[2023-10-16 05:28:04,583] {processor.py:642} INFO - Processing file /Users/namyoung/Desktop/myprj/airflow/airflow/lib/python3.7/site-packages/airflow/example_dags/example_python_operator.py for tasks to queue
[2023-10-16 05:28:04,583] {logging_mixin.py:109} INFO - [2023-10-16 05:28:04,583] {dagbag.py:500} INFO - Filling up the DagBag from /Users/namyoung/Desktop/myprj/airflow/airflow/lib/python3.7/site-packages/airflow/example_dags/example_python_operator.py
[2023-10-16 05:28:04,599] {processor.py:654} INFO - DAG(s) dict_keys(['example_python_operator']) retrieved from /Users/namyoung/Desktop/myprj/airflow/airflow/lib/python3.7/site-packages/airflow/example_dags/example_python_operator.py
[2023-10-16 05:28:04,605] {logging_mixin.py:109} INFO - [2023-10-16 05:28:04,605] {dag.py:2396} INFO - Sync 1 DAGs
[2023-10-16 05:28:04,612] {logging_mixin.py:109} INFO - [2023-10-16 05:28:04,612] {dag.py:2935} INFO - Setting next_dagrun for example_python_operator to None
[2023-10-16 05:28:04,617] {processor.py:171} INFO - Processing /Users/namyoung/Desktop/myprj/airflow/airflow/lib/python3.7/site-packages/airflow/example_dags/example_python_operator.py took 0.037 seconds
[2023-10-16 07:08:06,869] {processor.py:163} INFO - Started process (PID=29081) to work on /Users/namyoung/Desktop/myprj/airflow/airflow/lib/python3.7/site-packages/airflow/example_dags/example_python_operator.py
[2023-10-16 07:08:06,870] {processor.py:642} INFO - Processing file /Users/namyoung/Desktop/myprj/airflow/airflow/lib/python3.7/site-packages/airflow/example_dags/example_python_operator.py for tasks to queue
[2023-10-16 07:08:06,870] {logging_mixin.py:109} INFO - [2023-10-16 07:08:06,870] {dagbag.py:500} INFO - Filling up the DagBag from /Users/namyoung/Desktop/myprj/airflow/airflow/lib/python3.7/site-packages/airflow/example_dags/example_python_operator.py
[2023-10-16 07:08:06,886] {processor.py:654} INFO - DAG(s) dict_keys(['example_python_operator']) retrieved from /Users/namyoung/Desktop/myprj/airflow/airflow/lib/python3.7/site-packages/airflow/example_dags/example_python_operator.py
[2023-10-16 07:08:06,893] {logging_mixin.py:109} INFO - [2023-10-16 07:08:06,893] {dag.py:2396} INFO - Sync 1 DAGs
[2023-10-16 07:08:06,901] {logging_mixin.py:109} INFO - [2023-10-16 07:08:06,900] {dag.py:2935} INFO - Setting next_dagrun for example_python_operator to None
[2023-10-16 07:08:06,906] {processor.py:171} INFO - Processing /Users/namyoung/Desktop/myprj/airflow/airflow/lib/python3.7/site-packages/airflow/example_dags/example_python_operator.py took 0.039 seconds
[2023-10-16 08:46:38,395] {processor.py:163} INFO - Started process (PID=29343) to work on /Users/namyoung/Desktop/myprj/airflow/airflow/lib/python3.7/site-packages/airflow/example_dags/example_python_operator.py
[2023-10-16 08:46:38,395] {processor.py:642} INFO - Processing file /Users/namyoung/Desktop/myprj/airflow/airflow/lib/python3.7/site-packages/airflow/example_dags/example_python_operator.py for tasks to queue
[2023-10-16 08:46:38,396] {logging_mixin.py:109} INFO - [2023-10-16 08:46:38,396] {dagbag.py:500} INFO - Filling up the DagBag from /Users/namyoung/Desktop/myprj/airflow/airflow/lib/python3.7/site-packages/airflow/example_dags/example_python_operator.py
[2023-10-16 08:46:38,412] {processor.py:654} INFO - DAG(s) dict_keys(['example_python_operator']) retrieved from /Users/namyoung/Desktop/myprj/airflow/airflow/lib/python3.7/site-packages/airflow/example_dags/example_python_operator.py
[2023-10-16 08:46:38,419] {logging_mixin.py:109} INFO - [2023-10-16 08:46:38,419] {dag.py:2396} INFO - Sync 1 DAGs
[2023-10-16 08:46:38,427] {logging_mixin.py:109} INFO - [2023-10-16 08:46:38,427] {dag.py:2935} INFO - Setting next_dagrun for example_python_operator to None
[2023-10-16 08:46:38,433] {processor.py:171} INFO - Processing /Users/namyoung/Desktop/myprj/airflow/airflow/lib/python3.7/site-packages/airflow/example_dags/example_python_operator.py took 0.040 seconds
