[2023-10-15 09:44:25,125] {processor.py:163} INFO - Started process (PID=26396) to work on /Users/namyoung/Desktop/myprj/airflow/airflow/lib/python3.7/site-packages/airflow/example_dags/example_task_group_decorator.py
[2023-10-15 09:44:25,127] {processor.py:642} INFO - Processing file /Users/namyoung/Desktop/myprj/airflow/airflow/lib/python3.7/site-packages/airflow/example_dags/example_task_group_decorator.py for tasks to queue
[2023-10-15 09:44:25,128] {logging_mixin.py:109} INFO - [2023-10-15 09:44:25,128] {dagbag.py:500} INFO - Filling up the DagBag from /Users/namyoung/Desktop/myprj/airflow/airflow/lib/python3.7/site-packages/airflow/example_dags/example_task_group_decorator.py
[2023-10-15 09:44:25,162] {processor.py:654} INFO - DAG(s) dict_keys(['example_task_group_decorator']) retrieved from /Users/namyoung/Desktop/myprj/airflow/airflow/lib/python3.7/site-packages/airflow/example_dags/example_task_group_decorator.py
[2023-10-15 09:44:25,287] {logging_mixin.py:109} INFO - [2023-10-15 09:44:25,287] {dag.py:2396} INFO - Sync 1 DAGs
[2023-10-15 09:44:25,294] {logging_mixin.py:109} INFO - [2023-10-15 09:44:25,293] {dag.py:2935} INFO - Setting next_dagrun for example_task_group_decorator to 2023-10-14T00:44:25.293757+00:00
[2023-10-15 09:44:25,299] {processor.py:171} INFO - Processing /Users/namyoung/Desktop/myprj/airflow/airflow/lib/python3.7/site-packages/airflow/example_dags/example_task_group_decorator.py took 0.180 seconds
[2023-10-15 11:23:51,998] {processor.py:163} INFO - Started process (PID=26658) to work on /Users/namyoung/Desktop/myprj/airflow/airflow/lib/python3.7/site-packages/airflow/example_dags/example_task_group_decorator.py
[2023-10-15 11:23:51,999] {processor.py:642} INFO - Processing file /Users/namyoung/Desktop/myprj/airflow/airflow/lib/python3.7/site-packages/airflow/example_dags/example_task_group_decorator.py for tasks to queue
[2023-10-15 11:23:52,000] {logging_mixin.py:109} INFO - [2023-10-15 11:23:52,000] {dagbag.py:500} INFO - Filling up the DagBag from /Users/namyoung/Desktop/myprj/airflow/airflow/lib/python3.7/site-packages/airflow/example_dags/example_task_group_decorator.py
[2023-10-15 11:23:52,019] {processor.py:654} INFO - DAG(s) dict_keys(['example_task_group_decorator']) retrieved from /Users/namyoung/Desktop/myprj/airflow/airflow/lib/python3.7/site-packages/airflow/example_dags/example_task_group_decorator.py
[2023-10-15 11:23:52,145] {logging_mixin.py:109} INFO - [2023-10-15 11:23:52,144] {dag.py:2396} INFO - Sync 1 DAGs
[2023-10-15 11:23:52,151] {logging_mixin.py:109} INFO - [2023-10-15 11:23:52,151] {dag.py:2935} INFO - Setting next_dagrun for example_task_group_decorator to 2023-10-14T02:23:52.151277+00:00
[2023-10-15 11:23:52,157] {processor.py:171} INFO - Processing /Users/namyoung/Desktop/myprj/airflow/airflow/lib/python3.7/site-packages/airflow/example_dags/example_task_group_decorator.py took 0.161 seconds
[2023-10-15 13:05:04,167] {processor.py:163} INFO - Started process (PID=26856) to work on /Users/namyoung/Desktop/myprj/airflow/airflow/lib/python3.7/site-packages/airflow/example_dags/example_task_group_decorator.py
[2023-10-15 13:05:04,169] {processor.py:642} INFO - Processing file /Users/namyoung/Desktop/myprj/airflow/airflow/lib/python3.7/site-packages/airflow/example_dags/example_task_group_decorator.py for tasks to queue
[2023-10-15 13:05:04,169] {logging_mixin.py:109} INFO - [2023-10-15 13:05:04,169] {dagbag.py:500} INFO - Filling up the DagBag from /Users/namyoung/Desktop/myprj/airflow/airflow/lib/python3.7/site-packages/airflow/example_dags/example_task_group_decorator.py
[2023-10-15 13:05:04,201] {processor.py:654} INFO - DAG(s) dict_keys(['example_task_group_decorator']) retrieved from /Users/namyoung/Desktop/myprj/airflow/airflow/lib/python3.7/site-packages/airflow/example_dags/example_task_group_decorator.py
[2023-10-15 13:05:04,338] {logging_mixin.py:109} INFO - [2023-10-15 13:05:04,338] {dag.py:2396} INFO - Sync 1 DAGs
[2023-10-15 13:05:04,376] {logging_mixin.py:109} INFO - [2023-10-15 13:05:04,376] {dag.py:2935} INFO - Setting next_dagrun for example_task_group_decorator to 2023-10-14T04:05:04.376136+00:00
[2023-10-15 13:05:04,381] {processor.py:171} INFO - Processing /Users/namyoung/Desktop/myprj/airflow/airflow/lib/python3.7/site-packages/airflow/example_dags/example_task_group_decorator.py took 0.218 seconds
[2023-10-15 14:46:37,084] {processor.py:163} INFO - Started process (PID=27069) to work on /Users/namyoung/Desktop/myprj/airflow/airflow/lib/python3.7/site-packages/airflow/example_dags/example_task_group_decorator.py
[2023-10-15 14:46:37,086] {processor.py:642} INFO - Processing file /Users/namyoung/Desktop/myprj/airflow/airflow/lib/python3.7/site-packages/airflow/example_dags/example_task_group_decorator.py for tasks to queue
[2023-10-15 14:46:37,087] {logging_mixin.py:109} INFO - [2023-10-15 14:46:37,087] {dagbag.py:500} INFO - Filling up the DagBag from /Users/namyoung/Desktop/myprj/airflow/airflow/lib/python3.7/site-packages/airflow/example_dags/example_task_group_decorator.py
[2023-10-15 14:46:37,120] {processor.py:654} INFO - DAG(s) dict_keys(['example_task_group_decorator']) retrieved from /Users/namyoung/Desktop/myprj/airflow/airflow/lib/python3.7/site-packages/airflow/example_dags/example_task_group_decorator.py
[2023-10-15 14:46:37,247] {logging_mixin.py:109} INFO - [2023-10-15 14:46:37,247] {dag.py:2396} INFO - Sync 1 DAGs
[2023-10-15 14:46:37,253] {logging_mixin.py:109} INFO - [2023-10-15 14:46:37,253] {dag.py:2935} INFO - Setting next_dagrun for example_task_group_decorator to 2023-10-14T05:46:37.253661+00:00
[2023-10-15 14:46:37,259] {processor.py:171} INFO - Processing /Users/namyoung/Desktop/myprj/airflow/airflow/lib/python3.7/site-packages/airflow/example_dags/example_task_group_decorator.py took 0.181 seconds
[2023-10-15 16:26:18,136] {processor.py:163} INFO - Started process (PID=27329) to work on /Users/namyoung/Desktop/myprj/airflow/airflow/lib/python3.7/site-packages/airflow/example_dags/example_task_group_decorator.py
[2023-10-15 16:26:18,137] {processor.py:642} INFO - Processing file /Users/namyoung/Desktop/myprj/airflow/airflow/lib/python3.7/site-packages/airflow/example_dags/example_task_group_decorator.py for tasks to queue
[2023-10-15 16:26:18,138] {logging_mixin.py:109} INFO - [2023-10-15 16:26:18,137] {dagbag.py:500} INFO - Filling up the DagBag from /Users/namyoung/Desktop/myprj/airflow/airflow/lib/python3.7/site-packages/airflow/example_dags/example_task_group_decorator.py
[2023-10-15 16:26:18,156] {processor.py:654} INFO - DAG(s) dict_keys(['example_task_group_decorator']) retrieved from /Users/namyoung/Desktop/myprj/airflow/airflow/lib/python3.7/site-packages/airflow/example_dags/example_task_group_decorator.py
[2023-10-15 16:26:18,285] {logging_mixin.py:109} INFO - [2023-10-15 16:26:18,285] {dag.py:2396} INFO - Sync 1 DAGs
[2023-10-15 16:26:18,292] {logging_mixin.py:109} INFO - [2023-10-15 16:26:18,291] {dag.py:2935} INFO - Setting next_dagrun for example_task_group_decorator to 2023-10-14T07:26:18.291678+00:00
[2023-10-15 16:26:18,299] {processor.py:171} INFO - Processing /Users/namyoung/Desktop/myprj/airflow/airflow/lib/python3.7/site-packages/airflow/example_dags/example_task_group_decorator.py took 0.166 seconds
[2023-10-15 17:57:23,975] {processor.py:163} INFO - Started process (PID=27468) to work on /Users/namyoung/Desktop/myprj/airflow/airflow/lib/python3.7/site-packages/airflow/example_dags/example_task_group_decorator.py
[2023-10-15 17:57:23,977] {processor.py:642} INFO - Processing file /Users/namyoung/Desktop/myprj/airflow/airflow/lib/python3.7/site-packages/airflow/example_dags/example_task_group_decorator.py for tasks to queue
[2023-10-15 17:57:23,978] {logging_mixin.py:109} INFO - [2023-10-15 17:57:23,978] {dagbag.py:500} INFO - Filling up the DagBag from /Users/namyoung/Desktop/myprj/airflow/airflow/lib/python3.7/site-packages/airflow/example_dags/example_task_group_decorator.py
[2023-10-15 17:57:24,011] {processor.py:654} INFO - DAG(s) dict_keys(['example_task_group_decorator']) retrieved from /Users/namyoung/Desktop/myprj/airflow/airflow/lib/python3.7/site-packages/airflow/example_dags/example_task_group_decorator.py
[2023-10-15 17:57:24,020] {logging_mixin.py:109} INFO - [2023-10-15 17:57:24,020] {dag.py:2396} INFO - Sync 1 DAGs
[2023-10-15 17:57:24,028] {logging_mixin.py:109} INFO - [2023-10-15 17:57:24,027] {dag.py:2935} INFO - Setting next_dagrun for example_task_group_decorator to 2023-10-14T08:57:24.027684+00:00
[2023-10-15 17:57:24,033] {processor.py:171} INFO - Processing /Users/namyoung/Desktop/myprj/airflow/airflow/lib/python3.7/site-packages/airflow/example_dags/example_task_group_decorator.py took 0.063 seconds
[2023-10-15 19:37:30,698] {processor.py:163} INFO - Started process (PID=27717) to work on /Users/namyoung/Desktop/myprj/airflow/airflow/lib/python3.7/site-packages/airflow/example_dags/example_task_group_decorator.py
[2023-10-15 19:37:30,699] {processor.py:642} INFO - Processing file /Users/namyoung/Desktop/myprj/airflow/airflow/lib/python3.7/site-packages/airflow/example_dags/example_task_group_decorator.py for tasks to queue
[2023-10-15 19:37:30,701] {logging_mixin.py:109} INFO - [2023-10-15 19:37:30,700] {dagbag.py:500} INFO - Filling up the DagBag from /Users/namyoung/Desktop/myprj/airflow/airflow/lib/python3.7/site-packages/airflow/example_dags/example_task_group_decorator.py
[2023-10-15 19:37:30,734] {processor.py:654} INFO - DAG(s) dict_keys(['example_task_group_decorator']) retrieved from /Users/namyoung/Desktop/myprj/airflow/airflow/lib/python3.7/site-packages/airflow/example_dags/example_task_group_decorator.py
[2023-10-15 19:37:30,744] {logging_mixin.py:109} INFO - [2023-10-15 19:37:30,744] {dag.py:2396} INFO - Sync 1 DAGs
[2023-10-15 19:37:30,753] {logging_mixin.py:109} INFO - [2023-10-15 19:37:30,752] {dag.py:2935} INFO - Setting next_dagrun for example_task_group_decorator to 2023-10-14T10:37:30.752767+00:00
[2023-10-15 19:37:30,758] {processor.py:171} INFO - Processing /Users/namyoung/Desktop/myprj/airflow/airflow/lib/python3.7/site-packages/airflow/example_dags/example_task_group_decorator.py took 0.066 seconds
[2023-10-15 21:15:19,317] {processor.py:163} INFO - Started process (PID=27855) to work on /Users/namyoung/Desktop/myprj/airflow/airflow/lib/python3.7/site-packages/airflow/example_dags/example_task_group_decorator.py
[2023-10-15 21:15:19,318] {processor.py:642} INFO - Processing file /Users/namyoung/Desktop/myprj/airflow/airflow/lib/python3.7/site-packages/airflow/example_dags/example_task_group_decorator.py for tasks to queue
[2023-10-15 21:15:19,319] {logging_mixin.py:109} INFO - [2023-10-15 21:15:19,319] {dagbag.py:500} INFO - Filling up the DagBag from /Users/namyoung/Desktop/myprj/airflow/airflow/lib/python3.7/site-packages/airflow/example_dags/example_task_group_decorator.py
[2023-10-15 21:15:19,346] {processor.py:654} INFO - DAG(s) dict_keys(['example_task_group_decorator']) retrieved from /Users/namyoung/Desktop/myprj/airflow/airflow/lib/python3.7/site-packages/airflow/example_dags/example_task_group_decorator.py
[2023-10-15 21:15:19,486] {logging_mixin.py:109} INFO - [2023-10-15 21:15:19,486] {dag.py:2396} INFO - Sync 1 DAGs
[2023-10-15 21:15:19,493] {logging_mixin.py:109} INFO - [2023-10-15 21:15:19,493] {dag.py:2935} INFO - Setting next_dagrun for example_task_group_decorator to 2023-10-14T12:15:19.493340+00:00
[2023-10-15 21:15:19,500] {processor.py:171} INFO - Processing /Users/namyoung/Desktop/myprj/airflow/airflow/lib/python3.7/site-packages/airflow/example_dags/example_task_group_decorator.py took 0.186 seconds
[2023-10-15 22:52:22,524] {processor.py:163} INFO - Started process (PID=28137) to work on /Users/namyoung/Desktop/myprj/airflow/airflow/lib/python3.7/site-packages/airflow/example_dags/example_task_group_decorator.py
[2023-10-15 22:52:22,525] {processor.py:642} INFO - Processing file /Users/namyoung/Desktop/myprj/airflow/airflow/lib/python3.7/site-packages/airflow/example_dags/example_task_group_decorator.py for tasks to queue
[2023-10-15 22:52:22,525] {logging_mixin.py:109} INFO - [2023-10-15 22:52:22,525] {dagbag.py:500} INFO - Filling up the DagBag from /Users/namyoung/Desktop/myprj/airflow/airflow/lib/python3.7/site-packages/airflow/example_dags/example_task_group_decorator.py
[2023-10-15 22:52:22,545] {processor.py:654} INFO - DAG(s) dict_keys(['example_task_group_decorator']) retrieved from /Users/namyoung/Desktop/myprj/airflow/airflow/lib/python3.7/site-packages/airflow/example_dags/example_task_group_decorator.py
[2023-10-15 22:52:22,678] {logging_mixin.py:109} INFO - [2023-10-15 22:52:22,678] {dag.py:2396} INFO - Sync 1 DAGs
[2023-10-15 22:52:22,685] {logging_mixin.py:109} INFO - [2023-10-15 22:52:22,684] {dag.py:2935} INFO - Setting next_dagrun for example_task_group_decorator to 2023-10-14T13:52:22.684796+00:00
[2023-10-15 22:52:22,693] {processor.py:171} INFO - Processing /Users/namyoung/Desktop/myprj/airflow/airflow/lib/python3.7/site-packages/airflow/example_dags/example_task_group_decorator.py took 0.172 seconds
[2023-10-16 00:30:57,680] {processor.py:163} INFO - Started process (PID=28279) to work on /Users/namyoung/Desktop/myprj/airflow/airflow/lib/python3.7/site-packages/airflow/example_dags/example_task_group_decorator.py
[2023-10-16 00:30:57,682] {processor.py:642} INFO - Processing file /Users/namyoung/Desktop/myprj/airflow/airflow/lib/python3.7/site-packages/airflow/example_dags/example_task_group_decorator.py for tasks to queue
[2023-10-16 00:30:57,683] {logging_mixin.py:109} INFO - [2023-10-16 00:30:57,683] {dagbag.py:500} INFO - Filling up the DagBag from /Users/namyoung/Desktop/myprj/airflow/airflow/lib/python3.7/site-packages/airflow/example_dags/example_task_group_decorator.py
[2023-10-16 00:30:57,717] {processor.py:654} INFO - DAG(s) dict_keys(['example_task_group_decorator']) retrieved from /Users/namyoung/Desktop/myprj/airflow/airflow/lib/python3.7/site-packages/airflow/example_dags/example_task_group_decorator.py
[2023-10-16 00:30:57,725] {logging_mixin.py:109} INFO - [2023-10-16 00:30:57,725] {dag.py:2396} INFO - Sync 1 DAGs
[2023-10-16 00:30:57,733] {logging_mixin.py:109} INFO - [2023-10-16 00:30:57,733] {dag.py:2935} INFO - Setting next_dagrun for example_task_group_decorator to 2023-10-14T15:30:57.733148+00:00
[2023-10-16 00:30:57,739] {processor.py:171} INFO - Processing /Users/namyoung/Desktop/myprj/airflow/airflow/lib/python3.7/site-packages/airflow/example_dags/example_task_group_decorator.py took 0.064 seconds
[2023-10-16 02:10:22,782] {processor.py:163} INFO - Started process (PID=28540) to work on /Users/namyoung/Desktop/myprj/airflow/airflow/lib/python3.7/site-packages/airflow/example_dags/example_task_group_decorator.py
[2023-10-16 02:10:22,784] {processor.py:642} INFO - Processing file /Users/namyoung/Desktop/myprj/airflow/airflow/lib/python3.7/site-packages/airflow/example_dags/example_task_group_decorator.py for tasks to queue
[2023-10-16 02:10:22,785] {logging_mixin.py:109} INFO - [2023-10-16 02:10:22,785] {dagbag.py:500} INFO - Filling up the DagBag from /Users/namyoung/Desktop/myprj/airflow/airflow/lib/python3.7/site-packages/airflow/example_dags/example_task_group_decorator.py
[2023-10-16 02:10:22,820] {processor.py:654} INFO - DAG(s) dict_keys(['example_task_group_decorator']) retrieved from /Users/namyoung/Desktop/myprj/airflow/airflow/lib/python3.7/site-packages/airflow/example_dags/example_task_group_decorator.py
[2023-10-16 02:10:22,951] {logging_mixin.py:109} INFO - [2023-10-16 02:10:22,951] {dag.py:2396} INFO - Sync 1 DAGs
[2023-10-16 02:10:22,989] {logging_mixin.py:109} INFO - [2023-10-16 02:10:22,989] {dag.py:2935} INFO - Setting next_dagrun for example_task_group_decorator to 2023-10-14T17:10:22.989062+00:00
[2023-10-16 02:10:22,995] {processor.py:171} INFO - Processing /Users/namyoung/Desktop/myprj/airflow/airflow/lib/python3.7/site-packages/airflow/example_dags/example_task_group_decorator.py took 0.218 seconds
[2023-10-16 03:51:18,517] {processor.py:163} INFO - Started process (PID=28661) to work on /Users/namyoung/Desktop/myprj/airflow/airflow/lib/python3.7/site-packages/airflow/example_dags/example_task_group_decorator.py
[2023-10-16 03:51:18,518] {processor.py:642} INFO - Processing file /Users/namyoung/Desktop/myprj/airflow/airflow/lib/python3.7/site-packages/airflow/example_dags/example_task_group_decorator.py for tasks to queue
[2023-10-16 03:51:18,519] {logging_mixin.py:109} INFO - [2023-10-16 03:51:18,519] {dagbag.py:500} INFO - Filling up the DagBag from /Users/namyoung/Desktop/myprj/airflow/airflow/lib/python3.7/site-packages/airflow/example_dags/example_task_group_decorator.py
[2023-10-16 03:51:18,544] {processor.py:654} INFO - DAG(s) dict_keys(['example_task_group_decorator']) retrieved from /Users/namyoung/Desktop/myprj/airflow/airflow/lib/python3.7/site-packages/airflow/example_dags/example_task_group_decorator.py
[2023-10-16 03:51:18,733] {logging_mixin.py:109} INFO - [2023-10-16 03:51:18,732] {dag.py:2396} INFO - Sync 1 DAGs
[2023-10-16 03:51:18,740] {logging_mixin.py:109} INFO - [2023-10-16 03:51:18,740] {dag.py:2935} INFO - Setting next_dagrun for example_task_group_decorator to 2023-10-14T18:51:18.740266+00:00
[2023-10-16 03:51:18,749] {processor.py:171} INFO - Processing /Users/namyoung/Desktop/myprj/airflow/airflow/lib/python3.7/site-packages/airflow/example_dags/example_task_group_decorator.py took 0.235 seconds
[2023-10-16 05:11:39,338] {processor.py:163} INFO - Started process (PID=28910) to work on /Users/namyoung/Desktop/myprj/airflow/airflow/lib/python3.7/site-packages/airflow/example_dags/example_task_group_decorator.py
[2023-10-16 05:11:39,339] {processor.py:642} INFO - Processing file /Users/namyoung/Desktop/myprj/airflow/airflow/lib/python3.7/site-packages/airflow/example_dags/example_task_group_decorator.py for tasks to queue
[2023-10-16 05:11:39,339] {logging_mixin.py:109} INFO - [2023-10-16 05:11:39,339] {dagbag.py:500} INFO - Filling up the DagBag from /Users/namyoung/Desktop/myprj/airflow/airflow/lib/python3.7/site-packages/airflow/example_dags/example_task_group_decorator.py
[2023-10-16 05:11:39,358] {processor.py:654} INFO - DAG(s) dict_keys(['example_task_group_decorator']) retrieved from /Users/namyoung/Desktop/myprj/airflow/airflow/lib/python3.7/site-packages/airflow/example_dags/example_task_group_decorator.py
[2023-10-16 05:11:39,494] {logging_mixin.py:109} INFO - [2023-10-16 05:11:39,493] {dag.py:2396} INFO - Sync 1 DAGs
[2023-10-16 05:11:39,500] {logging_mixin.py:109} INFO - [2023-10-16 05:11:39,500] {dag.py:2935} INFO - Setting next_dagrun for example_task_group_decorator to 2023-10-14T20:11:39.500546+00:00
[2023-10-16 05:11:39,506] {processor.py:171} INFO - Processing /Users/namyoung/Desktop/myprj/airflow/airflow/lib/python3.7/site-packages/airflow/example_dags/example_task_group_decorator.py took 0.170 seconds
[2023-10-16 06:51:05,409] {processor.py:163} INFO - Started process (PID=29050) to work on /Users/namyoung/Desktop/myprj/airflow/airflow/lib/python3.7/site-packages/airflow/example_dags/example_task_group_decorator.py
[2023-10-16 06:51:05,409] {processor.py:642} INFO - Processing file /Users/namyoung/Desktop/myprj/airflow/airflow/lib/python3.7/site-packages/airflow/example_dags/example_task_group_decorator.py for tasks to queue
[2023-10-16 06:51:05,410] {logging_mixin.py:109} INFO - [2023-10-16 06:51:05,410] {dagbag.py:500} INFO - Filling up the DagBag from /Users/namyoung/Desktop/myprj/airflow/airflow/lib/python3.7/site-packages/airflow/example_dags/example_task_group_decorator.py
[2023-10-16 06:51:05,429] {processor.py:654} INFO - DAG(s) dict_keys(['example_task_group_decorator']) retrieved from /Users/namyoung/Desktop/myprj/airflow/airflow/lib/python3.7/site-packages/airflow/example_dags/example_task_group_decorator.py
[2023-10-16 06:51:05,565] {logging_mixin.py:109} INFO - [2023-10-16 06:51:05,565] {dag.py:2396} INFO - Sync 1 DAGs
[2023-10-16 06:51:05,571] {logging_mixin.py:109} INFO - [2023-10-16 06:51:05,571] {dag.py:2935} INFO - Setting next_dagrun for example_task_group_decorator to 2023-10-14T21:51:05.571570+00:00
[2023-10-16 06:51:05,578] {processor.py:171} INFO - Processing /Users/namyoung/Desktop/myprj/airflow/airflow/lib/python3.7/site-packages/airflow/example_dags/example_task_group_decorator.py took 0.171 seconds
[2023-10-16 08:30:00,310] {processor.py:163} INFO - Started process (PID=29318) to work on /Users/namyoung/Desktop/myprj/airflow/airflow/lib/python3.7/site-packages/airflow/example_dags/example_task_group_decorator.py
[2023-10-16 08:30:00,311] {processor.py:642} INFO - Processing file /Users/namyoung/Desktop/myprj/airflow/airflow/lib/python3.7/site-packages/airflow/example_dags/example_task_group_decorator.py for tasks to queue
[2023-10-16 08:30:00,311] {logging_mixin.py:109} INFO - [2023-10-16 08:30:00,311] {dagbag.py:500} INFO - Filling up the DagBag from /Users/namyoung/Desktop/myprj/airflow/airflow/lib/python3.7/site-packages/airflow/example_dags/example_task_group_decorator.py
[2023-10-16 08:30:00,330] {processor.py:654} INFO - DAG(s) dict_keys(['example_task_group_decorator']) retrieved from /Users/namyoung/Desktop/myprj/airflow/airflow/lib/python3.7/site-packages/airflow/example_dags/example_task_group_decorator.py
[2023-10-16 08:30:00,458] {logging_mixin.py:109} INFO - [2023-10-16 08:30:00,457] {dag.py:2396} INFO - Sync 1 DAGs
[2023-10-16 08:30:00,500] {logging_mixin.py:109} INFO - [2023-10-16 08:30:00,500] {dag.py:2935} INFO - Setting next_dagrun for example_task_group_decorator to 2023-10-14T23:30:00.500130+00:00
[2023-10-16 08:30:00,506] {processor.py:171} INFO - Processing /Users/namyoung/Desktop/myprj/airflow/airflow/lib/python3.7/site-packages/airflow/example_dags/example_task_group_decorator.py took 0.199 seconds
