[2023-10-15 12:14:30,952] {processor.py:163} INFO - Started process (PID=26731) to work on /Users/namyoung/Desktop/myprj/airflow/airflow/lib/python3.7/site-packages/airflow/example_dags/example_branch_operator.py
[2023-10-15 12:14:30,954] {processor.py:642} INFO - Processing file /Users/namyoung/Desktop/myprj/airflow/airflow/lib/python3.7/site-packages/airflow/example_dags/example_branch_operator.py for tasks to queue
[2023-10-15 12:14:30,955] {logging_mixin.py:109} INFO - [2023-10-15 12:14:30,955] {dagbag.py:500} INFO - Filling up the DagBag from /Users/namyoung/Desktop/myprj/airflow/airflow/lib/python3.7/site-packages/airflow/example_dags/example_branch_operator.py
[2023-10-15 12:14:30,984] {processor.py:654} INFO - DAG(s) dict_keys(['example_branch_operator']) retrieved from /Users/namyoung/Desktop/myprj/airflow/airflow/lib/python3.7/site-packages/airflow/example_dags/example_branch_operator.py
[2023-10-15 12:14:30,992] {logging_mixin.py:109} INFO - [2023-10-15 12:14:30,992] {dag.py:2396} INFO - Sync 1 DAGs
[2023-10-15 12:14:31,001] {logging_mixin.py:109} INFO - [2023-10-15 12:14:31,001] {dag.py:2935} INFO - Setting next_dagrun for example_branch_operator to 2023-10-14 00:00:00+00:00
[2023-10-15 12:14:31,006] {processor.py:171} INFO - Processing /Users/namyoung/Desktop/myprj/airflow/airflow/lib/python3.7/site-packages/airflow/example_dags/example_branch_operator.py took 0.061 seconds
[2023-10-15 13:55:35,853] {processor.py:163} INFO - Started process (PID=26996) to work on /Users/namyoung/Desktop/myprj/airflow/airflow/lib/python3.7/site-packages/airflow/example_dags/example_branch_operator.py
[2023-10-15 13:55:35,858] {processor.py:642} INFO - Processing file /Users/namyoung/Desktop/myprj/airflow/airflow/lib/python3.7/site-packages/airflow/example_dags/example_branch_operator.py for tasks to queue
[2023-10-15 13:55:35,859] {logging_mixin.py:109} INFO - [2023-10-15 13:55:35,859] {dagbag.py:500} INFO - Filling up the DagBag from /Users/namyoung/Desktop/myprj/airflow/airflow/lib/python3.7/site-packages/airflow/example_dags/example_branch_operator.py
[2023-10-15 13:55:35,889] {processor.py:654} INFO - DAG(s) dict_keys(['example_branch_operator']) retrieved from /Users/namyoung/Desktop/myprj/airflow/airflow/lib/python3.7/site-packages/airflow/example_dags/example_branch_operator.py
[2023-10-15 13:55:35,898] {logging_mixin.py:109} INFO - [2023-10-15 13:55:35,898] {dag.py:2396} INFO - Sync 1 DAGs
[2023-10-15 13:55:35,907] {logging_mixin.py:109} INFO - [2023-10-15 13:55:35,907] {dag.py:2935} INFO - Setting next_dagrun for example_branch_operator to 2023-10-14 00:00:00+00:00
[2023-10-15 13:55:35,912] {processor.py:171} INFO - Processing /Users/namyoung/Desktop/myprj/airflow/airflow/lib/python3.7/site-packages/airflow/example_dags/example_branch_operator.py took 0.064 seconds
[2023-10-15 15:53:23,302] {processor.py:163} INFO - Started process (PID=27142) to work on /Users/namyoung/Desktop/myprj/airflow/airflow/lib/python3.7/site-packages/airflow/example_dags/example_branch_operator.py
[2023-10-15 15:53:23,304] {processor.py:642} INFO - Processing file /Users/namyoung/Desktop/myprj/airflow/airflow/lib/python3.7/site-packages/airflow/example_dags/example_branch_operator.py for tasks to queue
[2023-10-15 15:53:23,305] {logging_mixin.py:109} INFO - [2023-10-15 15:53:23,304] {dagbag.py:500} INFO - Filling up the DagBag from /Users/namyoung/Desktop/myprj/airflow/airflow/lib/python3.7/site-packages/airflow/example_dags/example_branch_operator.py
[2023-10-15 15:53:23,328] {processor.py:654} INFO - DAG(s) dict_keys(['example_branch_operator']) retrieved from /Users/namyoung/Desktop/myprj/airflow/airflow/lib/python3.7/site-packages/airflow/example_dags/example_branch_operator.py
[2023-10-15 15:53:23,337] {logging_mixin.py:109} INFO - [2023-10-15 15:53:23,336] {dag.py:2396} INFO - Sync 1 DAGs
[2023-10-15 15:53:23,347] {logging_mixin.py:109} INFO - [2023-10-15 15:53:23,347] {dag.py:2935} INFO - Setting next_dagrun for example_branch_operator to 2023-10-14 00:00:00+00:00
[2023-10-15 15:53:23,360] {processor.py:171} INFO - Processing /Users/namyoung/Desktop/myprj/airflow/airflow/lib/python3.7/site-packages/airflow/example_dags/example_branch_operator.py took 0.061 seconds
[2023-10-15 18:46:34,497] {processor.py:163} INFO - Started process (PID=27531) to work on /Users/namyoung/Desktop/myprj/airflow/airflow/lib/python3.7/site-packages/airflow/example_dags/example_branch_operator.py
[2023-10-15 18:46:34,498] {processor.py:642} INFO - Processing file /Users/namyoung/Desktop/myprj/airflow/airflow/lib/python3.7/site-packages/airflow/example_dags/example_branch_operator.py for tasks to queue
[2023-10-15 18:46:34,498] {logging_mixin.py:109} INFO - [2023-10-15 18:46:34,498] {dagbag.py:500} INFO - Filling up the DagBag from /Users/namyoung/Desktop/myprj/airflow/airflow/lib/python3.7/site-packages/airflow/example_dags/example_branch_operator.py
[2023-10-15 18:46:34,512] {processor.py:654} INFO - DAG(s) dict_keys(['example_branch_operator']) retrieved from /Users/namyoung/Desktop/myprj/airflow/airflow/lib/python3.7/site-packages/airflow/example_dags/example_branch_operator.py
[2023-10-15 18:46:34,519] {logging_mixin.py:109} INFO - [2023-10-15 18:46:34,519] {dag.py:2396} INFO - Sync 1 DAGs
[2023-10-15 18:46:34,527] {logging_mixin.py:109} INFO - [2023-10-15 18:46:34,527] {dag.py:2935} INFO - Setting next_dagrun for example_branch_operator to 2023-10-14 00:00:00+00:00
[2023-10-15 18:46:34,533] {processor.py:171} INFO - Processing /Users/namyoung/Desktop/myprj/airflow/airflow/lib/python3.7/site-packages/airflow/example_dags/example_branch_operator.py took 0.038 seconds
[2023-10-15 20:26:10,911] {processor.py:163} INFO - Started process (PID=27788) to work on /Users/namyoung/Desktop/myprj/airflow/airflow/lib/python3.7/site-packages/airflow/example_dags/example_branch_operator.py
[2023-10-15 20:26:10,912] {processor.py:642} INFO - Processing file /Users/namyoung/Desktop/myprj/airflow/airflow/lib/python3.7/site-packages/airflow/example_dags/example_branch_operator.py for tasks to queue
[2023-10-15 20:26:10,912] {logging_mixin.py:109} INFO - [2023-10-15 20:26:10,912] {dagbag.py:500} INFO - Filling up the DagBag from /Users/namyoung/Desktop/myprj/airflow/airflow/lib/python3.7/site-packages/airflow/example_dags/example_branch_operator.py
[2023-10-15 20:26:10,927] {processor.py:654} INFO - DAG(s) dict_keys(['example_branch_operator']) retrieved from /Users/namyoung/Desktop/myprj/airflow/airflow/lib/python3.7/site-packages/airflow/example_dags/example_branch_operator.py
[2023-10-15 20:26:10,934] {logging_mixin.py:109} INFO - [2023-10-15 20:26:10,934] {dag.py:2396} INFO - Sync 1 DAGs
[2023-10-15 20:26:10,942] {logging_mixin.py:109} INFO - [2023-10-15 20:26:10,942] {dag.py:2935} INFO - Setting next_dagrun for example_branch_operator to 2023-10-14 00:00:00+00:00
[2023-10-15 20:26:10,949] {processor.py:171} INFO - Processing /Users/namyoung/Desktop/myprj/airflow/airflow/lib/python3.7/site-packages/airflow/example_dags/example_branch_operator.py took 0.040 seconds
[2023-10-15 22:03:52,304] {processor.py:163} INFO - Started process (PID=27942) to work on /Users/namyoung/Desktop/myprj/airflow/airflow/lib/python3.7/site-packages/airflow/example_dags/example_branch_operator.py
[2023-10-15 22:03:52,305] {processor.py:642} INFO - Processing file /Users/namyoung/Desktop/myprj/airflow/airflow/lib/python3.7/site-packages/airflow/example_dags/example_branch_operator.py for tasks to queue
[2023-10-15 22:03:52,305] {logging_mixin.py:109} INFO - [2023-10-15 22:03:52,305] {dagbag.py:500} INFO - Filling up the DagBag from /Users/namyoung/Desktop/myprj/airflow/airflow/lib/python3.7/site-packages/airflow/example_dags/example_branch_operator.py
[2023-10-15 22:03:52,319] {processor.py:654} INFO - DAG(s) dict_keys(['example_branch_operator']) retrieved from /Users/namyoung/Desktop/myprj/airflow/airflow/lib/python3.7/site-packages/airflow/example_dags/example_branch_operator.py
[2023-10-15 22:03:52,327] {logging_mixin.py:109} INFO - [2023-10-15 22:03:52,327] {dag.py:2396} INFO - Sync 1 DAGs
[2023-10-15 22:03:52,335] {logging_mixin.py:109} INFO - [2023-10-15 22:03:52,335] {dag.py:2935} INFO - Setting next_dagrun for example_branch_operator to 2023-10-14 00:00:00+00:00
[2023-10-15 22:03:52,342] {processor.py:171} INFO - Processing /Users/namyoung/Desktop/myprj/airflow/airflow/lib/python3.7/site-packages/airflow/example_dags/example_branch_operator.py took 0.040 seconds
[2023-10-15 23:40:47,800] {processor.py:163} INFO - Started process (PID=28209) to work on /Users/namyoung/Desktop/myprj/airflow/airflow/lib/python3.7/site-packages/airflow/example_dags/example_branch_operator.py
[2023-10-15 23:40:47,801] {processor.py:642} INFO - Processing file /Users/namyoung/Desktop/myprj/airflow/airflow/lib/python3.7/site-packages/airflow/example_dags/example_branch_operator.py for tasks to queue
[2023-10-15 23:40:47,801] {logging_mixin.py:109} INFO - [2023-10-15 23:40:47,801] {dagbag.py:500} INFO - Filling up the DagBag from /Users/namyoung/Desktop/myprj/airflow/airflow/lib/python3.7/site-packages/airflow/example_dags/example_branch_operator.py
[2023-10-15 23:40:47,820] {processor.py:654} INFO - DAG(s) dict_keys(['example_branch_operator']) retrieved from /Users/namyoung/Desktop/myprj/airflow/airflow/lib/python3.7/site-packages/airflow/example_dags/example_branch_operator.py
[2023-10-15 23:40:47,828] {logging_mixin.py:109} INFO - [2023-10-15 23:40:47,827] {dag.py:2396} INFO - Sync 1 DAGs
[2023-10-15 23:40:47,835] {logging_mixin.py:109} INFO - [2023-10-15 23:40:47,835] {dag.py:2935} INFO - Setting next_dagrun for example_branch_operator to 2023-10-14 00:00:00+00:00
[2023-10-15 23:40:47,841] {processor.py:171} INFO - Processing /Users/namyoung/Desktop/myprj/airflow/airflow/lib/python3.7/site-packages/airflow/example_dags/example_branch_operator.py took 0.044 seconds
[2023-10-16 01:22:55,805] {processor.py:163} INFO - Started process (PID=28349) to work on /Users/namyoung/Desktop/myprj/airflow/airflow/lib/python3.7/site-packages/airflow/example_dags/example_branch_operator.py
[2023-10-16 01:22:55,807] {processor.py:642} INFO - Processing file /Users/namyoung/Desktop/myprj/airflow/airflow/lib/python3.7/site-packages/airflow/example_dags/example_branch_operator.py for tasks to queue
[2023-10-16 01:22:55,808] {logging_mixin.py:109} INFO - [2023-10-16 01:22:55,808] {dagbag.py:500} INFO - Filling up the DagBag from /Users/namyoung/Desktop/myprj/airflow/airflow/lib/python3.7/site-packages/airflow/example_dags/example_branch_operator.py
[2023-10-16 01:22:55,837] {processor.py:654} INFO - DAG(s) dict_keys(['example_branch_operator']) retrieved from /Users/namyoung/Desktop/myprj/airflow/airflow/lib/python3.7/site-packages/airflow/example_dags/example_branch_operator.py
[2023-10-16 01:22:55,845] {logging_mixin.py:109} INFO - [2023-10-16 01:22:55,845] {dag.py:2396} INFO - Sync 1 DAGs
[2023-10-16 01:22:55,854] {logging_mixin.py:109} INFO - [2023-10-16 01:22:55,854] {dag.py:2935} INFO - Setting next_dagrun for example_branch_operator to 2023-10-14 00:00:00+00:00
[2023-10-16 01:22:55,859] {processor.py:171} INFO - Processing /Users/namyoung/Desktop/myprj/airflow/airflow/lib/python3.7/site-packages/airflow/example_dags/example_branch_operator.py took 0.060 seconds
[2023-10-16 03:02:24,502] {processor.py:163} INFO - Started process (PID=28602) to work on /Users/namyoung/Desktop/myprj/airflow/airflow/lib/python3.7/site-packages/airflow/example_dags/example_branch_operator.py
[2023-10-16 03:02:24,503] {processor.py:642} INFO - Processing file /Users/namyoung/Desktop/myprj/airflow/airflow/lib/python3.7/site-packages/airflow/example_dags/example_branch_operator.py for tasks to queue
[2023-10-16 03:02:24,505] {logging_mixin.py:109} INFO - [2023-10-16 03:02:24,504] {dagbag.py:500} INFO - Filling up the DagBag from /Users/namyoung/Desktop/myprj/airflow/airflow/lib/python3.7/site-packages/airflow/example_dags/example_branch_operator.py
[2023-10-16 03:02:24,533] {processor.py:654} INFO - DAG(s) dict_keys(['example_branch_operator']) retrieved from /Users/namyoung/Desktop/myprj/airflow/airflow/lib/python3.7/site-packages/airflow/example_dags/example_branch_operator.py
[2023-10-16 03:02:24,541] {logging_mixin.py:109} INFO - [2023-10-16 03:02:24,541] {dag.py:2396} INFO - Sync 1 DAGs
[2023-10-16 03:02:24,550] {logging_mixin.py:109} INFO - [2023-10-16 03:02:24,549] {dag.py:2935} INFO - Setting next_dagrun for example_branch_operator to 2023-10-14 00:00:00+00:00
[2023-10-16 03:02:24,555] {processor.py:171} INFO - Processing /Users/namyoung/Desktop/myprj/airflow/airflow/lib/python3.7/site-packages/airflow/example_dags/example_branch_operator.py took 0.059 seconds
[2023-10-16 06:02:06,093] {processor.py:163} INFO - Started process (PID=28981) to work on /Users/namyoung/Desktop/myprj/airflow/airflow/lib/python3.7/site-packages/airflow/example_dags/example_branch_operator.py
[2023-10-16 06:02:06,094] {processor.py:642} INFO - Processing file /Users/namyoung/Desktop/myprj/airflow/airflow/lib/python3.7/site-packages/airflow/example_dags/example_branch_operator.py for tasks to queue
[2023-10-16 06:02:06,094] {logging_mixin.py:109} INFO - [2023-10-16 06:02:06,094] {dagbag.py:500} INFO - Filling up the DagBag from /Users/namyoung/Desktop/myprj/airflow/airflow/lib/python3.7/site-packages/airflow/example_dags/example_branch_operator.py
[2023-10-16 06:02:06,109] {processor.py:654} INFO - DAG(s) dict_keys(['example_branch_operator']) retrieved from /Users/namyoung/Desktop/myprj/airflow/airflow/lib/python3.7/site-packages/airflow/example_dags/example_branch_operator.py
[2023-10-16 06:02:06,117] {logging_mixin.py:109} INFO - [2023-10-16 06:02:06,117] {dag.py:2396} INFO - Sync 1 DAGs
[2023-10-16 06:02:06,126] {logging_mixin.py:109} INFO - [2023-10-16 06:02:06,125] {dag.py:2935} INFO - Setting next_dagrun for example_branch_operator to 2023-10-14 00:00:00+00:00
[2023-10-16 06:02:06,134] {processor.py:171} INFO - Processing /Users/namyoung/Desktop/myprj/airflow/airflow/lib/python3.7/site-packages/airflow/example_dags/example_branch_operator.py took 0.042 seconds
[2023-10-16 07:39:28,410] {processor.py:163} INFO - Started process (PID=29123) to work on /Users/namyoung/Desktop/myprj/airflow/airflow/lib/python3.7/site-packages/airflow/example_dags/example_branch_operator.py
[2023-10-16 07:39:28,411] {processor.py:642} INFO - Processing file /Users/namyoung/Desktop/myprj/airflow/airflow/lib/python3.7/site-packages/airflow/example_dags/example_branch_operator.py for tasks to queue
[2023-10-16 07:39:28,411] {logging_mixin.py:109} INFO - [2023-10-16 07:39:28,411] {dagbag.py:500} INFO - Filling up the DagBag from /Users/namyoung/Desktop/myprj/airflow/airflow/lib/python3.7/site-packages/airflow/example_dags/example_branch_operator.py
[2023-10-16 07:39:28,426] {processor.py:654} INFO - DAG(s) dict_keys(['example_branch_operator']) retrieved from /Users/namyoung/Desktop/myprj/airflow/airflow/lib/python3.7/site-packages/airflow/example_dags/example_branch_operator.py
[2023-10-16 07:39:28,432] {logging_mixin.py:109} INFO - [2023-10-16 07:39:28,432] {dag.py:2396} INFO - Sync 1 DAGs
[2023-10-16 07:39:28,439] {logging_mixin.py:109} INFO - [2023-10-16 07:39:28,439] {dag.py:2935} INFO - Setting next_dagrun for example_branch_operator to 2023-10-14 00:00:00+00:00
[2023-10-16 07:39:28,445] {processor.py:171} INFO - Processing /Users/namyoung/Desktop/myprj/airflow/airflow/lib/python3.7/site-packages/airflow/example_dags/example_branch_operator.py took 0.036 seconds
