[2023-10-15 10:34:59,497] {processor.py:163} INFO - Started process (PID=26584) to work on /Users/namyoung/Desktop/myprj/airflow/airflow/lib/python3.7/site-packages/airflow/example_dags/example_dag_decorator.py
[2023-10-15 10:34:59,498] {processor.py:642} INFO - Processing file /Users/namyoung/Desktop/myprj/airflow/airflow/lib/python3.7/site-packages/airflow/example_dags/example_dag_decorator.py for tasks to queue
[2023-10-15 10:34:59,498] {logging_mixin.py:109} INFO - [2023-10-15 10:34:59,498] {dagbag.py:500} INFO - Filling up the DagBag from /Users/namyoung/Desktop/myprj/airflow/airflow/lib/python3.7/site-packages/airflow/example_dags/example_dag_decorator.py
[2023-10-15 10:34:59,514] {processor.py:654} INFO - DAG(s) dict_keys(['example_dag_decorator']) retrieved from /Users/namyoung/Desktop/myprj/airflow/airflow/lib/python3.7/site-packages/airflow/example_dags/example_dag_decorator.py
[2023-10-15 10:34:59,643] {logging_mixin.py:109} INFO - [2023-10-15 10:34:59,643] {dag.py:2396} INFO - Sync 1 DAGs
[2023-10-15 10:34:59,649] {logging_mixin.py:109} INFO - [2023-10-15 10:34:59,649] {dag.py:2935} INFO - Setting next_dagrun for example_dag_decorator to None
[2023-10-15 10:34:59,656] {processor.py:171} INFO - Processing /Users/namyoung/Desktop/myprj/airflow/airflow/lib/python3.7/site-packages/airflow/example_dags/example_dag_decorator.py took 0.161 seconds
[2023-10-15 11:57:36,453] {processor.py:163} INFO - Started process (PID=26709) to work on /Users/namyoung/Desktop/myprj/airflow/airflow/lib/python3.7/site-packages/airflow/example_dags/example_dag_decorator.py
[2023-10-15 11:57:36,455] {processor.py:642} INFO - Processing file /Users/namyoung/Desktop/myprj/airflow/airflow/lib/python3.7/site-packages/airflow/example_dags/example_dag_decorator.py for tasks to queue
[2023-10-15 11:57:36,455] {logging_mixin.py:109} INFO - [2023-10-15 11:57:36,455] {dagbag.py:500} INFO - Filling up the DagBag from /Users/namyoung/Desktop/myprj/airflow/airflow/lib/python3.7/site-packages/airflow/example_dags/example_dag_decorator.py
[2023-10-15 11:57:36,477] {processor.py:654} INFO - DAG(s) dict_keys(['example_dag_decorator']) retrieved from /Users/namyoung/Desktop/myprj/airflow/airflow/lib/python3.7/site-packages/airflow/example_dags/example_dag_decorator.py
[2023-10-15 12:14:27,517] {logging_mixin.py:109} INFO - [2023-10-15 12:14:27,517] {dag.py:2396} INFO - Sync 1 DAGs
[2023-10-15 12:14:27,524] {logging_mixin.py:109} INFO - [2023-10-15 12:14:27,524] {dag.py:2935} INFO - Setting next_dagrun for example_dag_decorator to None
[2023-10-15 12:14:27,529] {processor.py:171} INFO - Processing /Users/namyoung/Desktop/myprj/airflow/airflow/lib/python3.7/site-packages/airflow/example_dags/example_dag_decorator.py took 0.436 seconds
[2023-10-15 13:55:32,162] {processor.py:163} INFO - Started process (PID=26985) to work on /Users/namyoung/Desktop/myprj/airflow/airflow/lib/python3.7/site-packages/airflow/example_dags/example_dag_decorator.py
[2023-10-15 13:55:32,163] {processor.py:642} INFO - Processing file /Users/namyoung/Desktop/myprj/airflow/airflow/lib/python3.7/site-packages/airflow/example_dags/example_dag_decorator.py for tasks to queue
[2023-10-15 13:55:32,163] {logging_mixin.py:109} INFO - [2023-10-15 13:55:32,163] {dagbag.py:500} INFO - Filling up the DagBag from /Users/namyoung/Desktop/myprj/airflow/airflow/lib/python3.7/site-packages/airflow/example_dags/example_dag_decorator.py
[2023-10-15 13:55:32,180] {processor.py:654} INFO - DAG(s) dict_keys(['example_dag_decorator']) retrieved from /Users/namyoung/Desktop/myprj/airflow/airflow/lib/python3.7/site-packages/airflow/example_dags/example_dag_decorator.py
[2023-10-15 13:55:32,325] {logging_mixin.py:109} INFO - [2023-10-15 13:55:32,325] {dag.py:2396} INFO - Sync 1 DAGs
[2023-10-15 13:55:32,370] {logging_mixin.py:109} INFO - [2023-10-15 13:55:32,370] {dag.py:2935} INFO - Setting next_dagrun for example_dag_decorator to None
[2023-10-15 13:55:32,376] {processor.py:171} INFO - Processing /Users/namyoung/Desktop/myprj/airflow/airflow/lib/python3.7/site-packages/airflow/example_dags/example_dag_decorator.py took 0.216 seconds
[2023-10-15 15:36:22,599] {processor.py:163} INFO - Started process (PID=27137) to work on /Users/namyoung/Desktop/myprj/airflow/airflow/lib/python3.7/site-packages/airflow/example_dags/example_dag_decorator.py
[2023-10-15 15:36:22,600] {processor.py:642} INFO - Processing file /Users/namyoung/Desktop/myprj/airflow/airflow/lib/python3.7/site-packages/airflow/example_dags/example_dag_decorator.py for tasks to queue
[2023-10-15 15:36:22,600] {logging_mixin.py:109} INFO - [2023-10-15 15:36:22,600] {dagbag.py:500} INFO - Filling up the DagBag from /Users/namyoung/Desktop/myprj/airflow/airflow/lib/python3.7/site-packages/airflow/example_dags/example_dag_decorator.py
[2023-10-15 15:36:22,616] {processor.py:654} INFO - DAG(s) dict_keys(['example_dag_decorator']) retrieved from /Users/namyoung/Desktop/myprj/airflow/airflow/lib/python3.7/site-packages/airflow/example_dags/example_dag_decorator.py
[2023-10-15 15:36:22,736] {logging_mixin.py:109} INFO - [2023-10-15 15:36:22,736] {dag.py:2396} INFO - Sync 1 DAGs
[2023-10-15 15:36:22,742] {logging_mixin.py:109} INFO - [2023-10-15 15:36:22,742] {dag.py:2935} INFO - Setting next_dagrun for example_dag_decorator to None
[2023-10-15 15:36:22,747] {processor.py:171} INFO - Processing /Users/namyoung/Desktop/myprj/airflow/airflow/lib/python3.7/site-packages/airflow/example_dags/example_dag_decorator.py took 0.150 seconds
[2023-10-15 17:13:25,587] {processor.py:163} INFO - Started process (PID=27399) to work on /Users/namyoung/Desktop/myprj/airflow/airflow/lib/python3.7/site-packages/airflow/example_dags/example_dag_decorator.py
[2023-10-15 17:13:25,588] {processor.py:642} INFO - Processing file /Users/namyoung/Desktop/myprj/airflow/airflow/lib/python3.7/site-packages/airflow/example_dags/example_dag_decorator.py for tasks to queue
[2023-10-15 17:13:25,588] {logging_mixin.py:109} INFO - [2023-10-15 17:13:25,588] {dagbag.py:500} INFO - Filling up the DagBag from /Users/namyoung/Desktop/myprj/airflow/airflow/lib/python3.7/site-packages/airflow/example_dags/example_dag_decorator.py
[2023-10-15 17:13:25,605] {processor.py:654} INFO - DAG(s) dict_keys(['example_dag_decorator']) retrieved from /Users/namyoung/Desktop/myprj/airflow/airflow/lib/python3.7/site-packages/airflow/example_dags/example_dag_decorator.py
[2023-10-15 17:13:25,610] {logging_mixin.py:109} INFO - [2023-10-15 17:13:25,610] {dag.py:2396} INFO - Sync 1 DAGs
[2023-10-15 17:13:25,617] {logging_mixin.py:109} INFO - [2023-10-15 17:13:25,617] {dag.py:2935} INFO - Setting next_dagrun for example_dag_decorator to None
[2023-10-15 17:13:25,623] {processor.py:171} INFO - Processing /Users/namyoung/Desktop/myprj/airflow/airflow/lib/python3.7/site-packages/airflow/example_dags/example_dag_decorator.py took 0.038 seconds
[2023-10-15 18:30:53,139] {processor.py:163} INFO - Started process (PID=27518) to work on /Users/namyoung/Desktop/myprj/airflow/airflow/lib/python3.7/site-packages/airflow/example_dags/example_dag_decorator.py
[2023-10-15 18:30:53,141] {processor.py:642} INFO - Processing file /Users/namyoung/Desktop/myprj/airflow/airflow/lib/python3.7/site-packages/airflow/example_dags/example_dag_decorator.py for tasks to queue
[2023-10-15 18:30:53,142] {logging_mixin.py:109} INFO - [2023-10-15 18:30:53,141] {dagbag.py:500} INFO - Filling up the DagBag from /Users/namyoung/Desktop/myprj/airflow/airflow/lib/python3.7/site-packages/airflow/example_dags/example_dag_decorator.py
[2023-10-15 18:30:53,179] {processor.py:654} INFO - DAG(s) dict_keys(['example_dag_decorator']) retrieved from /Users/namyoung/Desktop/myprj/airflow/airflow/lib/python3.7/site-packages/airflow/example_dags/example_dag_decorator.py
[2023-10-15 18:46:32,224] {logging_mixin.py:109} INFO - [2023-10-15 18:46:32,224] {dag.py:2396} INFO - Sync 1 DAGs
[2023-10-15 18:46:32,238] {logging_mixin.py:109} INFO - [2023-10-15 18:46:32,238] {dag.py:2935} INFO - Setting next_dagrun for example_dag_decorator to None
[2023-10-15 18:46:32,307] {processor.py:171} INFO - Processing /Users/namyoung/Desktop/myprj/airflow/airflow/lib/python3.7/site-packages/airflow/example_dags/example_dag_decorator.py took 0.626 seconds
[2023-10-15 20:08:11,736] {processor.py:163} INFO - Started process (PID=27777) to work on /Users/namyoung/Desktop/myprj/airflow/airflow/lib/python3.7/site-packages/airflow/example_dags/example_dag_decorator.py
[2023-10-15 20:08:11,737] {processor.py:642} INFO - Processing file /Users/namyoung/Desktop/myprj/airflow/airflow/lib/python3.7/site-packages/airflow/example_dags/example_dag_decorator.py for tasks to queue
[2023-10-15 20:08:11,738] {logging_mixin.py:109} INFO - [2023-10-15 20:08:11,738] {dagbag.py:500} INFO - Filling up the DagBag from /Users/namyoung/Desktop/myprj/airflow/airflow/lib/python3.7/site-packages/airflow/example_dags/example_dag_decorator.py
[2023-10-15 20:08:11,755] {processor.py:654} INFO - DAG(s) dict_keys(['example_dag_decorator']) retrieved from /Users/namyoung/Desktop/myprj/airflow/airflow/lib/python3.7/site-packages/airflow/example_dags/example_dag_decorator.py
[2023-10-15 20:08:11,760] {logging_mixin.py:109} INFO - [2023-10-15 20:08:11,760] {dag.py:2396} INFO - Sync 1 DAGs
[2023-10-15 20:08:11,767] {logging_mixin.py:109} INFO - [2023-10-15 20:08:11,766] {dag.py:2935} INFO - Setting next_dagrun for example_dag_decorator to None
[2023-10-15 20:08:11,772] {processor.py:171} INFO - Processing /Users/namyoung/Desktop/myprj/airflow/airflow/lib/python3.7/site-packages/airflow/example_dags/example_dag_decorator.py took 0.039 seconds
[2023-10-15 21:47:58,888] {processor.py:163} INFO - Started process (PID=27921) to work on /Users/namyoung/Desktop/myprj/airflow/airflow/lib/python3.7/site-packages/airflow/example_dags/example_dag_decorator.py
[2023-10-15 21:47:58,889] {processor.py:642} INFO - Processing file /Users/namyoung/Desktop/myprj/airflow/airflow/lib/python3.7/site-packages/airflow/example_dags/example_dag_decorator.py for tasks to queue
[2023-10-15 21:47:58,889] {logging_mixin.py:109} INFO - [2023-10-15 21:47:58,889] {dagbag.py:500} INFO - Filling up the DagBag from /Users/namyoung/Desktop/myprj/airflow/airflow/lib/python3.7/site-packages/airflow/example_dags/example_dag_decorator.py
[2023-10-15 21:47:58,906] {processor.py:654} INFO - DAG(s) dict_keys(['example_dag_decorator']) retrieved from /Users/namyoung/Desktop/myprj/airflow/airflow/lib/python3.7/site-packages/airflow/example_dags/example_dag_decorator.py
[2023-10-15 21:47:58,911] {logging_mixin.py:109} INFO - [2023-10-15 21:47:58,911] {dag.py:2396} INFO - Sync 1 DAGs
[2023-10-15 21:47:58,918] {logging_mixin.py:109} INFO - [2023-10-15 21:47:58,918] {dag.py:2935} INFO - Setting next_dagrun for example_dag_decorator to None
[2023-10-15 21:47:58,923] {processor.py:171} INFO - Processing /Users/namyoung/Desktop/myprj/airflow/airflow/lib/python3.7/site-packages/airflow/example_dags/example_dag_decorator.py took 0.038 seconds
[2023-10-15 23:40:44,263] {processor.py:163} INFO - Started process (PID=28190) to work on /Users/namyoung/Desktop/myprj/airflow/airflow/lib/python3.7/site-packages/airflow/example_dags/example_dag_decorator.py
[2023-10-15 23:40:44,265] {processor.py:642} INFO - Processing file /Users/namyoung/Desktop/myprj/airflow/airflow/lib/python3.7/site-packages/airflow/example_dags/example_dag_decorator.py for tasks to queue
[2023-10-15 23:40:44,265] {logging_mixin.py:109} INFO - [2023-10-15 23:40:44,265] {dagbag.py:500} INFO - Filling up the DagBag from /Users/namyoung/Desktop/myprj/airflow/airflow/lib/python3.7/site-packages/airflow/example_dags/example_dag_decorator.py
[2023-10-15 23:40:44,289] {processor.py:654} INFO - DAG(s) dict_keys(['example_dag_decorator']) retrieved from /Users/namyoung/Desktop/myprj/airflow/airflow/lib/python3.7/site-packages/airflow/example_dags/example_dag_decorator.py
[2023-10-15 23:40:44,428] {logging_mixin.py:109} INFO - [2023-10-15 23:40:44,428] {dag.py:2396} INFO - Sync 1 DAGs
[2023-10-15 23:40:44,434] {logging_mixin.py:109} INFO - [2023-10-15 23:40:44,434] {dag.py:2935} INFO - Setting next_dagrun for example_dag_decorator to None
[2023-10-15 23:40:44,440] {processor.py:171} INFO - Processing /Users/namyoung/Desktop/myprj/airflow/airflow/lib/python3.7/site-packages/airflow/example_dags/example_dag_decorator.py took 0.181 seconds
[2023-10-16 01:22:52,309] {processor.py:163} INFO - Started process (PID=28341) to work on /Users/namyoung/Desktop/myprj/airflow/airflow/lib/python3.7/site-packages/airflow/example_dags/example_dag_decorator.py
[2023-10-16 01:22:52,310] {processor.py:642} INFO - Processing file /Users/namyoung/Desktop/myprj/airflow/airflow/lib/python3.7/site-packages/airflow/example_dags/example_dag_decorator.py for tasks to queue
[2023-10-16 01:22:52,310] {logging_mixin.py:109} INFO - [2023-10-16 01:22:52,310] {dagbag.py:500} INFO - Filling up the DagBag from /Users/namyoung/Desktop/myprj/airflow/airflow/lib/python3.7/site-packages/airflow/example_dags/example_dag_decorator.py
[2023-10-16 01:22:52,327] {processor.py:654} INFO - DAG(s) dict_keys(['example_dag_decorator']) retrieved from /Users/namyoung/Desktop/myprj/airflow/airflow/lib/python3.7/site-packages/airflow/example_dags/example_dag_decorator.py
[2023-10-16 01:22:52,335] {logging_mixin.py:109} INFO - [2023-10-16 01:22:52,334] {dag.py:2396} INFO - Sync 1 DAGs
[2023-10-16 01:22:52,342] {logging_mixin.py:109} INFO - [2023-10-16 01:22:52,342] {dag.py:2935} INFO - Setting next_dagrun for example_dag_decorator to None
[2023-10-16 01:22:52,349] {processor.py:171} INFO - Processing /Users/namyoung/Desktop/myprj/airflow/airflow/lib/python3.7/site-packages/airflow/example_dags/example_dag_decorator.py took 0.042 seconds
[2023-10-16 02:44:49,037] {processor.py:163} INFO - Started process (PID=28587) to work on /Users/namyoung/Desktop/myprj/airflow/airflow/lib/python3.7/site-packages/airflow/example_dags/example_dag_decorator.py
[2023-10-16 02:44:49,039] {processor.py:642} INFO - Processing file /Users/namyoung/Desktop/myprj/airflow/airflow/lib/python3.7/site-packages/airflow/example_dags/example_dag_decorator.py for tasks to queue
[2023-10-16 02:44:49,040] {logging_mixin.py:109} INFO - [2023-10-16 02:44:49,040] {dagbag.py:500} INFO - Filling up the DagBag from /Users/namyoung/Desktop/myprj/airflow/airflow/lib/python3.7/site-packages/airflow/example_dags/example_dag_decorator.py
[2023-10-16 02:44:49,072] {processor.py:654} INFO - DAG(s) dict_keys(['example_dag_decorator']) retrieved from /Users/namyoung/Desktop/myprj/airflow/airflow/lib/python3.7/site-packages/airflow/example_dags/example_dag_decorator.py
[2023-10-16 02:44:49,193] {logging_mixin.py:109} INFO - [2023-10-16 02:44:49,192] {dag.py:2396} INFO - Sync 1 DAGs
[2023-10-16 02:44:49,229] {logging_mixin.py:109} INFO - [2023-10-16 02:44:49,229] {dag.py:2935} INFO - Setting next_dagrun for example_dag_decorator to None
[2023-10-16 02:44:49,234] {processor.py:171} INFO - Processing /Users/namyoung/Desktop/myprj/airflow/airflow/lib/python3.7/site-packages/airflow/example_dags/example_dag_decorator.py took 0.203 seconds
[2023-10-16 04:24:29,176] {processor.py:163} INFO - Started process (PID=28728) to work on /Users/namyoung/Desktop/myprj/airflow/airflow/lib/python3.7/site-packages/airflow/example_dags/example_dag_decorator.py
[2023-10-16 04:24:29,177] {processor.py:642} INFO - Processing file /Users/namyoung/Desktop/myprj/airflow/airflow/lib/python3.7/site-packages/airflow/example_dags/example_dag_decorator.py for tasks to queue
[2023-10-16 04:24:29,178] {logging_mixin.py:109} INFO - [2023-10-16 04:24:29,178] {dagbag.py:500} INFO - Filling up the DagBag from /Users/namyoung/Desktop/myprj/airflow/airflow/lib/python3.7/site-packages/airflow/example_dags/example_dag_decorator.py
[2023-10-16 04:24:29,195] {processor.py:654} INFO - DAG(s) dict_keys(['example_dag_decorator']) retrieved from /Users/namyoung/Desktop/myprj/airflow/airflow/lib/python3.7/site-packages/airflow/example_dags/example_dag_decorator.py
[2023-10-16 04:24:29,316] {logging_mixin.py:109} INFO - [2023-10-16 04:24:29,316] {dag.py:2396} INFO - Sync 1 DAGs
[2023-10-16 04:24:29,323] {logging_mixin.py:109} INFO - [2023-10-16 04:24:29,323] {dag.py:2935} INFO - Setting next_dagrun for example_dag_decorator to None
[2023-10-16 04:24:29,329] {processor.py:171} INFO - Processing /Users/namyoung/Desktop/myprj/airflow/airflow/lib/python3.7/site-packages/airflow/example_dags/example_dag_decorator.py took 0.154 seconds
[2023-10-16 05:45:52,696] {processor.py:163} INFO - Started process (PID=28969) to work on /Users/namyoung/Desktop/myprj/airflow/airflow/lib/python3.7/site-packages/airflow/example_dags/example_dag_decorator.py
[2023-10-16 05:45:52,698] {processor.py:642} INFO - Processing file /Users/namyoung/Desktop/myprj/airflow/airflow/lib/python3.7/site-packages/airflow/example_dags/example_dag_decorator.py for tasks to queue
[2023-10-16 05:45:52,699] {logging_mixin.py:109} INFO - [2023-10-16 05:45:52,699] {dagbag.py:500} INFO - Filling up the DagBag from /Users/namyoung/Desktop/myprj/airflow/airflow/lib/python3.7/site-packages/airflow/example_dags/example_dag_decorator.py
[2023-10-16 05:45:52,718] {processor.py:654} INFO - DAG(s) dict_keys(['example_dag_decorator']) retrieved from /Users/namyoung/Desktop/myprj/airflow/airflow/lib/python3.7/site-packages/airflow/example_dags/example_dag_decorator.py
[2023-10-16 05:45:52,847] {logging_mixin.py:109} INFO - [2023-10-16 05:45:52,847] {dag.py:2396} INFO - Sync 1 DAGs
[2023-10-16 05:45:52,854] {logging_mixin.py:109} INFO - [2023-10-16 05:45:52,853] {dag.py:2935} INFO - Setting next_dagrun for example_dag_decorator to None
[2023-10-16 05:45:52,859] {processor.py:171} INFO - Processing /Users/namyoung/Desktop/myprj/airflow/airflow/lib/python3.7/site-packages/airflow/example_dags/example_dag_decorator.py took 0.168 seconds
[2023-10-16 07:24:16,749] {processor.py:163} INFO - Started process (PID=29108) to work on /Users/namyoung/Desktop/myprj/airflow/airflow/lib/python3.7/site-packages/airflow/example_dags/example_dag_decorator.py
[2023-10-16 07:24:16,751] {processor.py:642} INFO - Processing file /Users/namyoung/Desktop/myprj/airflow/airflow/lib/python3.7/site-packages/airflow/example_dags/example_dag_decorator.py for tasks to queue
[2023-10-16 07:24:16,752] {logging_mixin.py:109} INFO - [2023-10-16 07:24:16,752] {dagbag.py:500} INFO - Filling up the DagBag from /Users/namyoung/Desktop/myprj/airflow/airflow/lib/python3.7/site-packages/airflow/example_dags/example_dag_decorator.py
[2023-10-16 07:24:16,787] {processor.py:654} INFO - DAG(s) dict_keys(['example_dag_decorator']) retrieved from /Users/namyoung/Desktop/myprj/airflow/airflow/lib/python3.7/site-packages/airflow/example_dags/example_dag_decorator.py
[2023-10-16 07:24:16,913] {logging_mixin.py:109} INFO - [2023-10-16 07:24:16,913] {dag.py:2396} INFO - Sync 1 DAGs
[2023-10-16 07:24:16,919] {logging_mixin.py:109} INFO - [2023-10-16 07:24:16,919] {dag.py:2935} INFO - Setting next_dagrun for example_dag_decorator to None
[2023-10-16 07:24:16,924] {processor.py:171} INFO - Processing /Users/namyoung/Desktop/myprj/airflow/airflow/lib/python3.7/site-packages/airflow/example_dags/example_dag_decorator.py took 0.181 seconds
