[2023-10-15 10:17:21,333] {processor.py:163} INFO - Started process (PID=26569) to work on /Users/namyoung/Desktop/myprj/airflow/airflow/lib/python3.7/site-packages/airflow/example_dags/example_kubernetes_executor.py
[2023-10-15 10:17:21,335] {processor.py:642} INFO - Processing file /Users/namyoung/Desktop/myprj/airflow/airflow/lib/python3.7/site-packages/airflow/example_dags/example_kubernetes_executor.py for tasks to queue
[2023-10-15 10:17:21,336] {logging_mixin.py:109} INFO - [2023-10-15 10:17:21,336] {dagbag.py:500} INFO - Filling up the DagBag from /Users/namyoung/Desktop/myprj/airflow/airflow/lib/python3.7/site-packages/airflow/example_dags/example_kubernetes_executor.py
[2023-10-15 10:17:21,350] {logging_mixin.py:109} INFO - [2023-10-15 10:17:21,349] {example_kubernetes_executor.py:39} WARNING - The example_kubernetes_executor example DAG requires the kubernetes provider. Please install it with: pip install apache-airflow[cncf.kubernetes]
[2023-10-15 10:17:21,359] {processor.py:656} WARNING - No viable dags retrieved from /Users/namyoung/Desktop/myprj/airflow/airflow/lib/python3.7/site-packages/airflow/example_dags/example_kubernetes_executor.py
[2023-10-15 10:17:21,361] {processor.py:171} INFO - Processing /Users/namyoung/Desktop/myprj/airflow/airflow/lib/python3.7/site-packages/airflow/example_dags/example_kubernetes_executor.py took 0.034 seconds
[2023-10-15 11:57:34,135] {processor.py:163} INFO - Started process (PID=26706) to work on /Users/namyoung/Desktop/myprj/airflow/airflow/lib/python3.7/site-packages/airflow/example_dags/example_kubernetes_executor.py
[2023-10-15 11:57:34,137] {processor.py:642} INFO - Processing file /Users/namyoung/Desktop/myprj/airflow/airflow/lib/python3.7/site-packages/airflow/example_dags/example_kubernetes_executor.py for tasks to queue
[2023-10-15 11:57:34,139] {logging_mixin.py:109} INFO - [2023-10-15 11:57:34,138] {dagbag.py:500} INFO - Filling up the DagBag from /Users/namyoung/Desktop/myprj/airflow/airflow/lib/python3.7/site-packages/airflow/example_dags/example_kubernetes_executor.py
[2023-10-15 11:57:34,153] {logging_mixin.py:109} INFO - [2023-10-15 11:57:34,152] {example_kubernetes_executor.py:39} WARNING - The example_kubernetes_executor example DAG requires the kubernetes provider. Please install it with: pip install apache-airflow[cncf.kubernetes]
[2023-10-15 11:57:34,163] {processor.py:656} WARNING - No viable dags retrieved from /Users/namyoung/Desktop/myprj/airflow/airflow/lib/python3.7/site-packages/airflow/example_dags/example_kubernetes_executor.py
[2023-10-15 11:57:34,166] {processor.py:171} INFO - Processing /Users/namyoung/Desktop/myprj/airflow/airflow/lib/python3.7/site-packages/airflow/example_dags/example_kubernetes_executor.py took 0.036 seconds
[2023-10-15 13:39:05,913] {processor.py:163} INFO - Started process (PID=26972) to work on /Users/namyoung/Desktop/myprj/airflow/airflow/lib/python3.7/site-packages/airflow/example_dags/example_kubernetes_executor.py
[2023-10-15 13:39:05,915] {processor.py:642} INFO - Processing file /Users/namyoung/Desktop/myprj/airflow/airflow/lib/python3.7/site-packages/airflow/example_dags/example_kubernetes_executor.py for tasks to queue
[2023-10-15 13:39:05,916] {logging_mixin.py:109} INFO - [2023-10-15 13:39:05,915] {dagbag.py:500} INFO - Filling up the DagBag from /Users/namyoung/Desktop/myprj/airflow/airflow/lib/python3.7/site-packages/airflow/example_dags/example_kubernetes_executor.py
[2023-10-15 13:39:05,929] {logging_mixin.py:109} INFO - [2023-10-15 13:39:05,929] {example_kubernetes_executor.py:39} WARNING - The example_kubernetes_executor example DAG requires the kubernetes provider. Please install it with: pip install apache-airflow[cncf.kubernetes]
[2023-10-15 13:39:05,940] {processor.py:656} WARNING - No viable dags retrieved from /Users/namyoung/Desktop/myprj/airflow/airflow/lib/python3.7/site-packages/airflow/example_dags/example_kubernetes_executor.py
[2023-10-15 13:39:05,942] {processor.py:171} INFO - Processing /Users/namyoung/Desktop/myprj/airflow/airflow/lib/python3.7/site-packages/airflow/example_dags/example_kubernetes_executor.py took 0.035 seconds
[2023-10-15 15:36:20,304] {processor.py:163} INFO - Started process (PID=27120) to work on /Users/namyoung/Desktop/myprj/airflow/airflow/lib/python3.7/site-packages/airflow/example_dags/example_kubernetes_executor.py
[2023-10-15 15:36:20,305] {processor.py:642} INFO - Processing file /Users/namyoung/Desktop/myprj/airflow/airflow/lib/python3.7/site-packages/airflow/example_dags/example_kubernetes_executor.py for tasks to queue
[2023-10-15 15:36:20,306] {logging_mixin.py:109} INFO - [2023-10-15 15:36:20,306] {dagbag.py:500} INFO - Filling up the DagBag from /Users/namyoung/Desktop/myprj/airflow/airflow/lib/python3.7/site-packages/airflow/example_dags/example_kubernetes_executor.py
[2023-10-15 15:36:20,315] {logging_mixin.py:109} INFO - [2023-10-15 15:36:20,315] {example_kubernetes_executor.py:39} WARNING - The example_kubernetes_executor example DAG requires the kubernetes provider. Please install it with: pip install apache-airflow[cncf.kubernetes]
[2023-10-15 15:36:20,325] {processor.py:656} WARNING - No viable dags retrieved from /Users/namyoung/Desktop/myprj/airflow/airflow/lib/python3.7/site-packages/airflow/example_dags/example_kubernetes_executor.py
[2023-10-15 15:36:20,327] {processor.py:171} INFO - Processing /Users/namyoung/Desktop/myprj/airflow/airflow/lib/python3.7/site-packages/airflow/example_dags/example_kubernetes_executor.py took 0.028 seconds
[2023-10-15 17:13:23,289] {processor.py:163} INFO - Started process (PID=27383) to work on /Users/namyoung/Desktop/myprj/airflow/airflow/lib/python3.7/site-packages/airflow/example_dags/example_kubernetes_executor.py
[2023-10-15 17:13:23,291] {processor.py:642} INFO - Processing file /Users/namyoung/Desktop/myprj/airflow/airflow/lib/python3.7/site-packages/airflow/example_dags/example_kubernetes_executor.py for tasks to queue
[2023-10-15 17:13:23,292] {logging_mixin.py:109} INFO - [2023-10-15 17:13:23,292] {dagbag.py:500} INFO - Filling up the DagBag from /Users/namyoung/Desktop/myprj/airflow/airflow/lib/python3.7/site-packages/airflow/example_dags/example_kubernetes_executor.py
[2023-10-15 17:13:23,304] {logging_mixin.py:109} INFO - [2023-10-15 17:13:23,304] {example_kubernetes_executor.py:39} WARNING - The example_kubernetes_executor example DAG requires the kubernetes provider. Please install it with: pip install apache-airflow[cncf.kubernetes]
[2023-10-15 17:13:23,314] {processor.py:656} WARNING - No viable dags retrieved from /Users/namyoung/Desktop/myprj/airflow/airflow/lib/python3.7/site-packages/airflow/example_dags/example_kubernetes_executor.py
[2023-10-15 17:13:23,316] {processor.py:171} INFO - Processing /Users/namyoung/Desktop/myprj/airflow/airflow/lib/python3.7/site-packages/airflow/example_dags/example_kubernetes_executor.py took 0.031 seconds
[2023-10-15 18:30:50,791] {processor.py:163} INFO - Started process (PID=27516) to work on /Users/namyoung/Desktop/myprj/airflow/airflow/lib/python3.7/site-packages/airflow/example_dags/example_kubernetes_executor.py
[2023-10-15 18:30:50,792] {processor.py:642} INFO - Processing file /Users/namyoung/Desktop/myprj/airflow/airflow/lib/python3.7/site-packages/airflow/example_dags/example_kubernetes_executor.py for tasks to queue
[2023-10-15 18:30:50,793] {logging_mixin.py:109} INFO - [2023-10-15 18:30:50,793] {dagbag.py:500} INFO - Filling up the DagBag from /Users/namyoung/Desktop/myprj/airflow/airflow/lib/python3.7/site-packages/airflow/example_dags/example_kubernetes_executor.py
[2023-10-15 18:30:50,800] {logging_mixin.py:109} INFO - [2023-10-15 18:30:50,800] {example_kubernetes_executor.py:39} WARNING - The example_kubernetes_executor example DAG requires the kubernetes provider. Please install it with: pip install apache-airflow[cncf.kubernetes]
[2023-10-15 18:30:50,805] {processor.py:656} WARNING - No viable dags retrieved from /Users/namyoung/Desktop/myprj/airflow/airflow/lib/python3.7/site-packages/airflow/example_dags/example_kubernetes_executor.py
[2023-10-15 18:30:50,807] {processor.py:171} INFO - Processing /Users/namyoung/Desktop/myprj/airflow/airflow/lib/python3.7/site-packages/airflow/example_dags/example_kubernetes_executor.py took 0.018 seconds
[2023-10-15 20:08:09,415] {processor.py:163} INFO - Started process (PID=27769) to work on /Users/namyoung/Desktop/myprj/airflow/airflow/lib/python3.7/site-packages/airflow/example_dags/example_kubernetes_executor.py
[2023-10-15 20:08:09,415] {processor.py:642} INFO - Processing file /Users/namyoung/Desktop/myprj/airflow/airflow/lib/python3.7/site-packages/airflow/example_dags/example_kubernetes_executor.py for tasks to queue
[2023-10-15 20:08:09,416] {logging_mixin.py:109} INFO - [2023-10-15 20:08:09,416] {dagbag.py:500} INFO - Filling up the DagBag from /Users/namyoung/Desktop/myprj/airflow/airflow/lib/python3.7/site-packages/airflow/example_dags/example_kubernetes_executor.py
[2023-10-15 20:08:09,423] {logging_mixin.py:109} INFO - [2023-10-15 20:08:09,422] {example_kubernetes_executor.py:39} WARNING - The example_kubernetes_executor example DAG requires the kubernetes provider. Please install it with: pip install apache-airflow[cncf.kubernetes]
[2023-10-15 20:08:09,427] {processor.py:656} WARNING - No viable dags retrieved from /Users/namyoung/Desktop/myprj/airflow/airflow/lib/python3.7/site-packages/airflow/example_dags/example_kubernetes_executor.py
[2023-10-15 20:08:09,429] {processor.py:171} INFO - Processing /Users/namyoung/Desktop/myprj/airflow/airflow/lib/python3.7/site-packages/airflow/example_dags/example_kubernetes_executor.py took 0.016 seconds
[2023-10-15 21:47:57,326] {processor.py:163} INFO - Started process (PID=27919) to work on /Users/namyoung/Desktop/myprj/airflow/airflow/lib/python3.7/site-packages/airflow/example_dags/example_kubernetes_executor.py
[2023-10-15 21:47:57,327] {processor.py:642} INFO - Processing file /Users/namyoung/Desktop/myprj/airflow/airflow/lib/python3.7/site-packages/airflow/example_dags/example_kubernetes_executor.py for tasks to queue
[2023-10-15 21:47:57,328] {logging_mixin.py:109} INFO - [2023-10-15 21:47:57,327] {dagbag.py:500} INFO - Filling up the DagBag from /Users/namyoung/Desktop/myprj/airflow/airflow/lib/python3.7/site-packages/airflow/example_dags/example_kubernetes_executor.py
[2023-10-15 21:47:57,334] {logging_mixin.py:109} INFO - [2023-10-15 21:47:57,334] {example_kubernetes_executor.py:39} WARNING - The example_kubernetes_executor example DAG requires the kubernetes provider. Please install it with: pip install apache-airflow[cncf.kubernetes]
[2023-10-15 21:47:57,339] {processor.py:656} WARNING - No viable dags retrieved from /Users/namyoung/Desktop/myprj/airflow/airflow/lib/python3.7/site-packages/airflow/example_dags/example_kubernetes_executor.py
[2023-10-15 21:47:57,342] {processor.py:171} INFO - Processing /Users/namyoung/Desktop/myprj/airflow/airflow/lib/python3.7/site-packages/airflow/example_dags/example_kubernetes_executor.py took 0.018 seconds
[2023-10-15 23:23:04,310] {processor.py:163} INFO - Started process (PID=28184) to work on /Users/namyoung/Desktop/myprj/airflow/airflow/lib/python3.7/site-packages/airflow/example_dags/example_kubernetes_executor.py
[2023-10-15 23:23:04,311] {processor.py:642} INFO - Processing file /Users/namyoung/Desktop/myprj/airflow/airflow/lib/python3.7/site-packages/airflow/example_dags/example_kubernetes_executor.py for tasks to queue
[2023-10-15 23:23:04,313] {logging_mixin.py:109} INFO - [2023-10-15 23:23:04,312] {dagbag.py:500} INFO - Filling up the DagBag from /Users/namyoung/Desktop/myprj/airflow/airflow/lib/python3.7/site-packages/airflow/example_dags/example_kubernetes_executor.py
[2023-10-15 23:23:04,326] {logging_mixin.py:109} INFO - [2023-10-15 23:23:04,325] {example_kubernetes_executor.py:39} WARNING - The example_kubernetes_executor example DAG requires the kubernetes provider. Please install it with: pip install apache-airflow[cncf.kubernetes]
[2023-10-15 23:23:04,335] {processor.py:656} WARNING - No viable dags retrieved from /Users/namyoung/Desktop/myprj/airflow/airflow/lib/python3.7/site-packages/airflow/example_dags/example_kubernetes_executor.py
[2023-10-15 23:23:04,337] {processor.py:171} INFO - Processing /Users/namyoung/Desktop/myprj/airflow/airflow/lib/python3.7/site-packages/airflow/example_dags/example_kubernetes_executor.py took 0.033 seconds
[2023-10-16 01:06:27,825] {processor.py:163} INFO - Started process (PID=28328) to work on /Users/namyoung/Desktop/myprj/airflow/airflow/lib/python3.7/site-packages/airflow/example_dags/example_kubernetes_executor.py
[2023-10-16 01:06:27,827] {processor.py:642} INFO - Processing file /Users/namyoung/Desktop/myprj/airflow/airflow/lib/python3.7/site-packages/airflow/example_dags/example_kubernetes_executor.py for tasks to queue
[2023-10-16 01:06:27,828] {logging_mixin.py:109} INFO - [2023-10-16 01:06:27,827] {dagbag.py:500} INFO - Filling up the DagBag from /Users/namyoung/Desktop/myprj/airflow/airflow/lib/python3.7/site-packages/airflow/example_dags/example_kubernetes_executor.py
[2023-10-16 01:06:27,841] {logging_mixin.py:109} INFO - [2023-10-16 01:06:27,841] {example_kubernetes_executor.py:39} WARNING - The example_kubernetes_executor example DAG requires the kubernetes provider. Please install it with: pip install apache-airflow[cncf.kubernetes]
[2023-10-16 01:06:27,850] {processor.py:656} WARNING - No viable dags retrieved from /Users/namyoung/Desktop/myprj/airflow/airflow/lib/python3.7/site-packages/airflow/example_dags/example_kubernetes_executor.py
[2023-10-16 01:06:27,853] {processor.py:171} INFO - Processing /Users/namyoung/Desktop/myprj/airflow/airflow/lib/python3.7/site-packages/airflow/example_dags/example_kubernetes_executor.py took 0.033 seconds
[2023-10-16 02:44:47,506] {processor.py:163} INFO - Started process (PID=28585) to work on /Users/namyoung/Desktop/myprj/airflow/airflow/lib/python3.7/site-packages/airflow/example_dags/example_kubernetes_executor.py
[2023-10-16 02:44:47,507] {processor.py:642} INFO - Processing file /Users/namyoung/Desktop/myprj/airflow/airflow/lib/python3.7/site-packages/airflow/example_dags/example_kubernetes_executor.py for tasks to queue
[2023-10-16 02:44:47,507] {logging_mixin.py:109} INFO - [2023-10-16 02:44:47,507] {dagbag.py:500} INFO - Filling up the DagBag from /Users/namyoung/Desktop/myprj/airflow/airflow/lib/python3.7/site-packages/airflow/example_dags/example_kubernetes_executor.py
[2023-10-16 02:44:47,513] {logging_mixin.py:109} INFO - [2023-10-16 02:44:47,513] {example_kubernetes_executor.py:39} WARNING - The example_kubernetes_executor example DAG requires the kubernetes provider. Please install it with: pip install apache-airflow[cncf.kubernetes]
[2023-10-16 02:44:47,517] {processor.py:656} WARNING - No viable dags retrieved from /Users/namyoung/Desktop/myprj/airflow/airflow/lib/python3.7/site-packages/airflow/example_dags/example_kubernetes_executor.py
[2023-10-16 02:44:47,519] {processor.py:171} INFO - Processing /Users/namyoung/Desktop/myprj/airflow/airflow/lib/python3.7/site-packages/airflow/example_dags/example_kubernetes_executor.py took 0.015 seconds
[2023-10-16 04:24:27,534] {processor.py:163} INFO - Started process (PID=28714) to work on /Users/namyoung/Desktop/myprj/airflow/airflow/lib/python3.7/site-packages/airflow/example_dags/example_kubernetes_executor.py
[2023-10-16 04:24:27,535] {processor.py:642} INFO - Processing file /Users/namyoung/Desktop/myprj/airflow/airflow/lib/python3.7/site-packages/airflow/example_dags/example_kubernetes_executor.py for tasks to queue
[2023-10-16 04:24:27,536] {logging_mixin.py:109} INFO - [2023-10-16 04:24:27,536] {dagbag.py:500} INFO - Filling up the DagBag from /Users/namyoung/Desktop/myprj/airflow/airflow/lib/python3.7/site-packages/airflow/example_dags/example_kubernetes_executor.py
[2023-10-16 04:24:27,543] {logging_mixin.py:109} INFO - [2023-10-16 04:24:27,543] {example_kubernetes_executor.py:39} WARNING - The example_kubernetes_executor example DAG requires the kubernetes provider. Please install it with: pip install apache-airflow[cncf.kubernetes]
[2023-10-16 04:24:27,548] {processor.py:656} WARNING - No viable dags retrieved from /Users/namyoung/Desktop/myprj/airflow/airflow/lib/python3.7/site-packages/airflow/example_dags/example_kubernetes_executor.py
[2023-10-16 04:24:27,550] {processor.py:171} INFO - Processing /Users/namyoung/Desktop/myprj/airflow/airflow/lib/python3.7/site-packages/airflow/example_dags/example_kubernetes_executor.py took 0.017 seconds
[2023-10-16 05:45:50,376] {processor.py:163} INFO - Started process (PID=28960) to work on /Users/namyoung/Desktop/myprj/airflow/airflow/lib/python3.7/site-packages/airflow/example_dags/example_kubernetes_executor.py
[2023-10-16 05:45:50,377] {processor.py:642} INFO - Processing file /Users/namyoung/Desktop/myprj/airflow/airflow/lib/python3.7/site-packages/airflow/example_dags/example_kubernetes_executor.py for tasks to queue
[2023-10-16 05:45:50,378] {logging_mixin.py:109} INFO - [2023-10-16 05:45:50,377] {dagbag.py:500} INFO - Filling up the DagBag from /Users/namyoung/Desktop/myprj/airflow/airflow/lib/python3.7/site-packages/airflow/example_dags/example_kubernetes_executor.py
[2023-10-16 05:45:50,384] {logging_mixin.py:109} INFO - [2023-10-16 05:45:50,383] {example_kubernetes_executor.py:39} WARNING - The example_kubernetes_executor example DAG requires the kubernetes provider. Please install it with: pip install apache-airflow[cncf.kubernetes]
[2023-10-16 05:45:50,389] {processor.py:656} WARNING - No viable dags retrieved from /Users/namyoung/Desktop/myprj/airflow/airflow/lib/python3.7/site-packages/airflow/example_dags/example_kubernetes_executor.py
[2023-10-16 05:45:50,390] {processor.py:171} INFO - Processing /Users/namyoung/Desktop/myprj/airflow/airflow/lib/python3.7/site-packages/airflow/example_dags/example_kubernetes_executor.py took 0.016 seconds
[2023-10-16 07:24:14,404] {processor.py:163} INFO - Started process (PID=29106) to work on /Users/namyoung/Desktop/myprj/airflow/airflow/lib/python3.7/site-packages/airflow/example_dags/example_kubernetes_executor.py
[2023-10-16 07:24:14,405] {processor.py:642} INFO - Processing file /Users/namyoung/Desktop/myprj/airflow/airflow/lib/python3.7/site-packages/airflow/example_dags/example_kubernetes_executor.py for tasks to queue
[2023-10-16 07:24:14,405] {logging_mixin.py:109} INFO - [2023-10-16 07:24:14,405] {dagbag.py:500} INFO - Filling up the DagBag from /Users/namyoung/Desktop/myprj/airflow/airflow/lib/python3.7/site-packages/airflow/example_dags/example_kubernetes_executor.py
[2023-10-16 07:24:14,411] {logging_mixin.py:109} INFO - [2023-10-16 07:24:14,411] {example_kubernetes_executor.py:39} WARNING - The example_kubernetes_executor example DAG requires the kubernetes provider. Please install it with: pip install apache-airflow[cncf.kubernetes]
[2023-10-16 07:24:14,416] {processor.py:656} WARNING - No viable dags retrieved from /Users/namyoung/Desktop/myprj/airflow/airflow/lib/python3.7/site-packages/airflow/example_dags/example_kubernetes_executor.py
[2023-10-16 07:24:14,418] {processor.py:171} INFO - Processing /Users/namyoung/Desktop/myprj/airflow/airflow/lib/python3.7/site-packages/airflow/example_dags/example_kubernetes_executor.py took 0.016 seconds
