[2023-10-15 09:44:26,227] {processor.py:163} INFO - Started process (PID=26402) to work on /Users/namyoung/Desktop/myprj/airflow/airflow/lib/python3.7/site-packages/airflow/example_dags/example_task_group.py
[2023-10-15 09:44:26,229] {processor.py:642} INFO - Processing file /Users/namyoung/Desktop/myprj/airflow/airflow/lib/python3.7/site-packages/airflow/example_dags/example_task_group.py for tasks to queue
[2023-10-15 09:44:26,230] {logging_mixin.py:109} INFO - [2023-10-15 09:44:26,230] {dagbag.py:500} INFO - Filling up the DagBag from /Users/namyoung/Desktop/myprj/airflow/airflow/lib/python3.7/site-packages/airflow/example_dags/example_task_group.py
[2023-10-15 09:44:26,257] {processor.py:654} INFO - DAG(s) dict_keys(['example_task_group']) retrieved from /Users/namyoung/Desktop/myprj/airflow/airflow/lib/python3.7/site-packages/airflow/example_dags/example_task_group.py
[2023-10-15 09:44:26,266] {logging_mixin.py:109} INFO - [2023-10-15 09:44:26,265] {dag.py:2396} INFO - Sync 1 DAGs
[2023-10-15 09:44:26,274] {logging_mixin.py:109} INFO - [2023-10-15 09:44:26,274] {dag.py:2935} INFO - Setting next_dagrun for example_task_group to 2023-10-14T00:44:26.273929+00:00
[2023-10-15 09:44:26,279] {processor.py:171} INFO - Processing /Users/namyoung/Desktop/myprj/airflow/airflow/lib/python3.7/site-packages/airflow/example_dags/example_task_group.py took 0.058 seconds
[2023-10-15 11:23:52,588] {processor.py:163} INFO - Started process (PID=26659) to work on /Users/namyoung/Desktop/myprj/airflow/airflow/lib/python3.7/site-packages/airflow/example_dags/example_task_group.py
[2023-10-15 11:23:52,589] {processor.py:642} INFO - Processing file /Users/namyoung/Desktop/myprj/airflow/airflow/lib/python3.7/site-packages/airflow/example_dags/example_task_group.py for tasks to queue
[2023-10-15 11:23:52,589] {logging_mixin.py:109} INFO - [2023-10-15 11:23:52,589] {dagbag.py:500} INFO - Filling up the DagBag from /Users/namyoung/Desktop/myprj/airflow/airflow/lib/python3.7/site-packages/airflow/example_dags/example_task_group.py
[2023-10-15 11:23:52,606] {processor.py:654} INFO - DAG(s) dict_keys(['example_task_group']) retrieved from /Users/namyoung/Desktop/myprj/airflow/airflow/lib/python3.7/site-packages/airflow/example_dags/example_task_group.py
[2023-10-15 11:23:52,617] {logging_mixin.py:109} INFO - [2023-10-15 11:23:52,617] {dag.py:2396} INFO - Sync 1 DAGs
[2023-10-15 11:23:52,631] {logging_mixin.py:109} INFO - [2023-10-15 11:23:52,630] {dag.py:2935} INFO - Setting next_dagrun for example_task_group to 2023-10-14T02:23:52.630398+00:00
[2023-10-15 11:23:52,639] {processor.py:171} INFO - Processing /Users/namyoung/Desktop/myprj/airflow/airflow/lib/python3.7/site-packages/airflow/example_dags/example_task_group.py took 0.054 seconds
[2023-10-15 13:05:05,539] {processor.py:163} INFO - Started process (PID=26896) to work on /Users/namyoung/Desktop/myprj/airflow/airflow/lib/python3.7/site-packages/airflow/example_dags/example_task_group.py
[2023-10-15 13:05:05,540] {processor.py:642} INFO - Processing file /Users/namyoung/Desktop/myprj/airflow/airflow/lib/python3.7/site-packages/airflow/example_dags/example_task_group.py for tasks to queue
[2023-10-15 13:05:05,541] {logging_mixin.py:109} INFO - [2023-10-15 13:05:05,541] {dagbag.py:500} INFO - Filling up the DagBag from /Users/namyoung/Desktop/myprj/airflow/airflow/lib/python3.7/site-packages/airflow/example_dags/example_task_group.py
[2023-10-15 13:05:05,559] {processor.py:654} INFO - DAG(s) dict_keys(['example_task_group']) retrieved from /Users/namyoung/Desktop/myprj/airflow/airflow/lib/python3.7/site-packages/airflow/example_dags/example_task_group.py
[2023-10-15 13:05:05,565] {logging_mixin.py:109} INFO - [2023-10-15 13:05:05,565] {dag.py:2396} INFO - Sync 1 DAGs
[2023-10-15 13:05:05,573] {logging_mixin.py:109} INFO - [2023-10-15 13:05:05,572] {dag.py:2935} INFO - Setting next_dagrun for example_task_group to 2023-10-14T04:05:05.572644+00:00
[2023-10-15 13:05:05,577] {processor.py:171} INFO - Processing /Users/namyoung/Desktop/myprj/airflow/airflow/lib/python3.7/site-packages/airflow/example_dags/example_task_group.py took 0.043 seconds
[2023-10-15 14:46:38,341] {processor.py:163} INFO - Started process (PID=27070) to work on /Users/namyoung/Desktop/myprj/airflow/airflow/lib/python3.7/site-packages/airflow/example_dags/example_task_group.py
[2023-10-15 14:46:38,342] {processor.py:642} INFO - Processing file /Users/namyoung/Desktop/myprj/airflow/airflow/lib/python3.7/site-packages/airflow/example_dags/example_task_group.py for tasks to queue
[2023-10-15 14:46:38,344] {logging_mixin.py:109} INFO - [2023-10-15 14:46:38,343] {dagbag.py:500} INFO - Filling up the DagBag from /Users/namyoung/Desktop/myprj/airflow/airflow/lib/python3.7/site-packages/airflow/example_dags/example_task_group.py
[2023-10-15 14:46:38,371] {processor.py:654} INFO - DAG(s) dict_keys(['example_task_group']) retrieved from /Users/namyoung/Desktop/myprj/airflow/airflow/lib/python3.7/site-packages/airflow/example_dags/example_task_group.py
[2023-10-15 14:46:38,382] {logging_mixin.py:109} INFO - [2023-10-15 14:46:38,382] {dag.py:2396} INFO - Sync 1 DAGs
[2023-10-15 14:46:38,391] {logging_mixin.py:109} INFO - [2023-10-15 14:46:38,391] {dag.py:2935} INFO - Setting next_dagrun for example_task_group to 2023-10-14T05:46:38.391103+00:00
[2023-10-15 14:46:38,397] {processor.py:171} INFO - Processing /Users/namyoung/Desktop/myprj/airflow/airflow/lib/python3.7/site-packages/airflow/example_dags/example_task_group.py took 0.062 seconds
[2023-10-15 16:41:18,406] {processor.py:163} INFO - Started process (PID=27343) to work on /Users/namyoung/Desktop/myprj/airflow/airflow/lib/python3.7/site-packages/airflow/example_dags/example_task_group.py
[2023-10-15 16:41:18,406] {processor.py:642} INFO - Processing file /Users/namyoung/Desktop/myprj/airflow/airflow/lib/python3.7/site-packages/airflow/example_dags/example_task_group.py for tasks to queue
[2023-10-15 16:41:18,407] {logging_mixin.py:109} INFO - [2023-10-15 16:41:18,407] {dagbag.py:500} INFO - Filling up the DagBag from /Users/namyoung/Desktop/myprj/airflow/airflow/lib/python3.7/site-packages/airflow/example_dags/example_task_group.py
[2023-10-15 16:41:18,420] {processor.py:654} INFO - DAG(s) dict_keys(['example_task_group']) retrieved from /Users/namyoung/Desktop/myprj/airflow/airflow/lib/python3.7/site-packages/airflow/example_dags/example_task_group.py
[2023-10-15 16:41:18,426] {logging_mixin.py:109} INFO - [2023-10-15 16:41:18,426] {dag.py:2396} INFO - Sync 1 DAGs
[2023-10-15 16:41:18,433] {logging_mixin.py:109} INFO - [2023-10-15 16:41:18,433] {dag.py:2935} INFO - Setting next_dagrun for example_task_group to 2023-10-14T07:41:18.433343+00:00
[2023-10-15 16:41:18,440] {processor.py:171} INFO - Processing /Users/namyoung/Desktop/myprj/airflow/airflow/lib/python3.7/site-packages/airflow/example_dags/example_task_group.py took 0.036 seconds
[2023-10-15 17:57:24,488] {processor.py:163} INFO - Started process (PID=27469) to work on /Users/namyoung/Desktop/myprj/airflow/airflow/lib/python3.7/site-packages/airflow/example_dags/example_task_group.py
[2023-10-15 17:57:24,490] {processor.py:642} INFO - Processing file /Users/namyoung/Desktop/myprj/airflow/airflow/lib/python3.7/site-packages/airflow/example_dags/example_task_group.py for tasks to queue
[2023-10-15 17:57:24,491] {logging_mixin.py:109} INFO - [2023-10-15 17:57:24,491] {dagbag.py:500} INFO - Filling up the DagBag from /Users/namyoung/Desktop/myprj/airflow/airflow/lib/python3.7/site-packages/airflow/example_dags/example_task_group.py
[2023-10-15 17:57:24,517] {processor.py:654} INFO - DAG(s) dict_keys(['example_task_group']) retrieved from /Users/namyoung/Desktop/myprj/airflow/airflow/lib/python3.7/site-packages/airflow/example_dags/example_task_group.py
[2023-10-15 17:57:24,525] {logging_mixin.py:109} INFO - [2023-10-15 17:57:24,525] {dag.py:2396} INFO - Sync 1 DAGs
[2023-10-15 17:57:24,533] {logging_mixin.py:109} INFO - [2023-10-15 17:57:24,533] {dag.py:2935} INFO - Setting next_dagrun for example_task_group to 2023-10-14T08:57:24.533429+00:00
[2023-10-15 17:57:24,539] {processor.py:171} INFO - Processing /Users/namyoung/Desktop/myprj/airflow/airflow/lib/python3.7/site-packages/airflow/example_dags/example_task_group.py took 0.056 seconds
[2023-10-15 19:37:31,804] {processor.py:163} INFO - Started process (PID=27724) to work on /Users/namyoung/Desktop/myprj/airflow/airflow/lib/python3.7/site-packages/airflow/example_dags/example_task_group.py
[2023-10-15 19:37:31,805] {processor.py:642} INFO - Processing file /Users/namyoung/Desktop/myprj/airflow/airflow/lib/python3.7/site-packages/airflow/example_dags/example_task_group.py for tasks to queue
[2023-10-15 19:37:31,805] {logging_mixin.py:109} INFO - [2023-10-15 19:37:31,805] {dagbag.py:500} INFO - Filling up the DagBag from /Users/namyoung/Desktop/myprj/airflow/airflow/lib/python3.7/site-packages/airflow/example_dags/example_task_group.py
[2023-10-15 19:37:31,819] {processor.py:654} INFO - DAG(s) dict_keys(['example_task_group']) retrieved from /Users/namyoung/Desktop/myprj/airflow/airflow/lib/python3.7/site-packages/airflow/example_dags/example_task_group.py
[2023-10-15 19:37:31,825] {logging_mixin.py:109} INFO - [2023-10-15 19:37:31,825] {dag.py:2396} INFO - Sync 1 DAGs
[2023-10-15 19:37:31,833] {logging_mixin.py:109} INFO - [2023-10-15 19:37:31,833] {dag.py:2935} INFO - Setting next_dagrun for example_task_group to 2023-10-14T10:37:31.832887+00:00
[2023-10-15 19:37:31,840] {processor.py:171} INFO - Processing /Users/namyoung/Desktop/myprj/airflow/airflow/lib/python3.7/site-packages/airflow/example_dags/example_task_group.py took 0.038 seconds
[2023-10-15 21:15:20,514] {processor.py:163} INFO - Started process (PID=27867) to work on /Users/namyoung/Desktop/myprj/airflow/airflow/lib/python3.7/site-packages/airflow/example_dags/example_task_group.py
[2023-10-15 21:15:20,515] {processor.py:642} INFO - Processing file /Users/namyoung/Desktop/myprj/airflow/airflow/lib/python3.7/site-packages/airflow/example_dags/example_task_group.py for tasks to queue
[2023-10-15 21:15:20,516] {logging_mixin.py:109} INFO - [2023-10-15 21:15:20,515] {dagbag.py:500} INFO - Filling up the DagBag from /Users/namyoung/Desktop/myprj/airflow/airflow/lib/python3.7/site-packages/airflow/example_dags/example_task_group.py
[2023-10-15 21:15:20,530] {processor.py:654} INFO - DAG(s) dict_keys(['example_task_group']) retrieved from /Users/namyoung/Desktop/myprj/airflow/airflow/lib/python3.7/site-packages/airflow/example_dags/example_task_group.py
[2023-10-15 21:15:20,536] {logging_mixin.py:109} INFO - [2023-10-15 21:15:20,536] {dag.py:2396} INFO - Sync 1 DAGs
[2023-10-15 21:15:20,543] {logging_mixin.py:109} INFO - [2023-10-15 21:15:20,543] {dag.py:2935} INFO - Setting next_dagrun for example_task_group to 2023-10-14T12:15:20.543208+00:00
[2023-10-15 21:15:20,550] {processor.py:171} INFO - Processing /Users/namyoung/Desktop/myprj/airflow/airflow/lib/python3.7/site-packages/airflow/example_dags/example_task_group.py took 0.038 seconds
[2023-10-15 22:52:23,796] {processor.py:163} INFO - Started process (PID=28138) to work on /Users/namyoung/Desktop/myprj/airflow/airflow/lib/python3.7/site-packages/airflow/example_dags/example_task_group.py
[2023-10-15 22:52:23,797] {processor.py:642} INFO - Processing file /Users/namyoung/Desktop/myprj/airflow/airflow/lib/python3.7/site-packages/airflow/example_dags/example_task_group.py for tasks to queue
[2023-10-15 22:52:23,799] {logging_mixin.py:109} INFO - [2023-10-15 22:52:23,798] {dagbag.py:500} INFO - Filling up the DagBag from /Users/namyoung/Desktop/myprj/airflow/airflow/lib/python3.7/site-packages/airflow/example_dags/example_task_group.py
[2023-10-15 22:52:23,826] {processor.py:654} INFO - DAG(s) dict_keys(['example_task_group']) retrieved from /Users/namyoung/Desktop/myprj/airflow/airflow/lib/python3.7/site-packages/airflow/example_dags/example_task_group.py
[2023-10-15 22:52:23,834] {logging_mixin.py:109} INFO - [2023-10-15 22:52:23,834] {dag.py:2396} INFO - Sync 1 DAGs
[2023-10-15 22:52:23,842] {logging_mixin.py:109} INFO - [2023-10-15 22:52:23,842] {dag.py:2935} INFO - Setting next_dagrun for example_task_group to 2023-10-14T13:52:23.842214+00:00
[2023-10-15 22:52:23,847] {processor.py:171} INFO - Processing /Users/namyoung/Desktop/myprj/airflow/airflow/lib/python3.7/site-packages/airflow/example_dags/example_task_group.py took 0.057 seconds
[2023-10-16 00:30:58,847] {processor.py:163} INFO - Started process (PID=28281) to work on /Users/namyoung/Desktop/myprj/airflow/airflow/lib/python3.7/site-packages/airflow/example_dags/example_task_group.py
[2023-10-16 00:30:58,850] {processor.py:642} INFO - Processing file /Users/namyoung/Desktop/myprj/airflow/airflow/lib/python3.7/site-packages/airflow/example_dags/example_task_group.py for tasks to queue
[2023-10-16 00:30:58,851] {logging_mixin.py:109} INFO - [2023-10-16 00:30:58,851] {dagbag.py:500} INFO - Filling up the DagBag from /Users/namyoung/Desktop/myprj/airflow/airflow/lib/python3.7/site-packages/airflow/example_dags/example_task_group.py
[2023-10-16 00:30:58,879] {processor.py:654} INFO - DAG(s) dict_keys(['example_task_group']) retrieved from /Users/namyoung/Desktop/myprj/airflow/airflow/lib/python3.7/site-packages/airflow/example_dags/example_task_group.py
[2023-10-16 00:30:58,887] {logging_mixin.py:109} INFO - [2023-10-16 00:30:58,887] {dag.py:2396} INFO - Sync 1 DAGs
[2023-10-16 00:30:58,896] {logging_mixin.py:109} INFO - [2023-10-16 00:30:58,896] {dag.py:2935} INFO - Setting next_dagrun for example_task_group to 2023-10-14T15:30:58.895795+00:00
[2023-10-16 00:30:58,901] {processor.py:171} INFO - Processing /Users/namyoung/Desktop/myprj/airflow/airflow/lib/python3.7/site-packages/airflow/example_dags/example_task_group.py took 0.060 seconds
[2023-10-16 02:10:24,151] {processor.py:163} INFO - Started process (PID=28542) to work on /Users/namyoung/Desktop/myprj/airflow/airflow/lib/python3.7/site-packages/airflow/example_dags/example_task_group.py
[2023-10-16 02:10:24,153] {processor.py:642} INFO - Processing file /Users/namyoung/Desktop/myprj/airflow/airflow/lib/python3.7/site-packages/airflow/example_dags/example_task_group.py for tasks to queue
[2023-10-16 02:10:24,155] {logging_mixin.py:109} INFO - [2023-10-16 02:10:24,154] {dagbag.py:500} INFO - Filling up the DagBag from /Users/namyoung/Desktop/myprj/airflow/airflow/lib/python3.7/site-packages/airflow/example_dags/example_task_group.py
[2023-10-16 02:10:24,183] {processor.py:654} INFO - DAG(s) dict_keys(['example_task_group']) retrieved from /Users/namyoung/Desktop/myprj/airflow/airflow/lib/python3.7/site-packages/airflow/example_dags/example_task_group.py
[2023-10-16 02:10:24,192] {logging_mixin.py:109} INFO - [2023-10-16 02:10:24,191] {dag.py:2396} INFO - Sync 1 DAGs
[2023-10-16 02:10:24,199] {logging_mixin.py:109} INFO - [2023-10-16 02:10:24,199] {dag.py:2935} INFO - Setting next_dagrun for example_task_group to 2023-10-14T17:10:24.199554+00:00
[2023-10-16 02:10:24,205] {processor.py:171} INFO - Processing /Users/namyoung/Desktop/myprj/airflow/airflow/lib/python3.7/site-packages/airflow/example_dags/example_task_group.py took 0.060 seconds
[2023-10-16 03:51:19,871] {processor.py:163} INFO - Started process (PID=28675) to work on /Users/namyoung/Desktop/myprj/airflow/airflow/lib/python3.7/site-packages/airflow/example_dags/example_task_group.py
[2023-10-16 03:51:19,872] {processor.py:642} INFO - Processing file /Users/namyoung/Desktop/myprj/airflow/airflow/lib/python3.7/site-packages/airflow/example_dags/example_task_group.py for tasks to queue
[2023-10-16 03:51:19,873] {logging_mixin.py:109} INFO - [2023-10-16 03:51:19,873] {dagbag.py:500} INFO - Filling up the DagBag from /Users/namyoung/Desktop/myprj/airflow/airflow/lib/python3.7/site-packages/airflow/example_dags/example_task_group.py
[2023-10-16 03:51:19,886] {processor.py:654} INFO - DAG(s) dict_keys(['example_task_group']) retrieved from /Users/namyoung/Desktop/myprj/airflow/airflow/lib/python3.7/site-packages/airflow/example_dags/example_task_group.py
[2023-10-16 03:51:19,892] {logging_mixin.py:109} INFO - [2023-10-16 03:51:19,892] {dag.py:2396} INFO - Sync 1 DAGs
[2023-10-16 03:51:19,900] {logging_mixin.py:109} INFO - [2023-10-16 03:51:19,900] {dag.py:2935} INFO - Setting next_dagrun for example_task_group to 2023-10-14T18:51:19.899927+00:00
[2023-10-16 03:51:19,905] {processor.py:171} INFO - Processing /Users/namyoung/Desktop/myprj/airflow/airflow/lib/python3.7/site-packages/airflow/example_dags/example_task_group.py took 0.036 seconds
[2023-10-16 05:11:39,799] {processor.py:163} INFO - Started process (PID=28913) to work on /Users/namyoung/Desktop/myprj/airflow/airflow/lib/python3.7/site-packages/airflow/example_dags/example_task_group.py
[2023-10-16 05:11:39,800] {processor.py:642} INFO - Processing file /Users/namyoung/Desktop/myprj/airflow/airflow/lib/python3.7/site-packages/airflow/example_dags/example_task_group.py for tasks to queue
[2023-10-16 05:11:39,800] {logging_mixin.py:109} INFO - [2023-10-16 05:11:39,800] {dagbag.py:500} INFO - Filling up the DagBag from /Users/namyoung/Desktop/myprj/airflow/airflow/lib/python3.7/site-packages/airflow/example_dags/example_task_group.py
[2023-10-16 05:11:39,814] {processor.py:654} INFO - DAG(s) dict_keys(['example_task_group']) retrieved from /Users/namyoung/Desktop/myprj/airflow/airflow/lib/python3.7/site-packages/airflow/example_dags/example_task_group.py
[2023-10-16 05:11:39,820] {logging_mixin.py:109} INFO - [2023-10-16 05:11:39,820] {dag.py:2396} INFO - Sync 1 DAGs
[2023-10-16 05:11:39,827] {logging_mixin.py:109} INFO - [2023-10-16 05:11:39,827] {dag.py:2935} INFO - Setting next_dagrun for example_task_group to 2023-10-14T20:11:39.827096+00:00
[2023-10-16 05:11:39,833] {processor.py:171} INFO - Processing /Users/namyoung/Desktop/myprj/airflow/airflow/lib/python3.7/site-packages/airflow/example_dags/example_task_group.py took 0.035 seconds
[2023-10-16 06:51:06,670] {processor.py:163} INFO - Started process (PID=29059) to work on /Users/namyoung/Desktop/myprj/airflow/airflow/lib/python3.7/site-packages/airflow/example_dags/example_task_group.py
[2023-10-16 06:51:06,671] {processor.py:642} INFO - Processing file /Users/namyoung/Desktop/myprj/airflow/airflow/lib/python3.7/site-packages/airflow/example_dags/example_task_group.py for tasks to queue
[2023-10-16 06:51:06,671] {logging_mixin.py:109} INFO - [2023-10-16 06:51:06,671] {dagbag.py:500} INFO - Filling up the DagBag from /Users/namyoung/Desktop/myprj/airflow/airflow/lib/python3.7/site-packages/airflow/example_dags/example_task_group.py
[2023-10-16 06:51:06,684] {processor.py:654} INFO - DAG(s) dict_keys(['example_task_group']) retrieved from /Users/namyoung/Desktop/myprj/airflow/airflow/lib/python3.7/site-packages/airflow/example_dags/example_task_group.py
[2023-10-16 06:51:06,690] {logging_mixin.py:109} INFO - [2023-10-16 06:51:06,690] {dag.py:2396} INFO - Sync 1 DAGs
[2023-10-16 06:51:06,698] {logging_mixin.py:109} INFO - [2023-10-16 06:51:06,697] {dag.py:2935} INFO - Setting next_dagrun for example_task_group to 2023-10-14T21:51:06.697629+00:00
[2023-10-16 06:51:06,703] {processor.py:171} INFO - Processing /Users/namyoung/Desktop/myprj/airflow/airflow/lib/python3.7/site-packages/airflow/example_dags/example_task_group.py took 0.035 seconds
[2023-10-16 08:30:01,577] {processor.py:163} INFO - Started process (PID=29323) to work on /Users/namyoung/Desktop/myprj/airflow/airflow/lib/python3.7/site-packages/airflow/example_dags/example_task_group.py
[2023-10-16 08:30:01,579] {processor.py:642} INFO - Processing file /Users/namyoung/Desktop/myprj/airflow/airflow/lib/python3.7/site-packages/airflow/example_dags/example_task_group.py for tasks to queue
[2023-10-16 08:30:01,579] {logging_mixin.py:109} INFO - [2023-10-16 08:30:01,579] {dagbag.py:500} INFO - Filling up the DagBag from /Users/namyoung/Desktop/myprj/airflow/airflow/lib/python3.7/site-packages/airflow/example_dags/example_task_group.py
[2023-10-16 08:30:01,601] {processor.py:654} INFO - DAG(s) dict_keys(['example_task_group']) retrieved from /Users/namyoung/Desktop/myprj/airflow/airflow/lib/python3.7/site-packages/airflow/example_dags/example_task_group.py
[2023-10-16 08:30:01,608] {logging_mixin.py:109} INFO - [2023-10-16 08:30:01,608] {dag.py:2396} INFO - Sync 1 DAGs
[2023-10-16 08:30:01,615] {logging_mixin.py:109} INFO - [2023-10-16 08:30:01,615] {dag.py:2935} INFO - Setting next_dagrun for example_task_group to 2023-10-14T23:30:01.615181+00:00
[2023-10-16 08:30:01,621] {processor.py:171} INFO - Processing /Users/namyoung/Desktop/myprj/airflow/airflow/lib/python3.7/site-packages/airflow/example_dags/example_task_group.py took 0.049 seconds
