[2023-10-15 10:17:22,512] {processor.py:163} INFO - Started process (PID=26571) to work on /Users/namyoung/Desktop/myprj/airflow/airflow/lib/python3.7/site-packages/airflow/example_dags/example_external_task_marker_dag.py
[2023-10-15 10:17:22,514] {processor.py:642} INFO - Processing file /Users/namyoung/Desktop/myprj/airflow/airflow/lib/python3.7/site-packages/airflow/example_dags/example_external_task_marker_dag.py for tasks to queue
[2023-10-15 10:17:22,515] {logging_mixin.py:109} INFO - [2023-10-15 10:17:22,515] {dagbag.py:500} INFO - Filling up the DagBag from /Users/namyoung/Desktop/myprj/airflow/airflow/lib/python3.7/site-packages/airflow/example_dags/example_external_task_marker_dag.py
[2023-10-15 10:17:22,543] {processor.py:654} INFO - DAG(s) dict_keys(['example_external_task_marker_parent', 'example_external_task_marker_child']) retrieved from /Users/namyoung/Desktop/myprj/airflow/airflow/lib/python3.7/site-packages/airflow/example_dags/example_external_task_marker_dag.py
[2023-10-15 10:17:22,555] {logging_mixin.py:109} INFO - [2023-10-15 10:17:22,555] {dag.py:2396} INFO - Sync 2 DAGs
[2023-10-15 10:17:22,565] {logging_mixin.py:109} INFO - [2023-10-15 10:17:22,565] {dag.py:2935} INFO - Setting next_dagrun for example_external_task_marker_child to None
[2023-10-15 10:17:22,566] {logging_mixin.py:109} INFO - [2023-10-15 10:17:22,565] {dag.py:2935} INFO - Setting next_dagrun for example_external_task_marker_parent to None
[2023-10-15 10:17:22,571] {processor.py:171} INFO - Processing /Users/namyoung/Desktop/myprj/airflow/airflow/lib/python3.7/site-packages/airflow/example_dags/example_external_task_marker_dag.py took 0.066 seconds
[2023-10-15 11:57:35,293] {processor.py:163} INFO - Started process (PID=26708) to work on /Users/namyoung/Desktop/myprj/airflow/airflow/lib/python3.7/site-packages/airflow/example_dags/example_external_task_marker_dag.py
[2023-10-15 11:57:35,295] {processor.py:642} INFO - Processing file /Users/namyoung/Desktop/myprj/airflow/airflow/lib/python3.7/site-packages/airflow/example_dags/example_external_task_marker_dag.py for tasks to queue
[2023-10-15 11:57:35,296] {logging_mixin.py:109} INFO - [2023-10-15 11:57:35,296] {dagbag.py:500} INFO - Filling up the DagBag from /Users/namyoung/Desktop/myprj/airflow/airflow/lib/python3.7/site-packages/airflow/example_dags/example_external_task_marker_dag.py
[2023-10-15 11:57:35,318] {processor.py:654} INFO - DAG(s) dict_keys(['example_external_task_marker_parent', 'example_external_task_marker_child']) retrieved from /Users/namyoung/Desktop/myprj/airflow/airflow/lib/python3.7/site-packages/airflow/example_dags/example_external_task_marker_dag.py
[2023-10-15 11:57:35,327] {logging_mixin.py:109} INFO - [2023-10-15 11:57:35,327] {dag.py:2396} INFO - Sync 2 DAGs
[2023-10-15 11:57:35,336] {logging_mixin.py:109} INFO - [2023-10-15 11:57:35,336] {dag.py:2935} INFO - Setting next_dagrun for example_external_task_marker_child to None
[2023-10-15 11:57:35,336] {logging_mixin.py:109} INFO - [2023-10-15 11:57:35,336] {dag.py:2935} INFO - Setting next_dagrun for example_external_task_marker_parent to None
[2023-10-15 11:57:35,342] {processor.py:171} INFO - Processing /Users/namyoung/Desktop/myprj/airflow/airflow/lib/python3.7/site-packages/airflow/example_dags/example_external_task_marker_dag.py took 0.054 seconds
[2023-10-15 13:55:31,754] {processor.py:163} INFO - Started process (PID=26980) to work on /Users/namyoung/Desktop/myprj/airflow/airflow/lib/python3.7/site-packages/airflow/example_dags/example_external_task_marker_dag.py
[2023-10-15 13:55:31,755] {processor.py:642} INFO - Processing file /Users/namyoung/Desktop/myprj/airflow/airflow/lib/python3.7/site-packages/airflow/example_dags/example_external_task_marker_dag.py for tasks to queue
[2023-10-15 13:55:31,756] {logging_mixin.py:109} INFO - [2023-10-15 13:55:31,756] {dagbag.py:500} INFO - Filling up the DagBag from /Users/namyoung/Desktop/myprj/airflow/airflow/lib/python3.7/site-packages/airflow/example_dags/example_external_task_marker_dag.py
[2023-10-15 13:55:31,771] {processor.py:654} INFO - DAG(s) dict_keys(['example_external_task_marker_parent', 'example_external_task_marker_child']) retrieved from /Users/namyoung/Desktop/myprj/airflow/airflow/lib/python3.7/site-packages/airflow/example_dags/example_external_task_marker_dag.py
[2023-10-15 13:55:31,779] {logging_mixin.py:109} INFO - [2023-10-15 13:55:31,779] {dag.py:2396} INFO - Sync 2 DAGs
[2023-10-15 13:55:31,789] {logging_mixin.py:109} INFO - [2023-10-15 13:55:31,789] {dag.py:2935} INFO - Setting next_dagrun for example_external_task_marker_child to None
[2023-10-15 13:55:31,789] {logging_mixin.py:109} INFO - [2023-10-15 13:55:31,789] {dag.py:2935} INFO - Setting next_dagrun for example_external_task_marker_parent to None
[2023-10-15 13:55:31,797] {processor.py:171} INFO - Processing /Users/namyoung/Desktop/myprj/airflow/airflow/lib/python3.7/site-packages/airflow/example_dags/example_external_task_marker_dag.py took 0.045 seconds
[2023-10-15 15:36:21,451] {processor.py:163} INFO - Started process (PID=27129) to work on /Users/namyoung/Desktop/myprj/airflow/airflow/lib/python3.7/site-packages/airflow/example_dags/example_external_task_marker_dag.py
[2023-10-15 15:36:21,452] {processor.py:642} INFO - Processing file /Users/namyoung/Desktop/myprj/airflow/airflow/lib/python3.7/site-packages/airflow/example_dags/example_external_task_marker_dag.py for tasks to queue
[2023-10-15 15:36:21,453] {logging_mixin.py:109} INFO - [2023-10-15 15:36:21,452] {dagbag.py:500} INFO - Filling up the DagBag from /Users/namyoung/Desktop/myprj/airflow/airflow/lib/python3.7/site-packages/airflow/example_dags/example_external_task_marker_dag.py
[2023-10-15 15:36:21,465] {processor.py:654} INFO - DAG(s) dict_keys(['example_external_task_marker_parent', 'example_external_task_marker_child']) retrieved from /Users/namyoung/Desktop/myprj/airflow/airflow/lib/python3.7/site-packages/airflow/example_dags/example_external_task_marker_dag.py
[2023-10-15 15:36:21,471] {logging_mixin.py:109} INFO - [2023-10-15 15:36:21,471] {dag.py:2396} INFO - Sync 2 DAGs
[2023-10-15 15:36:21,479] {logging_mixin.py:109} INFO - [2023-10-15 15:36:21,479] {dag.py:2935} INFO - Setting next_dagrun for example_external_task_marker_child to None
[2023-10-15 15:36:21,479] {logging_mixin.py:109} INFO - [2023-10-15 15:36:21,479] {dag.py:2935} INFO - Setting next_dagrun for example_external_task_marker_parent to None
[2023-10-15 15:36:21,485] {processor.py:171} INFO - Processing /Users/namyoung/Desktop/myprj/airflow/airflow/lib/python3.7/site-packages/airflow/example_dags/example_external_task_marker_dag.py took 0.036 seconds
[2023-10-15 17:13:24,441] {processor.py:163} INFO - Started process (PID=27392) to work on /Users/namyoung/Desktop/myprj/airflow/airflow/lib/python3.7/site-packages/airflow/example_dags/example_external_task_marker_dag.py
[2023-10-15 17:13:24,442] {processor.py:642} INFO - Processing file /Users/namyoung/Desktop/myprj/airflow/airflow/lib/python3.7/site-packages/airflow/example_dags/example_external_task_marker_dag.py for tasks to queue
[2023-10-15 17:13:24,442] {logging_mixin.py:109} INFO - [2023-10-15 17:13:24,442] {dagbag.py:500} INFO - Filling up the DagBag from /Users/namyoung/Desktop/myprj/airflow/airflow/lib/python3.7/site-packages/airflow/example_dags/example_external_task_marker_dag.py
[2023-10-15 17:13:24,454] {processor.py:654} INFO - DAG(s) dict_keys(['example_external_task_marker_parent', 'example_external_task_marker_child']) retrieved from /Users/namyoung/Desktop/myprj/airflow/airflow/lib/python3.7/site-packages/airflow/example_dags/example_external_task_marker_dag.py
[2023-10-15 17:13:24,461] {logging_mixin.py:109} INFO - [2023-10-15 17:13:24,461] {dag.py:2396} INFO - Sync 2 DAGs
[2023-10-15 17:13:24,468] {logging_mixin.py:109} INFO - [2023-10-15 17:13:24,468] {dag.py:2935} INFO - Setting next_dagrun for example_external_task_marker_child to None
[2023-10-15 17:13:24,468] {logging_mixin.py:109} INFO - [2023-10-15 17:13:24,468] {dag.py:2935} INFO - Setting next_dagrun for example_external_task_marker_parent to None
[2023-10-15 17:13:24,474] {processor.py:171} INFO - Processing /Users/namyoung/Desktop/myprj/airflow/airflow/lib/python3.7/site-packages/airflow/example_dags/example_external_task_marker_dag.py took 0.035 seconds
[2023-10-15 18:30:51,974] {processor.py:163} INFO - Started process (PID=27517) to work on /Users/namyoung/Desktop/myprj/airflow/airflow/lib/python3.7/site-packages/airflow/example_dags/example_external_task_marker_dag.py
[2023-10-15 18:30:51,976] {processor.py:642} INFO - Processing file /Users/namyoung/Desktop/myprj/airflow/airflow/lib/python3.7/site-packages/airflow/example_dags/example_external_task_marker_dag.py for tasks to queue
[2023-10-15 18:30:51,977] {logging_mixin.py:109} INFO - [2023-10-15 18:30:51,977] {dagbag.py:500} INFO - Filling up the DagBag from /Users/namyoung/Desktop/myprj/airflow/airflow/lib/python3.7/site-packages/airflow/example_dags/example_external_task_marker_dag.py
[2023-10-15 18:30:52,000] {processor.py:654} INFO - DAG(s) dict_keys(['example_external_task_marker_parent', 'example_external_task_marker_child']) retrieved from /Users/namyoung/Desktop/myprj/airflow/airflow/lib/python3.7/site-packages/airflow/example_dags/example_external_task_marker_dag.py
[2023-10-15 18:30:52,009] {logging_mixin.py:109} INFO - [2023-10-15 18:30:52,009] {dag.py:2396} INFO - Sync 2 DAGs
[2023-10-15 18:30:52,017] {logging_mixin.py:109} INFO - [2023-10-15 18:30:52,017] {dag.py:2935} INFO - Setting next_dagrun for example_external_task_marker_child to None
[2023-10-15 18:30:52,017] {logging_mixin.py:109} INFO - [2023-10-15 18:30:52,017] {dag.py:2935} INFO - Setting next_dagrun for example_external_task_marker_parent to None
[2023-10-15 18:30:52,024] {processor.py:171} INFO - Processing /Users/namyoung/Desktop/myprj/airflow/airflow/lib/python3.7/site-packages/airflow/example_dags/example_external_task_marker_dag.py took 0.055 seconds
[2023-10-15 20:08:10,585] {processor.py:163} INFO - Started process (PID=27771) to work on /Users/namyoung/Desktop/myprj/airflow/airflow/lib/python3.7/site-packages/airflow/example_dags/example_external_task_marker_dag.py
[2023-10-15 20:08:10,587] {processor.py:642} INFO - Processing file /Users/namyoung/Desktop/myprj/airflow/airflow/lib/python3.7/site-packages/airflow/example_dags/example_external_task_marker_dag.py for tasks to queue
[2023-10-15 20:08:10,588] {logging_mixin.py:109} INFO - [2023-10-15 20:08:10,588] {dagbag.py:500} INFO - Filling up the DagBag from /Users/namyoung/Desktop/myprj/airflow/airflow/lib/python3.7/site-packages/airflow/example_dags/example_external_task_marker_dag.py
[2023-10-15 20:08:10,613] {processor.py:654} INFO - DAG(s) dict_keys(['example_external_task_marker_parent', 'example_external_task_marker_child']) retrieved from /Users/namyoung/Desktop/myprj/airflow/airflow/lib/python3.7/site-packages/airflow/example_dags/example_external_task_marker_dag.py
[2023-10-15 20:08:10,623] {logging_mixin.py:109} INFO - [2023-10-15 20:08:10,622] {dag.py:2396} INFO - Sync 2 DAGs
[2023-10-15 20:08:10,631] {logging_mixin.py:109} INFO - [2023-10-15 20:08:10,631] {dag.py:2935} INFO - Setting next_dagrun for example_external_task_marker_child to None
[2023-10-15 20:08:10,631] {logging_mixin.py:109} INFO - [2023-10-15 20:08:10,631] {dag.py:2935} INFO - Setting next_dagrun for example_external_task_marker_parent to None
[2023-10-15 20:08:10,637] {processor.py:171} INFO - Processing /Users/namyoung/Desktop/myprj/airflow/airflow/lib/python3.7/site-packages/airflow/example_dags/example_external_task_marker_dag.py took 0.057 seconds
[2023-10-15 21:47:58,482] {processor.py:163} INFO - Started process (PID=27920) to work on /Users/namyoung/Desktop/myprj/airflow/airflow/lib/python3.7/site-packages/airflow/example_dags/example_external_task_marker_dag.py
[2023-10-15 21:47:58,482] {processor.py:642} INFO - Processing file /Users/namyoung/Desktop/myprj/airflow/airflow/lib/python3.7/site-packages/airflow/example_dags/example_external_task_marker_dag.py for tasks to queue
[2023-10-15 21:47:58,483] {logging_mixin.py:109} INFO - [2023-10-15 21:47:58,483] {dagbag.py:500} INFO - Filling up the DagBag from /Users/namyoung/Desktop/myprj/airflow/airflow/lib/python3.7/site-packages/airflow/example_dags/example_external_task_marker_dag.py
[2023-10-15 21:47:58,495] {processor.py:654} INFO - DAG(s) dict_keys(['example_external_task_marker_parent', 'example_external_task_marker_child']) retrieved from /Users/namyoung/Desktop/myprj/airflow/airflow/lib/python3.7/site-packages/airflow/example_dags/example_external_task_marker_dag.py
[2023-10-15 21:47:58,501] {logging_mixin.py:109} INFO - [2023-10-15 21:47:58,501] {dag.py:2396} INFO - Sync 2 DAGs
[2023-10-15 21:47:58,509] {logging_mixin.py:109} INFO - [2023-10-15 21:47:58,508] {dag.py:2935} INFO - Setting next_dagrun for example_external_task_marker_child to None
[2023-10-15 21:47:58,509] {logging_mixin.py:109} INFO - [2023-10-15 21:47:58,509] {dag.py:2935} INFO - Setting next_dagrun for example_external_task_marker_parent to None
[2023-10-15 21:47:58,515] {processor.py:171} INFO - Processing /Users/namyoung/Desktop/myprj/airflow/airflow/lib/python3.7/site-packages/airflow/example_dags/example_external_task_marker_dag.py took 0.035 seconds
[2023-10-15 23:23:05,491] {processor.py:163} INFO - Started process (PID=28185) to work on /Users/namyoung/Desktop/myprj/airflow/airflow/lib/python3.7/site-packages/airflow/example_dags/example_external_task_marker_dag.py
[2023-10-15 23:23:05,493] {processor.py:642} INFO - Processing file /Users/namyoung/Desktop/myprj/airflow/airflow/lib/python3.7/site-packages/airflow/example_dags/example_external_task_marker_dag.py for tasks to queue
[2023-10-15 23:23:05,494] {logging_mixin.py:109} INFO - [2023-10-15 23:23:05,494] {dagbag.py:500} INFO - Filling up the DagBag from /Users/namyoung/Desktop/myprj/airflow/airflow/lib/python3.7/site-packages/airflow/example_dags/example_external_task_marker_dag.py
[2023-10-15 23:23:05,520] {processor.py:654} INFO - DAG(s) dict_keys(['example_external_task_marker_parent', 'example_external_task_marker_child']) retrieved from /Users/namyoung/Desktop/myprj/airflow/airflow/lib/python3.7/site-packages/airflow/example_dags/example_external_task_marker_dag.py
[2023-10-15 23:23:05,530] {logging_mixin.py:109} INFO - [2023-10-15 23:23:05,530] {dag.py:2396} INFO - Sync 2 DAGs
[2023-10-15 23:23:05,538] {logging_mixin.py:109} INFO - [2023-10-15 23:23:05,538] {dag.py:2935} INFO - Setting next_dagrun for example_external_task_marker_child to None
[2023-10-15 23:23:05,538] {logging_mixin.py:109} INFO - [2023-10-15 23:23:05,538] {dag.py:2935} INFO - Setting next_dagrun for example_external_task_marker_parent to None
[2023-10-15 23:23:05,544] {processor.py:171} INFO - Processing /Users/namyoung/Desktop/myprj/airflow/airflow/lib/python3.7/site-packages/airflow/example_dags/example_external_task_marker_dag.py took 0.059 seconds
[2023-10-16 01:22:51,164] {processor.py:163} INFO - Started process (PID=28329) to work on /Users/namyoung/Desktop/myprj/airflow/airflow/lib/python3.7/site-packages/airflow/example_dags/example_external_task_marker_dag.py
[2023-10-16 01:22:51,165] {processor.py:642} INFO - Processing file /Users/namyoung/Desktop/myprj/airflow/airflow/lib/python3.7/site-packages/airflow/example_dags/example_external_task_marker_dag.py for tasks to queue
[2023-10-16 01:22:51,166] {logging_mixin.py:109} INFO - [2023-10-16 01:22:51,166] {dagbag.py:500} INFO - Filling up the DagBag from /Users/namyoung/Desktop/myprj/airflow/airflow/lib/python3.7/site-packages/airflow/example_dags/example_external_task_marker_dag.py
[2023-10-16 01:22:51,185] {processor.py:654} INFO - DAG(s) dict_keys(['example_external_task_marker_parent', 'example_external_task_marker_child']) retrieved from /Users/namyoung/Desktop/myprj/airflow/airflow/lib/python3.7/site-packages/airflow/example_dags/example_external_task_marker_dag.py
[2023-10-16 01:22:51,194] {logging_mixin.py:109} INFO - [2023-10-16 01:22:51,194] {dag.py:2396} INFO - Sync 2 DAGs
[2023-10-16 01:22:51,205] {logging_mixin.py:109} INFO - [2023-10-16 01:22:51,204] {dag.py:2935} INFO - Setting next_dagrun for example_external_task_marker_child to None
[2023-10-16 01:22:51,205] {logging_mixin.py:109} INFO - [2023-10-16 01:22:51,205] {dag.py:2935} INFO - Setting next_dagrun for example_external_task_marker_parent to None
[2023-10-16 01:22:51,227] {processor.py:171} INFO - Processing /Users/namyoung/Desktop/myprj/airflow/airflow/lib/python3.7/site-packages/airflow/example_dags/example_external_task_marker_dag.py took 0.068 seconds
[2023-10-16 02:44:48,668] {processor.py:163} INFO - Started process (PID=28586) to work on /Users/namyoung/Desktop/myprj/airflow/airflow/lib/python3.7/site-packages/airflow/example_dags/example_external_task_marker_dag.py
[2023-10-16 02:44:48,670] {processor.py:642} INFO - Processing file /Users/namyoung/Desktop/myprj/airflow/airflow/lib/python3.7/site-packages/airflow/example_dags/example_external_task_marker_dag.py for tasks to queue
[2023-10-16 02:44:48,671] {logging_mixin.py:109} INFO - [2023-10-16 02:44:48,670] {dagbag.py:500} INFO - Filling up the DagBag from /Users/namyoung/Desktop/myprj/airflow/airflow/lib/python3.7/site-packages/airflow/example_dags/example_external_task_marker_dag.py
[2023-10-16 02:44:48,693] {processor.py:654} INFO - DAG(s) dict_keys(['example_external_task_marker_parent', 'example_external_task_marker_child']) retrieved from /Users/namyoung/Desktop/myprj/airflow/airflow/lib/python3.7/site-packages/airflow/example_dags/example_external_task_marker_dag.py
[2023-10-16 02:44:48,704] {logging_mixin.py:109} INFO - [2023-10-16 02:44:48,703] {dag.py:2396} INFO - Sync 2 DAGs
[2023-10-16 02:44:48,713] {logging_mixin.py:109} INFO - [2023-10-16 02:44:48,713] {dag.py:2935} INFO - Setting next_dagrun for example_external_task_marker_child to None
[2023-10-16 02:44:48,714] {logging_mixin.py:109} INFO - [2023-10-16 02:44:48,714] {dag.py:2935} INFO - Setting next_dagrun for example_external_task_marker_parent to None
[2023-10-16 02:44:48,720] {processor.py:171} INFO - Processing /Users/namyoung/Desktop/myprj/airflow/airflow/lib/python3.7/site-packages/airflow/example_dags/example_external_task_marker_dag.py took 0.057 seconds
[2023-10-16 04:24:28,682] {processor.py:163} INFO - Started process (PID=28725) to work on /Users/namyoung/Desktop/myprj/airflow/airflow/lib/python3.7/site-packages/airflow/example_dags/example_external_task_marker_dag.py
[2023-10-16 04:24:28,683] {processor.py:642} INFO - Processing file /Users/namyoung/Desktop/myprj/airflow/airflow/lib/python3.7/site-packages/airflow/example_dags/example_external_task_marker_dag.py for tasks to queue
[2023-10-16 04:24:28,683] {logging_mixin.py:109} INFO - [2023-10-16 04:24:28,683] {dagbag.py:500} INFO - Filling up the DagBag from /Users/namyoung/Desktop/myprj/airflow/airflow/lib/python3.7/site-packages/airflow/example_dags/example_external_task_marker_dag.py
[2023-10-16 04:24:28,694] {processor.py:654} INFO - DAG(s) dict_keys(['example_external_task_marker_parent', 'example_external_task_marker_child']) retrieved from /Users/namyoung/Desktop/myprj/airflow/airflow/lib/python3.7/site-packages/airflow/example_dags/example_external_task_marker_dag.py
[2023-10-16 04:24:28,700] {logging_mixin.py:109} INFO - [2023-10-16 04:24:28,700] {dag.py:2396} INFO - Sync 2 DAGs
[2023-10-16 04:24:28,707] {logging_mixin.py:109} INFO - [2023-10-16 04:24:28,707] {dag.py:2935} INFO - Setting next_dagrun for example_external_task_marker_child to None
[2023-10-16 04:24:28,707] {logging_mixin.py:109} INFO - [2023-10-16 04:24:28,707] {dag.py:2935} INFO - Setting next_dagrun for example_external_task_marker_parent to None
[2023-10-16 04:24:28,713] {processor.py:171} INFO - Processing /Users/namyoung/Desktop/myprj/airflow/airflow/lib/python3.7/site-packages/airflow/example_dags/example_external_task_marker_dag.py took 0.033 seconds
[2023-10-16 05:45:51,564] {processor.py:163} INFO - Started process (PID=28964) to work on /Users/namyoung/Desktop/myprj/airflow/airflow/lib/python3.7/site-packages/airflow/example_dags/example_external_task_marker_dag.py
[2023-10-16 05:45:51,566] {processor.py:642} INFO - Processing file /Users/namyoung/Desktop/myprj/airflow/airflow/lib/python3.7/site-packages/airflow/example_dags/example_external_task_marker_dag.py for tasks to queue
[2023-10-16 05:45:51,567] {logging_mixin.py:109} INFO - [2023-10-16 05:45:51,566] {dagbag.py:500} INFO - Filling up the DagBag from /Users/namyoung/Desktop/myprj/airflow/airflow/lib/python3.7/site-packages/airflow/example_dags/example_external_task_marker_dag.py
[2023-10-16 05:45:51,592] {processor.py:654} INFO - DAG(s) dict_keys(['example_external_task_marker_parent', 'example_external_task_marker_child']) retrieved from /Users/namyoung/Desktop/myprj/airflow/airflow/lib/python3.7/site-packages/airflow/example_dags/example_external_task_marker_dag.py
[2023-10-16 05:45:51,602] {logging_mixin.py:109} INFO - [2023-10-16 05:45:51,602] {dag.py:2396} INFO - Sync 2 DAGs
[2023-10-16 05:45:51,611] {logging_mixin.py:109} INFO - [2023-10-16 05:45:51,611] {dag.py:2935} INFO - Setting next_dagrun for example_external_task_marker_child to None
[2023-10-16 05:45:51,612] {logging_mixin.py:109} INFO - [2023-10-16 05:45:51,612] {dag.py:2935} INFO - Setting next_dagrun for example_external_task_marker_parent to None
[2023-10-16 05:45:51,618] {processor.py:171} INFO - Processing /Users/namyoung/Desktop/myprj/airflow/airflow/lib/python3.7/site-packages/airflow/example_dags/example_external_task_marker_dag.py took 0.058 seconds
[2023-10-16 07:24:15,572] {processor.py:163} INFO - Started process (PID=29107) to work on /Users/namyoung/Desktop/myprj/airflow/airflow/lib/python3.7/site-packages/airflow/example_dags/example_external_task_marker_dag.py
[2023-10-16 07:24:15,573] {processor.py:642} INFO - Processing file /Users/namyoung/Desktop/myprj/airflow/airflow/lib/python3.7/site-packages/airflow/example_dags/example_external_task_marker_dag.py for tasks to queue
[2023-10-16 07:24:15,573] {logging_mixin.py:109} INFO - [2023-10-16 07:24:15,573] {dagbag.py:500} INFO - Filling up the DagBag from /Users/namyoung/Desktop/myprj/airflow/airflow/lib/python3.7/site-packages/airflow/example_dags/example_external_task_marker_dag.py
[2023-10-16 07:24:15,586] {processor.py:654} INFO - DAG(s) dict_keys(['example_external_task_marker_parent', 'example_external_task_marker_child']) retrieved from /Users/namyoung/Desktop/myprj/airflow/airflow/lib/python3.7/site-packages/airflow/example_dags/example_external_task_marker_dag.py
[2023-10-16 07:24:15,592] {logging_mixin.py:109} INFO - [2023-10-16 07:24:15,592] {dag.py:2396} INFO - Sync 2 DAGs
[2023-10-16 07:24:15,599] {logging_mixin.py:109} INFO - [2023-10-16 07:24:15,599] {dag.py:2935} INFO - Setting next_dagrun for example_external_task_marker_child to None
[2023-10-16 07:24:15,600] {logging_mixin.py:109} INFO - [2023-10-16 07:24:15,599] {dag.py:2935} INFO - Setting next_dagrun for example_external_task_marker_parent to None
[2023-10-16 07:24:15,604] {processor.py:171} INFO - Processing /Users/namyoung/Desktop/myprj/airflow/airflow/lib/python3.7/site-packages/airflow/example_dags/example_external_task_marker_dag.py took 0.036 seconds
