[2023-10-15 09:11:34,423] {processor.py:163} INFO - Started process (PID=26293) to work on /Users/namyoung/Desktop/myprj/airflow/airflow/lib/python3.7/site-packages/airflow/example_dags/example_xcom.py
[2023-10-15 09:11:34,425] {processor.py:642} INFO - Processing file /Users/namyoung/Desktop/myprj/airflow/airflow/lib/python3.7/site-packages/airflow/example_dags/example_xcom.py for tasks to queue
[2023-10-15 09:11:34,427] {logging_mixin.py:109} INFO - [2023-10-15 09:11:34,426] {dagbag.py:500} INFO - Filling up the DagBag from /Users/namyoung/Desktop/myprj/airflow/airflow/lib/python3.7/site-packages/airflow/example_dags/example_xcom.py
[2023-10-15 09:11:34,454] {processor.py:654} INFO - DAG(s) dict_keys(['example_xcom']) retrieved from /Users/namyoung/Desktop/myprj/airflow/airflow/lib/python3.7/site-packages/airflow/example_dags/example_xcom.py
[2023-10-15 09:11:34,645] {logging_mixin.py:109} INFO - [2023-10-15 09:11:34,645] {dag.py:2396} INFO - Sync 1 DAGs
[2023-10-15 09:11:34,655] {logging_mixin.py:109} INFO - [2023-10-15 09:11:34,655] {dag.py:2935} INFO - Setting next_dagrun for example_xcom to 2021-01-01T00:00:00+00:00
[2023-10-15 09:11:34,663] {processor.py:171} INFO - Processing /Users/namyoung/Desktop/myprj/airflow/airflow/lib/python3.7/site-packages/airflow/example_dags/example_xcom.py took 0.249 seconds
[2023-10-15 11:07:34,618] {processor.py:163} INFO - Started process (PID=26635) to work on /Users/namyoung/Desktop/myprj/airflow/airflow/lib/python3.7/site-packages/airflow/example_dags/example_xcom.py
[2023-10-15 11:07:34,620] {processor.py:642} INFO - Processing file /Users/namyoung/Desktop/myprj/airflow/airflow/lib/python3.7/site-packages/airflow/example_dags/example_xcom.py for tasks to queue
[2023-10-15 11:07:34,621] {logging_mixin.py:109} INFO - [2023-10-15 11:07:34,621] {dagbag.py:500} INFO - Filling up the DagBag from /Users/namyoung/Desktop/myprj/airflow/airflow/lib/python3.7/site-packages/airflow/example_dags/example_xcom.py
[2023-10-15 11:07:34,650] {processor.py:654} INFO - DAG(s) dict_keys(['example_xcom']) retrieved from /Users/namyoung/Desktop/myprj/airflow/airflow/lib/python3.7/site-packages/airflow/example_dags/example_xcom.py
[2023-10-15 11:07:34,769] {logging_mixin.py:109} INFO - [2023-10-15 11:07:34,769] {dag.py:2396} INFO - Sync 1 DAGs
[2023-10-15 11:07:34,775] {logging_mixin.py:109} INFO - [2023-10-15 11:07:34,775] {dag.py:2935} INFO - Setting next_dagrun for example_xcom to 2021-01-01T00:00:00+00:00
[2023-10-15 11:07:34,780] {processor.py:171} INFO - Processing /Users/namyoung/Desktop/myprj/airflow/airflow/lib/python3.7/site-packages/airflow/example_dags/example_xcom.py took 0.168 seconds
[2023-10-15 12:49:04,603] {processor.py:163} INFO - Started process (PID=26779) to work on /Users/namyoung/Desktop/myprj/airflow/airflow/lib/python3.7/site-packages/airflow/example_dags/example_xcom.py
[2023-10-15 12:49:04,605] {processor.py:642} INFO - Processing file /Users/namyoung/Desktop/myprj/airflow/airflow/lib/python3.7/site-packages/airflow/example_dags/example_xcom.py for tasks to queue
[2023-10-15 12:49:04,606] {logging_mixin.py:109} INFO - [2023-10-15 12:49:04,606] {dagbag.py:500} INFO - Filling up the DagBag from /Users/namyoung/Desktop/myprj/airflow/airflow/lib/python3.7/site-packages/airflow/example_dags/example_xcom.py
[2023-10-15 12:49:04,638] {processor.py:654} INFO - DAG(s) dict_keys(['example_xcom']) retrieved from /Users/namyoung/Desktop/myprj/airflow/airflow/lib/python3.7/site-packages/airflow/example_dags/example_xcom.py
[2023-10-15 12:49:04,645] {logging_mixin.py:109} INFO - [2023-10-15 12:49:04,645] {dag.py:2396} INFO - Sync 1 DAGs
[2023-10-15 12:49:04,652] {logging_mixin.py:109} INFO - [2023-10-15 12:49:04,652] {dag.py:2935} INFO - Setting next_dagrun for example_xcom to 2021-01-01T00:00:00+00:00
[2023-10-15 12:49:04,657] {processor.py:171} INFO - Processing /Users/namyoung/Desktop/myprj/airflow/airflow/lib/python3.7/site-packages/airflow/example_dags/example_xcom.py took 0.061 seconds
[2023-10-15 14:29:52,425] {processor.py:163} INFO - Started process (PID=27044) to work on /Users/namyoung/Desktop/myprj/airflow/airflow/lib/python3.7/site-packages/airflow/example_dags/example_xcom.py
[2023-10-15 14:29:52,426] {processor.py:642} INFO - Processing file /Users/namyoung/Desktop/myprj/airflow/airflow/lib/python3.7/site-packages/airflow/example_dags/example_xcom.py for tasks to queue
[2023-10-15 14:29:52,427] {logging_mixin.py:109} INFO - [2023-10-15 14:29:52,427] {dagbag.py:500} INFO - Filling up the DagBag from /Users/namyoung/Desktop/myprj/airflow/airflow/lib/python3.7/site-packages/airflow/example_dags/example_xcom.py
[2023-10-15 14:29:52,449] {processor.py:654} INFO - DAG(s) dict_keys(['example_xcom']) retrieved from /Users/namyoung/Desktop/myprj/airflow/airflow/lib/python3.7/site-packages/airflow/example_dags/example_xcom.py
[2023-10-15 14:29:52,457] {logging_mixin.py:109} INFO - [2023-10-15 14:29:52,456] {dag.py:2396} INFO - Sync 1 DAGs
[2023-10-15 14:29:52,465] {logging_mixin.py:109} INFO - [2023-10-15 14:29:52,465] {dag.py:2935} INFO - Setting next_dagrun for example_xcom to 2021-01-01T00:00:00+00:00
[2023-10-15 14:29:52,471] {processor.py:171} INFO - Processing /Users/namyoung/Desktop/myprj/airflow/airflow/lib/python3.7/site-packages/airflow/example_dags/example_xcom.py took 0.050 seconds
[2023-10-15 16:26:13,374] {processor.py:163} INFO - Started process (PID=27312) to work on /Users/namyoung/Desktop/myprj/airflow/airflow/lib/python3.7/site-packages/airflow/example_dags/example_xcom.py
[2023-10-15 16:26:13,375] {processor.py:642} INFO - Processing file /Users/namyoung/Desktop/myprj/airflow/airflow/lib/python3.7/site-packages/airflow/example_dags/example_xcom.py for tasks to queue
[2023-10-15 16:26:13,376] {logging_mixin.py:109} INFO - [2023-10-15 16:26:13,375] {dagbag.py:500} INFO - Filling up the DagBag from /Users/namyoung/Desktop/myprj/airflow/airflow/lib/python3.7/site-packages/airflow/example_dags/example_xcom.py
[2023-10-15 16:26:13,396] {processor.py:654} INFO - DAG(s) dict_keys(['example_xcom']) retrieved from /Users/namyoung/Desktop/myprj/airflow/airflow/lib/python3.7/site-packages/airflow/example_dags/example_xcom.py
[2023-10-15 16:26:13,546] {logging_mixin.py:109} INFO - [2023-10-15 16:26:13,545] {dag.py:2396} INFO - Sync 1 DAGs
[2023-10-15 16:26:13,554] {logging_mixin.py:109} INFO - [2023-10-15 16:26:13,553] {dag.py:2935} INFO - Setting next_dagrun for example_xcom to 2021-01-01T00:00:00+00:00
[2023-10-15 16:26:13,561] {processor.py:171} INFO - Processing /Users/namyoung/Desktop/myprj/airflow/airflow/lib/python3.7/site-packages/airflow/example_dags/example_xcom.py took 0.189 seconds
[2023-10-15 17:46:35,166] {processor.py:163} INFO - Started process (PID=27445) to work on /Users/namyoung/Desktop/myprj/airflow/airflow/lib/python3.7/site-packages/airflow/example_dags/example_xcom.py
[2023-10-15 17:46:35,167] {processor.py:642} INFO - Processing file /Users/namyoung/Desktop/myprj/airflow/airflow/lib/python3.7/site-packages/airflow/example_dags/example_xcom.py for tasks to queue
[2023-10-15 17:46:35,168] {logging_mixin.py:109} INFO - [2023-10-15 17:46:35,167] {dagbag.py:500} INFO - Filling up the DagBag from /Users/namyoung/Desktop/myprj/airflow/airflow/lib/python3.7/site-packages/airflow/example_dags/example_xcom.py
[2023-10-15 17:46:35,183] {processor.py:654} INFO - DAG(s) dict_keys(['example_xcom']) retrieved from /Users/namyoung/Desktop/myprj/airflow/airflow/lib/python3.7/site-packages/airflow/example_dags/example_xcom.py
[2023-10-15 17:46:35,315] {logging_mixin.py:109} INFO - [2023-10-15 17:46:35,315] {dag.py:2396} INFO - Sync 1 DAGs
[2023-10-15 17:46:35,322] {logging_mixin.py:109} INFO - [2023-10-15 17:46:35,322] {dag.py:2935} INFO - Setting next_dagrun for example_xcom to 2021-01-01T00:00:00+00:00
[2023-10-15 17:57:19,341] {processor.py:171} INFO - Processing /Users/namyoung/Desktop/myprj/airflow/airflow/lib/python3.7/site-packages/airflow/example_dags/example_xcom.py took 0.513 seconds
[2023-10-15 19:21:13,057] {processor.py:163} INFO - Started process (PID=27639) to work on /Users/namyoung/Desktop/myprj/airflow/airflow/lib/python3.7/site-packages/airflow/example_dags/example_xcom.py
[2023-10-15 19:21:13,058] {processor.py:642} INFO - Processing file /Users/namyoung/Desktop/myprj/airflow/airflow/lib/python3.7/site-packages/airflow/example_dags/example_xcom.py for tasks to queue
[2023-10-15 19:21:13,058] {logging_mixin.py:109} INFO - [2023-10-15 19:21:13,058] {dagbag.py:500} INFO - Filling up the DagBag from /Users/namyoung/Desktop/myprj/airflow/airflow/lib/python3.7/site-packages/airflow/example_dags/example_xcom.py
[2023-10-15 19:21:13,079] {processor.py:654} INFO - DAG(s) dict_keys(['example_xcom']) retrieved from /Users/namyoung/Desktop/myprj/airflow/airflow/lib/python3.7/site-packages/airflow/example_dags/example_xcom.py
[2023-10-15 19:21:13,085] {logging_mixin.py:109} INFO - [2023-10-15 19:21:13,085] {dag.py:2396} INFO - Sync 1 DAGs
[2023-10-15 19:21:13,093] {logging_mixin.py:109} INFO - [2023-10-15 19:21:13,093] {dag.py:2935} INFO - Setting next_dagrun for example_xcom to 2021-01-01T00:00:00+00:00
[2023-10-15 19:21:13,100] {processor.py:171} INFO - Processing /Users/namyoung/Desktop/myprj/airflow/airflow/lib/python3.7/site-packages/airflow/example_dags/example_xcom.py took 0.045 seconds
[2023-10-15 20:58:26,722] {processor.py:163} INFO - Started process (PID=27849) to work on /Users/namyoung/Desktop/myprj/airflow/airflow/lib/python3.7/site-packages/airflow/example_dags/example_xcom.py
[2023-10-15 20:58:26,723] {processor.py:642} INFO - Processing file /Users/namyoung/Desktop/myprj/airflow/airflow/lib/python3.7/site-packages/airflow/example_dags/example_xcom.py for tasks to queue
[2023-10-15 20:58:26,723] {logging_mixin.py:109} INFO - [2023-10-15 20:58:26,723] {dagbag.py:500} INFO - Filling up the DagBag from /Users/namyoung/Desktop/myprj/airflow/airflow/lib/python3.7/site-packages/airflow/example_dags/example_xcom.py
[2023-10-15 20:58:26,739] {processor.py:654} INFO - DAG(s) dict_keys(['example_xcom']) retrieved from /Users/namyoung/Desktop/myprj/airflow/airflow/lib/python3.7/site-packages/airflow/example_dags/example_xcom.py
[2023-10-15 20:58:26,746] {logging_mixin.py:109} INFO - [2023-10-15 20:58:26,746] {dag.py:2396} INFO - Sync 1 DAGs
[2023-10-15 20:58:26,753] {logging_mixin.py:109} INFO - [2023-10-15 20:58:26,753] {dag.py:2935} INFO - Setting next_dagrun for example_xcom to 2021-01-01T00:00:00+00:00
[2023-10-15 20:58:26,758] {processor.py:171} INFO - Processing /Users/namyoung/Desktop/myprj/airflow/airflow/lib/python3.7/site-packages/airflow/example_dags/example_xcom.py took 0.037 seconds
[2023-10-15 22:36:44,113] {processor.py:163} INFO - Started process (PID=28000) to work on /Users/namyoung/Desktop/myprj/airflow/airflow/lib/python3.7/site-packages/airflow/example_dags/example_xcom.py
[2023-10-15 22:36:44,114] {processor.py:642} INFO - Processing file /Users/namyoung/Desktop/myprj/airflow/airflow/lib/python3.7/site-packages/airflow/example_dags/example_xcom.py for tasks to queue
[2023-10-15 22:36:44,116] {logging_mixin.py:109} INFO - [2023-10-15 22:36:44,115] {dagbag.py:500} INFO - Filling up the DagBag from /Users/namyoung/Desktop/myprj/airflow/airflow/lib/python3.7/site-packages/airflow/example_dags/example_xcom.py
[2023-10-15 22:36:44,132] {processor.py:654} INFO - DAG(s) dict_keys(['example_xcom']) retrieved from /Users/namyoung/Desktop/myprj/airflow/airflow/lib/python3.7/site-packages/airflow/example_dags/example_xcom.py
[2023-10-15 22:36:44,138] {logging_mixin.py:109} INFO - [2023-10-15 22:36:44,138] {dag.py:2396} INFO - Sync 1 DAGs
[2023-10-15 22:36:44,145] {logging_mixin.py:109} INFO - [2023-10-15 22:36:44,145] {dag.py:2935} INFO - Setting next_dagrun for example_xcom to 2021-01-01T00:00:00+00:00
[2023-10-15 22:36:44,151] {processor.py:171} INFO - Processing /Users/namyoung/Desktop/myprj/airflow/airflow/lib/python3.7/site-packages/airflow/example_dags/example_xcom.py took 0.042 seconds
[2023-10-16 00:15:31,925] {processor.py:163} INFO - Started process (PID=28261) to work on /Users/namyoung/Desktop/myprj/airflow/airflow/lib/python3.7/site-packages/airflow/example_dags/example_xcom.py
[2023-10-16 00:15:31,927] {processor.py:642} INFO - Processing file /Users/namyoung/Desktop/myprj/airflow/airflow/lib/python3.7/site-packages/airflow/example_dags/example_xcom.py for tasks to queue
[2023-10-16 00:15:31,928] {logging_mixin.py:109} INFO - [2023-10-16 00:15:31,928] {dagbag.py:500} INFO - Filling up the DagBag from /Users/namyoung/Desktop/myprj/airflow/airflow/lib/python3.7/site-packages/airflow/example_dags/example_xcom.py
[2023-10-16 00:15:31,959] {processor.py:654} INFO - DAG(s) dict_keys(['example_xcom']) retrieved from /Users/namyoung/Desktop/myprj/airflow/airflow/lib/python3.7/site-packages/airflow/example_dags/example_xcom.py
[2023-10-16 00:15:31,968] {logging_mixin.py:109} INFO - [2023-10-16 00:15:31,967] {dag.py:2396} INFO - Sync 1 DAGs
[2023-10-16 00:15:31,976] {logging_mixin.py:109} INFO - [2023-10-16 00:15:31,975] {dag.py:2935} INFO - Setting next_dagrun for example_xcom to 2021-01-01T00:00:00+00:00
[2023-10-16 00:15:31,981] {processor.py:171} INFO - Processing /Users/namyoung/Desktop/myprj/airflow/airflow/lib/python3.7/site-packages/airflow/example_dags/example_xcom.py took 0.061 seconds
[2023-10-16 01:55:39,936] {processor.py:163} INFO - Started process (PID=28515) to work on /Users/namyoung/Desktop/myprj/airflow/airflow/lib/python3.7/site-packages/airflow/example_dags/example_xcom.py
[2023-10-16 01:55:39,938] {processor.py:642} INFO - Processing file /Users/namyoung/Desktop/myprj/airflow/airflow/lib/python3.7/site-packages/airflow/example_dags/example_xcom.py for tasks to queue
[2023-10-16 01:55:39,940] {logging_mixin.py:109} INFO - [2023-10-16 01:55:39,939] {dagbag.py:500} INFO - Filling up the DagBag from /Users/namyoung/Desktop/myprj/airflow/airflow/lib/python3.7/site-packages/airflow/example_dags/example_xcom.py
[2023-10-16 01:55:39,971] {processor.py:654} INFO - DAG(s) dict_keys(['example_xcom']) retrieved from /Users/namyoung/Desktop/myprj/airflow/airflow/lib/python3.7/site-packages/airflow/example_dags/example_xcom.py
[2023-10-16 01:55:39,979] {logging_mixin.py:109} INFO - [2023-10-16 01:55:39,979] {dag.py:2396} INFO - Sync 1 DAGs
[2023-10-16 01:55:39,986] {logging_mixin.py:109} INFO - [2023-10-16 01:55:39,986] {dag.py:2935} INFO - Setting next_dagrun for example_xcom to 2021-01-01T00:00:00+00:00
[2023-10-16 01:55:39,992] {processor.py:171} INFO - Processing /Users/namyoung/Desktop/myprj/airflow/airflow/lib/python3.7/site-packages/airflow/example_dags/example_xcom.py took 0.061 seconds
[2023-10-16 03:34:46,861] {processor.py:163} INFO - Started process (PID=28652) to work on /Users/namyoung/Desktop/myprj/airflow/airflow/lib/python3.7/site-packages/airflow/example_dags/example_xcom.py
[2023-10-16 03:34:46,861] {processor.py:642} INFO - Processing file /Users/namyoung/Desktop/myprj/airflow/airflow/lib/python3.7/site-packages/airflow/example_dags/example_xcom.py for tasks to queue
[2023-10-16 03:34:46,862] {logging_mixin.py:109} INFO - [2023-10-16 03:34:46,862] {dagbag.py:500} INFO - Filling up the DagBag from /Users/namyoung/Desktop/myprj/airflow/airflow/lib/python3.7/site-packages/airflow/example_dags/example_xcom.py
[2023-10-16 03:34:46,876] {processor.py:654} INFO - DAG(s) dict_keys(['example_xcom']) retrieved from /Users/namyoung/Desktop/myprj/airflow/airflow/lib/python3.7/site-packages/airflow/example_dags/example_xcom.py
[2023-10-16 03:34:46,882] {logging_mixin.py:109} INFO - [2023-10-16 03:34:46,882] {dag.py:2396} INFO - Sync 1 DAGs
[2023-10-16 03:34:46,889] {logging_mixin.py:109} INFO - [2023-10-16 03:34:46,888] {dag.py:2935} INFO - Setting next_dagrun for example_xcom to 2021-01-01T00:00:00+00:00
[2023-10-16 03:34:46,894] {processor.py:171} INFO - Processing /Users/namyoung/Desktop/myprj/airflow/airflow/lib/python3.7/site-packages/airflow/example_dags/example_xcom.py took 0.035 seconds
[2023-10-16 04:56:22,915] {processor.py:163} INFO - Started process (PID=28893) to work on /Users/namyoung/Desktop/myprj/airflow/airflow/lib/python3.7/site-packages/airflow/example_dags/example_xcom.py
[2023-10-16 04:56:22,916] {processor.py:642} INFO - Processing file /Users/namyoung/Desktop/myprj/airflow/airflow/lib/python3.7/site-packages/airflow/example_dags/example_xcom.py for tasks to queue
[2023-10-16 04:56:22,916] {logging_mixin.py:109} INFO - [2023-10-16 04:56:22,916] {dagbag.py:500} INFO - Filling up the DagBag from /Users/namyoung/Desktop/myprj/airflow/airflow/lib/python3.7/site-packages/airflow/example_dags/example_xcom.py
[2023-10-16 04:56:22,931] {processor.py:654} INFO - DAG(s) dict_keys(['example_xcom']) retrieved from /Users/namyoung/Desktop/myprj/airflow/airflow/lib/python3.7/site-packages/airflow/example_dags/example_xcom.py
[2023-10-16 04:56:23,053] {logging_mixin.py:109} INFO - [2023-10-16 04:56:23,052] {dag.py:2396} INFO - Sync 1 DAGs
[2023-10-16 04:56:23,059] {logging_mixin.py:109} INFO - [2023-10-16 04:56:23,059] {dag.py:2935} INFO - Setting next_dagrun for example_xcom to 2021-01-01T00:00:00+00:00
[2023-10-16 04:56:23,065] {processor.py:171} INFO - Processing /Users/namyoung/Desktop/myprj/airflow/airflow/lib/python3.7/site-packages/airflow/example_dags/example_xcom.py took 0.152 seconds
[2023-10-16 06:34:45,966] {processor.py:163} INFO - Started process (PID=29034) to work on /Users/namyoung/Desktop/myprj/airflow/airflow/lib/python3.7/site-packages/airflow/example_dags/example_xcom.py
[2023-10-16 06:34:45,968] {processor.py:642} INFO - Processing file /Users/namyoung/Desktop/myprj/airflow/airflow/lib/python3.7/site-packages/airflow/example_dags/example_xcom.py for tasks to queue
[2023-10-16 06:34:45,969] {logging_mixin.py:109} INFO - [2023-10-16 06:34:45,969] {dagbag.py:500} INFO - Filling up the DagBag from /Users/namyoung/Desktop/myprj/airflow/airflow/lib/python3.7/site-packages/airflow/example_dags/example_xcom.py
[2023-10-16 06:34:45,999] {processor.py:654} INFO - DAG(s) dict_keys(['example_xcom']) retrieved from /Users/namyoung/Desktop/myprj/airflow/airflow/lib/python3.7/site-packages/airflow/example_dags/example_xcom.py
[2023-10-16 06:34:46,134] {logging_mixin.py:109} INFO - [2023-10-16 06:34:46,134] {dag.py:2396} INFO - Sync 1 DAGs
[2023-10-16 06:34:46,140] {logging_mixin.py:109} INFO - [2023-10-16 06:34:46,140] {dag.py:2935} INFO - Setting next_dagrun for example_xcom to 2021-01-01T00:00:00+00:00
[2023-10-16 06:34:46,146] {processor.py:171} INFO - Processing /Users/namyoung/Desktop/myprj/airflow/airflow/lib/python3.7/site-packages/airflow/example_dags/example_xcom.py took 0.186 seconds
[2023-10-16 08:13:39,414] {processor.py:163} INFO - Started process (PID=29298) to work on /Users/namyoung/Desktop/myprj/airflow/airflow/lib/python3.7/site-packages/airflow/example_dags/example_xcom.py
[2023-10-16 08:13:39,415] {processor.py:642} INFO - Processing file /Users/namyoung/Desktop/myprj/airflow/airflow/lib/python3.7/site-packages/airflow/example_dags/example_xcom.py for tasks to queue
[2023-10-16 08:13:39,415] {logging_mixin.py:109} INFO - [2023-10-16 08:13:39,415] {dagbag.py:500} INFO - Filling up the DagBag from /Users/namyoung/Desktop/myprj/airflow/airflow/lib/python3.7/site-packages/airflow/example_dags/example_xcom.py
[2023-10-16 08:13:39,430] {processor.py:654} INFO - DAG(s) dict_keys(['example_xcom']) retrieved from /Users/namyoung/Desktop/myprj/airflow/airflow/lib/python3.7/site-packages/airflow/example_dags/example_xcom.py
[2023-10-16 08:13:39,436] {logging_mixin.py:109} INFO - [2023-10-16 08:13:39,436] {dag.py:2396} INFO - Sync 1 DAGs
[2023-10-16 08:13:39,443] {logging_mixin.py:109} INFO - [2023-10-16 08:13:39,443] {dag.py:2935} INFO - Setting next_dagrun for example_xcom to 2021-01-01T00:00:00+00:00
[2023-10-16 08:13:39,451] {processor.py:171} INFO - Processing /Users/namyoung/Desktop/myprj/airflow/airflow/lib/python3.7/site-packages/airflow/example_dags/example_xcom.py took 0.038 seconds
