[2023-10-15 10:17:18,563] {processor.py:163} INFO - Started process (PID=26559) to work on /Users/namyoung/Desktop/myprj/airflow/airflow/lib/python3.7/site-packages/airflow/example_dags/example_nested_branch_dag.py
[2023-10-15 10:17:18,563] {processor.py:642} INFO - Processing file /Users/namyoung/Desktop/myprj/airflow/airflow/lib/python3.7/site-packages/airflow/example_dags/example_nested_branch_dag.py for tasks to queue
[2023-10-15 10:17:18,564] {logging_mixin.py:109} INFO - [2023-10-15 10:17:18,564] {dagbag.py:500} INFO - Filling up the DagBag from /Users/namyoung/Desktop/myprj/airflow/airflow/lib/python3.7/site-packages/airflow/example_dags/example_nested_branch_dag.py
[2023-10-15 10:17:18,577] {processor.py:654} INFO - DAG(s) dict_keys(['example_nested_branch_dag']) retrieved from /Users/namyoung/Desktop/myprj/airflow/airflow/lib/python3.7/site-packages/airflow/example_dags/example_nested_branch_dag.py
[2023-10-15 10:17:18,583] {logging_mixin.py:109} INFO - [2023-10-15 10:17:18,583] {dag.py:2396} INFO - Sync 1 DAGs
[2023-10-15 10:17:18,591] {logging_mixin.py:109} INFO - [2023-10-15 10:17:18,591] {dag.py:2935} INFO - Setting next_dagrun for example_nested_branch_dag to 2023-10-14 00:00:00+00:00
[2023-10-15 10:17:18,598] {processor.py:171} INFO - Processing /Users/namyoung/Desktop/myprj/airflow/airflow/lib/python3.7/site-packages/airflow/example_dags/example_nested_branch_dag.py took 0.037 seconds
[2023-10-15 11:57:31,416] {processor.py:163} INFO - Started process (PID=26690) to work on /Users/namyoung/Desktop/myprj/airflow/airflow/lib/python3.7/site-packages/airflow/example_dags/example_nested_branch_dag.py
[2023-10-15 11:57:31,417] {processor.py:642} INFO - Processing file /Users/namyoung/Desktop/myprj/airflow/airflow/lib/python3.7/site-packages/airflow/example_dags/example_nested_branch_dag.py for tasks to queue
[2023-10-15 11:57:31,418] {logging_mixin.py:109} INFO - [2023-10-15 11:57:31,418] {dagbag.py:500} INFO - Filling up the DagBag from /Users/namyoung/Desktop/myprj/airflow/airflow/lib/python3.7/site-packages/airflow/example_dags/example_nested_branch_dag.py
[2023-10-15 11:57:31,444] {processor.py:654} INFO - DAG(s) dict_keys(['example_nested_branch_dag']) retrieved from /Users/namyoung/Desktop/myprj/airflow/airflow/lib/python3.7/site-packages/airflow/example_dags/example_nested_branch_dag.py
[2023-10-15 11:57:31,453] {logging_mixin.py:109} INFO - [2023-10-15 11:57:31,452] {dag.py:2396} INFO - Sync 1 DAGs
[2023-10-15 11:57:31,464] {logging_mixin.py:109} INFO - [2023-10-15 11:57:31,463] {dag.py:2935} INFO - Setting next_dagrun for example_nested_branch_dag to 2023-10-14 00:00:00+00:00
[2023-10-15 11:57:31,472] {processor.py:171} INFO - Processing /Users/namyoung/Desktop/myprj/airflow/airflow/lib/python3.7/site-packages/airflow/example_dags/example_nested_branch_dag.py took 0.060 seconds
[2023-10-15 13:39:02,423] {processor.py:163} INFO - Started process (PID=26969) to work on /Users/namyoung/Desktop/myprj/airflow/airflow/lib/python3.7/site-packages/airflow/example_dags/example_nested_branch_dag.py
[2023-10-15 13:39:02,424] {processor.py:642} INFO - Processing file /Users/namyoung/Desktop/myprj/airflow/airflow/lib/python3.7/site-packages/airflow/example_dags/example_nested_branch_dag.py for tasks to queue
[2023-10-15 13:39:02,424] {logging_mixin.py:109} INFO - [2023-10-15 13:39:02,424] {dagbag.py:500} INFO - Filling up the DagBag from /Users/namyoung/Desktop/myprj/airflow/airflow/lib/python3.7/site-packages/airflow/example_dags/example_nested_branch_dag.py
[2023-10-15 13:39:02,440] {processor.py:654} INFO - DAG(s) dict_keys(['example_nested_branch_dag']) retrieved from /Users/namyoung/Desktop/myprj/airflow/airflow/lib/python3.7/site-packages/airflow/example_dags/example_nested_branch_dag.py
[2023-10-15 13:39:02,446] {logging_mixin.py:109} INFO - [2023-10-15 13:39:02,446] {dag.py:2396} INFO - Sync 1 DAGs
[2023-10-15 13:39:02,454] {logging_mixin.py:109} INFO - [2023-10-15 13:39:02,454] {dag.py:2935} INFO - Setting next_dagrun for example_nested_branch_dag to 2023-10-14 00:00:00+00:00
[2023-10-15 13:39:02,461] {processor.py:171} INFO - Processing /Users/namyoung/Desktop/myprj/airflow/airflow/lib/python3.7/site-packages/airflow/example_dags/example_nested_branch_dag.py took 0.040 seconds
[2023-10-15 15:19:55,702] {processor.py:163} INFO - Started process (PID=27108) to work on /Users/namyoung/Desktop/myprj/airflow/airflow/lib/python3.7/site-packages/airflow/example_dags/example_nested_branch_dag.py
[2023-10-15 15:19:55,704] {processor.py:642} INFO - Processing file /Users/namyoung/Desktop/myprj/airflow/airflow/lib/python3.7/site-packages/airflow/example_dags/example_nested_branch_dag.py for tasks to queue
[2023-10-15 15:19:55,705] {logging_mixin.py:109} INFO - [2023-10-15 15:19:55,705] {dagbag.py:500} INFO - Filling up the DagBag from /Users/namyoung/Desktop/myprj/airflow/airflow/lib/python3.7/site-packages/airflow/example_dags/example_nested_branch_dag.py
[2023-10-15 15:19:55,728] {processor.py:654} INFO - DAG(s) dict_keys(['example_nested_branch_dag']) retrieved from /Users/namyoung/Desktop/myprj/airflow/airflow/lib/python3.7/site-packages/airflow/example_dags/example_nested_branch_dag.py
[2023-10-15 15:19:55,735] {logging_mixin.py:109} INFO - [2023-10-15 15:19:55,735] {dag.py:2396} INFO - Sync 1 DAGs
[2023-10-15 15:19:55,744] {logging_mixin.py:109} INFO - [2023-10-15 15:19:55,744] {dag.py:2935} INFO - Setting next_dagrun for example_nested_branch_dag to 2023-10-14 00:00:00+00:00
[2023-10-15 15:19:55,750] {processor.py:171} INFO - Processing /Users/namyoung/Desktop/myprj/airflow/airflow/lib/python3.7/site-packages/airflow/example_dags/example_nested_branch_dag.py took 0.052 seconds
[2023-10-15 16:58:12,639] {processor.py:163} INFO - Started process (PID=27375) to work on /Users/namyoung/Desktop/myprj/airflow/airflow/lib/python3.7/site-packages/airflow/example_dags/example_nested_branch_dag.py
[2023-10-15 16:58:12,640] {processor.py:642} INFO - Processing file /Users/namyoung/Desktop/myprj/airflow/airflow/lib/python3.7/site-packages/airflow/example_dags/example_nested_branch_dag.py for tasks to queue
[2023-10-15 16:58:12,641] {logging_mixin.py:109} INFO - [2023-10-15 16:58:12,641] {dagbag.py:500} INFO - Filling up the DagBag from /Users/namyoung/Desktop/myprj/airflow/airflow/lib/python3.7/site-packages/airflow/example_dags/example_nested_branch_dag.py
[2023-10-15 16:58:12,656] {processor.py:654} INFO - DAG(s) dict_keys(['example_nested_branch_dag']) retrieved from /Users/namyoung/Desktop/myprj/airflow/airflow/lib/python3.7/site-packages/airflow/example_dags/example_nested_branch_dag.py
[2023-10-15 16:58:12,664] {logging_mixin.py:109} INFO - [2023-10-15 16:58:12,663] {dag.py:2396} INFO - Sync 1 DAGs
[2023-10-15 16:58:12,672] {logging_mixin.py:109} INFO - [2023-10-15 16:58:12,672] {dag.py:2935} INFO - Setting next_dagrun for example_nested_branch_dag to 2023-10-14 00:00:00+00:00
[2023-10-15 16:58:12,679] {processor.py:171} INFO - Processing /Users/namyoung/Desktop/myprj/airflow/airflow/lib/python3.7/site-packages/airflow/example_dags/example_nested_branch_dag.py took 0.042 seconds
[2023-10-15 18:30:48,227] {processor.py:163} INFO - Started process (PID=27498) to work on /Users/namyoung/Desktop/myprj/airflow/airflow/lib/python3.7/site-packages/airflow/example_dags/example_nested_branch_dag.py
[2023-10-15 18:30:48,230] {processor.py:642} INFO - Processing file /Users/namyoung/Desktop/myprj/airflow/airflow/lib/python3.7/site-packages/airflow/example_dags/example_nested_branch_dag.py for tasks to queue
[2023-10-15 18:30:48,231] {logging_mixin.py:109} INFO - [2023-10-15 18:30:48,231] {dagbag.py:500} INFO - Filling up the DagBag from /Users/namyoung/Desktop/myprj/airflow/airflow/lib/python3.7/site-packages/airflow/example_dags/example_nested_branch_dag.py
[2023-10-15 18:30:48,262] {processor.py:654} INFO - DAG(s) dict_keys(['example_nested_branch_dag']) retrieved from /Users/namyoung/Desktop/myprj/airflow/airflow/lib/python3.7/site-packages/airflow/example_dags/example_nested_branch_dag.py
[2023-10-15 18:30:48,277] {logging_mixin.py:109} INFO - [2023-10-15 18:30:48,276] {dag.py:2396} INFO - Sync 1 DAGs
[2023-10-15 18:30:48,290] {logging_mixin.py:109} INFO - [2023-10-15 18:30:48,289] {dag.py:2935} INFO - Setting next_dagrun for example_nested_branch_dag to 2023-10-14 00:00:00+00:00
[2023-10-15 18:30:48,308] {processor.py:171} INFO - Processing /Users/namyoung/Desktop/myprj/airflow/airflow/lib/python3.7/site-packages/airflow/example_dags/example_nested_branch_dag.py took 0.089 seconds
[2023-10-15 19:52:40,940] {processor.py:163} INFO - Started process (PID=27752) to work on /Users/namyoung/Desktop/myprj/airflow/airflow/lib/python3.7/site-packages/airflow/example_dags/example_nested_branch_dag.py
[2023-10-15 19:52:40,941] {processor.py:642} INFO - Processing file /Users/namyoung/Desktop/myprj/airflow/airflow/lib/python3.7/site-packages/airflow/example_dags/example_nested_branch_dag.py for tasks to queue
[2023-10-15 19:52:40,943] {logging_mixin.py:109} INFO - [2023-10-15 19:52:40,942] {dagbag.py:500} INFO - Filling up the DagBag from /Users/namyoung/Desktop/myprj/airflow/airflow/lib/python3.7/site-packages/airflow/example_dags/example_nested_branch_dag.py
[2023-10-15 19:52:40,970] {processor.py:654} INFO - DAG(s) dict_keys(['example_nested_branch_dag']) retrieved from /Users/namyoung/Desktop/myprj/airflow/airflow/lib/python3.7/site-packages/airflow/example_dags/example_nested_branch_dag.py
[2023-10-15 19:52:40,978] {logging_mixin.py:109} INFO - [2023-10-15 19:52:40,978] {dag.py:2396} INFO - Sync 1 DAGs
[2023-10-15 19:52:40,987] {logging_mixin.py:109} INFO - [2023-10-15 19:52:40,986] {dag.py:2935} INFO - Setting next_dagrun for example_nested_branch_dag to 2023-10-14 00:00:00+00:00
[2023-10-15 19:52:40,992] {processor.py:171} INFO - Processing /Users/namyoung/Desktop/myprj/airflow/airflow/lib/python3.7/site-packages/airflow/example_dags/example_nested_branch_dag.py took 0.058 seconds
[2023-10-15 21:30:30,675] {processor.py:163} INFO - Started process (PID=27900) to work on /Users/namyoung/Desktop/myprj/airflow/airflow/lib/python3.7/site-packages/airflow/example_dags/example_nested_branch_dag.py
[2023-10-15 21:30:30,677] {processor.py:642} INFO - Processing file /Users/namyoung/Desktop/myprj/airflow/airflow/lib/python3.7/site-packages/airflow/example_dags/example_nested_branch_dag.py for tasks to queue
[2023-10-15 21:30:30,678] {logging_mixin.py:109} INFO - [2023-10-15 21:30:30,678] {dagbag.py:500} INFO - Filling up the DagBag from /Users/namyoung/Desktop/myprj/airflow/airflow/lib/python3.7/site-packages/airflow/example_dags/example_nested_branch_dag.py
[2023-10-15 21:30:30,706] {processor.py:654} INFO - DAG(s) dict_keys(['example_nested_branch_dag']) retrieved from /Users/namyoung/Desktop/myprj/airflow/airflow/lib/python3.7/site-packages/airflow/example_dags/example_nested_branch_dag.py
[2023-10-15 21:30:30,715] {logging_mixin.py:109} INFO - [2023-10-15 21:30:30,715] {dag.py:2396} INFO - Sync 1 DAGs
[2023-10-15 21:30:30,723] {logging_mixin.py:109} INFO - [2023-10-15 21:30:30,723] {dag.py:2935} INFO - Setting next_dagrun for example_nested_branch_dag to 2023-10-14 00:00:00+00:00
[2023-10-15 21:30:30,729] {processor.py:171} INFO - Processing /Users/namyoung/Desktop/myprj/airflow/airflow/lib/python3.7/site-packages/airflow/example_dags/example_nested_branch_dag.py took 0.059 seconds
[2023-10-15 23:23:01,289] {processor.py:163} INFO - Started process (PID=28167) to work on /Users/namyoung/Desktop/myprj/airflow/airflow/lib/python3.7/site-packages/airflow/example_dags/example_nested_branch_dag.py
[2023-10-15 23:23:01,290] {processor.py:642} INFO - Processing file /Users/namyoung/Desktop/myprj/airflow/airflow/lib/python3.7/site-packages/airflow/example_dags/example_nested_branch_dag.py for tasks to queue
[2023-10-15 23:23:01,291] {logging_mixin.py:109} INFO - [2023-10-15 23:23:01,291] {dagbag.py:500} INFO - Filling up the DagBag from /Users/namyoung/Desktop/myprj/airflow/airflow/lib/python3.7/site-packages/airflow/example_dags/example_nested_branch_dag.py
[2023-10-15 23:23:01,316] {processor.py:654} INFO - DAG(s) dict_keys(['example_nested_branch_dag']) retrieved from /Users/namyoung/Desktop/myprj/airflow/airflow/lib/python3.7/site-packages/airflow/example_dags/example_nested_branch_dag.py
[2023-10-15 23:23:01,347] {logging_mixin.py:109} INFO - [2023-10-15 23:23:01,347] {dag.py:2396} INFO - Sync 1 DAGs
[2023-10-15 23:23:01,356] {logging_mixin.py:109} INFO - [2023-10-15 23:23:01,356] {dag.py:2935} INFO - Setting next_dagrun for example_nested_branch_dag to 2023-10-14 00:00:00+00:00
[2023-10-15 23:23:01,361] {processor.py:171} INFO - Processing /Users/namyoung/Desktop/myprj/airflow/airflow/lib/python3.7/site-packages/airflow/example_dags/example_nested_branch_dag.py took 0.077 seconds
[2023-10-16 01:06:24,337] {processor.py:163} INFO - Started process (PID=28315) to work on /Users/namyoung/Desktop/myprj/airflow/airflow/lib/python3.7/site-packages/airflow/example_dags/example_nested_branch_dag.py
[2023-10-16 01:06:24,337] {processor.py:642} INFO - Processing file /Users/namyoung/Desktop/myprj/airflow/airflow/lib/python3.7/site-packages/airflow/example_dags/example_nested_branch_dag.py for tasks to queue
[2023-10-16 01:06:24,338] {logging_mixin.py:109} INFO - [2023-10-16 01:06:24,338] {dagbag.py:500} INFO - Filling up the DagBag from /Users/namyoung/Desktop/myprj/airflow/airflow/lib/python3.7/site-packages/airflow/example_dags/example_nested_branch_dag.py
[2023-10-16 01:06:24,351] {processor.py:654} INFO - DAG(s) dict_keys(['example_nested_branch_dag']) retrieved from /Users/namyoung/Desktop/myprj/airflow/airflow/lib/python3.7/site-packages/airflow/example_dags/example_nested_branch_dag.py
[2023-10-16 01:06:24,359] {logging_mixin.py:109} INFO - [2023-10-16 01:06:24,359] {dag.py:2396} INFO - Sync 1 DAGs
[2023-10-16 01:06:24,367] {logging_mixin.py:109} INFO - [2023-10-16 01:06:24,367] {dag.py:2935} INFO - Setting next_dagrun for example_nested_branch_dag to 2023-10-14 00:00:00+00:00
[2023-10-16 01:06:24,372] {processor.py:171} INFO - Processing /Users/namyoung/Desktop/myprj/airflow/airflow/lib/python3.7/site-packages/airflow/example_dags/example_nested_branch_dag.py took 0.037 seconds
[2023-10-16 02:28:09,190] {processor.py:163} INFO - Started process (PID=28569) to work on /Users/namyoung/Desktop/myprj/airflow/airflow/lib/python3.7/site-packages/airflow/example_dags/example_nested_branch_dag.py
[2023-10-16 02:28:09,191] {processor.py:642} INFO - Processing file /Users/namyoung/Desktop/myprj/airflow/airflow/lib/python3.7/site-packages/airflow/example_dags/example_nested_branch_dag.py for tasks to queue
[2023-10-16 02:28:09,191] {logging_mixin.py:109} INFO - [2023-10-16 02:28:09,191] {dagbag.py:500} INFO - Filling up the DagBag from /Users/namyoung/Desktop/myprj/airflow/airflow/lib/python3.7/site-packages/airflow/example_dags/example_nested_branch_dag.py
[2023-10-16 02:28:09,212] {processor.py:654} INFO - DAG(s) dict_keys(['example_nested_branch_dag']) retrieved from /Users/namyoung/Desktop/myprj/airflow/airflow/lib/python3.7/site-packages/airflow/example_dags/example_nested_branch_dag.py
[2023-10-16 02:28:09,222] {logging_mixin.py:109} INFO - [2023-10-16 02:28:09,221] {dag.py:2396} INFO - Sync 1 DAGs
[2023-10-16 02:28:09,232] {logging_mixin.py:109} INFO - [2023-10-16 02:28:09,232] {dag.py:2935} INFO - Setting next_dagrun for example_nested_branch_dag to 2023-10-14 00:00:00+00:00
[2023-10-16 02:28:09,239] {processor.py:171} INFO - Processing /Users/namyoung/Desktop/myprj/airflow/airflow/lib/python3.7/site-packages/airflow/example_dags/example_nested_branch_dag.py took 0.051 seconds
[2023-10-16 04:06:28,003] {processor.py:163} INFO - Started process (PID=28702) to work on /Users/namyoung/Desktop/myprj/airflow/airflow/lib/python3.7/site-packages/airflow/example_dags/example_nested_branch_dag.py
[2023-10-16 04:06:28,005] {processor.py:642} INFO - Processing file /Users/namyoung/Desktop/myprj/airflow/airflow/lib/python3.7/site-packages/airflow/example_dags/example_nested_branch_dag.py for tasks to queue
[2023-10-16 04:06:28,005] {logging_mixin.py:109} INFO - [2023-10-16 04:06:28,005] {dagbag.py:500} INFO - Filling up the DagBag from /Users/namyoung/Desktop/myprj/airflow/airflow/lib/python3.7/site-packages/airflow/example_dags/example_nested_branch_dag.py
[2023-10-16 04:06:28,024] {processor.py:654} INFO - DAG(s) dict_keys(['example_nested_branch_dag']) retrieved from /Users/namyoung/Desktop/myprj/airflow/airflow/lib/python3.7/site-packages/airflow/example_dags/example_nested_branch_dag.py
[2023-10-16 04:06:28,033] {logging_mixin.py:109} INFO - [2023-10-16 04:06:28,033] {dag.py:2396} INFO - Sync 1 DAGs
[2023-10-16 04:06:28,043] {logging_mixin.py:109} INFO - [2023-10-16 04:06:28,043] {dag.py:2935} INFO - Setting next_dagrun for example_nested_branch_dag to 2023-10-14 00:00:00+00:00
[2023-10-16 04:06:28,049] {processor.py:171} INFO - Processing /Users/namyoung/Desktop/myprj/airflow/airflow/lib/python3.7/site-packages/airflow/example_dags/example_nested_branch_dag.py took 0.050 seconds
[2023-10-16 05:28:05,935] {processor.py:163} INFO - Started process (PID=28939) to work on /Users/namyoung/Desktop/myprj/airflow/airflow/lib/python3.7/site-packages/airflow/example_dags/example_nested_branch_dag.py
[2023-10-16 05:28:05,935] {processor.py:642} INFO - Processing file /Users/namyoung/Desktop/myprj/airflow/airflow/lib/python3.7/site-packages/airflow/example_dags/example_nested_branch_dag.py for tasks to queue
[2023-10-16 05:28:05,936] {logging_mixin.py:109} INFO - [2023-10-16 05:28:05,936] {dagbag.py:500} INFO - Filling up the DagBag from /Users/namyoung/Desktop/myprj/airflow/airflow/lib/python3.7/site-packages/airflow/example_dags/example_nested_branch_dag.py
[2023-10-16 05:28:05,957] {processor.py:654} INFO - DAG(s) dict_keys(['example_nested_branch_dag']) retrieved from /Users/namyoung/Desktop/myprj/airflow/airflow/lib/python3.7/site-packages/airflow/example_dags/example_nested_branch_dag.py
[2023-10-16 05:28:05,964] {logging_mixin.py:109} INFO - [2023-10-16 05:28:05,964] {dag.py:2396} INFO - Sync 1 DAGs
[2023-10-16 05:28:05,972] {logging_mixin.py:109} INFO - [2023-10-16 05:28:05,972] {dag.py:2935} INFO - Setting next_dagrun for example_nested_branch_dag to 2023-10-14 00:00:00+00:00
[2023-10-16 05:28:06,006] {processor.py:171} INFO - Processing /Users/namyoung/Desktop/myprj/airflow/airflow/lib/python3.7/site-packages/airflow/example_dags/example_nested_branch_dag.py took 0.074 seconds
[2023-10-16 07:08:09,213] {processor.py:163} INFO - Started process (PID=29084) to work on /Users/namyoung/Desktop/myprj/airflow/airflow/lib/python3.7/site-packages/airflow/example_dags/example_nested_branch_dag.py
[2023-10-16 07:08:09,216] {processor.py:642} INFO - Processing file /Users/namyoung/Desktop/myprj/airflow/airflow/lib/python3.7/site-packages/airflow/example_dags/example_nested_branch_dag.py for tasks to queue
[2023-10-16 07:08:09,217] {logging_mixin.py:109} INFO - [2023-10-16 07:08:09,216] {dagbag.py:500} INFO - Filling up the DagBag from /Users/namyoung/Desktop/myprj/airflow/airflow/lib/python3.7/site-packages/airflow/example_dags/example_nested_branch_dag.py
[2023-10-16 07:08:09,246] {processor.py:654} INFO - DAG(s) dict_keys(['example_nested_branch_dag']) retrieved from /Users/namyoung/Desktop/myprj/airflow/airflow/lib/python3.7/site-packages/airflow/example_dags/example_nested_branch_dag.py
[2023-10-16 07:08:09,257] {logging_mixin.py:109} INFO - [2023-10-16 07:08:09,257] {dag.py:2396} INFO - Sync 1 DAGs
[2023-10-16 07:08:09,266] {logging_mixin.py:109} INFO - [2023-10-16 07:08:09,266] {dag.py:2935} INFO - Setting next_dagrun for example_nested_branch_dag to 2023-10-14 00:00:00+00:00
[2023-10-16 07:08:09,272] {processor.py:171} INFO - Processing /Users/namyoung/Desktop/myprj/airflow/airflow/lib/python3.7/site-packages/airflow/example_dags/example_nested_branch_dag.py took 0.065 seconds
[2023-10-16 08:46:40,742] {processor.py:163} INFO - Started process (PID=29383) to work on /Users/namyoung/Desktop/myprj/airflow/airflow/lib/python3.7/site-packages/airflow/example_dags/example_nested_branch_dag.py
[2023-10-16 08:46:40,744] {processor.py:642} INFO - Processing file /Users/namyoung/Desktop/myprj/airflow/airflow/lib/python3.7/site-packages/airflow/example_dags/example_nested_branch_dag.py for tasks to queue
[2023-10-16 08:46:40,745] {logging_mixin.py:109} INFO - [2023-10-16 08:46:40,745] {dagbag.py:500} INFO - Filling up the DagBag from /Users/namyoung/Desktop/myprj/airflow/airflow/lib/python3.7/site-packages/airflow/example_dags/example_nested_branch_dag.py
[2023-10-16 08:46:40,773] {processor.py:654} INFO - DAG(s) dict_keys(['example_nested_branch_dag']) retrieved from /Users/namyoung/Desktop/myprj/airflow/airflow/lib/python3.7/site-packages/airflow/example_dags/example_nested_branch_dag.py
[2023-10-16 08:46:40,782] {logging_mixin.py:109} INFO - [2023-10-16 08:46:40,782] {dag.py:2396} INFO - Sync 1 DAGs
[2023-10-16 08:46:40,791] {logging_mixin.py:109} INFO - [2023-10-16 08:46:40,791] {dag.py:2935} INFO - Setting next_dagrun for example_nested_branch_dag to 2023-10-14 00:00:00+00:00
[2023-10-16 08:46:40,796] {processor.py:171} INFO - Processing /Users/namyoung/Desktop/myprj/airflow/airflow/lib/python3.7/site-packages/airflow/example_dags/example_nested_branch_dag.py took 0.059 seconds
