[2023-10-15 11:07:33,065] {processor.py:163} INFO - Started process (PID=26629) to work on /Users/namyoung/Desktop/myprj/airflow/airflow/lib/python3.7/site-packages/airflow/example_dags/tutorial.py
[2023-10-15 11:07:33,066] {processor.py:642} INFO - Processing file /Users/namyoung/Desktop/myprj/airflow/airflow/lib/python3.7/site-packages/airflow/example_dags/tutorial.py for tasks to queue
[2023-10-15 11:07:33,066] {logging_mixin.py:109} INFO - [2023-10-15 11:07:33,066] {dagbag.py:500} INFO - Filling up the DagBag from /Users/namyoung/Desktop/myprj/airflow/airflow/lib/python3.7/site-packages/airflow/example_dags/tutorial.py
[2023-10-15 11:07:33,080] {processor.py:654} INFO - DAG(s) dict_keys(['tutorial']) retrieved from /Users/namyoung/Desktop/myprj/airflow/airflow/lib/python3.7/site-packages/airflow/example_dags/tutorial.py
[2023-10-15 11:07:33,087] {logging_mixin.py:109} INFO - [2023-10-15 11:07:33,087] {dag.py:2396} INFO - Sync 1 DAGs
[2023-10-15 11:07:33,095] {logging_mixin.py:109} INFO - [2023-10-15 11:07:33,095] {dag.py:2935} INFO - Setting next_dagrun for tutorial to 2023-10-14T02:07:33.094882+00:00
[2023-10-15 11:07:33,101] {processor.py:171} INFO - Processing /Users/namyoung/Desktop/myprj/airflow/airflow/lib/python3.7/site-packages/airflow/example_dags/tutorial.py took 0.038 seconds
[2023-10-15 12:49:02,271] {processor.py:163} INFO - Started process (PID=26777) to work on /Users/namyoung/Desktop/myprj/airflow/airflow/lib/python3.7/site-packages/airflow/example_dags/tutorial.py
[2023-10-15 12:49:02,272] {processor.py:642} INFO - Processing file /Users/namyoung/Desktop/myprj/airflow/airflow/lib/python3.7/site-packages/airflow/example_dags/tutorial.py for tasks to queue
[2023-10-15 12:49:02,273] {logging_mixin.py:109} INFO - [2023-10-15 12:49:02,273] {dagbag.py:500} INFO - Filling up the DagBag from /Users/namyoung/Desktop/myprj/airflow/airflow/lib/python3.7/site-packages/airflow/example_dags/tutorial.py
[2023-10-15 12:49:02,288] {processor.py:654} INFO - DAG(s) dict_keys(['tutorial']) retrieved from /Users/namyoung/Desktop/myprj/airflow/airflow/lib/python3.7/site-packages/airflow/example_dags/tutorial.py
[2023-10-15 12:49:02,293] {logging_mixin.py:109} INFO - [2023-10-15 12:49:02,293] {dag.py:2396} INFO - Sync 1 DAGs
[2023-10-15 12:49:02,300] {logging_mixin.py:109} INFO - [2023-10-15 12:49:02,299] {dag.py:2935} INFO - Setting next_dagrun for tutorial to 2023-10-14T03:49:02.299731+00:00
[2023-10-15 12:49:02,304] {processor.py:171} INFO - Processing /Users/namyoung/Desktop/myprj/airflow/airflow/lib/python3.7/site-packages/airflow/example_dags/tutorial.py took 0.035 seconds
[2023-10-15 14:29:50,119] {processor.py:163} INFO - Started process (PID=27042) to work on /Users/namyoung/Desktop/myprj/airflow/airflow/lib/python3.7/site-packages/airflow/example_dags/tutorial.py
[2023-10-15 14:29:50,121] {processor.py:642} INFO - Processing file /Users/namyoung/Desktop/myprj/airflow/airflow/lib/python3.7/site-packages/airflow/example_dags/tutorial.py for tasks to queue
[2023-10-15 14:29:50,122] {logging_mixin.py:109} INFO - [2023-10-15 14:29:50,122] {dagbag.py:500} INFO - Filling up the DagBag from /Users/namyoung/Desktop/myprj/airflow/airflow/lib/python3.7/site-packages/airflow/example_dags/tutorial.py
[2023-10-15 14:29:50,149] {processor.py:654} INFO - DAG(s) dict_keys(['tutorial']) retrieved from /Users/namyoung/Desktop/myprj/airflow/airflow/lib/python3.7/site-packages/airflow/example_dags/tutorial.py
[2023-10-15 14:29:50,157] {logging_mixin.py:109} INFO - [2023-10-15 14:29:50,157] {dag.py:2396} INFO - Sync 1 DAGs
[2023-10-15 14:29:50,165] {logging_mixin.py:109} INFO - [2023-10-15 14:29:50,165] {dag.py:2935} INFO - Setting next_dagrun for tutorial to 2023-10-14T05:29:50.165249+00:00
[2023-10-15 14:29:50,171] {processor.py:171} INFO - Processing /Users/namyoung/Desktop/myprj/airflow/airflow/lib/python3.7/site-packages/airflow/example_dags/tutorial.py took 0.058 seconds
[2023-10-15 16:11:07,954] {processor.py:163} INFO - Started process (PID=27299) to work on /Users/namyoung/Desktop/myprj/airflow/airflow/lib/python3.7/site-packages/airflow/example_dags/tutorial.py
[2023-10-15 16:11:07,955] {processor.py:642} INFO - Processing file /Users/namyoung/Desktop/myprj/airflow/airflow/lib/python3.7/site-packages/airflow/example_dags/tutorial.py for tasks to queue
[2023-10-15 16:11:07,957] {logging_mixin.py:109} INFO - [2023-10-15 16:11:07,957] {dagbag.py:500} INFO - Filling up the DagBag from /Users/namyoung/Desktop/myprj/airflow/airflow/lib/python3.7/site-packages/airflow/example_dags/tutorial.py
[2023-10-15 16:11:07,970] {processor.py:654} INFO - DAG(s) dict_keys(['tutorial']) retrieved from /Users/namyoung/Desktop/myprj/airflow/airflow/lib/python3.7/site-packages/airflow/example_dags/tutorial.py
[2023-10-15 16:11:07,975] {logging_mixin.py:109} INFO - [2023-10-15 16:11:07,975] {dag.py:2396} INFO - Sync 1 DAGs
[2023-10-15 16:11:07,982] {logging_mixin.py:109} INFO - [2023-10-15 16:11:07,982] {dag.py:2935} INFO - Setting next_dagrun for tutorial to 2023-10-14T07:11:07.982099+00:00
[2023-10-15 16:11:07,987] {processor.py:171} INFO - Processing /Users/namyoung/Desktop/myprj/airflow/airflow/lib/python3.7/site-packages/airflow/example_dags/tutorial.py took 0.038 seconds
[2023-10-15 17:46:32,758] {processor.py:163} INFO - Started process (PID=27437) to work on /Users/namyoung/Desktop/myprj/airflow/airflow/lib/python3.7/site-packages/airflow/example_dags/tutorial.py
[2023-10-15 17:46:32,760] {processor.py:642} INFO - Processing file /Users/namyoung/Desktop/myprj/airflow/airflow/lib/python3.7/site-packages/airflow/example_dags/tutorial.py for tasks to queue
[2023-10-15 17:46:32,761] {logging_mixin.py:109} INFO - [2023-10-15 17:46:32,761] {dagbag.py:500} INFO - Filling up the DagBag from /Users/namyoung/Desktop/myprj/airflow/airflow/lib/python3.7/site-packages/airflow/example_dags/tutorial.py
[2023-10-15 17:46:32,783] {processor.py:654} INFO - DAG(s) dict_keys(['tutorial']) retrieved from /Users/namyoung/Desktop/myprj/airflow/airflow/lib/python3.7/site-packages/airflow/example_dags/tutorial.py
[2023-10-15 17:46:32,790] {logging_mixin.py:109} INFO - [2023-10-15 17:46:32,790] {dag.py:2396} INFO - Sync 1 DAGs
[2023-10-15 17:46:32,799] {logging_mixin.py:109} INFO - [2023-10-15 17:46:32,799] {dag.py:2935} INFO - Setting next_dagrun for tutorial to 2023-10-14T08:46:32.799034+00:00
[2023-10-15 17:46:32,805] {processor.py:171} INFO - Processing /Users/namyoung/Desktop/myprj/airflow/airflow/lib/python3.7/site-packages/airflow/example_dags/tutorial.py took 0.051 seconds
[2023-10-15 19:21:11,593] {processor.py:163} INFO - Started process (PID=27571) to work on /Users/namyoung/Desktop/myprj/airflow/airflow/lib/python3.7/site-packages/airflow/example_dags/tutorial.py
[2023-10-15 19:21:11,594] {processor.py:642} INFO - Processing file /Users/namyoung/Desktop/myprj/airflow/airflow/lib/python3.7/site-packages/airflow/example_dags/tutorial.py for tasks to queue
[2023-10-15 19:21:11,594] {logging_mixin.py:109} INFO - [2023-10-15 19:21:11,594] {dagbag.py:500} INFO - Filling up the DagBag from /Users/namyoung/Desktop/myprj/airflow/airflow/lib/python3.7/site-packages/airflow/example_dags/tutorial.py
[2023-10-15 19:21:11,609] {processor.py:654} INFO - DAG(s) dict_keys(['tutorial']) retrieved from /Users/namyoung/Desktop/myprj/airflow/airflow/lib/python3.7/site-packages/airflow/example_dags/tutorial.py
[2023-10-15 19:21:11,615] {logging_mixin.py:109} INFO - [2023-10-15 19:21:11,615] {dag.py:2396} INFO - Sync 1 DAGs
[2023-10-15 19:21:11,623] {logging_mixin.py:109} INFO - [2023-10-15 19:21:11,623] {dag.py:2935} INFO - Setting next_dagrun for tutorial to 2023-10-14T10:21:11.622923+00:00
[2023-10-15 19:21:11,629] {processor.py:171} INFO - Processing /Users/namyoung/Desktop/myprj/airflow/airflow/lib/python3.7/site-packages/airflow/example_dags/tutorial.py took 0.039 seconds
[2023-10-15 20:58:25,287] {processor.py:163} INFO - Started process (PID=27832) to work on /Users/namyoung/Desktop/myprj/airflow/airflow/lib/python3.7/site-packages/airflow/example_dags/tutorial.py
[2023-10-15 20:58:25,289] {processor.py:642} INFO - Processing file /Users/namyoung/Desktop/myprj/airflow/airflow/lib/python3.7/site-packages/airflow/example_dags/tutorial.py for tasks to queue
[2023-10-15 20:58:25,363] {logging_mixin.py:109} INFO - [2023-10-15 20:58:25,363] {dagbag.py:500} INFO - Filling up the DagBag from /Users/namyoung/Desktop/myprj/airflow/airflow/lib/python3.7/site-packages/airflow/example_dags/tutorial.py
[2023-10-15 20:58:25,393] {processor.py:654} INFO - DAG(s) dict_keys(['tutorial']) retrieved from /Users/namyoung/Desktop/myprj/airflow/airflow/lib/python3.7/site-packages/airflow/example_dags/tutorial.py
[2023-10-15 20:58:25,401] {logging_mixin.py:109} INFO - [2023-10-15 20:58:25,401] {dag.py:2396} INFO - Sync 1 DAGs
[2023-10-15 20:58:25,411] {logging_mixin.py:109} INFO - [2023-10-15 20:58:25,410] {dag.py:2935} INFO - Setting next_dagrun for tutorial to 2023-10-14T11:58:25.410671+00:00
[2023-10-15 20:58:25,417] {processor.py:171} INFO - Processing /Users/namyoung/Desktop/myprj/airflow/airflow/lib/python3.7/site-packages/airflow/example_dags/tutorial.py took 0.132 seconds
[2023-10-15 22:36:42,414] {processor.py:163} INFO - Started process (PID=27983) to work on /Users/namyoung/Desktop/myprj/airflow/airflow/lib/python3.7/site-packages/airflow/example_dags/tutorial.py
[2023-10-15 22:36:42,415] {processor.py:642} INFO - Processing file /Users/namyoung/Desktop/myprj/airflow/airflow/lib/python3.7/site-packages/airflow/example_dags/tutorial.py for tasks to queue
[2023-10-15 22:36:42,416] {logging_mixin.py:109} INFO - [2023-10-15 22:36:42,416] {dagbag.py:500} INFO - Filling up the DagBag from /Users/namyoung/Desktop/myprj/airflow/airflow/lib/python3.7/site-packages/airflow/example_dags/tutorial.py
[2023-10-15 22:36:42,428] {processor.py:654} INFO - DAG(s) dict_keys(['tutorial']) retrieved from /Users/namyoung/Desktop/myprj/airflow/airflow/lib/python3.7/site-packages/airflow/example_dags/tutorial.py
[2023-10-15 22:36:42,433] {logging_mixin.py:109} INFO - [2023-10-15 22:36:42,433] {dag.py:2396} INFO - Sync 1 DAGs
[2023-10-15 22:36:42,440] {logging_mixin.py:109} INFO - [2023-10-15 22:36:42,440] {dag.py:2935} INFO - Setting next_dagrun for tutorial to 2023-10-14T13:36:42.440331+00:00
[2023-10-15 22:36:42,449] {processor.py:171} INFO - Processing /Users/namyoung/Desktop/myprj/airflow/airflow/lib/python3.7/site-packages/airflow/example_dags/tutorial.py took 0.037 seconds
[2023-10-16 00:15:29,603] {processor.py:163} INFO - Started process (PID=28257) to work on /Users/namyoung/Desktop/myprj/airflow/airflow/lib/python3.7/site-packages/airflow/example_dags/tutorial.py
[2023-10-16 00:15:29,603] {processor.py:642} INFO - Processing file /Users/namyoung/Desktop/myprj/airflow/airflow/lib/python3.7/site-packages/airflow/example_dags/tutorial.py for tasks to queue
[2023-10-16 00:15:29,604] {logging_mixin.py:109} INFO - [2023-10-16 00:15:29,604] {dagbag.py:500} INFO - Filling up the DagBag from /Users/namyoung/Desktop/myprj/airflow/airflow/lib/python3.7/site-packages/airflow/example_dags/tutorial.py
[2023-10-16 00:15:29,618] {processor.py:654} INFO - DAG(s) dict_keys(['tutorial']) retrieved from /Users/namyoung/Desktop/myprj/airflow/airflow/lib/python3.7/site-packages/airflow/example_dags/tutorial.py
[2023-10-16 00:15:29,623] {logging_mixin.py:109} INFO - [2023-10-16 00:15:29,623] {dag.py:2396} INFO - Sync 1 DAGs
[2023-10-16 00:15:29,633] {logging_mixin.py:109} INFO - [2023-10-16 00:15:29,632] {dag.py:2935} INFO - Setting next_dagrun for tutorial to 2023-10-14T15:15:29.632777+00:00
[2023-10-16 00:15:29,639] {processor.py:171} INFO - Processing /Users/namyoung/Desktop/myprj/airflow/airflow/lib/python3.7/site-packages/airflow/example_dags/tutorial.py took 0.039 seconds
[2023-10-16 01:55:37,600] {processor.py:163} INFO - Started process (PID=28509) to work on /Users/namyoung/Desktop/myprj/airflow/airflow/lib/python3.7/site-packages/airflow/example_dags/tutorial.py
[2023-10-16 01:55:37,601] {processor.py:642} INFO - Processing file /Users/namyoung/Desktop/myprj/airflow/airflow/lib/python3.7/site-packages/airflow/example_dags/tutorial.py for tasks to queue
[2023-10-16 01:55:37,601] {logging_mixin.py:109} INFO - [2023-10-16 01:55:37,601] {dagbag.py:500} INFO - Filling up the DagBag from /Users/namyoung/Desktop/myprj/airflow/airflow/lib/python3.7/site-packages/airflow/example_dags/tutorial.py
[2023-10-16 01:55:37,614] {processor.py:654} INFO - DAG(s) dict_keys(['tutorial']) retrieved from /Users/namyoung/Desktop/myprj/airflow/airflow/lib/python3.7/site-packages/airflow/example_dags/tutorial.py
[2023-10-16 01:55:37,619] {logging_mixin.py:109} INFO - [2023-10-16 01:55:37,619] {dag.py:2396} INFO - Sync 1 DAGs
[2023-10-16 01:55:37,625] {logging_mixin.py:109} INFO - [2023-10-16 01:55:37,625] {dag.py:2935} INFO - Setting next_dagrun for tutorial to 2023-10-14T16:55:37.625577+00:00
[2023-10-16 01:55:37,631] {processor.py:171} INFO - Processing /Users/namyoung/Desktop/myprj/airflow/airflow/lib/python3.7/site-packages/airflow/example_dags/tutorial.py took 0.033 seconds
[2023-10-16 03:17:51,904] {processor.py:163} INFO - Started process (PID=28634) to work on /Users/namyoung/Desktop/myprj/airflow/airflow/lib/python3.7/site-packages/airflow/example_dags/tutorial.py
[2023-10-16 03:17:51,906] {processor.py:642} INFO - Processing file /Users/namyoung/Desktop/myprj/airflow/airflow/lib/python3.7/site-packages/airflow/example_dags/tutorial.py for tasks to queue
[2023-10-16 03:17:51,908] {logging_mixin.py:109} INFO - [2023-10-16 03:17:51,907] {dagbag.py:500} INFO - Filling up the DagBag from /Users/namyoung/Desktop/myprj/airflow/airflow/lib/python3.7/site-packages/airflow/example_dags/tutorial.py
[2023-10-16 03:17:51,934] {processor.py:654} INFO - DAG(s) dict_keys(['tutorial']) retrieved from /Users/namyoung/Desktop/myprj/airflow/airflow/lib/python3.7/site-packages/airflow/example_dags/tutorial.py
[2023-10-16 03:17:51,942] {logging_mixin.py:109} INFO - [2023-10-16 03:17:51,941] {dag.py:2396} INFO - Sync 1 DAGs
[2023-10-16 03:17:51,950] {logging_mixin.py:109} INFO - [2023-10-16 03:17:51,949] {dag.py:2935} INFO - Setting next_dagrun for tutorial to 2023-10-14T18:17:51.949705+00:00
[2023-10-16 03:17:51,955] {processor.py:171} INFO - Processing /Users/namyoung/Desktop/myprj/airflow/airflow/lib/python3.7/site-packages/airflow/example_dags/tutorial.py took 0.056 seconds
[2023-10-16 04:41:00,071] {processor.py:163} INFO - Started process (PID=28873) to work on /Users/namyoung/Desktop/myprj/airflow/airflow/lib/python3.7/site-packages/airflow/example_dags/tutorial.py
[2023-10-16 04:41:00,072] {processor.py:642} INFO - Processing file /Users/namyoung/Desktop/myprj/airflow/airflow/lib/python3.7/site-packages/airflow/example_dags/tutorial.py for tasks to queue
[2023-10-16 04:41:00,074] {logging_mixin.py:109} INFO - [2023-10-16 04:41:00,073] {dagbag.py:500} INFO - Filling up the DagBag from /Users/namyoung/Desktop/myprj/airflow/airflow/lib/python3.7/site-packages/airflow/example_dags/tutorial.py
[2023-10-16 04:41:00,095] {processor.py:654} INFO - DAG(s) dict_keys(['tutorial']) retrieved from /Users/namyoung/Desktop/myprj/airflow/airflow/lib/python3.7/site-packages/airflow/example_dags/tutorial.py
[2023-10-16 04:41:00,102] {logging_mixin.py:109} INFO - [2023-10-16 04:41:00,102] {dag.py:2396} INFO - Sync 1 DAGs
[2023-10-16 04:41:00,111] {logging_mixin.py:109} INFO - [2023-10-16 04:41:00,110] {dag.py:2935} INFO - Setting next_dagrun for tutorial to 2023-10-14T19:41:00.110750+00:00
[2023-10-16 04:41:00,117] {processor.py:171} INFO - Processing /Users/namyoung/Desktop/myprj/airflow/airflow/lib/python3.7/site-packages/airflow/example_dags/tutorial.py took 0.051 seconds
[2023-10-16 06:34:43,548] {processor.py:163} INFO - Started process (PID=29018) to work on /Users/namyoung/Desktop/myprj/airflow/airflow/lib/python3.7/site-packages/airflow/example_dags/tutorial.py
[2023-10-16 06:34:43,549] {processor.py:642} INFO - Processing file /Users/namyoung/Desktop/myprj/airflow/airflow/lib/python3.7/site-packages/airflow/example_dags/tutorial.py for tasks to queue
[2023-10-16 06:34:43,550] {logging_mixin.py:109} INFO - [2023-10-16 06:34:43,550] {dagbag.py:500} INFO - Filling up the DagBag from /Users/namyoung/Desktop/myprj/airflow/airflow/lib/python3.7/site-packages/airflow/example_dags/tutorial.py
[2023-10-16 06:34:43,566] {processor.py:654} INFO - DAG(s) dict_keys(['tutorial']) retrieved from /Users/namyoung/Desktop/myprj/airflow/airflow/lib/python3.7/site-packages/airflow/example_dags/tutorial.py
[2023-10-16 06:34:43,573] {logging_mixin.py:109} INFO - [2023-10-16 06:34:43,573] {dag.py:2396} INFO - Sync 1 DAGs
[2023-10-16 06:34:43,583] {logging_mixin.py:109} INFO - [2023-10-16 06:34:43,582] {dag.py:2935} INFO - Setting next_dagrun for tutorial to 2023-10-14T21:34:43.582615+00:00
[2023-10-16 06:34:43,590] {processor.py:171} INFO - Processing /Users/namyoung/Desktop/myprj/airflow/airflow/lib/python3.7/site-packages/airflow/example_dags/tutorial.py took 0.044 seconds
[2023-10-16 08:13:37,052] {processor.py:163} INFO - Started process (PID=29242) to work on /Users/namyoung/Desktop/myprj/airflow/airflow/lib/python3.7/site-packages/airflow/example_dags/tutorial.py
[2023-10-16 08:13:37,053] {processor.py:642} INFO - Processing file /Users/namyoung/Desktop/myprj/airflow/airflow/lib/python3.7/site-packages/airflow/example_dags/tutorial.py for tasks to queue
[2023-10-16 08:13:37,055] {logging_mixin.py:109} INFO - [2023-10-16 08:13:37,054] {dagbag.py:500} INFO - Filling up the DagBag from /Users/namyoung/Desktop/myprj/airflow/airflow/lib/python3.7/site-packages/airflow/example_dags/tutorial.py
[2023-10-16 08:13:37,076] {processor.py:654} INFO - DAG(s) dict_keys(['tutorial']) retrieved from /Users/namyoung/Desktop/myprj/airflow/airflow/lib/python3.7/site-packages/airflow/example_dags/tutorial.py
[2023-10-16 08:13:37,083] {logging_mixin.py:109} INFO - [2023-10-16 08:13:37,083] {dag.py:2396} INFO - Sync 1 DAGs
[2023-10-16 08:13:37,094] {logging_mixin.py:109} INFO - [2023-10-16 08:13:37,094] {dag.py:2935} INFO - Setting next_dagrun for tutorial to 2023-10-14T23:13:37.094298+00:00
[2023-10-16 08:13:37,115] {processor.py:171} INFO - Processing /Users/namyoung/Desktop/myprj/airflow/airflow/lib/python3.7/site-packages/airflow/example_dags/tutorial.py took 0.067 seconds
