[2023-10-15 11:07:31,914] {processor.py:163} INFO - Started process (PID=26618) to work on /Users/namyoung/Desktop/myprj/airflow/airflow/lib/python3.7/site-packages/airflow/example_dags/tutorial_etl_dag.py
[2023-10-15 11:07:31,915] {processor.py:642} INFO - Processing file /Users/namyoung/Desktop/myprj/airflow/airflow/lib/python3.7/site-packages/airflow/example_dags/tutorial_etl_dag.py for tasks to queue
[2023-10-15 11:07:31,916] {logging_mixin.py:109} INFO - [2023-10-15 11:07:31,915] {dagbag.py:500} INFO - Filling up the DagBag from /Users/namyoung/Desktop/myprj/airflow/airflow/lib/python3.7/site-packages/airflow/example_dags/tutorial_etl_dag.py
[2023-10-15 11:07:31,930] {processor.py:654} INFO - DAG(s) dict_keys(['tutorial_etl_dag']) retrieved from /Users/namyoung/Desktop/myprj/airflow/airflow/lib/python3.7/site-packages/airflow/example_dags/tutorial_etl_dag.py
[2023-10-15 11:07:31,935] {logging_mixin.py:109} INFO - [2023-10-15 11:07:31,935] {dag.py:2396} INFO - Sync 1 DAGs
[2023-10-15 11:07:31,942] {logging_mixin.py:109} INFO - [2023-10-15 11:07:31,942] {dag.py:2935} INFO - Setting next_dagrun for tutorial_etl_dag to None
[2023-10-15 11:07:31,947] {processor.py:171} INFO - Processing /Users/namyoung/Desktop/myprj/airflow/airflow/lib/python3.7/site-packages/airflow/example_dags/tutorial_etl_dag.py took 0.037 seconds
[2023-10-15 12:49:02,039] {processor.py:163} INFO - Started process (PID=26776) to work on /Users/namyoung/Desktop/myprj/airflow/airflow/lib/python3.7/site-packages/airflow/example_dags/tutorial_etl_dag.py
[2023-10-15 12:49:02,040] {processor.py:642} INFO - Processing file /Users/namyoung/Desktop/myprj/airflow/airflow/lib/python3.7/site-packages/airflow/example_dags/tutorial_etl_dag.py for tasks to queue
[2023-10-15 12:49:02,041] {logging_mixin.py:109} INFO - [2023-10-15 12:49:02,040] {dagbag.py:500} INFO - Filling up the DagBag from /Users/namyoung/Desktop/myprj/airflow/airflow/lib/python3.7/site-packages/airflow/example_dags/tutorial_etl_dag.py
[2023-10-15 12:49:02,053] {processor.py:654} INFO - DAG(s) dict_keys(['tutorial_etl_dag']) retrieved from /Users/namyoung/Desktop/myprj/airflow/airflow/lib/python3.7/site-packages/airflow/example_dags/tutorial_etl_dag.py
[2023-10-15 12:49:02,059] {logging_mixin.py:109} INFO - [2023-10-15 12:49:02,059] {dag.py:2396} INFO - Sync 1 DAGs
[2023-10-15 12:49:02,066] {logging_mixin.py:109} INFO - [2023-10-15 12:49:02,066] {dag.py:2935} INFO - Setting next_dagrun for tutorial_etl_dag to None
[2023-10-15 12:49:02,071] {processor.py:171} INFO - Processing /Users/namyoung/Desktop/myprj/airflow/airflow/lib/python3.7/site-packages/airflow/example_dags/tutorial_etl_dag.py took 0.034 seconds
[2023-10-15 14:29:48,948] {processor.py:163} INFO - Started process (PID=27036) to work on /Users/namyoung/Desktop/myprj/airflow/airflow/lib/python3.7/site-packages/airflow/example_dags/tutorial_etl_dag.py
[2023-10-15 14:29:48,949] {processor.py:642} INFO - Processing file /Users/namyoung/Desktop/myprj/airflow/airflow/lib/python3.7/site-packages/airflow/example_dags/tutorial_etl_dag.py for tasks to queue
[2023-10-15 14:29:48,949] {logging_mixin.py:109} INFO - [2023-10-15 14:29:48,949] {dagbag.py:500} INFO - Filling up the DagBag from /Users/namyoung/Desktop/myprj/airflow/airflow/lib/python3.7/site-packages/airflow/example_dags/tutorial_etl_dag.py
[2023-10-15 14:29:48,962] {processor.py:654} INFO - DAG(s) dict_keys(['tutorial_etl_dag']) retrieved from /Users/namyoung/Desktop/myprj/airflow/airflow/lib/python3.7/site-packages/airflow/example_dags/tutorial_etl_dag.py
[2023-10-15 14:29:48,967] {logging_mixin.py:109} INFO - [2023-10-15 14:29:48,967] {dag.py:2396} INFO - Sync 1 DAGs
[2023-10-15 14:29:48,974] {logging_mixin.py:109} INFO - [2023-10-15 14:29:48,974] {dag.py:2935} INFO - Setting next_dagrun for tutorial_etl_dag to None
[2023-10-15 14:29:48,979] {processor.py:171} INFO - Processing /Users/namyoung/Desktop/myprj/airflow/airflow/lib/python3.7/site-packages/airflow/example_dags/tutorial_etl_dag.py took 0.033 seconds
[2023-10-15 16:11:06,796] {processor.py:163} INFO - Started process (PID=27239) to work on /Users/namyoung/Desktop/myprj/airflow/airflow/lib/python3.7/site-packages/airflow/example_dags/tutorial_etl_dag.py
[2023-10-15 16:11:06,797] {processor.py:642} INFO - Processing file /Users/namyoung/Desktop/myprj/airflow/airflow/lib/python3.7/site-packages/airflow/example_dags/tutorial_etl_dag.py for tasks to queue
[2023-10-15 16:11:06,798] {logging_mixin.py:109} INFO - [2023-10-15 16:11:06,798] {dagbag.py:500} INFO - Filling up the DagBag from /Users/namyoung/Desktop/myprj/airflow/airflow/lib/python3.7/site-packages/airflow/example_dags/tutorial_etl_dag.py
[2023-10-15 16:11:06,810] {processor.py:654} INFO - DAG(s) dict_keys(['tutorial_etl_dag']) retrieved from /Users/namyoung/Desktop/myprj/airflow/airflow/lib/python3.7/site-packages/airflow/example_dags/tutorial_etl_dag.py
[2023-10-15 16:11:06,816] {logging_mixin.py:109} INFO - [2023-10-15 16:11:06,816] {dag.py:2396} INFO - Sync 1 DAGs
[2023-10-15 16:11:06,823] {logging_mixin.py:109} INFO - [2023-10-15 16:11:06,823] {dag.py:2935} INFO - Setting next_dagrun for tutorial_etl_dag to None
[2023-10-15 16:11:06,828] {processor.py:171} INFO - Processing /Users/namyoung/Desktop/myprj/airflow/airflow/lib/python3.7/site-packages/airflow/example_dags/tutorial_etl_dag.py took 0.034 seconds
[2023-10-15 17:46:31,595] {processor.py:163} INFO - Started process (PID=27436) to work on /Users/namyoung/Desktop/myprj/airflow/airflow/lib/python3.7/site-packages/airflow/example_dags/tutorial_etl_dag.py
[2023-10-15 17:46:31,596] {processor.py:642} INFO - Processing file /Users/namyoung/Desktop/myprj/airflow/airflow/lib/python3.7/site-packages/airflow/example_dags/tutorial_etl_dag.py for tasks to queue
[2023-10-15 17:46:31,597] {logging_mixin.py:109} INFO - [2023-10-15 17:46:31,596] {dagbag.py:500} INFO - Filling up the DagBag from /Users/namyoung/Desktop/myprj/airflow/airflow/lib/python3.7/site-packages/airflow/example_dags/tutorial_etl_dag.py
[2023-10-15 17:46:31,608] {processor.py:654} INFO - DAG(s) dict_keys(['tutorial_etl_dag']) retrieved from /Users/namyoung/Desktop/myprj/airflow/airflow/lib/python3.7/site-packages/airflow/example_dags/tutorial_etl_dag.py
[2023-10-15 17:46:31,613] {logging_mixin.py:109} INFO - [2023-10-15 17:46:31,613] {dag.py:2396} INFO - Sync 1 DAGs
[2023-10-15 17:46:31,620] {logging_mixin.py:109} INFO - [2023-10-15 17:46:31,620] {dag.py:2935} INFO - Setting next_dagrun for tutorial_etl_dag to None
[2023-10-15 17:46:31,625] {processor.py:171} INFO - Processing /Users/namyoung/Desktop/myprj/airflow/airflow/lib/python3.7/site-packages/airflow/example_dags/tutorial_etl_dag.py took 0.032 seconds
[2023-10-15 19:03:30,763] {processor.py:163} INFO - Started process (PID=27565) to work on /Users/namyoung/Desktop/myprj/airflow/airflow/lib/python3.7/site-packages/airflow/example_dags/tutorial_etl_dag.py
[2023-10-15 19:03:30,764] {processor.py:642} INFO - Processing file /Users/namyoung/Desktop/myprj/airflow/airflow/lib/python3.7/site-packages/airflow/example_dags/tutorial_etl_dag.py for tasks to queue
[2023-10-15 19:03:30,766] {logging_mixin.py:109} INFO - [2023-10-15 19:03:30,765] {dagbag.py:500} INFO - Filling up the DagBag from /Users/namyoung/Desktop/myprj/airflow/airflow/lib/python3.7/site-packages/airflow/example_dags/tutorial_etl_dag.py
[2023-10-15 19:03:30,792] {processor.py:654} INFO - DAG(s) dict_keys(['tutorial_etl_dag']) retrieved from /Users/namyoung/Desktop/myprj/airflow/airflow/lib/python3.7/site-packages/airflow/example_dags/tutorial_etl_dag.py
[2023-10-15 19:03:30,800] {logging_mixin.py:109} INFO - [2023-10-15 19:03:30,800] {dag.py:2396} INFO - Sync 1 DAGs
[2023-10-15 19:03:30,808] {logging_mixin.py:109} INFO - [2023-10-15 19:03:30,808] {dag.py:2935} INFO - Setting next_dagrun for tutorial_etl_dag to None
[2023-10-15 19:03:30,815] {processor.py:171} INFO - Processing /Users/namyoung/Desktop/myprj/airflow/airflow/lib/python3.7/site-packages/airflow/example_dags/tutorial_etl_dag.py took 0.058 seconds
[2023-10-15 20:42:10,456] {processor.py:163} INFO - Started process (PID=27827) to work on /Users/namyoung/Desktop/myprj/airflow/airflow/lib/python3.7/site-packages/airflow/example_dags/tutorial_etl_dag.py
[2023-10-15 20:42:10,459] {processor.py:642} INFO - Processing file /Users/namyoung/Desktop/myprj/airflow/airflow/lib/python3.7/site-packages/airflow/example_dags/tutorial_etl_dag.py for tasks to queue
[2023-10-15 20:42:10,460] {logging_mixin.py:109} INFO - [2023-10-15 20:42:10,460] {dagbag.py:500} INFO - Filling up the DagBag from /Users/namyoung/Desktop/myprj/airflow/airflow/lib/python3.7/site-packages/airflow/example_dags/tutorial_etl_dag.py
[2023-10-15 20:42:10,488] {processor.py:654} INFO - DAG(s) dict_keys(['tutorial_etl_dag']) retrieved from /Users/namyoung/Desktop/myprj/airflow/airflow/lib/python3.7/site-packages/airflow/example_dags/tutorial_etl_dag.py
[2023-10-15 20:42:10,496] {logging_mixin.py:109} INFO - [2023-10-15 20:42:10,496] {dag.py:2396} INFO - Sync 1 DAGs
[2023-10-15 20:42:10,505] {logging_mixin.py:109} INFO - [2023-10-15 20:42:10,505] {dag.py:2935} INFO - Setting next_dagrun for tutorial_etl_dag to None
[2023-10-15 20:42:10,510] {processor.py:171} INFO - Processing /Users/namyoung/Desktop/myprj/airflow/airflow/lib/python3.7/site-packages/airflow/example_dags/tutorial_etl_dag.py took 0.060 seconds
[2023-10-15 22:36:41,107] {processor.py:163} INFO - Started process (PID=27973) to work on /Users/namyoung/Desktop/myprj/airflow/airflow/lib/python3.7/site-packages/airflow/example_dags/tutorial_etl_dag.py
[2023-10-15 22:36:41,109] {processor.py:642} INFO - Processing file /Users/namyoung/Desktop/myprj/airflow/airflow/lib/python3.7/site-packages/airflow/example_dags/tutorial_etl_dag.py for tasks to queue
[2023-10-15 22:36:41,110] {logging_mixin.py:109} INFO - [2023-10-15 22:36:41,110] {dagbag.py:500} INFO - Filling up the DagBag from /Users/namyoung/Desktop/myprj/airflow/airflow/lib/python3.7/site-packages/airflow/example_dags/tutorial_etl_dag.py
[2023-10-15 22:36:41,132] {processor.py:654} INFO - DAG(s) dict_keys(['tutorial_etl_dag']) retrieved from /Users/namyoung/Desktop/myprj/airflow/airflow/lib/python3.7/site-packages/airflow/example_dags/tutorial_etl_dag.py
[2023-10-15 22:36:41,139] {logging_mixin.py:109} INFO - [2023-10-15 22:36:41,139] {dag.py:2396} INFO - Sync 1 DAGs
[2023-10-15 22:36:41,149] {logging_mixin.py:109} INFO - [2023-10-15 22:36:41,149] {dag.py:2935} INFO - Setting next_dagrun for tutorial_etl_dag to None
[2023-10-15 22:36:41,167] {processor.py:171} INFO - Processing /Users/namyoung/Desktop/myprj/airflow/airflow/lib/python3.7/site-packages/airflow/example_dags/tutorial_etl_dag.py took 0.064 seconds
[2023-10-16 00:15:28,456] {processor.py:163} INFO - Started process (PID=28251) to work on /Users/namyoung/Desktop/myprj/airflow/airflow/lib/python3.7/site-packages/airflow/example_dags/tutorial_etl_dag.py
[2023-10-16 00:15:28,457] {processor.py:642} INFO - Processing file /Users/namyoung/Desktop/myprj/airflow/airflow/lib/python3.7/site-packages/airflow/example_dags/tutorial_etl_dag.py for tasks to queue
[2023-10-16 00:15:28,458] {logging_mixin.py:109} INFO - [2023-10-16 00:15:28,458] {dagbag.py:500} INFO - Filling up the DagBag from /Users/namyoung/Desktop/myprj/airflow/airflow/lib/python3.7/site-packages/airflow/example_dags/tutorial_etl_dag.py
[2023-10-16 00:15:28,471] {processor.py:654} INFO - DAG(s) dict_keys(['tutorial_etl_dag']) retrieved from /Users/namyoung/Desktop/myprj/airflow/airflow/lib/python3.7/site-packages/airflow/example_dags/tutorial_etl_dag.py
[2023-10-16 00:15:28,477] {logging_mixin.py:109} INFO - [2023-10-16 00:15:28,477] {dag.py:2396} INFO - Sync 1 DAGs
[2023-10-16 00:15:28,484] {logging_mixin.py:109} INFO - [2023-10-16 00:15:28,484] {dag.py:2935} INFO - Setting next_dagrun for tutorial_etl_dag to None
[2023-10-16 00:15:28,490] {processor.py:171} INFO - Processing /Users/namyoung/Desktop/myprj/airflow/airflow/lib/python3.7/site-packages/airflow/example_dags/tutorial_etl_dag.py took 0.036 seconds
[2023-10-16 01:55:36,454] {processor.py:163} INFO - Started process (PID=28508) to work on /Users/namyoung/Desktop/myprj/airflow/airflow/lib/python3.7/site-packages/airflow/example_dags/tutorial_etl_dag.py
[2023-10-16 01:55:36,455] {processor.py:642} INFO - Processing file /Users/namyoung/Desktop/myprj/airflow/airflow/lib/python3.7/site-packages/airflow/example_dags/tutorial_etl_dag.py for tasks to queue
[2023-10-16 01:55:36,455] {logging_mixin.py:109} INFO - [2023-10-16 01:55:36,455] {dagbag.py:500} INFO - Filling up the DagBag from /Users/namyoung/Desktop/myprj/airflow/airflow/lib/python3.7/site-packages/airflow/example_dags/tutorial_etl_dag.py
[2023-10-16 01:55:36,467] {processor.py:654} INFO - DAG(s) dict_keys(['tutorial_etl_dag']) retrieved from /Users/namyoung/Desktop/myprj/airflow/airflow/lib/python3.7/site-packages/airflow/example_dags/tutorial_etl_dag.py
[2023-10-16 01:55:36,474] {logging_mixin.py:109} INFO - [2023-10-16 01:55:36,474] {dag.py:2396} INFO - Sync 1 DAGs
[2023-10-16 01:55:36,481] {logging_mixin.py:109} INFO - [2023-10-16 01:55:36,481] {dag.py:2935} INFO - Setting next_dagrun for tutorial_etl_dag to None
[2023-10-16 01:55:36,488] {processor.py:171} INFO - Processing /Users/namyoung/Desktop/myprj/airflow/airflow/lib/python3.7/site-packages/airflow/example_dags/tutorial_etl_dag.py took 0.036 seconds
[2023-10-16 03:17:50,737] {processor.py:163} INFO - Started process (PID=28633) to work on /Users/namyoung/Desktop/myprj/airflow/airflow/lib/python3.7/site-packages/airflow/example_dags/tutorial_etl_dag.py
[2023-10-16 03:17:50,739] {processor.py:642} INFO - Processing file /Users/namyoung/Desktop/myprj/airflow/airflow/lib/python3.7/site-packages/airflow/example_dags/tutorial_etl_dag.py for tasks to queue
[2023-10-16 03:17:50,740] {logging_mixin.py:109} INFO - [2023-10-16 03:17:50,740] {dagbag.py:500} INFO - Filling up the DagBag from /Users/namyoung/Desktop/myprj/airflow/airflow/lib/python3.7/site-packages/airflow/example_dags/tutorial_etl_dag.py
[2023-10-16 03:17:50,763] {processor.py:654} INFO - DAG(s) dict_keys(['tutorial_etl_dag']) retrieved from /Users/namyoung/Desktop/myprj/airflow/airflow/lib/python3.7/site-packages/airflow/example_dags/tutorial_etl_dag.py
[2023-10-16 03:17:50,771] {logging_mixin.py:109} INFO - [2023-10-16 03:17:50,771] {dag.py:2396} INFO - Sync 1 DAGs
[2023-10-16 03:17:50,780] {logging_mixin.py:109} INFO - [2023-10-16 03:17:50,780] {dag.py:2935} INFO - Setting next_dagrun for tutorial_etl_dag to None
[2023-10-16 03:17:50,786] {processor.py:171} INFO - Processing /Users/namyoung/Desktop/myprj/airflow/airflow/lib/python3.7/site-packages/airflow/example_dags/tutorial_etl_dag.py took 0.054 seconds
[2023-10-16 04:40:58,895] {processor.py:163} INFO - Started process (PID=28835) to work on /Users/namyoung/Desktop/myprj/airflow/airflow/lib/python3.7/site-packages/airflow/example_dags/tutorial_etl_dag.py
[2023-10-16 04:40:58,897] {processor.py:642} INFO - Processing file /Users/namyoung/Desktop/myprj/airflow/airflow/lib/python3.7/site-packages/airflow/example_dags/tutorial_etl_dag.py for tasks to queue
[2023-10-16 04:40:58,898] {logging_mixin.py:109} INFO - [2023-10-16 04:40:58,898] {dagbag.py:500} INFO - Filling up the DagBag from /Users/namyoung/Desktop/myprj/airflow/airflow/lib/python3.7/site-packages/airflow/example_dags/tutorial_etl_dag.py
[2023-10-16 04:40:58,921] {processor.py:654} INFO - DAG(s) dict_keys(['tutorial_etl_dag']) retrieved from /Users/namyoung/Desktop/myprj/airflow/airflow/lib/python3.7/site-packages/airflow/example_dags/tutorial_etl_dag.py
[2023-10-16 04:40:58,929] {logging_mixin.py:109} INFO - [2023-10-16 04:40:58,929] {dag.py:2396} INFO - Sync 1 DAGs
[2023-10-16 04:40:58,938] {logging_mixin.py:109} INFO - [2023-10-16 04:40:58,938] {dag.py:2935} INFO - Setting next_dagrun for tutorial_etl_dag to None
[2023-10-16 04:40:58,944] {processor.py:171} INFO - Processing /Users/namyoung/Desktop/myprj/airflow/airflow/lib/python3.7/site-packages/airflow/example_dags/tutorial_etl_dag.py took 0.054 seconds
[2023-10-16 06:34:43,135] {processor.py:163} INFO - Started process (PID=29016) to work on /Users/namyoung/Desktop/myprj/airflow/airflow/lib/python3.7/site-packages/airflow/example_dags/tutorial_etl_dag.py
[2023-10-16 06:34:43,136] {processor.py:642} INFO - Processing file /Users/namyoung/Desktop/myprj/airflow/airflow/lib/python3.7/site-packages/airflow/example_dags/tutorial_etl_dag.py for tasks to queue
[2023-10-16 06:34:43,137] {logging_mixin.py:109} INFO - [2023-10-16 06:34:43,137] {dagbag.py:500} INFO - Filling up the DagBag from /Users/namyoung/Desktop/myprj/airflow/airflow/lib/python3.7/site-packages/airflow/example_dags/tutorial_etl_dag.py
[2023-10-16 06:34:43,159] {processor.py:654} INFO - DAG(s) dict_keys(['tutorial_etl_dag']) retrieved from /Users/namyoung/Desktop/myprj/airflow/airflow/lib/python3.7/site-packages/airflow/example_dags/tutorial_etl_dag.py
[2023-10-16 06:34:43,167] {logging_mixin.py:109} INFO - [2023-10-16 06:34:43,167] {dag.py:2396} INFO - Sync 1 DAGs
[2023-10-16 06:34:43,176] {logging_mixin.py:109} INFO - [2023-10-16 06:34:43,176] {dag.py:2935} INFO - Setting next_dagrun for tutorial_etl_dag to None
[2023-10-16 06:34:43,184] {processor.py:171} INFO - Processing /Users/namyoung/Desktop/myprj/airflow/airflow/lib/python3.7/site-packages/airflow/example_dags/tutorial_etl_dag.py took 0.054 seconds
[2023-10-16 07:56:46,921] {processor.py:163} INFO - Started process (PID=29235) to work on /Users/namyoung/Desktop/myprj/airflow/airflow/lib/python3.7/site-packages/airflow/example_dags/tutorial_etl_dag.py
[2023-10-16 07:56:46,923] {processor.py:642} INFO - Processing file /Users/namyoung/Desktop/myprj/airflow/airflow/lib/python3.7/site-packages/airflow/example_dags/tutorial_etl_dag.py for tasks to queue
[2023-10-16 07:56:46,924] {logging_mixin.py:109} INFO - [2023-10-16 07:56:46,924] {dagbag.py:500} INFO - Filling up the DagBag from /Users/namyoung/Desktop/myprj/airflow/airflow/lib/python3.7/site-packages/airflow/example_dags/tutorial_etl_dag.py
[2023-10-16 07:56:46,947] {processor.py:654} INFO - DAG(s) dict_keys(['tutorial_etl_dag']) retrieved from /Users/namyoung/Desktop/myprj/airflow/airflow/lib/python3.7/site-packages/airflow/example_dags/tutorial_etl_dag.py
[2023-10-16 07:56:46,955] {logging_mixin.py:109} INFO - [2023-10-16 07:56:46,955] {dag.py:2396} INFO - Sync 1 DAGs
[2023-10-16 07:56:46,965] {logging_mixin.py:109} INFO - [2023-10-16 07:56:46,965] {dag.py:2935} INFO - Setting next_dagrun for tutorial_etl_dag to None
[2023-10-16 07:56:46,971] {processor.py:171} INFO - Processing /Users/namyoung/Desktop/myprj/airflow/airflow/lib/python3.7/site-packages/airflow/example_dags/tutorial_etl_dag.py took 0.054 seconds
