[2023-10-15 10:52:05,982] {processor.py:163} INFO - Started process (PID=26613) to work on /Users/namyoung/Desktop/myprj/airflow/airflow/lib/python3.7/site-packages/airflow/example_dags/tutorial_taskflow_api_etl.py
[2023-10-15 10:52:05,984] {processor.py:642} INFO - Processing file /Users/namyoung/Desktop/myprj/airflow/airflow/lib/python3.7/site-packages/airflow/example_dags/tutorial_taskflow_api_etl.py for tasks to queue
[2023-10-15 10:52:05,985] {logging_mixin.py:109} INFO - [2023-10-15 10:52:05,985] {dagbag.py:500} INFO - Filling up the DagBag from /Users/namyoung/Desktop/myprj/airflow/airflow/lib/python3.7/site-packages/airflow/example_dags/tutorial_taskflow_api_etl.py
[2023-10-15 10:52:06,012] {processor.py:654} INFO - DAG(s) dict_keys(['tutorial_taskflow_api_etl']) retrieved from /Users/namyoung/Desktop/myprj/airflow/airflow/lib/python3.7/site-packages/airflow/example_dags/tutorial_taskflow_api_etl.py
[2023-10-15 10:52:06,134] {logging_mixin.py:109} INFO - [2023-10-15 10:52:06,134] {dag.py:2396} INFO - Sync 1 DAGs
[2023-10-15 10:52:06,140] {logging_mixin.py:109} INFO - [2023-10-15 10:52:06,140] {dag.py:2935} INFO - Setting next_dagrun for tutorial_taskflow_api_etl to None
[2023-10-15 10:52:06,146] {processor.py:171} INFO - Processing /Users/namyoung/Desktop/myprj/airflow/airflow/lib/python3.7/site-packages/airflow/example_dags/tutorial_taskflow_api_etl.py took 0.169 seconds
[2023-10-15 12:49:00,777] {processor.py:163} INFO - Started process (PID=26762) to work on /Users/namyoung/Desktop/myprj/airflow/airflow/lib/python3.7/site-packages/airflow/example_dags/tutorial_taskflow_api_etl.py
[2023-10-15 12:49:00,778] {processor.py:642} INFO - Processing file /Users/namyoung/Desktop/myprj/airflow/airflow/lib/python3.7/site-packages/airflow/example_dags/tutorial_taskflow_api_etl.py for tasks to queue
[2023-10-15 12:49:00,779] {logging_mixin.py:109} INFO - [2023-10-15 12:49:00,779] {dagbag.py:500} INFO - Filling up the DagBag from /Users/namyoung/Desktop/myprj/airflow/airflow/lib/python3.7/site-packages/airflow/example_dags/tutorial_taskflow_api_etl.py
[2023-10-15 12:49:00,795] {processor.py:654} INFO - DAG(s) dict_keys(['tutorial_taskflow_api_etl']) retrieved from /Users/namyoung/Desktop/myprj/airflow/airflow/lib/python3.7/site-packages/airflow/example_dags/tutorial_taskflow_api_etl.py
[2023-10-15 12:49:00,915] {logging_mixin.py:109} INFO - [2023-10-15 12:49:00,915] {dag.py:2396} INFO - Sync 1 DAGs
[2023-10-15 12:49:00,921] {logging_mixin.py:109} INFO - [2023-10-15 12:49:00,921] {dag.py:2935} INFO - Setting next_dagrun for tutorial_taskflow_api_etl to None
[2023-10-15 12:49:00,926] {processor.py:171} INFO - Processing /Users/namyoung/Desktop/myprj/airflow/airflow/lib/python3.7/site-packages/airflow/example_dags/tutorial_taskflow_api_etl.py took 0.152 seconds
[2023-10-15 14:29:47,695] {processor.py:163} INFO - Started process (PID=27024) to work on /Users/namyoung/Desktop/myprj/airflow/airflow/lib/python3.7/site-packages/airflow/example_dags/tutorial_taskflow_api_etl.py
[2023-10-15 14:29:47,696] {processor.py:642} INFO - Processing file /Users/namyoung/Desktop/myprj/airflow/airflow/lib/python3.7/site-packages/airflow/example_dags/tutorial_taskflow_api_etl.py for tasks to queue
[2023-10-15 14:29:47,697] {logging_mixin.py:109} INFO - [2023-10-15 14:29:47,697] {dagbag.py:500} INFO - Filling up the DagBag from /Users/namyoung/Desktop/myprj/airflow/airflow/lib/python3.7/site-packages/airflow/example_dags/tutorial_taskflow_api_etl.py
[2023-10-15 14:29:47,714] {processor.py:654} INFO - DAG(s) dict_keys(['tutorial_taskflow_api_etl']) retrieved from /Users/namyoung/Desktop/myprj/airflow/airflow/lib/python3.7/site-packages/airflow/example_dags/tutorial_taskflow_api_etl.py
[2023-10-15 14:29:47,856] {logging_mixin.py:109} INFO - [2023-10-15 14:29:47,856] {dag.py:2396} INFO - Sync 1 DAGs
[2023-10-15 14:29:47,864] {logging_mixin.py:109} INFO - [2023-10-15 14:29:47,864] {dag.py:2935} INFO - Setting next_dagrun for tutorial_taskflow_api_etl to None
[2023-10-15 14:29:47,872] {processor.py:171} INFO - Processing /Users/namyoung/Desktop/myprj/airflow/airflow/lib/python3.7/site-packages/airflow/example_dags/tutorial_taskflow_api_etl.py took 0.180 seconds
[2023-10-15 16:11:05,549] {processor.py:163} INFO - Started process (PID=27189) to work on /Users/namyoung/Desktop/myprj/airflow/airflow/lib/python3.7/site-packages/airflow/example_dags/tutorial_taskflow_api_etl.py
[2023-10-15 16:11:05,550] {processor.py:642} INFO - Processing file /Users/namyoung/Desktop/myprj/airflow/airflow/lib/python3.7/site-packages/airflow/example_dags/tutorial_taskflow_api_etl.py for tasks to queue
[2023-10-15 16:11:05,550] {logging_mixin.py:109} INFO - [2023-10-15 16:11:05,550] {dagbag.py:500} INFO - Filling up the DagBag from /Users/namyoung/Desktop/myprj/airflow/airflow/lib/python3.7/site-packages/airflow/example_dags/tutorial_taskflow_api_etl.py
[2023-10-15 16:11:05,569] {processor.py:654} INFO - DAG(s) dict_keys(['tutorial_taskflow_api_etl']) retrieved from /Users/namyoung/Desktop/myprj/airflow/airflow/lib/python3.7/site-packages/airflow/example_dags/tutorial_taskflow_api_etl.py
[2023-10-15 16:11:05,727] {logging_mixin.py:109} INFO - [2023-10-15 16:11:05,726] {dag.py:2396} INFO - Sync 1 DAGs
[2023-10-15 16:11:05,734] {logging_mixin.py:109} INFO - [2023-10-15 16:11:05,733] {dag.py:2935} INFO - Setting next_dagrun for tutorial_taskflow_api_etl to None
[2023-10-15 16:11:05,742] {processor.py:171} INFO - Processing /Users/namyoung/Desktop/myprj/airflow/airflow/lib/python3.7/site-packages/airflow/example_dags/tutorial_taskflow_api_etl.py took 0.196 seconds
[2023-10-15 17:29:34,310] {processor.py:163} INFO - Started process (PID=27421) to work on /Users/namyoung/Desktop/myprj/airflow/airflow/lib/python3.7/site-packages/airflow/example_dags/tutorial_taskflow_api_etl.py
[2023-10-15 17:29:34,312] {processor.py:642} INFO - Processing file /Users/namyoung/Desktop/myprj/airflow/airflow/lib/python3.7/site-packages/airflow/example_dags/tutorial_taskflow_api_etl.py for tasks to queue
[2023-10-15 17:29:34,313] {logging_mixin.py:109} INFO - [2023-10-15 17:29:34,312] {dagbag.py:500} INFO - Filling up the DagBag from /Users/namyoung/Desktop/myprj/airflow/airflow/lib/python3.7/site-packages/airflow/example_dags/tutorial_taskflow_api_etl.py
[2023-10-15 17:29:34,336] {processor.py:654} INFO - DAG(s) dict_keys(['tutorial_taskflow_api_etl']) retrieved from /Users/namyoung/Desktop/myprj/airflow/airflow/lib/python3.7/site-packages/airflow/example_dags/tutorial_taskflow_api_etl.py
[2023-10-15 17:46:30,425] {logging_mixin.py:109} INFO - [2023-10-15 17:46:30,424] {dag.py:2396} INFO - Sync 1 DAGs
[2023-10-15 17:46:30,434] {logging_mixin.py:109} INFO - [2023-10-15 17:46:30,434] {dag.py:2935} INFO - Setting next_dagrun for tutorial_taskflow_api_etl to None
[2023-10-15 17:46:30,442] {processor.py:171} INFO - Processing /Users/namyoung/Desktop/myprj/airflow/airflow/lib/python3.7/site-packages/airflow/example_dags/tutorial_taskflow_api_etl.py took 0.480 seconds
[2023-10-15 19:03:29,496] {processor.py:163} INFO - Started process (PID=27563) to work on /Users/namyoung/Desktop/myprj/airflow/airflow/lib/python3.7/site-packages/airflow/example_dags/tutorial_taskflow_api_etl.py
[2023-10-15 19:03:29,498] {processor.py:642} INFO - Processing file /Users/namyoung/Desktop/myprj/airflow/airflow/lib/python3.7/site-packages/airflow/example_dags/tutorial_taskflow_api_etl.py for tasks to queue
[2023-10-15 19:03:29,500] {logging_mixin.py:109} INFO - [2023-10-15 19:03:29,499] {dagbag.py:500} INFO - Filling up the DagBag from /Users/namyoung/Desktop/myprj/airflow/airflow/lib/python3.7/site-packages/airflow/example_dags/tutorial_taskflow_api_etl.py
[2023-10-15 19:03:29,527] {processor.py:654} INFO - DAG(s) dict_keys(['tutorial_taskflow_api_etl']) retrieved from /Users/namyoung/Desktop/myprj/airflow/airflow/lib/python3.7/site-packages/airflow/example_dags/tutorial_taskflow_api_etl.py
[2023-10-15 19:03:29,654] {logging_mixin.py:109} INFO - [2023-10-15 19:03:29,654] {dag.py:2396} INFO - Sync 1 DAGs
[2023-10-15 19:03:29,661] {logging_mixin.py:109} INFO - [2023-10-15 19:03:29,660] {dag.py:2935} INFO - Setting next_dagrun for tutorial_taskflow_api_etl to None
[2023-10-15 19:03:29,666] {processor.py:171} INFO - Processing /Users/namyoung/Desktop/myprj/airflow/airflow/lib/python3.7/site-packages/airflow/example_dags/tutorial_taskflow_api_etl.py took 0.175 seconds
[2023-10-15 20:42:09,186] {processor.py:163} INFO - Started process (PID=27826) to work on /Users/namyoung/Desktop/myprj/airflow/airflow/lib/python3.7/site-packages/airflow/example_dags/tutorial_taskflow_api_etl.py
[2023-10-15 20:42:09,187] {processor.py:642} INFO - Processing file /Users/namyoung/Desktop/myprj/airflow/airflow/lib/python3.7/site-packages/airflow/example_dags/tutorial_taskflow_api_etl.py for tasks to queue
[2023-10-15 20:42:09,188] {logging_mixin.py:109} INFO - [2023-10-15 20:42:09,187] {dagbag.py:500} INFO - Filling up the DagBag from /Users/namyoung/Desktop/myprj/airflow/airflow/lib/python3.7/site-packages/airflow/example_dags/tutorial_taskflow_api_etl.py
[2023-10-15 20:42:09,201] {processor.py:654} INFO - DAG(s) dict_keys(['tutorial_taskflow_api_etl']) retrieved from /Users/namyoung/Desktop/myprj/airflow/airflow/lib/python3.7/site-packages/airflow/example_dags/tutorial_taskflow_api_etl.py
[2023-10-15 20:42:09,330] {logging_mixin.py:109} INFO - [2023-10-15 20:42:09,330] {dag.py:2396} INFO - Sync 1 DAGs
[2023-10-15 20:42:09,368] {logging_mixin.py:109} INFO - [2023-10-15 20:42:09,368] {dag.py:2935} INFO - Setting next_dagrun for tutorial_taskflow_api_etl to None
[2023-10-15 20:42:09,374] {processor.py:171} INFO - Processing /Users/namyoung/Desktop/myprj/airflow/airflow/lib/python3.7/site-packages/airflow/example_dags/tutorial_taskflow_api_etl.py took 0.190 seconds
[2023-10-15 22:21:06,883] {processor.py:163} INFO - Started process (PID=27968) to work on /Users/namyoung/Desktop/myprj/airflow/airflow/lib/python3.7/site-packages/airflow/example_dags/tutorial_taskflow_api_etl.py
[2023-10-15 22:21:06,885] {processor.py:642} INFO - Processing file /Users/namyoung/Desktop/myprj/airflow/airflow/lib/python3.7/site-packages/airflow/example_dags/tutorial_taskflow_api_etl.py for tasks to queue
[2023-10-15 22:21:06,886] {logging_mixin.py:109} INFO - [2023-10-15 22:21:06,885] {dagbag.py:500} INFO - Filling up the DagBag from /Users/namyoung/Desktop/myprj/airflow/airflow/lib/python3.7/site-packages/airflow/example_dags/tutorial_taskflow_api_etl.py
[2023-10-15 22:21:06,913] {processor.py:654} INFO - DAG(s) dict_keys(['tutorial_taskflow_api_etl']) retrieved from /Users/namyoung/Desktop/myprj/airflow/airflow/lib/python3.7/site-packages/airflow/example_dags/tutorial_taskflow_api_etl.py
[2023-10-15 22:21:07,032] {logging_mixin.py:109} INFO - [2023-10-15 22:21:07,032] {dag.py:2396} INFO - Sync 1 DAGs
[2023-10-15 22:21:07,038] {logging_mixin.py:109} INFO - [2023-10-15 22:21:07,038] {dag.py:2935} INFO - Setting next_dagrun for tutorial_taskflow_api_etl to None
[2023-10-15 22:21:07,044] {processor.py:171} INFO - Processing /Users/namyoung/Desktop/myprj/airflow/airflow/lib/python3.7/site-packages/airflow/example_dags/tutorial_taskflow_api_etl.py took 0.166 seconds
[2023-10-15 23:57:39,280] {processor.py:163} INFO - Started process (PID=28237) to work on /Users/namyoung/Desktop/myprj/airflow/airflow/lib/python3.7/site-packages/airflow/example_dags/tutorial_taskflow_api_etl.py
[2023-10-15 23:57:39,282] {processor.py:642} INFO - Processing file /Users/namyoung/Desktop/myprj/airflow/airflow/lib/python3.7/site-packages/airflow/example_dags/tutorial_taskflow_api_etl.py for tasks to queue
[2023-10-15 23:57:39,283] {logging_mixin.py:109} INFO - [2023-10-15 23:57:39,282] {dagbag.py:500} INFO - Filling up the DagBag from /Users/namyoung/Desktop/myprj/airflow/airflow/lib/python3.7/site-packages/airflow/example_dags/tutorial_taskflow_api_etl.py
[2023-10-15 23:57:39,305] {processor.py:654} INFO - DAG(s) dict_keys(['tutorial_taskflow_api_etl']) retrieved from /Users/namyoung/Desktop/myprj/airflow/airflow/lib/python3.7/site-packages/airflow/example_dags/tutorial_taskflow_api_etl.py
[2023-10-16 00:15:27,322] {logging_mixin.py:109} INFO - [2023-10-16 00:15:27,322] {dag.py:2396} INFO - Sync 1 DAGs
[2023-10-16 00:15:27,328] {logging_mixin.py:109} INFO - [2023-10-16 00:15:27,328] {dag.py:2935} INFO - Setting next_dagrun for tutorial_taskflow_api_etl to None
[2023-10-16 00:15:27,334] {processor.py:171} INFO - Processing /Users/namyoung/Desktop/myprj/airflow/airflow/lib/python3.7/site-packages/airflow/example_dags/tutorial_taskflow_api_etl.py took 0.428 seconds
[2023-10-16 01:55:35,206] {processor.py:163} INFO - Started process (PID=28498) to work on /Users/namyoung/Desktop/myprj/airflow/airflow/lib/python3.7/site-packages/airflow/example_dags/tutorial_taskflow_api_etl.py
[2023-10-16 01:55:35,208] {processor.py:642} INFO - Processing file /Users/namyoung/Desktop/myprj/airflow/airflow/lib/python3.7/site-packages/airflow/example_dags/tutorial_taskflow_api_etl.py for tasks to queue
[2023-10-16 01:55:35,209] {logging_mixin.py:109} INFO - [2023-10-16 01:55:35,209] {dagbag.py:500} INFO - Filling up the DagBag from /Users/namyoung/Desktop/myprj/airflow/airflow/lib/python3.7/site-packages/airflow/example_dags/tutorial_taskflow_api_etl.py
[2023-10-16 01:55:35,233] {processor.py:654} INFO - DAG(s) dict_keys(['tutorial_taskflow_api_etl']) retrieved from /Users/namyoung/Desktop/myprj/airflow/airflow/lib/python3.7/site-packages/airflow/example_dags/tutorial_taskflow_api_etl.py
[2023-10-16 01:55:35,370] {logging_mixin.py:109} INFO - [2023-10-16 01:55:35,369] {dag.py:2396} INFO - Sync 1 DAGs
[2023-10-16 01:55:35,377] {logging_mixin.py:109} INFO - [2023-10-16 01:55:35,376] {dag.py:2935} INFO - Setting next_dagrun for tutorial_taskflow_api_etl to None
[2023-10-16 01:55:35,384] {processor.py:171} INFO - Processing /Users/namyoung/Desktop/myprj/airflow/airflow/lib/python3.7/site-packages/airflow/example_dags/tutorial_taskflow_api_etl.py took 0.182 seconds
[2023-10-16 03:17:50,209] {processor.py:163} INFO - Started process (PID=28632) to work on /Users/namyoung/Desktop/myprj/airflow/airflow/lib/python3.7/site-packages/airflow/example_dags/tutorial_taskflow_api_etl.py
[2023-10-16 03:17:50,211] {processor.py:642} INFO - Processing file /Users/namyoung/Desktop/myprj/airflow/airflow/lib/python3.7/site-packages/airflow/example_dags/tutorial_taskflow_api_etl.py for tasks to queue
[2023-10-16 03:17:50,211] {logging_mixin.py:109} INFO - [2023-10-16 03:17:50,211] {dagbag.py:500} INFO - Filling up the DagBag from /Users/namyoung/Desktop/myprj/airflow/airflow/lib/python3.7/site-packages/airflow/example_dags/tutorial_taskflow_api_etl.py
[2023-10-16 03:17:50,228] {processor.py:654} INFO - DAG(s) dict_keys(['tutorial_taskflow_api_etl']) retrieved from /Users/namyoung/Desktop/myprj/airflow/airflow/lib/python3.7/site-packages/airflow/example_dags/tutorial_taskflow_api_etl.py
[2023-10-16 03:17:50,360] {logging_mixin.py:109} INFO - [2023-10-16 03:17:50,359] {dag.py:2396} INFO - Sync 1 DAGs
[2023-10-16 03:17:50,397] {logging_mixin.py:109} INFO - [2023-10-16 03:17:50,397] {dag.py:2935} INFO - Setting next_dagrun for tutorial_taskflow_api_etl to None
[2023-10-16 03:17:50,403] {processor.py:171} INFO - Processing /Users/namyoung/Desktop/myprj/airflow/airflow/lib/python3.7/site-packages/airflow/example_dags/tutorial_taskflow_api_etl.py took 0.197 seconds
[2023-10-16 04:40:58,282] {processor.py:163} INFO - Started process (PID=28792) to work on /Users/namyoung/Desktop/myprj/airflow/airflow/lib/python3.7/site-packages/airflow/example_dags/tutorial_taskflow_api_etl.py
[2023-10-16 04:40:58,283] {processor.py:642} INFO - Processing file /Users/namyoung/Desktop/myprj/airflow/airflow/lib/python3.7/site-packages/airflow/example_dags/tutorial_taskflow_api_etl.py for tasks to queue
[2023-10-16 04:40:58,283] {logging_mixin.py:109} INFO - [2023-10-16 04:40:58,283] {dagbag.py:500} INFO - Filling up the DagBag from /Users/namyoung/Desktop/myprj/airflow/airflow/lib/python3.7/site-packages/airflow/example_dags/tutorial_taskflow_api_etl.py
[2023-10-16 04:40:58,297] {processor.py:654} INFO - DAG(s) dict_keys(['tutorial_taskflow_api_etl']) retrieved from /Users/namyoung/Desktop/myprj/airflow/airflow/lib/python3.7/site-packages/airflow/example_dags/tutorial_taskflow_api_etl.py
[2023-10-16 04:40:58,424] {logging_mixin.py:109} INFO - [2023-10-16 04:40:58,424] {dag.py:2396} INFO - Sync 1 DAGs
[2023-10-16 04:40:58,430] {logging_mixin.py:109} INFO - [2023-10-16 04:40:58,430] {dag.py:2935} INFO - Setting next_dagrun for tutorial_taskflow_api_etl to None
[2023-10-16 04:40:58,436] {processor.py:171} INFO - Processing /Users/namyoung/Desktop/myprj/airflow/airflow/lib/python3.7/site-packages/airflow/example_dags/tutorial_taskflow_api_etl.py took 0.156 seconds
[2023-10-16 06:17:53,292] {processor.py:163} INFO - Started process (PID=29013) to work on /Users/namyoung/Desktop/myprj/airflow/airflow/lib/python3.7/site-packages/airflow/example_dags/tutorial_taskflow_api_etl.py
[2023-10-16 06:17:53,293] {processor.py:642} INFO - Processing file /Users/namyoung/Desktop/myprj/airflow/airflow/lib/python3.7/site-packages/airflow/example_dags/tutorial_taskflow_api_etl.py for tasks to queue
[2023-10-16 06:17:53,293] {logging_mixin.py:109} INFO - [2023-10-16 06:17:53,293] {dagbag.py:500} INFO - Filling up the DagBag from /Users/namyoung/Desktop/myprj/airflow/airflow/lib/python3.7/site-packages/airflow/example_dags/tutorial_taskflow_api_etl.py
[2023-10-16 06:17:53,308] {processor.py:654} INFO - DAG(s) dict_keys(['tutorial_taskflow_api_etl']) retrieved from /Users/namyoung/Desktop/myprj/airflow/airflow/lib/python3.7/site-packages/airflow/example_dags/tutorial_taskflow_api_etl.py
[2023-10-16 06:17:53,432] {logging_mixin.py:109} INFO - [2023-10-16 06:17:53,431] {dag.py:2396} INFO - Sync 1 DAGs
[2023-10-16 06:17:53,438] {logging_mixin.py:109} INFO - [2023-10-16 06:17:53,438] {dag.py:2935} INFO - Setting next_dagrun for tutorial_taskflow_api_etl to None
[2023-10-16 06:17:53,443] {processor.py:171} INFO - Processing /Users/namyoung/Desktop/myprj/airflow/airflow/lib/python3.7/site-packages/airflow/example_dags/tutorial_taskflow_api_etl.py took 0.155 seconds
[2023-10-16 07:56:45,662] {processor.py:163} INFO - Started process (PID=29162) to work on /Users/namyoung/Desktop/myprj/airflow/airflow/lib/python3.7/site-packages/airflow/example_dags/tutorial_taskflow_api_etl.py
[2023-10-16 07:56:45,664] {processor.py:642} INFO - Processing file /Users/namyoung/Desktop/myprj/airflow/airflow/lib/python3.7/site-packages/airflow/example_dags/tutorial_taskflow_api_etl.py for tasks to queue
[2023-10-16 07:56:45,665] {logging_mixin.py:109} INFO - [2023-10-16 07:56:45,665] {dagbag.py:500} INFO - Filling up the DagBag from /Users/namyoung/Desktop/myprj/airflow/airflow/lib/python3.7/site-packages/airflow/example_dags/tutorial_taskflow_api_etl.py
[2023-10-16 07:56:45,690] {processor.py:654} INFO - DAG(s) dict_keys(['tutorial_taskflow_api_etl']) retrieved from /Users/namyoung/Desktop/myprj/airflow/airflow/lib/python3.7/site-packages/airflow/example_dags/tutorial_taskflow_api_etl.py
[2023-10-16 07:56:45,818] {logging_mixin.py:109} INFO - [2023-10-16 07:56:45,818] {dag.py:2396} INFO - Sync 1 DAGs
[2023-10-16 07:56:45,825] {logging_mixin.py:109} INFO - [2023-10-16 07:56:45,824] {dag.py:2935} INFO - Setting next_dagrun for tutorial_taskflow_api_etl to None
[2023-10-16 07:56:45,830] {processor.py:171} INFO - Processing /Users/namyoung/Desktop/myprj/airflow/airflow/lib/python3.7/site-packages/airflow/example_dags/tutorial_taskflow_api_etl.py took 0.173 seconds
