[2023-10-17 10:07:21,342] {processor.py:163} INFO - Started process (PID=32669) to work on /Users/namyoung/Desktop/myprj/airflow/airflow/lib/python3.7/site-packages/airflow/example_dags/example_branch_python_dop_operator_3.py
[2023-10-17 10:07:21,344] {processor.py:642} INFO - Processing file /Users/namyoung/Desktop/myprj/airflow/airflow/lib/python3.7/site-packages/airflow/example_dags/example_branch_python_dop_operator_3.py for tasks to queue
[2023-10-17 10:07:21,345] {logging_mixin.py:109} INFO - [2023-10-17 10:07:21,345] {dagbag.py:500} INFO - Filling up the DagBag from /Users/namyoung/Desktop/myprj/airflow/airflow/lib/python3.7/site-packages/airflow/example_dags/example_branch_python_dop_operator_3.py
[2023-10-17 10:07:21,360] {processor.py:654} INFO - DAG(s) dict_keys(['example_branch_dop_operator_v3']) retrieved from /Users/namyoung/Desktop/myprj/airflow/airflow/lib/python3.7/site-packages/airflow/example_dags/example_branch_python_dop_operator_3.py
[2023-10-17 10:07:21,365] {logging_mixin.py:109} INFO - [2023-10-17 10:07:21,365] {dag.py:2396} INFO - Sync 1 DAGs
[2023-10-17 10:22:33,642] {logging_mixin.py:109} INFO - [2023-10-17 10:22:33,641] {dag.py:2935} INFO - Setting next_dagrun for example_branch_dop_operator_v3 to 2023-10-17T01:21:00+00:00
[2023-10-17 10:22:33,776] {processor.py:171} INFO - Processing /Users/namyoung/Desktop/myprj/airflow/airflow/lib/python3.7/site-packages/airflow/example_dags/example_branch_python_dop_operator_3.py took 0.394 seconds
[2023-10-17 12:06:00,028] {processor.py:163} INFO - Started process (PID=32899) to work on /Users/namyoung/Desktop/myprj/airflow/airflow/lib/python3.7/site-packages/airflow/example_dags/example_branch_python_dop_operator_3.py
[2023-10-17 12:06:00,029] {processor.py:642} INFO - Processing file /Users/namyoung/Desktop/myprj/airflow/airflow/lib/python3.7/site-packages/airflow/example_dags/example_branch_python_dop_operator_3.py for tasks to queue
[2023-10-17 12:06:00,030] {logging_mixin.py:109} INFO - [2023-10-17 12:06:00,030] {dagbag.py:500} INFO - Filling up the DagBag from /Users/namyoung/Desktop/myprj/airflow/airflow/lib/python3.7/site-packages/airflow/example_dags/example_branch_python_dop_operator_3.py
[2023-10-17 12:06:00,043] {processor.py:654} INFO - DAG(s) dict_keys(['example_branch_dop_operator_v3']) retrieved from /Users/namyoung/Desktop/myprj/airflow/airflow/lib/python3.7/site-packages/airflow/example_dags/example_branch_python_dop_operator_3.py
[2023-10-17 12:06:00,049] {logging_mixin.py:109} INFO - [2023-10-17 12:06:00,049] {dag.py:2396} INFO - Sync 1 DAGs
[2023-10-17 12:06:00,059] {logging_mixin.py:109} INFO - [2023-10-17 12:06:00,059] {dag.py:2935} INFO - Setting next_dagrun for example_branch_dop_operator_v3 to 2023-10-17T03:05:00+00:00
[2023-10-17 12:06:00,065] {processor.py:171} INFO - Processing /Users/namyoung/Desktop/myprj/airflow/airflow/lib/python3.7/site-packages/airflow/example_dags/example_branch_python_dop_operator_3.py took 0.039 seconds
[2023-10-17 15:29:35,843] {processor.py:163} INFO - Started process (PID=33256) to work on /Users/namyoung/Desktop/myprj/airflow/airflow/lib/python3.7/site-packages/airflow/example_dags/example_branch_python_dop_operator_3.py
[2023-10-17 15:29:35,843] {processor.py:642} INFO - Processing file /Users/namyoung/Desktop/myprj/airflow/airflow/lib/python3.7/site-packages/airflow/example_dags/example_branch_python_dop_operator_3.py for tasks to queue
[2023-10-17 15:29:35,844] {logging_mixin.py:109} INFO - [2023-10-17 15:29:35,844] {dagbag.py:500} INFO - Filling up the DagBag from /Users/namyoung/Desktop/myprj/airflow/airflow/lib/python3.7/site-packages/airflow/example_dags/example_branch_python_dop_operator_3.py
[2023-10-17 15:29:35,857] {processor.py:654} INFO - DAG(s) dict_keys(['example_branch_dop_operator_v3']) retrieved from /Users/namyoung/Desktop/myprj/airflow/airflow/lib/python3.7/site-packages/airflow/example_dags/example_branch_python_dop_operator_3.py
[2023-10-17 15:29:35,864] {logging_mixin.py:109} INFO - [2023-10-17 15:29:35,864] {dag.py:2396} INFO - Sync 1 DAGs
[2023-10-17 15:29:35,874] {logging_mixin.py:109} INFO - [2023-10-17 15:29:35,874] {dag.py:2935} INFO - Setting next_dagrun for example_branch_dop_operator_v3 to 2023-10-17T06:28:00+00:00
[2023-10-17 15:29:35,880] {processor.py:171} INFO - Processing /Users/namyoung/Desktop/myprj/airflow/airflow/lib/python3.7/site-packages/airflow/example_dags/example_branch_python_dop_operator_3.py took 0.039 seconds
[2023-10-17 18:49:20,839] {processor.py:163} INFO - Started process (PID=33579) to work on /Users/namyoung/Desktop/myprj/airflow/airflow/lib/python3.7/site-packages/airflow/example_dags/example_branch_python_dop_operator_3.py
[2023-10-17 18:49:20,841] {processor.py:642} INFO - Processing file /Users/namyoung/Desktop/myprj/airflow/airflow/lib/python3.7/site-packages/airflow/example_dags/example_branch_python_dop_operator_3.py for tasks to queue
[2023-10-17 18:49:20,842] {logging_mixin.py:109} INFO - [2023-10-17 18:49:20,842] {dagbag.py:500} INFO - Filling up the DagBag from /Users/namyoung/Desktop/myprj/airflow/airflow/lib/python3.7/site-packages/airflow/example_dags/example_branch_python_dop_operator_3.py
[2023-10-17 18:49:20,863] {processor.py:654} INFO - DAG(s) dict_keys(['example_branch_dop_operator_v3']) retrieved from /Users/namyoung/Desktop/myprj/airflow/airflow/lib/python3.7/site-packages/airflow/example_dags/example_branch_python_dop_operator_3.py
[2023-10-17 18:49:20,869] {logging_mixin.py:109} INFO - [2023-10-17 18:49:20,868] {dag.py:2396} INFO - Sync 1 DAGs
[2023-10-17 18:49:20,878] {logging_mixin.py:109} INFO - [2023-10-17 18:49:20,878] {dag.py:2935} INFO - Setting next_dagrun for example_branch_dop_operator_v3 to 2023-10-17T09:48:00+00:00
[2023-10-17 18:49:20,883] {processor.py:171} INFO - Processing /Users/namyoung/Desktop/myprj/airflow/airflow/lib/python3.7/site-packages/airflow/example_dags/example_branch_python_dop_operator_3.py took 0.049 seconds
[2023-10-17 20:55:22,398] {processor.py:163} INFO - Started process (PID=33727) to work on /Users/namyoung/Desktop/myprj/airflow/airflow/lib/python3.7/site-packages/airflow/example_dags/example_branch_python_dop_operator_3.py
[2023-10-17 20:55:22,399] {processor.py:642} INFO - Processing file /Users/namyoung/Desktop/myprj/airflow/airflow/lib/python3.7/site-packages/airflow/example_dags/example_branch_python_dop_operator_3.py for tasks to queue
[2023-10-17 20:55:22,399] {logging_mixin.py:109} INFO - [2023-10-17 20:55:22,399] {dagbag.py:500} INFO - Filling up the DagBag from /Users/namyoung/Desktop/myprj/airflow/airflow/lib/python3.7/site-packages/airflow/example_dags/example_branch_python_dop_operator_3.py
[2023-10-17 20:55:22,415] {processor.py:654} INFO - DAG(s) dict_keys(['example_branch_dop_operator_v3']) retrieved from /Users/namyoung/Desktop/myprj/airflow/airflow/lib/python3.7/site-packages/airflow/example_dags/example_branch_python_dop_operator_3.py
[2023-10-17 20:55:22,422] {logging_mixin.py:109} INFO - [2023-10-17 20:55:22,421] {dag.py:2396} INFO - Sync 1 DAGs
[2023-10-17 20:55:22,433] {logging_mixin.py:109} INFO - [2023-10-17 20:55:22,433] {dag.py:2935} INFO - Setting next_dagrun for example_branch_dop_operator_v3 to 2023-10-17T11:54:00+00:00
[2023-10-17 20:55:22,439] {processor.py:171} INFO - Processing /Users/namyoung/Desktop/myprj/airflow/airflow/lib/python3.7/site-packages/airflow/example_dags/example_branch_python_dop_operator_3.py took 0.043 seconds
[2023-10-18 00:01:39,766] {processor.py:163} INFO - Started process (PID=34038) to work on /Users/namyoung/Desktop/myprj/airflow/airflow/lib/python3.7/site-packages/airflow/example_dags/example_branch_python_dop_operator_3.py
[2023-10-18 00:01:39,767] {processor.py:642} INFO - Processing file /Users/namyoung/Desktop/myprj/airflow/airflow/lib/python3.7/site-packages/airflow/example_dags/example_branch_python_dop_operator_3.py for tasks to queue
[2023-10-18 00:01:39,767] {logging_mixin.py:109} INFO - [2023-10-18 00:01:39,767] {dagbag.py:500} INFO - Filling up the DagBag from /Users/namyoung/Desktop/myprj/airflow/airflow/lib/python3.7/site-packages/airflow/example_dags/example_branch_python_dop_operator_3.py
[2023-10-18 00:01:39,782] {processor.py:654} INFO - DAG(s) dict_keys(['example_branch_dop_operator_v3']) retrieved from /Users/namyoung/Desktop/myprj/airflow/airflow/lib/python3.7/site-packages/airflow/example_dags/example_branch_python_dop_operator_3.py
[2023-10-18 00:01:39,787] {logging_mixin.py:109} INFO - [2023-10-18 00:01:39,787] {dag.py:2396} INFO - Sync 1 DAGs
[2023-10-18 00:01:39,797] {logging_mixin.py:109} INFO - [2023-10-18 00:01:39,797] {dag.py:2935} INFO - Setting next_dagrun for example_branch_dop_operator_v3 to 2023-10-17T15:00:00+00:00
[2023-10-18 00:01:39,804] {processor.py:171} INFO - Processing /Users/namyoung/Desktop/myprj/airflow/airflow/lib/python3.7/site-packages/airflow/example_dags/example_branch_python_dop_operator_3.py took 0.040 seconds
[2023-10-18 03:28:25,323] {processor.py:163} INFO - Started process (PID=34370) to work on /Users/namyoung/Desktop/myprj/airflow/airflow/lib/python3.7/site-packages/airflow/example_dags/example_branch_python_dop_operator_3.py
[2023-10-18 03:28:25,325] {processor.py:642} INFO - Processing file /Users/namyoung/Desktop/myprj/airflow/airflow/lib/python3.7/site-packages/airflow/example_dags/example_branch_python_dop_operator_3.py for tasks to queue
[2023-10-18 03:28:25,326] {logging_mixin.py:109} INFO - [2023-10-18 03:28:25,326] {dagbag.py:500} INFO - Filling up the DagBag from /Users/namyoung/Desktop/myprj/airflow/airflow/lib/python3.7/site-packages/airflow/example_dags/example_branch_python_dop_operator_3.py
[2023-10-18 03:28:25,353] {processor.py:654} INFO - DAG(s) dict_keys(['example_branch_dop_operator_v3']) retrieved from /Users/namyoung/Desktop/myprj/airflow/airflow/lib/python3.7/site-packages/airflow/example_dags/example_branch_python_dop_operator_3.py
[2023-10-18 03:28:25,361] {logging_mixin.py:109} INFO - [2023-10-18 03:28:25,361] {dag.py:2396} INFO - Sync 1 DAGs
[2023-10-18 03:28:25,372] {logging_mixin.py:109} INFO - [2023-10-18 03:28:25,372] {dag.py:2935} INFO - Setting next_dagrun for example_branch_dop_operator_v3 to 2023-10-17T18:27:00+00:00
[2023-10-18 03:28:25,378] {processor.py:171} INFO - Processing /Users/namyoung/Desktop/myprj/airflow/airflow/lib/python3.7/site-packages/airflow/example_dags/example_branch_python_dop_operator_3.py took 0.060 seconds
[2023-10-18 08:27:25,408] {processor.py:163} INFO - Started process (PID=34922) to work on /Users/namyoung/Desktop/myprj/airflow/airflow/lib/python3.7/site-packages/airflow/example_dags/example_branch_python_dop_operator_3.py
[2023-10-18 08:27:25,410] {processor.py:642} INFO - Processing file /Users/namyoung/Desktop/myprj/airflow/airflow/lib/python3.7/site-packages/airflow/example_dags/example_branch_python_dop_operator_3.py for tasks to queue
[2023-10-18 08:27:25,411] {logging_mixin.py:109} INFO - [2023-10-18 08:27:25,410] {dagbag.py:500} INFO - Filling up the DagBag from /Users/namyoung/Desktop/myprj/airflow/airflow/lib/python3.7/site-packages/airflow/example_dags/example_branch_python_dop_operator_3.py
[2023-10-18 08:27:25,437] {processor.py:654} INFO - DAG(s) dict_keys(['example_branch_dop_operator_v3']) retrieved from /Users/namyoung/Desktop/myprj/airflow/airflow/lib/python3.7/site-packages/airflow/example_dags/example_branch_python_dop_operator_3.py
[2023-10-18 08:27:25,447] {logging_mixin.py:109} INFO - [2023-10-18 08:27:25,447] {dag.py:2396} INFO - Sync 1 DAGs
[2023-10-18 08:27:25,459] {logging_mixin.py:109} INFO - [2023-10-18 08:27:25,458] {dag.py:2935} INFO - Setting next_dagrun for example_branch_dop_operator_v3 to 2023-10-17T23:26:00+00:00
[2023-10-18 08:27:25,464] {processor.py:171} INFO - Processing /Users/namyoung/Desktop/myprj/airflow/airflow/lib/python3.7/site-packages/airflow/example_dags/example_branch_python_dop_operator_3.py took 0.062 seconds
[2023-10-18 08:27:58,633] {processor.py:163} INFO - Started process (PID=35098) to work on /Users/namyoung/Desktop/myprj/airflow/airflow/lib/python3.7/site-packages/airflow/example_dags/example_branch_python_dop_operator_3.py
[2023-10-18 08:27:58,634] {processor.py:642} INFO - Processing file /Users/namyoung/Desktop/myprj/airflow/airflow/lib/python3.7/site-packages/airflow/example_dags/example_branch_python_dop_operator_3.py for tasks to queue
[2023-10-18 08:27:58,635] {logging_mixin.py:109} INFO - [2023-10-18 08:27:58,635] {dagbag.py:500} INFO - Filling up the DagBag from /Users/namyoung/Desktop/myprj/airflow/airflow/lib/python3.7/site-packages/airflow/example_dags/example_branch_python_dop_operator_3.py
[2023-10-18 08:27:58,659] {processor.py:654} INFO - DAG(s) dict_keys(['example_branch_dop_operator_v3']) retrieved from /Users/namyoung/Desktop/myprj/airflow/airflow/lib/python3.7/site-packages/airflow/example_dags/example_branch_python_dop_operator_3.py
[2023-10-18 08:27:58,667] {logging_mixin.py:109} INFO - [2023-10-18 08:27:58,667] {dag.py:2396} INFO - Sync 1 DAGs
[2023-10-18 08:27:58,678] {logging_mixin.py:109} INFO - [2023-10-18 08:27:58,678] {dag.py:2935} INFO - Setting next_dagrun for example_branch_dop_operator_v3 to 2023-10-17T23:26:00+00:00
[2023-10-18 08:27:58,684] {processor.py:171} INFO - Processing /Users/namyoung/Desktop/myprj/airflow/airflow/lib/python3.7/site-packages/airflow/example_dags/example_branch_python_dop_operator_3.py took 0.056 seconds
[2023-10-18 08:28:30,111] {processor.py:163} INFO - Started process (PID=35306) to work on /Users/namyoung/Desktop/myprj/airflow/airflow/lib/python3.7/site-packages/airflow/example_dags/example_branch_python_dop_operator_3.py
[2023-10-18 08:28:30,112] {processor.py:642} INFO - Processing file /Users/namyoung/Desktop/myprj/airflow/airflow/lib/python3.7/site-packages/airflow/example_dags/example_branch_python_dop_operator_3.py for tasks to queue
[2023-10-18 08:28:30,112] {logging_mixin.py:109} INFO - [2023-10-18 08:28:30,112] {dagbag.py:500} INFO - Filling up the DagBag from /Users/namyoung/Desktop/myprj/airflow/airflow/lib/python3.7/site-packages/airflow/example_dags/example_branch_python_dop_operator_3.py
[2023-10-18 08:28:30,126] {processor.py:654} INFO - DAG(s) dict_keys(['example_branch_dop_operator_v3']) retrieved from /Users/namyoung/Desktop/myprj/airflow/airflow/lib/python3.7/site-packages/airflow/example_dags/example_branch_python_dop_operator_3.py
[2023-10-18 08:28:30,131] {logging_mixin.py:109} INFO - [2023-10-18 08:28:30,131] {dag.py:2396} INFO - Sync 1 DAGs
[2023-10-18 08:28:30,140] {logging_mixin.py:109} INFO - [2023-10-18 08:28:30,140] {dag.py:2935} INFO - Setting next_dagrun for example_branch_dop_operator_v3 to 2023-10-17T23:27:00+00:00
[2023-10-18 08:28:30,145] {processor.py:171} INFO - Processing /Users/namyoung/Desktop/myprj/airflow/airflow/lib/python3.7/site-packages/airflow/example_dags/example_branch_python_dop_operator_3.py took 0.037 seconds
[2023-10-18 08:29:02,611] {processor.py:163} INFO - Started process (PID=35386) to work on /Users/namyoung/Desktop/myprj/airflow/airflow/lib/python3.7/site-packages/airflow/example_dags/example_branch_python_dop_operator_3.py
[2023-10-18 08:29:02,612] {processor.py:642} INFO - Processing file /Users/namyoung/Desktop/myprj/airflow/airflow/lib/python3.7/site-packages/airflow/example_dags/example_branch_python_dop_operator_3.py for tasks to queue
[2023-10-18 08:29:02,613] {logging_mixin.py:109} INFO - [2023-10-18 08:29:02,613] {dagbag.py:500} INFO - Filling up the DagBag from /Users/namyoung/Desktop/myprj/airflow/airflow/lib/python3.7/site-packages/airflow/example_dags/example_branch_python_dop_operator_3.py
[2023-10-18 08:29:02,637] {processor.py:654} INFO - DAG(s) dict_keys(['example_branch_dop_operator_v3']) retrieved from /Users/namyoung/Desktop/myprj/airflow/airflow/lib/python3.7/site-packages/airflow/example_dags/example_branch_python_dop_operator_3.py
[2023-10-18 08:29:02,646] {logging_mixin.py:109} INFO - [2023-10-18 08:29:02,646] {dag.py:2396} INFO - Sync 1 DAGs
[2023-10-18 08:29:02,658] {logging_mixin.py:109} INFO - [2023-10-18 08:29:02,657] {dag.py:2935} INFO - Setting next_dagrun for example_branch_dop_operator_v3 to 2023-10-17T23:28:00+00:00
[2023-10-18 08:29:02,663] {processor.py:171} INFO - Processing /Users/namyoung/Desktop/myprj/airflow/airflow/lib/python3.7/site-packages/airflow/example_dags/example_branch_python_dop_operator_3.py took 0.057 seconds
[2023-10-18 08:29:37,387] {processor.py:163} INFO - Started process (PID=35440) to work on /Users/namyoung/Desktop/myprj/airflow/airflow/lib/python3.7/site-packages/airflow/example_dags/example_branch_python_dop_operator_3.py
[2023-10-18 08:29:37,389] {processor.py:642} INFO - Processing file /Users/namyoung/Desktop/myprj/airflow/airflow/lib/python3.7/site-packages/airflow/example_dags/example_branch_python_dop_operator_3.py for tasks to queue
[2023-10-18 08:29:37,390] {logging_mixin.py:109} INFO - [2023-10-18 08:29:37,390] {dagbag.py:500} INFO - Filling up the DagBag from /Users/namyoung/Desktop/myprj/airflow/airflow/lib/python3.7/site-packages/airflow/example_dags/example_branch_python_dop_operator_3.py
[2023-10-18 08:29:37,417] {processor.py:654} INFO - DAG(s) dict_keys(['example_branch_dop_operator_v3']) retrieved from /Users/namyoung/Desktop/myprj/airflow/airflow/lib/python3.7/site-packages/airflow/example_dags/example_branch_python_dop_operator_3.py
[2023-10-18 08:29:37,425] {logging_mixin.py:109} INFO - [2023-10-18 08:29:37,424] {dag.py:2396} INFO - Sync 1 DAGs
[2023-10-18 08:29:37,437] {logging_mixin.py:109} INFO - [2023-10-18 08:29:37,436] {dag.py:2935} INFO - Setting next_dagrun for example_branch_dop_operator_v3 to 2023-10-17T23:28:00+00:00
[2023-10-18 08:29:37,442] {processor.py:171} INFO - Processing /Users/namyoung/Desktop/myprj/airflow/airflow/lib/python3.7/site-packages/airflow/example_dags/example_branch_python_dop_operator_3.py took 0.060 seconds
