[2023-10-17 11:02:22,248] {processor.py:163} INFO - Started process (PID=32738) to work on /Users/namyoung/Desktop/myprj/airflow/airflow/lib/python3.7/site-packages/airflow/example_dags/example_xcom.py
[2023-10-17 11:02:22,248] {processor.py:642} INFO - Processing file /Users/namyoung/Desktop/myprj/airflow/airflow/lib/python3.7/site-packages/airflow/example_dags/example_xcom.py for tasks to queue
[2023-10-17 11:02:22,249] {logging_mixin.py:109} INFO - [2023-10-17 11:02:22,249] {dagbag.py:500} INFO - Filling up the DagBag from /Users/namyoung/Desktop/myprj/airflow/airflow/lib/python3.7/site-packages/airflow/example_dags/example_xcom.py
[2023-10-17 11:02:22,265] {processor.py:654} INFO - DAG(s) dict_keys(['example_xcom']) retrieved from /Users/namyoung/Desktop/myprj/airflow/airflow/lib/python3.7/site-packages/airflow/example_dags/example_xcom.py
[2023-10-17 11:02:22,400] {logging_mixin.py:109} INFO - [2023-10-17 11:02:22,400] {dag.py:2396} INFO - Sync 1 DAGs
[2023-10-17 11:02:22,408] {logging_mixin.py:109} INFO - [2023-10-17 11:02:22,407] {dag.py:2935} INFO - Setting next_dagrun for example_xcom to 2021-01-01T00:00:00+00:00
[2023-10-17 11:02:22,446] {processor.py:171} INFO - Processing /Users/namyoung/Desktop/myprj/airflow/airflow/lib/python3.7/site-packages/airflow/example_dags/example_xcom.py took 0.200 seconds
[2023-10-17 13:29:18,665] {processor.py:163} INFO - Started process (PID=33007) to work on /Users/namyoung/Desktop/myprj/airflow/airflow/lib/python3.7/site-packages/airflow/example_dags/example_xcom.py
[2023-10-17 13:29:18,666] {processor.py:642} INFO - Processing file /Users/namyoung/Desktop/myprj/airflow/airflow/lib/python3.7/site-packages/airflow/example_dags/example_xcom.py for tasks to queue
[2023-10-17 13:29:18,667] {logging_mixin.py:109} INFO - [2023-10-17 13:29:18,667] {dagbag.py:500} INFO - Filling up the DagBag from /Users/namyoung/Desktop/myprj/airflow/airflow/lib/python3.7/site-packages/airflow/example_dags/example_xcom.py
[2023-10-17 13:29:18,697] {processor.py:654} INFO - DAG(s) dict_keys(['example_xcom']) retrieved from /Users/namyoung/Desktop/myprj/airflow/airflow/lib/python3.7/site-packages/airflow/example_dags/example_xcom.py
[2023-10-17 13:29:18,907] {logging_mixin.py:109} INFO - [2023-10-17 13:29:18,907] {dag.py:2396} INFO - Sync 1 DAGs
[2023-10-17 13:29:18,914] {logging_mixin.py:109} INFO - [2023-10-17 13:29:18,913] {dag.py:2935} INFO - Setting next_dagrun for example_xcom to 2021-01-01T00:00:00+00:00
[2023-10-17 13:29:18,920] {processor.py:171} INFO - Processing /Users/namyoung/Desktop/myprj/airflow/airflow/lib/python3.7/site-packages/airflow/example_dags/example_xcom.py took 0.261 seconds
[2023-10-17 16:37:49,030] {processor.py:163} INFO - Started process (PID=33326) to work on /Users/namyoung/Desktop/myprj/airflow/airflow/lib/python3.7/site-packages/airflow/example_dags/example_xcom.py
[2023-10-17 16:37:49,031] {processor.py:642} INFO - Processing file /Users/namyoung/Desktop/myprj/airflow/airflow/lib/python3.7/site-packages/airflow/example_dags/example_xcom.py for tasks to queue
[2023-10-17 16:37:49,031] {logging_mixin.py:109} INFO - [2023-10-17 16:37:49,031] {dagbag.py:500} INFO - Filling up the DagBag from /Users/namyoung/Desktop/myprj/airflow/airflow/lib/python3.7/site-packages/airflow/example_dags/example_xcom.py
[2023-10-17 16:37:49,052] {processor.py:654} INFO - DAG(s) dict_keys(['example_xcom']) retrieved from /Users/namyoung/Desktop/myprj/airflow/airflow/lib/python3.7/site-packages/airflow/example_dags/example_xcom.py
[2023-10-17 16:37:49,209] {logging_mixin.py:109} INFO - [2023-10-17 16:37:49,209] {dag.py:2396} INFO - Sync 1 DAGs
[2023-10-17 16:37:49,219] {logging_mixin.py:109} INFO - [2023-10-17 16:37:49,219] {dag.py:2935} INFO - Setting next_dagrun for example_xcom to 2021-01-01T00:00:00+00:00
[2023-10-17 16:54:21,556] {processor.py:171} INFO - Processing /Users/namyoung/Desktop/myprj/airflow/airflow/lib/python3.7/site-packages/airflow/example_dags/example_xcom.py took 0.522 seconds
[2023-10-17 19:15:30,304] {processor.py:163} INFO - Started process (PID=33629) to work on /Users/namyoung/Desktop/myprj/airflow/airflow/lib/python3.7/site-packages/airflow/example_dags/example_xcom.py
[2023-10-17 19:15:30,305] {processor.py:642} INFO - Processing file /Users/namyoung/Desktop/myprj/airflow/airflow/lib/python3.7/site-packages/airflow/example_dags/example_xcom.py for tasks to queue
[2023-10-17 19:15:30,306] {logging_mixin.py:109} INFO - [2023-10-17 19:15:30,306] {dagbag.py:500} INFO - Filling up the DagBag from /Users/namyoung/Desktop/myprj/airflow/airflow/lib/python3.7/site-packages/airflow/example_dags/example_xcom.py
[2023-10-17 19:15:30,336] {processor.py:654} INFO - DAG(s) dict_keys(['example_xcom']) retrieved from /Users/namyoung/Desktop/myprj/airflow/airflow/lib/python3.7/site-packages/airflow/example_dags/example_xcom.py
[2023-10-17 19:15:30,488] {logging_mixin.py:109} INFO - [2023-10-17 19:15:30,488] {dag.py:2396} INFO - Sync 1 DAGs
[2023-10-17 19:15:30,494] {logging_mixin.py:109} INFO - [2023-10-17 19:15:30,494] {dag.py:2935} INFO - Setting next_dagrun for example_xcom to 2021-01-01T00:00:00+00:00
[2023-10-17 19:15:30,499] {processor.py:171} INFO - Processing /Users/namyoung/Desktop/myprj/airflow/airflow/lib/python3.7/site-packages/airflow/example_dags/example_xcom.py took 0.200 seconds
[2023-10-17 22:05:13,567] {processor.py:163} INFO - Started process (PID=33924) to work on /Users/namyoung/Desktop/myprj/airflow/airflow/lib/python3.7/site-packages/airflow/example_dags/example_xcom.py
[2023-10-17 22:05:13,568] {processor.py:642} INFO - Processing file /Users/namyoung/Desktop/myprj/airflow/airflow/lib/python3.7/site-packages/airflow/example_dags/example_xcom.py for tasks to queue
[2023-10-17 22:05:13,568] {logging_mixin.py:109} INFO - [2023-10-17 22:05:13,568] {dagbag.py:500} INFO - Filling up the DagBag from /Users/namyoung/Desktop/myprj/airflow/airflow/lib/python3.7/site-packages/airflow/example_dags/example_xcom.py
[2023-10-17 22:05:13,583] {processor.py:654} INFO - DAG(s) dict_keys(['example_xcom']) retrieved from /Users/namyoung/Desktop/myprj/airflow/airflow/lib/python3.7/site-packages/airflow/example_dags/example_xcom.py
[2023-10-17 22:05:13,711] {logging_mixin.py:109} INFO - [2023-10-17 22:05:13,710] {dag.py:2396} INFO - Sync 1 DAGs
[2023-10-17 22:05:13,717] {logging_mixin.py:109} INFO - [2023-10-17 22:05:13,717] {dag.py:2935} INFO - Setting next_dagrun for example_xcom to 2021-01-01T00:00:00+00:00
[2023-10-17 22:05:13,722] {processor.py:171} INFO - Processing /Users/namyoung/Desktop/myprj/airflow/airflow/lib/python3.7/site-packages/airflow/example_dags/example_xcom.py took 0.157 seconds
[2023-10-18 01:43:04,939] {processor.py:163} INFO - Started process (PID=34255) to work on /Users/namyoung/Desktop/myprj/airflow/airflow/lib/python3.7/site-packages/airflow/example_dags/example_xcom.py
[2023-10-18 01:43:04,939] {processor.py:642} INFO - Processing file /Users/namyoung/Desktop/myprj/airflow/airflow/lib/python3.7/site-packages/airflow/example_dags/example_xcom.py for tasks to queue
[2023-10-18 01:43:04,940] {logging_mixin.py:109} INFO - [2023-10-18 01:43:04,940] {dagbag.py:500} INFO - Filling up the DagBag from /Users/namyoung/Desktop/myprj/airflow/airflow/lib/python3.7/site-packages/airflow/example_dags/example_xcom.py
[2023-10-18 01:43:04,954] {processor.py:654} INFO - DAG(s) dict_keys(['example_xcom']) retrieved from /Users/namyoung/Desktop/myprj/airflow/airflow/lib/python3.7/site-packages/airflow/example_dags/example_xcom.py
[2023-10-18 01:43:05,114] {logging_mixin.py:109} INFO - [2023-10-18 01:43:05,114] {dag.py:2396} INFO - Sync 1 DAGs
[2023-10-18 01:43:05,120] {logging_mixin.py:109} INFO - [2023-10-18 01:43:05,120] {dag.py:2935} INFO - Setting next_dagrun for example_xcom to 2021-01-01T00:00:00+00:00
[2023-10-18 01:43:05,126] {processor.py:171} INFO - Processing /Users/namyoung/Desktop/myprj/airflow/airflow/lib/python3.7/site-packages/airflow/example_dags/example_xcom.py took 0.189 seconds
[2023-10-18 04:04:15,351] {processor.py:163} INFO - Started process (PID=34494) to work on /Users/namyoung/Desktop/myprj/airflow/airflow/lib/python3.7/site-packages/airflow/example_dags/example_xcom.py
[2023-10-18 04:04:15,351] {processor.py:642} INFO - Processing file /Users/namyoung/Desktop/myprj/airflow/airflow/lib/python3.7/site-packages/airflow/example_dags/example_xcom.py for tasks to queue
[2023-10-18 04:04:15,352] {logging_mixin.py:109} INFO - [2023-10-18 04:04:15,352] {dagbag.py:500} INFO - Filling up the DagBag from /Users/namyoung/Desktop/myprj/airflow/airflow/lib/python3.7/site-packages/airflow/example_dags/example_xcom.py
[2023-10-18 04:04:15,367] {processor.py:654} INFO - DAG(s) dict_keys(['example_xcom']) retrieved from /Users/namyoung/Desktop/myprj/airflow/airflow/lib/python3.7/site-packages/airflow/example_dags/example_xcom.py
[2023-10-18 04:04:15,495] {logging_mixin.py:109} INFO - [2023-10-18 04:04:15,495] {dag.py:2396} INFO - Sync 1 DAGs
[2023-10-18 04:04:15,502] {logging_mixin.py:109} INFO - [2023-10-18 04:04:15,502] {dag.py:2935} INFO - Setting next_dagrun for example_xcom to 2021-01-01T00:00:00+00:00
[2023-10-18 04:04:15,509] {processor.py:171} INFO - Processing /Users/namyoung/Desktop/myprj/airflow/airflow/lib/python3.7/site-packages/airflow/example_dags/example_xcom.py took 0.160 seconds
[2023-10-18 06:49:43,624] {processor.py:163} INFO - Started process (PID=34694) to work on /Users/namyoung/Desktop/myprj/airflow/airflow/lib/python3.7/site-packages/airflow/example_dags/example_xcom.py
[2023-10-18 06:49:43,625] {processor.py:642} INFO - Processing file /Users/namyoung/Desktop/myprj/airflow/airflow/lib/python3.7/site-packages/airflow/example_dags/example_xcom.py for tasks to queue
[2023-10-18 06:49:43,625] {logging_mixin.py:109} INFO - [2023-10-18 06:49:43,625] {dagbag.py:500} INFO - Filling up the DagBag from /Users/namyoung/Desktop/myprj/airflow/airflow/lib/python3.7/site-packages/airflow/example_dags/example_xcom.py
[2023-10-18 06:49:43,640] {processor.py:654} INFO - DAG(s) dict_keys(['example_xcom']) retrieved from /Users/namyoung/Desktop/myprj/airflow/airflow/lib/python3.7/site-packages/airflow/example_dags/example_xcom.py
[2023-10-18 06:49:43,785] {logging_mixin.py:109} INFO - [2023-10-18 06:49:43,785] {dag.py:2396} INFO - Sync 1 DAGs
[2023-10-18 06:49:43,824] {logging_mixin.py:109} INFO - [2023-10-18 06:49:43,824] {dag.py:2935} INFO - Setting next_dagrun for example_xcom to 2021-01-01T00:00:00+00:00
[2023-10-18 06:49:43,829] {processor.py:171} INFO - Processing /Users/namyoung/Desktop/myprj/airflow/airflow/lib/python3.7/site-packages/airflow/example_dags/example_xcom.py took 0.207 seconds
[2023-10-18 08:27:39,285] {processor.py:163} INFO - Started process (PID=34983) to work on /Users/namyoung/Desktop/myprj/airflow/airflow/lib/python3.7/site-packages/airflow/example_dags/example_xcom.py
[2023-10-18 08:27:39,286] {processor.py:642} INFO - Processing file /Users/namyoung/Desktop/myprj/airflow/airflow/lib/python3.7/site-packages/airflow/example_dags/example_xcom.py for tasks to queue
[2023-10-18 08:27:39,287] {logging_mixin.py:109} INFO - [2023-10-18 08:27:39,287] {dagbag.py:500} INFO - Filling up the DagBag from /Users/namyoung/Desktop/myprj/airflow/airflow/lib/python3.7/site-packages/airflow/example_dags/example_xcom.py
[2023-10-18 08:27:39,313] {processor.py:654} INFO - DAG(s) dict_keys(['example_xcom']) retrieved from /Users/namyoung/Desktop/myprj/airflow/airflow/lib/python3.7/site-packages/airflow/example_dags/example_xcom.py
[2023-10-18 08:27:39,478] {logging_mixin.py:109} INFO - [2023-10-18 08:27:39,478] {dag.py:2396} INFO - Sync 1 DAGs
[2023-10-18 08:27:39,484] {logging_mixin.py:109} INFO - [2023-10-18 08:27:39,483] {dag.py:2935} INFO - Setting next_dagrun for example_xcom to 2021-01-01T00:00:00+00:00
[2023-10-18 08:27:39,489] {processor.py:171} INFO - Processing /Users/namyoung/Desktop/myprj/airflow/airflow/lib/python3.7/site-packages/airflow/example_dags/example_xcom.py took 0.209 seconds
[2023-10-18 08:28:11,826] {processor.py:163} INFO - Started process (PID=35133) to work on /Users/namyoung/Desktop/myprj/airflow/airflow/lib/python3.7/site-packages/airflow/example_dags/example_xcom.py
[2023-10-18 08:28:11,827] {processor.py:642} INFO - Processing file /Users/namyoung/Desktop/myprj/airflow/airflow/lib/python3.7/site-packages/airflow/example_dags/example_xcom.py for tasks to queue
[2023-10-18 08:28:11,827] {logging_mixin.py:109} INFO - [2023-10-18 08:28:11,827] {dagbag.py:500} INFO - Filling up the DagBag from /Users/namyoung/Desktop/myprj/airflow/airflow/lib/python3.7/site-packages/airflow/example_dags/example_xcom.py
[2023-10-18 08:28:11,849] {processor.py:654} INFO - DAG(s) dict_keys(['example_xcom']) retrieved from /Users/namyoung/Desktop/myprj/airflow/airflow/lib/python3.7/site-packages/airflow/example_dags/example_xcom.py
[2023-10-18 08:28:12,021] {logging_mixin.py:109} INFO - [2023-10-18 08:28:12,021] {dag.py:2396} INFO - Sync 1 DAGs
[2023-10-18 08:28:12,028] {logging_mixin.py:109} INFO - [2023-10-18 08:28:12,028] {dag.py:2935} INFO - Setting next_dagrun for example_xcom to 2021-01-01T00:00:00+00:00
[2023-10-18 08:28:12,034] {processor.py:171} INFO - Processing /Users/namyoung/Desktop/myprj/airflow/airflow/lib/python3.7/site-packages/airflow/example_dags/example_xcom.py took 0.210 seconds
[2023-10-18 08:28:43,264] {processor.py:163} INFO - Started process (PID=35356) to work on /Users/namyoung/Desktop/myprj/airflow/airflow/lib/python3.7/site-packages/airflow/example_dags/example_xcom.py
[2023-10-18 08:28:43,266] {processor.py:642} INFO - Processing file /Users/namyoung/Desktop/myprj/airflow/airflow/lib/python3.7/site-packages/airflow/example_dags/example_xcom.py for tasks to queue
[2023-10-18 08:28:43,267] {logging_mixin.py:109} INFO - [2023-10-18 08:28:43,267] {dagbag.py:500} INFO - Filling up the DagBag from /Users/namyoung/Desktop/myprj/airflow/airflow/lib/python3.7/site-packages/airflow/example_dags/example_xcom.py
[2023-10-18 08:28:43,297] {processor.py:654} INFO - DAG(s) dict_keys(['example_xcom']) retrieved from /Users/namyoung/Desktop/myprj/airflow/airflow/lib/python3.7/site-packages/airflow/example_dags/example_xcom.py
[2023-10-18 08:28:43,455] {logging_mixin.py:109} INFO - [2023-10-18 08:28:43,455] {dag.py:2396} INFO - Sync 1 DAGs
[2023-10-18 08:28:43,461] {logging_mixin.py:109} INFO - [2023-10-18 08:28:43,461] {dag.py:2935} INFO - Setting next_dagrun for example_xcom to 2021-01-01T00:00:00+00:00
[2023-10-18 08:28:43,468] {processor.py:171} INFO - Processing /Users/namyoung/Desktop/myprj/airflow/airflow/lib/python3.7/site-packages/airflow/example_dags/example_xcom.py took 0.208 seconds
[2023-10-18 08:29:16,843] {processor.py:163} INFO - Started process (PID=35403) to work on /Users/namyoung/Desktop/myprj/airflow/airflow/lib/python3.7/site-packages/airflow/example_dags/example_xcom.py
[2023-10-18 08:29:16,845] {processor.py:642} INFO - Processing file /Users/namyoung/Desktop/myprj/airflow/airflow/lib/python3.7/site-packages/airflow/example_dags/example_xcom.py for tasks to queue
[2023-10-18 08:29:16,847] {logging_mixin.py:109} INFO - [2023-10-18 08:29:16,846] {dagbag.py:500} INFO - Filling up the DagBag from /Users/namyoung/Desktop/myprj/airflow/airflow/lib/python3.7/site-packages/airflow/example_dags/example_xcom.py
[2023-10-18 08:29:16,876] {processor.py:654} INFO - DAG(s) dict_keys(['example_xcom']) retrieved from /Users/namyoung/Desktop/myprj/airflow/airflow/lib/python3.7/site-packages/airflow/example_dags/example_xcom.py
[2023-10-18 08:29:17,039] {logging_mixin.py:109} INFO - [2023-10-18 08:29:17,039] {dag.py:2396} INFO - Sync 1 DAGs
[2023-10-18 08:29:17,045] {logging_mixin.py:109} INFO - [2023-10-18 08:29:17,045] {dag.py:2935} INFO - Setting next_dagrun for example_xcom to 2021-01-01T00:00:00+00:00
[2023-10-18 08:29:17,052] {processor.py:171} INFO - Processing /Users/namyoung/Desktop/myprj/airflow/airflow/lib/python3.7/site-packages/airflow/example_dags/example_xcom.py took 0.214 seconds
[2023-10-18 08:29:50,836] {processor.py:163} INFO - Started process (PID=35461) to work on /Users/namyoung/Desktop/myprj/airflow/airflow/lib/python3.7/site-packages/airflow/example_dags/example_xcom.py
[2023-10-18 08:29:50,838] {processor.py:642} INFO - Processing file /Users/namyoung/Desktop/myprj/airflow/airflow/lib/python3.7/site-packages/airflow/example_dags/example_xcom.py for tasks to queue
[2023-10-18 08:29:50,839] {logging_mixin.py:109} INFO - [2023-10-18 08:29:50,839] {dagbag.py:500} INFO - Filling up the DagBag from /Users/namyoung/Desktop/myprj/airflow/airflow/lib/python3.7/site-packages/airflow/example_dags/example_xcom.py
[2023-10-18 08:29:50,869] {processor.py:654} INFO - DAG(s) dict_keys(['example_xcom']) retrieved from /Users/namyoung/Desktop/myprj/airflow/airflow/lib/python3.7/site-packages/airflow/example_dags/example_xcom.py
[2023-10-18 08:29:51,029] {logging_mixin.py:109} INFO - [2023-10-18 08:29:51,029] {dag.py:2396} INFO - Sync 1 DAGs
[2023-10-18 08:29:51,035] {logging_mixin.py:109} INFO - [2023-10-18 08:29:51,035] {dag.py:2935} INFO - Setting next_dagrun for example_xcom to 2021-01-01T00:00:00+00:00
[2023-10-18 08:29:51,040] {processor.py:171} INFO - Processing /Users/namyoung/Desktop/myprj/airflow/airflow/lib/python3.7/site-packages/airflow/example_dags/example_xcom.py took 0.209 seconds
