[2023-10-17 09:31:58,441] {processor.py:163} INFO - Started process (PID=32624) to work on /Users/namyoung/Desktop/myprj/airflow/airflow/lib/python3.7/site-packages/airflow/example_dags/example_task_group.py
[2023-10-17 09:31:58,443] {processor.py:642} INFO - Processing file /Users/namyoung/Desktop/myprj/airflow/airflow/lib/python3.7/site-packages/airflow/example_dags/example_task_group.py for tasks to queue
[2023-10-17 09:31:58,444] {logging_mixin.py:109} INFO - [2023-10-17 09:31:58,444] {dagbag.py:500} INFO - Filling up the DagBag from /Users/namyoung/Desktop/myprj/airflow/airflow/lib/python3.7/site-packages/airflow/example_dags/example_task_group.py
[2023-10-17 09:31:58,471] {processor.py:654} INFO - DAG(s) dict_keys(['example_task_group']) retrieved from /Users/namyoung/Desktop/myprj/airflow/airflow/lib/python3.7/site-packages/airflow/example_dags/example_task_group.py
[2023-10-17 09:31:58,480] {logging_mixin.py:109} INFO - [2023-10-17 09:31:58,480] {dag.py:2396} INFO - Sync 1 DAGs
[2023-10-17 09:31:58,490] {logging_mixin.py:109} INFO - [2023-10-17 09:31:58,490] {dag.py:2935} INFO - Setting next_dagrun for example_task_group to 2023-10-16T00:31:58.489964+00:00
[2023-10-17 09:31:58,496] {processor.py:171} INFO - Processing /Users/namyoung/Desktop/myprj/airflow/airflow/lib/python3.7/site-packages/airflow/example_dags/example_task_group.py took 0.061 seconds
[2023-10-17 11:02:27,523] {processor.py:163} INFO - Started process (PID=32748) to work on /Users/namyoung/Desktop/myprj/airflow/airflow/lib/python3.7/site-packages/airflow/example_dags/example_task_group.py
[2023-10-17 11:02:27,524] {processor.py:642} INFO - Processing file /Users/namyoung/Desktop/myprj/airflow/airflow/lib/python3.7/site-packages/airflow/example_dags/example_task_group.py for tasks to queue
[2023-10-17 11:02:27,525] {logging_mixin.py:109} INFO - [2023-10-17 11:02:27,525] {dagbag.py:500} INFO - Filling up the DagBag from /Users/namyoung/Desktop/myprj/airflow/airflow/lib/python3.7/site-packages/airflow/example_dags/example_task_group.py
[2023-10-17 11:02:27,550] {processor.py:654} INFO - DAG(s) dict_keys(['example_task_group']) retrieved from /Users/namyoung/Desktop/myprj/airflow/airflow/lib/python3.7/site-packages/airflow/example_dags/example_task_group.py
[2023-10-17 11:02:27,558] {logging_mixin.py:109} INFO - [2023-10-17 11:02:27,558] {dag.py:2396} INFO - Sync 1 DAGs
[2023-10-17 11:02:27,566] {logging_mixin.py:109} INFO - [2023-10-17 11:02:27,566] {dag.py:2935} INFO - Setting next_dagrun for example_task_group to 2023-10-16T02:02:27.565964+00:00
[2023-10-17 11:02:27,572] {processor.py:171} INFO - Processing /Users/namyoung/Desktop/myprj/airflow/airflow/lib/python3.7/site-packages/airflow/example_dags/example_task_group.py took 0.055 seconds
[2023-10-17 14:03:49,922] {processor.py:163} INFO - Started process (PID=33037) to work on /Users/namyoung/Desktop/myprj/airflow/airflow/lib/python3.7/site-packages/airflow/example_dags/example_task_group.py
[2023-10-17 14:03:49,923] {processor.py:642} INFO - Processing file /Users/namyoung/Desktop/myprj/airflow/airflow/lib/python3.7/site-packages/airflow/example_dags/example_task_group.py for tasks to queue
[2023-10-17 14:03:49,923] {logging_mixin.py:109} INFO - [2023-10-17 14:03:49,923] {dagbag.py:500} INFO - Filling up the DagBag from /Users/namyoung/Desktop/myprj/airflow/airflow/lib/python3.7/site-packages/airflow/example_dags/example_task_group.py
[2023-10-17 14:03:49,941] {processor.py:654} INFO - DAG(s) dict_keys(['example_task_group']) retrieved from /Users/namyoung/Desktop/myprj/airflow/airflow/lib/python3.7/site-packages/airflow/example_dags/example_task_group.py
[2023-10-17 14:03:49,950] {logging_mixin.py:109} INFO - [2023-10-17 14:03:49,949] {dag.py:2396} INFO - Sync 1 DAGs
[2023-10-17 14:03:49,959] {logging_mixin.py:109} INFO - [2023-10-17 14:03:49,959] {dag.py:2935} INFO - Setting next_dagrun for example_task_group to 2023-10-16T05:03:49.959133+00:00
[2023-10-17 14:03:49,967] {processor.py:171} INFO - Processing /Users/namyoung/Desktop/myprj/airflow/airflow/lib/python3.7/site-packages/airflow/example_dags/example_task_group.py took 0.049 seconds
[2023-10-17 17:27:27,851] {processor.py:163} INFO - Started process (PID=33375) to work on /Users/namyoung/Desktop/myprj/airflow/airflow/lib/python3.7/site-packages/airflow/example_dags/example_task_group.py
[2023-10-17 17:27:27,852] {processor.py:642} INFO - Processing file /Users/namyoung/Desktop/myprj/airflow/airflow/lib/python3.7/site-packages/airflow/example_dags/example_task_group.py for tasks to queue
[2023-10-17 17:27:27,853] {logging_mixin.py:109} INFO - [2023-10-17 17:27:27,853] {dagbag.py:500} INFO - Filling up the DagBag from /Users/namyoung/Desktop/myprj/airflow/airflow/lib/python3.7/site-packages/airflow/example_dags/example_task_group.py
[2023-10-17 17:27:27,869] {processor.py:654} INFO - DAG(s) dict_keys(['example_task_group']) retrieved from /Users/namyoung/Desktop/myprj/airflow/airflow/lib/python3.7/site-packages/airflow/example_dags/example_task_group.py
[2023-10-17 17:27:27,878] {logging_mixin.py:109} INFO - [2023-10-17 17:27:27,877] {dag.py:2396} INFO - Sync 1 DAGs
[2023-10-17 17:27:27,885] {logging_mixin.py:109} INFO - [2023-10-17 17:27:27,885] {dag.py:2935} INFO - Setting next_dagrun for example_task_group to 2023-10-16T08:27:27.885262+00:00
[2023-10-17 17:27:27,891] {processor.py:171} INFO - Processing /Users/namyoung/Desktop/myprj/airflow/airflow/lib/python3.7/site-packages/airflow/example_dags/example_task_group.py took 0.042 seconds
[2023-10-17 19:32:08,672] {processor.py:163} INFO - Started process (PID=33636) to work on /Users/namyoung/Desktop/myprj/airflow/airflow/lib/python3.7/site-packages/airflow/example_dags/example_task_group.py
[2023-10-17 19:32:08,674] {processor.py:642} INFO - Processing file /Users/namyoung/Desktop/myprj/airflow/airflow/lib/python3.7/site-packages/airflow/example_dags/example_task_group.py for tasks to queue
[2023-10-17 19:32:08,675] {logging_mixin.py:109} INFO - [2023-10-17 19:32:08,675] {dagbag.py:500} INFO - Filling up the DagBag from /Users/namyoung/Desktop/myprj/airflow/airflow/lib/python3.7/site-packages/airflow/example_dags/example_task_group.py
[2023-10-17 19:32:08,698] {processor.py:654} INFO - DAG(s) dict_keys(['example_task_group']) retrieved from /Users/namyoung/Desktop/myprj/airflow/airflow/lib/python3.7/site-packages/airflow/example_dags/example_task_group.py
[2023-10-17 19:32:08,706] {logging_mixin.py:109} INFO - [2023-10-17 19:32:08,706] {dag.py:2396} INFO - Sync 1 DAGs
[2023-10-17 19:32:08,717] {logging_mixin.py:109} INFO - [2023-10-17 19:32:08,716] {dag.py:2935} INFO - Setting next_dagrun for example_task_group to 2023-10-16T10:32:08.716590+00:00
[2023-10-17 19:32:08,726] {processor.py:171} INFO - Processing /Users/namyoung/Desktop/myprj/airflow/airflow/lib/python3.7/site-packages/airflow/example_dags/example_task_group.py took 0.058 seconds
[2023-10-17 22:37:31,348] {processor.py:163} INFO - Started process (PID=33956) to work on /Users/namyoung/Desktop/myprj/airflow/airflow/lib/python3.7/site-packages/airflow/example_dags/example_task_group.py
[2023-10-17 22:37:31,348] {processor.py:642} INFO - Processing file /Users/namyoung/Desktop/myprj/airflow/airflow/lib/python3.7/site-packages/airflow/example_dags/example_task_group.py for tasks to queue
[2023-10-17 22:37:31,349] {logging_mixin.py:109} INFO - [2023-10-17 22:37:31,349] {dagbag.py:500} INFO - Filling up the DagBag from /Users/namyoung/Desktop/myprj/airflow/airflow/lib/python3.7/site-packages/airflow/example_dags/example_task_group.py
[2023-10-17 22:37:31,361] {processor.py:654} INFO - DAG(s) dict_keys(['example_task_group']) retrieved from /Users/namyoung/Desktop/myprj/airflow/airflow/lib/python3.7/site-packages/airflow/example_dags/example_task_group.py
[2023-10-17 22:37:31,367] {logging_mixin.py:109} INFO - [2023-10-17 22:37:31,367] {dag.py:2396} INFO - Sync 1 DAGs
[2023-10-17 22:37:31,374] {logging_mixin.py:109} INFO - [2023-10-17 22:37:31,374] {dag.py:2935} INFO - Setting next_dagrun for example_task_group to 2023-10-16T13:37:31.374354+00:00
[2023-10-17 22:37:31,380] {processor.py:171} INFO - Processing /Users/namyoung/Desktop/myprj/airflow/airflow/lib/python3.7/site-packages/airflow/example_dags/example_task_group.py took 0.034 seconds
[2023-10-18 02:15:13,883] {processor.py:163} INFO - Started process (PID=34286) to work on /Users/namyoung/Desktop/myprj/airflow/airflow/lib/python3.7/site-packages/airflow/example_dags/example_task_group.py
[2023-10-18 02:15:13,885] {processor.py:642} INFO - Processing file /Users/namyoung/Desktop/myprj/airflow/airflow/lib/python3.7/site-packages/airflow/example_dags/example_task_group.py for tasks to queue
[2023-10-18 02:15:13,887] {logging_mixin.py:109} INFO - [2023-10-18 02:15:13,886] {dagbag.py:500} INFO - Filling up the DagBag from /Users/namyoung/Desktop/myprj/airflow/airflow/lib/python3.7/site-packages/airflow/example_dags/example_task_group.py
[2023-10-18 02:15:13,910] {processor.py:654} INFO - DAG(s) dict_keys(['example_task_group']) retrieved from /Users/namyoung/Desktop/myprj/airflow/airflow/lib/python3.7/site-packages/airflow/example_dags/example_task_group.py
[2023-10-18 02:15:13,917] {logging_mixin.py:109} INFO - [2023-10-18 02:15:13,917] {dag.py:2396} INFO - Sync 1 DAGs
[2023-10-18 02:31:11,410] {logging_mixin.py:109} INFO - [2023-10-18 02:15:13,927] {dag.py:2935} INFO - Setting next_dagrun for example_task_group to 2023-10-16T17:15:13.926874+00:00
[2023-10-18 02:31:11,545] {processor.py:171} INFO - Processing /Users/namyoung/Desktop/myprj/airflow/airflow/lib/python3.7/site-packages/airflow/example_dags/example_task_group.py took 0.395 seconds
[2023-10-18 04:36:24,216] {processor.py:163} INFO - Started process (PID=34565) to work on /Users/namyoung/Desktop/myprj/airflow/airflow/lib/python3.7/site-packages/airflow/example_dags/example_task_group.py
[2023-10-18 04:36:24,217] {processor.py:642} INFO - Processing file /Users/namyoung/Desktop/myprj/airflow/airflow/lib/python3.7/site-packages/airflow/example_dags/example_task_group.py for tasks to queue
[2023-10-18 04:36:24,218] {logging_mixin.py:109} INFO - [2023-10-18 04:36:24,217] {dagbag.py:500} INFO - Filling up the DagBag from /Users/namyoung/Desktop/myprj/airflow/airflow/lib/python3.7/site-packages/airflow/example_dags/example_task_group.py
[2023-10-18 04:36:24,234] {processor.py:654} INFO - DAG(s) dict_keys(['example_task_group']) retrieved from /Users/namyoung/Desktop/myprj/airflow/airflow/lib/python3.7/site-packages/airflow/example_dags/example_task_group.py
[2023-10-18 04:36:24,241] {logging_mixin.py:109} INFO - [2023-10-18 04:36:24,241] {dag.py:2396} INFO - Sync 1 DAGs
[2023-10-18 04:36:24,248] {logging_mixin.py:109} INFO - [2023-10-18 04:36:24,248] {dag.py:2935} INFO - Setting next_dagrun for example_task_group to 2023-10-16T19:36:24.248410+00:00
[2023-10-18 04:36:24,255] {processor.py:171} INFO - Processing /Users/namyoung/Desktop/myprj/airflow/airflow/lib/python3.7/site-packages/airflow/example_dags/example_task_group.py took 0.041 seconds
[2023-10-18 07:38:35,368] {processor.py:163} INFO - Started process (PID=34847) to work on /Users/namyoung/Desktop/myprj/airflow/airflow/lib/python3.7/site-packages/airflow/example_dags/example_task_group.py
[2023-10-18 07:38:35,370] {processor.py:642} INFO - Processing file /Users/namyoung/Desktop/myprj/airflow/airflow/lib/python3.7/site-packages/airflow/example_dags/example_task_group.py for tasks to queue
[2023-10-18 07:38:35,371] {logging_mixin.py:109} INFO - [2023-10-18 07:38:35,371] {dagbag.py:500} INFO - Filling up the DagBag from /Users/namyoung/Desktop/myprj/airflow/airflow/lib/python3.7/site-packages/airflow/example_dags/example_task_group.py
[2023-10-18 07:38:35,398] {processor.py:654} INFO - DAG(s) dict_keys(['example_task_group']) retrieved from /Users/namyoung/Desktop/myprj/airflow/airflow/lib/python3.7/site-packages/airflow/example_dags/example_task_group.py
[2023-10-18 07:38:35,409] {logging_mixin.py:109} INFO - [2023-10-18 07:38:35,408] {dag.py:2396} INFO - Sync 1 DAGs
[2023-10-18 07:38:35,422] {logging_mixin.py:109} INFO - [2023-10-18 07:38:35,422] {dag.py:2935} INFO - Setting next_dagrun for example_task_group to 2023-10-16T22:38:35.421907+00:00
[2023-10-18 07:38:35,437] {processor.py:171} INFO - Processing /Users/namyoung/Desktop/myprj/airflow/airflow/lib/python3.7/site-packages/airflow/example_dags/example_task_group.py took 0.076 seconds
[2023-10-18 08:27:44,631] {processor.py:163} INFO - Started process (PID=34993) to work on /Users/namyoung/Desktop/myprj/airflow/airflow/lib/python3.7/site-packages/airflow/example_dags/example_task_group.py
[2023-10-18 08:27:44,631] {processor.py:642} INFO - Processing file /Users/namyoung/Desktop/myprj/airflow/airflow/lib/python3.7/site-packages/airflow/example_dags/example_task_group.py for tasks to queue
[2023-10-18 08:27:44,632] {logging_mixin.py:109} INFO - [2023-10-18 08:27:44,632] {dagbag.py:500} INFO - Filling up the DagBag from /Users/namyoung/Desktop/myprj/airflow/airflow/lib/python3.7/site-packages/airflow/example_dags/example_task_group.py
[2023-10-18 08:27:44,649] {processor.py:654} INFO - DAG(s) dict_keys(['example_task_group']) retrieved from /Users/namyoung/Desktop/myprj/airflow/airflow/lib/python3.7/site-packages/airflow/example_dags/example_task_group.py
[2023-10-18 08:27:44,656] {logging_mixin.py:109} INFO - [2023-10-18 08:27:44,655] {dag.py:2396} INFO - Sync 1 DAGs
[2023-10-18 08:27:44,663] {logging_mixin.py:109} INFO - [2023-10-18 08:27:44,663] {dag.py:2935} INFO - Setting next_dagrun for example_task_group to 2023-10-16T23:27:44.663279+00:00
[2023-10-18 08:27:44,668] {processor.py:171} INFO - Processing /Users/namyoung/Desktop/myprj/airflow/airflow/lib/python3.7/site-packages/airflow/example_dags/example_task_group.py took 0.040 seconds
[2023-10-18 08:28:17,192] {processor.py:163} INFO - Started process (PID=35140) to work on /Users/namyoung/Desktop/myprj/airflow/airflow/lib/python3.7/site-packages/airflow/example_dags/example_task_group.py
[2023-10-18 08:28:17,194] {processor.py:642} INFO - Processing file /Users/namyoung/Desktop/myprj/airflow/airflow/lib/python3.7/site-packages/airflow/example_dags/example_task_group.py for tasks to queue
[2023-10-18 08:28:17,196] {logging_mixin.py:109} INFO - [2023-10-18 08:28:17,196] {dagbag.py:500} INFO - Filling up the DagBag from /Users/namyoung/Desktop/myprj/airflow/airflow/lib/python3.7/site-packages/airflow/example_dags/example_task_group.py
[2023-10-18 08:28:17,224] {processor.py:654} INFO - DAG(s) dict_keys(['example_task_group']) retrieved from /Users/namyoung/Desktop/myprj/airflow/airflow/lib/python3.7/site-packages/airflow/example_dags/example_task_group.py
[2023-10-18 08:28:17,234] {logging_mixin.py:109} INFO - [2023-10-18 08:28:17,234] {dag.py:2396} INFO - Sync 1 DAGs
[2023-10-18 08:28:17,245] {logging_mixin.py:109} INFO - [2023-10-18 08:28:17,245] {dag.py:2935} INFO - Setting next_dagrun for example_task_group to 2023-10-16T23:28:17.244903+00:00
[2023-10-18 08:28:17,251] {processor.py:171} INFO - Processing /Users/namyoung/Desktop/myprj/airflow/airflow/lib/python3.7/site-packages/airflow/example_dags/example_task_group.py took 0.065 seconds
[2023-10-18 08:28:48,635] {processor.py:163} INFO - Started process (PID=35371) to work on /Users/namyoung/Desktop/myprj/airflow/airflow/lib/python3.7/site-packages/airflow/example_dags/example_task_group.py
[2023-10-18 08:28:48,637] {processor.py:642} INFO - Processing file /Users/namyoung/Desktop/myprj/airflow/airflow/lib/python3.7/site-packages/airflow/example_dags/example_task_group.py for tasks to queue
[2023-10-18 08:28:48,638] {logging_mixin.py:109} INFO - [2023-10-18 08:28:48,637] {dagbag.py:500} INFO - Filling up the DagBag from /Users/namyoung/Desktop/myprj/airflow/airflow/lib/python3.7/site-packages/airflow/example_dags/example_task_group.py
[2023-10-18 08:28:48,661] {processor.py:654} INFO - DAG(s) dict_keys(['example_task_group']) retrieved from /Users/namyoung/Desktop/myprj/airflow/airflow/lib/python3.7/site-packages/airflow/example_dags/example_task_group.py
[2023-10-18 08:28:48,669] {logging_mixin.py:109} INFO - [2023-10-18 08:28:48,669] {dag.py:2396} INFO - Sync 1 DAGs
[2023-10-18 08:28:48,678] {logging_mixin.py:109} INFO - [2023-10-18 08:28:48,677] {dag.py:2935} INFO - Setting next_dagrun for example_task_group to 2023-10-16T23:28:48.677717+00:00
[2023-10-18 08:28:48,684] {processor.py:171} INFO - Processing /Users/namyoung/Desktop/myprj/airflow/airflow/lib/python3.7/site-packages/airflow/example_dags/example_task_group.py took 0.054 seconds
[2023-10-18 08:29:23,074] {processor.py:163} INFO - Started process (PID=35417) to work on /Users/namyoung/Desktop/myprj/airflow/airflow/lib/python3.7/site-packages/airflow/example_dags/example_task_group.py
[2023-10-18 08:29:23,075] {processor.py:642} INFO - Processing file /Users/namyoung/Desktop/myprj/airflow/airflow/lib/python3.7/site-packages/airflow/example_dags/example_task_group.py for tasks to queue
[2023-10-18 08:29:23,076] {logging_mixin.py:109} INFO - [2023-10-18 08:29:23,076] {dagbag.py:500} INFO - Filling up the DagBag from /Users/namyoung/Desktop/myprj/airflow/airflow/lib/python3.7/site-packages/airflow/example_dags/example_task_group.py
[2023-10-18 08:29:23,101] {processor.py:654} INFO - DAG(s) dict_keys(['example_task_group']) retrieved from /Users/namyoung/Desktop/myprj/airflow/airflow/lib/python3.7/site-packages/airflow/example_dags/example_task_group.py
[2023-10-18 08:29:23,109] {logging_mixin.py:109} INFO - [2023-10-18 08:29:23,109] {dag.py:2396} INFO - Sync 1 DAGs
[2023-10-18 08:29:23,118] {logging_mixin.py:109} INFO - [2023-10-18 08:29:23,118] {dag.py:2935} INFO - Setting next_dagrun for example_task_group to 2023-10-16T23:29:23.117918+00:00
[2023-10-18 08:29:23,124] {processor.py:171} INFO - Processing /Users/namyoung/Desktop/myprj/airflow/airflow/lib/python3.7/site-packages/airflow/example_dags/example_task_group.py took 0.055 seconds
[2023-10-18 08:29:55,989] {processor.py:163} INFO - Started process (PID=35480) to work on /Users/namyoung/Desktop/myprj/airflow/airflow/lib/python3.7/site-packages/airflow/example_dags/example_task_group.py
[2023-10-18 08:29:55,990] {processor.py:642} INFO - Processing file /Users/namyoung/Desktop/myprj/airflow/airflow/lib/python3.7/site-packages/airflow/example_dags/example_task_group.py for tasks to queue
[2023-10-18 08:29:55,991] {logging_mixin.py:109} INFO - [2023-10-18 08:29:55,991] {dagbag.py:500} INFO - Filling up the DagBag from /Users/namyoung/Desktop/myprj/airflow/airflow/lib/python3.7/site-packages/airflow/example_dags/example_task_group.py
[2023-10-18 08:29:56,011] {processor.py:654} INFO - DAG(s) dict_keys(['example_task_group']) retrieved from /Users/namyoung/Desktop/myprj/airflow/airflow/lib/python3.7/site-packages/airflow/example_dags/example_task_group.py
[2023-10-18 08:29:56,019] {logging_mixin.py:109} INFO - [2023-10-18 08:29:56,019] {dag.py:2396} INFO - Sync 1 DAGs
[2023-10-18 08:29:56,027] {logging_mixin.py:109} INFO - [2023-10-18 08:29:56,027] {dag.py:2935} INFO - Setting next_dagrun for example_task_group to 2023-10-16T23:29:56.026991+00:00
[2023-10-18 08:29:56,033] {processor.py:171} INFO - Processing /Users/namyoung/Desktop/myprj/airflow/airflow/lib/python3.7/site-packages/airflow/example_dags/example_task_group.py took 0.048 seconds
