[2023-10-17 09:32:05,976] {processor.py:163} INFO - Started process (PID=32637) to work on /Users/namyoung/Desktop/myprj/airflow/airflow/lib/python3.7/site-packages/airflow/example_dags/example_nested_branch_dag.py
[2023-10-17 09:32:05,978] {processor.py:642} INFO - Processing file /Users/namyoung/Desktop/myprj/airflow/airflow/lib/python3.7/site-packages/airflow/example_dags/example_nested_branch_dag.py for tasks to queue
[2023-10-17 09:32:05,980] {logging_mixin.py:109} INFO - [2023-10-17 09:32:05,979] {dagbag.py:500} INFO - Filling up the DagBag from /Users/namyoung/Desktop/myprj/airflow/airflow/lib/python3.7/site-packages/airflow/example_dags/example_nested_branch_dag.py
[2023-10-17 09:32:06,010] {processor.py:654} INFO - DAG(s) dict_keys(['example_nested_branch_dag']) retrieved from /Users/namyoung/Desktop/myprj/airflow/airflow/lib/python3.7/site-packages/airflow/example_dags/example_nested_branch_dag.py
[2023-10-17 09:32:06,019] {logging_mixin.py:109} INFO - [2023-10-17 09:32:06,018] {dag.py:2396} INFO - Sync 1 DAGs
[2023-10-17 09:32:06,028] {logging_mixin.py:109} INFO - [2023-10-17 09:32:06,028] {dag.py:2935} INFO - Setting next_dagrun for example_nested_branch_dag to 2023-10-16 00:00:00+00:00
[2023-10-17 09:32:06,034] {processor.py:171} INFO - Processing /Users/namyoung/Desktop/myprj/airflow/airflow/lib/python3.7/site-packages/airflow/example_dags/example_nested_branch_dag.py took 0.063 seconds
[2023-10-17 11:34:33,863] {processor.py:163} INFO - Started process (PID=32768) to work on /Users/namyoung/Desktop/myprj/airflow/airflow/lib/python3.7/site-packages/airflow/example_dags/example_nested_branch_dag.py
[2023-10-17 11:34:33,864] {processor.py:642} INFO - Processing file /Users/namyoung/Desktop/myprj/airflow/airflow/lib/python3.7/site-packages/airflow/example_dags/example_nested_branch_dag.py for tasks to queue
[2023-10-17 11:34:33,865] {logging_mixin.py:109} INFO - [2023-10-17 11:34:33,865] {dagbag.py:500} INFO - Filling up the DagBag from /Users/namyoung/Desktop/myprj/airflow/airflow/lib/python3.7/site-packages/airflow/example_dags/example_nested_branch_dag.py
[2023-10-17 11:34:33,881] {processor.py:654} INFO - DAG(s) dict_keys(['example_nested_branch_dag']) retrieved from /Users/namyoung/Desktop/myprj/airflow/airflow/lib/python3.7/site-packages/airflow/example_dags/example_nested_branch_dag.py
[2023-10-17 11:34:33,888] {logging_mixin.py:109} INFO - [2023-10-17 11:34:33,887] {dag.py:2396} INFO - Sync 1 DAGs
[2023-10-17 11:34:33,897] {logging_mixin.py:109} INFO - [2023-10-17 11:34:33,897] {dag.py:2935} INFO - Setting next_dagrun for example_nested_branch_dag to 2023-10-16 00:00:00+00:00
[2023-10-17 11:34:33,903] {processor.py:171} INFO - Processing /Users/namyoung/Desktop/myprj/airflow/airflow/lib/python3.7/site-packages/airflow/example_dags/example_nested_branch_dag.py took 0.042 seconds
[2023-10-17 14:37:53,784] {processor.py:163} INFO - Started process (PID=33085) to work on /Users/namyoung/Desktop/myprj/airflow/airflow/lib/python3.7/site-packages/airflow/example_dags/example_nested_branch_dag.py
[2023-10-17 14:37:53,784] {processor.py:642} INFO - Processing file /Users/namyoung/Desktop/myprj/airflow/airflow/lib/python3.7/site-packages/airflow/example_dags/example_nested_branch_dag.py for tasks to queue
[2023-10-17 14:37:53,785] {logging_mixin.py:109} INFO - [2023-10-17 14:37:53,785] {dagbag.py:500} INFO - Filling up the DagBag from /Users/namyoung/Desktop/myprj/airflow/airflow/lib/python3.7/site-packages/airflow/example_dags/example_nested_branch_dag.py
[2023-10-17 14:37:53,799] {processor.py:654} INFO - DAG(s) dict_keys(['example_nested_branch_dag']) retrieved from /Users/namyoung/Desktop/myprj/airflow/airflow/lib/python3.7/site-packages/airflow/example_dags/example_nested_branch_dag.py
[2023-10-17 14:37:53,806] {logging_mixin.py:109} INFO - [2023-10-17 14:37:53,806] {dag.py:2396} INFO - Sync 1 DAGs
[2023-10-17 14:37:53,814] {logging_mixin.py:109} INFO - [2023-10-17 14:37:53,814] {dag.py:2935} INFO - Setting next_dagrun for example_nested_branch_dag to 2023-10-16 00:00:00+00:00
[2023-10-17 14:37:53,819] {processor.py:171} INFO - Processing /Users/namyoung/Desktop/myprj/airflow/airflow/lib/python3.7/site-packages/airflow/example_dags/example_nested_branch_dag.py took 0.037 seconds
[2023-10-17 18:16:43,599] {processor.py:163} INFO - Started process (PID=33412) to work on /Users/namyoung/Desktop/myprj/airflow/airflow/lib/python3.7/site-packages/airflow/example_dags/example_nested_branch_dag.py
[2023-10-17 18:16:43,601] {processor.py:642} INFO - Processing file /Users/namyoung/Desktop/myprj/airflow/airflow/lib/python3.7/site-packages/airflow/example_dags/example_nested_branch_dag.py for tasks to queue
[2023-10-17 18:16:43,602] {logging_mixin.py:109} INFO - [2023-10-17 18:16:43,601] {dagbag.py:500} INFO - Filling up the DagBag from /Users/namyoung/Desktop/myprj/airflow/airflow/lib/python3.7/site-packages/airflow/example_dags/example_nested_branch_dag.py
[2023-10-17 18:16:43,627] {processor.py:654} INFO - DAG(s) dict_keys(['example_nested_branch_dag']) retrieved from /Users/namyoung/Desktop/myprj/airflow/airflow/lib/python3.7/site-packages/airflow/example_dags/example_nested_branch_dag.py
[2023-10-17 18:16:43,637] {logging_mixin.py:109} INFO - [2023-10-17 18:16:43,636] {dag.py:2396} INFO - Sync 1 DAGs
[2023-10-17 18:16:43,651] {logging_mixin.py:109} INFO - [2023-10-17 18:16:43,651] {dag.py:2935} INFO - Setting next_dagrun for example_nested_branch_dag to 2023-10-16 00:00:00+00:00
[2023-10-17 18:16:43,658] {processor.py:171} INFO - Processing /Users/namyoung/Desktop/myprj/airflow/airflow/lib/python3.7/site-packages/airflow/example_dags/example_nested_branch_dag.py took 0.063 seconds
[2023-10-17 20:04:33,269] {processor.py:163} INFO - Started process (PID=33681) to work on /Users/namyoung/Desktop/myprj/airflow/airflow/lib/python3.7/site-packages/airflow/example_dags/example_nested_branch_dag.py
[2023-10-17 20:04:33,270] {processor.py:642} INFO - Processing file /Users/namyoung/Desktop/myprj/airflow/airflow/lib/python3.7/site-packages/airflow/example_dags/example_nested_branch_dag.py for tasks to queue
[2023-10-17 20:04:33,270] {logging_mixin.py:109} INFO - [2023-10-17 20:04:33,270] {dagbag.py:500} INFO - Filling up the DagBag from /Users/namyoung/Desktop/myprj/airflow/airflow/lib/python3.7/site-packages/airflow/example_dags/example_nested_branch_dag.py
[2023-10-17 20:04:33,284] {processor.py:654} INFO - DAG(s) dict_keys(['example_nested_branch_dag']) retrieved from /Users/namyoung/Desktop/myprj/airflow/airflow/lib/python3.7/site-packages/airflow/example_dags/example_nested_branch_dag.py
[2023-10-17 20:04:33,289] {logging_mixin.py:109} INFO - [2023-10-17 20:04:33,289] {dag.py:2396} INFO - Sync 1 DAGs
[2023-10-17 20:04:33,297] {logging_mixin.py:109} INFO - [2023-10-17 20:04:33,296] {dag.py:2935} INFO - Setting next_dagrun for example_nested_branch_dag to 2023-10-16 00:00:00+00:00
[2023-10-17 20:04:33,303] {processor.py:171} INFO - Processing /Users/namyoung/Desktop/myprj/airflow/airflow/lib/python3.7/site-packages/airflow/example_dags/example_nested_branch_dag.py took 0.035 seconds
[2023-10-17 23:26:51,687] {processor.py:163} INFO - Started process (PID=34004) to work on /Users/namyoung/Desktop/myprj/airflow/airflow/lib/python3.7/site-packages/airflow/example_dags/example_nested_branch_dag.py
[2023-10-17 23:26:51,687] {processor.py:642} INFO - Processing file /Users/namyoung/Desktop/myprj/airflow/airflow/lib/python3.7/site-packages/airflow/example_dags/example_nested_branch_dag.py for tasks to queue
[2023-10-17 23:26:51,688] {logging_mixin.py:109} INFO - [2023-10-17 23:26:51,688] {dagbag.py:500} INFO - Filling up the DagBag from /Users/namyoung/Desktop/myprj/airflow/airflow/lib/python3.7/site-packages/airflow/example_dags/example_nested_branch_dag.py
[2023-10-17 23:26:51,703] {processor.py:654} INFO - DAG(s) dict_keys(['example_nested_branch_dag']) retrieved from /Users/namyoung/Desktop/myprj/airflow/airflow/lib/python3.7/site-packages/airflow/example_dags/example_nested_branch_dag.py
[2023-10-17 23:26:51,711] {logging_mixin.py:109} INFO - [2023-10-17 23:26:51,710] {dag.py:2396} INFO - Sync 1 DAGs
[2023-10-17 23:26:51,718] {logging_mixin.py:109} INFO - [2023-10-17 23:26:51,718] {dag.py:2935} INFO - Setting next_dagrun for example_nested_branch_dag to 2023-10-16 00:00:00+00:00
[2023-10-17 23:26:51,724] {processor.py:171} INFO - Processing /Users/namyoung/Desktop/myprj/airflow/airflow/lib/python3.7/site-packages/airflow/example_dags/example_nested_branch_dag.py took 0.039 seconds
[2023-10-18 03:04:33,836] {processor.py:163} INFO - Started process (PID=34337) to work on /Users/namyoung/Desktop/myprj/airflow/airflow/lib/python3.7/site-packages/airflow/example_dags/example_nested_branch_dag.py
[2023-10-18 03:04:33,838] {processor.py:642} INFO - Processing file /Users/namyoung/Desktop/myprj/airflow/airflow/lib/python3.7/site-packages/airflow/example_dags/example_nested_branch_dag.py for tasks to queue
[2023-10-18 03:04:33,842] {logging_mixin.py:109} INFO - [2023-10-18 03:04:33,841] {dagbag.py:500} INFO - Filling up the DagBag from /Users/namyoung/Desktop/myprj/airflow/airflow/lib/python3.7/site-packages/airflow/example_dags/example_nested_branch_dag.py
[2023-10-18 03:04:33,878] {processor.py:654} INFO - DAG(s) dict_keys(['example_nested_branch_dag']) retrieved from /Users/namyoung/Desktop/myprj/airflow/airflow/lib/python3.7/site-packages/airflow/example_dags/example_nested_branch_dag.py
[2023-10-18 03:04:33,887] {logging_mixin.py:109} INFO - [2023-10-18 03:04:33,887] {dag.py:2396} INFO - Sync 1 DAGs
[2023-10-18 03:04:33,897] {logging_mixin.py:109} INFO - [2023-10-18 03:04:33,897] {dag.py:2935} INFO - Setting next_dagrun for example_nested_branch_dag to 2023-10-16 00:00:00+00:00
[2023-10-18 03:04:33,904] {processor.py:171} INFO - Processing /Users/namyoung/Desktop/myprj/airflow/airflow/lib/python3.7/site-packages/airflow/example_dags/example_nested_branch_dag.py took 0.072 seconds
[2023-10-18 05:26:47,632] {processor.py:163} INFO - Started process (PID=34613) to work on /Users/namyoung/Desktop/myprj/airflow/airflow/lib/python3.7/site-packages/airflow/example_dags/example_nested_branch_dag.py
[2023-10-18 05:26:47,633] {processor.py:642} INFO - Processing file /Users/namyoung/Desktop/myprj/airflow/airflow/lib/python3.7/site-packages/airflow/example_dags/example_nested_branch_dag.py for tasks to queue
[2023-10-18 05:26:47,633] {logging_mixin.py:109} INFO - [2023-10-18 05:26:47,633] {dagbag.py:500} INFO - Filling up the DagBag from /Users/namyoung/Desktop/myprj/airflow/airflow/lib/python3.7/site-packages/airflow/example_dags/example_nested_branch_dag.py
[2023-10-18 05:26:47,647] {processor.py:654} INFO - DAG(s) dict_keys(['example_nested_branch_dag']) retrieved from /Users/namyoung/Desktop/myprj/airflow/airflow/lib/python3.7/site-packages/airflow/example_dags/example_nested_branch_dag.py
[2023-10-18 05:26:47,653] {logging_mixin.py:109} INFO - [2023-10-18 05:26:47,653] {dag.py:2396} INFO - Sync 1 DAGs
[2023-10-18 05:26:47,661] {logging_mixin.py:109} INFO - [2023-10-18 05:26:47,661] {dag.py:2935} INFO - Setting next_dagrun for example_nested_branch_dag to 2023-10-16 00:00:00+00:00
[2023-10-18 05:26:47,671] {processor.py:171} INFO - Processing /Users/namyoung/Desktop/myprj/airflow/airflow/lib/python3.7/site-packages/airflow/example_dags/example_nested_branch_dag.py took 0.041 seconds
[2023-10-18 08:09:12,760] {processor.py:163} INFO - Started process (PID=34889) to work on /Users/namyoung/Desktop/myprj/airflow/airflow/lib/python3.7/site-packages/airflow/example_dags/example_nested_branch_dag.py
[2023-10-18 08:09:12,761] {processor.py:642} INFO - Processing file /Users/namyoung/Desktop/myprj/airflow/airflow/lib/python3.7/site-packages/airflow/example_dags/example_nested_branch_dag.py for tasks to queue
[2023-10-18 08:09:12,761] {logging_mixin.py:109} INFO - [2023-10-18 08:09:12,761] {dagbag.py:500} INFO - Filling up the DagBag from /Users/namyoung/Desktop/myprj/airflow/airflow/lib/python3.7/site-packages/airflow/example_dags/example_nested_branch_dag.py
[2023-10-18 08:26:33,326] {processor.py:654} INFO - DAG(s) dict_keys(['example_nested_branch_dag']) retrieved from /Users/namyoung/Desktop/myprj/airflow/airflow/lib/python3.7/site-packages/airflow/example_dags/example_nested_branch_dag.py
[2023-10-18 08:26:33,344] {logging_mixin.py:109} INFO - [2023-10-18 08:26:33,343] {dag.py:2396} INFO - Sync 1 DAGs
[2023-10-18 08:26:33,360] {logging_mixin.py:109} INFO - [2023-10-18 08:26:33,359] {dag.py:2935} INFO - Setting next_dagrun for example_nested_branch_dag to 2023-10-16 00:00:00+00:00
[2023-10-18 08:26:33,409] {processor.py:171} INFO - Processing /Users/namyoung/Desktop/myprj/airflow/airflow/lib/python3.7/site-packages/airflow/example_dags/example_nested_branch_dag.py took 0.377 seconds
[2023-10-18 08:27:52,113] {processor.py:163} INFO - Started process (PID=35005) to work on /Users/namyoung/Desktop/myprj/airflow/airflow/lib/python3.7/site-packages/airflow/example_dags/example_nested_branch_dag.py
[2023-10-18 08:27:52,114] {processor.py:642} INFO - Processing file /Users/namyoung/Desktop/myprj/airflow/airflow/lib/python3.7/site-packages/airflow/example_dags/example_nested_branch_dag.py for tasks to queue
[2023-10-18 08:27:52,115] {logging_mixin.py:109} INFO - [2023-10-18 08:27:52,115] {dagbag.py:500} INFO - Filling up the DagBag from /Users/namyoung/Desktop/myprj/airflow/airflow/lib/python3.7/site-packages/airflow/example_dags/example_nested_branch_dag.py
[2023-10-18 08:27:52,144] {processor.py:654} INFO - DAG(s) dict_keys(['example_nested_branch_dag']) retrieved from /Users/namyoung/Desktop/myprj/airflow/airflow/lib/python3.7/site-packages/airflow/example_dags/example_nested_branch_dag.py
[2023-10-18 08:27:52,153] {logging_mixin.py:109} INFO - [2023-10-18 08:27:52,152] {dag.py:2396} INFO - Sync 1 DAGs
[2023-10-18 08:27:52,162] {logging_mixin.py:109} INFO - [2023-10-18 08:27:52,162] {dag.py:2935} INFO - Setting next_dagrun for example_nested_branch_dag to 2023-10-16 00:00:00+00:00
[2023-10-18 08:27:52,168] {processor.py:171} INFO - Processing /Users/namyoung/Desktop/myprj/airflow/airflow/lib/python3.7/site-packages/airflow/example_dags/example_nested_branch_dag.py took 0.060 seconds
[2023-10-18 08:28:24,775] {processor.py:163} INFO - Started process (PID=35296) to work on /Users/namyoung/Desktop/myprj/airflow/airflow/lib/python3.7/site-packages/airflow/example_dags/example_nested_branch_dag.py
[2023-10-18 08:28:24,776] {processor.py:642} INFO - Processing file /Users/namyoung/Desktop/myprj/airflow/airflow/lib/python3.7/site-packages/airflow/example_dags/example_nested_branch_dag.py for tasks to queue
[2023-10-18 08:28:24,777] {logging_mixin.py:109} INFO - [2023-10-18 08:28:24,776] {dagbag.py:500} INFO - Filling up the DagBag from /Users/namyoung/Desktop/myprj/airflow/airflow/lib/python3.7/site-packages/airflow/example_dags/example_nested_branch_dag.py
[2023-10-18 08:28:24,791] {processor.py:654} INFO - DAG(s) dict_keys(['example_nested_branch_dag']) retrieved from /Users/namyoung/Desktop/myprj/airflow/airflow/lib/python3.7/site-packages/airflow/example_dags/example_nested_branch_dag.py
[2023-10-18 08:28:24,796] {logging_mixin.py:109} INFO - [2023-10-18 08:28:24,796] {dag.py:2396} INFO - Sync 1 DAGs
[2023-10-18 08:28:24,804] {logging_mixin.py:109} INFO - [2023-10-18 08:28:24,804] {dag.py:2935} INFO - Setting next_dagrun for example_nested_branch_dag to 2023-10-16 00:00:00+00:00
[2023-10-18 08:28:24,809] {processor.py:171} INFO - Processing /Users/namyoung/Desktop/myprj/airflow/airflow/lib/python3.7/site-packages/airflow/example_dags/example_nested_branch_dag.py took 0.035 seconds
[2023-10-18 08:28:55,270] {processor.py:163} INFO - Started process (PID=35378) to work on /Users/namyoung/Desktop/myprj/airflow/airflow/lib/python3.7/site-packages/airflow/example_dags/example_nested_branch_dag.py
[2023-10-18 08:28:55,271] {processor.py:642} INFO - Processing file /Users/namyoung/Desktop/myprj/airflow/airflow/lib/python3.7/site-packages/airflow/example_dags/example_nested_branch_dag.py for tasks to queue
[2023-10-18 08:28:55,272] {logging_mixin.py:109} INFO - [2023-10-18 08:28:55,272] {dagbag.py:500} INFO - Filling up the DagBag from /Users/namyoung/Desktop/myprj/airflow/airflow/lib/python3.7/site-packages/airflow/example_dags/example_nested_branch_dag.py
[2023-10-18 08:28:55,299] {processor.py:654} INFO - DAG(s) dict_keys(['example_nested_branch_dag']) retrieved from /Users/namyoung/Desktop/myprj/airflow/airflow/lib/python3.7/site-packages/airflow/example_dags/example_nested_branch_dag.py
[2023-10-18 08:28:55,316] {logging_mixin.py:109} INFO - [2023-10-18 08:28:55,316] {dag.py:2396} INFO - Sync 1 DAGs
[2023-10-18 08:28:55,338] {logging_mixin.py:109} INFO - [2023-10-18 08:28:55,338] {dag.py:2935} INFO - Setting next_dagrun for example_nested_branch_dag to 2023-10-16 00:00:00+00:00
[2023-10-18 08:28:55,346] {processor.py:171} INFO - Processing /Users/namyoung/Desktop/myprj/airflow/airflow/lib/python3.7/site-packages/airflow/example_dags/example_nested_branch_dag.py took 0.080 seconds
[2023-10-18 08:29:29,720] {processor.py:163} INFO - Started process (PID=35424) to work on /Users/namyoung/Desktop/myprj/airflow/airflow/lib/python3.7/site-packages/airflow/example_dags/example_nested_branch_dag.py
[2023-10-18 08:29:29,722] {processor.py:642} INFO - Processing file /Users/namyoung/Desktop/myprj/airflow/airflow/lib/python3.7/site-packages/airflow/example_dags/example_nested_branch_dag.py for tasks to queue
[2023-10-18 08:29:29,723] {logging_mixin.py:109} INFO - [2023-10-18 08:29:29,723] {dagbag.py:500} INFO - Filling up the DagBag from /Users/namyoung/Desktop/myprj/airflow/airflow/lib/python3.7/site-packages/airflow/example_dags/example_nested_branch_dag.py
[2023-10-18 08:29:29,748] {processor.py:654} INFO - DAG(s) dict_keys(['example_nested_branch_dag']) retrieved from /Users/namyoung/Desktop/myprj/airflow/airflow/lib/python3.7/site-packages/airflow/example_dags/example_nested_branch_dag.py
[2023-10-18 08:29:29,756] {logging_mixin.py:109} INFO - [2023-10-18 08:29:29,756] {dag.py:2396} INFO - Sync 1 DAGs
[2023-10-18 08:29:29,767] {logging_mixin.py:109} INFO - [2023-10-18 08:29:29,767] {dag.py:2935} INFO - Setting next_dagrun for example_nested_branch_dag to 2023-10-16 00:00:00+00:00
[2023-10-18 08:29:29,774] {processor.py:171} INFO - Processing /Users/namyoung/Desktop/myprj/airflow/airflow/lib/python3.7/site-packages/airflow/example_dags/example_nested_branch_dag.py took 0.058 seconds
[2023-10-18 08:30:03,630] {processor.py:163} INFO - Started process (PID=35487) to work on /Users/namyoung/Desktop/myprj/airflow/airflow/lib/python3.7/site-packages/airflow/example_dags/example_nested_branch_dag.py
[2023-10-18 08:30:03,632] {processor.py:642} INFO - Processing file /Users/namyoung/Desktop/myprj/airflow/airflow/lib/python3.7/site-packages/airflow/example_dags/example_nested_branch_dag.py for tasks to queue
[2023-10-18 08:30:03,633] {logging_mixin.py:109} INFO - [2023-10-18 08:30:03,633] {dagbag.py:500} INFO - Filling up the DagBag from /Users/namyoung/Desktop/myprj/airflow/airflow/lib/python3.7/site-packages/airflow/example_dags/example_nested_branch_dag.py
[2023-10-18 08:30:03,654] {processor.py:654} INFO - DAG(s) dict_keys(['example_nested_branch_dag']) retrieved from /Users/namyoung/Desktop/myprj/airflow/airflow/lib/python3.7/site-packages/airflow/example_dags/example_nested_branch_dag.py
[2023-10-18 08:30:03,661] {logging_mixin.py:109} INFO - [2023-10-18 08:30:03,661] {dag.py:2396} INFO - Sync 1 DAGs
[2023-10-18 08:30:03,670] {logging_mixin.py:109} INFO - [2023-10-18 08:30:03,670] {dag.py:2935} INFO - Setting next_dagrun for example_nested_branch_dag to 2023-10-16 00:00:00+00:00
[2023-10-18 08:30:03,677] {processor.py:171} INFO - Processing /Users/namyoung/Desktop/myprj/airflow/airflow/lib/python3.7/site-packages/airflow/example_dags/example_nested_branch_dag.py took 0.051 seconds
