[2023-10-17 09:31:54,529] {processor.py:163} INFO - Started process (PID=32616) to work on /Users/namyoung/Desktop/myprj/airflow/airflow/lib/python3.7/site-packages/airflow/example_dags/example_trigger_controller_dag.py
[2023-10-17 09:31:54,530] {processor.py:642} INFO - Processing file /Users/namyoung/Desktop/myprj/airflow/airflow/lib/python3.7/site-packages/airflow/example_dags/example_trigger_controller_dag.py for tasks to queue
[2023-10-17 09:31:54,531] {logging_mixin.py:109} INFO - [2023-10-17 09:31:54,531] {dagbag.py:500} INFO - Filling up the DagBag from /Users/namyoung/Desktop/myprj/airflow/airflow/lib/python3.7/site-packages/airflow/example_dags/example_trigger_controller_dag.py
[2023-10-17 09:31:54,544] {processor.py:654} INFO - DAG(s) dict_keys(['example_trigger_controller_dag']) retrieved from /Users/namyoung/Desktop/myprj/airflow/airflow/lib/python3.7/site-packages/airflow/example_dags/example_trigger_controller_dag.py
[2023-10-17 09:31:54,550] {logging_mixin.py:109} INFO - [2023-10-17 09:31:54,550] {dag.py:2396} INFO - Sync 1 DAGs
[2023-10-17 09:31:54,569] {logging_mixin.py:109} INFO - [2023-10-17 09:31:54,569] {dag.py:2935} INFO - Setting next_dagrun for example_trigger_controller_dag to 2021-01-01T00:00:00+00:00
[2023-10-17 09:31:54,576] {processor.py:171} INFO - Processing /Users/namyoung/Desktop/myprj/airflow/airflow/lib/python3.7/site-packages/airflow/example_dags/example_trigger_controller_dag.py took 0.049 seconds
[2023-10-17 11:02:24,672] {processor.py:163} INFO - Started process (PID=32741) to work on /Users/namyoung/Desktop/myprj/airflow/airflow/lib/python3.7/site-packages/airflow/example_dags/example_trigger_controller_dag.py
[2023-10-17 11:02:24,674] {processor.py:642} INFO - Processing file /Users/namyoung/Desktop/myprj/airflow/airflow/lib/python3.7/site-packages/airflow/example_dags/example_trigger_controller_dag.py for tasks to queue
[2023-10-17 11:02:24,675] {logging_mixin.py:109} INFO - [2023-10-17 11:02:24,675] {dagbag.py:500} INFO - Filling up the DagBag from /Users/namyoung/Desktop/myprj/airflow/airflow/lib/python3.7/site-packages/airflow/example_dags/example_trigger_controller_dag.py
[2023-10-17 11:02:24,694] {processor.py:654} INFO - DAG(s) dict_keys(['example_trigger_controller_dag']) retrieved from /Users/namyoung/Desktop/myprj/airflow/airflow/lib/python3.7/site-packages/airflow/example_dags/example_trigger_controller_dag.py
[2023-10-17 11:02:24,701] {logging_mixin.py:109} INFO - [2023-10-17 11:02:24,701] {dag.py:2396} INFO - Sync 1 DAGs
[2023-10-17 11:02:24,709] {logging_mixin.py:109} INFO - [2023-10-17 11:02:24,709] {dag.py:2935} INFO - Setting next_dagrun for example_trigger_controller_dag to 2021-01-01T00:00:00+00:00
[2023-10-17 11:02:24,715] {processor.py:171} INFO - Processing /Users/namyoung/Desktop/myprj/airflow/airflow/lib/python3.7/site-packages/airflow/example_dags/example_trigger_controller_dag.py took 0.048 seconds
[2023-10-17 13:29:21,183] {processor.py:163} INFO - Started process (PID=33019) to work on /Users/namyoung/Desktop/myprj/airflow/airflow/lib/python3.7/site-packages/airflow/example_dags/example_trigger_controller_dag.py
[2023-10-17 13:29:21,186] {processor.py:642} INFO - Processing file /Users/namyoung/Desktop/myprj/airflow/airflow/lib/python3.7/site-packages/airflow/example_dags/example_trigger_controller_dag.py for tasks to queue
[2023-10-17 13:29:21,187] {logging_mixin.py:109} INFO - [2023-10-17 13:29:21,187] {dagbag.py:500} INFO - Filling up the DagBag from /Users/namyoung/Desktop/myprj/airflow/airflow/lib/python3.7/site-packages/airflow/example_dags/example_trigger_controller_dag.py
[2023-10-17 13:29:21,213] {processor.py:654} INFO - DAG(s) dict_keys(['example_trigger_controller_dag']) retrieved from /Users/namyoung/Desktop/myprj/airflow/airflow/lib/python3.7/site-packages/airflow/example_dags/example_trigger_controller_dag.py
[2023-10-17 13:29:21,223] {logging_mixin.py:109} INFO - [2023-10-17 13:29:21,223] {dag.py:2396} INFO - Sync 1 DAGs
[2023-10-17 13:29:21,233] {logging_mixin.py:109} INFO - [2023-10-17 13:29:21,232] {dag.py:2935} INFO - Setting next_dagrun for example_trigger_controller_dag to 2021-01-01T00:00:00+00:00
[2023-10-17 13:29:21,239] {processor.py:171} INFO - Processing /Users/namyoung/Desktop/myprj/airflow/airflow/lib/python3.7/site-packages/airflow/example_dags/example_trigger_controller_dag.py took 0.061 seconds
[2023-10-17 16:54:23,916] {processor.py:163} INFO - Started process (PID=33343) to work on /Users/namyoung/Desktop/myprj/airflow/airflow/lib/python3.7/site-packages/airflow/example_dags/example_trigger_controller_dag.py
[2023-10-17 16:54:23,917] {processor.py:642} INFO - Processing file /Users/namyoung/Desktop/myprj/airflow/airflow/lib/python3.7/site-packages/airflow/example_dags/example_trigger_controller_dag.py for tasks to queue
[2023-10-17 16:54:23,918] {logging_mixin.py:109} INFO - [2023-10-17 16:54:23,918] {dagbag.py:500} INFO - Filling up the DagBag from /Users/namyoung/Desktop/myprj/airflow/airflow/lib/python3.7/site-packages/airflow/example_dags/example_trigger_controller_dag.py
[2023-10-17 16:54:23,937] {processor.py:654} INFO - DAG(s) dict_keys(['example_trigger_controller_dag']) retrieved from /Users/namyoung/Desktop/myprj/airflow/airflow/lib/python3.7/site-packages/airflow/example_dags/example_trigger_controller_dag.py
[2023-10-17 16:54:23,943] {logging_mixin.py:109} INFO - [2023-10-17 16:54:23,943] {dag.py:2396} INFO - Sync 1 DAGs
[2023-10-17 16:54:23,950] {logging_mixin.py:109} INFO - [2023-10-17 16:54:23,950] {dag.py:2935} INFO - Setting next_dagrun for example_trigger_controller_dag to 2021-01-01T00:00:00+00:00
[2023-10-17 16:54:23,956] {processor.py:171} INFO - Processing /Users/namyoung/Desktop/myprj/airflow/airflow/lib/python3.7/site-packages/airflow/example_dags/example_trigger_controller_dag.py took 0.045 seconds
[2023-10-17 19:15:31,897] {processor.py:163} INFO - Started process (PID=33631) to work on /Users/namyoung/Desktop/myprj/airflow/airflow/lib/python3.7/site-packages/airflow/example_dags/example_trigger_controller_dag.py
[2023-10-17 19:15:31,898] {processor.py:642} INFO - Processing file /Users/namyoung/Desktop/myprj/airflow/airflow/lib/python3.7/site-packages/airflow/example_dags/example_trigger_controller_dag.py for tasks to queue
[2023-10-17 19:15:31,899] {logging_mixin.py:109} INFO - [2023-10-17 19:15:31,899] {dagbag.py:500} INFO - Filling up the DagBag from /Users/namyoung/Desktop/myprj/airflow/airflow/lib/python3.7/site-packages/airflow/example_dags/example_trigger_controller_dag.py
[2023-10-17 19:15:31,912] {processor.py:654} INFO - DAG(s) dict_keys(['example_trigger_controller_dag']) retrieved from /Users/namyoung/Desktop/myprj/airflow/airflow/lib/python3.7/site-packages/airflow/example_dags/example_trigger_controller_dag.py
[2023-10-17 19:15:31,917] {logging_mixin.py:109} INFO - [2023-10-17 19:15:31,917] {dag.py:2396} INFO - Sync 1 DAGs
[2023-10-17 19:15:31,924] {logging_mixin.py:109} INFO - [2023-10-17 19:15:31,924] {dag.py:2935} INFO - Setting next_dagrun for example_trigger_controller_dag to 2021-01-01T00:00:00+00:00
[2023-10-17 19:15:31,930] {processor.py:171} INFO - Processing /Users/namyoung/Desktop/myprj/airflow/airflow/lib/python3.7/site-packages/airflow/example_dags/example_trigger_controller_dag.py took 0.035 seconds
[2023-10-17 22:22:29,143] {processor.py:163} INFO - Started process (PID=33937) to work on /Users/namyoung/Desktop/myprj/airflow/airflow/lib/python3.7/site-packages/airflow/example_dags/example_trigger_controller_dag.py
[2023-10-17 22:22:29,143] {processor.py:642} INFO - Processing file /Users/namyoung/Desktop/myprj/airflow/airflow/lib/python3.7/site-packages/airflow/example_dags/example_trigger_controller_dag.py for tasks to queue
[2023-10-17 22:22:29,144] {logging_mixin.py:109} INFO - [2023-10-17 22:22:29,144] {dagbag.py:500} INFO - Filling up the DagBag from /Users/namyoung/Desktop/myprj/airflow/airflow/lib/python3.7/site-packages/airflow/example_dags/example_trigger_controller_dag.py
[2023-10-17 22:22:29,155] {processor.py:654} INFO - DAG(s) dict_keys(['example_trigger_controller_dag']) retrieved from /Users/namyoung/Desktop/myprj/airflow/airflow/lib/python3.7/site-packages/airflow/example_dags/example_trigger_controller_dag.py
[2023-10-17 22:22:29,161] {logging_mixin.py:109} INFO - [2023-10-17 22:22:29,160] {dag.py:2396} INFO - Sync 1 DAGs
[2023-10-17 22:22:29,167] {logging_mixin.py:109} INFO - [2023-10-17 22:22:29,167] {dag.py:2935} INFO - Setting next_dagrun for example_trigger_controller_dag to 2021-01-01T00:00:00+00:00
[2023-10-17 22:22:29,173] {processor.py:171} INFO - Processing /Users/namyoung/Desktop/myprj/airflow/airflow/lib/python3.7/site-packages/airflow/example_dags/example_trigger_controller_dag.py took 0.033 seconds
[2023-10-18 01:59:37,671] {processor.py:163} INFO - Started process (PID=34272) to work on /Users/namyoung/Desktop/myprj/airflow/airflow/lib/python3.7/site-packages/airflow/example_dags/example_trigger_controller_dag.py
[2023-10-18 01:59:37,671] {processor.py:642} INFO - Processing file /Users/namyoung/Desktop/myprj/airflow/airflow/lib/python3.7/site-packages/airflow/example_dags/example_trigger_controller_dag.py for tasks to queue
[2023-10-18 01:59:37,672] {logging_mixin.py:109} INFO - [2023-10-18 01:59:37,672] {dagbag.py:500} INFO - Filling up the DagBag from /Users/namyoung/Desktop/myprj/airflow/airflow/lib/python3.7/site-packages/airflow/example_dags/example_trigger_controller_dag.py
[2023-10-18 01:59:37,684] {processor.py:654} INFO - DAG(s) dict_keys(['example_trigger_controller_dag']) retrieved from /Users/namyoung/Desktop/myprj/airflow/airflow/lib/python3.7/site-packages/airflow/example_dags/example_trigger_controller_dag.py
[2023-10-18 01:59:37,691] {logging_mixin.py:109} INFO - [2023-10-18 01:59:37,690] {dag.py:2396} INFO - Sync 1 DAGs
[2023-10-18 01:59:37,698] {logging_mixin.py:109} INFO - [2023-10-18 01:59:37,697] {dag.py:2935} INFO - Setting next_dagrun for example_trigger_controller_dag to 2021-01-01T00:00:00+00:00
[2023-10-18 01:59:37,703] {processor.py:171} INFO - Processing /Users/namyoung/Desktop/myprj/airflow/airflow/lib/python3.7/site-packages/airflow/example_dags/example_trigger_controller_dag.py took 0.034 seconds
[2023-10-18 04:20:27,821] {processor.py:163} INFO - Started process (PID=34547) to work on /Users/namyoung/Desktop/myprj/airflow/airflow/lib/python3.7/site-packages/airflow/example_dags/example_trigger_controller_dag.py
[2023-10-18 04:20:27,822] {processor.py:642} INFO - Processing file /Users/namyoung/Desktop/myprj/airflow/airflow/lib/python3.7/site-packages/airflow/example_dags/example_trigger_controller_dag.py for tasks to queue
[2023-10-18 04:20:27,823] {logging_mixin.py:109} INFO - [2023-10-18 04:20:27,822] {dagbag.py:500} INFO - Filling up the DagBag from /Users/namyoung/Desktop/myprj/airflow/airflow/lib/python3.7/site-packages/airflow/example_dags/example_trigger_controller_dag.py
[2023-10-18 04:20:27,833] {processor.py:654} INFO - DAG(s) dict_keys(['example_trigger_controller_dag']) retrieved from /Users/namyoung/Desktop/myprj/airflow/airflow/lib/python3.7/site-packages/airflow/example_dags/example_trigger_controller_dag.py
[2023-10-18 04:20:27,838] {logging_mixin.py:109} INFO - [2023-10-18 04:20:27,838] {dag.py:2396} INFO - Sync 1 DAGs
[2023-10-18 04:20:27,845] {logging_mixin.py:109} INFO - [2023-10-18 04:20:27,845] {dag.py:2935} INFO - Setting next_dagrun for example_trigger_controller_dag to 2021-01-01T00:00:00+00:00
[2023-10-18 04:20:27,851] {processor.py:171} INFO - Processing /Users/namyoung/Desktop/myprj/airflow/airflow/lib/python3.7/site-packages/airflow/example_dags/example_trigger_controller_dag.py took 0.031 seconds
[2023-10-18 07:04:49,568] {processor.py:163} INFO - Started process (PID=34796) to work on /Users/namyoung/Desktop/myprj/airflow/airflow/lib/python3.7/site-packages/airflow/example_dags/example_trigger_controller_dag.py
[2023-10-18 07:04:49,569] {processor.py:642} INFO - Processing file /Users/namyoung/Desktop/myprj/airflow/airflow/lib/python3.7/site-packages/airflow/example_dags/example_trigger_controller_dag.py for tasks to queue
[2023-10-18 07:04:49,570] {logging_mixin.py:109} INFO - [2023-10-18 07:04:49,569] {dagbag.py:500} INFO - Filling up the DagBag from /Users/namyoung/Desktop/myprj/airflow/airflow/lib/python3.7/site-packages/airflow/example_dags/example_trigger_controller_dag.py
[2023-10-18 07:04:49,581] {processor.py:654} INFO - DAG(s) dict_keys(['example_trigger_controller_dag']) retrieved from /Users/namyoung/Desktop/myprj/airflow/airflow/lib/python3.7/site-packages/airflow/example_dags/example_trigger_controller_dag.py
[2023-10-18 07:04:49,588] {logging_mixin.py:109} INFO - [2023-10-18 07:04:49,588] {dag.py:2396} INFO - Sync 1 DAGs
[2023-10-18 07:04:49,595] {logging_mixin.py:109} INFO - [2023-10-18 07:04:49,595] {dag.py:2935} INFO - Setting next_dagrun for example_trigger_controller_dag to 2021-01-01T00:00:00+00:00
[2023-10-18 07:04:49,602] {processor.py:171} INFO - Processing /Users/namyoung/Desktop/myprj/airflow/airflow/lib/python3.7/site-packages/airflow/example_dags/example_trigger_controller_dag.py took 0.036 seconds
[2023-10-18 08:27:41,781] {processor.py:163} INFO - Started process (PID=34985) to work on /Users/namyoung/Desktop/myprj/airflow/airflow/lib/python3.7/site-packages/airflow/example_dags/example_trigger_controller_dag.py
[2023-10-18 08:27:41,782] {processor.py:642} INFO - Processing file /Users/namyoung/Desktop/myprj/airflow/airflow/lib/python3.7/site-packages/airflow/example_dags/example_trigger_controller_dag.py for tasks to queue
[2023-10-18 08:27:41,783] {logging_mixin.py:109} INFO - [2023-10-18 08:27:41,782] {dagbag.py:500} INFO - Filling up the DagBag from /Users/namyoung/Desktop/myprj/airflow/airflow/lib/python3.7/site-packages/airflow/example_dags/example_trigger_controller_dag.py
[2023-10-18 08:27:41,795] {processor.py:654} INFO - DAG(s) dict_keys(['example_trigger_controller_dag']) retrieved from /Users/namyoung/Desktop/myprj/airflow/airflow/lib/python3.7/site-packages/airflow/example_dags/example_trigger_controller_dag.py
[2023-10-18 08:27:41,801] {logging_mixin.py:109} INFO - [2023-10-18 08:27:41,800] {dag.py:2396} INFO - Sync 1 DAGs
[2023-10-18 08:27:41,808] {logging_mixin.py:109} INFO - [2023-10-18 08:27:41,808] {dag.py:2935} INFO - Setting next_dagrun for example_trigger_controller_dag to 2021-01-01T00:00:00+00:00
[2023-10-18 08:27:41,814] {processor.py:171} INFO - Processing /Users/namyoung/Desktop/myprj/airflow/airflow/lib/python3.7/site-packages/airflow/example_dags/example_trigger_controller_dag.py took 0.035 seconds
[2023-10-18 08:28:14,378] {processor.py:163} INFO - Started process (PID=35137) to work on /Users/namyoung/Desktop/myprj/airflow/airflow/lib/python3.7/site-packages/airflow/example_dags/example_trigger_controller_dag.py
[2023-10-18 08:28:14,379] {processor.py:642} INFO - Processing file /Users/namyoung/Desktop/myprj/airflow/airflow/lib/python3.7/site-packages/airflow/example_dags/example_trigger_controller_dag.py for tasks to queue
[2023-10-18 08:28:14,380] {logging_mixin.py:109} INFO - [2023-10-18 08:28:14,379] {dagbag.py:500} INFO - Filling up the DagBag from /Users/namyoung/Desktop/myprj/airflow/airflow/lib/python3.7/site-packages/airflow/example_dags/example_trigger_controller_dag.py
[2023-10-18 08:28:14,397] {processor.py:654} INFO - DAG(s) dict_keys(['example_trigger_controller_dag']) retrieved from /Users/namyoung/Desktop/myprj/airflow/airflow/lib/python3.7/site-packages/airflow/example_dags/example_trigger_controller_dag.py
[2023-10-18 08:28:14,403] {logging_mixin.py:109} INFO - [2023-10-18 08:28:14,403] {dag.py:2396} INFO - Sync 1 DAGs
[2023-10-18 08:28:14,410] {logging_mixin.py:109} INFO - [2023-10-18 08:28:14,410] {dag.py:2935} INFO - Setting next_dagrun for example_trigger_controller_dag to 2021-01-01T00:00:00+00:00
[2023-10-18 08:28:14,416] {processor.py:171} INFO - Processing /Users/namyoung/Desktop/myprj/airflow/airflow/lib/python3.7/site-packages/airflow/example_dags/example_trigger_controller_dag.py took 0.042 seconds
[2023-10-18 08:28:45,800] {processor.py:163} INFO - Started process (PID=35361) to work on /Users/namyoung/Desktop/myprj/airflow/airflow/lib/python3.7/site-packages/airflow/example_dags/example_trigger_controller_dag.py
[2023-10-18 08:28:45,802] {processor.py:642} INFO - Processing file /Users/namyoung/Desktop/myprj/airflow/airflow/lib/python3.7/site-packages/airflow/example_dags/example_trigger_controller_dag.py for tasks to queue
[2023-10-18 08:28:45,803] {logging_mixin.py:109} INFO - [2023-10-18 08:28:45,803] {dagbag.py:500} INFO - Filling up the DagBag from /Users/namyoung/Desktop/myprj/airflow/airflow/lib/python3.7/site-packages/airflow/example_dags/example_trigger_controller_dag.py
[2023-10-18 08:28:45,821] {processor.py:654} INFO - DAG(s) dict_keys(['example_trigger_controller_dag']) retrieved from /Users/namyoung/Desktop/myprj/airflow/airflow/lib/python3.7/site-packages/airflow/example_dags/example_trigger_controller_dag.py
[2023-10-18 08:28:45,829] {logging_mixin.py:109} INFO - [2023-10-18 08:28:45,828] {dag.py:2396} INFO - Sync 1 DAGs
[2023-10-18 08:28:45,837] {logging_mixin.py:109} INFO - [2023-10-18 08:28:45,837] {dag.py:2935} INFO - Setting next_dagrun for example_trigger_controller_dag to 2021-01-01T00:00:00+00:00
[2023-10-18 08:28:45,843] {processor.py:171} INFO - Processing /Users/namyoung/Desktop/myprj/airflow/airflow/lib/python3.7/site-packages/airflow/example_dags/example_trigger_controller_dag.py took 0.045 seconds
[2023-10-18 08:29:19,380] {processor.py:163} INFO - Started process (PID=35414) to work on /Users/namyoung/Desktop/myprj/airflow/airflow/lib/python3.7/site-packages/airflow/example_dags/example_trigger_controller_dag.py
[2023-10-18 08:29:19,381] {processor.py:642} INFO - Processing file /Users/namyoung/Desktop/myprj/airflow/airflow/lib/python3.7/site-packages/airflow/example_dags/example_trigger_controller_dag.py for tasks to queue
[2023-10-18 08:29:19,382] {logging_mixin.py:109} INFO - [2023-10-18 08:29:19,382] {dagbag.py:500} INFO - Filling up the DagBag from /Users/namyoung/Desktop/myprj/airflow/airflow/lib/python3.7/site-packages/airflow/example_dags/example_trigger_controller_dag.py
[2023-10-18 08:29:19,401] {processor.py:654} INFO - DAG(s) dict_keys(['example_trigger_controller_dag']) retrieved from /Users/namyoung/Desktop/myprj/airflow/airflow/lib/python3.7/site-packages/airflow/example_dags/example_trigger_controller_dag.py
[2023-10-18 08:29:19,409] {logging_mixin.py:109} INFO - [2023-10-18 08:29:19,409] {dag.py:2396} INFO - Sync 1 DAGs
[2023-10-18 08:29:19,419] {logging_mixin.py:109} INFO - [2023-10-18 08:29:19,419] {dag.py:2935} INFO - Setting next_dagrun for example_trigger_controller_dag to 2021-01-01T00:00:00+00:00
[2023-10-18 08:29:19,425] {processor.py:171} INFO - Processing /Users/namyoung/Desktop/myprj/airflow/airflow/lib/python3.7/site-packages/airflow/example_dags/example_trigger_controller_dag.py took 0.048 seconds
[2023-10-18 08:29:53,330] {processor.py:163} INFO - Started process (PID=35475) to work on /Users/namyoung/Desktop/myprj/airflow/airflow/lib/python3.7/site-packages/airflow/example_dags/example_trigger_controller_dag.py
[2023-10-18 08:29:53,331] {processor.py:642} INFO - Processing file /Users/namyoung/Desktop/myprj/airflow/airflow/lib/python3.7/site-packages/airflow/example_dags/example_trigger_controller_dag.py for tasks to queue
[2023-10-18 08:29:53,332] {logging_mixin.py:109} INFO - [2023-10-18 08:29:53,332] {dagbag.py:500} INFO - Filling up the DagBag from /Users/namyoung/Desktop/myprj/airflow/airflow/lib/python3.7/site-packages/airflow/example_dags/example_trigger_controller_dag.py
[2023-10-18 08:29:53,349] {processor.py:654} INFO - DAG(s) dict_keys(['example_trigger_controller_dag']) retrieved from /Users/namyoung/Desktop/myprj/airflow/airflow/lib/python3.7/site-packages/airflow/example_dags/example_trigger_controller_dag.py
[2023-10-18 08:29:53,356] {logging_mixin.py:109} INFO - [2023-10-18 08:29:53,356] {dag.py:2396} INFO - Sync 1 DAGs
[2023-10-18 08:29:53,364] {logging_mixin.py:109} INFO - [2023-10-18 08:29:53,363] {dag.py:2935} INFO - Setting next_dagrun for example_trigger_controller_dag to 2021-01-01T00:00:00+00:00
[2023-10-18 08:29:53,370] {processor.py:171} INFO - Processing /Users/namyoung/Desktop/myprj/airflow/airflow/lib/python3.7/site-packages/airflow/example_dags/example_trigger_controller_dag.py took 0.043 seconds
