[2023-10-17 10:22:34,613] {processor.py:163} INFO - Started process (PID=32674) to work on /Users/namyoung/Desktop/myprj/airflow/airflow/lib/python3.7/site-packages/airflow/example_dags/example_branch_operator.py
[2023-10-17 10:22:34,614] {processor.py:642} INFO - Processing file /Users/namyoung/Desktop/myprj/airflow/airflow/lib/python3.7/site-packages/airflow/example_dags/example_branch_operator.py for tasks to queue
[2023-10-17 10:22:34,615] {logging_mixin.py:109} INFO - [2023-10-17 10:22:34,615] {dagbag.py:500} INFO - Filling up the DagBag from /Users/namyoung/Desktop/myprj/airflow/airflow/lib/python3.7/site-packages/airflow/example_dags/example_branch_operator.py
[2023-10-17 10:22:34,629] {processor.py:654} INFO - DAG(s) dict_keys(['example_branch_operator']) retrieved from /Users/namyoung/Desktop/myprj/airflow/airflow/lib/python3.7/site-packages/airflow/example_dags/example_branch_operator.py
[2023-10-17 10:22:34,636] {logging_mixin.py:109} INFO - [2023-10-17 10:22:34,636] {dag.py:2396} INFO - Sync 1 DAGs
[2023-10-17 10:22:34,644] {logging_mixin.py:109} INFO - [2023-10-17 10:22:34,644] {dag.py:2935} INFO - Setting next_dagrun for example_branch_operator to 2023-10-16 00:00:00+00:00
[2023-10-17 10:22:34,650] {processor.py:171} INFO - Processing /Users/namyoung/Desktop/myprj/airflow/airflow/lib/python3.7/site-packages/airflow/example_dags/example_branch_operator.py took 0.038 seconds
[2023-10-17 12:06:01,113] {processor.py:163} INFO - Started process (PID=32910) to work on /Users/namyoung/Desktop/myprj/airflow/airflow/lib/python3.7/site-packages/airflow/example_dags/example_branch_operator.py
[2023-10-17 12:06:01,115] {processor.py:642} INFO - Processing file /Users/namyoung/Desktop/myprj/airflow/airflow/lib/python3.7/site-packages/airflow/example_dags/example_branch_operator.py for tasks to queue
[2023-10-17 12:06:01,117] {logging_mixin.py:109} INFO - [2023-10-17 12:06:01,116] {dagbag.py:500} INFO - Filling up the DagBag from /Users/namyoung/Desktop/myprj/airflow/airflow/lib/python3.7/site-packages/airflow/example_dags/example_branch_operator.py
[2023-10-17 12:06:01,148] {processor.py:654} INFO - DAG(s) dict_keys(['example_branch_operator']) retrieved from /Users/namyoung/Desktop/myprj/airflow/airflow/lib/python3.7/site-packages/airflow/example_dags/example_branch_operator.py
[2023-10-17 12:06:01,158] {logging_mixin.py:109} INFO - [2023-10-17 12:06:01,157] {dag.py:2396} INFO - Sync 1 DAGs
[2023-10-17 12:06:01,168] {logging_mixin.py:109} INFO - [2023-10-17 12:06:01,167] {dag.py:2935} INFO - Setting next_dagrun for example_branch_operator to 2023-10-16 00:00:00+00:00
[2023-10-17 12:06:01,173] {processor.py:171} INFO - Processing /Users/namyoung/Desktop/myprj/airflow/airflow/lib/python3.7/site-packages/airflow/example_dags/example_branch_operator.py took 0.066 seconds
[2023-10-17 15:29:37,009] {processor.py:163} INFO - Started process (PID=33261) to work on /Users/namyoung/Desktop/myprj/airflow/airflow/lib/python3.7/site-packages/airflow/example_dags/example_branch_operator.py
[2023-10-17 15:29:37,010] {processor.py:642} INFO - Processing file /Users/namyoung/Desktop/myprj/airflow/airflow/lib/python3.7/site-packages/airflow/example_dags/example_branch_operator.py for tasks to queue
[2023-10-17 15:29:37,011] {logging_mixin.py:109} INFO - [2023-10-17 15:29:37,011] {dagbag.py:500} INFO - Filling up the DagBag from /Users/namyoung/Desktop/myprj/airflow/airflow/lib/python3.7/site-packages/airflow/example_dags/example_branch_operator.py
[2023-10-17 15:29:37,034] {processor.py:654} INFO - DAG(s) dict_keys(['example_branch_operator']) retrieved from /Users/namyoung/Desktop/myprj/airflow/airflow/lib/python3.7/site-packages/airflow/example_dags/example_branch_operator.py
[2023-10-17 15:29:37,041] {logging_mixin.py:109} INFO - [2023-10-17 15:29:37,041] {dag.py:2396} INFO - Sync 1 DAGs
[2023-10-17 15:29:37,049] {logging_mixin.py:109} INFO - [2023-10-17 15:29:37,049] {dag.py:2935} INFO - Setting next_dagrun for example_branch_operator to 2023-10-16 00:00:00+00:00
[2023-10-17 15:29:37,055] {processor.py:171} INFO - Processing /Users/namyoung/Desktop/myprj/airflow/airflow/lib/python3.7/site-packages/airflow/example_dags/example_branch_operator.py took 0.051 seconds
[2023-10-17 19:06:38,576] {processor.py:163} INFO - Started process (PID=33581) to work on /Users/namyoung/Desktop/myprj/airflow/airflow/lib/python3.7/site-packages/airflow/example_dags/example_branch_operator.py
[2023-10-17 19:06:38,577] {processor.py:642} INFO - Processing file /Users/namyoung/Desktop/myprj/airflow/airflow/lib/python3.7/site-packages/airflow/example_dags/example_branch_operator.py for tasks to queue
[2023-10-17 19:06:38,578] {logging_mixin.py:109} INFO - [2023-10-17 19:06:38,578] {dagbag.py:500} INFO - Filling up the DagBag from /Users/namyoung/Desktop/myprj/airflow/airflow/lib/python3.7/site-packages/airflow/example_dags/example_branch_operator.py
[2023-10-17 19:06:38,601] {processor.py:654} INFO - DAG(s) dict_keys(['example_branch_operator']) retrieved from /Users/namyoung/Desktop/myprj/airflow/airflow/lib/python3.7/site-packages/airflow/example_dags/example_branch_operator.py
[2023-10-17 19:06:38,609] {logging_mixin.py:109} INFO - [2023-10-17 19:06:38,609] {dag.py:2396} INFO - Sync 1 DAGs
[2023-10-17 19:06:38,620] {logging_mixin.py:109} INFO - [2023-10-17 19:06:38,620] {dag.py:2935} INFO - Setting next_dagrun for example_branch_operator to 2023-10-16 00:00:00+00:00
[2023-10-17 19:06:38,643] {processor.py:171} INFO - Processing /Users/namyoung/Desktop/myprj/airflow/airflow/lib/python3.7/site-packages/airflow/example_dags/example_branch_operator.py took 0.070 seconds
[2023-10-17 20:55:23,543] {processor.py:163} INFO - Started process (PID=33732) to work on /Users/namyoung/Desktop/myprj/airflow/airflow/lib/python3.7/site-packages/airflow/example_dags/example_branch_operator.py
[2023-10-17 20:55:23,544] {processor.py:642} INFO - Processing file /Users/namyoung/Desktop/myprj/airflow/airflow/lib/python3.7/site-packages/airflow/example_dags/example_branch_operator.py for tasks to queue
[2023-10-17 20:55:23,544] {logging_mixin.py:109} INFO - [2023-10-17 20:55:23,544] {dagbag.py:500} INFO - Filling up the DagBag from /Users/namyoung/Desktop/myprj/airflow/airflow/lib/python3.7/site-packages/airflow/example_dags/example_branch_operator.py
[2023-10-17 20:55:23,558] {processor.py:654} INFO - DAG(s) dict_keys(['example_branch_operator']) retrieved from /Users/namyoung/Desktop/myprj/airflow/airflow/lib/python3.7/site-packages/airflow/example_dags/example_branch_operator.py
[2023-10-17 20:55:23,564] {logging_mixin.py:109} INFO - [2023-10-17 20:55:23,564] {dag.py:2396} INFO - Sync 1 DAGs
[2023-10-17 20:55:23,572] {logging_mixin.py:109} INFO - [2023-10-17 20:55:23,571] {dag.py:2935} INFO - Setting next_dagrun for example_branch_operator to 2023-10-16 00:00:00+00:00
[2023-10-17 20:55:23,577] {processor.py:171} INFO - Processing /Users/namyoung/Desktop/myprj/airflow/airflow/lib/python3.7/site-packages/airflow/example_dags/example_branch_operator.py took 0.036 seconds
[2023-10-18 00:19:15,590] {processor.py:163} INFO - Started process (PID=34051) to work on /Users/namyoung/Desktop/myprj/airflow/airflow/lib/python3.7/site-packages/airflow/example_dags/example_branch_operator.py
[2023-10-18 00:19:15,590] {processor.py:642} INFO - Processing file /Users/namyoung/Desktop/myprj/airflow/airflow/lib/python3.7/site-packages/airflow/example_dags/example_branch_operator.py for tasks to queue
[2023-10-18 00:19:15,591] {logging_mixin.py:109} INFO - [2023-10-18 00:19:15,591] {dagbag.py:500} INFO - Filling up the DagBag from /Users/namyoung/Desktop/myprj/airflow/airflow/lib/python3.7/site-packages/airflow/example_dags/example_branch_operator.py
[2023-10-18 00:19:15,605] {processor.py:654} INFO - DAG(s) dict_keys(['example_branch_operator']) retrieved from /Users/namyoung/Desktop/myprj/airflow/airflow/lib/python3.7/site-packages/airflow/example_dags/example_branch_operator.py
[2023-10-18 00:19:15,611] {logging_mixin.py:109} INFO - [2023-10-18 00:19:15,611] {dag.py:2396} INFO - Sync 1 DAGs
[2023-10-18 00:19:15,619] {logging_mixin.py:109} INFO - [2023-10-18 00:19:15,619] {dag.py:2935} INFO - Setting next_dagrun for example_branch_operator to 2023-10-16 00:00:00+00:00
[2023-10-18 00:19:15,625] {processor.py:171} INFO - Processing /Users/namyoung/Desktop/myprj/airflow/airflow/lib/python3.7/site-packages/airflow/example_dags/example_branch_operator.py took 0.037 seconds
[2023-10-18 03:28:25,609] {processor.py:163} INFO - Started process (PID=34375) to work on /Users/namyoung/Desktop/myprj/airflow/airflow/lib/python3.7/site-packages/airflow/example_dags/example_branch_operator.py
[2023-10-18 03:28:25,610] {processor.py:642} INFO - Processing file /Users/namyoung/Desktop/myprj/airflow/airflow/lib/python3.7/site-packages/airflow/example_dags/example_branch_operator.py for tasks to queue
[2023-10-18 03:28:25,611] {logging_mixin.py:109} INFO - [2023-10-18 03:28:25,611] {dagbag.py:500} INFO - Filling up the DagBag from /Users/namyoung/Desktop/myprj/airflow/airflow/lib/python3.7/site-packages/airflow/example_dags/example_branch_operator.py
[2023-10-18 03:28:25,632] {processor.py:654} INFO - DAG(s) dict_keys(['example_branch_operator']) retrieved from /Users/namyoung/Desktop/myprj/airflow/airflow/lib/python3.7/site-packages/airflow/example_dags/example_branch_operator.py
[2023-10-18 03:28:25,639] {logging_mixin.py:109} INFO - [2023-10-18 03:28:25,639] {dag.py:2396} INFO - Sync 1 DAGs
[2023-10-18 03:28:25,647] {logging_mixin.py:109} INFO - [2023-10-18 03:28:25,647] {dag.py:2935} INFO - Setting next_dagrun for example_branch_operator to 2023-10-16 00:00:00+00:00
[2023-10-18 03:28:25,652] {processor.py:171} INFO - Processing /Users/namyoung/Desktop/myprj/airflow/airflow/lib/python3.7/site-packages/airflow/example_dags/example_branch_operator.py took 0.048 seconds
[2023-10-18 08:27:26,554] {processor.py:163} INFO - Started process (PID=34923) to work on /Users/namyoung/Desktop/myprj/airflow/airflow/lib/python3.7/site-packages/airflow/example_dags/example_branch_operator.py
[2023-10-18 08:27:26,557] {processor.py:642} INFO - Processing file /Users/namyoung/Desktop/myprj/airflow/airflow/lib/python3.7/site-packages/airflow/example_dags/example_branch_operator.py for tasks to queue
[2023-10-18 08:27:26,558] {logging_mixin.py:109} INFO - [2023-10-18 08:27:26,558] {dagbag.py:500} INFO - Filling up the DagBag from /Users/namyoung/Desktop/myprj/airflow/airflow/lib/python3.7/site-packages/airflow/example_dags/example_branch_operator.py
[2023-10-18 08:27:26,589] {processor.py:654} INFO - DAG(s) dict_keys(['example_branch_operator']) retrieved from /Users/namyoung/Desktop/myprj/airflow/airflow/lib/python3.7/site-packages/airflow/example_dags/example_branch_operator.py
[2023-10-18 08:27:26,599] {logging_mixin.py:109} INFO - [2023-10-18 08:27:26,599] {dag.py:2396} INFO - Sync 1 DAGs
[2023-10-18 08:27:26,608] {logging_mixin.py:109} INFO - [2023-10-18 08:27:26,608] {dag.py:2935} INFO - Setting next_dagrun for example_branch_operator to 2023-10-16 00:00:00+00:00
[2023-10-18 08:27:26,614] {processor.py:171} INFO - Processing /Users/namyoung/Desktop/myprj/airflow/airflow/lib/python3.7/site-packages/airflow/example_dags/example_branch_operator.py took 0.065 seconds
[2023-10-18 08:27:59,786] {processor.py:163} INFO - Started process (PID=35099) to work on /Users/namyoung/Desktop/myprj/airflow/airflow/lib/python3.7/site-packages/airflow/example_dags/example_branch_operator.py
[2023-10-18 08:27:59,789] {processor.py:642} INFO - Processing file /Users/namyoung/Desktop/myprj/airflow/airflow/lib/python3.7/site-packages/airflow/example_dags/example_branch_operator.py for tasks to queue
[2023-10-18 08:27:59,790] {logging_mixin.py:109} INFO - [2023-10-18 08:27:59,790] {dagbag.py:500} INFO - Filling up the DagBag from /Users/namyoung/Desktop/myprj/airflow/airflow/lib/python3.7/site-packages/airflow/example_dags/example_branch_operator.py
[2023-10-18 08:27:59,818] {processor.py:654} INFO - DAG(s) dict_keys(['example_branch_operator']) retrieved from /Users/namyoung/Desktop/myprj/airflow/airflow/lib/python3.7/site-packages/airflow/example_dags/example_branch_operator.py
[2023-10-18 08:27:59,827] {logging_mixin.py:109} INFO - [2023-10-18 08:27:59,827] {dag.py:2396} INFO - Sync 1 DAGs
[2023-10-18 08:27:59,837] {logging_mixin.py:109} INFO - [2023-10-18 08:27:59,837] {dag.py:2935} INFO - Setting next_dagrun for example_branch_operator to 2023-10-16 00:00:00+00:00
[2023-10-18 08:27:59,843] {processor.py:171} INFO - Processing /Users/namyoung/Desktop/myprj/airflow/airflow/lib/python3.7/site-packages/airflow/example_dags/example_branch_operator.py took 0.062 seconds
[2023-10-18 08:28:31,268] {processor.py:163} INFO - Started process (PID=35307) to work on /Users/namyoung/Desktop/myprj/airflow/airflow/lib/python3.7/site-packages/airflow/example_dags/example_branch_operator.py
[2023-10-18 08:28:31,269] {processor.py:642} INFO - Processing file /Users/namyoung/Desktop/myprj/airflow/airflow/lib/python3.7/site-packages/airflow/example_dags/example_branch_operator.py for tasks to queue
[2023-10-18 08:28:31,269] {logging_mixin.py:109} INFO - [2023-10-18 08:28:31,269] {dagbag.py:500} INFO - Filling up the DagBag from /Users/namyoung/Desktop/myprj/airflow/airflow/lib/python3.7/site-packages/airflow/example_dags/example_branch_operator.py
[2023-10-18 08:28:31,283] {processor.py:654} INFO - DAG(s) dict_keys(['example_branch_operator']) retrieved from /Users/namyoung/Desktop/myprj/airflow/airflow/lib/python3.7/site-packages/airflow/example_dags/example_branch_operator.py
[2023-10-18 08:28:31,290] {logging_mixin.py:109} INFO - [2023-10-18 08:28:31,290] {dag.py:2396} INFO - Sync 1 DAGs
[2023-10-18 08:28:31,299] {logging_mixin.py:109} INFO - [2023-10-18 08:28:31,299] {dag.py:2935} INFO - Setting next_dagrun for example_branch_operator to 2023-10-16 00:00:00+00:00
[2023-10-18 08:28:31,304] {processor.py:171} INFO - Processing /Users/namyoung/Desktop/myprj/airflow/airflow/lib/python3.7/site-packages/airflow/example_dags/example_branch_operator.py took 0.038 seconds
[2023-10-18 08:29:02,953] {processor.py:163} INFO - Started process (PID=35387) to work on /Users/namyoung/Desktop/myprj/airflow/airflow/lib/python3.7/site-packages/airflow/example_dags/example_branch_operator.py
[2023-10-18 08:29:02,955] {processor.py:642} INFO - Processing file /Users/namyoung/Desktop/myprj/airflow/airflow/lib/python3.7/site-packages/airflow/example_dags/example_branch_operator.py for tasks to queue
[2023-10-18 08:29:02,956] {logging_mixin.py:109} INFO - [2023-10-18 08:29:02,956] {dagbag.py:500} INFO - Filling up the DagBag from /Users/namyoung/Desktop/myprj/airflow/airflow/lib/python3.7/site-packages/airflow/example_dags/example_branch_operator.py
[2023-10-18 08:29:02,982] {processor.py:654} INFO - DAG(s) dict_keys(['example_branch_operator']) retrieved from /Users/namyoung/Desktop/myprj/airflow/airflow/lib/python3.7/site-packages/airflow/example_dags/example_branch_operator.py
[2023-10-18 08:29:02,991] {logging_mixin.py:109} INFO - [2023-10-18 08:29:02,990] {dag.py:2396} INFO - Sync 1 DAGs
[2023-10-18 08:29:03,000] {logging_mixin.py:109} INFO - [2023-10-18 08:29:03,000] {dag.py:2935} INFO - Setting next_dagrun for example_branch_operator to 2023-10-16 00:00:00+00:00
[2023-10-18 08:29:03,007] {processor.py:171} INFO - Processing /Users/namyoung/Desktop/myprj/airflow/airflow/lib/python3.7/site-packages/airflow/example_dags/example_branch_operator.py took 0.059 seconds
[2023-10-18 08:29:38,535] {processor.py:163} INFO - Started process (PID=35441) to work on /Users/namyoung/Desktop/myprj/airflow/airflow/lib/python3.7/site-packages/airflow/example_dags/example_branch_operator.py
[2023-10-18 08:29:38,538] {processor.py:642} INFO - Processing file /Users/namyoung/Desktop/myprj/airflow/airflow/lib/python3.7/site-packages/airflow/example_dags/example_branch_operator.py for tasks to queue
[2023-10-18 08:29:38,539] {logging_mixin.py:109} INFO - [2023-10-18 08:29:38,539] {dagbag.py:500} INFO - Filling up the DagBag from /Users/namyoung/Desktop/myprj/airflow/airflow/lib/python3.7/site-packages/airflow/example_dags/example_branch_operator.py
[2023-10-18 08:29:38,566] {processor.py:654} INFO - DAG(s) dict_keys(['example_branch_operator']) retrieved from /Users/namyoung/Desktop/myprj/airflow/airflow/lib/python3.7/site-packages/airflow/example_dags/example_branch_operator.py
[2023-10-18 08:29:38,575] {logging_mixin.py:109} INFO - [2023-10-18 08:29:38,575] {dag.py:2396} INFO - Sync 1 DAGs
[2023-10-18 08:29:38,585] {logging_mixin.py:109} INFO - [2023-10-18 08:29:38,584] {dag.py:2935} INFO - Setting next_dagrun for example_branch_operator to 2023-10-16 00:00:00+00:00
[2023-10-18 08:29:38,590] {processor.py:171} INFO - Processing /Users/namyoung/Desktop/myprj/airflow/airflow/lib/python3.7/site-packages/airflow/example_dags/example_branch_operator.py took 0.060 seconds
