[2023-10-17 09:31:56,024] {processor.py:163} INFO - Started process (PID=32622) to work on /Users/namyoung/Desktop/myprj/airflow/airflow/lib/python3.7/site-packages/airflow/example_dags/example_time_delta_sensor_async.py
[2023-10-17 09:31:56,025] {processor.py:642} INFO - Processing file /Users/namyoung/Desktop/myprj/airflow/airflow/lib/python3.7/site-packages/airflow/example_dags/example_time_delta_sensor_async.py for tasks to queue
[2023-10-17 09:31:56,025] {logging_mixin.py:109} INFO - [2023-10-17 09:31:56,025] {dagbag.py:500} INFO - Filling up the DagBag from /Users/namyoung/Desktop/myprj/airflow/airflow/lib/python3.7/site-packages/airflow/example_dags/example_time_delta_sensor_async.py
[2023-10-17 09:31:56,036] {processor.py:654} INFO - DAG(s) dict_keys(['example_time_delta_sensor_async']) retrieved from /Users/namyoung/Desktop/myprj/airflow/airflow/lib/python3.7/site-packages/airflow/example_dags/example_time_delta_sensor_async.py
[2023-10-17 09:31:56,041] {logging_mixin.py:109} INFO - [2023-10-17 09:31:56,041] {dag.py:2396} INFO - Sync 1 DAGs
[2023-10-17 09:31:56,047] {logging_mixin.py:109} INFO - [2023-10-17 09:31:56,047] {dag.py:2935} INFO - Setting next_dagrun for example_time_delta_sensor_async to None
[2023-10-17 09:31:56,052] {processor.py:171} INFO - Processing /Users/namyoung/Desktop/myprj/airflow/airflow/lib/python3.7/site-packages/airflow/example_dags/example_time_delta_sensor_async.py took 0.030 seconds
[2023-10-17 11:02:25,811] {processor.py:163} INFO - Started process (PID=32746) to work on /Users/namyoung/Desktop/myprj/airflow/airflow/lib/python3.7/site-packages/airflow/example_dags/example_time_delta_sensor_async.py
[2023-10-17 11:02:25,813] {processor.py:642} INFO - Processing file /Users/namyoung/Desktop/myprj/airflow/airflow/lib/python3.7/site-packages/airflow/example_dags/example_time_delta_sensor_async.py for tasks to queue
[2023-10-17 11:02:25,814] {logging_mixin.py:109} INFO - [2023-10-17 11:02:25,814] {dagbag.py:500} INFO - Filling up the DagBag from /Users/namyoung/Desktop/myprj/airflow/airflow/lib/python3.7/site-packages/airflow/example_dags/example_time_delta_sensor_async.py
[2023-10-17 11:02:25,831] {processor.py:654} INFO - DAG(s) dict_keys(['example_time_delta_sensor_async']) retrieved from /Users/namyoung/Desktop/myprj/airflow/airflow/lib/python3.7/site-packages/airflow/example_dags/example_time_delta_sensor_async.py
[2023-10-17 11:02:25,837] {logging_mixin.py:109} INFO - [2023-10-17 11:02:25,837] {dag.py:2396} INFO - Sync 1 DAGs
[2023-10-17 11:02:25,845] {logging_mixin.py:109} INFO - [2023-10-17 11:02:25,845] {dag.py:2935} INFO - Setting next_dagrun for example_time_delta_sensor_async to None
[2023-10-17 11:02:25,850] {processor.py:171} INFO - Processing /Users/namyoung/Desktop/myprj/airflow/airflow/lib/python3.7/site-packages/airflow/example_dags/example_time_delta_sensor_async.py took 0.041 seconds
[2023-10-17 13:46:33,464] {processor.py:163} INFO - Started process (PID=33024) to work on /Users/namyoung/Desktop/myprj/airflow/airflow/lib/python3.7/site-packages/airflow/example_dags/example_time_delta_sensor_async.py
[2023-10-17 13:46:33,465] {processor.py:642} INFO - Processing file /Users/namyoung/Desktop/myprj/airflow/airflow/lib/python3.7/site-packages/airflow/example_dags/example_time_delta_sensor_async.py for tasks to queue
[2023-10-17 13:46:33,465] {logging_mixin.py:109} INFO - [2023-10-17 13:46:33,465] {dagbag.py:500} INFO - Filling up the DagBag from /Users/namyoung/Desktop/myprj/airflow/airflow/lib/python3.7/site-packages/airflow/example_dags/example_time_delta_sensor_async.py
[2023-10-17 13:46:33,483] {processor.py:654} INFO - DAG(s) dict_keys(['example_time_delta_sensor_async']) retrieved from /Users/namyoung/Desktop/myprj/airflow/airflow/lib/python3.7/site-packages/airflow/example_dags/example_time_delta_sensor_async.py
[2023-10-17 13:46:33,490] {logging_mixin.py:109} INFO - [2023-10-17 13:46:33,490] {dag.py:2396} INFO - Sync 1 DAGs
[2023-10-17 13:46:33,498] {logging_mixin.py:109} INFO - [2023-10-17 13:46:33,498] {dag.py:2935} INFO - Setting next_dagrun for example_time_delta_sensor_async to None
[2023-10-17 13:46:33,503] {processor.py:171} INFO - Processing /Users/namyoung/Desktop/myprj/airflow/airflow/lib/python3.7/site-packages/airflow/example_dags/example_time_delta_sensor_async.py took 0.042 seconds
[2023-10-17 17:09:47,726] {processor.py:163} INFO - Started process (PID=33355) to work on /Users/namyoung/Desktop/myprj/airflow/airflow/lib/python3.7/site-packages/airflow/example_dags/example_time_delta_sensor_async.py
[2023-10-17 17:09:47,727] {processor.py:642} INFO - Processing file /Users/namyoung/Desktop/myprj/airflow/airflow/lib/python3.7/site-packages/airflow/example_dags/example_time_delta_sensor_async.py for tasks to queue
[2023-10-17 17:09:47,727] {logging_mixin.py:109} INFO - [2023-10-17 17:09:47,727] {dagbag.py:500} INFO - Filling up the DagBag from /Users/namyoung/Desktop/myprj/airflow/airflow/lib/python3.7/site-packages/airflow/example_dags/example_time_delta_sensor_async.py
[2023-10-17 17:09:47,740] {processor.py:654} INFO - DAG(s) dict_keys(['example_time_delta_sensor_async']) retrieved from /Users/namyoung/Desktop/myprj/airflow/airflow/lib/python3.7/site-packages/airflow/example_dags/example_time_delta_sensor_async.py
[2023-10-17 17:09:47,745] {logging_mixin.py:109} INFO - [2023-10-17 17:09:47,745] {dag.py:2396} INFO - Sync 1 DAGs
[2023-10-17 17:09:47,752] {logging_mixin.py:109} INFO - [2023-10-17 17:09:47,752] {dag.py:2935} INFO - Setting next_dagrun for example_time_delta_sensor_async to None
[2023-10-17 17:09:47,758] {processor.py:171} INFO - Processing /Users/namyoung/Desktop/myprj/airflow/airflow/lib/python3.7/site-packages/airflow/example_dags/example_time_delta_sensor_async.py took 0.034 seconds
[2023-10-17 19:15:33,072] {processor.py:163} INFO - Started process (PID=33633) to work on /Users/namyoung/Desktop/myprj/airflow/airflow/lib/python3.7/site-packages/airflow/example_dags/example_time_delta_sensor_async.py
[2023-10-17 19:15:33,074] {processor.py:642} INFO - Processing file /Users/namyoung/Desktop/myprj/airflow/airflow/lib/python3.7/site-packages/airflow/example_dags/example_time_delta_sensor_async.py for tasks to queue
[2023-10-17 19:15:33,075] {logging_mixin.py:109} INFO - [2023-10-17 19:15:33,075] {dagbag.py:500} INFO - Filling up the DagBag from /Users/namyoung/Desktop/myprj/airflow/airflow/lib/python3.7/site-packages/airflow/example_dags/example_time_delta_sensor_async.py
[2023-10-17 19:15:33,099] {processor.py:654} INFO - DAG(s) dict_keys(['example_time_delta_sensor_async']) retrieved from /Users/namyoung/Desktop/myprj/airflow/airflow/lib/python3.7/site-packages/airflow/example_dags/example_time_delta_sensor_async.py
[2023-10-17 19:15:33,107] {logging_mixin.py:109} INFO - [2023-10-17 19:15:33,107] {dag.py:2396} INFO - Sync 1 DAGs
[2023-10-17 19:15:33,116] {logging_mixin.py:109} INFO - [2023-10-17 19:15:33,115] {dag.py:2935} INFO - Setting next_dagrun for example_time_delta_sensor_async to None
[2023-10-17 19:15:33,121] {processor.py:171} INFO - Processing /Users/namyoung/Desktop/myprj/airflow/airflow/lib/python3.7/site-packages/airflow/example_dags/example_time_delta_sensor_async.py took 0.054 seconds
[2023-10-17 22:22:29,748] {processor.py:163} INFO - Started process (PID=33938) to work on /Users/namyoung/Desktop/myprj/airflow/airflow/lib/python3.7/site-packages/airflow/example_dags/example_time_delta_sensor_async.py
[2023-10-17 22:22:29,749] {processor.py:642} INFO - Processing file /Users/namyoung/Desktop/myprj/airflow/airflow/lib/python3.7/site-packages/airflow/example_dags/example_time_delta_sensor_async.py for tasks to queue
[2023-10-17 22:22:29,749] {logging_mixin.py:109} INFO - [2023-10-17 22:22:29,749] {dagbag.py:500} INFO - Filling up the DagBag from /Users/namyoung/Desktop/myprj/airflow/airflow/lib/python3.7/site-packages/airflow/example_dags/example_time_delta_sensor_async.py
[2023-10-17 22:22:29,761] {processor.py:654} INFO - DAG(s) dict_keys(['example_time_delta_sensor_async']) retrieved from /Users/namyoung/Desktop/myprj/airflow/airflow/lib/python3.7/site-packages/airflow/example_dags/example_time_delta_sensor_async.py
[2023-10-17 22:22:29,766] {logging_mixin.py:109} INFO - [2023-10-17 22:22:29,765] {dag.py:2396} INFO - Sync 1 DAGs
[2023-10-17 22:22:29,773] {logging_mixin.py:109} INFO - [2023-10-17 22:22:29,772] {dag.py:2935} INFO - Setting next_dagrun for example_time_delta_sensor_async to None
[2023-10-17 22:22:29,780] {processor.py:171} INFO - Processing /Users/namyoung/Desktop/myprj/airflow/airflow/lib/python3.7/site-packages/airflow/example_dags/example_time_delta_sensor_async.py took 0.033 seconds
[2023-10-18 01:59:38,856] {processor.py:163} INFO - Started process (PID=34273) to work on /Users/namyoung/Desktop/myprj/airflow/airflow/lib/python3.7/site-packages/airflow/example_dags/example_time_delta_sensor_async.py
[2023-10-18 01:59:38,857] {processor.py:642} INFO - Processing file /Users/namyoung/Desktop/myprj/airflow/airflow/lib/python3.7/site-packages/airflow/example_dags/example_time_delta_sensor_async.py for tasks to queue
[2023-10-18 01:59:38,858] {logging_mixin.py:109} INFO - [2023-10-18 01:59:38,858] {dagbag.py:500} INFO - Filling up the DagBag from /Users/namyoung/Desktop/myprj/airflow/airflow/lib/python3.7/site-packages/airflow/example_dags/example_time_delta_sensor_async.py
[2023-10-18 01:59:38,884] {processor.py:654} INFO - DAG(s) dict_keys(['example_time_delta_sensor_async']) retrieved from /Users/namyoung/Desktop/myprj/airflow/airflow/lib/python3.7/site-packages/airflow/example_dags/example_time_delta_sensor_async.py
[2023-10-18 01:59:38,894] {logging_mixin.py:109} INFO - [2023-10-18 01:59:38,894] {dag.py:2396} INFO - Sync 1 DAGs
[2023-10-18 01:59:38,903] {logging_mixin.py:109} INFO - [2023-10-18 01:59:38,903] {dag.py:2935} INFO - Setting next_dagrun for example_time_delta_sensor_async to None
[2023-10-18 01:59:38,909] {processor.py:171} INFO - Processing /Users/namyoung/Desktop/myprj/airflow/airflow/lib/python3.7/site-packages/airflow/example_dags/example_time_delta_sensor_async.py took 0.057 seconds
[2023-10-18 04:36:22,356] {processor.py:163} INFO - Started process (PID=34553) to work on /Users/namyoung/Desktop/myprj/airflow/airflow/lib/python3.7/site-packages/airflow/example_dags/example_time_delta_sensor_async.py
[2023-10-18 04:36:22,357] {processor.py:642} INFO - Processing file /Users/namyoung/Desktop/myprj/airflow/airflow/lib/python3.7/site-packages/airflow/example_dags/example_time_delta_sensor_async.py for tasks to queue
[2023-10-18 04:36:22,358] {logging_mixin.py:109} INFO - [2023-10-18 04:36:22,358] {dagbag.py:500} INFO - Filling up the DagBag from /Users/namyoung/Desktop/myprj/airflow/airflow/lib/python3.7/site-packages/airflow/example_dags/example_time_delta_sensor_async.py
[2023-10-18 04:36:22,383] {processor.py:654} INFO - DAG(s) dict_keys(['example_time_delta_sensor_async']) retrieved from /Users/namyoung/Desktop/myprj/airflow/airflow/lib/python3.7/site-packages/airflow/example_dags/example_time_delta_sensor_async.py
[2023-10-18 04:36:22,397] {logging_mixin.py:109} INFO - [2023-10-18 04:36:22,397] {dag.py:2396} INFO - Sync 1 DAGs
[2023-10-18 04:36:22,410] {logging_mixin.py:109} INFO - [2023-10-18 04:36:22,410] {dag.py:2935} INFO - Setting next_dagrun for example_time_delta_sensor_async to None
[2023-10-18 04:36:22,418] {processor.py:171} INFO - Processing /Users/namyoung/Desktop/myprj/airflow/airflow/lib/python3.7/site-packages/airflow/example_dags/example_time_delta_sensor_async.py took 0.066 seconds
[2023-10-18 07:04:50,734] {processor.py:163} INFO - Started process (PID=34833) to work on /Users/namyoung/Desktop/myprj/airflow/airflow/lib/python3.7/site-packages/airflow/example_dags/example_time_delta_sensor_async.py
[2023-10-18 07:04:50,736] {processor.py:642} INFO - Processing file /Users/namyoung/Desktop/myprj/airflow/airflow/lib/python3.7/site-packages/airflow/example_dags/example_time_delta_sensor_async.py for tasks to queue
[2023-10-18 07:04:50,737] {logging_mixin.py:109} INFO - [2023-10-18 07:04:50,737] {dagbag.py:500} INFO - Filling up the DagBag from /Users/namyoung/Desktop/myprj/airflow/airflow/lib/python3.7/site-packages/airflow/example_dags/example_time_delta_sensor_async.py
[2023-10-18 07:04:50,760] {processor.py:654} INFO - DAG(s) dict_keys(['example_time_delta_sensor_async']) retrieved from /Users/namyoung/Desktop/myprj/airflow/airflow/lib/python3.7/site-packages/airflow/example_dags/example_time_delta_sensor_async.py
[2023-10-18 07:04:50,769] {logging_mixin.py:109} INFO - [2023-10-18 07:04:50,769] {dag.py:2396} INFO - Sync 1 DAGs
[2023-10-18 07:04:50,777] {logging_mixin.py:109} INFO - [2023-10-18 07:04:50,777] {dag.py:2935} INFO - Setting next_dagrun for example_time_delta_sensor_async to None
[2023-10-18 07:04:50,782] {processor.py:171} INFO - Processing /Users/namyoung/Desktop/myprj/airflow/airflow/lib/python3.7/site-packages/airflow/example_dags/example_time_delta_sensor_async.py took 0.053 seconds
[2023-10-18 08:27:42,942] {processor.py:163} INFO - Started process (PID=34991) to work on /Users/namyoung/Desktop/myprj/airflow/airflow/lib/python3.7/site-packages/airflow/example_dags/example_time_delta_sensor_async.py
[2023-10-18 08:27:42,943] {processor.py:642} INFO - Processing file /Users/namyoung/Desktop/myprj/airflow/airflow/lib/python3.7/site-packages/airflow/example_dags/example_time_delta_sensor_async.py for tasks to queue
[2023-10-18 08:27:42,944] {logging_mixin.py:109} INFO - [2023-10-18 08:27:42,944] {dagbag.py:500} INFO - Filling up the DagBag from /Users/namyoung/Desktop/myprj/airflow/airflow/lib/python3.7/site-packages/airflow/example_dags/example_time_delta_sensor_async.py
[2023-10-18 08:27:42,958] {processor.py:654} INFO - DAG(s) dict_keys(['example_time_delta_sensor_async']) retrieved from /Users/namyoung/Desktop/myprj/airflow/airflow/lib/python3.7/site-packages/airflow/example_dags/example_time_delta_sensor_async.py
[2023-10-18 08:27:42,965] {logging_mixin.py:109} INFO - [2023-10-18 08:27:42,964] {dag.py:2396} INFO - Sync 1 DAGs
[2023-10-18 08:27:42,973] {logging_mixin.py:109} INFO - [2023-10-18 08:27:42,973] {dag.py:2935} INFO - Setting next_dagrun for example_time_delta_sensor_async to None
[2023-10-18 08:27:42,981] {processor.py:171} INFO - Processing /Users/namyoung/Desktop/myprj/airflow/airflow/lib/python3.7/site-packages/airflow/example_dags/example_time_delta_sensor_async.py took 0.041 seconds
[2023-10-18 08:28:15,535] {processor.py:163} INFO - Started process (PID=35138) to work on /Users/namyoung/Desktop/myprj/airflow/airflow/lib/python3.7/site-packages/airflow/example_dags/example_time_delta_sensor_async.py
[2023-10-18 08:28:15,537] {processor.py:642} INFO - Processing file /Users/namyoung/Desktop/myprj/airflow/airflow/lib/python3.7/site-packages/airflow/example_dags/example_time_delta_sensor_async.py for tasks to queue
[2023-10-18 08:28:15,538] {logging_mixin.py:109} INFO - [2023-10-18 08:28:15,537] {dagbag.py:500} INFO - Filling up the DagBag from /Users/namyoung/Desktop/myprj/airflow/airflow/lib/python3.7/site-packages/airflow/example_dags/example_time_delta_sensor_async.py
[2023-10-18 08:28:15,561] {processor.py:654} INFO - DAG(s) dict_keys(['example_time_delta_sensor_async']) retrieved from /Users/namyoung/Desktop/myprj/airflow/airflow/lib/python3.7/site-packages/airflow/example_dags/example_time_delta_sensor_async.py
[2023-10-18 08:28:15,569] {logging_mixin.py:109} INFO - [2023-10-18 08:28:15,568] {dag.py:2396} INFO - Sync 1 DAGs
[2023-10-18 08:28:15,578] {logging_mixin.py:109} INFO - [2023-10-18 08:28:15,577] {dag.py:2935} INFO - Setting next_dagrun for example_time_delta_sensor_async to None
[2023-10-18 08:28:15,583] {processor.py:171} INFO - Processing /Users/namyoung/Desktop/myprj/airflow/airflow/lib/python3.7/site-packages/airflow/example_dags/example_time_delta_sensor_async.py took 0.053 seconds
[2023-10-18 08:28:46,960] {processor.py:163} INFO - Started process (PID=35369) to work on /Users/namyoung/Desktop/myprj/airflow/airflow/lib/python3.7/site-packages/airflow/example_dags/example_time_delta_sensor_async.py
[2023-10-18 08:28:46,961] {processor.py:642} INFO - Processing file /Users/namyoung/Desktop/myprj/airflow/airflow/lib/python3.7/site-packages/airflow/example_dags/example_time_delta_sensor_async.py for tasks to queue
[2023-10-18 08:28:46,961] {logging_mixin.py:109} INFO - [2023-10-18 08:28:46,961] {dagbag.py:500} INFO - Filling up the DagBag from /Users/namyoung/Desktop/myprj/airflow/airflow/lib/python3.7/site-packages/airflow/example_dags/example_time_delta_sensor_async.py
[2023-10-18 08:28:46,974] {processor.py:654} INFO - DAG(s) dict_keys(['example_time_delta_sensor_async']) retrieved from /Users/namyoung/Desktop/myprj/airflow/airflow/lib/python3.7/site-packages/airflow/example_dags/example_time_delta_sensor_async.py
[2023-10-18 08:28:46,980] {logging_mixin.py:109} INFO - [2023-10-18 08:28:46,980] {dag.py:2396} INFO - Sync 1 DAGs
[2023-10-18 08:28:46,988] {logging_mixin.py:109} INFO - [2023-10-18 08:28:46,987] {dag.py:2935} INFO - Setting next_dagrun for example_time_delta_sensor_async to None
[2023-10-18 08:28:46,993] {processor.py:171} INFO - Processing /Users/namyoung/Desktop/myprj/airflow/airflow/lib/python3.7/site-packages/airflow/example_dags/example_time_delta_sensor_async.py took 0.035 seconds
[2023-10-18 08:29:20,544] {processor.py:163} INFO - Started process (PID=35415) to work on /Users/namyoung/Desktop/myprj/airflow/airflow/lib/python3.7/site-packages/airflow/example_dags/example_time_delta_sensor_async.py
[2023-10-18 08:29:20,546] {processor.py:642} INFO - Processing file /Users/namyoung/Desktop/myprj/airflow/airflow/lib/python3.7/site-packages/airflow/example_dags/example_time_delta_sensor_async.py for tasks to queue
[2023-10-18 08:29:20,547] {logging_mixin.py:109} INFO - [2023-10-18 08:29:20,547] {dagbag.py:500} INFO - Filling up the DagBag from /Users/namyoung/Desktop/myprj/airflow/airflow/lib/python3.7/site-packages/airflow/example_dags/example_time_delta_sensor_async.py
[2023-10-18 08:29:20,570] {processor.py:654} INFO - DAG(s) dict_keys(['example_time_delta_sensor_async']) retrieved from /Users/namyoung/Desktop/myprj/airflow/airflow/lib/python3.7/site-packages/airflow/example_dags/example_time_delta_sensor_async.py
[2023-10-18 08:29:20,578] {logging_mixin.py:109} INFO - [2023-10-18 08:29:20,577] {dag.py:2396} INFO - Sync 1 DAGs
[2023-10-18 08:29:20,586] {logging_mixin.py:109} INFO - [2023-10-18 08:29:20,586] {dag.py:2935} INFO - Setting next_dagrun for example_time_delta_sensor_async to None
[2023-10-18 08:29:20,592] {processor.py:171} INFO - Processing /Users/namyoung/Desktop/myprj/airflow/airflow/lib/python3.7/site-packages/airflow/example_dags/example_time_delta_sensor_async.py took 0.052 seconds
[2023-10-18 08:29:54,481] {processor.py:163} INFO - Started process (PID=35478) to work on /Users/namyoung/Desktop/myprj/airflow/airflow/lib/python3.7/site-packages/airflow/example_dags/example_time_delta_sensor_async.py
[2023-10-18 08:29:54,483] {processor.py:642} INFO - Processing file /Users/namyoung/Desktop/myprj/airflow/airflow/lib/python3.7/site-packages/airflow/example_dags/example_time_delta_sensor_async.py for tasks to queue
[2023-10-18 08:29:54,484] {logging_mixin.py:109} INFO - [2023-10-18 08:29:54,484] {dagbag.py:500} INFO - Filling up the DagBag from /Users/namyoung/Desktop/myprj/airflow/airflow/lib/python3.7/site-packages/airflow/example_dags/example_time_delta_sensor_async.py
[2023-10-18 08:29:54,502] {processor.py:654} INFO - DAG(s) dict_keys(['example_time_delta_sensor_async']) retrieved from /Users/namyoung/Desktop/myprj/airflow/airflow/lib/python3.7/site-packages/airflow/example_dags/example_time_delta_sensor_async.py
[2023-10-18 08:29:54,508] {logging_mixin.py:109} INFO - [2023-10-18 08:29:54,508] {dag.py:2396} INFO - Sync 1 DAGs
[2023-10-18 08:29:54,516] {logging_mixin.py:109} INFO - [2023-10-18 08:29:54,516] {dag.py:2935} INFO - Setting next_dagrun for example_time_delta_sensor_async to None
[2023-10-18 08:29:54,523] {processor.py:171} INFO - Processing /Users/namyoung/Desktop/myprj/airflow/airflow/lib/python3.7/site-packages/airflow/example_dags/example_time_delta_sensor_async.py took 0.045 seconds
