[2023-10-17 12:22:38,576] {processor.py:163} INFO - Started process (PID=32953) to work on /Users/namyoung/Desktop/myprj/airflow/airflow/lib/python3.7/site-packages/airflow/example_dags/example_branch_datetime_operator.py
[2023-10-17 12:22:38,577] {processor.py:642} INFO - Processing file /Users/namyoung/Desktop/myprj/airflow/airflow/lib/python3.7/site-packages/airflow/example_dags/example_branch_datetime_operator.py for tasks to queue
[2023-10-17 12:22:38,578] {logging_mixin.py:109} INFO - [2023-10-17 12:22:38,578] {dagbag.py:500} INFO - Filling up the DagBag from /Users/namyoung/Desktop/myprj/airflow/airflow/lib/python3.7/site-packages/airflow/example_dags/example_branch_datetime_operator.py
[2023-10-17 12:22:38,590] {processor.py:654} INFO - DAG(s) dict_keys(['example_branch_datetime_operator_2']) retrieved from /Users/namyoung/Desktop/myprj/airflow/airflow/lib/python3.7/site-packages/airflow/example_dags/example_branch_datetime_operator.py
[2023-10-17 12:22:38,595] {logging_mixin.py:109} INFO - [2023-10-17 12:22:38,595] {dag.py:2396} INFO - Sync 1 DAGs
[2023-10-17 12:22:38,602] {logging_mixin.py:109} INFO - [2023-10-17 12:22:38,602] {dag.py:2935} INFO - Setting next_dagrun for example_branch_datetime_operator_2 to 2023-10-16 00:00:00+00:00
[2023-10-17 12:22:38,608] {processor.py:171} INFO - Processing /Users/namyoung/Desktop/myprj/airflow/airflow/lib/python3.7/site-packages/airflow/example_dags/example_branch_datetime_operator.py took 0.034 seconds
[2023-10-17 15:47:09,825] {processor.py:163} INFO - Started process (PID=33276) to work on /Users/namyoung/Desktop/myprj/airflow/airflow/lib/python3.7/site-packages/airflow/example_dags/example_branch_datetime_operator.py
[2023-10-17 15:47:09,825] {processor.py:642} INFO - Processing file /Users/namyoung/Desktop/myprj/airflow/airflow/lib/python3.7/site-packages/airflow/example_dags/example_branch_datetime_operator.py for tasks to queue
[2023-10-17 15:47:09,826] {logging_mixin.py:109} INFO - [2023-10-17 15:47:09,826] {dagbag.py:500} INFO - Filling up the DagBag from /Users/namyoung/Desktop/myprj/airflow/airflow/lib/python3.7/site-packages/airflow/example_dags/example_branch_datetime_operator.py
[2023-10-17 15:47:09,840] {processor.py:654} INFO - DAG(s) dict_keys(['example_branch_datetime_operator_2']) retrieved from /Users/namyoung/Desktop/myprj/airflow/airflow/lib/python3.7/site-packages/airflow/example_dags/example_branch_datetime_operator.py
[2023-10-17 15:47:09,846] {logging_mixin.py:109} INFO - [2023-10-17 15:47:09,846] {dag.py:2396} INFO - Sync 1 DAGs
[2023-10-17 15:47:09,856] {logging_mixin.py:109} INFO - [2023-10-17 15:47:09,856] {dag.py:2935} INFO - Setting next_dagrun for example_branch_datetime_operator_2 to 2023-10-16 00:00:00+00:00
[2023-10-17 15:47:09,861] {processor.py:171} INFO - Processing /Users/namyoung/Desktop/myprj/airflow/airflow/lib/python3.7/site-packages/airflow/example_dags/example_branch_datetime_operator.py took 0.038 seconds
[2023-10-17 19:15:20,035] {processor.py:163} INFO - Started process (PID=33600) to work on /Users/namyoung/Desktop/myprj/airflow/airflow/lib/python3.7/site-packages/airflow/example_dags/example_branch_datetime_operator.py
[2023-10-17 19:15:20,036] {processor.py:642} INFO - Processing file /Users/namyoung/Desktop/myprj/airflow/airflow/lib/python3.7/site-packages/airflow/example_dags/example_branch_datetime_operator.py for tasks to queue
[2023-10-17 19:15:20,036] {logging_mixin.py:109} INFO - [2023-10-17 19:15:20,036] {dagbag.py:500} INFO - Filling up the DagBag from /Users/namyoung/Desktop/myprj/airflow/airflow/lib/python3.7/site-packages/airflow/example_dags/example_branch_datetime_operator.py
[2023-10-17 19:15:20,051] {processor.py:654} INFO - DAG(s) dict_keys(['example_branch_datetime_operator_2']) retrieved from /Users/namyoung/Desktop/myprj/airflow/airflow/lib/python3.7/site-packages/airflow/example_dags/example_branch_datetime_operator.py
[2023-10-17 19:15:20,057] {logging_mixin.py:109} INFO - [2023-10-17 19:15:20,057] {dag.py:2396} INFO - Sync 1 DAGs
[2023-10-17 19:15:20,065] {logging_mixin.py:109} INFO - [2023-10-17 19:15:20,065] {dag.py:2935} INFO - Setting next_dagrun for example_branch_datetime_operator_2 to 2023-10-16 00:00:00+00:00
[2023-10-17 19:15:20,072] {processor.py:171} INFO - Processing /Users/namyoung/Desktop/myprj/airflow/airflow/lib/python3.7/site-packages/airflow/example_dags/example_branch_datetime_operator.py took 0.040 seconds
[2023-10-18 00:36:15,387] {processor.py:163} INFO - Started process (PID=34073) to work on /Users/namyoung/Desktop/myprj/airflow/airflow/lib/python3.7/site-packages/airflow/example_dags/example_branch_datetime_operator.py
[2023-10-18 00:36:15,388] {processor.py:642} INFO - Processing file /Users/namyoung/Desktop/myprj/airflow/airflow/lib/python3.7/site-packages/airflow/example_dags/example_branch_datetime_operator.py for tasks to queue
[2023-10-18 00:36:15,389] {logging_mixin.py:109} INFO - [2023-10-18 00:36:15,389] {dagbag.py:500} INFO - Filling up the DagBag from /Users/namyoung/Desktop/myprj/airflow/airflow/lib/python3.7/site-packages/airflow/example_dags/example_branch_datetime_operator.py
[2023-10-18 00:36:15,402] {processor.py:654} INFO - DAG(s) dict_keys(['example_branch_datetime_operator_2']) retrieved from /Users/namyoung/Desktop/myprj/airflow/airflow/lib/python3.7/site-packages/airflow/example_dags/example_branch_datetime_operator.py
[2023-10-18 00:36:15,410] {logging_mixin.py:109} INFO - [2023-10-18 00:36:15,410] {dag.py:2396} INFO - Sync 1 DAGs
[2023-10-18 00:36:15,418] {logging_mixin.py:109} INFO - [2023-10-18 00:36:15,418] {dag.py:2935} INFO - Setting next_dagrun for example_branch_datetime_operator_2 to 2023-10-16 00:00:00+00:00
[2023-10-18 00:36:15,424] {processor.py:171} INFO - Processing /Users/namyoung/Desktop/myprj/airflow/airflow/lib/python3.7/site-packages/airflow/example_dags/example_branch_datetime_operator.py took 0.039 seconds
[2023-10-18 03:28:29,107] {processor.py:163} INFO - Started process (PID=34378) to work on /Users/namyoung/Desktop/myprj/airflow/airflow/lib/python3.7/site-packages/airflow/example_dags/example_branch_datetime_operator.py
[2023-10-18 03:28:29,109] {processor.py:642} INFO - Processing file /Users/namyoung/Desktop/myprj/airflow/airflow/lib/python3.7/site-packages/airflow/example_dags/example_branch_datetime_operator.py for tasks to queue
[2023-10-18 03:28:29,110] {logging_mixin.py:109} INFO - [2023-10-18 03:28:29,110] {dagbag.py:500} INFO - Filling up the DagBag from /Users/namyoung/Desktop/myprj/airflow/airflow/lib/python3.7/site-packages/airflow/example_dags/example_branch_datetime_operator.py
[2023-10-18 03:28:29,137] {processor.py:654} INFO - DAG(s) dict_keys(['example_branch_datetime_operator_2']) retrieved from /Users/namyoung/Desktop/myprj/airflow/airflow/lib/python3.7/site-packages/airflow/example_dags/example_branch_datetime_operator.py
[2023-10-18 03:28:29,146] {logging_mixin.py:109} INFO - [2023-10-18 03:28:29,145] {dag.py:2396} INFO - Sync 1 DAGs
[2023-10-18 03:28:29,155] {logging_mixin.py:109} INFO - [2023-10-18 03:28:29,155] {dag.py:2935} INFO - Setting next_dagrun for example_branch_datetime_operator_2 to 2023-10-16 00:00:00+00:00
[2023-10-18 03:28:29,161] {processor.py:171} INFO - Processing /Users/namyoung/Desktop/myprj/airflow/airflow/lib/python3.7/site-packages/airflow/example_dags/example_branch_datetime_operator.py took 0.060 seconds
[2023-10-18 08:27:29,081] {processor.py:163} INFO - Started process (PID=34962) to work on /Users/namyoung/Desktop/myprj/airflow/airflow/lib/python3.7/site-packages/airflow/example_dags/example_branch_datetime_operator.py
[2023-10-18 08:27:29,082] {processor.py:642} INFO - Processing file /Users/namyoung/Desktop/myprj/airflow/airflow/lib/python3.7/site-packages/airflow/example_dags/example_branch_datetime_operator.py for tasks to queue
[2023-10-18 08:27:29,083] {logging_mixin.py:109} INFO - [2023-10-18 08:27:29,082] {dagbag.py:500} INFO - Filling up the DagBag from /Users/namyoung/Desktop/myprj/airflow/airflow/lib/python3.7/site-packages/airflow/example_dags/example_branch_datetime_operator.py
[2023-10-18 08:27:29,099] {processor.py:654} INFO - DAG(s) dict_keys(['example_branch_datetime_operator_2']) retrieved from /Users/namyoung/Desktop/myprj/airflow/airflow/lib/python3.7/site-packages/airflow/example_dags/example_branch_datetime_operator.py
[2023-10-18 08:27:29,105] {logging_mixin.py:109} INFO - [2023-10-18 08:27:29,105] {dag.py:2396} INFO - Sync 1 DAGs
[2023-10-18 08:27:29,114] {logging_mixin.py:109} INFO - [2023-10-18 08:27:29,114] {dag.py:2935} INFO - Setting next_dagrun for example_branch_datetime_operator_2 to 2023-10-16 00:00:00+00:00
[2023-10-18 08:27:29,119] {processor.py:171} INFO - Processing /Users/namyoung/Desktop/myprj/airflow/airflow/lib/python3.7/site-packages/airflow/example_dags/example_branch_datetime_operator.py took 0.040 seconds
[2023-10-18 08:28:02,438] {processor.py:163} INFO - Started process (PID=35105) to work on /Users/namyoung/Desktop/myprj/airflow/airflow/lib/python3.7/site-packages/airflow/example_dags/example_branch_datetime_operator.py
[2023-10-18 08:28:02,439] {processor.py:642} INFO - Processing file /Users/namyoung/Desktop/myprj/airflow/airflow/lib/python3.7/site-packages/airflow/example_dags/example_branch_datetime_operator.py for tasks to queue
[2023-10-18 08:28:02,441] {logging_mixin.py:109} INFO - [2023-10-18 08:28:02,440] {dagbag.py:500} INFO - Filling up the DagBag from /Users/namyoung/Desktop/myprj/airflow/airflow/lib/python3.7/site-packages/airflow/example_dags/example_branch_datetime_operator.py
[2023-10-18 08:28:02,463] {processor.py:654} INFO - DAG(s) dict_keys(['example_branch_datetime_operator_2']) retrieved from /Users/namyoung/Desktop/myprj/airflow/airflow/lib/python3.7/site-packages/airflow/example_dags/example_branch_datetime_operator.py
[2023-10-18 08:28:02,472] {logging_mixin.py:109} INFO - [2023-10-18 08:28:02,472] {dag.py:2396} INFO - Sync 1 DAGs
[2023-10-18 08:28:02,481] {logging_mixin.py:109} INFO - [2023-10-18 08:28:02,481] {dag.py:2935} INFO - Setting next_dagrun for example_branch_datetime_operator_2 to 2023-10-16 00:00:00+00:00
[2023-10-18 08:28:02,487] {processor.py:171} INFO - Processing /Users/namyoung/Desktop/myprj/airflow/airflow/lib/python3.7/site-packages/airflow/example_dags/example_branch_datetime_operator.py took 0.054 seconds
[2023-10-18 08:28:33,838] {processor.py:163} INFO - Started process (PID=35310) to work on /Users/namyoung/Desktop/myprj/airflow/airflow/lib/python3.7/site-packages/airflow/example_dags/example_branch_datetime_operator.py
[2023-10-18 08:28:33,839] {processor.py:642} INFO - Processing file /Users/namyoung/Desktop/myprj/airflow/airflow/lib/python3.7/site-packages/airflow/example_dags/example_branch_datetime_operator.py for tasks to queue
[2023-10-18 08:28:33,839] {logging_mixin.py:109} INFO - [2023-10-18 08:28:33,839] {dagbag.py:500} INFO - Filling up the DagBag from /Users/namyoung/Desktop/myprj/airflow/airflow/lib/python3.7/site-packages/airflow/example_dags/example_branch_datetime_operator.py
[2023-10-18 08:28:33,852] {processor.py:654} INFO - DAG(s) dict_keys(['example_branch_datetime_operator_2']) retrieved from /Users/namyoung/Desktop/myprj/airflow/airflow/lib/python3.7/site-packages/airflow/example_dags/example_branch_datetime_operator.py
[2023-10-18 08:28:33,857] {logging_mixin.py:109} INFO - [2023-10-18 08:28:33,857] {dag.py:2396} INFO - Sync 1 DAGs
[2023-10-18 08:28:33,865] {logging_mixin.py:109} INFO - [2023-10-18 08:28:33,864] {dag.py:2935} INFO - Setting next_dagrun for example_branch_datetime_operator_2 to 2023-10-16 00:00:00+00:00
[2023-10-18 08:28:33,870] {processor.py:171} INFO - Processing /Users/namyoung/Desktop/myprj/airflow/airflow/lib/python3.7/site-packages/airflow/example_dags/example_branch_datetime_operator.py took 0.034 seconds
[2023-10-18 08:29:07,579] {processor.py:163} INFO - Started process (PID=35394) to work on /Users/namyoung/Desktop/myprj/airflow/airflow/lib/python3.7/site-packages/airflow/example_dags/example_branch_datetime_operator.py
[2023-10-18 08:29:07,580] {processor.py:642} INFO - Processing file /Users/namyoung/Desktop/myprj/airflow/airflow/lib/python3.7/site-packages/airflow/example_dags/example_branch_datetime_operator.py for tasks to queue
[2023-10-18 08:29:07,581] {logging_mixin.py:109} INFO - [2023-10-18 08:29:07,581] {dagbag.py:500} INFO - Filling up the DagBag from /Users/namyoung/Desktop/myprj/airflow/airflow/lib/python3.7/site-packages/airflow/example_dags/example_branch_datetime_operator.py
[2023-10-18 08:29:07,599] {processor.py:654} INFO - DAG(s) dict_keys(['example_branch_datetime_operator_2']) retrieved from /Users/namyoung/Desktop/myprj/airflow/airflow/lib/python3.7/site-packages/airflow/example_dags/example_branch_datetime_operator.py
[2023-10-18 08:29:07,607] {logging_mixin.py:109} INFO - [2023-10-18 08:29:07,607] {dag.py:2396} INFO - Sync 1 DAGs
[2023-10-18 08:29:07,617] {logging_mixin.py:109} INFO - [2023-10-18 08:29:07,617] {dag.py:2935} INFO - Setting next_dagrun for example_branch_datetime_operator_2 to 2023-10-16 00:00:00+00:00
[2023-10-18 08:29:07,624] {processor.py:171} INFO - Processing /Users/namyoung/Desktop/myprj/airflow/airflow/lib/python3.7/site-packages/airflow/example_dags/example_branch_datetime_operator.py took 0.047 seconds
[2023-10-18 08:29:43,154] {processor.py:163} INFO - Started process (PID=35446) to work on /Users/namyoung/Desktop/myprj/airflow/airflow/lib/python3.7/site-packages/airflow/example_dags/example_branch_datetime_operator.py
[2023-10-18 08:29:43,156] {processor.py:642} INFO - Processing file /Users/namyoung/Desktop/myprj/airflow/airflow/lib/python3.7/site-packages/airflow/example_dags/example_branch_datetime_operator.py for tasks to queue
[2023-10-18 08:29:43,157] {logging_mixin.py:109} INFO - [2023-10-18 08:29:43,157] {dagbag.py:500} INFO - Filling up the DagBag from /Users/namyoung/Desktop/myprj/airflow/airflow/lib/python3.7/site-packages/airflow/example_dags/example_branch_datetime_operator.py
[2023-10-18 08:29:43,181] {processor.py:654} INFO - DAG(s) dict_keys(['example_branch_datetime_operator_2']) retrieved from /Users/namyoung/Desktop/myprj/airflow/airflow/lib/python3.7/site-packages/airflow/example_dags/example_branch_datetime_operator.py
[2023-10-18 08:29:43,188] {logging_mixin.py:109} INFO - [2023-10-18 08:29:43,188] {dag.py:2396} INFO - Sync 1 DAGs
[2023-10-18 08:29:43,198] {logging_mixin.py:109} INFO - [2023-10-18 08:29:43,198] {dag.py:2935} INFO - Setting next_dagrun for example_branch_datetime_operator_2 to 2023-10-16 00:00:00+00:00
[2023-10-18 08:29:43,204] {processor.py:171} INFO - Processing /Users/namyoung/Desktop/myprj/airflow/airflow/lib/python3.7/site-packages/airflow/example_dags/example_branch_datetime_operator.py took 0.054 seconds
