[2023-10-17 09:32:03,105] {processor.py:163} INFO - Started process (PID=32633) to work on /Users/namyoung/Desktop/myprj/airflow/airflow/lib/python3.7/site-packages/airflow/example_dags/example_short_circuit_operator.py
[2023-10-17 09:32:03,106] {processor.py:642} INFO - Processing file /Users/namyoung/Desktop/myprj/airflow/airflow/lib/python3.7/site-packages/airflow/example_dags/example_short_circuit_operator.py for tasks to queue
[2023-10-17 09:32:03,107] {logging_mixin.py:109} INFO - [2023-10-17 09:32:03,107] {dagbag.py:500} INFO - Filling up the DagBag from /Users/namyoung/Desktop/myprj/airflow/airflow/lib/python3.7/site-packages/airflow/example_dags/example_short_circuit_operator.py
[2023-10-17 09:32:03,130] {processor.py:654} INFO - DAG(s) dict_keys(['example_short_circuit_operator']) retrieved from /Users/namyoung/Desktop/myprj/airflow/airflow/lib/python3.7/site-packages/airflow/example_dags/example_short_circuit_operator.py
[2023-10-17 09:32:03,138] {logging_mixin.py:109} INFO - [2023-10-17 09:32:03,138] {dag.py:2396} INFO - Sync 1 DAGs
[2023-10-17 09:32:03,145] {logging_mixin.py:109} INFO - [2023-10-17 09:32:03,145] {dag.py:2935} INFO - Setting next_dagrun for example_short_circuit_operator to 2023-10-16T00:32:03.145554+00:00
[2023-10-17 09:32:03,151] {processor.py:171} INFO - Processing /Users/namyoung/Desktop/myprj/airflow/airflow/lib/python3.7/site-packages/airflow/example_dags/example_short_circuit_operator.py took 0.051 seconds
[2023-10-17 11:18:38,064] {processor.py:163} INFO - Started process (PID=32757) to work on /Users/namyoung/Desktop/myprj/airflow/airflow/lib/python3.7/site-packages/airflow/example_dags/example_short_circuit_operator.py
[2023-10-17 11:18:38,065] {processor.py:642} INFO - Processing file /Users/namyoung/Desktop/myprj/airflow/airflow/lib/python3.7/site-packages/airflow/example_dags/example_short_circuit_operator.py for tasks to queue
[2023-10-17 11:18:38,065] {logging_mixin.py:109} INFO - [2023-10-17 11:18:38,065] {dagbag.py:500} INFO - Filling up the DagBag from /Users/namyoung/Desktop/myprj/airflow/airflow/lib/python3.7/site-packages/airflow/example_dags/example_short_circuit_operator.py
[2023-10-17 11:18:38,079] {processor.py:654} INFO - DAG(s) dict_keys(['example_short_circuit_operator']) retrieved from /Users/namyoung/Desktop/myprj/airflow/airflow/lib/python3.7/site-packages/airflow/example_dags/example_short_circuit_operator.py
[2023-10-17 11:18:38,085] {logging_mixin.py:109} INFO - [2023-10-17 11:18:38,085] {dag.py:2396} INFO - Sync 1 DAGs
[2023-10-17 11:18:38,093] {logging_mixin.py:109} INFO - [2023-10-17 11:18:38,093] {dag.py:2935} INFO - Setting next_dagrun for example_short_circuit_operator to 2023-10-16T02:18:38.092796+00:00
[2023-10-17 11:18:38,098] {processor.py:171} INFO - Processing /Users/namyoung/Desktop/myprj/airflow/airflow/lib/python3.7/site-packages/airflow/example_dags/example_short_circuit_operator.py took 0.036 seconds
[2023-10-17 14:21:53,953] {processor.py:163} INFO - Started process (PID=33070) to work on /Users/namyoung/Desktop/myprj/airflow/airflow/lib/python3.7/site-packages/airflow/example_dags/example_short_circuit_operator.py
[2023-10-17 14:21:53,953] {processor.py:642} INFO - Processing file /Users/namyoung/Desktop/myprj/airflow/airflow/lib/python3.7/site-packages/airflow/example_dags/example_short_circuit_operator.py for tasks to queue
[2023-10-17 14:21:53,954] {logging_mixin.py:109} INFO - [2023-10-17 14:21:53,954] {dagbag.py:500} INFO - Filling up the DagBag from /Users/namyoung/Desktop/myprj/airflow/airflow/lib/python3.7/site-packages/airflow/example_dags/example_short_circuit_operator.py
[2023-10-17 14:21:53,968] {processor.py:654} INFO - DAG(s) dict_keys(['example_short_circuit_operator']) retrieved from /Users/namyoung/Desktop/myprj/airflow/airflow/lib/python3.7/site-packages/airflow/example_dags/example_short_circuit_operator.py
[2023-10-17 14:21:53,974] {logging_mixin.py:109} INFO - [2023-10-17 14:21:53,974] {dag.py:2396} INFO - Sync 1 DAGs
[2023-10-17 14:21:53,982] {logging_mixin.py:109} INFO - [2023-10-17 14:21:53,982] {dag.py:2935} INFO - Setting next_dagrun for example_short_circuit_operator to 2023-10-16T05:21:53.981931+00:00
[2023-10-17 14:21:53,987] {processor.py:171} INFO - Processing /Users/namyoung/Desktop/myprj/airflow/airflow/lib/python3.7/site-packages/airflow/example_dags/example_short_circuit_operator.py took 0.036 seconds
[2023-10-17 17:45:06,782] {processor.py:163} INFO - Started process (PID=33391) to work on /Users/namyoung/Desktop/myprj/airflow/airflow/lib/python3.7/site-packages/airflow/example_dags/example_short_circuit_operator.py
[2023-10-17 17:45:06,783] {processor.py:642} INFO - Processing file /Users/namyoung/Desktop/myprj/airflow/airflow/lib/python3.7/site-packages/airflow/example_dags/example_short_circuit_operator.py for tasks to queue
[2023-10-17 17:45:06,783] {logging_mixin.py:109} INFO - [2023-10-17 17:45:06,783] {dagbag.py:500} INFO - Filling up the DagBag from /Users/namyoung/Desktop/myprj/airflow/airflow/lib/python3.7/site-packages/airflow/example_dags/example_short_circuit_operator.py
[2023-10-17 17:45:06,795] {processor.py:654} INFO - DAG(s) dict_keys(['example_short_circuit_operator']) retrieved from /Users/namyoung/Desktop/myprj/airflow/airflow/lib/python3.7/site-packages/airflow/example_dags/example_short_circuit_operator.py
[2023-10-17 17:45:06,801] {logging_mixin.py:109} INFO - [2023-10-17 17:45:06,801] {dag.py:2396} INFO - Sync 1 DAGs
[2023-10-17 17:45:06,808] {logging_mixin.py:109} INFO - [2023-10-17 17:45:06,808] {dag.py:2935} INFO - Setting next_dagrun for example_short_circuit_operator to 2023-10-16T08:45:06.807988+00:00
[2023-10-17 17:45:06,813] {processor.py:171} INFO - Processing /Users/namyoung/Desktop/myprj/airflow/airflow/lib/python3.7/site-packages/airflow/example_dags/example_short_circuit_operator.py took 0.033 seconds
[2023-10-17 19:47:15,327] {processor.py:163} INFO - Started process (PID=33666) to work on /Users/namyoung/Desktop/myprj/airflow/airflow/lib/python3.7/site-packages/airflow/example_dags/example_short_circuit_operator.py
[2023-10-17 19:47:15,328] {processor.py:642} INFO - Processing file /Users/namyoung/Desktop/myprj/airflow/airflow/lib/python3.7/site-packages/airflow/example_dags/example_short_circuit_operator.py for tasks to queue
[2023-10-17 19:47:15,328] {logging_mixin.py:109} INFO - [2023-10-17 19:47:15,328] {dagbag.py:500} INFO - Filling up the DagBag from /Users/namyoung/Desktop/myprj/airflow/airflow/lib/python3.7/site-packages/airflow/example_dags/example_short_circuit_operator.py
[2023-10-17 19:47:15,341] {processor.py:654} INFO - DAG(s) dict_keys(['example_short_circuit_operator']) retrieved from /Users/namyoung/Desktop/myprj/airflow/airflow/lib/python3.7/site-packages/airflow/example_dags/example_short_circuit_operator.py
[2023-10-17 19:47:15,347] {logging_mixin.py:109} INFO - [2023-10-17 19:47:15,346] {dag.py:2396} INFO - Sync 1 DAGs
[2023-10-17 19:47:15,354] {logging_mixin.py:109} INFO - [2023-10-17 19:47:15,354] {dag.py:2935} INFO - Setting next_dagrun for example_short_circuit_operator to 2023-10-16T10:47:15.354168+00:00
[2023-10-17 19:47:15,361] {processor.py:171} INFO - Processing /Users/namyoung/Desktop/myprj/airflow/airflow/lib/python3.7/site-packages/airflow/example_dags/example_short_circuit_operator.py took 0.036 seconds
[2023-10-17 23:10:58,727] {processor.py:163} INFO - Started process (PID=33982) to work on /Users/namyoung/Desktop/myprj/airflow/airflow/lib/python3.7/site-packages/airflow/example_dags/example_short_circuit_operator.py
[2023-10-17 23:10:58,728] {processor.py:642} INFO - Processing file /Users/namyoung/Desktop/myprj/airflow/airflow/lib/python3.7/site-packages/airflow/example_dags/example_short_circuit_operator.py for tasks to queue
[2023-10-17 23:10:58,729] {logging_mixin.py:109} INFO - [2023-10-17 23:10:58,728] {dagbag.py:500} INFO - Filling up the DagBag from /Users/namyoung/Desktop/myprj/airflow/airflow/lib/python3.7/site-packages/airflow/example_dags/example_short_circuit_operator.py
[2023-10-17 23:10:58,748] {processor.py:654} INFO - DAG(s) dict_keys(['example_short_circuit_operator']) retrieved from /Users/namyoung/Desktop/myprj/airflow/airflow/lib/python3.7/site-packages/airflow/example_dags/example_short_circuit_operator.py
[2023-10-17 23:10:58,756] {logging_mixin.py:109} INFO - [2023-10-17 23:10:58,755] {dag.py:2396} INFO - Sync 1 DAGs
[2023-10-17 23:10:58,765] {logging_mixin.py:109} INFO - [2023-10-17 23:10:58,765] {dag.py:2935} INFO - Setting next_dagrun for example_short_circuit_operator to 2023-10-16T14:10:58.764916+00:00
[2023-10-17 23:10:58,772] {processor.py:171} INFO - Processing /Users/namyoung/Desktop/myprj/airflow/airflow/lib/python3.7/site-packages/airflow/example_dags/example_short_circuit_operator.py took 0.049 seconds
[2023-10-18 02:46:46,671] {processor.py:163} INFO - Started process (PID=34319) to work on /Users/namyoung/Desktop/myprj/airflow/airflow/lib/python3.7/site-packages/airflow/example_dags/example_short_circuit_operator.py
[2023-10-18 02:46:46,672] {processor.py:642} INFO - Processing file /Users/namyoung/Desktop/myprj/airflow/airflow/lib/python3.7/site-packages/airflow/example_dags/example_short_circuit_operator.py for tasks to queue
[2023-10-18 02:46:46,672] {logging_mixin.py:109} INFO - [2023-10-18 02:46:46,672] {dagbag.py:500} INFO - Filling up the DagBag from /Users/namyoung/Desktop/myprj/airflow/airflow/lib/python3.7/site-packages/airflow/example_dags/example_short_circuit_operator.py
[2023-10-18 02:46:46,685] {processor.py:654} INFO - DAG(s) dict_keys(['example_short_circuit_operator']) retrieved from /Users/namyoung/Desktop/myprj/airflow/airflow/lib/python3.7/site-packages/airflow/example_dags/example_short_circuit_operator.py
[2023-10-18 02:46:46,691] {logging_mixin.py:109} INFO - [2023-10-18 02:46:46,691] {dag.py:2396} INFO - Sync 1 DAGs
[2023-10-18 02:46:46,698] {logging_mixin.py:109} INFO - [2023-10-18 02:46:46,698] {dag.py:2935} INFO - Setting next_dagrun for example_short_circuit_operator to 2023-10-16T17:46:46.698196+00:00
[2023-10-18 02:46:46,703] {processor.py:171} INFO - Processing /Users/namyoung/Desktop/myprj/airflow/airflow/lib/python3.7/site-packages/airflow/example_dags/example_short_circuit_operator.py took 0.035 seconds
[2023-10-18 05:09:07,654] {processor.py:163} INFO - Started process (PID=34587) to work on /Users/namyoung/Desktop/myprj/airflow/airflow/lib/python3.7/site-packages/airflow/example_dags/example_short_circuit_operator.py
[2023-10-18 05:09:07,655] {processor.py:642} INFO - Processing file /Users/namyoung/Desktop/myprj/airflow/airflow/lib/python3.7/site-packages/airflow/example_dags/example_short_circuit_operator.py for tasks to queue
[2023-10-18 05:09:07,655] {logging_mixin.py:109} INFO - [2023-10-18 05:09:07,655] {dagbag.py:500} INFO - Filling up the DagBag from /Users/namyoung/Desktop/myprj/airflow/airflow/lib/python3.7/site-packages/airflow/example_dags/example_short_circuit_operator.py
[2023-10-18 05:09:07,671] {processor.py:654} INFO - DAG(s) dict_keys(['example_short_circuit_operator']) retrieved from /Users/namyoung/Desktop/myprj/airflow/airflow/lib/python3.7/site-packages/airflow/example_dags/example_short_circuit_operator.py
[2023-10-18 05:09:07,678] {logging_mixin.py:109} INFO - [2023-10-18 05:09:07,678] {dag.py:2396} INFO - Sync 1 DAGs
[2023-10-18 05:09:07,685] {logging_mixin.py:109} INFO - [2023-10-18 05:09:07,685] {dag.py:2935} INFO - Setting next_dagrun for example_short_circuit_operator to 2023-10-16T20:09:07.685412+00:00
[2023-10-18 05:09:07,691] {processor.py:171} INFO - Processing /Users/namyoung/Desktop/myprj/airflow/airflow/lib/python3.7/site-packages/airflow/example_dags/example_short_circuit_operator.py took 0.040 seconds
[2023-10-18 07:53:51,623] {processor.py:163} INFO - Started process (PID=34876) to work on /Users/namyoung/Desktop/myprj/airflow/airflow/lib/python3.7/site-packages/airflow/example_dags/example_short_circuit_operator.py
[2023-10-18 07:53:51,624] {processor.py:642} INFO - Processing file /Users/namyoung/Desktop/myprj/airflow/airflow/lib/python3.7/site-packages/airflow/example_dags/example_short_circuit_operator.py for tasks to queue
[2023-10-18 07:53:51,625] {logging_mixin.py:109} INFO - [2023-10-18 07:53:51,625] {dagbag.py:500} INFO - Filling up the DagBag from /Users/namyoung/Desktop/myprj/airflow/airflow/lib/python3.7/site-packages/airflow/example_dags/example_short_circuit_operator.py
[2023-10-18 07:53:51,644] {processor.py:654} INFO - DAG(s) dict_keys(['example_short_circuit_operator']) retrieved from /Users/namyoung/Desktop/myprj/airflow/airflow/lib/python3.7/site-packages/airflow/example_dags/example_short_circuit_operator.py
[2023-10-18 07:53:51,650] {logging_mixin.py:109} INFO - [2023-10-18 07:53:51,650] {dag.py:2396} INFO - Sync 1 DAGs
[2023-10-18 07:53:51,659] {logging_mixin.py:109} INFO - [2023-10-18 07:53:51,658] {dag.py:2935} INFO - Setting next_dagrun for example_short_circuit_operator to 2023-10-16T22:53:51.658674+00:00
[2023-10-18 07:53:51,664] {processor.py:171} INFO - Processing /Users/namyoung/Desktop/myprj/airflow/airflow/lib/python3.7/site-packages/airflow/example_dags/example_short_circuit_operator.py took 0.045 seconds
[2023-10-18 08:27:49,259] {processor.py:163} INFO - Started process (PID=35002) to work on /Users/namyoung/Desktop/myprj/airflow/airflow/lib/python3.7/site-packages/airflow/example_dags/example_short_circuit_operator.py
[2023-10-18 08:27:49,260] {processor.py:642} INFO - Processing file /Users/namyoung/Desktop/myprj/airflow/airflow/lib/python3.7/site-packages/airflow/example_dags/example_short_circuit_operator.py for tasks to queue
[2023-10-18 08:27:49,262] {logging_mixin.py:109} INFO - [2023-10-18 08:27:49,261] {dagbag.py:500} INFO - Filling up the DagBag from /Users/namyoung/Desktop/myprj/airflow/airflow/lib/python3.7/site-packages/airflow/example_dags/example_short_circuit_operator.py
[2023-10-18 08:27:49,286] {processor.py:654} INFO - DAG(s) dict_keys(['example_short_circuit_operator']) retrieved from /Users/namyoung/Desktop/myprj/airflow/airflow/lib/python3.7/site-packages/airflow/example_dags/example_short_circuit_operator.py
[2023-10-18 08:27:49,294] {logging_mixin.py:109} INFO - [2023-10-18 08:27:49,294] {dag.py:2396} INFO - Sync 1 DAGs
[2023-10-18 08:27:49,303] {logging_mixin.py:109} INFO - [2023-10-18 08:27:49,303] {dag.py:2935} INFO - Setting next_dagrun for example_short_circuit_operator to 2023-10-16T23:27:49.302880+00:00
[2023-10-18 08:27:49,308] {processor.py:171} INFO - Processing /Users/namyoung/Desktop/myprj/airflow/airflow/lib/python3.7/site-packages/airflow/example_dags/example_short_circuit_operator.py took 0.055 seconds
[2023-10-18 08:28:21,190] {processor.py:163} INFO - Started process (PID=35150) to work on /Users/namyoung/Desktop/myprj/airflow/airflow/lib/python3.7/site-packages/airflow/example_dags/example_short_circuit_operator.py
[2023-10-18 08:28:21,191] {processor.py:642} INFO - Processing file /Users/namyoung/Desktop/myprj/airflow/airflow/lib/python3.7/site-packages/airflow/example_dags/example_short_circuit_operator.py for tasks to queue
[2023-10-18 08:28:21,192] {logging_mixin.py:109} INFO - [2023-10-18 08:28:21,191] {dagbag.py:500} INFO - Filling up the DagBag from /Users/namyoung/Desktop/myprj/airflow/airflow/lib/python3.7/site-packages/airflow/example_dags/example_short_circuit_operator.py
[2023-10-18 08:28:21,204] {processor.py:654} INFO - DAG(s) dict_keys(['example_short_circuit_operator']) retrieved from /Users/namyoung/Desktop/myprj/airflow/airflow/lib/python3.7/site-packages/airflow/example_dags/example_short_circuit_operator.py
[2023-10-18 08:28:21,211] {logging_mixin.py:109} INFO - [2023-10-18 08:28:21,210] {dag.py:2396} INFO - Sync 1 DAGs
[2023-10-18 08:28:21,218] {logging_mixin.py:109} INFO - [2023-10-18 08:28:21,217] {dag.py:2935} INFO - Setting next_dagrun for example_short_circuit_operator to 2023-10-16T23:28:21.217619+00:00
[2023-10-18 08:28:21,225] {processor.py:171} INFO - Processing /Users/namyoung/Desktop/myprj/airflow/airflow/lib/python3.7/site-packages/airflow/example_dags/example_short_circuit_operator.py took 0.037 seconds
[2023-10-18 08:28:52,627] {processor.py:163} INFO - Started process (PID=35375) to work on /Users/namyoung/Desktop/myprj/airflow/airflow/lib/python3.7/site-packages/airflow/example_dags/example_short_circuit_operator.py
[2023-10-18 08:28:52,629] {processor.py:642} INFO - Processing file /Users/namyoung/Desktop/myprj/airflow/airflow/lib/python3.7/site-packages/airflow/example_dags/example_short_circuit_operator.py for tasks to queue
[2023-10-18 08:28:52,630] {logging_mixin.py:109} INFO - [2023-10-18 08:28:52,630] {dagbag.py:500} INFO - Filling up the DagBag from /Users/namyoung/Desktop/myprj/airflow/airflow/lib/python3.7/site-packages/airflow/example_dags/example_short_circuit_operator.py
[2023-10-18 08:28:52,654] {processor.py:654} INFO - DAG(s) dict_keys(['example_short_circuit_operator']) retrieved from /Users/namyoung/Desktop/myprj/airflow/airflow/lib/python3.7/site-packages/airflow/example_dags/example_short_circuit_operator.py
[2023-10-18 08:28:52,662] {logging_mixin.py:109} INFO - [2023-10-18 08:28:52,662] {dag.py:2396} INFO - Sync 1 DAGs
[2023-10-18 08:28:52,670] {logging_mixin.py:109} INFO - [2023-10-18 08:28:52,670] {dag.py:2935} INFO - Setting next_dagrun for example_short_circuit_operator to 2023-10-16T23:28:52.670270+00:00
[2023-10-18 08:28:52,676] {processor.py:171} INFO - Processing /Users/namyoung/Desktop/myprj/airflow/airflow/lib/python3.7/site-packages/airflow/example_dags/example_short_circuit_operator.py took 0.053 seconds
[2023-10-18 08:29:26,839] {processor.py:163} INFO - Started process (PID=35421) to work on /Users/namyoung/Desktop/myprj/airflow/airflow/lib/python3.7/site-packages/airflow/example_dags/example_short_circuit_operator.py
[2023-10-18 08:29:26,841] {processor.py:642} INFO - Processing file /Users/namyoung/Desktop/myprj/airflow/airflow/lib/python3.7/site-packages/airflow/example_dags/example_short_circuit_operator.py for tasks to queue
[2023-10-18 08:29:26,842] {logging_mixin.py:109} INFO - [2023-10-18 08:29:26,842] {dagbag.py:500} INFO - Filling up the DagBag from /Users/namyoung/Desktop/myprj/airflow/airflow/lib/python3.7/site-packages/airflow/example_dags/example_short_circuit_operator.py
[2023-10-18 08:29:26,867] {processor.py:654} INFO - DAG(s) dict_keys(['example_short_circuit_operator']) retrieved from /Users/namyoung/Desktop/myprj/airflow/airflow/lib/python3.7/site-packages/airflow/example_dags/example_short_circuit_operator.py
[2023-10-18 08:29:26,875] {logging_mixin.py:109} INFO - [2023-10-18 08:29:26,875] {dag.py:2396} INFO - Sync 1 DAGs
[2023-10-18 08:29:26,884] {logging_mixin.py:109} INFO - [2023-10-18 08:29:26,883] {dag.py:2935} INFO - Setting next_dagrun for example_short_circuit_operator to 2023-10-16T23:29:26.883753+00:00
[2023-10-18 08:29:26,889] {processor.py:171} INFO - Processing /Users/namyoung/Desktop/myprj/airflow/airflow/lib/python3.7/site-packages/airflow/example_dags/example_short_circuit_operator.py took 0.055 seconds
[2023-10-18 08:30:00,184] {processor.py:163} INFO - Started process (PID=35484) to work on /Users/namyoung/Desktop/myprj/airflow/airflow/lib/python3.7/site-packages/airflow/example_dags/example_short_circuit_operator.py
[2023-10-18 08:30:00,186] {processor.py:642} INFO - Processing file /Users/namyoung/Desktop/myprj/airflow/airflow/lib/python3.7/site-packages/airflow/example_dags/example_short_circuit_operator.py for tasks to queue
[2023-10-18 08:30:00,187] {logging_mixin.py:109} INFO - [2023-10-18 08:30:00,186] {dagbag.py:500} INFO - Filling up the DagBag from /Users/namyoung/Desktop/myprj/airflow/airflow/lib/python3.7/site-packages/airflow/example_dags/example_short_circuit_operator.py
[2023-10-18 08:30:00,208] {processor.py:654} INFO - DAG(s) dict_keys(['example_short_circuit_operator']) retrieved from /Users/namyoung/Desktop/myprj/airflow/airflow/lib/python3.7/site-packages/airflow/example_dags/example_short_circuit_operator.py
[2023-10-18 08:30:00,216] {logging_mixin.py:109} INFO - [2023-10-18 08:30:00,216] {dag.py:2396} INFO - Sync 1 DAGs
[2023-10-18 08:30:00,226] {logging_mixin.py:109} INFO - [2023-10-18 08:30:00,225] {dag.py:2935} INFO - Setting next_dagrun for example_short_circuit_operator to 2023-10-16T23:30:00.225493+00:00
[2023-10-18 08:30:00,232] {processor.py:171} INFO - Processing /Users/namyoung/Desktop/myprj/airflow/airflow/lib/python3.7/site-packages/airflow/example_dags/example_short_circuit_operator.py took 0.053 seconds
