[2023-10-17 09:49:49,357] {processor.py:163} INFO - Started process (PID=32647) to work on /Users/namyoung/Desktop/myprj/airflow/airflow/lib/python3.7/site-packages/airflow/example_dags/example_external_task_marker_dag.py
[2023-10-17 09:49:49,358] {processor.py:642} INFO - Processing file /Users/namyoung/Desktop/myprj/airflow/airflow/lib/python3.7/site-packages/airflow/example_dags/example_external_task_marker_dag.py for tasks to queue
[2023-10-17 09:49:49,358] {logging_mixin.py:109} INFO - [2023-10-17 09:49:49,358] {dagbag.py:500} INFO - Filling up the DagBag from /Users/namyoung/Desktop/myprj/airflow/airflow/lib/python3.7/site-packages/airflow/example_dags/example_external_task_marker_dag.py
[2023-10-17 09:49:49,370] {processor.py:654} INFO - DAG(s) dict_keys(['example_external_task_marker_parent', 'example_external_task_marker_child']) retrieved from /Users/namyoung/Desktop/myprj/airflow/airflow/lib/python3.7/site-packages/airflow/example_dags/example_external_task_marker_dag.py
[2023-10-17 09:49:49,376] {logging_mixin.py:109} INFO - [2023-10-17 09:49:49,376] {dag.py:2396} INFO - Sync 2 DAGs
[2023-10-17 09:49:49,383] {logging_mixin.py:109} INFO - [2023-10-17 09:49:49,383] {dag.py:2935} INFO - Setting next_dagrun for example_external_task_marker_child to None
[2023-10-17 09:49:49,384] {logging_mixin.py:109} INFO - [2023-10-17 09:49:49,384] {dag.py:2935} INFO - Setting next_dagrun for example_external_task_marker_parent to None
[2023-10-17 09:49:49,389] {processor.py:171} INFO - Processing /Users/namyoung/Desktop/myprj/airflow/airflow/lib/python3.7/site-packages/airflow/example_dags/example_external_task_marker_dag.py took 0.034 seconds
[2023-10-17 11:49:52,979] {processor.py:163} INFO - Started process (PID=32793) to work on /Users/namyoung/Desktop/myprj/airflow/airflow/lib/python3.7/site-packages/airflow/example_dags/example_external_task_marker_dag.py
[2023-10-17 11:49:52,980] {processor.py:642} INFO - Processing file /Users/namyoung/Desktop/myprj/airflow/airflow/lib/python3.7/site-packages/airflow/example_dags/example_external_task_marker_dag.py for tasks to queue
[2023-10-17 11:49:52,981] {logging_mixin.py:109} INFO - [2023-10-17 11:49:52,981] {dagbag.py:500} INFO - Filling up the DagBag from /Users/namyoung/Desktop/myprj/airflow/airflow/lib/python3.7/site-packages/airflow/example_dags/example_external_task_marker_dag.py
[2023-10-17 11:49:53,002] {processor.py:654} INFO - DAG(s) dict_keys(['example_external_task_marker_parent', 'example_external_task_marker_child']) retrieved from /Users/namyoung/Desktop/myprj/airflow/airflow/lib/python3.7/site-packages/airflow/example_dags/example_external_task_marker_dag.py
[2023-10-17 11:49:53,011] {logging_mixin.py:109} INFO - [2023-10-17 11:49:53,011] {dag.py:2396} INFO - Sync 2 DAGs
[2023-10-17 11:49:53,020] {logging_mixin.py:109} INFO - [2023-10-17 11:49:53,020] {dag.py:2935} INFO - Setting next_dagrun for example_external_task_marker_child to None
[2023-10-17 11:49:53,021] {logging_mixin.py:109} INFO - [2023-10-17 11:49:53,021] {dag.py:2935} INFO - Setting next_dagrun for example_external_task_marker_parent to None
[2023-10-17 11:49:53,027] {processor.py:171} INFO - Processing /Users/namyoung/Desktop/myprj/airflow/airflow/lib/python3.7/site-packages/airflow/example_dags/example_external_task_marker_dag.py took 0.051 seconds
[2023-10-17 15:11:39,805] {processor.py:163} INFO - Started process (PID=33176) to work on /Users/namyoung/Desktop/myprj/airflow/airflow/lib/python3.7/site-packages/airflow/example_dags/example_external_task_marker_dag.py
[2023-10-17 15:11:39,805] {processor.py:642} INFO - Processing file /Users/namyoung/Desktop/myprj/airflow/airflow/lib/python3.7/site-packages/airflow/example_dags/example_external_task_marker_dag.py for tasks to queue
[2023-10-17 15:11:39,806] {logging_mixin.py:109} INFO - [2023-10-17 15:11:39,806] {dagbag.py:500} INFO - Filling up the DagBag from /Users/namyoung/Desktop/myprj/airflow/airflow/lib/python3.7/site-packages/airflow/example_dags/example_external_task_marker_dag.py
[2023-10-17 15:11:39,817] {processor.py:654} INFO - DAG(s) dict_keys(['example_external_task_marker_parent', 'example_external_task_marker_child']) retrieved from /Users/namyoung/Desktop/myprj/airflow/airflow/lib/python3.7/site-packages/airflow/example_dags/example_external_task_marker_dag.py
[2023-10-17 15:11:39,826] {logging_mixin.py:109} INFO - [2023-10-17 15:11:39,826] {dag.py:2396} INFO - Sync 2 DAGs
[2023-10-17 15:11:39,834] {logging_mixin.py:109} INFO - [2023-10-17 15:11:39,833] {dag.py:2935} INFO - Setting next_dagrun for example_external_task_marker_child to None
[2023-10-17 15:11:39,834] {logging_mixin.py:109} INFO - [2023-10-17 15:11:39,834] {dag.py:2935} INFO - Setting next_dagrun for example_external_task_marker_parent to None
[2023-10-17 15:11:39,841] {processor.py:171} INFO - Processing /Users/namyoung/Desktop/myprj/airflow/airflow/lib/python3.7/site-packages/airflow/example_dags/example_external_task_marker_dag.py took 0.038 seconds
[2023-10-17 18:33:59,749] {processor.py:163} INFO - Started process (PID=33529) to work on /Users/namyoung/Desktop/myprj/airflow/airflow/lib/python3.7/site-packages/airflow/example_dags/example_external_task_marker_dag.py
[2023-10-17 18:33:59,750] {processor.py:642} INFO - Processing file /Users/namyoung/Desktop/myprj/airflow/airflow/lib/python3.7/site-packages/airflow/example_dags/example_external_task_marker_dag.py for tasks to queue
[2023-10-17 18:33:59,751] {logging_mixin.py:109} INFO - [2023-10-17 18:33:59,751] {dagbag.py:500} INFO - Filling up the DagBag from /Users/namyoung/Desktop/myprj/airflow/airflow/lib/python3.7/site-packages/airflow/example_dags/example_external_task_marker_dag.py
[2023-10-17 18:33:59,764] {processor.py:654} INFO - DAG(s) dict_keys(['example_external_task_marker_parent', 'example_external_task_marker_child']) retrieved from /Users/namyoung/Desktop/myprj/airflow/airflow/lib/python3.7/site-packages/airflow/example_dags/example_external_task_marker_dag.py
[2023-10-17 18:33:59,770] {logging_mixin.py:109} INFO - [2023-10-17 18:33:59,770] {dag.py:2396} INFO - Sync 2 DAGs
[2023-10-17 18:33:59,778] {logging_mixin.py:109} INFO - [2023-10-17 18:33:59,778] {dag.py:2935} INFO - Setting next_dagrun for example_external_task_marker_child to None
[2023-10-17 18:33:59,778] {logging_mixin.py:109} INFO - [2023-10-17 18:33:59,778] {dag.py:2935} INFO - Setting next_dagrun for example_external_task_marker_parent to None
[2023-10-17 18:33:59,785] {processor.py:171} INFO - Processing /Users/namyoung/Desktop/myprj/airflow/airflow/lib/python3.7/site-packages/airflow/example_dags/example_external_task_marker_dag.py took 0.038 seconds
[2023-10-17 20:37:19,509] {processor.py:163} INFO - Started process (PID=33700) to work on /Users/namyoung/Desktop/myprj/airflow/airflow/lib/python3.7/site-packages/airflow/example_dags/example_external_task_marker_dag.py
[2023-10-17 20:37:19,511] {processor.py:642} INFO - Processing file /Users/namyoung/Desktop/myprj/airflow/airflow/lib/python3.7/site-packages/airflow/example_dags/example_external_task_marker_dag.py for tasks to queue
[2023-10-17 20:37:19,524] {logging_mixin.py:109} INFO - [2023-10-17 20:37:19,523] {dagbag.py:500} INFO - Filling up the DagBag from /Users/namyoung/Desktop/myprj/airflow/airflow/lib/python3.7/site-packages/airflow/example_dags/example_external_task_marker_dag.py
[2023-10-17 20:37:19,551] {processor.py:654} INFO - DAG(s) dict_keys(['example_external_task_marker_parent', 'example_external_task_marker_child']) retrieved from /Users/namyoung/Desktop/myprj/airflow/airflow/lib/python3.7/site-packages/airflow/example_dags/example_external_task_marker_dag.py
[2023-10-17 20:37:19,564] {logging_mixin.py:109} INFO - [2023-10-17 20:37:19,564] {dag.py:2396} INFO - Sync 2 DAGs
[2023-10-17 20:37:19,574] {logging_mixin.py:109} INFO - [2023-10-17 20:37:19,574] {dag.py:2935} INFO - Setting next_dagrun for example_external_task_marker_child to None
[2023-10-17 20:37:19,575] {logging_mixin.py:109} INFO - [2023-10-17 20:37:19,575] {dag.py:2935} INFO - Setting next_dagrun for example_external_task_marker_parent to None
[2023-10-17 20:37:19,639] {processor.py:171} INFO - Processing /Users/namyoung/Desktop/myprj/airflow/airflow/lib/python3.7/site-packages/airflow/example_dags/example_external_task_marker_dag.py took 0.385 seconds
[2023-10-17 23:44:43,267] {processor.py:163} INFO - Started process (PID=34024) to work on /Users/namyoung/Desktop/myprj/airflow/airflow/lib/python3.7/site-packages/airflow/example_dags/example_external_task_marker_dag.py
[2023-10-17 23:44:43,268] {processor.py:642} INFO - Processing file /Users/namyoung/Desktop/myprj/airflow/airflow/lib/python3.7/site-packages/airflow/example_dags/example_external_task_marker_dag.py for tasks to queue
[2023-10-17 23:44:43,268] {logging_mixin.py:109} INFO - [2023-10-17 23:44:43,268] {dagbag.py:500} INFO - Filling up the DagBag from /Users/namyoung/Desktop/myprj/airflow/airflow/lib/python3.7/site-packages/airflow/example_dags/example_external_task_marker_dag.py
[2023-10-17 23:44:43,281] {processor.py:654} INFO - DAG(s) dict_keys(['example_external_task_marker_parent', 'example_external_task_marker_child']) retrieved from /Users/namyoung/Desktop/myprj/airflow/airflow/lib/python3.7/site-packages/airflow/example_dags/example_external_task_marker_dag.py
[2023-10-17 23:44:43,288] {logging_mixin.py:109} INFO - [2023-10-17 23:44:43,288] {dag.py:2396} INFO - Sync 2 DAGs
[2023-10-17 23:44:43,295] {logging_mixin.py:109} INFO - [2023-10-17 23:44:43,295] {dag.py:2935} INFO - Setting next_dagrun for example_external_task_marker_child to None
[2023-10-17 23:44:43,296] {logging_mixin.py:109} INFO - [2023-10-17 23:44:43,295] {dag.py:2935} INFO - Setting next_dagrun for example_external_task_marker_parent to None
[2023-10-17 23:44:43,301] {processor.py:171} INFO - Processing /Users/namyoung/Desktop/myprj/airflow/airflow/lib/python3.7/site-packages/airflow/example_dags/example_external_task_marker_dag.py took 0.036 seconds
[2023-10-18 03:28:21,742] {processor.py:163} INFO - Started process (PID=34366) to work on /Users/namyoung/Desktop/myprj/airflow/airflow/lib/python3.7/site-packages/airflow/example_dags/example_external_task_marker_dag.py
[2023-10-18 03:28:21,743] {processor.py:642} INFO - Processing file /Users/namyoung/Desktop/myprj/airflow/airflow/lib/python3.7/site-packages/airflow/example_dags/example_external_task_marker_dag.py for tasks to queue
[2023-10-18 03:28:21,744] {logging_mixin.py:109} INFO - [2023-10-18 03:28:21,744] {dagbag.py:500} INFO - Filling up the DagBag from /Users/namyoung/Desktop/myprj/airflow/airflow/lib/python3.7/site-packages/airflow/example_dags/example_external_task_marker_dag.py
[2023-10-18 03:28:21,761] {processor.py:654} INFO - DAG(s) dict_keys(['example_external_task_marker_parent', 'example_external_task_marker_child']) retrieved from /Users/namyoung/Desktop/myprj/airflow/airflow/lib/python3.7/site-packages/airflow/example_dags/example_external_task_marker_dag.py
[2023-10-18 03:28:21,768] {logging_mixin.py:109} INFO - [2023-10-18 03:28:21,768] {dag.py:2396} INFO - Sync 2 DAGs
[2023-10-18 03:28:21,775] {logging_mixin.py:109} INFO - [2023-10-18 03:28:21,775] {dag.py:2935} INFO - Setting next_dagrun for example_external_task_marker_child to None
[2023-10-18 03:28:21,775] {logging_mixin.py:109} INFO - [2023-10-18 03:28:21,775] {dag.py:2935} INFO - Setting next_dagrun for example_external_task_marker_parent to None
[2023-10-18 03:28:21,780] {processor.py:171} INFO - Processing /Users/namyoung/Desktop/myprj/airflow/airflow/lib/python3.7/site-packages/airflow/example_dags/example_external_task_marker_dag.py took 0.043 seconds
[2023-10-18 08:27:23,632] {processor.py:163} INFO - Started process (PID=34919) to work on /Users/namyoung/Desktop/myprj/airflow/airflow/lib/python3.7/site-packages/airflow/example_dags/example_external_task_marker_dag.py
[2023-10-18 08:27:23,634] {processor.py:642} INFO - Processing file /Users/namyoung/Desktop/myprj/airflow/airflow/lib/python3.7/site-packages/airflow/example_dags/example_external_task_marker_dag.py for tasks to queue
[2023-10-18 08:27:23,635] {logging_mixin.py:109} INFO - [2023-10-18 08:27:23,635] {dagbag.py:500} INFO - Filling up the DagBag from /Users/namyoung/Desktop/myprj/airflow/airflow/lib/python3.7/site-packages/airflow/example_dags/example_external_task_marker_dag.py
[2023-10-18 08:27:23,658] {processor.py:654} INFO - DAG(s) dict_keys(['example_external_task_marker_parent', 'example_external_task_marker_child']) retrieved from /Users/namyoung/Desktop/myprj/airflow/airflow/lib/python3.7/site-packages/airflow/example_dags/example_external_task_marker_dag.py
[2023-10-18 08:27:23,668] {logging_mixin.py:109} INFO - [2023-10-18 08:27:23,668] {dag.py:2396} INFO - Sync 2 DAGs
[2023-10-18 08:27:23,676] {logging_mixin.py:109} INFO - [2023-10-18 08:27:23,676] {dag.py:2935} INFO - Setting next_dagrun for example_external_task_marker_child to None
[2023-10-18 08:27:23,677] {logging_mixin.py:109} INFO - [2023-10-18 08:27:23,677] {dag.py:2935} INFO - Setting next_dagrun for example_external_task_marker_parent to None
[2023-10-18 08:27:23,682] {processor.py:171} INFO - Processing /Users/namyoung/Desktop/myprj/airflow/airflow/lib/python3.7/site-packages/airflow/example_dags/example_external_task_marker_dag.py took 0.055 seconds
[2023-10-18 08:27:54,954] {processor.py:163} INFO - Started process (PID=35013) to work on /Users/namyoung/Desktop/myprj/airflow/airflow/lib/python3.7/site-packages/airflow/example_dags/example_external_task_marker_dag.py
[2023-10-18 08:27:54,956] {processor.py:642} INFO - Processing file /Users/namyoung/Desktop/myprj/airflow/airflow/lib/python3.7/site-packages/airflow/example_dags/example_external_task_marker_dag.py for tasks to queue
[2023-10-18 08:27:54,957] {logging_mixin.py:109} INFO - [2023-10-18 08:27:54,957] {dagbag.py:500} INFO - Filling up the DagBag from /Users/namyoung/Desktop/myprj/airflow/airflow/lib/python3.7/site-packages/airflow/example_dags/example_external_task_marker_dag.py
[2023-10-18 08:27:54,980] {processor.py:654} INFO - DAG(s) dict_keys(['example_external_task_marker_parent', 'example_external_task_marker_child']) retrieved from /Users/namyoung/Desktop/myprj/airflow/airflow/lib/python3.7/site-packages/airflow/example_dags/example_external_task_marker_dag.py
[2023-10-18 08:27:54,990] {logging_mixin.py:109} INFO - [2023-10-18 08:27:54,990] {dag.py:2396} INFO - Sync 2 DAGs
[2023-10-18 08:27:54,999] {logging_mixin.py:109} INFO - [2023-10-18 08:27:54,999] {dag.py:2935} INFO - Setting next_dagrun for example_external_task_marker_child to None
[2023-10-18 08:27:54,999] {logging_mixin.py:109} INFO - [2023-10-18 08:27:54,999] {dag.py:2935} INFO - Setting next_dagrun for example_external_task_marker_parent to None
[2023-10-18 08:27:55,005] {processor.py:171} INFO - Processing /Users/namyoung/Desktop/myprj/airflow/airflow/lib/python3.7/site-packages/airflow/example_dags/example_external_task_marker_dag.py took 0.055 seconds
[2023-10-18 08:28:26,558] {processor.py:163} INFO - Started process (PID=35300) to work on /Users/namyoung/Desktop/myprj/airflow/airflow/lib/python3.7/site-packages/airflow/example_dags/example_external_task_marker_dag.py
[2023-10-18 08:28:26,559] {processor.py:642} INFO - Processing file /Users/namyoung/Desktop/myprj/airflow/airflow/lib/python3.7/site-packages/airflow/example_dags/example_external_task_marker_dag.py for tasks to queue
[2023-10-18 08:28:26,559] {logging_mixin.py:109} INFO - [2023-10-18 08:28:26,559] {dagbag.py:500} INFO - Filling up the DagBag from /Users/namyoung/Desktop/myprj/airflow/airflow/lib/python3.7/site-packages/airflow/example_dags/example_external_task_marker_dag.py
[2023-10-18 08:28:26,571] {processor.py:654} INFO - DAG(s) dict_keys(['example_external_task_marker_parent', 'example_external_task_marker_child']) retrieved from /Users/namyoung/Desktop/myprj/airflow/airflow/lib/python3.7/site-packages/airflow/example_dags/example_external_task_marker_dag.py
[2023-10-18 08:28:26,577] {logging_mixin.py:109} INFO - [2023-10-18 08:28:26,577] {dag.py:2396} INFO - Sync 2 DAGs
[2023-10-18 08:28:26,584] {logging_mixin.py:109} INFO - [2023-10-18 08:28:26,584] {dag.py:2935} INFO - Setting next_dagrun for example_external_task_marker_child to None
[2023-10-18 08:28:26,584] {logging_mixin.py:109} INFO - [2023-10-18 08:28:26,584] {dag.py:2935} INFO - Setting next_dagrun for example_external_task_marker_parent to None
[2023-10-18 08:28:26,589] {processor.py:171} INFO - Processing /Users/namyoung/Desktop/myprj/airflow/airflow/lib/python3.7/site-packages/airflow/example_dags/example_external_task_marker_dag.py took 0.034 seconds
[2023-10-18 08:28:58,938] {processor.py:163} INFO - Started process (PID=35382) to work on /Users/namyoung/Desktop/myprj/airflow/airflow/lib/python3.7/site-packages/airflow/example_dags/example_external_task_marker_dag.py
[2023-10-18 08:28:58,939] {processor.py:642} INFO - Processing file /Users/namyoung/Desktop/myprj/airflow/airflow/lib/python3.7/site-packages/airflow/example_dags/example_external_task_marker_dag.py for tasks to queue
[2023-10-18 08:28:58,940] {logging_mixin.py:109} INFO - [2023-10-18 08:28:58,940] {dagbag.py:500} INFO - Filling up the DagBag from /Users/namyoung/Desktop/myprj/airflow/airflow/lib/python3.7/site-packages/airflow/example_dags/example_external_task_marker_dag.py
[2023-10-18 08:28:58,963] {processor.py:654} INFO - DAG(s) dict_keys(['example_external_task_marker_parent', 'example_external_task_marker_child']) retrieved from /Users/namyoung/Desktop/myprj/airflow/airflow/lib/python3.7/site-packages/airflow/example_dags/example_external_task_marker_dag.py
[2023-10-18 08:28:58,975] {logging_mixin.py:109} INFO - [2023-10-18 08:28:58,975] {dag.py:2396} INFO - Sync 2 DAGs
[2023-10-18 08:28:58,986] {logging_mixin.py:109} INFO - [2023-10-18 08:28:58,985] {dag.py:2935} INFO - Setting next_dagrun for example_external_task_marker_child to None
[2023-10-18 08:28:58,986] {logging_mixin.py:109} INFO - [2023-10-18 08:28:58,986] {dag.py:2935} INFO - Setting next_dagrun for example_external_task_marker_parent to None
[2023-10-18 08:28:58,993] {processor.py:171} INFO - Processing /Users/namyoung/Desktop/myprj/airflow/airflow/lib/python3.7/site-packages/airflow/example_dags/example_external_task_marker_dag.py took 0.060 seconds
[2023-10-18 08:29:33,727] {processor.py:163} INFO - Started process (PID=35429) to work on /Users/namyoung/Desktop/myprj/airflow/airflow/lib/python3.7/site-packages/airflow/example_dags/example_external_task_marker_dag.py
[2023-10-18 08:29:33,728] {processor.py:642} INFO - Processing file /Users/namyoung/Desktop/myprj/airflow/airflow/lib/python3.7/site-packages/airflow/example_dags/example_external_task_marker_dag.py for tasks to queue
[2023-10-18 08:29:33,729] {logging_mixin.py:109} INFO - [2023-10-18 08:29:33,729] {dagbag.py:500} INFO - Filling up the DagBag from /Users/namyoung/Desktop/myprj/airflow/airflow/lib/python3.7/site-packages/airflow/example_dags/example_external_task_marker_dag.py
[2023-10-18 08:29:33,749] {processor.py:654} INFO - DAG(s) dict_keys(['example_external_task_marker_parent', 'example_external_task_marker_child']) retrieved from /Users/namyoung/Desktop/myprj/airflow/airflow/lib/python3.7/site-packages/airflow/example_dags/example_external_task_marker_dag.py
[2023-10-18 08:29:33,758] {logging_mixin.py:109} INFO - [2023-10-18 08:29:33,757] {dag.py:2396} INFO - Sync 2 DAGs
[2023-10-18 08:29:33,766] {logging_mixin.py:109} INFO - [2023-10-18 08:29:33,766] {dag.py:2935} INFO - Setting next_dagrun for example_external_task_marker_child to None
[2023-10-18 08:29:33,766] {logging_mixin.py:109} INFO - [2023-10-18 08:29:33,766] {dag.py:2935} INFO - Setting next_dagrun for example_external_task_marker_parent to None
[2023-10-18 08:29:33,771] {processor.py:171} INFO - Processing /Users/namyoung/Desktop/myprj/airflow/airflow/lib/python3.7/site-packages/airflow/example_dags/example_external_task_marker_dag.py took 0.049 seconds
