[2023-10-17 09:32:07,138] {processor.py:163} INFO - Started process (PID=32638) to work on /Users/namyoung/Desktop/myprj/airflow/airflow/lib/python3.7/site-packages/airflow/example_dags/example_latest_only_with_trigger.py
[2023-10-17 09:32:07,139] {processor.py:642} INFO - Processing file /Users/namyoung/Desktop/myprj/airflow/airflow/lib/python3.7/site-packages/airflow/example_dags/example_latest_only_with_trigger.py for tasks to queue
[2023-10-17 09:32:07,141] {logging_mixin.py:109} INFO - [2023-10-17 09:32:07,140] {dagbag.py:500} INFO - Filling up the DagBag from /Users/namyoung/Desktop/myprj/airflow/airflow/lib/python3.7/site-packages/airflow/example_dags/example_latest_only_with_trigger.py
[2023-10-17 09:32:07,164] {processor.py:654} INFO - DAG(s) dict_keys(['latest_only_with_trigger']) retrieved from /Users/namyoung/Desktop/myprj/airflow/airflow/lib/python3.7/site-packages/airflow/example_dags/example_latest_only_with_trigger.py
[2023-10-17 09:32:07,171] {logging_mixin.py:109} INFO - [2023-10-17 09:32:07,171] {dag.py:2396} INFO - Sync 1 DAGs
[2023-10-17 09:32:07,180] {logging_mixin.py:109} INFO - [2023-10-17 09:32:07,180] {dag.py:2935} INFO - Setting next_dagrun for latest_only_with_trigger to 2023-10-16T20:32:07.180289+00:00
[2023-10-17 09:32:07,186] {processor.py:171} INFO - Processing /Users/namyoung/Desktop/myprj/airflow/airflow/lib/python3.7/site-packages/airflow/example_dags/example_latest_only_with_trigger.py took 0.054 seconds
[2023-10-17 11:34:35,013] {processor.py:163} INFO - Started process (PID=32783) to work on /Users/namyoung/Desktop/myprj/airflow/airflow/lib/python3.7/site-packages/airflow/example_dags/example_latest_only_with_trigger.py
[2023-10-17 11:34:35,014] {processor.py:642} INFO - Processing file /Users/namyoung/Desktop/myprj/airflow/airflow/lib/python3.7/site-packages/airflow/example_dags/example_latest_only_with_trigger.py for tasks to queue
[2023-10-17 11:34:35,015] {logging_mixin.py:109} INFO - [2023-10-17 11:34:35,015] {dagbag.py:500} INFO - Filling up the DagBag from /Users/namyoung/Desktop/myprj/airflow/airflow/lib/python3.7/site-packages/airflow/example_dags/example_latest_only_with_trigger.py
[2023-10-17 11:34:35,027] {processor.py:654} INFO - DAG(s) dict_keys(['latest_only_with_trigger']) retrieved from /Users/namyoung/Desktop/myprj/airflow/airflow/lib/python3.7/site-packages/airflow/example_dags/example_latest_only_with_trigger.py
[2023-10-17 11:34:35,033] {logging_mixin.py:109} INFO - [2023-10-17 11:34:35,033] {dag.py:2396} INFO - Sync 1 DAGs
[2023-10-17 11:34:35,040] {logging_mixin.py:109} INFO - [2023-10-17 11:34:35,040] {dag.py:2935} INFO - Setting next_dagrun for latest_only_with_trigger to 2023-10-16T22:34:35.040361+00:00
[2023-10-17 11:34:35,045] {processor.py:171} INFO - Processing /Users/namyoung/Desktop/myprj/airflow/airflow/lib/python3.7/site-packages/airflow/example_dags/example_latest_only_with_trigger.py took 0.034 seconds
[2023-10-17 14:53:52,077] {processor.py:163} INFO - Started process (PID=33091) to work on /Users/namyoung/Desktop/myprj/airflow/airflow/lib/python3.7/site-packages/airflow/example_dags/example_latest_only_with_trigger.py
[2023-10-17 14:53:52,078] {processor.py:642} INFO - Processing file /Users/namyoung/Desktop/myprj/airflow/airflow/lib/python3.7/site-packages/airflow/example_dags/example_latest_only_with_trigger.py for tasks to queue
[2023-10-17 14:53:52,079] {logging_mixin.py:109} INFO - [2023-10-17 14:53:52,079] {dagbag.py:500} INFO - Filling up the DagBag from /Users/namyoung/Desktop/myprj/airflow/airflow/lib/python3.7/site-packages/airflow/example_dags/example_latest_only_with_trigger.py
[2023-10-17 14:53:52,092] {processor.py:654} INFO - DAG(s) dict_keys(['latest_only_with_trigger']) retrieved from /Users/namyoung/Desktop/myprj/airflow/airflow/lib/python3.7/site-packages/airflow/example_dags/example_latest_only_with_trigger.py
[2023-10-17 14:53:52,099] {logging_mixin.py:109} INFO - [2023-10-17 14:53:52,099] {dag.py:2396} INFO - Sync 1 DAGs
[2023-10-17 14:53:52,107] {logging_mixin.py:109} INFO - [2023-10-17 14:53:52,107] {dag.py:2935} INFO - Setting next_dagrun for latest_only_with_trigger to 2023-10-17T01:53:52.107366+00:00
[2023-10-17 14:53:52,113] {processor.py:171} INFO - Processing /Users/namyoung/Desktop/myprj/airflow/airflow/lib/python3.7/site-packages/airflow/example_dags/example_latest_only_with_trigger.py took 0.038 seconds
[2023-10-17 18:16:44,764] {processor.py:163} INFO - Started process (PID=33456) to work on /Users/namyoung/Desktop/myprj/airflow/airflow/lib/python3.7/site-packages/airflow/example_dags/example_latest_only_with_trigger.py
[2023-10-17 18:16:44,765] {processor.py:642} INFO - Processing file /Users/namyoung/Desktop/myprj/airflow/airflow/lib/python3.7/site-packages/airflow/example_dags/example_latest_only_with_trigger.py for tasks to queue
[2023-10-17 18:16:44,765] {logging_mixin.py:109} INFO - [2023-10-17 18:16:44,765] {dagbag.py:500} INFO - Filling up the DagBag from /Users/namyoung/Desktop/myprj/airflow/airflow/lib/python3.7/site-packages/airflow/example_dags/example_latest_only_with_trigger.py
[2023-10-17 18:16:44,777] {processor.py:654} INFO - DAG(s) dict_keys(['latest_only_with_trigger']) retrieved from /Users/namyoung/Desktop/myprj/airflow/airflow/lib/python3.7/site-packages/airflow/example_dags/example_latest_only_with_trigger.py
[2023-10-17 18:16:44,782] {logging_mixin.py:109} INFO - [2023-10-17 18:16:44,782] {dag.py:2396} INFO - Sync 1 DAGs
[2023-10-17 18:16:44,790] {logging_mixin.py:109} INFO - [2023-10-17 18:16:44,789] {dag.py:2935} INFO - Setting next_dagrun for latest_only_with_trigger to 2023-10-17T05:16:44.789710+00:00
[2023-10-17 18:16:44,795] {processor.py:171} INFO - Processing /Users/namyoung/Desktop/myprj/airflow/airflow/lib/python3.7/site-packages/airflow/example_dags/example_latest_only_with_trigger.py took 0.033 seconds
[2023-10-17 20:19:35,574] {processor.py:163} INFO - Started process (PID=33686) to work on /Users/namyoung/Desktop/myprj/airflow/airflow/lib/python3.7/site-packages/airflow/example_dags/example_latest_only_with_trigger.py
[2023-10-17 20:19:35,575] {processor.py:642} INFO - Processing file /Users/namyoung/Desktop/myprj/airflow/airflow/lib/python3.7/site-packages/airflow/example_dags/example_latest_only_with_trigger.py for tasks to queue
[2023-10-17 20:19:35,575] {logging_mixin.py:109} INFO - [2023-10-17 20:19:35,575] {dagbag.py:500} INFO - Filling up the DagBag from /Users/namyoung/Desktop/myprj/airflow/airflow/lib/python3.7/site-packages/airflow/example_dags/example_latest_only_with_trigger.py
[2023-10-17 20:19:35,594] {processor.py:654} INFO - DAG(s) dict_keys(['latest_only_with_trigger']) retrieved from /Users/namyoung/Desktop/myprj/airflow/airflow/lib/python3.7/site-packages/airflow/example_dags/example_latest_only_with_trigger.py
[2023-10-17 20:19:35,601] {logging_mixin.py:109} INFO - [2023-10-17 20:19:35,601] {dag.py:2396} INFO - Sync 1 DAGs
[2023-10-17 20:19:35,610] {logging_mixin.py:109} INFO - [2023-10-17 20:19:35,610] {dag.py:2935} INFO - Setting next_dagrun for latest_only_with_trigger to 2023-10-17T07:19:35.609974+00:00
[2023-10-17 20:19:35,636] {processor.py:171} INFO - Processing /Users/namyoung/Desktop/myprj/airflow/airflow/lib/python3.7/site-packages/airflow/example_dags/example_latest_only_with_trigger.py took 0.067 seconds
[2023-10-17 23:26:51,981] {processor.py:163} INFO - Started process (PID=34005) to work on /Users/namyoung/Desktop/myprj/airflow/airflow/lib/python3.7/site-packages/airflow/example_dags/example_latest_only_with_trigger.py
[2023-10-17 23:26:51,982] {processor.py:642} INFO - Processing file /Users/namyoung/Desktop/myprj/airflow/airflow/lib/python3.7/site-packages/airflow/example_dags/example_latest_only_with_trigger.py for tasks to queue
[2023-10-17 23:26:51,982] {logging_mixin.py:109} INFO - [2023-10-17 23:26:51,982] {dagbag.py:500} INFO - Filling up the DagBag from /Users/namyoung/Desktop/myprj/airflow/airflow/lib/python3.7/site-packages/airflow/example_dags/example_latest_only_with_trigger.py
[2023-10-17 23:26:51,994] {processor.py:654} INFO - DAG(s) dict_keys(['latest_only_with_trigger']) retrieved from /Users/namyoung/Desktop/myprj/airflow/airflow/lib/python3.7/site-packages/airflow/example_dags/example_latest_only_with_trigger.py
[2023-10-17 23:26:51,999] {logging_mixin.py:109} INFO - [2023-10-17 23:26:51,999] {dag.py:2396} INFO - Sync 1 DAGs
[2023-10-17 23:26:52,007] {logging_mixin.py:109} INFO - [2023-10-17 23:26:52,006] {dag.py:2935} INFO - Setting next_dagrun for latest_only_with_trigger to 2023-10-17T10:26:52.006611+00:00
[2023-10-17 23:26:52,013] {processor.py:171} INFO - Processing /Users/namyoung/Desktop/myprj/airflow/airflow/lib/python3.7/site-packages/airflow/example_dags/example_latest_only_with_trigger.py took 0.033 seconds
[2023-10-18 03:22:20,580] {processor.py:163} INFO - Started process (PID=34348) to work on /Users/namyoung/Desktop/myprj/airflow/airflow/lib/python3.7/site-packages/airflow/example_dags/example_latest_only_with_trigger.py
[2023-10-18 03:22:20,581] {processor.py:642} INFO - Processing file /Users/namyoung/Desktop/myprj/airflow/airflow/lib/python3.7/site-packages/airflow/example_dags/example_latest_only_with_trigger.py for tasks to queue
[2023-10-18 03:22:20,582] {logging_mixin.py:109} INFO - [2023-10-18 03:22:20,581] {dagbag.py:500} INFO - Filling up the DagBag from /Users/namyoung/Desktop/myprj/airflow/airflow/lib/python3.7/site-packages/airflow/example_dags/example_latest_only_with_trigger.py
[2023-10-18 03:22:20,594] {processor.py:654} INFO - DAG(s) dict_keys(['latest_only_with_trigger']) retrieved from /Users/namyoung/Desktop/myprj/airflow/airflow/lib/python3.7/site-packages/airflow/example_dags/example_latest_only_with_trigger.py
[2023-10-18 03:22:20,602] {logging_mixin.py:109} INFO - [2023-10-18 03:22:20,602] {dag.py:2396} INFO - Sync 1 DAGs
[2023-10-18 03:22:20,610] {logging_mixin.py:109} INFO - [2023-10-18 03:22:20,609] {dag.py:2935} INFO - Setting next_dagrun for latest_only_with_trigger to 2023-10-17T14:22:20.609750+00:00
[2023-10-18 03:22:20,616] {processor.py:171} INFO - Processing /Users/namyoung/Desktop/myprj/airflow/airflow/lib/python3.7/site-packages/airflow/example_dags/example_latest_only_with_trigger.py took 0.038 seconds
[2023-10-18 05:26:48,787] {processor.py:163} INFO - Started process (PID=34614) to work on /Users/namyoung/Desktop/myprj/airflow/airflow/lib/python3.7/site-packages/airflow/example_dags/example_latest_only_with_trigger.py
[2023-10-18 05:26:48,788] {processor.py:642} INFO - Processing file /Users/namyoung/Desktop/myprj/airflow/airflow/lib/python3.7/site-packages/airflow/example_dags/example_latest_only_with_trigger.py for tasks to queue
[2023-10-18 05:26:48,788] {logging_mixin.py:109} INFO - [2023-10-18 05:26:48,788] {dagbag.py:500} INFO - Filling up the DagBag from /Users/namyoung/Desktop/myprj/airflow/airflow/lib/python3.7/site-packages/airflow/example_dags/example_latest_only_with_trigger.py
[2023-10-18 05:26:48,805] {processor.py:654} INFO - DAG(s) dict_keys(['latest_only_with_trigger']) retrieved from /Users/namyoung/Desktop/myprj/airflow/airflow/lib/python3.7/site-packages/airflow/example_dags/example_latest_only_with_trigger.py
[2023-10-18 05:26:48,814] {logging_mixin.py:109} INFO - [2023-10-18 05:26:48,813] {dag.py:2396} INFO - Sync 1 DAGs
[2023-10-18 05:26:48,824] {logging_mixin.py:109} INFO - [2023-10-18 05:26:48,823] {dag.py:2935} INFO - Setting next_dagrun for latest_only_with_trigger to 2023-10-17T16:26:48.823434+00:00
[2023-10-18 05:26:48,833] {processor.py:171} INFO - Processing /Users/namyoung/Desktop/myprj/airflow/airflow/lib/python3.7/site-packages/airflow/example_dags/example_latest_only_with_trigger.py took 0.048 seconds
[2023-10-18 08:26:34,565] {processor.py:163} INFO - Started process (PID=34900) to work on /Users/namyoung/Desktop/myprj/airflow/airflow/lib/python3.7/site-packages/airflow/example_dags/example_latest_only_with_trigger.py
[2023-10-18 08:26:34,566] {processor.py:642} INFO - Processing file /Users/namyoung/Desktop/myprj/airflow/airflow/lib/python3.7/site-packages/airflow/example_dags/example_latest_only_with_trigger.py for tasks to queue
[2023-10-18 08:26:34,566] {logging_mixin.py:109} INFO - [2023-10-18 08:26:34,566] {dagbag.py:500} INFO - Filling up the DagBag from /Users/namyoung/Desktop/myprj/airflow/airflow/lib/python3.7/site-packages/airflow/example_dags/example_latest_only_with_trigger.py
[2023-10-18 08:26:34,579] {processor.py:654} INFO - DAG(s) dict_keys(['latest_only_with_trigger']) retrieved from /Users/namyoung/Desktop/myprj/airflow/airflow/lib/python3.7/site-packages/airflow/example_dags/example_latest_only_with_trigger.py
[2023-10-18 08:26:34,584] {logging_mixin.py:109} INFO - [2023-10-18 08:26:34,584] {dag.py:2396} INFO - Sync 1 DAGs
[2023-10-18 08:26:34,592] {logging_mixin.py:109} INFO - [2023-10-18 08:26:34,592] {dag.py:2935} INFO - Setting next_dagrun for latest_only_with_trigger to 2023-10-17T19:26:34.591908+00:00
[2023-10-18 08:26:34,600] {processor.py:171} INFO - Processing /Users/namyoung/Desktop/myprj/airflow/airflow/lib/python3.7/site-packages/airflow/example_dags/example_latest_only_with_trigger.py took 0.036 seconds
[2023-10-18 08:27:53,285] {processor.py:163} INFO - Started process (PID=35010) to work on /Users/namyoung/Desktop/myprj/airflow/airflow/lib/python3.7/site-packages/airflow/example_dags/example_latest_only_with_trigger.py
[2023-10-18 08:27:53,287] {processor.py:642} INFO - Processing file /Users/namyoung/Desktop/myprj/airflow/airflow/lib/python3.7/site-packages/airflow/example_dags/example_latest_only_with_trigger.py for tasks to queue
[2023-10-18 08:27:53,287] {logging_mixin.py:109} INFO - [2023-10-18 08:27:53,287] {dagbag.py:500} INFO - Filling up the DagBag from /Users/namyoung/Desktop/myprj/airflow/airflow/lib/python3.7/site-packages/airflow/example_dags/example_latest_only_with_trigger.py
[2023-10-18 08:27:53,309] {processor.py:654} INFO - DAG(s) dict_keys(['latest_only_with_trigger']) retrieved from /Users/namyoung/Desktop/myprj/airflow/airflow/lib/python3.7/site-packages/airflow/example_dags/example_latest_only_with_trigger.py
[2023-10-18 08:27:53,318] {logging_mixin.py:109} INFO - [2023-10-18 08:27:53,317] {dag.py:2396} INFO - Sync 1 DAGs
[2023-10-18 08:27:53,326] {logging_mixin.py:109} INFO - [2023-10-18 08:27:53,325] {dag.py:2935} INFO - Setting next_dagrun for latest_only_with_trigger to 2023-10-17T19:27:53.325662+00:00
[2023-10-18 08:27:53,331] {processor.py:171} INFO - Processing /Users/namyoung/Desktop/myprj/airflow/airflow/lib/python3.7/site-packages/airflow/example_dags/example_latest_only_with_trigger.py took 0.049 seconds
[2023-10-18 08:28:24,945] {processor.py:163} INFO - Started process (PID=35297) to work on /Users/namyoung/Desktop/myprj/airflow/airflow/lib/python3.7/site-packages/airflow/example_dags/example_latest_only_with_trigger.py
[2023-10-18 08:28:24,946] {processor.py:642} INFO - Processing file /Users/namyoung/Desktop/myprj/airflow/airflow/lib/python3.7/site-packages/airflow/example_dags/example_latest_only_with_trigger.py for tasks to queue
[2023-10-18 08:28:24,946] {logging_mixin.py:109} INFO - [2023-10-18 08:28:24,946] {dagbag.py:500} INFO - Filling up the DagBag from /Users/namyoung/Desktop/myprj/airflow/airflow/lib/python3.7/site-packages/airflow/example_dags/example_latest_only_with_trigger.py
[2023-10-18 08:28:24,958] {processor.py:654} INFO - DAG(s) dict_keys(['latest_only_with_trigger']) retrieved from /Users/namyoung/Desktop/myprj/airflow/airflow/lib/python3.7/site-packages/airflow/example_dags/example_latest_only_with_trigger.py
[2023-10-18 08:28:24,963] {logging_mixin.py:109} INFO - [2023-10-18 08:28:24,963] {dag.py:2396} INFO - Sync 1 DAGs
[2023-10-18 08:28:24,970] {logging_mixin.py:109} INFO - [2023-10-18 08:28:24,970] {dag.py:2935} INFO - Setting next_dagrun for latest_only_with_trigger to 2023-10-17T19:28:24.970059+00:00
[2023-10-18 08:28:24,975] {processor.py:171} INFO - Processing /Users/namyoung/Desktop/myprj/airflow/airflow/lib/python3.7/site-packages/airflow/example_dags/example_latest_only_with_trigger.py took 0.032 seconds
[2023-10-18 08:28:56,449] {processor.py:163} INFO - Started process (PID=35379) to work on /Users/namyoung/Desktop/myprj/airflow/airflow/lib/python3.7/site-packages/airflow/example_dags/example_latest_only_with_trigger.py
[2023-10-18 08:28:56,451] {processor.py:642} INFO - Processing file /Users/namyoung/Desktop/myprj/airflow/airflow/lib/python3.7/site-packages/airflow/example_dags/example_latest_only_with_trigger.py for tasks to queue
[2023-10-18 08:28:56,452] {logging_mixin.py:109} INFO - [2023-10-18 08:28:56,451] {dagbag.py:500} INFO - Filling up the DagBag from /Users/namyoung/Desktop/myprj/airflow/airflow/lib/python3.7/site-packages/airflow/example_dags/example_latest_only_with_trigger.py
[2023-10-18 08:28:56,469] {processor.py:654} INFO - DAG(s) dict_keys(['latest_only_with_trigger']) retrieved from /Users/namyoung/Desktop/myprj/airflow/airflow/lib/python3.7/site-packages/airflow/example_dags/example_latest_only_with_trigger.py
[2023-10-18 08:28:56,477] {logging_mixin.py:109} INFO - [2023-10-18 08:28:56,477] {dag.py:2396} INFO - Sync 1 DAGs
[2023-10-18 08:28:56,485] {logging_mixin.py:109} INFO - [2023-10-18 08:28:56,485] {dag.py:2935} INFO - Setting next_dagrun for latest_only_with_trigger to 2023-10-17T19:28:56.485474+00:00
[2023-10-18 08:28:56,492] {processor.py:171} INFO - Processing /Users/namyoung/Desktop/myprj/airflow/airflow/lib/python3.7/site-packages/airflow/example_dags/example_latest_only_with_trigger.py took 0.046 seconds
[2023-10-18 08:29:30,872] {processor.py:163} INFO - Started process (PID=35426) to work on /Users/namyoung/Desktop/myprj/airflow/airflow/lib/python3.7/site-packages/airflow/example_dags/example_latest_only_with_trigger.py
[2023-10-18 08:29:30,873] {processor.py:642} INFO - Processing file /Users/namyoung/Desktop/myprj/airflow/airflow/lib/python3.7/site-packages/airflow/example_dags/example_latest_only_with_trigger.py for tasks to queue
[2023-10-18 08:29:30,873] {logging_mixin.py:109} INFO - [2023-10-18 08:29:30,873] {dagbag.py:500} INFO - Filling up the DagBag from /Users/namyoung/Desktop/myprj/airflow/airflow/lib/python3.7/site-packages/airflow/example_dags/example_latest_only_with_trigger.py
[2023-10-18 08:29:30,886] {processor.py:654} INFO - DAG(s) dict_keys(['latest_only_with_trigger']) retrieved from /Users/namyoung/Desktop/myprj/airflow/airflow/lib/python3.7/site-packages/airflow/example_dags/example_latest_only_with_trigger.py
[2023-10-18 08:29:30,892] {logging_mixin.py:109} INFO - [2023-10-18 08:29:30,892] {dag.py:2396} INFO - Sync 1 DAGs
[2023-10-18 08:29:30,901] {logging_mixin.py:109} INFO - [2023-10-18 08:29:30,900] {dag.py:2935} INFO - Setting next_dagrun for latest_only_with_trigger to 2023-10-17T19:29:30.900381+00:00
[2023-10-18 08:29:30,907] {processor.py:171} INFO - Processing /Users/namyoung/Desktop/myprj/airflow/airflow/lib/python3.7/site-packages/airflow/example_dags/example_latest_only_with_trigger.py took 0.039 seconds
