[2023-10-17 12:38:59,107] {processor.py:163} INFO - Started process (PID=32958) to work on /Users/namyoung/Desktop/myprj/airflow/airflow/lib/python3.7/site-packages/airflow/example_dags/example_bash_operator.py
[2023-10-17 12:38:59,108] {processor.py:642} INFO - Processing file /Users/namyoung/Desktop/myprj/airflow/airflow/lib/python3.7/site-packages/airflow/example_dags/example_bash_operator.py for tasks to queue
[2023-10-17 12:38:59,109] {logging_mixin.py:109} INFO - [2023-10-17 12:38:59,108] {dagbag.py:500} INFO - Filling up the DagBag from /Users/namyoung/Desktop/myprj/airflow/airflow/lib/python3.7/site-packages/airflow/example_dags/example_bash_operator.py
[2023-10-17 12:38:59,124] {processor.py:654} INFO - DAG(s) dict_keys(['example_bash_operator']) retrieved from /Users/namyoung/Desktop/myprj/airflow/airflow/lib/python3.7/site-packages/airflow/example_dags/example_bash_operator.py
[2023-10-17 12:38:59,131] {logging_mixin.py:109} INFO - [2023-10-17 12:38:59,130] {dag.py:2396} INFO - Sync 1 DAGs
[2023-10-17 12:38:59,139] {logging_mixin.py:109} INFO - [2023-10-17 12:38:59,139] {dag.py:2935} INFO - Setting next_dagrun for example_bash_operator to 2023-10-17T00:00:00+00:00
[2023-10-17 12:38:59,144] {processor.py:171} INFO - Processing /Users/namyoung/Desktop/myprj/airflow/airflow/lib/python3.7/site-packages/airflow/example_dags/example_bash_operator.py took 0.039 seconds
[2023-10-17 19:15:21,188] {processor.py:163} INFO - Started process (PID=33610) to work on /Users/namyoung/Desktop/myprj/airflow/airflow/lib/python3.7/site-packages/airflow/example_dags/example_bash_operator.py
[2023-10-17 19:15:21,189] {processor.py:642} INFO - Processing file /Users/namyoung/Desktop/myprj/airflow/airflow/lib/python3.7/site-packages/airflow/example_dags/example_bash_operator.py for tasks to queue
[2023-10-17 19:15:21,189] {logging_mixin.py:109} INFO - [2023-10-17 19:15:21,189] {dagbag.py:500} INFO - Filling up the DagBag from /Users/namyoung/Desktop/myprj/airflow/airflow/lib/python3.7/site-packages/airflow/example_dags/example_bash_operator.py
[2023-10-17 19:15:21,203] {processor.py:654} INFO - DAG(s) dict_keys(['example_bash_operator']) retrieved from /Users/namyoung/Desktop/myprj/airflow/airflow/lib/python3.7/site-packages/airflow/example_dags/example_bash_operator.py
[2023-10-17 19:15:21,208] {logging_mixin.py:109} INFO - [2023-10-17 19:15:21,208] {dag.py:2396} INFO - Sync 1 DAGs
[2023-10-17 19:15:21,216] {logging_mixin.py:109} INFO - [2023-10-17 19:15:21,216] {dag.py:2935} INFO - Setting next_dagrun for example_bash_operator to 2023-10-17T00:00:00+00:00
[2023-10-17 19:15:21,221] {processor.py:171} INFO - Processing /Users/namyoung/Desktop/myprj/airflow/airflow/lib/python3.7/site-packages/airflow/example_dags/example_bash_operator.py took 0.035 seconds
[2023-10-18 00:52:42,653] {processor.py:163} INFO - Started process (PID=34111) to work on /Users/namyoung/Desktop/myprj/airflow/airflow/lib/python3.7/site-packages/airflow/example_dags/example_bash_operator.py
[2023-10-18 00:52:42,653] {processor.py:642} INFO - Processing file /Users/namyoung/Desktop/myprj/airflow/airflow/lib/python3.7/site-packages/airflow/example_dags/example_bash_operator.py for tasks to queue
[2023-10-18 00:52:42,654] {logging_mixin.py:109} INFO - [2023-10-18 00:52:42,654] {dagbag.py:500} INFO - Filling up the DagBag from /Users/namyoung/Desktop/myprj/airflow/airflow/lib/python3.7/site-packages/airflow/example_dags/example_bash_operator.py
[2023-10-18 00:52:42,670] {processor.py:654} INFO - DAG(s) dict_keys(['example_bash_operator']) retrieved from /Users/namyoung/Desktop/myprj/airflow/airflow/lib/python3.7/site-packages/airflow/example_dags/example_bash_operator.py
[2023-10-18 00:52:42,676] {logging_mixin.py:109} INFO - [2023-10-18 00:52:42,676] {dag.py:2396} INFO - Sync 1 DAGs
[2023-10-18 00:52:42,686] {logging_mixin.py:109} INFO - [2023-10-18 00:52:42,685] {dag.py:2935} INFO - Setting next_dagrun for example_bash_operator to 2023-10-17T00:00:00+00:00
[2023-10-18 00:52:42,692] {processor.py:171} INFO - Processing /Users/namyoung/Desktop/myprj/airflow/airflow/lib/python3.7/site-packages/airflow/example_dags/example_bash_operator.py took 0.041 seconds
[2023-10-18 05:43:53,715] {processor.py:163} INFO - Started process (PID=34627) to work on /Users/namyoung/Desktop/myprj/airflow/airflow/lib/python3.7/site-packages/airflow/example_dags/example_bash_operator.py
[2023-10-18 05:43:53,717] {processor.py:642} INFO - Processing file /Users/namyoung/Desktop/myprj/airflow/airflow/lib/python3.7/site-packages/airflow/example_dags/example_bash_operator.py for tasks to queue
[2023-10-18 05:43:53,717] {logging_mixin.py:109} INFO - [2023-10-18 05:43:53,717] {dagbag.py:500} INFO - Filling up the DagBag from /Users/namyoung/Desktop/myprj/airflow/airflow/lib/python3.7/site-packages/airflow/example_dags/example_bash_operator.py
[2023-10-18 05:43:53,737] {processor.py:654} INFO - DAG(s) dict_keys(['example_bash_operator']) retrieved from /Users/namyoung/Desktop/myprj/airflow/airflow/lib/python3.7/site-packages/airflow/example_dags/example_bash_operator.py
[2023-10-18 05:43:53,743] {logging_mixin.py:109} INFO - [2023-10-18 05:43:53,743] {dag.py:2396} INFO - Sync 1 DAGs
[2023-10-18 05:43:53,751] {logging_mixin.py:109} INFO - [2023-10-18 05:43:53,750] {dag.py:2935} INFO - Setting next_dagrun for example_bash_operator to 2023-10-17T00:00:00+00:00
[2023-10-18 05:43:53,756] {processor.py:171} INFO - Processing /Users/namyoung/Desktop/myprj/airflow/airflow/lib/python3.7/site-packages/airflow/example_dags/example_bash_operator.py took 0.045 seconds
[2023-10-18 08:27:30,242] {processor.py:163} INFO - Started process (PID=34967) to work on /Users/namyoung/Desktop/myprj/airflow/airflow/lib/python3.7/site-packages/airflow/example_dags/example_bash_operator.py
[2023-10-18 08:27:30,243] {processor.py:642} INFO - Processing file /Users/namyoung/Desktop/myprj/airflow/airflow/lib/python3.7/site-packages/airflow/example_dags/example_bash_operator.py for tasks to queue
[2023-10-18 08:27:30,244] {logging_mixin.py:109} INFO - [2023-10-18 08:27:30,244] {dagbag.py:500} INFO - Filling up the DagBag from /Users/namyoung/Desktop/myprj/airflow/airflow/lib/python3.7/site-packages/airflow/example_dags/example_bash_operator.py
[2023-10-18 08:27:30,274] {processor.py:654} INFO - DAG(s) dict_keys(['example_bash_operator']) retrieved from /Users/namyoung/Desktop/myprj/airflow/airflow/lib/python3.7/site-packages/airflow/example_dags/example_bash_operator.py
[2023-10-18 08:27:30,282] {logging_mixin.py:109} INFO - [2023-10-18 08:27:30,282] {dag.py:2396} INFO - Sync 1 DAGs
[2023-10-18 08:27:30,291] {logging_mixin.py:109} INFO - [2023-10-18 08:27:30,290] {dag.py:2935} INFO - Setting next_dagrun for example_bash_operator to 2023-10-17T00:00:00+00:00
[2023-10-18 08:27:30,295] {processor.py:171} INFO - Processing /Users/namyoung/Desktop/myprj/airflow/airflow/lib/python3.7/site-packages/airflow/example_dags/example_bash_operator.py took 0.058 seconds
[2023-10-18 08:28:03,608] {processor.py:163} INFO - Started process (PID=35106) to work on /Users/namyoung/Desktop/myprj/airflow/airflow/lib/python3.7/site-packages/airflow/example_dags/example_bash_operator.py
[2023-10-18 08:28:03,610] {processor.py:642} INFO - Processing file /Users/namyoung/Desktop/myprj/airflow/airflow/lib/python3.7/site-packages/airflow/example_dags/example_bash_operator.py for tasks to queue
[2023-10-18 08:28:03,611] {logging_mixin.py:109} INFO - [2023-10-18 08:28:03,610] {dagbag.py:500} INFO - Filling up the DagBag from /Users/namyoung/Desktop/myprj/airflow/airflow/lib/python3.7/site-packages/airflow/example_dags/example_bash_operator.py
[2023-10-18 08:28:03,633] {processor.py:654} INFO - DAG(s) dict_keys(['example_bash_operator']) retrieved from /Users/namyoung/Desktop/myprj/airflow/airflow/lib/python3.7/site-packages/airflow/example_dags/example_bash_operator.py
[2023-10-18 08:28:03,639] {logging_mixin.py:109} INFO - [2023-10-18 08:28:03,639] {dag.py:2396} INFO - Sync 1 DAGs
[2023-10-18 08:28:03,649] {logging_mixin.py:109} INFO - [2023-10-18 08:28:03,648] {dag.py:2935} INFO - Setting next_dagrun for example_bash_operator to 2023-10-17T00:00:00+00:00
[2023-10-18 08:28:03,654] {processor.py:171} INFO - Processing /Users/namyoung/Desktop/myprj/airflow/airflow/lib/python3.7/site-packages/airflow/example_dags/example_bash_operator.py took 0.049 seconds
[2023-10-18 08:28:36,171] {processor.py:163} INFO - Started process (PID=35349) to work on /Users/namyoung/Desktop/myprj/airflow/airflow/lib/python3.7/site-packages/airflow/example_dags/example_bash_operator.py
[2023-10-18 08:28:36,173] {processor.py:642} INFO - Processing file /Users/namyoung/Desktop/myprj/airflow/airflow/lib/python3.7/site-packages/airflow/example_dags/example_bash_operator.py for tasks to queue
[2023-10-18 08:28:36,174] {logging_mixin.py:109} INFO - [2023-10-18 08:28:36,174] {dagbag.py:500} INFO - Filling up the DagBag from /Users/namyoung/Desktop/myprj/airflow/airflow/lib/python3.7/site-packages/airflow/example_dags/example_bash_operator.py
[2023-10-18 08:28:36,263] {processor.py:654} INFO - DAG(s) dict_keys(['example_bash_operator']) retrieved from /Users/namyoung/Desktop/myprj/airflow/airflow/lib/python3.7/site-packages/airflow/example_dags/example_bash_operator.py
[2023-10-18 08:28:36,273] {logging_mixin.py:109} INFO - [2023-10-18 08:28:36,273] {dag.py:2396} INFO - Sync 1 DAGs
[2023-10-18 08:28:36,285] {logging_mixin.py:109} INFO - [2023-10-18 08:28:36,285] {dag.py:2935} INFO - Setting next_dagrun for example_bash_operator to 2023-10-17T00:00:00+00:00
[2023-10-18 08:28:36,291] {processor.py:171} INFO - Processing /Users/namyoung/Desktop/myprj/airflow/airflow/lib/python3.7/site-packages/airflow/example_dags/example_bash_operator.py took 0.125 seconds
[2023-10-18 08:29:09,279] {processor.py:163} INFO - Started process (PID=35396) to work on /Users/namyoung/Desktop/myprj/airflow/airflow/lib/python3.7/site-packages/airflow/example_dags/example_bash_operator.py
[2023-10-18 08:29:09,281] {processor.py:642} INFO - Processing file /Users/namyoung/Desktop/myprj/airflow/airflow/lib/python3.7/site-packages/airflow/example_dags/example_bash_operator.py for tasks to queue
[2023-10-18 08:29:09,282] {logging_mixin.py:109} INFO - [2023-10-18 08:29:09,282] {dagbag.py:500} INFO - Filling up the DagBag from /Users/namyoung/Desktop/myprj/airflow/airflow/lib/python3.7/site-packages/airflow/example_dags/example_bash_operator.py
[2023-10-18 08:29:09,301] {processor.py:654} INFO - DAG(s) dict_keys(['example_bash_operator']) retrieved from /Users/namyoung/Desktop/myprj/airflow/airflow/lib/python3.7/site-packages/airflow/example_dags/example_bash_operator.py
[2023-10-18 08:29:09,309] {logging_mixin.py:109} INFO - [2023-10-18 08:29:09,309] {dag.py:2396} INFO - Sync 1 DAGs
[2023-10-18 08:29:09,321] {logging_mixin.py:109} INFO - [2023-10-18 08:29:09,321] {dag.py:2935} INFO - Setting next_dagrun for example_bash_operator to 2023-10-17T00:00:00+00:00
[2023-10-18 08:29:09,329] {processor.py:171} INFO - Processing /Users/namyoung/Desktop/myprj/airflow/airflow/lib/python3.7/site-packages/airflow/example_dags/example_bash_operator.py took 0.054 seconds
[2023-10-18 08:29:47,991] {processor.py:163} INFO - Started process (PID=35456) to work on /Users/namyoung/Desktop/myprj/airflow/airflow/lib/python3.7/site-packages/airflow/example_dags/example_bash_operator.py
[2023-10-18 08:29:47,993] {processor.py:642} INFO - Processing file /Users/namyoung/Desktop/myprj/airflow/airflow/lib/python3.7/site-packages/airflow/example_dags/example_bash_operator.py for tasks to queue
[2023-10-18 08:29:47,994] {logging_mixin.py:109} INFO - [2023-10-18 08:29:47,994] {dagbag.py:500} INFO - Filling up the DagBag from /Users/namyoung/Desktop/myprj/airflow/airflow/lib/python3.7/site-packages/airflow/example_dags/example_bash_operator.py
[2023-10-18 08:29:48,022] {processor.py:654} INFO - DAG(s) dict_keys(['example_bash_operator']) retrieved from /Users/namyoung/Desktop/myprj/airflow/airflow/lib/python3.7/site-packages/airflow/example_dags/example_bash_operator.py
[2023-10-18 08:29:48,030] {logging_mixin.py:109} INFO - [2023-10-18 08:29:48,030] {dag.py:2396} INFO - Sync 1 DAGs
[2023-10-18 08:29:48,040] {logging_mixin.py:109} INFO - [2023-10-18 08:29:48,040] {dag.py:2935} INFO - Setting next_dagrun for example_bash_operator to 2023-10-17T00:00:00+00:00
[2023-10-18 08:29:48,046] {processor.py:171} INFO - Processing /Users/namyoung/Desktop/myprj/airflow/airflow/lib/python3.7/site-packages/airflow/example_dags/example_bash_operator.py took 0.059 seconds
