[2023-10-17 10:22:35,760] {processor.py:163} INFO - Started process (PID=32687) to work on /Users/namyoung/Desktop/myprj/airflow/airflow/lib/python3.7/site-packages/airflow/example_dags/example_branch_labels.py
[2023-10-17 10:22:35,761] {processor.py:642} INFO - Processing file /Users/namyoung/Desktop/myprj/airflow/airflow/lib/python3.7/site-packages/airflow/example_dags/example_branch_labels.py for tasks to queue
[2023-10-17 10:22:35,762] {logging_mixin.py:109} INFO - [2023-10-17 10:22:35,761] {dagbag.py:500} INFO - Filling up the DagBag from /Users/namyoung/Desktop/myprj/airflow/airflow/lib/python3.7/site-packages/airflow/example_dags/example_branch_labels.py
[2023-10-17 10:22:35,776] {processor.py:654} INFO - DAG(s) dict_keys(['example_branch_labels']) retrieved from /Users/namyoung/Desktop/myprj/airflow/airflow/lib/python3.7/site-packages/airflow/example_dags/example_branch_labels.py
[2023-10-17 10:22:35,781] {logging_mixin.py:109} INFO - [2023-10-17 10:22:35,781] {dag.py:2396} INFO - Sync 1 DAGs
[2023-10-17 10:22:35,789] {logging_mixin.py:109} INFO - [2023-10-17 10:22:35,789] {dag.py:2935} INFO - Setting next_dagrun for example_branch_labels to 2023-10-16 00:00:00+00:00
[2023-10-17 10:22:35,794] {processor.py:171} INFO - Processing /Users/namyoung/Desktop/myprj/airflow/airflow/lib/python3.7/site-packages/airflow/example_dags/example_branch_labels.py took 0.036 seconds
[2023-10-17 12:22:37,427] {processor.py:163} INFO - Started process (PID=32940) to work on /Users/namyoung/Desktop/myprj/airflow/airflow/lib/python3.7/site-packages/airflow/example_dags/example_branch_labels.py
[2023-10-17 12:22:37,428] {processor.py:642} INFO - Processing file /Users/namyoung/Desktop/myprj/airflow/airflow/lib/python3.7/site-packages/airflow/example_dags/example_branch_labels.py for tasks to queue
[2023-10-17 12:22:37,428] {logging_mixin.py:109} INFO - [2023-10-17 12:22:37,428] {dagbag.py:500} INFO - Filling up the DagBag from /Users/namyoung/Desktop/myprj/airflow/airflow/lib/python3.7/site-packages/airflow/example_dags/example_branch_labels.py
[2023-10-17 12:22:37,449] {processor.py:654} INFO - DAG(s) dict_keys(['example_branch_labels']) retrieved from /Users/namyoung/Desktop/myprj/airflow/airflow/lib/python3.7/site-packages/airflow/example_dags/example_branch_labels.py
[2023-10-17 12:22:37,457] {logging_mixin.py:109} INFO - [2023-10-17 12:22:37,457] {dag.py:2396} INFO - Sync 1 DAGs
[2023-10-17 12:22:37,468] {logging_mixin.py:109} INFO - [2023-10-17 12:22:37,468] {dag.py:2935} INFO - Setting next_dagrun for example_branch_labels to 2023-10-16 00:00:00+00:00
[2023-10-17 12:22:37,474] {processor.py:171} INFO - Processing /Users/namyoung/Desktop/myprj/airflow/airflow/lib/python3.7/site-packages/airflow/example_dags/example_branch_labels.py took 0.050 seconds
[2023-10-17 15:47:08,253] {processor.py:163} INFO - Started process (PID=33265) to work on /Users/namyoung/Desktop/myprj/airflow/airflow/lib/python3.7/site-packages/airflow/example_dags/example_branch_labels.py
[2023-10-17 15:47:08,254] {processor.py:642} INFO - Processing file /Users/namyoung/Desktop/myprj/airflow/airflow/lib/python3.7/site-packages/airflow/example_dags/example_branch_labels.py for tasks to queue
[2023-10-17 15:47:08,255] {logging_mixin.py:109} INFO - [2023-10-17 15:47:08,255] {dagbag.py:500} INFO - Filling up the DagBag from /Users/namyoung/Desktop/myprj/airflow/airflow/lib/python3.7/site-packages/airflow/example_dags/example_branch_labels.py
[2023-10-17 15:47:08,271] {processor.py:654} INFO - DAG(s) dict_keys(['example_branch_labels']) retrieved from /Users/namyoung/Desktop/myprj/airflow/airflow/lib/python3.7/site-packages/airflow/example_dags/example_branch_labels.py
[2023-10-17 15:47:08,278] {logging_mixin.py:109} INFO - [2023-10-17 15:47:08,278] {dag.py:2396} INFO - Sync 1 DAGs
[2023-10-17 15:47:08,289] {logging_mixin.py:109} INFO - [2023-10-17 15:47:08,289] {dag.py:2935} INFO - Setting next_dagrun for example_branch_labels to 2023-10-16 00:00:00+00:00
[2023-10-17 15:47:08,297] {processor.py:171} INFO - Processing /Users/namyoung/Desktop/myprj/airflow/airflow/lib/python3.7/site-packages/airflow/example_dags/example_branch_labels.py took 0.048 seconds
[2023-10-17 19:06:39,724] {processor.py:163} INFO - Started process (PID=33596) to work on /Users/namyoung/Desktop/myprj/airflow/airflow/lib/python3.7/site-packages/airflow/example_dags/example_branch_labels.py
[2023-10-17 19:06:39,724] {processor.py:642} INFO - Processing file /Users/namyoung/Desktop/myprj/airflow/airflow/lib/python3.7/site-packages/airflow/example_dags/example_branch_labels.py for tasks to queue
[2023-10-17 19:06:39,725] {logging_mixin.py:109} INFO - [2023-10-17 19:06:39,725] {dagbag.py:500} INFO - Filling up the DagBag from /Users/namyoung/Desktop/myprj/airflow/airflow/lib/python3.7/site-packages/airflow/example_dags/example_branch_labels.py
[2023-10-17 19:06:39,738] {processor.py:654} INFO - DAG(s) dict_keys(['example_branch_labels']) retrieved from /Users/namyoung/Desktop/myprj/airflow/airflow/lib/python3.7/site-packages/airflow/example_dags/example_branch_labels.py
[2023-10-17 19:06:39,745] {logging_mixin.py:109} INFO - [2023-10-17 19:06:39,745] {dag.py:2396} INFO - Sync 1 DAGs
[2023-10-17 19:06:39,753] {logging_mixin.py:109} INFO - [2023-10-17 19:06:39,753] {dag.py:2935} INFO - Setting next_dagrun for example_branch_labels to 2023-10-16 00:00:00+00:00
[2023-10-17 19:06:39,758] {processor.py:171} INFO - Processing /Users/namyoung/Desktop/myprj/airflow/airflow/lib/python3.7/site-packages/airflow/example_dags/example_branch_labels.py took 0.037 seconds
[2023-10-17 21:12:50,972] {processor.py:163} INFO - Started process (PID=33738) to work on /Users/namyoung/Desktop/myprj/airflow/airflow/lib/python3.7/site-packages/airflow/example_dags/example_branch_labels.py
[2023-10-17 21:12:50,972] {processor.py:642} INFO - Processing file /Users/namyoung/Desktop/myprj/airflow/airflow/lib/python3.7/site-packages/airflow/example_dags/example_branch_labels.py for tasks to queue
[2023-10-17 21:12:50,973] {logging_mixin.py:109} INFO - [2023-10-17 21:12:50,973] {dagbag.py:500} INFO - Filling up the DagBag from /Users/namyoung/Desktop/myprj/airflow/airflow/lib/python3.7/site-packages/airflow/example_dags/example_branch_labels.py
[2023-10-17 21:12:50,987] {processor.py:654} INFO - DAG(s) dict_keys(['example_branch_labels']) retrieved from /Users/namyoung/Desktop/myprj/airflow/airflow/lib/python3.7/site-packages/airflow/example_dags/example_branch_labels.py
[2023-10-17 21:12:50,992] {logging_mixin.py:109} INFO - [2023-10-17 21:12:50,992] {dag.py:2396} INFO - Sync 1 DAGs
[2023-10-17 21:12:51,000] {logging_mixin.py:109} INFO - [2023-10-17 21:12:51,000] {dag.py:2935} INFO - Setting next_dagrun for example_branch_labels to 2023-10-16 00:00:00+00:00
[2023-10-17 21:12:51,006] {processor.py:171} INFO - Processing /Users/namyoung/Desktop/myprj/airflow/airflow/lib/python3.7/site-packages/airflow/example_dags/example_branch_labels.py took 0.036 seconds
[2023-10-18 00:19:16,735] {processor.py:163} INFO - Started process (PID=34053) to work on /Users/namyoung/Desktop/myprj/airflow/airflow/lib/python3.7/site-packages/airflow/example_dags/example_branch_labels.py
[2023-10-18 00:19:16,736] {processor.py:642} INFO - Processing file /Users/namyoung/Desktop/myprj/airflow/airflow/lib/python3.7/site-packages/airflow/example_dags/example_branch_labels.py for tasks to queue
[2023-10-18 00:19:16,737] {logging_mixin.py:109} INFO - [2023-10-18 00:19:16,736] {dagbag.py:500} INFO - Filling up the DagBag from /Users/namyoung/Desktop/myprj/airflow/airflow/lib/python3.7/site-packages/airflow/example_dags/example_branch_labels.py
[2023-10-18 00:19:16,750] {processor.py:654} INFO - DAG(s) dict_keys(['example_branch_labels']) retrieved from /Users/namyoung/Desktop/myprj/airflow/airflow/lib/python3.7/site-packages/airflow/example_dags/example_branch_labels.py
[2023-10-18 00:19:16,757] {logging_mixin.py:109} INFO - [2023-10-18 00:19:16,756] {dag.py:2396} INFO - Sync 1 DAGs
[2023-10-18 00:19:16,765] {logging_mixin.py:109} INFO - [2023-10-18 00:19:16,765] {dag.py:2935} INFO - Setting next_dagrun for example_branch_labels to 2023-10-16 00:00:00+00:00
[2023-10-18 00:19:16,770] {processor.py:171} INFO - Processing /Users/namyoung/Desktop/myprj/airflow/airflow/lib/python3.7/site-packages/airflow/example_dags/example_branch_labels.py took 0.037 seconds
[2023-10-18 03:28:26,775] {processor.py:163} INFO - Started process (PID=34376) to work on /Users/namyoung/Desktop/myprj/airflow/airflow/lib/python3.7/site-packages/airflow/example_dags/example_branch_labels.py
[2023-10-18 03:28:26,776] {processor.py:642} INFO - Processing file /Users/namyoung/Desktop/myprj/airflow/airflow/lib/python3.7/site-packages/airflow/example_dags/example_branch_labels.py for tasks to queue
[2023-10-18 03:28:26,778] {logging_mixin.py:109} INFO - [2023-10-18 03:28:26,777] {dagbag.py:500} INFO - Filling up the DagBag from /Users/namyoung/Desktop/myprj/airflow/airflow/lib/python3.7/site-packages/airflow/example_dags/example_branch_labels.py
[2023-10-18 03:28:26,801] {processor.py:654} INFO - DAG(s) dict_keys(['example_branch_labels']) retrieved from /Users/namyoung/Desktop/myprj/airflow/airflow/lib/python3.7/site-packages/airflow/example_dags/example_branch_labels.py
[2023-10-18 03:28:26,810] {logging_mixin.py:109} INFO - [2023-10-18 03:28:26,810] {dag.py:2396} INFO - Sync 1 DAGs
[2023-10-18 03:28:26,819] {logging_mixin.py:109} INFO - [2023-10-18 03:28:26,818] {dag.py:2935} INFO - Setting next_dagrun for example_branch_labels to 2023-10-16 00:00:00+00:00
[2023-10-18 03:28:26,824] {processor.py:171} INFO - Processing /Users/namyoung/Desktop/myprj/airflow/airflow/lib/python3.7/site-packages/airflow/example_dags/example_branch_labels.py took 0.055 seconds
[2023-10-18 08:27:27,725] {processor.py:163} INFO - Started process (PID=34928) to work on /Users/namyoung/Desktop/myprj/airflow/airflow/lib/python3.7/site-packages/airflow/example_dags/example_branch_labels.py
[2023-10-18 08:27:27,727] {processor.py:642} INFO - Processing file /Users/namyoung/Desktop/myprj/airflow/airflow/lib/python3.7/site-packages/airflow/example_dags/example_branch_labels.py for tasks to queue
[2023-10-18 08:27:27,728] {logging_mixin.py:109} INFO - [2023-10-18 08:27:27,728] {dagbag.py:500} INFO - Filling up the DagBag from /Users/namyoung/Desktop/myprj/airflow/airflow/lib/python3.7/site-packages/airflow/example_dags/example_branch_labels.py
[2023-10-18 08:27:27,754] {processor.py:654} INFO - DAG(s) dict_keys(['example_branch_labels']) retrieved from /Users/namyoung/Desktop/myprj/airflow/airflow/lib/python3.7/site-packages/airflow/example_dags/example_branch_labels.py
[2023-10-18 08:27:27,763] {logging_mixin.py:109} INFO - [2023-10-18 08:27:27,763] {dag.py:2396} INFO - Sync 1 DAGs
[2023-10-18 08:27:27,772] {logging_mixin.py:109} INFO - [2023-10-18 08:27:27,772] {dag.py:2935} INFO - Setting next_dagrun for example_branch_labels to 2023-10-16 00:00:00+00:00
[2023-10-18 08:27:27,777] {processor.py:171} INFO - Processing /Users/namyoung/Desktop/myprj/airflow/airflow/lib/python3.7/site-packages/airflow/example_dags/example_branch_labels.py took 0.058 seconds
[2023-10-18 08:28:00,113] {processor.py:163} INFO - Started process (PID=35100) to work on /Users/namyoung/Desktop/myprj/airflow/airflow/lib/python3.7/site-packages/airflow/example_dags/example_branch_labels.py
[2023-10-18 08:28:00,115] {processor.py:642} INFO - Processing file /Users/namyoung/Desktop/myprj/airflow/airflow/lib/python3.7/site-packages/airflow/example_dags/example_branch_labels.py for tasks to queue
[2023-10-18 08:28:00,116] {logging_mixin.py:109} INFO - [2023-10-18 08:28:00,116] {dagbag.py:500} INFO - Filling up the DagBag from /Users/namyoung/Desktop/myprj/airflow/airflow/lib/python3.7/site-packages/airflow/example_dags/example_branch_labels.py
[2023-10-18 08:28:00,139] {processor.py:654} INFO - DAG(s) dict_keys(['example_branch_labels']) retrieved from /Users/namyoung/Desktop/myprj/airflow/airflow/lib/python3.7/site-packages/airflow/example_dags/example_branch_labels.py
[2023-10-18 08:28:00,148] {logging_mixin.py:109} INFO - [2023-10-18 08:28:00,148] {dag.py:2396} INFO - Sync 1 DAGs
[2023-10-18 08:28:00,157] {logging_mixin.py:109} INFO - [2023-10-18 08:28:00,157] {dag.py:2935} INFO - Setting next_dagrun for example_branch_labels to 2023-10-16 00:00:00+00:00
[2023-10-18 08:28:00,163] {processor.py:171} INFO - Processing /Users/namyoung/Desktop/myprj/airflow/airflow/lib/python3.7/site-packages/airflow/example_dags/example_branch_labels.py took 0.054 seconds
[2023-10-18 08:28:31,519] {processor.py:163} INFO - Started process (PID=35308) to work on /Users/namyoung/Desktop/myprj/airflow/airflow/lib/python3.7/site-packages/airflow/example_dags/example_branch_labels.py
[2023-10-18 08:28:31,520] {processor.py:642} INFO - Processing file /Users/namyoung/Desktop/myprj/airflow/airflow/lib/python3.7/site-packages/airflow/example_dags/example_branch_labels.py for tasks to queue
[2023-10-18 08:28:31,521] {logging_mixin.py:109} INFO - [2023-10-18 08:28:31,521] {dagbag.py:500} INFO - Filling up the DagBag from /Users/namyoung/Desktop/myprj/airflow/airflow/lib/python3.7/site-packages/airflow/example_dags/example_branch_labels.py
[2023-10-18 08:28:31,533] {processor.py:654} INFO - DAG(s) dict_keys(['example_branch_labels']) retrieved from /Users/namyoung/Desktop/myprj/airflow/airflow/lib/python3.7/site-packages/airflow/example_dags/example_branch_labels.py
[2023-10-18 08:28:31,538] {logging_mixin.py:109} INFO - [2023-10-18 08:28:31,538] {dag.py:2396} INFO - Sync 1 DAGs
[2023-10-18 08:28:31,545] {logging_mixin.py:109} INFO - [2023-10-18 08:28:31,545] {dag.py:2935} INFO - Setting next_dagrun for example_branch_labels to 2023-10-16 00:00:00+00:00
[2023-10-18 08:28:31,550] {processor.py:171} INFO - Processing /Users/namyoung/Desktop/myprj/airflow/airflow/lib/python3.7/site-packages/airflow/example_dags/example_branch_labels.py took 0.033 seconds
[2023-10-18 08:29:04,103] {processor.py:163} INFO - Started process (PID=35389) to work on /Users/namyoung/Desktop/myprj/airflow/airflow/lib/python3.7/site-packages/airflow/example_dags/example_branch_labels.py
[2023-10-18 08:29:04,104] {processor.py:642} INFO - Processing file /Users/namyoung/Desktop/myprj/airflow/airflow/lib/python3.7/site-packages/airflow/example_dags/example_branch_labels.py for tasks to queue
[2023-10-18 08:29:04,104] {logging_mixin.py:109} INFO - [2023-10-18 08:29:04,104] {dagbag.py:500} INFO - Filling up the DagBag from /Users/namyoung/Desktop/myprj/airflow/airflow/lib/python3.7/site-packages/airflow/example_dags/example_branch_labels.py
[2023-10-18 08:29:04,117] {processor.py:654} INFO - DAG(s) dict_keys(['example_branch_labels']) retrieved from /Users/namyoung/Desktop/myprj/airflow/airflow/lib/python3.7/site-packages/airflow/example_dags/example_branch_labels.py
[2023-10-18 08:29:04,124] {logging_mixin.py:109} INFO - [2023-10-18 08:29:04,123] {dag.py:2396} INFO - Sync 1 DAGs
[2023-10-18 08:29:04,132] {logging_mixin.py:109} INFO - [2023-10-18 08:29:04,132] {dag.py:2935} INFO - Setting next_dagrun for example_branch_labels to 2023-10-16 00:00:00+00:00
[2023-10-18 08:29:04,138] {processor.py:171} INFO - Processing /Users/namyoung/Desktop/myprj/airflow/airflow/lib/python3.7/site-packages/airflow/example_dags/example_branch_labels.py took 0.040 seconds
[2023-10-18 08:29:40,841] {processor.py:163} INFO - Started process (PID=35444) to work on /Users/namyoung/Desktop/myprj/airflow/airflow/lib/python3.7/site-packages/airflow/example_dags/example_branch_labels.py
[2023-10-18 08:29:40,842] {processor.py:642} INFO - Processing file /Users/namyoung/Desktop/myprj/airflow/airflow/lib/python3.7/site-packages/airflow/example_dags/example_branch_labels.py for tasks to queue
[2023-10-18 08:29:40,844] {logging_mixin.py:109} INFO - [2023-10-18 08:29:40,843] {dagbag.py:500} INFO - Filling up the DagBag from /Users/namyoung/Desktop/myprj/airflow/airflow/lib/python3.7/site-packages/airflow/example_dags/example_branch_labels.py
[2023-10-18 08:29:40,868] {processor.py:654} INFO - DAG(s) dict_keys(['example_branch_labels']) retrieved from /Users/namyoung/Desktop/myprj/airflow/airflow/lib/python3.7/site-packages/airflow/example_dags/example_branch_labels.py
[2023-10-18 08:29:40,878] {logging_mixin.py:109} INFO - [2023-10-18 08:29:40,878] {dag.py:2396} INFO - Sync 1 DAGs
[2023-10-18 08:29:40,889] {logging_mixin.py:109} INFO - [2023-10-18 08:29:40,888] {dag.py:2935} INFO - Setting next_dagrun for example_branch_labels to 2023-10-16 00:00:00+00:00
[2023-10-18 08:29:40,894] {processor.py:171} INFO - Processing /Users/namyoung/Desktop/myprj/airflow/airflow/lib/python3.7/site-packages/airflow/example_dags/example_branch_labels.py took 0.059 seconds
