[2023-10-17 09:49:48,883] {processor.py:163} INFO - Started process (PID=32644) to work on /Users/namyoung/Desktop/myprj/airflow/airflow/lib/python3.7/site-packages/airflow/example_dags/example_kubernetes_executor.py
[2023-10-17 09:49:48,884] {processor.py:642} INFO - Processing file /Users/namyoung/Desktop/myprj/airflow/airflow/lib/python3.7/site-packages/airflow/example_dags/example_kubernetes_executor.py for tasks to queue
[2023-10-17 09:49:48,884] {logging_mixin.py:109} INFO - [2023-10-17 09:49:48,884] {dagbag.py:500} INFO - Filling up the DagBag from /Users/namyoung/Desktop/myprj/airflow/airflow/lib/python3.7/site-packages/airflow/example_dags/example_kubernetes_executor.py
[2023-10-17 09:49:48,890] {logging_mixin.py:109} INFO - [2023-10-17 09:49:48,890] {example_kubernetes_executor.py:39} WARNING - The example_kubernetes_executor example DAG requires the kubernetes provider. Please install it with: pip install apache-airflow[cncf.kubernetes]
[2023-10-17 09:49:48,895] {processor.py:656} WARNING - No viable dags retrieved from /Users/namyoung/Desktop/myprj/airflow/airflow/lib/python3.7/site-packages/airflow/example_dags/example_kubernetes_executor.py
[2023-10-17 09:49:48,896] {processor.py:171} INFO - Processing /Users/namyoung/Desktop/myprj/airflow/airflow/lib/python3.7/site-packages/airflow/example_dags/example_kubernetes_executor.py took 0.015 seconds
[2023-10-17 11:49:51,818] {processor.py:163} INFO - Started process (PID=32785) to work on /Users/namyoung/Desktop/myprj/airflow/airflow/lib/python3.7/site-packages/airflow/example_dags/example_kubernetes_executor.py
[2023-10-17 11:49:51,819] {processor.py:642} INFO - Processing file /Users/namyoung/Desktop/myprj/airflow/airflow/lib/python3.7/site-packages/airflow/example_dags/example_kubernetes_executor.py for tasks to queue
[2023-10-17 11:49:51,819] {logging_mixin.py:109} INFO - [2023-10-17 11:49:51,819] {dagbag.py:500} INFO - Filling up the DagBag from /Users/namyoung/Desktop/myprj/airflow/airflow/lib/python3.7/site-packages/airflow/example_dags/example_kubernetes_executor.py
[2023-10-17 11:49:51,826] {logging_mixin.py:109} INFO - [2023-10-17 11:49:51,826] {example_kubernetes_executor.py:39} WARNING - The example_kubernetes_executor example DAG requires the kubernetes provider. Please install it with: pip install apache-airflow[cncf.kubernetes]
[2023-10-17 11:49:51,830] {processor.py:656} WARNING - No viable dags retrieved from /Users/namyoung/Desktop/myprj/airflow/airflow/lib/python3.7/site-packages/airflow/example_dags/example_kubernetes_executor.py
[2023-10-17 11:49:51,832] {processor.py:171} INFO - Processing /Users/namyoung/Desktop/myprj/airflow/airflow/lib/python3.7/site-packages/airflow/example_dags/example_kubernetes_executor.py took 0.016 seconds
[2023-10-17 15:11:38,660] {processor.py:163} INFO - Started process (PID=33138) to work on /Users/namyoung/Desktop/myprj/airflow/airflow/lib/python3.7/site-packages/airflow/example_dags/example_kubernetes_executor.py
[2023-10-17 15:11:38,661] {processor.py:642} INFO - Processing file /Users/namyoung/Desktop/myprj/airflow/airflow/lib/python3.7/site-packages/airflow/example_dags/example_kubernetes_executor.py for tasks to queue
[2023-10-17 15:11:38,662] {logging_mixin.py:109} INFO - [2023-10-17 15:11:38,662] {dagbag.py:500} INFO - Filling up the DagBag from /Users/namyoung/Desktop/myprj/airflow/airflow/lib/python3.7/site-packages/airflow/example_dags/example_kubernetes_executor.py
[2023-10-17 15:11:38,673] {logging_mixin.py:109} INFO - [2023-10-17 15:11:38,673] {example_kubernetes_executor.py:39} WARNING - The example_kubernetes_executor example DAG requires the kubernetes provider. Please install it with: pip install apache-airflow[cncf.kubernetes]
[2023-10-17 15:11:38,683] {processor.py:656} WARNING - No viable dags retrieved from /Users/namyoung/Desktop/myprj/airflow/airflow/lib/python3.7/site-packages/airflow/example_dags/example_kubernetes_executor.py
[2023-10-17 15:11:38,685] {processor.py:171} INFO - Processing /Users/namyoung/Desktop/myprj/airflow/airflow/lib/python3.7/site-packages/airflow/example_dags/example_kubernetes_executor.py took 0.029 seconds
[2023-10-17 18:33:58,603] {processor.py:163} INFO - Started process (PID=33509) to work on /Users/namyoung/Desktop/myprj/airflow/airflow/lib/python3.7/site-packages/airflow/example_dags/example_kubernetes_executor.py
[2023-10-17 18:33:58,605] {processor.py:642} INFO - Processing file /Users/namyoung/Desktop/myprj/airflow/airflow/lib/python3.7/site-packages/airflow/example_dags/example_kubernetes_executor.py for tasks to queue
[2023-10-17 18:33:58,606] {logging_mixin.py:109} INFO - [2023-10-17 18:33:58,606] {dagbag.py:500} INFO - Filling up the DagBag from /Users/namyoung/Desktop/myprj/airflow/airflow/lib/python3.7/site-packages/airflow/example_dags/example_kubernetes_executor.py
[2023-10-17 18:33:58,619] {logging_mixin.py:109} INFO - [2023-10-17 18:33:58,619] {example_kubernetes_executor.py:39} WARNING - The example_kubernetes_executor example DAG requires the kubernetes provider. Please install it with: pip install apache-airflow[cncf.kubernetes]
[2023-10-17 18:33:58,633] {processor.py:656} WARNING - No viable dags retrieved from /Users/namyoung/Desktop/myprj/airflow/airflow/lib/python3.7/site-packages/airflow/example_dags/example_kubernetes_executor.py
[2023-10-17 18:33:58,636] {processor.py:171} INFO - Processing /Users/namyoung/Desktop/myprj/airflow/airflow/lib/python3.7/site-packages/airflow/example_dags/example_kubernetes_executor.py took 0.038 seconds
[2023-10-17 20:19:37,144] {processor.py:163} INFO - Started process (PID=33699) to work on /Users/namyoung/Desktop/myprj/airflow/airflow/lib/python3.7/site-packages/airflow/example_dags/example_kubernetes_executor.py
[2023-10-17 20:19:37,145] {processor.py:642} INFO - Processing file /Users/namyoung/Desktop/myprj/airflow/airflow/lib/python3.7/site-packages/airflow/example_dags/example_kubernetes_executor.py for tasks to queue
[2023-10-17 20:19:37,145] {logging_mixin.py:109} INFO - [2023-10-17 20:19:37,145] {dagbag.py:500} INFO - Filling up the DagBag from /Users/namyoung/Desktop/myprj/airflow/airflow/lib/python3.7/site-packages/airflow/example_dags/example_kubernetes_executor.py
[2023-10-17 20:19:37,151] {logging_mixin.py:109} INFO - [2023-10-17 20:19:37,151] {example_kubernetes_executor.py:39} WARNING - The example_kubernetes_executor example DAG requires the kubernetes provider. Please install it with: pip install apache-airflow[cncf.kubernetes]
[2023-10-17 20:19:37,156] {processor.py:656} WARNING - No viable dags retrieved from /Users/namyoung/Desktop/myprj/airflow/airflow/lib/python3.7/site-packages/airflow/example_dags/example_kubernetes_executor.py
[2023-10-17 20:19:37,158] {processor.py:171} INFO - Processing /Users/namyoung/Desktop/myprj/airflow/airflow/lib/python3.7/site-packages/airflow/example_dags/example_kubernetes_executor.py took 0.015 seconds
[2023-10-17 23:44:42,120] {processor.py:163} INFO - Started process (PID=34010) to work on /Users/namyoung/Desktop/myprj/airflow/airflow/lib/python3.7/site-packages/airflow/example_dags/example_kubernetes_executor.py
[2023-10-17 23:44:42,122] {processor.py:642} INFO - Processing file /Users/namyoung/Desktop/myprj/airflow/airflow/lib/python3.7/site-packages/airflow/example_dags/example_kubernetes_executor.py for tasks to queue
[2023-10-17 23:44:42,122] {logging_mixin.py:109} INFO - [2023-10-17 23:44:42,122] {dagbag.py:500} INFO - Filling up the DagBag from /Users/namyoung/Desktop/myprj/airflow/airflow/lib/python3.7/site-packages/airflow/example_dags/example_kubernetes_executor.py
[2023-10-17 23:44:42,130] {logging_mixin.py:109} INFO - [2023-10-17 23:44:42,130] {example_kubernetes_executor.py:39} WARNING - The example_kubernetes_executor example DAG requires the kubernetes provider. Please install it with: pip install apache-airflow[cncf.kubernetes]
[2023-10-17 23:44:42,135] {processor.py:656} WARNING - No viable dags retrieved from /Users/namyoung/Desktop/myprj/airflow/airflow/lib/python3.7/site-packages/airflow/example_dags/example_kubernetes_executor.py
[2023-10-17 23:44:42,137] {processor.py:171} INFO - Processing /Users/namyoung/Desktop/myprj/airflow/airflow/lib/python3.7/site-packages/airflow/example_dags/example_kubernetes_executor.py took 0.020 seconds
[2023-10-18 03:28:20,588] {processor.py:163} INFO - Started process (PID=34365) to work on /Users/namyoung/Desktop/myprj/airflow/airflow/lib/python3.7/site-packages/airflow/example_dags/example_kubernetes_executor.py
[2023-10-18 03:28:20,589] {processor.py:642} INFO - Processing file /Users/namyoung/Desktop/myprj/airflow/airflow/lib/python3.7/site-packages/airflow/example_dags/example_kubernetes_executor.py for tasks to queue
[2023-10-18 03:28:20,590] {logging_mixin.py:109} INFO - [2023-10-18 03:28:20,590] {dagbag.py:500} INFO - Filling up the DagBag from /Users/namyoung/Desktop/myprj/airflow/airflow/lib/python3.7/site-packages/airflow/example_dags/example_kubernetes_executor.py
[2023-10-18 03:28:20,596] {logging_mixin.py:109} INFO - [2023-10-18 03:28:20,596] {example_kubernetes_executor.py:39} WARNING - The example_kubernetes_executor example DAG requires the kubernetes provider. Please install it with: pip install apache-airflow[cncf.kubernetes]
[2023-10-18 03:28:20,601] {processor.py:656} WARNING - No viable dags retrieved from /Users/namyoung/Desktop/myprj/airflow/airflow/lib/python3.7/site-packages/airflow/example_dags/example_kubernetes_executor.py
[2023-10-18 03:28:20,604] {processor.py:171} INFO - Processing /Users/namyoung/Desktop/myprj/airflow/airflow/lib/python3.7/site-packages/airflow/example_dags/example_kubernetes_executor.py took 0.018 seconds
[2023-10-18 08:27:22,450] {processor.py:163} INFO - Started process (PID=34910) to work on /Users/namyoung/Desktop/myprj/airflow/airflow/lib/python3.7/site-packages/airflow/example_dags/example_kubernetes_executor.py
[2023-10-18 08:27:22,451] {processor.py:642} INFO - Processing file /Users/namyoung/Desktop/myprj/airflow/airflow/lib/python3.7/site-packages/airflow/example_dags/example_kubernetes_executor.py for tasks to queue
[2023-10-18 08:27:22,451] {logging_mixin.py:109} INFO - [2023-10-18 08:27:22,451] {dagbag.py:500} INFO - Filling up the DagBag from /Users/namyoung/Desktop/myprj/airflow/airflow/lib/python3.7/site-packages/airflow/example_dags/example_kubernetes_executor.py
[2023-10-18 08:27:22,458] {logging_mixin.py:109} INFO - [2023-10-18 08:27:22,457] {example_kubernetes_executor.py:39} WARNING - The example_kubernetes_executor example DAG requires the kubernetes provider. Please install it with: pip install apache-airflow[cncf.kubernetes]
[2023-10-18 08:27:22,463] {processor.py:656} WARNING - No viable dags retrieved from /Users/namyoung/Desktop/myprj/airflow/airflow/lib/python3.7/site-packages/airflow/example_dags/example_kubernetes_executor.py
[2023-10-18 08:27:22,464] {processor.py:171} INFO - Processing /Users/namyoung/Desktop/myprj/airflow/airflow/lib/python3.7/site-packages/airflow/example_dags/example_kubernetes_executor.py took 0.017 seconds
[2023-10-18 08:27:54,633] {processor.py:163} INFO - Started process (PID=35012) to work on /Users/namyoung/Desktop/myprj/airflow/airflow/lib/python3.7/site-packages/airflow/example_dags/example_kubernetes_executor.py
[2023-10-18 08:27:54,634] {processor.py:642} INFO - Processing file /Users/namyoung/Desktop/myprj/airflow/airflow/lib/python3.7/site-packages/airflow/example_dags/example_kubernetes_executor.py for tasks to queue
[2023-10-18 08:27:54,634] {logging_mixin.py:109} INFO - [2023-10-18 08:27:54,634] {dagbag.py:500} INFO - Filling up the DagBag from /Users/namyoung/Desktop/myprj/airflow/airflow/lib/python3.7/site-packages/airflow/example_dags/example_kubernetes_executor.py
[2023-10-18 08:27:54,641] {logging_mixin.py:109} INFO - [2023-10-18 08:27:54,641] {example_kubernetes_executor.py:39} WARNING - The example_kubernetes_executor example DAG requires the kubernetes provider. Please install it with: pip install apache-airflow[cncf.kubernetes]
[2023-10-18 08:27:54,646] {processor.py:656} WARNING - No viable dags retrieved from /Users/namyoung/Desktop/myprj/airflow/airflow/lib/python3.7/site-packages/airflow/example_dags/example_kubernetes_executor.py
[2023-10-18 08:27:54,648] {processor.py:171} INFO - Processing /Users/namyoung/Desktop/myprj/airflow/airflow/lib/python3.7/site-packages/airflow/example_dags/example_kubernetes_executor.py took 0.018 seconds
[2023-10-18 08:28:26,351] {processor.py:163} INFO - Started process (PID=35299) to work on /Users/namyoung/Desktop/myprj/airflow/airflow/lib/python3.7/site-packages/airflow/example_dags/example_kubernetes_executor.py
[2023-10-18 08:28:26,352] {processor.py:642} INFO - Processing file /Users/namyoung/Desktop/myprj/airflow/airflow/lib/python3.7/site-packages/airflow/example_dags/example_kubernetes_executor.py for tasks to queue
[2023-10-18 08:28:26,353] {logging_mixin.py:109} INFO - [2023-10-18 08:28:26,352] {dagbag.py:500} INFO - Filling up the DagBag from /Users/namyoung/Desktop/myprj/airflow/airflow/lib/python3.7/site-packages/airflow/example_dags/example_kubernetes_executor.py
[2023-10-18 08:28:26,358] {logging_mixin.py:109} INFO - [2023-10-18 08:28:26,358] {example_kubernetes_executor.py:39} WARNING - The example_kubernetes_executor example DAG requires the kubernetes provider. Please install it with: pip install apache-airflow[cncf.kubernetes]
[2023-10-18 08:28:26,364] {processor.py:656} WARNING - No viable dags retrieved from /Users/namyoung/Desktop/myprj/airflow/airflow/lib/python3.7/site-packages/airflow/example_dags/example_kubernetes_executor.py
[2023-10-18 08:28:26,365] {processor.py:171} INFO - Processing /Users/namyoung/Desktop/myprj/airflow/airflow/lib/python3.7/site-packages/airflow/example_dags/example_kubernetes_executor.py took 0.016 seconds
[2023-10-18 08:28:57,775] {processor.py:163} INFO - Started process (PID=35381) to work on /Users/namyoung/Desktop/myprj/airflow/airflow/lib/python3.7/site-packages/airflow/example_dags/example_kubernetes_executor.py
[2023-10-18 08:28:57,776] {processor.py:642} INFO - Processing file /Users/namyoung/Desktop/myprj/airflow/airflow/lib/python3.7/site-packages/airflow/example_dags/example_kubernetes_executor.py for tasks to queue
[2023-10-18 08:28:57,776] {logging_mixin.py:109} INFO - [2023-10-18 08:28:57,776] {dagbag.py:500} INFO - Filling up the DagBag from /Users/namyoung/Desktop/myprj/airflow/airflow/lib/python3.7/site-packages/airflow/example_dags/example_kubernetes_executor.py
[2023-10-18 08:28:57,783] {logging_mixin.py:109} INFO - [2023-10-18 08:28:57,783] {example_kubernetes_executor.py:39} WARNING - The example_kubernetes_executor example DAG requires the kubernetes provider. Please install it with: pip install apache-airflow[cncf.kubernetes]
[2023-10-18 08:28:57,788] {processor.py:656} WARNING - No viable dags retrieved from /Users/namyoung/Desktop/myprj/airflow/airflow/lib/python3.7/site-packages/airflow/example_dags/example_kubernetes_executor.py
[2023-10-18 08:28:57,790] {processor.py:171} INFO - Processing /Users/namyoung/Desktop/myprj/airflow/airflow/lib/python3.7/site-packages/airflow/example_dags/example_kubernetes_executor.py took 0.017 seconds
[2023-10-18 08:29:33,185] {processor.py:163} INFO - Started process (PID=35428) to work on /Users/namyoung/Desktop/myprj/airflow/airflow/lib/python3.7/site-packages/airflow/example_dags/example_kubernetes_executor.py
[2023-10-18 08:29:33,186] {processor.py:642} INFO - Processing file /Users/namyoung/Desktop/myprj/airflow/airflow/lib/python3.7/site-packages/airflow/example_dags/example_kubernetes_executor.py for tasks to queue
[2023-10-18 08:29:33,187] {logging_mixin.py:109} INFO - [2023-10-18 08:29:33,187] {dagbag.py:500} INFO - Filling up the DagBag from /Users/namyoung/Desktop/myprj/airflow/airflow/lib/python3.7/site-packages/airflow/example_dags/example_kubernetes_executor.py
[2023-10-18 08:29:33,198] {logging_mixin.py:109} INFO - [2023-10-18 08:29:33,198] {example_kubernetes_executor.py:39} WARNING - The example_kubernetes_executor example DAG requires the kubernetes provider. Please install it with: pip install apache-airflow[cncf.kubernetes]
[2023-10-18 08:29:33,206] {processor.py:656} WARNING - No viable dags retrieved from /Users/namyoung/Desktop/myprj/airflow/airflow/lib/python3.7/site-packages/airflow/example_dags/example_kubernetes_executor.py
[2023-10-18 08:29:33,208] {processor.py:171} INFO - Processing /Users/namyoung/Desktop/myprj/airflow/airflow/lib/python3.7/site-packages/airflow/example_dags/example_kubernetes_executor.py took 0.028 seconds
