[2023-10-17 09:32:01,951] {processor.py:163} INFO - Started process (PID=32632) to work on /Users/namyoung/Desktop/myprj/airflow/airflow/lib/python3.7/site-packages/airflow/example_dags/example_skip_dag.py
[2023-10-17 09:32:01,953] {processor.py:642} INFO - Processing file /Users/namyoung/Desktop/myprj/airflow/airflow/lib/python3.7/site-packages/airflow/example_dags/example_skip_dag.py for tasks to queue
[2023-10-17 09:32:01,954] {logging_mixin.py:109} INFO - [2023-10-17 09:32:01,954] {dagbag.py:500} INFO - Filling up the DagBag from /Users/namyoung/Desktop/myprj/airflow/airflow/lib/python3.7/site-packages/airflow/example_dags/example_skip_dag.py
[2023-10-17 09:32:01,978] {processor.py:654} INFO - DAG(s) dict_keys(['example_skip_dag']) retrieved from /Users/namyoung/Desktop/myprj/airflow/airflow/lib/python3.7/site-packages/airflow/example_dags/example_skip_dag.py
[2023-10-17 09:32:01,987] {logging_mixin.py:109} INFO - [2023-10-17 09:32:01,987] {dag.py:2396} INFO - Sync 1 DAGs
[2023-10-17 09:32:01,996] {logging_mixin.py:109} INFO - [2023-10-17 09:32:01,996] {dag.py:2935} INFO - Setting next_dagrun for example_skip_dag to 2023-10-16T00:32:01.995950+00:00
[2023-10-17 09:32:02,001] {processor.py:171} INFO - Processing /Users/namyoung/Desktop/myprj/airflow/airflow/lib/python3.7/site-packages/airflow/example_dags/example_skip_dag.py took 0.056 seconds
[2023-10-17 11:02:31,034] {processor.py:163} INFO - Started process (PID=32751) to work on /Users/namyoung/Desktop/myprj/airflow/airflow/lib/python3.7/site-packages/airflow/example_dags/example_skip_dag.py
[2023-10-17 11:02:31,036] {processor.py:642} INFO - Processing file /Users/namyoung/Desktop/myprj/airflow/airflow/lib/python3.7/site-packages/airflow/example_dags/example_skip_dag.py for tasks to queue
[2023-10-17 11:02:31,037] {logging_mixin.py:109} INFO - [2023-10-17 11:02:31,037] {dagbag.py:500} INFO - Filling up the DagBag from /Users/namyoung/Desktop/myprj/airflow/airflow/lib/python3.7/site-packages/airflow/example_dags/example_skip_dag.py
[2023-10-17 11:02:31,063] {processor.py:654} INFO - DAG(s) dict_keys(['example_skip_dag']) retrieved from /Users/namyoung/Desktop/myprj/airflow/airflow/lib/python3.7/site-packages/airflow/example_dags/example_skip_dag.py
[2023-10-17 11:02:31,075] {logging_mixin.py:109} INFO - [2023-10-17 11:02:31,074] {dag.py:2396} INFO - Sync 1 DAGs
[2023-10-17 11:02:31,084] {logging_mixin.py:109} INFO - [2023-10-17 11:02:31,084] {dag.py:2935} INFO - Setting next_dagrun for example_skip_dag to 2023-10-16T02:02:31.083809+00:00
[2023-10-17 11:02:31,089] {processor.py:171} INFO - Processing /Users/namyoung/Desktop/myprj/airflow/airflow/lib/python3.7/site-packages/airflow/example_dags/example_skip_dag.py took 0.061 seconds
[2023-10-17 14:21:52,803] {processor.py:163} INFO - Started process (PID=33064) to work on /Users/namyoung/Desktop/myprj/airflow/airflow/lib/python3.7/site-packages/airflow/example_dags/example_skip_dag.py
[2023-10-17 14:21:52,804] {processor.py:642} INFO - Processing file /Users/namyoung/Desktop/myprj/airflow/airflow/lib/python3.7/site-packages/airflow/example_dags/example_skip_dag.py for tasks to queue
[2023-10-17 14:21:52,804] {logging_mixin.py:109} INFO - [2023-10-17 14:21:52,804] {dagbag.py:500} INFO - Filling up the DagBag from /Users/namyoung/Desktop/myprj/airflow/airflow/lib/python3.7/site-packages/airflow/example_dags/example_skip_dag.py
[2023-10-17 14:21:52,817] {processor.py:654} INFO - DAG(s) dict_keys(['example_skip_dag']) retrieved from /Users/namyoung/Desktop/myprj/airflow/airflow/lib/python3.7/site-packages/airflow/example_dags/example_skip_dag.py
[2023-10-17 14:21:52,823] {logging_mixin.py:109} INFO - [2023-10-17 14:21:52,822] {dag.py:2396} INFO - Sync 1 DAGs
[2023-10-17 14:21:52,830] {logging_mixin.py:109} INFO - [2023-10-17 14:21:52,830] {dag.py:2935} INFO - Setting next_dagrun for example_skip_dag to 2023-10-16T05:21:52.829836+00:00
[2023-10-17 14:21:52,836] {processor.py:171} INFO - Processing /Users/namyoung/Desktop/myprj/airflow/airflow/lib/python3.7/site-packages/airflow/example_dags/example_skip_dag.py took 0.036 seconds
[2023-10-17 17:45:05,928] {processor.py:163} INFO - Started process (PID=33389) to work on /Users/namyoung/Desktop/myprj/airflow/airflow/lib/python3.7/site-packages/airflow/example_dags/example_skip_dag.py
[2023-10-17 17:45:05,928] {processor.py:642} INFO - Processing file /Users/namyoung/Desktop/myprj/airflow/airflow/lib/python3.7/site-packages/airflow/example_dags/example_skip_dag.py for tasks to queue
[2023-10-17 17:45:05,929] {logging_mixin.py:109} INFO - [2023-10-17 17:45:05,929] {dagbag.py:500} INFO - Filling up the DagBag from /Users/namyoung/Desktop/myprj/airflow/airflow/lib/python3.7/site-packages/airflow/example_dags/example_skip_dag.py
[2023-10-17 17:45:05,941] {processor.py:654} INFO - DAG(s) dict_keys(['example_skip_dag']) retrieved from /Users/namyoung/Desktop/myprj/airflow/airflow/lib/python3.7/site-packages/airflow/example_dags/example_skip_dag.py
[2023-10-17 17:45:05,947] {logging_mixin.py:109} INFO - [2023-10-17 17:45:05,947] {dag.py:2396} INFO - Sync 1 DAGs
[2023-10-17 17:45:05,955] {logging_mixin.py:109} INFO - [2023-10-17 17:45:05,955] {dag.py:2935} INFO - Setting next_dagrun for example_skip_dag to 2023-10-16T08:45:05.954891+00:00
[2023-10-17 17:45:05,960] {processor.py:171} INFO - Processing /Users/namyoung/Desktop/myprj/airflow/airflow/lib/python3.7/site-packages/airflow/example_dags/example_skip_dag.py took 0.034 seconds
[2023-10-17 19:47:14,176] {processor.py:163} INFO - Started process (PID=33657) to work on /Users/namyoung/Desktop/myprj/airflow/airflow/lib/python3.7/site-packages/airflow/example_dags/example_skip_dag.py
[2023-10-17 19:47:14,177] {processor.py:642} INFO - Processing file /Users/namyoung/Desktop/myprj/airflow/airflow/lib/python3.7/site-packages/airflow/example_dags/example_skip_dag.py for tasks to queue
[2023-10-17 19:47:14,178] {logging_mixin.py:109} INFO - [2023-10-17 19:47:14,178] {dagbag.py:500} INFO - Filling up the DagBag from /Users/namyoung/Desktop/myprj/airflow/airflow/lib/python3.7/site-packages/airflow/example_dags/example_skip_dag.py
[2023-10-17 19:47:14,190] {processor.py:654} INFO - DAG(s) dict_keys(['example_skip_dag']) retrieved from /Users/namyoung/Desktop/myprj/airflow/airflow/lib/python3.7/site-packages/airflow/example_dags/example_skip_dag.py
[2023-10-17 19:47:14,197] {logging_mixin.py:109} INFO - [2023-10-17 19:47:14,197] {dag.py:2396} INFO - Sync 1 DAGs
[2023-10-17 19:47:14,206] {logging_mixin.py:109} INFO - [2023-10-17 19:47:14,206] {dag.py:2935} INFO - Setting next_dagrun for example_skip_dag to 2023-10-16T10:47:14.206212+00:00
[2023-10-17 19:47:14,212] {processor.py:171} INFO - Processing /Users/namyoung/Desktop/myprj/airflow/airflow/lib/python3.7/site-packages/airflow/example_dags/example_skip_dag.py took 0.038 seconds
[2023-10-17 22:54:40,271] {processor.py:163} INFO - Started process (PID=33972) to work on /Users/namyoung/Desktop/myprj/airflow/airflow/lib/python3.7/site-packages/airflow/example_dags/example_skip_dag.py
[2023-10-17 22:54:40,272] {processor.py:642} INFO - Processing file /Users/namyoung/Desktop/myprj/airflow/airflow/lib/python3.7/site-packages/airflow/example_dags/example_skip_dag.py for tasks to queue
[2023-10-17 22:54:40,273] {logging_mixin.py:109} INFO - [2023-10-17 22:54:40,272] {dagbag.py:500} INFO - Filling up the DagBag from /Users/namyoung/Desktop/myprj/airflow/airflow/lib/python3.7/site-packages/airflow/example_dags/example_skip_dag.py
[2023-10-17 22:54:40,285] {processor.py:654} INFO - DAG(s) dict_keys(['example_skip_dag']) retrieved from /Users/namyoung/Desktop/myprj/airflow/airflow/lib/python3.7/site-packages/airflow/example_dags/example_skip_dag.py
[2023-10-17 22:54:40,290] {logging_mixin.py:109} INFO - [2023-10-17 22:54:40,290] {dag.py:2396} INFO - Sync 1 DAGs
[2023-10-17 22:54:40,297] {logging_mixin.py:109} INFO - [2023-10-17 22:54:40,297] {dag.py:2935} INFO - Setting next_dagrun for example_skip_dag to 2023-10-16T13:54:40.297439+00:00
[2023-10-17 22:54:40,302] {processor.py:171} INFO - Processing /Users/namyoung/Desktop/myprj/airflow/airflow/lib/python3.7/site-packages/airflow/example_dags/example_skip_dag.py took 0.033 seconds
[2023-10-18 02:31:13,853] {processor.py:163} INFO - Started process (PID=34305) to work on /Users/namyoung/Desktop/myprj/airflow/airflow/lib/python3.7/site-packages/airflow/example_dags/example_skip_dag.py
[2023-10-18 02:31:13,854] {processor.py:642} INFO - Processing file /Users/namyoung/Desktop/myprj/airflow/airflow/lib/python3.7/site-packages/airflow/example_dags/example_skip_dag.py for tasks to queue
[2023-10-18 02:31:13,855] {logging_mixin.py:109} INFO - [2023-10-18 02:31:13,855] {dagbag.py:500} INFO - Filling up the DagBag from /Users/namyoung/Desktop/myprj/airflow/airflow/lib/python3.7/site-packages/airflow/example_dags/example_skip_dag.py
[2023-10-18 02:31:13,873] {processor.py:654} INFO - DAG(s) dict_keys(['example_skip_dag']) retrieved from /Users/namyoung/Desktop/myprj/airflow/airflow/lib/python3.7/site-packages/airflow/example_dags/example_skip_dag.py
[2023-10-18 02:46:45,420] {logging_mixin.py:109} INFO - [2023-10-18 02:46:45,416] {dag.py:2396} INFO - Sync 1 DAGs
[2023-10-18 02:46:45,443] {logging_mixin.py:109} INFO - [2023-10-18 02:46:45,442] {dag.py:2935} INFO - Setting next_dagrun for example_skip_dag to 2023-10-16T17:46:45.442424+00:00
[2023-10-18 02:46:45,522] {processor.py:171} INFO - Processing /Users/namyoung/Desktop/myprj/airflow/airflow/lib/python3.7/site-packages/airflow/example_dags/example_skip_dag.py took 0.498 seconds
[2023-10-18 05:09:07,427] {processor.py:163} INFO - Started process (PID=34585) to work on /Users/namyoung/Desktop/myprj/airflow/airflow/lib/python3.7/site-packages/airflow/example_dags/example_skip_dag.py
[2023-10-18 05:09:07,429] {processor.py:642} INFO - Processing file /Users/namyoung/Desktop/myprj/airflow/airflow/lib/python3.7/site-packages/airflow/example_dags/example_skip_dag.py for tasks to queue
[2023-10-18 05:09:07,430] {logging_mixin.py:109} INFO - [2023-10-18 05:09:07,430] {dagbag.py:500} INFO - Filling up the DagBag from /Users/namyoung/Desktop/myprj/airflow/airflow/lib/python3.7/site-packages/airflow/example_dags/example_skip_dag.py
[2023-10-18 05:09:07,459] {processor.py:654} INFO - DAG(s) dict_keys(['example_skip_dag']) retrieved from /Users/namyoung/Desktop/myprj/airflow/airflow/lib/python3.7/site-packages/airflow/example_dags/example_skip_dag.py
[2023-10-18 05:09:07,472] {logging_mixin.py:109} INFO - [2023-10-18 05:09:07,472] {dag.py:2396} INFO - Sync 1 DAGs
[2023-10-18 05:09:07,486] {logging_mixin.py:109} INFO - [2023-10-18 05:09:07,486] {dag.py:2935} INFO - Setting next_dagrun for example_skip_dag to 2023-10-16T20:09:07.485543+00:00
[2023-10-18 05:09:07,493] {processor.py:171} INFO - Processing /Users/namyoung/Desktop/myprj/airflow/airflow/lib/python3.7/site-packages/airflow/example_dags/example_skip_dag.py took 0.072 seconds
[2023-10-18 07:53:50,469] {processor.py:163} INFO - Started process (PID=34875) to work on /Users/namyoung/Desktop/myprj/airflow/airflow/lib/python3.7/site-packages/airflow/example_dags/example_skip_dag.py
[2023-10-18 07:53:50,469] {processor.py:642} INFO - Processing file /Users/namyoung/Desktop/myprj/airflow/airflow/lib/python3.7/site-packages/airflow/example_dags/example_skip_dag.py for tasks to queue
[2023-10-18 07:53:50,470] {logging_mixin.py:109} INFO - [2023-10-18 07:53:50,470] {dagbag.py:500} INFO - Filling up the DagBag from /Users/namyoung/Desktop/myprj/airflow/airflow/lib/python3.7/site-packages/airflow/example_dags/example_skip_dag.py
[2023-10-18 07:53:50,481] {processor.py:654} INFO - DAG(s) dict_keys(['example_skip_dag']) retrieved from /Users/namyoung/Desktop/myprj/airflow/airflow/lib/python3.7/site-packages/airflow/example_dags/example_skip_dag.py
[2023-10-18 07:53:50,487] {logging_mixin.py:109} INFO - [2023-10-18 07:53:50,487] {dag.py:2396} INFO - Sync 1 DAGs
[2023-10-18 07:53:50,494] {logging_mixin.py:109} INFO - [2023-10-18 07:53:50,494] {dag.py:2935} INFO - Setting next_dagrun for example_skip_dag to 2023-10-16T22:53:50.494187+00:00
[2023-10-18 07:53:50,503] {processor.py:171} INFO - Processing /Users/namyoung/Desktop/myprj/airflow/airflow/lib/python3.7/site-packages/airflow/example_dags/example_skip_dag.py took 0.036 seconds
[2023-10-18 08:27:48,111] {processor.py:163} INFO - Started process (PID=34998) to work on /Users/namyoung/Desktop/myprj/airflow/airflow/lib/python3.7/site-packages/airflow/example_dags/example_skip_dag.py
[2023-10-18 08:27:48,112] {processor.py:642} INFO - Processing file /Users/namyoung/Desktop/myprj/airflow/airflow/lib/python3.7/site-packages/airflow/example_dags/example_skip_dag.py for tasks to queue
[2023-10-18 08:27:48,113] {logging_mixin.py:109} INFO - [2023-10-18 08:27:48,113] {dagbag.py:500} INFO - Filling up the DagBag from /Users/namyoung/Desktop/myprj/airflow/airflow/lib/python3.7/site-packages/airflow/example_dags/example_skip_dag.py
[2023-10-18 08:27:48,136] {processor.py:654} INFO - DAG(s) dict_keys(['example_skip_dag']) retrieved from /Users/namyoung/Desktop/myprj/airflow/airflow/lib/python3.7/site-packages/airflow/example_dags/example_skip_dag.py
[2023-10-18 08:27:48,146] {logging_mixin.py:109} INFO - [2023-10-18 08:27:48,145] {dag.py:2396} INFO - Sync 1 DAGs
[2023-10-18 08:27:48,155] {logging_mixin.py:109} INFO - [2023-10-18 08:27:48,155] {dag.py:2935} INFO - Setting next_dagrun for example_skip_dag to 2023-10-16T23:27:48.154935+00:00
[2023-10-18 08:27:48,162] {processor.py:171} INFO - Processing /Users/namyoung/Desktop/myprj/airflow/airflow/lib/python3.7/site-packages/airflow/example_dags/example_skip_dag.py took 0.056 seconds
[2023-10-18 08:28:20,665] {processor.py:163} INFO - Started process (PID=35148) to work on /Users/namyoung/Desktop/myprj/airflow/airflow/lib/python3.7/site-packages/airflow/example_dags/example_skip_dag.py
[2023-10-18 08:28:20,667] {processor.py:642} INFO - Processing file /Users/namyoung/Desktop/myprj/airflow/airflow/lib/python3.7/site-packages/airflow/example_dags/example_skip_dag.py for tasks to queue
[2023-10-18 08:28:20,668] {logging_mixin.py:109} INFO - [2023-10-18 08:28:20,668] {dagbag.py:500} INFO - Filling up the DagBag from /Users/namyoung/Desktop/myprj/airflow/airflow/lib/python3.7/site-packages/airflow/example_dags/example_skip_dag.py
[2023-10-18 08:28:20,691] {processor.py:654} INFO - DAG(s) dict_keys(['example_skip_dag']) retrieved from /Users/namyoung/Desktop/myprj/airflow/airflow/lib/python3.7/site-packages/airflow/example_dags/example_skip_dag.py
[2023-10-18 08:28:20,699] {logging_mixin.py:109} INFO - [2023-10-18 08:28:20,699] {dag.py:2396} INFO - Sync 1 DAGs
[2023-10-18 08:28:20,707] {logging_mixin.py:109} INFO - [2023-10-18 08:28:20,707] {dag.py:2935} INFO - Setting next_dagrun for example_skip_dag to 2023-10-16T23:28:20.707552+00:00
[2023-10-18 08:28:20,713] {processor.py:171} INFO - Processing /Users/namyoung/Desktop/myprj/airflow/airflow/lib/python3.7/site-packages/airflow/example_dags/example_skip_dag.py took 0.053 seconds
[2023-10-18 08:28:52,099] {processor.py:163} INFO - Started process (PID=35374) to work on /Users/namyoung/Desktop/myprj/airflow/airflow/lib/python3.7/site-packages/airflow/example_dags/example_skip_dag.py
[2023-10-18 08:28:52,100] {processor.py:642} INFO - Processing file /Users/namyoung/Desktop/myprj/airflow/airflow/lib/python3.7/site-packages/airflow/example_dags/example_skip_dag.py for tasks to queue
[2023-10-18 08:28:52,102] {logging_mixin.py:109} INFO - [2023-10-18 08:28:52,101] {dagbag.py:500} INFO - Filling up the DagBag from /Users/namyoung/Desktop/myprj/airflow/airflow/lib/python3.7/site-packages/airflow/example_dags/example_skip_dag.py
[2023-10-18 08:28:52,125] {processor.py:654} INFO - DAG(s) dict_keys(['example_skip_dag']) retrieved from /Users/namyoung/Desktop/myprj/airflow/airflow/lib/python3.7/site-packages/airflow/example_dags/example_skip_dag.py
[2023-10-18 08:28:52,136] {logging_mixin.py:109} INFO - [2023-10-18 08:28:52,135] {dag.py:2396} INFO - Sync 1 DAGs
[2023-10-18 08:28:52,145] {logging_mixin.py:109} INFO - [2023-10-18 08:28:52,144] {dag.py:2935} INFO - Setting next_dagrun for example_skip_dag to 2023-10-16T23:28:52.144711+00:00
[2023-10-18 08:28:52,151] {processor.py:171} INFO - Processing /Users/namyoung/Desktop/myprj/airflow/airflow/lib/python3.7/site-packages/airflow/example_dags/example_skip_dag.py took 0.057 seconds
[2023-10-18 08:29:25,682] {processor.py:163} INFO - Started process (PID=35420) to work on /Users/namyoung/Desktop/myprj/airflow/airflow/lib/python3.7/site-packages/airflow/example_dags/example_skip_dag.py
[2023-10-18 08:29:25,685] {processor.py:642} INFO - Processing file /Users/namyoung/Desktop/myprj/airflow/airflow/lib/python3.7/site-packages/airflow/example_dags/example_skip_dag.py for tasks to queue
[2023-10-18 08:29:25,686] {logging_mixin.py:109} INFO - [2023-10-18 08:29:25,686] {dagbag.py:500} INFO - Filling up the DagBag from /Users/namyoung/Desktop/myprj/airflow/airflow/lib/python3.7/site-packages/airflow/example_dags/example_skip_dag.py
[2023-10-18 08:29:25,712] {processor.py:654} INFO - DAG(s) dict_keys(['example_skip_dag']) retrieved from /Users/namyoung/Desktop/myprj/airflow/airflow/lib/python3.7/site-packages/airflow/example_dags/example_skip_dag.py
[2023-10-18 08:29:25,723] {logging_mixin.py:109} INFO - [2023-10-18 08:29:25,722] {dag.py:2396} INFO - Sync 1 DAGs
[2023-10-18 08:29:25,732] {logging_mixin.py:109} INFO - [2023-10-18 08:29:25,732] {dag.py:2935} INFO - Setting next_dagrun for example_skip_dag to 2023-10-16T23:29:25.732265+00:00
[2023-10-18 08:29:25,739] {processor.py:171} INFO - Processing /Users/namyoung/Desktop/myprj/airflow/airflow/lib/python3.7/site-packages/airflow/example_dags/example_skip_dag.py took 0.062 seconds
[2023-10-18 08:29:59,463] {processor.py:163} INFO - Started process (PID=35483) to work on /Users/namyoung/Desktop/myprj/airflow/airflow/lib/python3.7/site-packages/airflow/example_dags/example_skip_dag.py
[2023-10-18 08:29:59,465] {processor.py:642} INFO - Processing file /Users/namyoung/Desktop/myprj/airflow/airflow/lib/python3.7/site-packages/airflow/example_dags/example_skip_dag.py for tasks to queue
[2023-10-18 08:29:59,466] {logging_mixin.py:109} INFO - [2023-10-18 08:29:59,465] {dagbag.py:500} INFO - Filling up the DagBag from /Users/namyoung/Desktop/myprj/airflow/airflow/lib/python3.7/site-packages/airflow/example_dags/example_skip_dag.py
[2023-10-18 08:29:59,482] {processor.py:654} INFO - DAG(s) dict_keys(['example_skip_dag']) retrieved from /Users/namyoung/Desktop/myprj/airflow/airflow/lib/python3.7/site-packages/airflow/example_dags/example_skip_dag.py
[2023-10-18 08:29:59,489] {logging_mixin.py:109} INFO - [2023-10-18 08:29:59,489] {dag.py:2396} INFO - Sync 1 DAGs
[2023-10-18 08:29:59,497] {logging_mixin.py:109} INFO - [2023-10-18 08:29:59,496] {dag.py:2935} INFO - Setting next_dagrun for example_skip_dag to 2023-10-16T23:29:59.496672+00:00
[2023-10-18 08:29:59,504] {processor.py:171} INFO - Processing /Users/namyoung/Desktop/myprj/airflow/airflow/lib/python3.7/site-packages/airflow/example_dags/example_skip_dag.py took 0.044 seconds
