[2023-10-17 09:03:08,793] {processor.py:163} INFO - Started process (PID=32448) to work on /Users/namyoung/Desktop/myprj/airflow/airflow/lib/python3.7/site-packages/airflow/example_dags/example_trigger_target_dag.py
[2023-10-17 09:03:08,794] {processor.py:642} INFO - Processing file /Users/namyoung/Desktop/myprj/airflow/airflow/lib/python3.7/site-packages/airflow/example_dags/example_trigger_target_dag.py for tasks to queue
[2023-10-17 09:03:08,795] {logging_mixin.py:109} INFO - [2023-10-17 09:03:08,794] {dagbag.py:500} INFO - Filling up the DagBag from /Users/namyoung/Desktop/myprj/airflow/airflow/lib/python3.7/site-packages/airflow/example_dags/example_trigger_target_dag.py
[2023-10-17 09:03:08,819] {processor.py:654} INFO - DAG(s) dict_keys(['example_trigger_target_dag']) retrieved from /Users/namyoung/Desktop/myprj/airflow/airflow/lib/python3.7/site-packages/airflow/example_dags/example_trigger_target_dag.py
[2023-10-17 09:03:08,828] {logging_mixin.py:109} INFO - [2023-10-17 09:03:08,827] {dag.py:2396} INFO - Sync 1 DAGs
[2023-10-17 09:03:08,838] {logging_mixin.py:109} INFO - [2023-10-17 09:03:08,838] {dag.py:2935} INFO - Setting next_dagrun for example_trigger_target_dag to None
[2023-10-17 09:03:08,849] {processor.py:171} INFO - Processing /Users/namyoung/Desktop/myprj/airflow/airflow/lib/python3.7/site-packages/airflow/example_dags/example_trigger_target_dag.py took 0.061 seconds
[2023-10-17 11:02:23,528] {processor.py:163} INFO - Started process (PID=32740) to work on /Users/namyoung/Desktop/myprj/airflow/airflow/lib/python3.7/site-packages/airflow/example_dags/example_trigger_target_dag.py
[2023-10-17 11:02:23,530] {processor.py:642} INFO - Processing file /Users/namyoung/Desktop/myprj/airflow/airflow/lib/python3.7/site-packages/airflow/example_dags/example_trigger_target_dag.py for tasks to queue
[2023-10-17 11:02:23,531] {logging_mixin.py:109} INFO - [2023-10-17 11:02:23,531] {dagbag.py:500} INFO - Filling up the DagBag from /Users/namyoung/Desktop/myprj/airflow/airflow/lib/python3.7/site-packages/airflow/example_dags/example_trigger_target_dag.py
[2023-10-17 11:02:23,558] {processor.py:654} INFO - DAG(s) dict_keys(['example_trigger_target_dag']) retrieved from /Users/namyoung/Desktop/myprj/airflow/airflow/lib/python3.7/site-packages/airflow/example_dags/example_trigger_target_dag.py
[2023-10-17 11:02:23,566] {logging_mixin.py:109} INFO - [2023-10-17 11:02:23,566] {dag.py:2396} INFO - Sync 1 DAGs
[2023-10-17 11:02:23,574] {logging_mixin.py:109} INFO - [2023-10-17 11:02:23,574] {dag.py:2935} INFO - Setting next_dagrun for example_trigger_target_dag to None
[2023-10-17 11:02:23,580] {processor.py:171} INFO - Processing /Users/namyoung/Desktop/myprj/airflow/airflow/lib/python3.7/site-packages/airflow/example_dags/example_trigger_target_dag.py took 0.057 seconds
[2023-10-17 13:29:20,008] {processor.py:163} INFO - Started process (PID=33018) to work on /Users/namyoung/Desktop/myprj/airflow/airflow/lib/python3.7/site-packages/airflow/example_dags/example_trigger_target_dag.py
[2023-10-17 13:29:20,008] {processor.py:642} INFO - Processing file /Users/namyoung/Desktop/myprj/airflow/airflow/lib/python3.7/site-packages/airflow/example_dags/example_trigger_target_dag.py for tasks to queue
[2023-10-17 13:29:20,009] {logging_mixin.py:109} INFO - [2023-10-17 13:29:20,009] {dagbag.py:500} INFO - Filling up the DagBag from /Users/namyoung/Desktop/myprj/airflow/airflow/lib/python3.7/site-packages/airflow/example_dags/example_trigger_target_dag.py
[2023-10-17 13:29:20,023] {processor.py:654} INFO - DAG(s) dict_keys(['example_trigger_target_dag']) retrieved from /Users/namyoung/Desktop/myprj/airflow/airflow/lib/python3.7/site-packages/airflow/example_dags/example_trigger_target_dag.py
[2023-10-17 13:29:20,029] {logging_mixin.py:109} INFO - [2023-10-17 13:29:20,028] {dag.py:2396} INFO - Sync 1 DAGs
[2023-10-17 13:29:20,035] {logging_mixin.py:109} INFO - [2023-10-17 13:29:20,035] {dag.py:2935} INFO - Setting next_dagrun for example_trigger_target_dag to None
[2023-10-17 13:29:20,041] {processor.py:171} INFO - Processing /Users/namyoung/Desktop/myprj/airflow/airflow/lib/python3.7/site-packages/airflow/example_dags/example_trigger_target_dag.py took 0.035 seconds
[2023-10-17 16:54:22,764] {processor.py:163} INFO - Started process (PID=33341) to work on /Users/namyoung/Desktop/myprj/airflow/airflow/lib/python3.7/site-packages/airflow/example_dags/example_trigger_target_dag.py
[2023-10-17 16:54:22,765] {processor.py:642} INFO - Processing file /Users/namyoung/Desktop/myprj/airflow/airflow/lib/python3.7/site-packages/airflow/example_dags/example_trigger_target_dag.py for tasks to queue
[2023-10-17 16:54:22,766] {logging_mixin.py:109} INFO - [2023-10-17 16:54:22,766] {dagbag.py:500} INFO - Filling up the DagBag from /Users/namyoung/Desktop/myprj/airflow/airflow/lib/python3.7/site-packages/airflow/example_dags/example_trigger_target_dag.py
[2023-10-17 16:54:22,781] {processor.py:654} INFO - DAG(s) dict_keys(['example_trigger_target_dag']) retrieved from /Users/namyoung/Desktop/myprj/airflow/airflow/lib/python3.7/site-packages/airflow/example_dags/example_trigger_target_dag.py
[2023-10-17 16:54:22,786] {logging_mixin.py:109} INFO - [2023-10-17 16:54:22,786] {dag.py:2396} INFO - Sync 1 DAGs
[2023-10-17 16:54:22,793] {logging_mixin.py:109} INFO - [2023-10-17 16:54:22,793] {dag.py:2935} INFO - Setting next_dagrun for example_trigger_target_dag to None
[2023-10-17 16:54:22,799] {processor.py:171} INFO - Processing /Users/namyoung/Desktop/myprj/airflow/airflow/lib/python3.7/site-packages/airflow/example_dags/example_trigger_target_dag.py took 0.037 seconds
[2023-10-17 19:15:31,690] {processor.py:163} INFO - Started process (PID=33630) to work on /Users/namyoung/Desktop/myprj/airflow/airflow/lib/python3.7/site-packages/airflow/example_dags/example_trigger_target_dag.py
[2023-10-17 19:15:31,692] {processor.py:642} INFO - Processing file /Users/namyoung/Desktop/myprj/airflow/airflow/lib/python3.7/site-packages/airflow/example_dags/example_trigger_target_dag.py for tasks to queue
[2023-10-17 19:15:31,693] {logging_mixin.py:109} INFO - [2023-10-17 19:15:31,693] {dagbag.py:500} INFO - Filling up the DagBag from /Users/namyoung/Desktop/myprj/airflow/airflow/lib/python3.7/site-packages/airflow/example_dags/example_trigger_target_dag.py
[2023-10-17 19:15:31,722] {processor.py:654} INFO - DAG(s) dict_keys(['example_trigger_target_dag']) retrieved from /Users/namyoung/Desktop/myprj/airflow/airflow/lib/python3.7/site-packages/airflow/example_dags/example_trigger_target_dag.py
[2023-10-17 19:15:31,729] {logging_mixin.py:109} INFO - [2023-10-17 19:15:31,729] {dag.py:2396} INFO - Sync 1 DAGs
[2023-10-17 19:15:31,737] {logging_mixin.py:109} INFO - [2023-10-17 19:15:31,736] {dag.py:2935} INFO - Setting next_dagrun for example_trigger_target_dag to None
[2023-10-17 19:15:31,741] {processor.py:171} INFO - Processing /Users/namyoung/Desktop/myprj/airflow/airflow/lib/python3.7/site-packages/airflow/example_dags/example_trigger_target_dag.py took 0.057 seconds
[2023-10-17 22:22:27,991] {processor.py:163} INFO - Started process (PID=33927) to work on /Users/namyoung/Desktop/myprj/airflow/airflow/lib/python3.7/site-packages/airflow/example_dags/example_trigger_target_dag.py
[2023-10-17 22:22:27,991] {processor.py:642} INFO - Processing file /Users/namyoung/Desktop/myprj/airflow/airflow/lib/python3.7/site-packages/airflow/example_dags/example_trigger_target_dag.py for tasks to queue
[2023-10-17 22:22:27,992] {logging_mixin.py:109} INFO - [2023-10-17 22:22:27,992] {dagbag.py:500} INFO - Filling up the DagBag from /Users/namyoung/Desktop/myprj/airflow/airflow/lib/python3.7/site-packages/airflow/example_dags/example_trigger_target_dag.py
[2023-10-17 22:22:28,007] {processor.py:654} INFO - DAG(s) dict_keys(['example_trigger_target_dag']) retrieved from /Users/namyoung/Desktop/myprj/airflow/airflow/lib/python3.7/site-packages/airflow/example_dags/example_trigger_target_dag.py
[2023-10-17 22:22:28,012] {logging_mixin.py:109} INFO - [2023-10-17 22:22:28,012] {dag.py:2396} INFO - Sync 1 DAGs
[2023-10-17 22:22:28,018] {logging_mixin.py:109} INFO - [2023-10-17 22:22:28,018] {dag.py:2935} INFO - Setting next_dagrun for example_trigger_target_dag to None
[2023-10-17 22:22:28,023] {processor.py:171} INFO - Processing /Users/namyoung/Desktop/myprj/airflow/airflow/lib/python3.7/site-packages/airflow/example_dags/example_trigger_target_dag.py took 0.035 seconds
[2023-10-18 01:59:36,521] {processor.py:163} INFO - Started process (PID=34257) to work on /Users/namyoung/Desktop/myprj/airflow/airflow/lib/python3.7/site-packages/airflow/example_dags/example_trigger_target_dag.py
[2023-10-18 01:59:36,522] {processor.py:642} INFO - Processing file /Users/namyoung/Desktop/myprj/airflow/airflow/lib/python3.7/site-packages/airflow/example_dags/example_trigger_target_dag.py for tasks to queue
[2023-10-18 01:59:36,523] {logging_mixin.py:109} INFO - [2023-10-18 01:59:36,523] {dagbag.py:500} INFO - Filling up the DagBag from /Users/namyoung/Desktop/myprj/airflow/airflow/lib/python3.7/site-packages/airflow/example_dags/example_trigger_target_dag.py
[2023-10-18 01:59:36,557] {processor.py:654} INFO - DAG(s) dict_keys(['example_trigger_target_dag']) retrieved from /Users/namyoung/Desktop/myprj/airflow/airflow/lib/python3.7/site-packages/airflow/example_dags/example_trigger_target_dag.py
[2023-10-18 01:59:36,565] {logging_mixin.py:109} INFO - [2023-10-18 01:59:36,564] {dag.py:2396} INFO - Sync 1 DAGs
[2023-10-18 01:59:36,573] {logging_mixin.py:109} INFO - [2023-10-18 01:59:36,573] {dag.py:2935} INFO - Setting next_dagrun for example_trigger_target_dag to None
[2023-10-18 01:59:36,579] {processor.py:171} INFO - Processing /Users/namyoung/Desktop/myprj/airflow/airflow/lib/python3.7/site-packages/airflow/example_dags/example_trigger_target_dag.py took 0.063 seconds
[2023-10-18 04:20:26,910] {processor.py:163} INFO - Started process (PID=34533) to work on /Users/namyoung/Desktop/myprj/airflow/airflow/lib/python3.7/site-packages/airflow/example_dags/example_trigger_target_dag.py
[2023-10-18 04:20:26,911] {processor.py:642} INFO - Processing file /Users/namyoung/Desktop/myprj/airflow/airflow/lib/python3.7/site-packages/airflow/example_dags/example_trigger_target_dag.py for tasks to queue
[2023-10-18 04:20:26,912] {logging_mixin.py:109} INFO - [2023-10-18 04:20:26,912] {dagbag.py:500} INFO - Filling up the DagBag from /Users/namyoung/Desktop/myprj/airflow/airflow/lib/python3.7/site-packages/airflow/example_dags/example_trigger_target_dag.py
[2023-10-18 04:20:26,926] {processor.py:654} INFO - DAG(s) dict_keys(['example_trigger_target_dag']) retrieved from /Users/namyoung/Desktop/myprj/airflow/airflow/lib/python3.7/site-packages/airflow/example_dags/example_trigger_target_dag.py
[2023-10-18 04:20:26,933] {logging_mixin.py:109} INFO - [2023-10-18 04:20:26,932] {dag.py:2396} INFO - Sync 1 DAGs
[2023-10-18 04:20:26,939] {logging_mixin.py:109} INFO - [2023-10-18 04:20:26,939] {dag.py:2935} INFO - Setting next_dagrun for example_trigger_target_dag to None
[2023-10-18 04:20:26,945] {processor.py:171} INFO - Processing /Users/namyoung/Desktop/myprj/airflow/airflow/lib/python3.7/site-packages/airflow/example_dags/example_trigger_target_dag.py took 0.037 seconds
[2023-10-18 07:04:48,419] {processor.py:163} INFO - Started process (PID=34739) to work on /Users/namyoung/Desktop/myprj/airflow/airflow/lib/python3.7/site-packages/airflow/example_dags/example_trigger_target_dag.py
[2023-10-18 07:04:48,421] {processor.py:642} INFO - Processing file /Users/namyoung/Desktop/myprj/airflow/airflow/lib/python3.7/site-packages/airflow/example_dags/example_trigger_target_dag.py for tasks to queue
[2023-10-18 07:04:48,422] {logging_mixin.py:109} INFO - [2023-10-18 07:04:48,422] {dagbag.py:500} INFO - Filling up the DagBag from /Users/namyoung/Desktop/myprj/airflow/airflow/lib/python3.7/site-packages/airflow/example_dags/example_trigger_target_dag.py
[2023-10-18 07:04:48,456] {processor.py:654} INFO - DAG(s) dict_keys(['example_trigger_target_dag']) retrieved from /Users/namyoung/Desktop/myprj/airflow/airflow/lib/python3.7/site-packages/airflow/example_dags/example_trigger_target_dag.py
[2023-10-18 07:04:48,467] {logging_mixin.py:109} INFO - [2023-10-18 07:04:48,467] {dag.py:2396} INFO - Sync 1 DAGs
[2023-10-18 07:04:48,477] {logging_mixin.py:109} INFO - [2023-10-18 07:04:48,476] {dag.py:2935} INFO - Setting next_dagrun for example_trigger_target_dag to None
[2023-10-18 07:04:48,484] {processor.py:171} INFO - Processing /Users/namyoung/Desktop/myprj/airflow/airflow/lib/python3.7/site-packages/airflow/example_dags/example_trigger_target_dag.py took 0.069 seconds
[2023-10-18 08:27:40,645] {processor.py:163} INFO - Started process (PID=34984) to work on /Users/namyoung/Desktop/myprj/airflow/airflow/lib/python3.7/site-packages/airflow/example_dags/example_trigger_target_dag.py
[2023-10-18 08:27:40,646] {processor.py:642} INFO - Processing file /Users/namyoung/Desktop/myprj/airflow/airflow/lib/python3.7/site-packages/airflow/example_dags/example_trigger_target_dag.py for tasks to queue
[2023-10-18 08:27:40,647] {logging_mixin.py:109} INFO - [2023-10-18 08:27:40,647] {dagbag.py:500} INFO - Filling up the DagBag from /Users/namyoung/Desktop/myprj/airflow/airflow/lib/python3.7/site-packages/airflow/example_dags/example_trigger_target_dag.py
[2023-10-18 08:27:40,673] {processor.py:654} INFO - DAG(s) dict_keys(['example_trigger_target_dag']) retrieved from /Users/namyoung/Desktop/myprj/airflow/airflow/lib/python3.7/site-packages/airflow/example_dags/example_trigger_target_dag.py
[2023-10-18 08:27:40,681] {logging_mixin.py:109} INFO - [2023-10-18 08:27:40,681] {dag.py:2396} INFO - Sync 1 DAGs
[2023-10-18 08:27:40,690] {logging_mixin.py:109} INFO - [2023-10-18 08:27:40,690] {dag.py:2935} INFO - Setting next_dagrun for example_trigger_target_dag to None
[2023-10-18 08:27:40,697] {processor.py:171} INFO - Processing /Users/namyoung/Desktop/myprj/airflow/airflow/lib/python3.7/site-packages/airflow/example_dags/example_trigger_target_dag.py took 0.055 seconds
[2023-10-18 08:28:13,195] {processor.py:163} INFO - Started process (PID=35134) to work on /Users/namyoung/Desktop/myprj/airflow/airflow/lib/python3.7/site-packages/airflow/example_dags/example_trigger_target_dag.py
[2023-10-18 08:28:13,196] {processor.py:642} INFO - Processing file /Users/namyoung/Desktop/myprj/airflow/airflow/lib/python3.7/site-packages/airflow/example_dags/example_trigger_target_dag.py for tasks to queue
[2023-10-18 08:28:13,196] {logging_mixin.py:109} INFO - [2023-10-18 08:28:13,196] {dagbag.py:500} INFO - Filling up the DagBag from /Users/namyoung/Desktop/myprj/airflow/airflow/lib/python3.7/site-packages/airflow/example_dags/example_trigger_target_dag.py
[2023-10-18 08:28:13,211] {processor.py:654} INFO - DAG(s) dict_keys(['example_trigger_target_dag']) retrieved from /Users/namyoung/Desktop/myprj/airflow/airflow/lib/python3.7/site-packages/airflow/example_dags/example_trigger_target_dag.py
[2023-10-18 08:28:13,221] {logging_mixin.py:109} INFO - [2023-10-18 08:28:13,221] {dag.py:2396} INFO - Sync 1 DAGs
[2023-10-18 08:28:13,228] {logging_mixin.py:109} INFO - [2023-10-18 08:28:13,228] {dag.py:2935} INFO - Setting next_dagrun for example_trigger_target_dag to None
[2023-10-18 08:28:13,234] {processor.py:171} INFO - Processing /Users/namyoung/Desktop/myprj/airflow/airflow/lib/python3.7/site-packages/airflow/example_dags/example_trigger_target_dag.py took 0.042 seconds
[2023-10-18 08:28:44,637] {processor.py:163} INFO - Started process (PID=35357) to work on /Users/namyoung/Desktop/myprj/airflow/airflow/lib/python3.7/site-packages/airflow/example_dags/example_trigger_target_dag.py
[2023-10-18 08:28:44,639] {processor.py:642} INFO - Processing file /Users/namyoung/Desktop/myprj/airflow/airflow/lib/python3.7/site-packages/airflow/example_dags/example_trigger_target_dag.py for tasks to queue
[2023-10-18 08:28:44,640] {logging_mixin.py:109} INFO - [2023-10-18 08:28:44,640] {dagbag.py:500} INFO - Filling up the DagBag from /Users/namyoung/Desktop/myprj/airflow/airflow/lib/python3.7/site-packages/airflow/example_dags/example_trigger_target_dag.py
[2023-10-18 08:28:44,665] {processor.py:654} INFO - DAG(s) dict_keys(['example_trigger_target_dag']) retrieved from /Users/namyoung/Desktop/myprj/airflow/airflow/lib/python3.7/site-packages/airflow/example_dags/example_trigger_target_dag.py
[2023-10-18 08:28:44,672] {logging_mixin.py:109} INFO - [2023-10-18 08:28:44,671] {dag.py:2396} INFO - Sync 1 DAGs
[2023-10-18 08:28:44,679] {logging_mixin.py:109} INFO - [2023-10-18 08:28:44,679] {dag.py:2935} INFO - Setting next_dagrun for example_trigger_target_dag to None
[2023-10-18 08:28:44,684] {processor.py:171} INFO - Processing /Users/namyoung/Desktop/myprj/airflow/airflow/lib/python3.7/site-packages/airflow/example_dags/example_trigger_target_dag.py took 0.052 seconds
[2023-10-18 08:29:18,218] {processor.py:163} INFO - Started process (PID=35404) to work on /Users/namyoung/Desktop/myprj/airflow/airflow/lib/python3.7/site-packages/airflow/example_dags/example_trigger_target_dag.py
[2023-10-18 08:29:18,220] {processor.py:642} INFO - Processing file /Users/namyoung/Desktop/myprj/airflow/airflow/lib/python3.7/site-packages/airflow/example_dags/example_trigger_target_dag.py for tasks to queue
[2023-10-18 08:29:18,221] {logging_mixin.py:109} INFO - [2023-10-18 08:29:18,220] {dagbag.py:500} INFO - Filling up the DagBag from /Users/namyoung/Desktop/myprj/airflow/airflow/lib/python3.7/site-packages/airflow/example_dags/example_trigger_target_dag.py
[2023-10-18 08:29:18,241] {processor.py:654} INFO - DAG(s) dict_keys(['example_trigger_target_dag']) retrieved from /Users/namyoung/Desktop/myprj/airflow/airflow/lib/python3.7/site-packages/airflow/example_dags/example_trigger_target_dag.py
[2023-10-18 08:29:18,246] {logging_mixin.py:109} INFO - [2023-10-18 08:29:18,246] {dag.py:2396} INFO - Sync 1 DAGs
[2023-10-18 08:29:18,254] {logging_mixin.py:109} INFO - [2023-10-18 08:29:18,254] {dag.py:2935} INFO - Setting next_dagrun for example_trigger_target_dag to None
[2023-10-18 08:29:18,259] {processor.py:171} INFO - Processing /Users/namyoung/Desktop/myprj/airflow/airflow/lib/python3.7/site-packages/airflow/example_dags/example_trigger_target_dag.py took 0.044 seconds
[2023-10-18 08:29:52,171] {processor.py:163} INFO - Started process (PID=35468) to work on /Users/namyoung/Desktop/myprj/airflow/airflow/lib/python3.7/site-packages/airflow/example_dags/example_trigger_target_dag.py
[2023-10-18 08:29:52,171] {processor.py:642} INFO - Processing file /Users/namyoung/Desktop/myprj/airflow/airflow/lib/python3.7/site-packages/airflow/example_dags/example_trigger_target_dag.py for tasks to queue
[2023-10-18 08:29:52,172] {logging_mixin.py:109} INFO - [2023-10-18 08:29:52,172] {dagbag.py:500} INFO - Filling up the DagBag from /Users/namyoung/Desktop/myprj/airflow/airflow/lib/python3.7/site-packages/airflow/example_dags/example_trigger_target_dag.py
[2023-10-18 08:29:52,186] {processor.py:654} INFO - DAG(s) dict_keys(['example_trigger_target_dag']) retrieved from /Users/namyoung/Desktop/myprj/airflow/airflow/lib/python3.7/site-packages/airflow/example_dags/example_trigger_target_dag.py
[2023-10-18 08:29:52,192] {logging_mixin.py:109} INFO - [2023-10-18 08:29:52,192] {dag.py:2396} INFO - Sync 1 DAGs
[2023-10-18 08:29:52,199] {logging_mixin.py:109} INFO - [2023-10-18 08:29:52,199] {dag.py:2935} INFO - Setting next_dagrun for example_trigger_target_dag to None
[2023-10-18 08:29:52,205] {processor.py:171} INFO - Processing /Users/namyoung/Desktop/myprj/airflow/airflow/lib/python3.7/site-packages/airflow/example_dags/example_trigger_target_dag.py took 0.036 seconds
