[2023-10-17 09:31:57,188] {processor.py:163} INFO - Started process (PID=32623) to work on /Users/namyoung/Desktop/myprj/airflow/airflow/lib/python3.7/site-packages/airflow/example_dags/example_task_group_decorator.py
[2023-10-17 09:31:57,188] {processor.py:642} INFO - Processing file /Users/namyoung/Desktop/myprj/airflow/airflow/lib/python3.7/site-packages/airflow/example_dags/example_task_group_decorator.py for tasks to queue
[2023-10-17 09:31:57,189] {logging_mixin.py:109} INFO - [2023-10-17 09:31:57,189] {dagbag.py:500} INFO - Filling up the DagBag from /Users/namyoung/Desktop/myprj/airflow/airflow/lib/python3.7/site-packages/airflow/example_dags/example_task_group_decorator.py
[2023-10-17 09:31:57,209] {processor.py:654} INFO - DAG(s) dict_keys(['example_task_group_decorator']) retrieved from /Users/namyoung/Desktop/myprj/airflow/airflow/lib/python3.7/site-packages/airflow/example_dags/example_task_group_decorator.py
[2023-10-17 09:31:57,348] {logging_mixin.py:109} INFO - [2023-10-17 09:31:57,348] {dag.py:2396} INFO - Sync 1 DAGs
[2023-10-17 09:31:57,355] {logging_mixin.py:109} INFO - [2023-10-17 09:31:57,355] {dag.py:2935} INFO - Setting next_dagrun for example_task_group_decorator to 2023-10-16T00:31:57.354820+00:00
[2023-10-17 09:31:57,361] {processor.py:171} INFO - Processing /Users/namyoung/Desktop/myprj/airflow/airflow/lib/python3.7/site-packages/airflow/example_dags/example_task_group_decorator.py took 0.177 seconds
[2023-10-17 11:02:26,988] {processor.py:163} INFO - Started process (PID=32747) to work on /Users/namyoung/Desktop/myprj/airflow/airflow/lib/python3.7/site-packages/airflow/example_dags/example_task_group_decorator.py
[2023-10-17 11:02:26,990] {processor.py:642} INFO - Processing file /Users/namyoung/Desktop/myprj/airflow/airflow/lib/python3.7/site-packages/airflow/example_dags/example_task_group_decorator.py for tasks to queue
[2023-10-17 11:02:26,991] {logging_mixin.py:109} INFO - [2023-10-17 11:02:26,991] {dagbag.py:500} INFO - Filling up the DagBag from /Users/namyoung/Desktop/myprj/airflow/airflow/lib/python3.7/site-packages/airflow/example_dags/example_task_group_decorator.py
[2023-10-17 11:02:27,023] {processor.py:654} INFO - DAG(s) dict_keys(['example_task_group_decorator']) retrieved from /Users/namyoung/Desktop/myprj/airflow/airflow/lib/python3.7/site-packages/airflow/example_dags/example_task_group_decorator.py
[2023-10-17 11:02:27,145] {logging_mixin.py:109} INFO - [2023-10-17 11:02:27,145] {dag.py:2396} INFO - Sync 1 DAGs
[2023-10-17 11:02:27,183] {logging_mixin.py:109} INFO - [2023-10-17 11:02:27,183] {dag.py:2935} INFO - Setting next_dagrun for example_task_group_decorator to 2023-10-16T02:02:27.183548+00:00
[2023-10-17 11:02:27,189] {processor.py:171} INFO - Processing /Users/namyoung/Desktop/myprj/airflow/airflow/lib/python3.7/site-packages/airflow/example_dags/example_task_group_decorator.py took 0.207 seconds
[2023-10-17 13:46:34,608] {processor.py:163} INFO - Started process (PID=33034) to work on /Users/namyoung/Desktop/myprj/airflow/airflow/lib/python3.7/site-packages/airflow/example_dags/example_task_group_decorator.py
[2023-10-17 13:46:34,609] {processor.py:642} INFO - Processing file /Users/namyoung/Desktop/myprj/airflow/airflow/lib/python3.7/site-packages/airflow/example_dags/example_task_group_decorator.py for tasks to queue
[2023-10-17 13:46:34,609] {logging_mixin.py:109} INFO - [2023-10-17 13:46:34,609] {dagbag.py:500} INFO - Filling up the DagBag from /Users/namyoung/Desktop/myprj/airflow/airflow/lib/python3.7/site-packages/airflow/example_dags/example_task_group_decorator.py
[2023-10-17 13:46:34,628] {processor.py:654} INFO - DAG(s) dict_keys(['example_task_group_decorator']) retrieved from /Users/namyoung/Desktop/myprj/airflow/airflow/lib/python3.7/site-packages/airflow/example_dags/example_task_group_decorator.py
[2023-10-17 13:46:34,791] {logging_mixin.py:109} INFO - [2023-10-17 13:46:34,790] {dag.py:2396} INFO - Sync 1 DAGs
[2023-10-17 13:46:34,796] {logging_mixin.py:109} INFO - [2023-10-17 13:46:34,796] {dag.py:2935} INFO - Setting next_dagrun for example_task_group_decorator to 2023-10-16T04:46:34.796636+00:00
[2023-10-17 13:46:34,803] {processor.py:171} INFO - Processing /Users/namyoung/Desktop/myprj/airflow/airflow/lib/python3.7/site-packages/airflow/example_dags/example_task_group_decorator.py took 0.198 seconds
[2023-10-17 17:09:48,876] {processor.py:163} INFO - Started process (PID=33360) to work on /Users/namyoung/Desktop/myprj/airflow/airflow/lib/python3.7/site-packages/airflow/example_dags/example_task_group_decorator.py
[2023-10-17 17:09:48,877] {processor.py:642} INFO - Processing file /Users/namyoung/Desktop/myprj/airflow/airflow/lib/python3.7/site-packages/airflow/example_dags/example_task_group_decorator.py for tasks to queue
[2023-10-17 17:09:48,878] {logging_mixin.py:109} INFO - [2023-10-17 17:09:48,877] {dagbag.py:500} INFO - Filling up the DagBag from /Users/namyoung/Desktop/myprj/airflow/airflow/lib/python3.7/site-packages/airflow/example_dags/example_task_group_decorator.py
[2023-10-17 17:09:48,898] {processor.py:654} INFO - DAG(s) dict_keys(['example_task_group_decorator']) retrieved from /Users/namyoung/Desktop/myprj/airflow/airflow/lib/python3.7/site-packages/airflow/example_dags/example_task_group_decorator.py
[2023-10-17 17:09:49,025] {logging_mixin.py:109} INFO - [2023-10-17 17:09:49,025] {dag.py:2396} INFO - Sync 1 DAGs
[2023-10-17 17:27:26,644] {logging_mixin.py:109} INFO - [2023-10-17 17:27:26,644] {dag.py:2935} INFO - Setting next_dagrun for example_task_group_decorator to 2023-10-16T08:27:26.643935+00:00
[2023-10-17 17:27:26,691] {processor.py:171} INFO - Processing /Users/namyoung/Desktop/myprj/airflow/airflow/lib/python3.7/site-packages/airflow/example_dags/example_task_group_decorator.py took 0.516 seconds
[2023-10-17 19:15:34,216] {processor.py:163} INFO - Started process (PID=33634) to work on /Users/namyoung/Desktop/myprj/airflow/airflow/lib/python3.7/site-packages/airflow/example_dags/example_task_group_decorator.py
[2023-10-17 19:15:34,219] {processor.py:642} INFO - Processing file /Users/namyoung/Desktop/myprj/airflow/airflow/lib/python3.7/site-packages/airflow/example_dags/example_task_group_decorator.py for tasks to queue
[2023-10-17 19:15:34,220] {logging_mixin.py:109} INFO - [2023-10-17 19:15:34,220] {dagbag.py:500} INFO - Filling up the DagBag from /Users/namyoung/Desktop/myprj/airflow/airflow/lib/python3.7/site-packages/airflow/example_dags/example_task_group_decorator.py
[2023-10-17 19:15:34,251] {processor.py:654} INFO - DAG(s) dict_keys(['example_task_group_decorator']) retrieved from /Users/namyoung/Desktop/myprj/airflow/airflow/lib/python3.7/site-packages/airflow/example_dags/example_task_group_decorator.py
[2023-10-17 19:15:34,407] {logging_mixin.py:109} INFO - [2023-10-17 19:15:34,407] {dag.py:2396} INFO - Sync 1 DAGs
[2023-10-17 19:15:34,413] {logging_mixin.py:109} INFO - [2023-10-17 19:15:34,413] {dag.py:2935} INFO - Setting next_dagrun for example_task_group_decorator to 2023-10-16T10:15:34.413260+00:00
[2023-10-17 19:15:34,419] {processor.py:171} INFO - Processing /Users/namyoung/Desktop/myprj/airflow/airflow/lib/python3.7/site-packages/airflow/example_dags/example_task_group_decorator.py took 0.208 seconds
[2023-10-17 22:37:30,091] {processor.py:163} INFO - Started process (PID=33946) to work on /Users/namyoung/Desktop/myprj/airflow/airflow/lib/python3.7/site-packages/airflow/example_dags/example_task_group_decorator.py
[2023-10-17 22:37:30,092] {processor.py:642} INFO - Processing file /Users/namyoung/Desktop/myprj/airflow/airflow/lib/python3.7/site-packages/airflow/example_dags/example_task_group_decorator.py for tasks to queue
[2023-10-17 22:37:30,092] {logging_mixin.py:109} INFO - [2023-10-17 22:37:30,092] {dagbag.py:500} INFO - Filling up the DagBag from /Users/namyoung/Desktop/myprj/airflow/airflow/lib/python3.7/site-packages/airflow/example_dags/example_task_group_decorator.py
[2023-10-17 22:37:30,111] {processor.py:654} INFO - DAG(s) dict_keys(['example_task_group_decorator']) retrieved from /Users/namyoung/Desktop/myprj/airflow/airflow/lib/python3.7/site-packages/airflow/example_dags/example_task_group_decorator.py
[2023-10-17 22:37:30,273] {logging_mixin.py:109} INFO - [2023-10-17 22:37:30,273] {dag.py:2396} INFO - Sync 1 DAGs
[2023-10-17 22:37:30,280] {logging_mixin.py:109} INFO - [2023-10-17 22:37:30,280] {dag.py:2935} INFO - Setting next_dagrun for example_task_group_decorator to 2023-10-16T13:37:30.280497+00:00
[2023-10-17 22:37:30,287] {processor.py:171} INFO - Processing /Users/namyoung/Desktop/myprj/airflow/airflow/lib/python3.7/site-packages/airflow/example_dags/example_task_group_decorator.py took 0.198 seconds
[2023-10-18 02:15:12,597] {processor.py:163} INFO - Started process (PID=34285) to work on /Users/namyoung/Desktop/myprj/airflow/airflow/lib/python3.7/site-packages/airflow/example_dags/example_task_group_decorator.py
[2023-10-18 02:15:12,598] {processor.py:642} INFO - Processing file /Users/namyoung/Desktop/myprj/airflow/airflow/lib/python3.7/site-packages/airflow/example_dags/example_task_group_decorator.py for tasks to queue
[2023-10-18 02:15:12,598] {logging_mixin.py:109} INFO - [2023-10-18 02:15:12,598] {dagbag.py:500} INFO - Filling up the DagBag from /Users/namyoung/Desktop/myprj/airflow/airflow/lib/python3.7/site-packages/airflow/example_dags/example_task_group_decorator.py
[2023-10-18 02:15:12,618] {processor.py:654} INFO - DAG(s) dict_keys(['example_task_group_decorator']) retrieved from /Users/namyoung/Desktop/myprj/airflow/airflow/lib/python3.7/site-packages/airflow/example_dags/example_task_group_decorator.py
[2023-10-18 02:15:12,786] {logging_mixin.py:109} INFO - [2023-10-18 02:15:12,785] {dag.py:2396} INFO - Sync 1 DAGs
[2023-10-18 02:15:12,792] {logging_mixin.py:109} INFO - [2023-10-18 02:15:12,792] {dag.py:2935} INFO - Setting next_dagrun for example_task_group_decorator to 2023-10-16T17:15:12.791939+00:00
[2023-10-18 02:15:12,798] {processor.py:171} INFO - Processing /Users/namyoung/Desktop/myprj/airflow/airflow/lib/python3.7/site-packages/airflow/example_dags/example_task_group_decorator.py took 0.203 seconds
[2023-10-18 04:36:22,953] {processor.py:163} INFO - Started process (PID=34559) to work on /Users/namyoung/Desktop/myprj/airflow/airflow/lib/python3.7/site-packages/airflow/example_dags/example_task_group_decorator.py
[2023-10-18 04:36:22,954] {processor.py:642} INFO - Processing file /Users/namyoung/Desktop/myprj/airflow/airflow/lib/python3.7/site-packages/airflow/example_dags/example_task_group_decorator.py for tasks to queue
[2023-10-18 04:36:22,955] {logging_mixin.py:109} INFO - [2023-10-18 04:36:22,954] {dagbag.py:500} INFO - Filling up the DagBag from /Users/namyoung/Desktop/myprj/airflow/airflow/lib/python3.7/site-packages/airflow/example_dags/example_task_group_decorator.py
[2023-10-18 04:36:22,975] {processor.py:654} INFO - DAG(s) dict_keys(['example_task_group_decorator']) retrieved from /Users/namyoung/Desktop/myprj/airflow/airflow/lib/python3.7/site-packages/airflow/example_dags/example_task_group_decorator.py
[2023-10-18 04:36:23,122] {logging_mixin.py:109} INFO - [2023-10-18 04:36:23,122] {dag.py:2396} INFO - Sync 1 DAGs
[2023-10-18 04:36:23,130] {logging_mixin.py:109} INFO - [2023-10-18 04:36:23,129] {dag.py:2935} INFO - Setting next_dagrun for example_task_group_decorator to 2023-10-16T19:36:23.129723+00:00
[2023-10-18 04:36:23,136] {processor.py:171} INFO - Processing /Users/namyoung/Desktop/myprj/airflow/airflow/lib/python3.7/site-packages/airflow/example_dags/example_task_group_decorator.py took 0.185 seconds
[2023-10-18 07:21:25,500] {processor.py:163} INFO - Started process (PID=34845) to work on /Users/namyoung/Desktop/myprj/airflow/airflow/lib/python3.7/site-packages/airflow/example_dags/example_task_group_decorator.py
[2023-10-18 07:21:25,500] {processor.py:642} INFO - Processing file /Users/namyoung/Desktop/myprj/airflow/airflow/lib/python3.7/site-packages/airflow/example_dags/example_task_group_decorator.py for tasks to queue
[2023-10-18 07:21:25,501] {logging_mixin.py:109} INFO - [2023-10-18 07:21:25,501] {dagbag.py:500} INFO - Filling up the DagBag from /Users/namyoung/Desktop/myprj/airflow/airflow/lib/python3.7/site-packages/airflow/example_dags/example_task_group_decorator.py
[2023-10-18 07:21:25,521] {processor.py:654} INFO - DAG(s) dict_keys(['example_task_group_decorator']) retrieved from /Users/namyoung/Desktop/myprj/airflow/airflow/lib/python3.7/site-packages/airflow/example_dags/example_task_group_decorator.py
[2023-10-18 07:21:25,697] {logging_mixin.py:109} INFO - [2023-10-18 07:21:25,697] {dag.py:2396} INFO - Sync 1 DAGs
[2023-10-18 07:21:25,704] {logging_mixin.py:109} INFO - [2023-10-18 07:21:25,704] {dag.py:2935} INFO - Setting next_dagrun for example_task_group_decorator to 2023-10-16T22:21:25.704114+00:00
[2023-10-18 07:21:25,710] {processor.py:171} INFO - Processing /Users/namyoung/Desktop/myprj/airflow/airflow/lib/python3.7/site-packages/airflow/example_dags/example_task_group_decorator.py took 0.213 seconds
[2023-10-18 08:27:44,176] {processor.py:163} INFO - Started process (PID=34992) to work on /Users/namyoung/Desktop/myprj/airflow/airflow/lib/python3.7/site-packages/airflow/example_dags/example_task_group_decorator.py
[2023-10-18 08:27:44,176] {processor.py:642} INFO - Processing file /Users/namyoung/Desktop/myprj/airflow/airflow/lib/python3.7/site-packages/airflow/example_dags/example_task_group_decorator.py for tasks to queue
[2023-10-18 08:27:44,179] {logging_mixin.py:109} INFO - [2023-10-18 08:27:44,178] {dagbag.py:500} INFO - Filling up the DagBag from /Users/namyoung/Desktop/myprj/airflow/airflow/lib/python3.7/site-packages/airflow/example_dags/example_task_group_decorator.py
[2023-10-18 08:27:44,209] {processor.py:654} INFO - DAG(s) dict_keys(['example_task_group_decorator']) retrieved from /Users/namyoung/Desktop/myprj/airflow/airflow/lib/python3.7/site-packages/airflow/example_dags/example_task_group_decorator.py
[2023-10-18 08:27:44,476] {logging_mixin.py:109} INFO - [2023-10-18 08:27:44,476] {dag.py:2396} INFO - Sync 1 DAGs
[2023-10-18 08:27:44,483] {logging_mixin.py:109} INFO - [2023-10-18 08:27:44,482] {dag.py:2935} INFO - Setting next_dagrun for example_task_group_decorator to 2023-10-16T23:27:44.482806+00:00
[2023-10-18 08:27:44,489] {processor.py:171} INFO - Processing /Users/namyoung/Desktop/myprj/airflow/airflow/lib/python3.7/site-packages/airflow/example_dags/example_task_group_decorator.py took 0.316 seconds
[2023-10-18 08:28:15,821] {processor.py:163} INFO - Started process (PID=35139) to work on /Users/namyoung/Desktop/myprj/airflow/airflow/lib/python3.7/site-packages/airflow/example_dags/example_task_group_decorator.py
[2023-10-18 08:28:15,822] {processor.py:642} INFO - Processing file /Users/namyoung/Desktop/myprj/airflow/airflow/lib/python3.7/site-packages/airflow/example_dags/example_task_group_decorator.py for tasks to queue
[2023-10-18 08:28:15,823] {logging_mixin.py:109} INFO - [2023-10-18 08:28:15,823] {dagbag.py:500} INFO - Filling up the DagBag from /Users/namyoung/Desktop/myprj/airflow/airflow/lib/python3.7/site-packages/airflow/example_dags/example_task_group_decorator.py
[2023-10-18 08:28:15,848] {processor.py:654} INFO - DAG(s) dict_keys(['example_task_group_decorator']) retrieved from /Users/namyoung/Desktop/myprj/airflow/airflow/lib/python3.7/site-packages/airflow/example_dags/example_task_group_decorator.py
[2023-10-18 08:28:16,006] {logging_mixin.py:109} INFO - [2023-10-18 08:28:16,006] {dag.py:2396} INFO - Sync 1 DAGs
[2023-10-18 08:28:16,012] {logging_mixin.py:109} INFO - [2023-10-18 08:28:16,012] {dag.py:2935} INFO - Setting next_dagrun for example_task_group_decorator to 2023-10-16T23:28:16.012225+00:00
[2023-10-18 08:28:16,018] {processor.py:171} INFO - Processing /Users/namyoung/Desktop/myprj/airflow/airflow/lib/python3.7/site-packages/airflow/example_dags/example_task_group_decorator.py took 0.201 seconds
[2023-10-18 08:28:47,256] {processor.py:163} INFO - Started process (PID=35370) to work on /Users/namyoung/Desktop/myprj/airflow/airflow/lib/python3.7/site-packages/airflow/example_dags/example_task_group_decorator.py
[2023-10-18 08:28:47,258] {processor.py:642} INFO - Processing file /Users/namyoung/Desktop/myprj/airflow/airflow/lib/python3.7/site-packages/airflow/example_dags/example_task_group_decorator.py for tasks to queue
[2023-10-18 08:28:47,259] {logging_mixin.py:109} INFO - [2023-10-18 08:28:47,259] {dagbag.py:500} INFO - Filling up the DagBag from /Users/namyoung/Desktop/myprj/airflow/airflow/lib/python3.7/site-packages/airflow/example_dags/example_task_group_decorator.py
[2023-10-18 08:28:47,295] {processor.py:654} INFO - DAG(s) dict_keys(['example_task_group_decorator']) retrieved from /Users/namyoung/Desktop/myprj/airflow/airflow/lib/python3.7/site-packages/airflow/example_dags/example_task_group_decorator.py
[2023-10-18 08:28:47,458] {logging_mixin.py:109} INFO - [2023-10-18 08:28:47,458] {dag.py:2396} INFO - Sync 1 DAGs
[2023-10-18 08:28:47,464] {logging_mixin.py:109} INFO - [2023-10-18 08:28:47,464] {dag.py:2935} INFO - Setting next_dagrun for example_task_group_decorator to 2023-10-16T23:28:47.464638+00:00
[2023-10-18 08:28:47,471] {processor.py:171} INFO - Processing /Users/namyoung/Desktop/myprj/airflow/airflow/lib/python3.7/site-packages/airflow/example_dags/example_task_group_decorator.py took 0.221 seconds
[2023-10-18 08:29:21,698] {processor.py:163} INFO - Started process (PID=35416) to work on /Users/namyoung/Desktop/myprj/airflow/airflow/lib/python3.7/site-packages/airflow/example_dags/example_task_group_decorator.py
[2023-10-18 08:29:21,700] {processor.py:642} INFO - Processing file /Users/namyoung/Desktop/myprj/airflow/airflow/lib/python3.7/site-packages/airflow/example_dags/example_task_group_decorator.py for tasks to queue
[2023-10-18 08:29:21,701] {logging_mixin.py:109} INFO - [2023-10-18 08:29:21,701] {dagbag.py:500} INFO - Filling up the DagBag from /Users/namyoung/Desktop/myprj/airflow/airflow/lib/python3.7/site-packages/airflow/example_dags/example_task_group_decorator.py
[2023-10-18 08:29:21,733] {processor.py:654} INFO - DAG(s) dict_keys(['example_task_group_decorator']) retrieved from /Users/namyoung/Desktop/myprj/airflow/airflow/lib/python3.7/site-packages/airflow/example_dags/example_task_group_decorator.py
[2023-10-18 08:29:21,891] {logging_mixin.py:109} INFO - [2023-10-18 08:29:21,891] {dag.py:2396} INFO - Sync 1 DAGs
[2023-10-18 08:29:21,898] {logging_mixin.py:109} INFO - [2023-10-18 08:29:21,897] {dag.py:2935} INFO - Setting next_dagrun for example_task_group_decorator to 2023-10-16T23:29:21.897689+00:00
[2023-10-18 08:29:21,904] {processor.py:171} INFO - Processing /Users/namyoung/Desktop/myprj/airflow/airflow/lib/python3.7/site-packages/airflow/example_dags/example_task_group_decorator.py took 0.209 seconds
[2023-10-18 08:29:54,818] {processor.py:163} INFO - Started process (PID=35479) to work on /Users/namyoung/Desktop/myprj/airflow/airflow/lib/python3.7/site-packages/airflow/example_dags/example_task_group_decorator.py
[2023-10-18 08:29:54,819] {processor.py:642} INFO - Processing file /Users/namyoung/Desktop/myprj/airflow/airflow/lib/python3.7/site-packages/airflow/example_dags/example_task_group_decorator.py for tasks to queue
[2023-10-18 08:29:54,820] {logging_mixin.py:109} INFO - [2023-10-18 08:29:54,820] {dagbag.py:500} INFO - Filling up the DagBag from /Users/namyoung/Desktop/myprj/airflow/airflow/lib/python3.7/site-packages/airflow/example_dags/example_task_group_decorator.py
[2023-10-18 08:29:54,844] {processor.py:654} INFO - DAG(s) dict_keys(['example_task_group_decorator']) retrieved from /Users/namyoung/Desktop/myprj/airflow/airflow/lib/python3.7/site-packages/airflow/example_dags/example_task_group_decorator.py
[2023-10-18 08:29:55,018] {logging_mixin.py:109} INFO - [2023-10-18 08:29:55,017] {dag.py:2396} INFO - Sync 1 DAGs
[2023-10-18 08:29:55,025] {logging_mixin.py:109} INFO - [2023-10-18 08:29:55,025] {dag.py:2935} INFO - Setting next_dagrun for example_task_group_decorator to 2023-10-16T23:29:55.025060+00:00
[2023-10-18 08:29:55,032] {processor.py:171} INFO - Processing /Users/namyoung/Desktop/myprj/airflow/airflow/lib/python3.7/site-packages/airflow/example_dags/example_task_group_decorator.py took 0.216 seconds
