[2023-10-17 10:38:41,916] {processor.py:163} INFO - Started process (PID=32689) to work on /Users/namyoung/Desktop/myprj/airflow/airflow/lib/python3.7/site-packages/airflow/example_dags/example_branch_day_of_week_operator.py
[2023-10-17 10:38:41,917] {processor.py:642} INFO - Processing file /Users/namyoung/Desktop/myprj/airflow/airflow/lib/python3.7/site-packages/airflow/example_dags/example_branch_day_of_week_operator.py for tasks to queue
[2023-10-17 10:38:41,917] {logging_mixin.py:109} INFO - [2023-10-17 10:38:41,917] {dagbag.py:500} INFO - Filling up the DagBag from /Users/namyoung/Desktop/myprj/airflow/airflow/lib/python3.7/site-packages/airflow/example_dags/example_branch_day_of_week_operator.py
[2023-10-17 10:38:41,934] {processor.py:654} INFO - DAG(s) dict_keys(['example_weekday_branch_operator']) retrieved from /Users/namyoung/Desktop/myprj/airflow/airflow/lib/python3.7/site-packages/airflow/example_dags/example_branch_day_of_week_operator.py
[2023-10-17 10:38:41,942] {logging_mixin.py:109} INFO - [2023-10-17 10:38:41,942] {dag.py:2396} INFO - Sync 1 DAGs
[2023-10-17 10:38:41,955] {logging_mixin.py:109} INFO - [2023-10-17 10:38:41,954] {dag.py:2935} INFO - Setting next_dagrun for example_weekday_branch_operator to 2023-10-16 00:00:00+00:00
[2023-10-17 10:38:41,965] {processor.py:171} INFO - Processing /Users/namyoung/Desktop/myprj/airflow/airflow/lib/python3.7/site-packages/airflow/example_dags/example_branch_day_of_week_operator.py took 0.052 seconds
[2023-10-17 15:47:08,674] {processor.py:163} INFO - Started process (PID=33275) to work on /Users/namyoung/Desktop/myprj/airflow/airflow/lib/python3.7/site-packages/airflow/example_dags/example_branch_day_of_week_operator.py
[2023-10-17 15:47:08,675] {processor.py:642} INFO - Processing file /Users/namyoung/Desktop/myprj/airflow/airflow/lib/python3.7/site-packages/airflow/example_dags/example_branch_day_of_week_operator.py for tasks to queue
[2023-10-17 15:47:08,676] {logging_mixin.py:109} INFO - [2023-10-17 15:47:08,676] {dagbag.py:500} INFO - Filling up the DagBag from /Users/namyoung/Desktop/myprj/airflow/airflow/lib/python3.7/site-packages/airflow/example_dags/example_branch_day_of_week_operator.py
[2023-10-17 15:47:08,690] {processor.py:654} INFO - DAG(s) dict_keys(['example_weekday_branch_operator']) retrieved from /Users/namyoung/Desktop/myprj/airflow/airflow/lib/python3.7/site-packages/airflow/example_dags/example_branch_day_of_week_operator.py
[2023-10-17 15:47:08,697] {logging_mixin.py:109} INFO - [2023-10-17 15:47:08,696] {dag.py:2396} INFO - Sync 1 DAGs
[2023-10-17 15:47:08,706] {logging_mixin.py:109} INFO - [2023-10-17 15:47:08,706] {dag.py:2935} INFO - Setting next_dagrun for example_weekday_branch_operator to 2023-10-16 00:00:00+00:00
[2023-10-17 15:47:08,712] {processor.py:171} INFO - Processing /Users/namyoung/Desktop/myprj/airflow/airflow/lib/python3.7/site-packages/airflow/example_dags/example_branch_day_of_week_operator.py took 0.039 seconds
[2023-10-17 19:06:40,871] {processor.py:163} INFO - Started process (PID=33597) to work on /Users/namyoung/Desktop/myprj/airflow/airflow/lib/python3.7/site-packages/airflow/example_dags/example_branch_day_of_week_operator.py
[2023-10-17 19:06:40,871] {processor.py:642} INFO - Processing file /Users/namyoung/Desktop/myprj/airflow/airflow/lib/python3.7/site-packages/airflow/example_dags/example_branch_day_of_week_operator.py for tasks to queue
[2023-10-17 19:06:40,872] {logging_mixin.py:109} INFO - [2023-10-17 19:06:40,872] {dagbag.py:500} INFO - Filling up the DagBag from /Users/namyoung/Desktop/myprj/airflow/airflow/lib/python3.7/site-packages/airflow/example_dags/example_branch_day_of_week_operator.py
[2023-10-17 19:06:40,884] {processor.py:654} INFO - DAG(s) dict_keys(['example_weekday_branch_operator']) retrieved from /Users/namyoung/Desktop/myprj/airflow/airflow/lib/python3.7/site-packages/airflow/example_dags/example_branch_day_of_week_operator.py
[2023-10-17 19:06:40,890] {logging_mixin.py:109} INFO - [2023-10-17 19:06:40,889] {dag.py:2396} INFO - Sync 1 DAGs
[2023-10-17 19:06:40,897] {logging_mixin.py:109} INFO - [2023-10-17 19:06:40,897] {dag.py:2935} INFO - Setting next_dagrun for example_weekday_branch_operator to 2023-10-16 00:00:00+00:00
[2023-10-17 19:06:40,902] {processor.py:171} INFO - Processing /Users/namyoung/Desktop/myprj/airflow/airflow/lib/python3.7/site-packages/airflow/example_dags/example_branch_day_of_week_operator.py took 0.033 seconds
[2023-10-17 21:12:52,119] {processor.py:163} INFO - Started process (PID=33751) to work on /Users/namyoung/Desktop/myprj/airflow/airflow/lib/python3.7/site-packages/airflow/example_dags/example_branch_day_of_week_operator.py
[2023-10-17 21:12:52,119] {processor.py:642} INFO - Processing file /Users/namyoung/Desktop/myprj/airflow/airflow/lib/python3.7/site-packages/airflow/example_dags/example_branch_day_of_week_operator.py for tasks to queue
[2023-10-17 21:12:52,120] {logging_mixin.py:109} INFO - [2023-10-17 21:12:52,120] {dagbag.py:500} INFO - Filling up the DagBag from /Users/namyoung/Desktop/myprj/airflow/airflow/lib/python3.7/site-packages/airflow/example_dags/example_branch_day_of_week_operator.py
[2023-10-17 21:12:52,133] {processor.py:654} INFO - DAG(s) dict_keys(['example_weekday_branch_operator']) retrieved from /Users/namyoung/Desktop/myprj/airflow/airflow/lib/python3.7/site-packages/airflow/example_dags/example_branch_day_of_week_operator.py
[2023-10-17 21:12:52,138] {logging_mixin.py:109} INFO - [2023-10-17 21:12:52,138] {dag.py:2396} INFO - Sync 1 DAGs
[2023-10-17 21:12:52,146] {logging_mixin.py:109} INFO - [2023-10-17 21:12:52,146] {dag.py:2935} INFO - Setting next_dagrun for example_weekday_branch_operator to 2023-10-16 00:00:00+00:00
[2023-10-17 21:12:52,150] {processor.py:171} INFO - Processing /Users/namyoung/Desktop/myprj/airflow/airflow/lib/python3.7/site-packages/airflow/example_dags/example_branch_day_of_week_operator.py took 0.034 seconds
[2023-10-18 00:36:14,233] {processor.py:163} INFO - Started process (PID=34060) to work on /Users/namyoung/Desktop/myprj/airflow/airflow/lib/python3.7/site-packages/airflow/example_dags/example_branch_day_of_week_operator.py
[2023-10-18 00:36:14,234] {processor.py:642} INFO - Processing file /Users/namyoung/Desktop/myprj/airflow/airflow/lib/python3.7/site-packages/airflow/example_dags/example_branch_day_of_week_operator.py for tasks to queue
[2023-10-18 00:36:14,235] {logging_mixin.py:109} INFO - [2023-10-18 00:36:14,234] {dagbag.py:500} INFO - Filling up the DagBag from /Users/namyoung/Desktop/myprj/airflow/airflow/lib/python3.7/site-packages/airflow/example_dags/example_branch_day_of_week_operator.py
[2023-10-18 00:36:14,249] {processor.py:654} INFO - DAG(s) dict_keys(['example_weekday_branch_operator']) retrieved from /Users/namyoung/Desktop/myprj/airflow/airflow/lib/python3.7/site-packages/airflow/example_dags/example_branch_day_of_week_operator.py
[2023-10-18 00:36:14,255] {logging_mixin.py:109} INFO - [2023-10-18 00:36:14,255] {dag.py:2396} INFO - Sync 1 DAGs
[2023-10-18 00:36:14,265] {logging_mixin.py:109} INFO - [2023-10-18 00:36:14,264] {dag.py:2935} INFO - Setting next_dagrun for example_weekday_branch_operator to 2023-10-16 00:00:00+00:00
[2023-10-18 00:36:14,270] {processor.py:171} INFO - Processing /Users/namyoung/Desktop/myprj/airflow/airflow/lib/python3.7/site-packages/airflow/example_dags/example_branch_day_of_week_operator.py took 0.040 seconds
[2023-10-18 03:28:27,942] {processor.py:163} INFO - Started process (PID=34377) to work on /Users/namyoung/Desktop/myprj/airflow/airflow/lib/python3.7/site-packages/airflow/example_dags/example_branch_day_of_week_operator.py
[2023-10-18 03:28:27,944] {processor.py:642} INFO - Processing file /Users/namyoung/Desktop/myprj/airflow/airflow/lib/python3.7/site-packages/airflow/example_dags/example_branch_day_of_week_operator.py for tasks to queue
[2023-10-18 03:28:27,945] {logging_mixin.py:109} INFO - [2023-10-18 03:28:27,945] {dagbag.py:500} INFO - Filling up the DagBag from /Users/namyoung/Desktop/myprj/airflow/airflow/lib/python3.7/site-packages/airflow/example_dags/example_branch_day_of_week_operator.py
[2023-10-18 03:28:27,970] {processor.py:654} INFO - DAG(s) dict_keys(['example_weekday_branch_operator']) retrieved from /Users/namyoung/Desktop/myprj/airflow/airflow/lib/python3.7/site-packages/airflow/example_dags/example_branch_day_of_week_operator.py
[2023-10-18 03:28:27,979] {logging_mixin.py:109} INFO - [2023-10-18 03:28:27,979] {dag.py:2396} INFO - Sync 1 DAGs
[2023-10-18 03:28:27,988] {logging_mixin.py:109} INFO - [2023-10-18 03:28:27,988] {dag.py:2935} INFO - Setting next_dagrun for example_weekday_branch_operator to 2023-10-16 00:00:00+00:00
[2023-10-18 03:28:27,994] {processor.py:171} INFO - Processing /Users/namyoung/Desktop/myprj/airflow/airflow/lib/python3.7/site-packages/airflow/example_dags/example_branch_day_of_week_operator.py took 0.057 seconds
[2023-10-18 08:27:28,855] {processor.py:163} INFO - Started process (PID=34948) to work on /Users/namyoung/Desktop/myprj/airflow/airflow/lib/python3.7/site-packages/airflow/example_dags/example_branch_day_of_week_operator.py
[2023-10-18 08:27:28,855] {processor.py:642} INFO - Processing file /Users/namyoung/Desktop/myprj/airflow/airflow/lib/python3.7/site-packages/airflow/example_dags/example_branch_day_of_week_operator.py for tasks to queue
[2023-10-18 08:27:28,857] {logging_mixin.py:109} INFO - [2023-10-18 08:27:28,856] {dagbag.py:500} INFO - Filling up the DagBag from /Users/namyoung/Desktop/myprj/airflow/airflow/lib/python3.7/site-packages/airflow/example_dags/example_branch_day_of_week_operator.py
[2023-10-18 08:27:28,872] {processor.py:654} INFO - DAG(s) dict_keys(['example_weekday_branch_operator']) retrieved from /Users/namyoung/Desktop/myprj/airflow/airflow/lib/python3.7/site-packages/airflow/example_dags/example_branch_day_of_week_operator.py
[2023-10-18 08:27:28,880] {logging_mixin.py:109} INFO - [2023-10-18 08:27:28,880] {dag.py:2396} INFO - Sync 1 DAGs
[2023-10-18 08:27:28,888] {logging_mixin.py:109} INFO - [2023-10-18 08:27:28,888] {dag.py:2935} INFO - Setting next_dagrun for example_weekday_branch_operator to 2023-10-16 00:00:00+00:00
[2023-10-18 08:27:28,895] {processor.py:171} INFO - Processing /Users/namyoung/Desktop/myprj/airflow/airflow/lib/python3.7/site-packages/airflow/example_dags/example_branch_day_of_week_operator.py took 0.042 seconds
[2023-10-18 08:28:01,283] {processor.py:163} INFO - Started process (PID=35101) to work on /Users/namyoung/Desktop/myprj/airflow/airflow/lib/python3.7/site-packages/airflow/example_dags/example_branch_day_of_week_operator.py
[2023-10-18 08:28:01,285] {processor.py:642} INFO - Processing file /Users/namyoung/Desktop/myprj/airflow/airflow/lib/python3.7/site-packages/airflow/example_dags/example_branch_day_of_week_operator.py for tasks to queue
[2023-10-18 08:28:01,286] {logging_mixin.py:109} INFO - [2023-10-18 08:28:01,285] {dagbag.py:500} INFO - Filling up the DagBag from /Users/namyoung/Desktop/myprj/airflow/airflow/lib/python3.7/site-packages/airflow/example_dags/example_branch_day_of_week_operator.py
[2023-10-18 08:28:01,306] {processor.py:654} INFO - DAG(s) dict_keys(['example_weekday_branch_operator']) retrieved from /Users/namyoung/Desktop/myprj/airflow/airflow/lib/python3.7/site-packages/airflow/example_dags/example_branch_day_of_week_operator.py
[2023-10-18 08:28:01,314] {logging_mixin.py:109} INFO - [2023-10-18 08:28:01,314] {dag.py:2396} INFO - Sync 1 DAGs
[2023-10-18 08:28:01,323] {logging_mixin.py:109} INFO - [2023-10-18 08:28:01,323] {dag.py:2935} INFO - Setting next_dagrun for example_weekday_branch_operator to 2023-10-16 00:00:00+00:00
[2023-10-18 08:28:01,329] {processor.py:171} INFO - Processing /Users/namyoung/Desktop/myprj/airflow/airflow/lib/python3.7/site-packages/airflow/example_dags/example_branch_day_of_week_operator.py took 0.050 seconds
[2023-10-18 08:28:32,683] {processor.py:163} INFO - Started process (PID=35309) to work on /Users/namyoung/Desktop/myprj/airflow/airflow/lib/python3.7/site-packages/airflow/example_dags/example_branch_day_of_week_operator.py
[2023-10-18 08:28:32,684] {processor.py:642} INFO - Processing file /Users/namyoung/Desktop/myprj/airflow/airflow/lib/python3.7/site-packages/airflow/example_dags/example_branch_day_of_week_operator.py for tasks to queue
[2023-10-18 08:28:32,685] {logging_mixin.py:109} INFO - [2023-10-18 08:28:32,684] {dagbag.py:500} INFO - Filling up the DagBag from /Users/namyoung/Desktop/myprj/airflow/airflow/lib/python3.7/site-packages/airflow/example_dags/example_branch_day_of_week_operator.py
[2023-10-18 08:28:32,697] {processor.py:654} INFO - DAG(s) dict_keys(['example_weekday_branch_operator']) retrieved from /Users/namyoung/Desktop/myprj/airflow/airflow/lib/python3.7/site-packages/airflow/example_dags/example_branch_day_of_week_operator.py
[2023-10-18 08:28:32,702] {logging_mixin.py:109} INFO - [2023-10-18 08:28:32,702] {dag.py:2396} INFO - Sync 1 DAGs
[2023-10-18 08:28:32,710] {logging_mixin.py:109} INFO - [2023-10-18 08:28:32,710] {dag.py:2935} INFO - Setting next_dagrun for example_weekday_branch_operator to 2023-10-16 00:00:00+00:00
[2023-10-18 08:28:32,714] {processor.py:171} INFO - Processing /Users/namyoung/Desktop/myprj/airflow/airflow/lib/python3.7/site-packages/airflow/example_dags/example_branch_day_of_week_operator.py took 0.033 seconds
[2023-10-18 08:29:06,426] {processor.py:163} INFO - Started process (PID=35392) to work on /Users/namyoung/Desktop/myprj/airflow/airflow/lib/python3.7/site-packages/airflow/example_dags/example_branch_day_of_week_operator.py
[2023-10-18 08:29:06,427] {processor.py:642} INFO - Processing file /Users/namyoung/Desktop/myprj/airflow/airflow/lib/python3.7/site-packages/airflow/example_dags/example_branch_day_of_week_operator.py for tasks to queue
[2023-10-18 08:29:06,427] {logging_mixin.py:109} INFO - [2023-10-18 08:29:06,427] {dagbag.py:500} INFO - Filling up the DagBag from /Users/namyoung/Desktop/myprj/airflow/airflow/lib/python3.7/site-packages/airflow/example_dags/example_branch_day_of_week_operator.py
[2023-10-18 08:29:06,443] {processor.py:654} INFO - DAG(s) dict_keys(['example_weekday_branch_operator']) retrieved from /Users/namyoung/Desktop/myprj/airflow/airflow/lib/python3.7/site-packages/airflow/example_dags/example_branch_day_of_week_operator.py
[2023-10-18 08:29:06,451] {logging_mixin.py:109} INFO - [2023-10-18 08:29:06,451] {dag.py:2396} INFO - Sync 1 DAGs
[2023-10-18 08:29:06,462] {logging_mixin.py:109} INFO - [2023-10-18 08:29:06,462] {dag.py:2935} INFO - Setting next_dagrun for example_weekday_branch_operator to 2023-10-16 00:00:00+00:00
[2023-10-18 08:29:06,468] {processor.py:171} INFO - Processing /Users/namyoung/Desktop/myprj/airflow/airflow/lib/python3.7/site-packages/airflow/example_dags/example_branch_day_of_week_operator.py took 0.046 seconds
[2023-10-18 08:29:41,999] {processor.py:163} INFO - Started process (PID=35445) to work on /Users/namyoung/Desktop/myprj/airflow/airflow/lib/python3.7/site-packages/airflow/example_dags/example_branch_day_of_week_operator.py
[2023-10-18 08:29:42,001] {processor.py:642} INFO - Processing file /Users/namyoung/Desktop/myprj/airflow/airflow/lib/python3.7/site-packages/airflow/example_dags/example_branch_day_of_week_operator.py for tasks to queue
[2023-10-18 08:29:42,002] {logging_mixin.py:109} INFO - [2023-10-18 08:29:42,002] {dagbag.py:500} INFO - Filling up the DagBag from /Users/namyoung/Desktop/myprj/airflow/airflow/lib/python3.7/site-packages/airflow/example_dags/example_branch_day_of_week_operator.py
[2023-10-18 08:29:42,025] {processor.py:654} INFO - DAG(s) dict_keys(['example_weekday_branch_operator']) retrieved from /Users/namyoung/Desktop/myprj/airflow/airflow/lib/python3.7/site-packages/airflow/example_dags/example_branch_day_of_week_operator.py
[2023-10-18 08:29:42,033] {logging_mixin.py:109} INFO - [2023-10-18 08:29:42,032] {dag.py:2396} INFO - Sync 1 DAGs
[2023-10-18 08:29:42,042] {logging_mixin.py:109} INFO - [2023-10-18 08:29:42,042] {dag.py:2935} INFO - Setting next_dagrun for example_weekday_branch_operator to 2023-10-16 00:00:00+00:00
[2023-10-18 08:29:42,048] {processor.py:171} INFO - Processing /Users/namyoung/Desktop/myprj/airflow/airflow/lib/python3.7/site-packages/airflow/example_dags/example_branch_day_of_week_operator.py took 0.054 seconds
