[2023-10-17 09:49:47,728] {processor.py:163} INFO - Started process (PID=32639) to work on /Users/namyoung/Desktop/myprj/airflow/airflow/lib/python3.7/site-packages/airflow/example_dags/example_latest_only.py
[2023-10-17 09:49:47,729] {processor.py:642} INFO - Processing file /Users/namyoung/Desktop/myprj/airflow/airflow/lib/python3.7/site-packages/airflow/example_dags/example_latest_only.py for tasks to queue
[2023-10-17 09:49:47,730] {logging_mixin.py:109} INFO - [2023-10-17 09:49:47,730] {dagbag.py:500} INFO - Filling up the DagBag from /Users/namyoung/Desktop/myprj/airflow/airflow/lib/python3.7/site-packages/airflow/example_dags/example_latest_only.py
[2023-10-17 09:49:47,742] {processor.py:654} INFO - DAG(s) dict_keys(['latest_only']) retrieved from /Users/namyoung/Desktop/myprj/airflow/airflow/lib/python3.7/site-packages/airflow/example_dags/example_latest_only.py
[2023-10-17 09:49:47,749] {logging_mixin.py:109} INFO - [2023-10-17 09:49:47,748] {dag.py:2396} INFO - Sync 1 DAGs
[2023-10-17 09:49:47,757] {logging_mixin.py:109} INFO - [2023-10-17 09:49:47,756] {dag.py:2935} INFO - Setting next_dagrun for latest_only to 2023-10-16T20:49:47.756631+00:00
[2023-10-17 09:49:47,771] {processor.py:171} INFO - Processing /Users/namyoung/Desktop/myprj/airflow/airflow/lib/python3.7/site-packages/airflow/example_dags/example_latest_only.py took 0.046 seconds
[2023-10-17 11:34:35,474] {processor.py:163} INFO - Started process (PID=32784) to work on /Users/namyoung/Desktop/myprj/airflow/airflow/lib/python3.7/site-packages/airflow/example_dags/example_latest_only.py
[2023-10-17 11:34:35,474] {processor.py:642} INFO - Processing file /Users/namyoung/Desktop/myprj/airflow/airflow/lib/python3.7/site-packages/airflow/example_dags/example_latest_only.py for tasks to queue
[2023-10-17 11:34:35,475] {logging_mixin.py:109} INFO - [2023-10-17 11:34:35,475] {dagbag.py:500} INFO - Filling up the DagBag from /Users/namyoung/Desktop/myprj/airflow/airflow/lib/python3.7/site-packages/airflow/example_dags/example_latest_only.py
[2023-10-17 11:34:35,486] {processor.py:654} INFO - DAG(s) dict_keys(['latest_only']) retrieved from /Users/namyoung/Desktop/myprj/airflow/airflow/lib/python3.7/site-packages/airflow/example_dags/example_latest_only.py
[2023-10-17 11:34:35,491] {logging_mixin.py:109} INFO - [2023-10-17 11:34:35,490] {dag.py:2396} INFO - Sync 1 DAGs
[2023-10-17 11:34:35,497] {logging_mixin.py:109} INFO - [2023-10-17 11:34:35,497] {dag.py:2935} INFO - Setting next_dagrun for latest_only to 2023-10-16T22:34:35.497398+00:00
[2023-10-17 11:34:35,503] {processor.py:171} INFO - Processing /Users/namyoung/Desktop/myprj/airflow/airflow/lib/python3.7/site-packages/airflow/example_dags/example_latest_only.py took 0.031 seconds
[2023-10-17 14:53:53,256] {processor.py:163} INFO - Started process (PID=33101) to work on /Users/namyoung/Desktop/myprj/airflow/airflow/lib/python3.7/site-packages/airflow/example_dags/example_latest_only.py
[2023-10-17 14:53:53,259] {processor.py:642} INFO - Processing file /Users/namyoung/Desktop/myprj/airflow/airflow/lib/python3.7/site-packages/airflow/example_dags/example_latest_only.py for tasks to queue
[2023-10-17 14:53:53,261] {logging_mixin.py:109} INFO - [2023-10-17 14:53:53,260] {dagbag.py:500} INFO - Filling up the DagBag from /Users/namyoung/Desktop/myprj/airflow/airflow/lib/python3.7/site-packages/airflow/example_dags/example_latest_only.py
[2023-10-17 14:53:53,283] {processor.py:654} INFO - DAG(s) dict_keys(['latest_only']) retrieved from /Users/namyoung/Desktop/myprj/airflow/airflow/lib/python3.7/site-packages/airflow/example_dags/example_latest_only.py
[2023-10-17 14:53:53,291] {logging_mixin.py:109} INFO - [2023-10-17 14:53:53,291] {dag.py:2396} INFO - Sync 1 DAGs
[2023-10-17 14:53:53,302] {logging_mixin.py:109} INFO - [2023-10-17 14:53:53,302] {dag.py:2935} INFO - Setting next_dagrun for latest_only to 2023-10-17T01:53:53.301814+00:00
[2023-10-17 14:53:53,309] {processor.py:171} INFO - Processing /Users/namyoung/Desktop/myprj/airflow/airflow/lib/python3.7/site-packages/airflow/example_dags/example_latest_only.py took 0.060 seconds
[2023-10-17 18:16:45,092] {processor.py:163} INFO - Started process (PID=33460) to work on /Users/namyoung/Desktop/myprj/airflow/airflow/lib/python3.7/site-packages/airflow/example_dags/example_latest_only.py
[2023-10-17 18:16:45,093] {processor.py:642} INFO - Processing file /Users/namyoung/Desktop/myprj/airflow/airflow/lib/python3.7/site-packages/airflow/example_dags/example_latest_only.py for tasks to queue
[2023-10-17 18:16:45,094] {logging_mixin.py:109} INFO - [2023-10-17 18:16:45,094] {dagbag.py:500} INFO - Filling up the DagBag from /Users/namyoung/Desktop/myprj/airflow/airflow/lib/python3.7/site-packages/airflow/example_dags/example_latest_only.py
[2023-10-17 18:16:45,108] {processor.py:654} INFO - DAG(s) dict_keys(['latest_only']) retrieved from /Users/namyoung/Desktop/myprj/airflow/airflow/lib/python3.7/site-packages/airflow/example_dags/example_latest_only.py
[2023-10-17 18:16:45,120] {logging_mixin.py:109} INFO - [2023-10-17 18:16:45,120] {dag.py:2396} INFO - Sync 1 DAGs
[2023-10-17 18:16:45,128] {logging_mixin.py:109} INFO - [2023-10-17 18:16:45,128] {dag.py:2935} INFO - Setting next_dagrun for latest_only to 2023-10-17T05:16:45.128449+00:00
[2023-10-17 18:16:45,134] {processor.py:171} INFO - Processing /Users/namyoung/Desktop/myprj/airflow/airflow/lib/python3.7/site-packages/airflow/example_dags/example_latest_only.py took 0.044 seconds
[2023-10-17 20:19:36,721] {processor.py:163} INFO - Started process (PID=33698) to work on /Users/namyoung/Desktop/myprj/airflow/airflow/lib/python3.7/site-packages/airflow/example_dags/example_latest_only.py
[2023-10-17 20:19:36,722] {processor.py:642} INFO - Processing file /Users/namyoung/Desktop/myprj/airflow/airflow/lib/python3.7/site-packages/airflow/example_dags/example_latest_only.py for tasks to queue
[2023-10-17 20:19:36,722] {logging_mixin.py:109} INFO - [2023-10-17 20:19:36,722] {dagbag.py:500} INFO - Filling up the DagBag from /Users/namyoung/Desktop/myprj/airflow/airflow/lib/python3.7/site-packages/airflow/example_dags/example_latest_only.py
[2023-10-17 20:19:36,733] {processor.py:654} INFO - DAG(s) dict_keys(['latest_only']) retrieved from /Users/namyoung/Desktop/myprj/airflow/airflow/lib/python3.7/site-packages/airflow/example_dags/example_latest_only.py
[2023-10-17 20:19:36,738] {logging_mixin.py:109} INFO - [2023-10-17 20:19:36,738] {dag.py:2396} INFO - Sync 1 DAGs
[2023-10-17 20:19:36,745] {logging_mixin.py:109} INFO - [2023-10-17 20:19:36,745] {dag.py:2935} INFO - Setting next_dagrun for latest_only to 2023-10-17T07:19:36.745617+00:00
[2023-10-17 20:19:36,752] {processor.py:171} INFO - Processing /Users/namyoung/Desktop/myprj/airflow/airflow/lib/python3.7/site-packages/airflow/example_dags/example_latest_only.py took 0.033 seconds
[2023-10-17 23:26:52,645] {processor.py:163} INFO - Started process (PID=34006) to work on /Users/namyoung/Desktop/myprj/airflow/airflow/lib/python3.7/site-packages/airflow/example_dags/example_latest_only.py
[2023-10-17 23:26:52,646] {processor.py:642} INFO - Processing file /Users/namyoung/Desktop/myprj/airflow/airflow/lib/python3.7/site-packages/airflow/example_dags/example_latest_only.py for tasks to queue
[2023-10-17 23:26:52,647] {logging_mixin.py:109} INFO - [2023-10-17 23:26:52,647] {dagbag.py:500} INFO - Filling up the DagBag from /Users/namyoung/Desktop/myprj/airflow/airflow/lib/python3.7/site-packages/airflow/example_dags/example_latest_only.py
[2023-10-17 23:26:52,659] {processor.py:654} INFO - DAG(s) dict_keys(['latest_only']) retrieved from /Users/namyoung/Desktop/myprj/airflow/airflow/lib/python3.7/site-packages/airflow/example_dags/example_latest_only.py
[2023-10-17 23:26:52,664] {logging_mixin.py:109} INFO - [2023-10-17 23:26:52,664] {dag.py:2396} INFO - Sync 1 DAGs
[2023-10-17 23:26:52,671] {logging_mixin.py:109} INFO - [2023-10-17 23:26:52,670] {dag.py:2935} INFO - Setting next_dagrun for latest_only to 2023-10-17T10:26:52.670792+00:00
[2023-10-17 23:26:52,676] {processor.py:171} INFO - Processing /Users/namyoung/Desktop/myprj/airflow/airflow/lib/python3.7/site-packages/airflow/example_dags/example_latest_only.py took 0.033 seconds
[2023-10-18 03:22:21,740] {processor.py:163} INFO - Started process (PID=34349) to work on /Users/namyoung/Desktop/myprj/airflow/airflow/lib/python3.7/site-packages/airflow/example_dags/example_latest_only.py
[2023-10-18 03:22:21,741] {processor.py:642} INFO - Processing file /Users/namyoung/Desktop/myprj/airflow/airflow/lib/python3.7/site-packages/airflow/example_dags/example_latest_only.py for tasks to queue
[2023-10-18 03:22:21,742] {logging_mixin.py:109} INFO - [2023-10-18 03:22:21,742] {dagbag.py:500} INFO - Filling up the DagBag from /Users/namyoung/Desktop/myprj/airflow/airflow/lib/python3.7/site-packages/airflow/example_dags/example_latest_only.py
[2023-10-18 03:22:21,762] {processor.py:654} INFO - DAG(s) dict_keys(['latest_only']) retrieved from /Users/namyoung/Desktop/myprj/airflow/airflow/lib/python3.7/site-packages/airflow/example_dags/example_latest_only.py
[2023-10-18 03:22:21,768] {logging_mixin.py:109} INFO - [2023-10-18 03:22:21,768] {dag.py:2396} INFO - Sync 1 DAGs
[2023-10-18 03:22:21,775] {logging_mixin.py:109} INFO - [2023-10-18 03:22:21,775] {dag.py:2935} INFO - Setting next_dagrun for latest_only to 2023-10-17T14:22:21.775202+00:00
[2023-10-18 03:22:21,782] {processor.py:171} INFO - Processing /Users/namyoung/Desktop/myprj/airflow/airflow/lib/python3.7/site-packages/airflow/example_dags/example_latest_only.py took 0.047 seconds
[2023-10-18 05:43:52,565] {processor.py:163} INFO - Started process (PID=34626) to work on /Users/namyoung/Desktop/myprj/airflow/airflow/lib/python3.7/site-packages/airflow/example_dags/example_latest_only.py
[2023-10-18 05:43:52,566] {processor.py:642} INFO - Processing file /Users/namyoung/Desktop/myprj/airflow/airflow/lib/python3.7/site-packages/airflow/example_dags/example_latest_only.py for tasks to queue
[2023-10-18 05:43:52,567] {logging_mixin.py:109} INFO - [2023-10-18 05:43:52,567] {dagbag.py:500} INFO - Filling up the DagBag from /Users/namyoung/Desktop/myprj/airflow/airflow/lib/python3.7/site-packages/airflow/example_dags/example_latest_only.py
[2023-10-18 05:43:52,578] {processor.py:654} INFO - DAG(s) dict_keys(['latest_only']) retrieved from /Users/namyoung/Desktop/myprj/airflow/airflow/lib/python3.7/site-packages/airflow/example_dags/example_latest_only.py
[2023-10-18 05:43:52,583] {logging_mixin.py:109} INFO - [2023-10-18 05:43:52,583] {dag.py:2396} INFO - Sync 1 DAGs
[2023-10-18 05:43:52,590] {logging_mixin.py:109} INFO - [2023-10-18 05:43:52,590] {dag.py:2935} INFO - Setting next_dagrun for latest_only to 2023-10-17T16:43:52.590412+00:00
[2023-10-18 05:43:52,596] {processor.py:171} INFO - Processing /Users/namyoung/Desktop/myprj/airflow/airflow/lib/python3.7/site-packages/airflow/example_dags/example_latest_only.py took 0.033 seconds
[2023-10-18 08:26:35,725] {processor.py:163} INFO - Started process (PID=34901) to work on /Users/namyoung/Desktop/myprj/airflow/airflow/lib/python3.7/site-packages/airflow/example_dags/example_latest_only.py
[2023-10-18 08:26:35,726] {processor.py:642} INFO - Processing file /Users/namyoung/Desktop/myprj/airflow/airflow/lib/python3.7/site-packages/airflow/example_dags/example_latest_only.py for tasks to queue
[2023-10-18 08:26:35,727] {logging_mixin.py:109} INFO - [2023-10-18 08:26:35,727] {dagbag.py:500} INFO - Filling up the DagBag from /Users/namyoung/Desktop/myprj/airflow/airflow/lib/python3.7/site-packages/airflow/example_dags/example_latest_only.py
[2023-10-18 08:26:35,752] {processor.py:654} INFO - DAG(s) dict_keys(['latest_only']) retrieved from /Users/namyoung/Desktop/myprj/airflow/airflow/lib/python3.7/site-packages/airflow/example_dags/example_latest_only.py
[2023-10-18 08:26:35,758] {logging_mixin.py:109} INFO - [2023-10-18 08:26:35,758] {dag.py:2396} INFO - Sync 1 DAGs
[2023-10-18 08:26:35,766] {logging_mixin.py:109} INFO - [2023-10-18 08:26:35,765] {dag.py:2935} INFO - Setting next_dagrun for latest_only to 2023-10-17T19:26:35.765744+00:00
[2023-10-18 08:26:35,770] {processor.py:171} INFO - Processing /Users/namyoung/Desktop/myprj/airflow/airflow/lib/python3.7/site-packages/airflow/example_dags/example_latest_only.py took 0.050 seconds
[2023-10-18 08:27:54,452] {processor.py:163} INFO - Started process (PID=35011) to work on /Users/namyoung/Desktop/myprj/airflow/airflow/lib/python3.7/site-packages/airflow/example_dags/example_latest_only.py
[2023-10-18 08:27:54,454] {processor.py:642} INFO - Processing file /Users/namyoung/Desktop/myprj/airflow/airflow/lib/python3.7/site-packages/airflow/example_dags/example_latest_only.py for tasks to queue
[2023-10-18 08:27:54,455] {logging_mixin.py:109} INFO - [2023-10-18 08:27:54,454] {dagbag.py:500} INFO - Filling up the DagBag from /Users/namyoung/Desktop/myprj/airflow/airflow/lib/python3.7/site-packages/airflow/example_dags/example_latest_only.py
[2023-10-18 08:27:54,475] {processor.py:654} INFO - DAG(s) dict_keys(['latest_only']) retrieved from /Users/namyoung/Desktop/myprj/airflow/airflow/lib/python3.7/site-packages/airflow/example_dags/example_latest_only.py
[2023-10-18 08:27:54,484] {logging_mixin.py:109} INFO - [2023-10-18 08:27:54,484] {dag.py:2396} INFO - Sync 1 DAGs
[2023-10-18 08:27:54,494] {logging_mixin.py:109} INFO - [2023-10-18 08:27:54,493] {dag.py:2935} INFO - Setting next_dagrun for latest_only to 2023-10-17T19:27:54.493592+00:00
[2023-10-18 08:27:54,500] {processor.py:171} INFO - Processing /Users/namyoung/Desktop/myprj/airflow/airflow/lib/python3.7/site-packages/airflow/example_dags/example_latest_only.py took 0.052 seconds
[2023-10-18 08:28:26,102] {processor.py:163} INFO - Started process (PID=35298) to work on /Users/namyoung/Desktop/myprj/airflow/airflow/lib/python3.7/site-packages/airflow/example_dags/example_latest_only.py
[2023-10-18 08:28:26,103] {processor.py:642} INFO - Processing file /Users/namyoung/Desktop/myprj/airflow/airflow/lib/python3.7/site-packages/airflow/example_dags/example_latest_only.py for tasks to queue
[2023-10-18 08:28:26,104] {logging_mixin.py:109} INFO - [2023-10-18 08:28:26,103] {dagbag.py:500} INFO - Filling up the DagBag from /Users/namyoung/Desktop/myprj/airflow/airflow/lib/python3.7/site-packages/airflow/example_dags/example_latest_only.py
[2023-10-18 08:28:26,115] {processor.py:654} INFO - DAG(s) dict_keys(['latest_only']) retrieved from /Users/namyoung/Desktop/myprj/airflow/airflow/lib/python3.7/site-packages/airflow/example_dags/example_latest_only.py
[2023-10-18 08:28:26,120] {logging_mixin.py:109} INFO - [2023-10-18 08:28:26,120] {dag.py:2396} INFO - Sync 1 DAGs
[2023-10-18 08:28:26,128] {logging_mixin.py:109} INFO - [2023-10-18 08:28:26,127] {dag.py:2935} INFO - Setting next_dagrun for latest_only to 2023-10-17T19:28:26.127680+00:00
[2023-10-18 08:28:26,133] {processor.py:171} INFO - Processing /Users/namyoung/Desktop/myprj/airflow/airflow/lib/python3.7/site-packages/airflow/example_dags/example_latest_only.py took 0.033 seconds
[2023-10-18 08:28:57,607] {processor.py:163} INFO - Started process (PID=35380) to work on /Users/namyoung/Desktop/myprj/airflow/airflow/lib/python3.7/site-packages/airflow/example_dags/example_latest_only.py
[2023-10-18 08:28:57,609] {processor.py:642} INFO - Processing file /Users/namyoung/Desktop/myprj/airflow/airflow/lib/python3.7/site-packages/airflow/example_dags/example_latest_only.py for tasks to queue
[2023-10-18 08:28:57,610] {logging_mixin.py:109} INFO - [2023-10-18 08:28:57,610] {dagbag.py:500} INFO - Filling up the DagBag from /Users/namyoung/Desktop/myprj/airflow/airflow/lib/python3.7/site-packages/airflow/example_dags/example_latest_only.py
[2023-10-18 08:28:57,636] {processor.py:654} INFO - DAG(s) dict_keys(['latest_only']) retrieved from /Users/namyoung/Desktop/myprj/airflow/airflow/lib/python3.7/site-packages/airflow/example_dags/example_latest_only.py
[2023-10-18 08:28:57,645] {logging_mixin.py:109} INFO - [2023-10-18 08:28:57,644] {dag.py:2396} INFO - Sync 1 DAGs
[2023-10-18 08:28:57,655] {logging_mixin.py:109} INFO - [2023-10-18 08:28:57,655] {dag.py:2935} INFO - Setting next_dagrun for latest_only to 2023-10-17T19:28:57.654772+00:00
[2023-10-18 08:28:57,661] {processor.py:171} INFO - Processing /Users/namyoung/Desktop/myprj/airflow/airflow/lib/python3.7/site-packages/airflow/example_dags/example_latest_only.py took 0.059 seconds
[2023-10-18 08:29:32,026] {processor.py:163} INFO - Started process (PID=35427) to work on /Users/namyoung/Desktop/myprj/airflow/airflow/lib/python3.7/site-packages/airflow/example_dags/example_latest_only.py
[2023-10-18 08:29:32,027] {processor.py:642} INFO - Processing file /Users/namyoung/Desktop/myprj/airflow/airflow/lib/python3.7/site-packages/airflow/example_dags/example_latest_only.py for tasks to queue
[2023-10-18 08:29:32,027] {logging_mixin.py:109} INFO - [2023-10-18 08:29:32,027] {dagbag.py:500} INFO - Filling up the DagBag from /Users/namyoung/Desktop/myprj/airflow/airflow/lib/python3.7/site-packages/airflow/example_dags/example_latest_only.py
[2023-10-18 08:29:32,039] {processor.py:654} INFO - DAG(s) dict_keys(['latest_only']) retrieved from /Users/namyoung/Desktop/myprj/airflow/airflow/lib/python3.7/site-packages/airflow/example_dags/example_latest_only.py
[2023-10-18 08:29:32,044] {logging_mixin.py:109} INFO - [2023-10-18 08:29:32,044] {dag.py:2396} INFO - Sync 1 DAGs
[2023-10-18 08:29:32,052] {logging_mixin.py:109} INFO - [2023-10-18 08:29:32,051] {dag.py:2935} INFO - Setting next_dagrun for latest_only to 2023-10-17T19:29:32.051683+00:00
[2023-10-18 08:29:32,057] {processor.py:171} INFO - Processing /Users/namyoung/Desktop/myprj/airflow/airflow/lib/python3.7/site-packages/airflow/example_dags/example_latest_only.py took 0.034 seconds
