[2023-10-17 10:07:20,170] {processor.py:163} INFO - Started process (PID=32668) to work on /Users/namyoung/Desktop/myprj/airflow/airflow/lib/python3.7/site-packages/airflow/example_dags/example_complex.py
[2023-10-17 10:07:20,171] {processor.py:642} INFO - Processing file /Users/namyoung/Desktop/myprj/airflow/airflow/lib/python3.7/site-packages/airflow/example_dags/example_complex.py for tasks to queue
[2023-10-17 10:07:20,171] {logging_mixin.py:109} INFO - [2023-10-17 10:07:20,171] {dagbag.py:500} INFO - Filling up the DagBag from /Users/namyoung/Desktop/myprj/airflow/airflow/lib/python3.7/site-packages/airflow/example_dags/example_complex.py
[2023-10-17 10:07:20,186] {processor.py:654} INFO - DAG(s) dict_keys(['example_complex']) retrieved from /Users/namyoung/Desktop/myprj/airflow/airflow/lib/python3.7/site-packages/airflow/example_dags/example_complex.py
[2023-10-17 10:07:20,194] {logging_mixin.py:109} INFO - [2023-10-17 10:07:20,194] {dag.py:2396} INFO - Sync 1 DAGs
[2023-10-17 10:07:20,201] {logging_mixin.py:109} INFO - [2023-10-17 10:07:20,201] {dag.py:2935} INFO - Setting next_dagrun for example_complex to None
[2023-10-17 10:07:20,207] {processor.py:171} INFO - Processing /Users/namyoung/Desktop/myprj/airflow/airflow/lib/python3.7/site-packages/airflow/example_dags/example_complex.py took 0.039 seconds
[2023-10-17 12:05:59,868] {processor.py:163} INFO - Started process (PID=32895) to work on /Users/namyoung/Desktop/myprj/airflow/airflow/lib/python3.7/site-packages/airflow/example_dags/example_complex.py
[2023-10-17 12:05:59,869] {processor.py:642} INFO - Processing file /Users/namyoung/Desktop/myprj/airflow/airflow/lib/python3.7/site-packages/airflow/example_dags/example_complex.py for tasks to queue
[2023-10-17 12:05:59,869] {logging_mixin.py:109} INFO - [2023-10-17 12:05:59,869] {dagbag.py:500} INFO - Filling up the DagBag from /Users/namyoung/Desktop/myprj/airflow/airflow/lib/python3.7/site-packages/airflow/example_dags/example_complex.py
[2023-10-17 12:05:59,885] {processor.py:654} INFO - DAG(s) dict_keys(['example_complex']) retrieved from /Users/namyoung/Desktop/myprj/airflow/airflow/lib/python3.7/site-packages/airflow/example_dags/example_complex.py
[2023-10-17 12:05:59,894] {logging_mixin.py:109} INFO - [2023-10-17 12:05:59,894] {dag.py:2396} INFO - Sync 1 DAGs
[2023-10-17 12:05:59,900] {logging_mixin.py:109} INFO - [2023-10-17 12:05:59,900] {dag.py:2935} INFO - Setting next_dagrun for example_complex to None
[2023-10-17 12:05:59,905] {processor.py:171} INFO - Processing /Users/namyoung/Desktop/myprj/airflow/airflow/lib/python3.7/site-packages/airflow/example_dags/example_complex.py took 0.039 seconds
[2023-10-17 15:29:34,700] {processor.py:163} INFO - Started process (PID=33237) to work on /Users/namyoung/Desktop/myprj/airflow/airflow/lib/python3.7/site-packages/airflow/example_dags/example_complex.py
[2023-10-17 15:29:34,703] {processor.py:642} INFO - Processing file /Users/namyoung/Desktop/myprj/airflow/airflow/lib/python3.7/site-packages/airflow/example_dags/example_complex.py for tasks to queue
[2023-10-17 15:29:34,704] {logging_mixin.py:109} INFO - [2023-10-17 15:29:34,704] {dagbag.py:500} INFO - Filling up the DagBag from /Users/namyoung/Desktop/myprj/airflow/airflow/lib/python3.7/site-packages/airflow/example_dags/example_complex.py
[2023-10-17 15:29:34,731] {processor.py:654} INFO - DAG(s) dict_keys(['example_complex']) retrieved from /Users/namyoung/Desktop/myprj/airflow/airflow/lib/python3.7/site-packages/airflow/example_dags/example_complex.py
[2023-10-17 15:29:34,742] {logging_mixin.py:109} INFO - [2023-10-17 15:29:34,742] {dag.py:2396} INFO - Sync 1 DAGs
[2023-10-17 15:29:34,752] {logging_mixin.py:109} INFO - [2023-10-17 15:29:34,752] {dag.py:2935} INFO - Setting next_dagrun for example_complex to None
[2023-10-17 15:29:34,760] {processor.py:171} INFO - Processing /Users/namyoung/Desktop/myprj/airflow/airflow/lib/python3.7/site-packages/airflow/example_dags/example_complex.py took 0.068 seconds
[2023-10-17 18:49:19,677] {processor.py:163} INFO - Started process (PID=33576) to work on /Users/namyoung/Desktop/myprj/airflow/airflow/lib/python3.7/site-packages/airflow/example_dags/example_complex.py
[2023-10-17 18:49:19,678] {processor.py:642} INFO - Processing file /Users/namyoung/Desktop/myprj/airflow/airflow/lib/python3.7/site-packages/airflow/example_dags/example_complex.py for tasks to queue
[2023-10-17 18:49:19,679] {logging_mixin.py:109} INFO - [2023-10-17 18:49:19,678] {dagbag.py:500} INFO - Filling up the DagBag from /Users/namyoung/Desktop/myprj/airflow/airflow/lib/python3.7/site-packages/airflow/example_dags/example_complex.py
[2023-10-17 18:49:19,694] {processor.py:654} INFO - DAG(s) dict_keys(['example_complex']) retrieved from /Users/namyoung/Desktop/myprj/airflow/airflow/lib/python3.7/site-packages/airflow/example_dags/example_complex.py
[2023-10-17 18:49:19,705] {logging_mixin.py:109} INFO - [2023-10-17 18:49:19,705] {dag.py:2396} INFO - Sync 1 DAGs
[2023-10-17 18:49:19,712] {logging_mixin.py:109} INFO - [2023-10-17 18:49:19,712] {dag.py:2935} INFO - Setting next_dagrun for example_complex to None
[2023-10-17 18:49:19,718] {processor.py:171} INFO - Processing /Users/namyoung/Desktop/myprj/airflow/airflow/lib/python3.7/site-packages/airflow/example_dags/example_complex.py took 0.042 seconds
[2023-10-17 20:37:22,128] {processor.py:163} INFO - Started process (PID=33720) to work on /Users/namyoung/Desktop/myprj/airflow/airflow/lib/python3.7/site-packages/airflow/example_dags/example_complex.py
[2023-10-17 20:37:22,129] {processor.py:642} INFO - Processing file /Users/namyoung/Desktop/myprj/airflow/airflow/lib/python3.7/site-packages/airflow/example_dags/example_complex.py for tasks to queue
[2023-10-17 20:37:22,129] {logging_mixin.py:109} INFO - [2023-10-17 20:37:22,129] {dagbag.py:500} INFO - Filling up the DagBag from /Users/namyoung/Desktop/myprj/airflow/airflow/lib/python3.7/site-packages/airflow/example_dags/example_complex.py
[2023-10-17 20:37:22,145] {processor.py:654} INFO - DAG(s) dict_keys(['example_complex']) retrieved from /Users/namyoung/Desktop/myprj/airflow/airflow/lib/python3.7/site-packages/airflow/example_dags/example_complex.py
[2023-10-17 20:37:22,155] {logging_mixin.py:109} INFO - [2023-10-17 20:37:22,155] {dag.py:2396} INFO - Sync 1 DAGs
[2023-10-17 20:37:22,162] {logging_mixin.py:109} INFO - [2023-10-17 20:37:22,162] {dag.py:2935} INFO - Setting next_dagrun for example_complex to None
[2023-10-17 20:37:22,171] {processor.py:171} INFO - Processing /Users/namyoung/Desktop/myprj/airflow/airflow/lib/python3.7/site-packages/airflow/example_dags/example_complex.py took 0.045 seconds
[2023-10-18 00:01:38,616] {processor.py:163} INFO - Started process (PID=34037) to work on /Users/namyoung/Desktop/myprj/airflow/airflow/lib/python3.7/site-packages/airflow/example_dags/example_complex.py
[2023-10-18 00:01:38,617] {processor.py:642} INFO - Processing file /Users/namyoung/Desktop/myprj/airflow/airflow/lib/python3.7/site-packages/airflow/example_dags/example_complex.py for tasks to queue
[2023-10-18 00:01:38,618] {logging_mixin.py:109} INFO - [2023-10-18 00:01:38,617] {dagbag.py:500} INFO - Filling up the DagBag from /Users/namyoung/Desktop/myprj/airflow/airflow/lib/python3.7/site-packages/airflow/example_dags/example_complex.py
[2023-10-18 00:01:38,634] {processor.py:654} INFO - DAG(s) dict_keys(['example_complex']) retrieved from /Users/namyoung/Desktop/myprj/airflow/airflow/lib/python3.7/site-packages/airflow/example_dags/example_complex.py
[2023-10-18 00:01:38,646] {logging_mixin.py:109} INFO - [2023-10-18 00:01:38,646] {dag.py:2396} INFO - Sync 1 DAGs
[2023-10-18 00:01:38,654] {logging_mixin.py:109} INFO - [2023-10-18 00:01:38,654] {dag.py:2935} INFO - Setting next_dagrun for example_complex to None
[2023-10-18 00:01:38,665] {processor.py:171} INFO - Processing /Users/namyoung/Desktop/myprj/airflow/airflow/lib/python3.7/site-packages/airflow/example_dags/example_complex.py took 0.050 seconds
[2023-10-18 03:28:24,159] {processor.py:163} INFO - Started process (PID=34368) to work on /Users/namyoung/Desktop/myprj/airflow/airflow/lib/python3.7/site-packages/airflow/example_dags/example_complex.py
[2023-10-18 03:28:24,161] {processor.py:642} INFO - Processing file /Users/namyoung/Desktop/myprj/airflow/airflow/lib/python3.7/site-packages/airflow/example_dags/example_complex.py for tasks to queue
[2023-10-18 03:28:24,162] {logging_mixin.py:109} INFO - [2023-10-18 03:28:24,162] {dagbag.py:500} INFO - Filling up the DagBag from /Users/namyoung/Desktop/myprj/airflow/airflow/lib/python3.7/site-packages/airflow/example_dags/example_complex.py
[2023-10-18 03:28:24,186] {processor.py:654} INFO - DAG(s) dict_keys(['example_complex']) retrieved from /Users/namyoung/Desktop/myprj/airflow/airflow/lib/python3.7/site-packages/airflow/example_dags/example_complex.py
[2023-10-18 03:28:24,195] {logging_mixin.py:109} INFO - [2023-10-18 03:28:24,195] {dag.py:2396} INFO - Sync 1 DAGs
[2023-10-18 03:28:24,203] {logging_mixin.py:109} INFO - [2023-10-18 03:28:24,203] {dag.py:2935} INFO - Setting next_dagrun for example_complex to None
[2023-10-18 03:28:24,208] {processor.py:171} INFO - Processing /Users/namyoung/Desktop/myprj/airflow/airflow/lib/python3.7/site-packages/airflow/example_dags/example_complex.py took 0.054 seconds
[2023-10-18 08:27:24,242] {processor.py:163} INFO - Started process (PID=34921) to work on /Users/namyoung/Desktop/myprj/airflow/airflow/lib/python3.7/site-packages/airflow/example_dags/example_complex.py
[2023-10-18 08:27:24,243] {processor.py:642} INFO - Processing file /Users/namyoung/Desktop/myprj/airflow/airflow/lib/python3.7/site-packages/airflow/example_dags/example_complex.py for tasks to queue
[2023-10-18 08:27:24,244] {logging_mixin.py:109} INFO - [2023-10-18 08:27:24,244] {dagbag.py:500} INFO - Filling up the DagBag from /Users/namyoung/Desktop/myprj/airflow/airflow/lib/python3.7/site-packages/airflow/example_dags/example_complex.py
[2023-10-18 08:27:24,268] {processor.py:654} INFO - DAG(s) dict_keys(['example_complex']) retrieved from /Users/namyoung/Desktop/myprj/airflow/airflow/lib/python3.7/site-packages/airflow/example_dags/example_complex.py
[2023-10-18 08:27:24,278] {logging_mixin.py:109} INFO - [2023-10-18 08:27:24,278] {dag.py:2396} INFO - Sync 1 DAGs
[2023-10-18 08:27:24,285] {logging_mixin.py:109} INFO - [2023-10-18 08:27:24,285] {dag.py:2935} INFO - Setting next_dagrun for example_complex to None
[2023-10-18 08:27:24,291] {processor.py:171} INFO - Processing /Users/namyoung/Desktop/myprj/airflow/airflow/lib/python3.7/site-packages/airflow/example_dags/example_complex.py took 0.052 seconds
[2023-10-18 08:27:57,474] {processor.py:163} INFO - Started process (PID=35097) to work on /Users/namyoung/Desktop/myprj/airflow/airflow/lib/python3.7/site-packages/airflow/example_dags/example_complex.py
[2023-10-18 08:27:57,476] {processor.py:642} INFO - Processing file /Users/namyoung/Desktop/myprj/airflow/airflow/lib/python3.7/site-packages/airflow/example_dags/example_complex.py for tasks to queue
[2023-10-18 08:27:57,477] {logging_mixin.py:109} INFO - [2023-10-18 08:27:57,477] {dagbag.py:500} INFO - Filling up the DagBag from /Users/namyoung/Desktop/myprj/airflow/airflow/lib/python3.7/site-packages/airflow/example_dags/example_complex.py
[2023-10-18 08:27:57,509] {processor.py:654} INFO - DAG(s) dict_keys(['example_complex']) retrieved from /Users/namyoung/Desktop/myprj/airflow/airflow/lib/python3.7/site-packages/airflow/example_dags/example_complex.py
[2023-10-18 08:27:57,522] {logging_mixin.py:109} INFO - [2023-10-18 08:27:57,522] {dag.py:2396} INFO - Sync 1 DAGs
[2023-10-18 08:27:57,531] {logging_mixin.py:109} INFO - [2023-10-18 08:27:57,530] {dag.py:2935} INFO - Setting next_dagrun for example_complex to None
[2023-10-18 08:27:57,536] {processor.py:171} INFO - Processing /Users/namyoung/Desktop/myprj/airflow/airflow/lib/python3.7/site-packages/airflow/example_dags/example_complex.py took 0.067 seconds
[2023-10-18 08:28:28,958] {processor.py:163} INFO - Started process (PID=35305) to work on /Users/namyoung/Desktop/myprj/airflow/airflow/lib/python3.7/site-packages/airflow/example_dags/example_complex.py
[2023-10-18 08:28:28,960] {processor.py:642} INFO - Processing file /Users/namyoung/Desktop/myprj/airflow/airflow/lib/python3.7/site-packages/airflow/example_dags/example_complex.py for tasks to queue
[2023-10-18 08:28:28,961] {logging_mixin.py:109} INFO - [2023-10-18 08:28:28,961] {dagbag.py:500} INFO - Filling up the DagBag from /Users/namyoung/Desktop/myprj/airflow/airflow/lib/python3.7/site-packages/airflow/example_dags/example_complex.py
[2023-10-18 08:28:28,978] {processor.py:654} INFO - DAG(s) dict_keys(['example_complex']) retrieved from /Users/namyoung/Desktop/myprj/airflow/airflow/lib/python3.7/site-packages/airflow/example_dags/example_complex.py
[2023-10-18 08:28:28,987] {logging_mixin.py:109} INFO - [2023-10-18 08:28:28,987] {dag.py:2396} INFO - Sync 1 DAGs
[2023-10-18 08:28:28,995] {logging_mixin.py:109} INFO - [2023-10-18 08:28:28,995] {dag.py:2935} INFO - Setting next_dagrun for example_complex to None
[2023-10-18 08:28:29,000] {processor.py:171} INFO - Processing /Users/namyoung/Desktop/myprj/airflow/airflow/lib/python3.7/site-packages/airflow/example_dags/example_complex.py took 0.044 seconds
[2023-10-18 08:29:01,451] {processor.py:163} INFO - Started process (PID=35385) to work on /Users/namyoung/Desktop/myprj/airflow/airflow/lib/python3.7/site-packages/airflow/example_dags/example_complex.py
[2023-10-18 08:29:01,453] {processor.py:642} INFO - Processing file /Users/namyoung/Desktop/myprj/airflow/airflow/lib/python3.7/site-packages/airflow/example_dags/example_complex.py for tasks to queue
[2023-10-18 08:29:01,454] {logging_mixin.py:109} INFO - [2023-10-18 08:29:01,454] {dagbag.py:500} INFO - Filling up the DagBag from /Users/namyoung/Desktop/myprj/airflow/airflow/lib/python3.7/site-packages/airflow/example_dags/example_complex.py
[2023-10-18 08:29:01,486] {processor.py:654} INFO - DAG(s) dict_keys(['example_complex']) retrieved from /Users/namyoung/Desktop/myprj/airflow/airflow/lib/python3.7/site-packages/airflow/example_dags/example_complex.py
[2023-10-18 08:29:01,499] {logging_mixin.py:109} INFO - [2023-10-18 08:29:01,499] {dag.py:2396} INFO - Sync 1 DAGs
[2023-10-18 08:29:01,507] {logging_mixin.py:109} INFO - [2023-10-18 08:29:01,507] {dag.py:2935} INFO - Setting next_dagrun for example_complex to None
[2023-10-18 08:29:01,513] {processor.py:171} INFO - Processing /Users/namyoung/Desktop/myprj/airflow/airflow/lib/python3.7/site-packages/airflow/example_dags/example_complex.py took 0.067 seconds
[2023-10-18 08:29:36,234] {processor.py:163} INFO - Started process (PID=35439) to work on /Users/namyoung/Desktop/myprj/airflow/airflow/lib/python3.7/site-packages/airflow/example_dags/example_complex.py
[2023-10-18 08:29:36,235] {processor.py:642} INFO - Processing file /Users/namyoung/Desktop/myprj/airflow/airflow/lib/python3.7/site-packages/airflow/example_dags/example_complex.py for tasks to queue
[2023-10-18 08:29:36,236] {logging_mixin.py:109} INFO - [2023-10-18 08:29:36,236] {dagbag.py:500} INFO - Filling up the DagBag from /Users/namyoung/Desktop/myprj/airflow/airflow/lib/python3.7/site-packages/airflow/example_dags/example_complex.py
[2023-10-18 08:29:36,261] {processor.py:654} INFO - DAG(s) dict_keys(['example_complex']) retrieved from /Users/namyoung/Desktop/myprj/airflow/airflow/lib/python3.7/site-packages/airflow/example_dags/example_complex.py
[2023-10-18 08:29:36,271] {logging_mixin.py:109} INFO - [2023-10-18 08:29:36,271] {dag.py:2396} INFO - Sync 1 DAGs
[2023-10-18 08:29:36,278] {logging_mixin.py:109} INFO - [2023-10-18 08:29:36,278] {dag.py:2935} INFO - Setting next_dagrun for example_complex to None
[2023-10-18 08:29:36,284] {processor.py:171} INFO - Processing /Users/namyoung/Desktop/myprj/airflow/airflow/lib/python3.7/site-packages/airflow/example_dags/example_complex.py took 0.054 seconds
