[2023-10-17 09:31:59,527] {processor.py:163} INFO - Started process (PID=32630) to work on /Users/namyoung/Desktop/myprj/airflow/airflow/lib/python3.7/site-packages/airflow/example_dags/example_subdag_operator.py
[2023-10-17 09:31:59,529] {processor.py:642} INFO - Processing file /Users/namyoung/Desktop/myprj/airflow/airflow/lib/python3.7/site-packages/airflow/example_dags/example_subdag_operator.py for tasks to queue
[2023-10-17 09:31:59,530] {logging_mixin.py:109} INFO - [2023-10-17 09:31:59,530] {dagbag.py:500} INFO - Filling up the DagBag from /Users/namyoung/Desktop/myprj/airflow/airflow/lib/python3.7/site-packages/airflow/example_dags/example_subdag_operator.py
[2023-10-17 09:31:59,562] {processor.py:654} INFO - DAG(s) dict_keys(['example_subdag_operator.section-1', 'example_subdag_operator.section-2', 'example_subdag_operator']) retrieved from /Users/namyoung/Desktop/myprj/airflow/airflow/lib/python3.7/site-packages/airflow/example_dags/example_subdag_operator.py
[2023-10-17 09:31:59,689] {logging_mixin.py:109} INFO - [2023-10-17 09:31:59,688] {dag.py:2396} INFO - Sync 3 DAGs
[2023-10-17 09:31:59,695] {logging_mixin.py:109} INFO - [2023-10-17 09:31:59,695] {dag.py:2935} INFO - Setting next_dagrun for example_subdag_operator to 2023-10-15T00:00:00+00:00
[2023-10-17 09:31:59,695] {logging_mixin.py:109} INFO - [2023-10-17 09:31:59,695] {dag.py:2935} INFO - Setting next_dagrun for example_subdag_operator.section-1 to None
[2023-10-17 09:31:59,696] {logging_mixin.py:109} INFO - [2023-10-17 09:31:59,695] {dag.py:2935} INFO - Setting next_dagrun for example_subdag_operator.section-2 to None
[2023-10-17 09:31:59,699] {logging_mixin.py:109} INFO - [2023-10-17 09:31:59,699] {dag.py:2396} INFO - Sync 2 DAGs
[2023-10-17 09:31:59,702] {logging_mixin.py:109} INFO - [2023-10-17 09:31:59,702] {dag.py:2935} INFO - Setting next_dagrun for example_subdag_operator.section-1 to None
[2023-10-17 09:31:59,703] {logging_mixin.py:109} INFO - [2023-10-17 09:31:59,702] {dag.py:2935} INFO - Setting next_dagrun for example_subdag_operator.section-2 to None
[2023-10-17 09:31:59,706] {processor.py:171} INFO - Processing /Users/namyoung/Desktop/myprj/airflow/airflow/lib/python3.7/site-packages/airflow/example_dags/example_subdag_operator.py took 0.185 seconds
[2023-10-17 11:02:28,692] {processor.py:163} INFO - Started process (PID=32749) to work on /Users/namyoung/Desktop/myprj/airflow/airflow/lib/python3.7/site-packages/airflow/example_dags/example_subdag_operator.py
[2023-10-17 11:02:28,694] {processor.py:642} INFO - Processing file /Users/namyoung/Desktop/myprj/airflow/airflow/lib/python3.7/site-packages/airflow/example_dags/example_subdag_operator.py for tasks to queue
[2023-10-17 11:02:28,695] {logging_mixin.py:109} INFO - [2023-10-17 11:02:28,695] {dagbag.py:500} INFO - Filling up the DagBag from /Users/namyoung/Desktop/myprj/airflow/airflow/lib/python3.7/site-packages/airflow/example_dags/example_subdag_operator.py
[2023-10-17 11:02:28,727] {processor.py:654} INFO - DAG(s) dict_keys(['example_subdag_operator.section-1', 'example_subdag_operator.section-2', 'example_subdag_operator']) retrieved from /Users/namyoung/Desktop/myprj/airflow/airflow/lib/python3.7/site-packages/airflow/example_dags/example_subdag_operator.py
[2023-10-17 11:02:28,735] {logging_mixin.py:109} INFO - [2023-10-17 11:02:28,734] {dag.py:2396} INFO - Sync 3 DAGs
[2023-10-17 11:02:28,743] {logging_mixin.py:109} INFO - [2023-10-17 11:02:28,742] {dag.py:2935} INFO - Setting next_dagrun for example_subdag_operator to 2023-10-15T00:00:00+00:00
[2023-10-17 11:02:28,743] {logging_mixin.py:109} INFO - [2023-10-17 11:02:28,743] {dag.py:2935} INFO - Setting next_dagrun for example_subdag_operator.section-1 to None
[2023-10-17 11:02:28,743] {logging_mixin.py:109} INFO - [2023-10-17 11:02:28,743] {dag.py:2935} INFO - Setting next_dagrun for example_subdag_operator.section-2 to None
[2023-10-17 11:02:28,746] {logging_mixin.py:109} INFO - [2023-10-17 11:02:28,746] {dag.py:2396} INFO - Sync 2 DAGs
[2023-10-17 11:02:28,749] {logging_mixin.py:109} INFO - [2023-10-17 11:02:28,749] {dag.py:2935} INFO - Setting next_dagrun for example_subdag_operator.section-1 to None
[2023-10-17 11:02:28,750] {logging_mixin.py:109} INFO - [2023-10-17 11:02:28,750] {dag.py:2935} INFO - Setting next_dagrun for example_subdag_operator.section-2 to None
[2023-10-17 11:02:28,754] {processor.py:171} INFO - Processing /Users/namyoung/Desktop/myprj/airflow/airflow/lib/python3.7/site-packages/airflow/example_dags/example_subdag_operator.py took 0.068 seconds
[2023-10-17 14:03:51,065] {processor.py:163} INFO - Started process (PID=33050) to work on /Users/namyoung/Desktop/myprj/airflow/airflow/lib/python3.7/site-packages/airflow/example_dags/example_subdag_operator.py
[2023-10-17 14:03:51,066] {processor.py:642} INFO - Processing file /Users/namyoung/Desktop/myprj/airflow/airflow/lib/python3.7/site-packages/airflow/example_dags/example_subdag_operator.py for tasks to queue
[2023-10-17 14:03:51,066] {logging_mixin.py:109} INFO - [2023-10-17 14:03:51,066] {dagbag.py:500} INFO - Filling up the DagBag from /Users/namyoung/Desktop/myprj/airflow/airflow/lib/python3.7/site-packages/airflow/example_dags/example_subdag_operator.py
[2023-10-17 14:03:51,082] {processor.py:654} INFO - DAG(s) dict_keys(['example_subdag_operator.section-1', 'example_subdag_operator.section-2', 'example_subdag_operator']) retrieved from /Users/namyoung/Desktop/myprj/airflow/airflow/lib/python3.7/site-packages/airflow/example_dags/example_subdag_operator.py
[2023-10-17 14:03:51,088] {logging_mixin.py:109} INFO - [2023-10-17 14:03:51,087] {dag.py:2396} INFO - Sync 3 DAGs
[2023-10-17 14:03:51,094] {logging_mixin.py:109} INFO - [2023-10-17 14:03:51,094] {dag.py:2935} INFO - Setting next_dagrun for example_subdag_operator to 2023-10-15T00:00:00+00:00
[2023-10-17 14:03:51,095] {logging_mixin.py:109} INFO - [2023-10-17 14:03:51,095] {dag.py:2935} INFO - Setting next_dagrun for example_subdag_operator.section-1 to None
[2023-10-17 14:03:51,095] {logging_mixin.py:109} INFO - [2023-10-17 14:03:51,095] {dag.py:2935} INFO - Setting next_dagrun for example_subdag_operator.section-2 to None
[2023-10-17 14:03:51,097] {logging_mixin.py:109} INFO - [2023-10-17 14:03:51,097] {dag.py:2396} INFO - Sync 2 DAGs
[2023-10-17 14:03:51,101] {logging_mixin.py:109} INFO - [2023-10-17 14:03:51,101] {dag.py:2935} INFO - Setting next_dagrun for example_subdag_operator.section-1 to None
[2023-10-17 14:03:51,101] {logging_mixin.py:109} INFO - [2023-10-17 14:03:51,101] {dag.py:2935} INFO - Setting next_dagrun for example_subdag_operator.section-2 to None
[2023-10-17 14:03:51,107] {processor.py:171} INFO - Processing /Users/namyoung/Desktop/myprj/airflow/airflow/lib/python3.7/site-packages/airflow/example_dags/example_subdag_operator.py took 0.043 seconds
[2023-10-17 17:27:28,625] {processor.py:163} INFO - Started process (PID=33377) to work on /Users/namyoung/Desktop/myprj/airflow/airflow/lib/python3.7/site-packages/airflow/example_dags/example_subdag_operator.py
[2023-10-17 17:27:28,625] {processor.py:642} INFO - Processing file /Users/namyoung/Desktop/myprj/airflow/airflow/lib/python3.7/site-packages/airflow/example_dags/example_subdag_operator.py for tasks to queue
[2023-10-17 17:27:28,626] {logging_mixin.py:109} INFO - [2023-10-17 17:27:28,626] {dagbag.py:500} INFO - Filling up the DagBag from /Users/namyoung/Desktop/myprj/airflow/airflow/lib/python3.7/site-packages/airflow/example_dags/example_subdag_operator.py
[2023-10-17 17:27:28,643] {processor.py:654} INFO - DAG(s) dict_keys(['example_subdag_operator.section-1', 'example_subdag_operator.section-2', 'example_subdag_operator']) retrieved from /Users/namyoung/Desktop/myprj/airflow/airflow/lib/python3.7/site-packages/airflow/example_dags/example_subdag_operator.py
[2023-10-17 17:27:28,649] {logging_mixin.py:109} INFO - [2023-10-17 17:27:28,649] {dag.py:2396} INFO - Sync 3 DAGs
[2023-10-17 17:27:28,657] {logging_mixin.py:109} INFO - [2023-10-17 17:27:28,657] {dag.py:2935} INFO - Setting next_dagrun for example_subdag_operator to 2023-10-15T00:00:00+00:00
[2023-10-17 17:27:28,657] {logging_mixin.py:109} INFO - [2023-10-17 17:27:28,657] {dag.py:2935} INFO - Setting next_dagrun for example_subdag_operator.section-1 to None
[2023-10-17 17:27:28,657] {logging_mixin.py:109} INFO - [2023-10-17 17:27:28,657] {dag.py:2935} INFO - Setting next_dagrun for example_subdag_operator.section-2 to None
[2023-10-17 17:27:28,660] {logging_mixin.py:109} INFO - [2023-10-17 17:27:28,660] {dag.py:2396} INFO - Sync 2 DAGs
[2023-10-17 17:27:28,664] {logging_mixin.py:109} INFO - [2023-10-17 17:27:28,664] {dag.py:2935} INFO - Setting next_dagrun for example_subdag_operator.section-1 to None
[2023-10-17 17:27:28,664] {logging_mixin.py:109} INFO - [2023-10-17 17:27:28,664] {dag.py:2935} INFO - Setting next_dagrun for example_subdag_operator.section-2 to None
[2023-10-17 17:27:28,670] {processor.py:171} INFO - Processing /Users/namyoung/Desktop/myprj/airflow/airflow/lib/python3.7/site-packages/airflow/example_dags/example_subdag_operator.py took 0.047 seconds
[2023-10-17 19:32:09,843] {processor.py:163} INFO - Started process (PID=33649) to work on /Users/namyoung/Desktop/myprj/airflow/airflow/lib/python3.7/site-packages/airflow/example_dags/example_subdag_operator.py
[2023-10-17 19:32:09,844] {processor.py:642} INFO - Processing file /Users/namyoung/Desktop/myprj/airflow/airflow/lib/python3.7/site-packages/airflow/example_dags/example_subdag_operator.py for tasks to queue
[2023-10-17 19:32:09,844] {logging_mixin.py:109} INFO - [2023-10-17 19:32:09,844] {dagbag.py:500} INFO - Filling up the DagBag from /Users/namyoung/Desktop/myprj/airflow/airflow/lib/python3.7/site-packages/airflow/example_dags/example_subdag_operator.py
[2023-10-17 19:32:09,860] {processor.py:654} INFO - DAG(s) dict_keys(['example_subdag_operator.section-1', 'example_subdag_operator.section-2', 'example_subdag_operator']) retrieved from /Users/namyoung/Desktop/myprj/airflow/airflow/lib/python3.7/site-packages/airflow/example_dags/example_subdag_operator.py
[2023-10-17 19:32:09,868] {logging_mixin.py:109} INFO - [2023-10-17 19:32:09,868] {dag.py:2396} INFO - Sync 3 DAGs
[2023-10-17 19:32:09,876] {logging_mixin.py:109} INFO - [2023-10-17 19:32:09,875] {dag.py:2935} INFO - Setting next_dagrun for example_subdag_operator to 2023-10-15T00:00:00+00:00
[2023-10-17 19:32:09,876] {logging_mixin.py:109} INFO - [2023-10-17 19:32:09,876] {dag.py:2935} INFO - Setting next_dagrun for example_subdag_operator.section-1 to None
[2023-10-17 19:32:09,876] {logging_mixin.py:109} INFO - [2023-10-17 19:32:09,876] {dag.py:2935} INFO - Setting next_dagrun for example_subdag_operator.section-2 to None
[2023-10-17 19:32:09,879] {logging_mixin.py:109} INFO - [2023-10-17 19:32:09,879] {dag.py:2396} INFO - Sync 2 DAGs
[2023-10-17 19:32:09,882] {logging_mixin.py:109} INFO - [2023-10-17 19:32:09,882] {dag.py:2935} INFO - Setting next_dagrun for example_subdag_operator.section-1 to None
[2023-10-17 19:32:09,883] {logging_mixin.py:109} INFO - [2023-10-17 19:32:09,883] {dag.py:2935} INFO - Setting next_dagrun for example_subdag_operator.section-2 to None
[2023-10-17 19:32:09,887] {processor.py:171} INFO - Processing /Users/namyoung/Desktop/myprj/airflow/airflow/lib/python3.7/site-packages/airflow/example_dags/example_subdag_operator.py took 0.046 seconds
[2023-10-17 22:54:38,754] {processor.py:163} INFO - Started process (PID=33959) to work on /Users/namyoung/Desktop/myprj/airflow/airflow/lib/python3.7/site-packages/airflow/example_dags/example_subdag_operator.py
[2023-10-17 22:54:38,755] {processor.py:642} INFO - Processing file /Users/namyoung/Desktop/myprj/airflow/airflow/lib/python3.7/site-packages/airflow/example_dags/example_subdag_operator.py for tasks to queue
[2023-10-17 22:54:38,756] {logging_mixin.py:109} INFO - [2023-10-17 22:54:38,756] {dagbag.py:500} INFO - Filling up the DagBag from /Users/namyoung/Desktop/myprj/airflow/airflow/lib/python3.7/site-packages/airflow/example_dags/example_subdag_operator.py
[2023-10-17 22:54:38,789] {processor.py:654} INFO - DAG(s) dict_keys(['example_subdag_operator.section-1', 'example_subdag_operator.section-2', 'example_subdag_operator']) retrieved from /Users/namyoung/Desktop/myprj/airflow/airflow/lib/python3.7/site-packages/airflow/example_dags/example_subdag_operator.py
[2023-10-17 22:54:38,798] {logging_mixin.py:109} INFO - [2023-10-17 22:54:38,798] {dag.py:2396} INFO - Sync 3 DAGs
[2023-10-17 22:54:38,810] {logging_mixin.py:109} INFO - [2023-10-17 22:54:38,810] {dag.py:2935} INFO - Setting next_dagrun for example_subdag_operator to 2023-10-15T00:00:00+00:00
[2023-10-17 22:54:38,811] {logging_mixin.py:109} INFO - [2023-10-17 22:54:38,811] {dag.py:2935} INFO - Setting next_dagrun for example_subdag_operator.section-1 to None
[2023-10-17 22:54:38,812] {logging_mixin.py:109} INFO - [2023-10-17 22:54:38,812] {dag.py:2935} INFO - Setting next_dagrun for example_subdag_operator.section-2 to None
[2023-10-17 22:54:38,817] {logging_mixin.py:109} INFO - [2023-10-17 22:54:38,817] {dag.py:2396} INFO - Sync 2 DAGs
[2023-10-17 22:54:38,823] {logging_mixin.py:109} INFO - [2023-10-17 22:54:38,821] {dag.py:2935} INFO - Setting next_dagrun for example_subdag_operator.section-1 to None
[2023-10-17 22:54:38,823] {logging_mixin.py:109} INFO - [2023-10-17 22:54:38,823] {dag.py:2935} INFO - Setting next_dagrun for example_subdag_operator.section-2 to None
[2023-10-17 22:54:38,828] {processor.py:171} INFO - Processing /Users/namyoung/Desktop/myprj/airflow/airflow/lib/python3.7/site-packages/airflow/example_dags/example_subdag_operator.py took 0.078 seconds
[2023-10-18 02:31:12,689] {processor.py:163} INFO - Started process (PID=34299) to work on /Users/namyoung/Desktop/myprj/airflow/airflow/lib/python3.7/site-packages/airflow/example_dags/example_subdag_operator.py
[2023-10-18 02:31:12,690] {processor.py:642} INFO - Processing file /Users/namyoung/Desktop/myprj/airflow/airflow/lib/python3.7/site-packages/airflow/example_dags/example_subdag_operator.py for tasks to queue
[2023-10-18 02:31:12,690] {logging_mixin.py:109} INFO - [2023-10-18 02:31:12,690] {dagbag.py:500} INFO - Filling up the DagBag from /Users/namyoung/Desktop/myprj/airflow/airflow/lib/python3.7/site-packages/airflow/example_dags/example_subdag_operator.py
[2023-10-18 02:31:12,706] {processor.py:654} INFO - DAG(s) dict_keys(['example_subdag_operator.section-1', 'example_subdag_operator.section-2', 'example_subdag_operator']) retrieved from /Users/namyoung/Desktop/myprj/airflow/airflow/lib/python3.7/site-packages/airflow/example_dags/example_subdag_operator.py
[2023-10-18 02:31:12,713] {logging_mixin.py:109} INFO - [2023-10-18 02:31:12,712] {dag.py:2396} INFO - Sync 3 DAGs
[2023-10-18 02:31:12,720] {logging_mixin.py:109} INFO - [2023-10-18 02:31:12,719] {dag.py:2935} INFO - Setting next_dagrun for example_subdag_operator to 2023-10-15T00:00:00+00:00
[2023-10-18 02:31:12,720] {logging_mixin.py:109} INFO - [2023-10-18 02:31:12,720] {dag.py:2935} INFO - Setting next_dagrun for example_subdag_operator.section-1 to None
[2023-10-18 02:31:12,720] {logging_mixin.py:109} INFO - [2023-10-18 02:31:12,720] {dag.py:2935} INFO - Setting next_dagrun for example_subdag_operator.section-2 to None
[2023-10-18 02:31:12,723] {logging_mixin.py:109} INFO - [2023-10-18 02:31:12,722] {dag.py:2396} INFO - Sync 2 DAGs
[2023-10-18 02:31:12,726] {logging_mixin.py:109} INFO - [2023-10-18 02:31:12,726] {dag.py:2935} INFO - Setting next_dagrun for example_subdag_operator.section-1 to None
[2023-10-18 02:31:12,726] {logging_mixin.py:109} INFO - [2023-10-18 02:31:12,726] {dag.py:2935} INFO - Setting next_dagrun for example_subdag_operator.section-2 to None
[2023-10-18 02:31:12,731] {processor.py:171} INFO - Processing /Users/namyoung/Desktop/myprj/airflow/airflow/lib/python3.7/site-packages/airflow/example_dags/example_subdag_operator.py took 0.044 seconds
[2023-10-18 04:53:00,614] {processor.py:163} INFO - Started process (PID=34567) to work on /Users/namyoung/Desktop/myprj/airflow/airflow/lib/python3.7/site-packages/airflow/example_dags/example_subdag_operator.py
[2023-10-18 04:53:00,615] {processor.py:642} INFO - Processing file /Users/namyoung/Desktop/myprj/airflow/airflow/lib/python3.7/site-packages/airflow/example_dags/example_subdag_operator.py for tasks to queue
[2023-10-18 04:53:00,615] {logging_mixin.py:109} INFO - [2023-10-18 04:53:00,615] {dagbag.py:500} INFO - Filling up the DagBag from /Users/namyoung/Desktop/myprj/airflow/airflow/lib/python3.7/site-packages/airflow/example_dags/example_subdag_operator.py
[2023-10-18 04:53:00,635] {processor.py:654} INFO - DAG(s) dict_keys(['example_subdag_operator.section-1', 'example_subdag_operator.section-2', 'example_subdag_operator']) retrieved from /Users/namyoung/Desktop/myprj/airflow/airflow/lib/python3.7/site-packages/airflow/example_dags/example_subdag_operator.py
[2023-10-18 04:53:00,642] {logging_mixin.py:109} INFO - [2023-10-18 04:53:00,642] {dag.py:2396} INFO - Sync 3 DAGs
[2023-10-18 04:53:00,649] {logging_mixin.py:109} INFO - [2023-10-18 04:53:00,649] {dag.py:2935} INFO - Setting next_dagrun for example_subdag_operator to 2023-10-15T00:00:00+00:00
[2023-10-18 04:53:00,650] {logging_mixin.py:109} INFO - [2023-10-18 04:53:00,650] {dag.py:2935} INFO - Setting next_dagrun for example_subdag_operator.section-1 to None
[2023-10-18 04:53:00,650] {logging_mixin.py:109} INFO - [2023-10-18 04:53:00,650] {dag.py:2935} INFO - Setting next_dagrun for example_subdag_operator.section-2 to None
[2023-10-18 04:53:00,653] {logging_mixin.py:109} INFO - [2023-10-18 04:53:00,653] {dag.py:2396} INFO - Sync 2 DAGs
[2023-10-18 04:53:00,657] {logging_mixin.py:109} INFO - [2023-10-18 04:53:00,657] {dag.py:2935} INFO - Setting next_dagrun for example_subdag_operator.section-1 to None
[2023-10-18 04:53:00,657] {logging_mixin.py:109} INFO - [2023-10-18 04:53:00,657] {dag.py:2935} INFO - Setting next_dagrun for example_subdag_operator.section-2 to None
[2023-10-18 04:53:00,662] {processor.py:171} INFO - Processing /Users/namyoung/Desktop/myprj/airflow/airflow/lib/python3.7/site-packages/airflow/example_dags/example_subdag_operator.py took 0.050 seconds
[2023-10-18 07:38:36,513] {processor.py:163} INFO - Started process (PID=34857) to work on /Users/namyoung/Desktop/myprj/airflow/airflow/lib/python3.7/site-packages/airflow/example_dags/example_subdag_operator.py
[2023-10-18 07:38:36,513] {processor.py:642} INFO - Processing file /Users/namyoung/Desktop/myprj/airflow/airflow/lib/python3.7/site-packages/airflow/example_dags/example_subdag_operator.py for tasks to queue
[2023-10-18 07:38:36,514] {logging_mixin.py:109} INFO - [2023-10-18 07:38:36,514] {dagbag.py:500} INFO - Filling up the DagBag from /Users/namyoung/Desktop/myprj/airflow/airflow/lib/python3.7/site-packages/airflow/example_dags/example_subdag_operator.py
[2023-10-18 07:38:36,530] {processor.py:654} INFO - DAG(s) dict_keys(['example_subdag_operator.section-1', 'example_subdag_operator.section-2', 'example_subdag_operator']) retrieved from /Users/namyoung/Desktop/myprj/airflow/airflow/lib/python3.7/site-packages/airflow/example_dags/example_subdag_operator.py
[2023-10-18 07:38:36,536] {logging_mixin.py:109} INFO - [2023-10-18 07:38:36,536] {dag.py:2396} INFO - Sync 3 DAGs
[2023-10-18 07:38:36,544] {logging_mixin.py:109} INFO - [2023-10-18 07:38:36,544] {dag.py:2935} INFO - Setting next_dagrun for example_subdag_operator to 2023-10-15T00:00:00+00:00
[2023-10-18 07:38:36,545] {logging_mixin.py:109} INFO - [2023-10-18 07:38:36,544] {dag.py:2935} INFO - Setting next_dagrun for example_subdag_operator.section-1 to None
[2023-10-18 07:38:36,545] {logging_mixin.py:109} INFO - [2023-10-18 07:38:36,545] {dag.py:2935} INFO - Setting next_dagrun for example_subdag_operator.section-2 to None
[2023-10-18 07:38:36,547] {logging_mixin.py:109} INFO - [2023-10-18 07:38:36,547] {dag.py:2396} INFO - Sync 2 DAGs
[2023-10-18 07:38:36,551] {logging_mixin.py:109} INFO - [2023-10-18 07:38:36,551] {dag.py:2935} INFO - Setting next_dagrun for example_subdag_operator.section-1 to None
[2023-10-18 07:38:36,552] {logging_mixin.py:109} INFO - [2023-10-18 07:38:36,551] {dag.py:2935} INFO - Setting next_dagrun for example_subdag_operator.section-2 to None
[2023-10-18 07:38:36,556] {processor.py:171} INFO - Processing /Users/namyoung/Desktop/myprj/airflow/airflow/lib/python3.7/site-packages/airflow/example_dags/example_subdag_operator.py took 0.045 seconds
[2023-10-18 08:27:45,793] {processor.py:163} INFO - Started process (PID=34995) to work on /Users/namyoung/Desktop/myprj/airflow/airflow/lib/python3.7/site-packages/airflow/example_dags/example_subdag_operator.py
[2023-10-18 08:27:45,794] {processor.py:642} INFO - Processing file /Users/namyoung/Desktop/myprj/airflow/airflow/lib/python3.7/site-packages/airflow/example_dags/example_subdag_operator.py for tasks to queue
[2023-10-18 08:27:45,794] {logging_mixin.py:109} INFO - [2023-10-18 08:27:45,794] {dagbag.py:500} INFO - Filling up the DagBag from /Users/namyoung/Desktop/myprj/airflow/airflow/lib/python3.7/site-packages/airflow/example_dags/example_subdag_operator.py
[2023-10-18 08:27:45,819] {processor.py:654} INFO - DAG(s) dict_keys(['example_subdag_operator.section-1', 'example_subdag_operator.section-2', 'example_subdag_operator']) retrieved from /Users/namyoung/Desktop/myprj/airflow/airflow/lib/python3.7/site-packages/airflow/example_dags/example_subdag_operator.py
[2023-10-18 08:27:45,829] {logging_mixin.py:109} INFO - [2023-10-18 08:27:45,829] {dag.py:2396} INFO - Sync 3 DAGs
[2023-10-18 08:27:45,839] {logging_mixin.py:109} INFO - [2023-10-18 08:27:45,838] {dag.py:2935} INFO - Setting next_dagrun for example_subdag_operator to 2023-10-15T00:00:00+00:00
[2023-10-18 08:27:45,839] {logging_mixin.py:109} INFO - [2023-10-18 08:27:45,839] {dag.py:2935} INFO - Setting next_dagrun for example_subdag_operator.section-1 to None
[2023-10-18 08:27:45,839] {logging_mixin.py:109} INFO - [2023-10-18 08:27:45,839] {dag.py:2935} INFO - Setting next_dagrun for example_subdag_operator.section-2 to None
[2023-10-18 08:27:45,842] {logging_mixin.py:109} INFO - [2023-10-18 08:27:45,842] {dag.py:2396} INFO - Sync 2 DAGs
[2023-10-18 08:27:45,847] {logging_mixin.py:109} INFO - [2023-10-18 08:27:45,846] {dag.py:2935} INFO - Setting next_dagrun for example_subdag_operator.section-1 to None
[2023-10-18 08:27:45,847] {logging_mixin.py:109} INFO - [2023-10-18 08:27:45,847] {dag.py:2935} INFO - Setting next_dagrun for example_subdag_operator.section-2 to None
[2023-10-18 08:27:45,851] {processor.py:171} INFO - Processing /Users/namyoung/Desktop/myprj/airflow/airflow/lib/python3.7/site-packages/airflow/example_dags/example_subdag_operator.py took 0.061 seconds
[2023-10-18 08:28:18,358] {processor.py:163} INFO - Started process (PID=35141) to work on /Users/namyoung/Desktop/myprj/airflow/airflow/lib/python3.7/site-packages/airflow/example_dags/example_subdag_operator.py
[2023-10-18 08:28:18,359] {processor.py:642} INFO - Processing file /Users/namyoung/Desktop/myprj/airflow/airflow/lib/python3.7/site-packages/airflow/example_dags/example_subdag_operator.py for tasks to queue
[2023-10-18 08:28:18,360] {logging_mixin.py:109} INFO - [2023-10-18 08:28:18,360] {dagbag.py:500} INFO - Filling up the DagBag from /Users/namyoung/Desktop/myprj/airflow/airflow/lib/python3.7/site-packages/airflow/example_dags/example_subdag_operator.py
[2023-10-18 08:28:18,385] {processor.py:654} INFO - DAG(s) dict_keys(['example_subdag_operator.section-1', 'example_subdag_operator.section-2', 'example_subdag_operator']) retrieved from /Users/namyoung/Desktop/myprj/airflow/airflow/lib/python3.7/site-packages/airflow/example_dags/example_subdag_operator.py
[2023-10-18 08:28:18,393] {logging_mixin.py:109} INFO - [2023-10-18 08:28:18,393] {dag.py:2396} INFO - Sync 3 DAGs
[2023-10-18 08:28:18,401] {logging_mixin.py:109} INFO - [2023-10-18 08:28:18,400] {dag.py:2935} INFO - Setting next_dagrun for example_subdag_operator to 2023-10-15T00:00:00+00:00
[2023-10-18 08:28:18,401] {logging_mixin.py:109} INFO - [2023-10-18 08:28:18,401] {dag.py:2935} INFO - Setting next_dagrun for example_subdag_operator.section-1 to None
[2023-10-18 08:28:18,401] {logging_mixin.py:109} INFO - [2023-10-18 08:28:18,401] {dag.py:2935} INFO - Setting next_dagrun for example_subdag_operator.section-2 to None
[2023-10-18 08:28:18,404] {logging_mixin.py:109} INFO - [2023-10-18 08:28:18,404] {dag.py:2396} INFO - Sync 2 DAGs
[2023-10-18 08:28:18,407] {logging_mixin.py:109} INFO - [2023-10-18 08:28:18,407] {dag.py:2935} INFO - Setting next_dagrun for example_subdag_operator.section-1 to None
[2023-10-18 08:28:18,408] {logging_mixin.py:109} INFO - [2023-10-18 08:28:18,407] {dag.py:2935} INFO - Setting next_dagrun for example_subdag_operator.section-2 to None
[2023-10-18 08:28:18,412] {processor.py:171} INFO - Processing /Users/namyoung/Desktop/myprj/airflow/airflow/lib/python3.7/site-packages/airflow/example_dags/example_subdag_operator.py took 0.059 seconds
[2023-10-18 08:28:49,792] {processor.py:163} INFO - Started process (PID=35372) to work on /Users/namyoung/Desktop/myprj/airflow/airflow/lib/python3.7/site-packages/airflow/example_dags/example_subdag_operator.py
[2023-10-18 08:28:49,794] {processor.py:642} INFO - Processing file /Users/namyoung/Desktop/myprj/airflow/airflow/lib/python3.7/site-packages/airflow/example_dags/example_subdag_operator.py for tasks to queue
[2023-10-18 08:28:49,796] {logging_mixin.py:109} INFO - [2023-10-18 08:28:49,795] {dagbag.py:500} INFO - Filling up the DagBag from /Users/namyoung/Desktop/myprj/airflow/airflow/lib/python3.7/site-packages/airflow/example_dags/example_subdag_operator.py
[2023-10-18 08:28:49,826] {processor.py:654} INFO - DAG(s) dict_keys(['example_subdag_operator.section-1', 'example_subdag_operator.section-2', 'example_subdag_operator']) retrieved from /Users/namyoung/Desktop/myprj/airflow/airflow/lib/python3.7/site-packages/airflow/example_dags/example_subdag_operator.py
[2023-10-18 08:28:49,834] {logging_mixin.py:109} INFO - [2023-10-18 08:28:49,834] {dag.py:2396} INFO - Sync 3 DAGs
[2023-10-18 08:28:49,843] {logging_mixin.py:109} INFO - [2023-10-18 08:28:49,843] {dag.py:2935} INFO - Setting next_dagrun for example_subdag_operator to 2023-10-15T00:00:00+00:00
[2023-10-18 08:28:49,844] {logging_mixin.py:109} INFO - [2023-10-18 08:28:49,843] {dag.py:2935} INFO - Setting next_dagrun for example_subdag_operator.section-1 to None
[2023-10-18 08:28:49,844] {logging_mixin.py:109} INFO - [2023-10-18 08:28:49,844] {dag.py:2935} INFO - Setting next_dagrun for example_subdag_operator.section-2 to None
[2023-10-18 08:28:49,847] {logging_mixin.py:109} INFO - [2023-10-18 08:28:49,846] {dag.py:2396} INFO - Sync 2 DAGs
[2023-10-18 08:28:49,851] {logging_mixin.py:109} INFO - [2023-10-18 08:28:49,851] {dag.py:2935} INFO - Setting next_dagrun for example_subdag_operator.section-1 to None
[2023-10-18 08:28:49,852] {logging_mixin.py:109} INFO - [2023-10-18 08:28:49,852] {dag.py:2935} INFO - Setting next_dagrun for example_subdag_operator.section-2 to None
[2023-10-18 08:28:49,856] {processor.py:171} INFO - Processing /Users/namyoung/Desktop/myprj/airflow/airflow/lib/python3.7/site-packages/airflow/example_dags/example_subdag_operator.py took 0.070 seconds
[2023-10-18 08:29:23,370] {processor.py:163} INFO - Started process (PID=35418) to work on /Users/namyoung/Desktop/myprj/airflow/airflow/lib/python3.7/site-packages/airflow/example_dags/example_subdag_operator.py
[2023-10-18 08:29:23,371] {processor.py:642} INFO - Processing file /Users/namyoung/Desktop/myprj/airflow/airflow/lib/python3.7/site-packages/airflow/example_dags/example_subdag_operator.py for tasks to queue
[2023-10-18 08:29:23,372] {logging_mixin.py:109} INFO - [2023-10-18 08:29:23,372] {dagbag.py:500} INFO - Filling up the DagBag from /Users/namyoung/Desktop/myprj/airflow/airflow/lib/python3.7/site-packages/airflow/example_dags/example_subdag_operator.py
[2023-10-18 08:29:23,403] {processor.py:654} INFO - DAG(s) dict_keys(['example_subdag_operator.section-1', 'example_subdag_operator.section-2', 'example_subdag_operator']) retrieved from /Users/namyoung/Desktop/myprj/airflow/airflow/lib/python3.7/site-packages/airflow/example_dags/example_subdag_operator.py
[2023-10-18 08:29:23,412] {logging_mixin.py:109} INFO - [2023-10-18 08:29:23,412] {dag.py:2396} INFO - Sync 3 DAGs
[2023-10-18 08:29:23,421] {logging_mixin.py:109} INFO - [2023-10-18 08:29:23,421] {dag.py:2935} INFO - Setting next_dagrun for example_subdag_operator to 2023-10-15T00:00:00+00:00
[2023-10-18 08:29:23,421] {logging_mixin.py:109} INFO - [2023-10-18 08:29:23,421] {dag.py:2935} INFO - Setting next_dagrun for example_subdag_operator.section-1 to None
[2023-10-18 08:29:23,422] {logging_mixin.py:109} INFO - [2023-10-18 08:29:23,421] {dag.py:2935} INFO - Setting next_dagrun for example_subdag_operator.section-2 to None
[2023-10-18 08:29:23,424] {logging_mixin.py:109} INFO - [2023-10-18 08:29:23,424] {dag.py:2396} INFO - Sync 2 DAGs
[2023-10-18 08:29:23,428] {logging_mixin.py:109} INFO - [2023-10-18 08:29:23,428] {dag.py:2935} INFO - Setting next_dagrun for example_subdag_operator.section-1 to None
[2023-10-18 08:29:23,428] {logging_mixin.py:109} INFO - [2023-10-18 08:29:23,428] {dag.py:2935} INFO - Setting next_dagrun for example_subdag_operator.section-2 to None
[2023-10-18 08:29:23,433] {processor.py:171} INFO - Processing /Users/namyoung/Desktop/myprj/airflow/airflow/lib/python3.7/site-packages/airflow/example_dags/example_subdag_operator.py took 0.066 seconds
[2023-10-18 08:29:57,150] {processor.py:163} INFO - Started process (PID=35481) to work on /Users/namyoung/Desktop/myprj/airflow/airflow/lib/python3.7/site-packages/airflow/example_dags/example_subdag_operator.py
[2023-10-18 08:29:57,152] {processor.py:642} INFO - Processing file /Users/namyoung/Desktop/myprj/airflow/airflow/lib/python3.7/site-packages/airflow/example_dags/example_subdag_operator.py for tasks to queue
[2023-10-18 08:29:57,153] {logging_mixin.py:109} INFO - [2023-10-18 08:29:57,152] {dagbag.py:500} INFO - Filling up the DagBag from /Users/namyoung/Desktop/myprj/airflow/airflow/lib/python3.7/site-packages/airflow/example_dags/example_subdag_operator.py
[2023-10-18 08:29:57,176] {processor.py:654} INFO - DAG(s) dict_keys(['example_subdag_operator.section-1', 'example_subdag_operator.section-2', 'example_subdag_operator']) retrieved from /Users/namyoung/Desktop/myprj/airflow/airflow/lib/python3.7/site-packages/airflow/example_dags/example_subdag_operator.py
[2023-10-18 08:29:57,183] {logging_mixin.py:109} INFO - [2023-10-18 08:29:57,183] {dag.py:2396} INFO - Sync 3 DAGs
[2023-10-18 08:29:57,190] {logging_mixin.py:109} INFO - [2023-10-18 08:29:57,190] {dag.py:2935} INFO - Setting next_dagrun for example_subdag_operator to 2023-10-15T00:00:00+00:00
[2023-10-18 08:29:57,191] {logging_mixin.py:109} INFO - [2023-10-18 08:29:57,190] {dag.py:2935} INFO - Setting next_dagrun for example_subdag_operator.section-1 to None
[2023-10-18 08:29:57,191] {logging_mixin.py:109} INFO - [2023-10-18 08:29:57,191] {dag.py:2935} INFO - Setting next_dagrun for example_subdag_operator.section-2 to None
[2023-10-18 08:29:57,193] {logging_mixin.py:109} INFO - [2023-10-18 08:29:57,193] {dag.py:2396} INFO - Sync 2 DAGs
[2023-10-18 08:29:57,197] {logging_mixin.py:109} INFO - [2023-10-18 08:29:57,197] {dag.py:2935} INFO - Setting next_dagrun for example_subdag_operator.section-1 to None
[2023-10-18 08:29:57,197] {logging_mixin.py:109} INFO - [2023-10-18 08:29:57,197] {dag.py:2935} INFO - Setting next_dagrun for example_subdag_operator.section-2 to None
[2023-10-18 08:29:57,201] {processor.py:171} INFO - Processing /Users/namyoung/Desktop/myprj/airflow/airflow/lib/python3.7/site-packages/airflow/example_dags/example_subdag_operator.py took 0.054 seconds
