[2023-10-17 09:32:00,790] {processor.py:163} INFO - Started process (PID=32631) to work on /Users/namyoung/Desktop/myprj/airflow/airflow/lib/python3.7/site-packages/airflow/example_dags/example_sla_dag.py
[2023-10-17 09:32:00,793] {processor.py:642} INFO - Processing file /Users/namyoung/Desktop/myprj/airflow/airflow/lib/python3.7/site-packages/airflow/example_dags/example_sla_dag.py for tasks to queue
[2023-10-17 09:32:00,794] {logging_mixin.py:109} INFO - [2023-10-17 09:32:00,794] {dagbag.py:500} INFO - Filling up the DagBag from /Users/namyoung/Desktop/myprj/airflow/airflow/lib/python3.7/site-packages/airflow/example_dags/example_sla_dag.py
[2023-10-17 09:32:00,823] {processor.py:654} INFO - DAG(s) dict_keys(['example_sla_dag']) retrieved from /Users/namyoung/Desktop/myprj/airflow/airflow/lib/python3.7/site-packages/airflow/example_dags/example_sla_dag.py
[2023-10-17 09:32:00,832] {logging_mixin.py:109} INFO - [2023-10-17 09:32:00,831] {dag.py:2396} INFO - Sync 1 DAGs
[2023-10-17 09:32:00,843] {logging_mixin.py:109} INFO - [2023-10-17 09:32:00,842] {dag.py:2935} INFO - Setting next_dagrun for example_sla_dag to 2023-10-17T00:30:00+00:00
[2023-10-17 09:32:00,848] {processor.py:171} INFO - Processing /Users/namyoung/Desktop/myprj/airflow/airflow/lib/python3.7/site-packages/airflow/example_dags/example_sla_dag.py took 0.063 seconds
[2023-10-17 11:02:29,876] {processor.py:163} INFO - Started process (PID=32750) to work on /Users/namyoung/Desktop/myprj/airflow/airflow/lib/python3.7/site-packages/airflow/example_dags/example_sla_dag.py
[2023-10-17 11:02:29,877] {processor.py:642} INFO - Processing file /Users/namyoung/Desktop/myprj/airflow/airflow/lib/python3.7/site-packages/airflow/example_dags/example_sla_dag.py for tasks to queue
[2023-10-17 11:02:29,878] {logging_mixin.py:109} INFO - [2023-10-17 11:02:29,878] {dagbag.py:500} INFO - Filling up the DagBag from /Users/namyoung/Desktop/myprj/airflow/airflow/lib/python3.7/site-packages/airflow/example_dags/example_sla_dag.py
[2023-10-17 11:02:29,921] {processor.py:654} INFO - DAG(s) dict_keys(['example_sla_dag']) retrieved from /Users/namyoung/Desktop/myprj/airflow/airflow/lib/python3.7/site-packages/airflow/example_dags/example_sla_dag.py
[2023-10-17 11:02:29,927] {logging_mixin.py:109} INFO - [2023-10-17 11:02:29,927] {dag.py:2396} INFO - Sync 1 DAGs
[2023-10-17 11:02:29,937] {logging_mixin.py:109} INFO - [2023-10-17 11:02:29,936] {dag.py:2935} INFO - Setting next_dagrun for example_sla_dag to 2023-10-17T02:00:00+00:00
[2023-10-17 11:02:29,942] {processor.py:171} INFO - Processing /Users/namyoung/Desktop/myprj/airflow/airflow/lib/python3.7/site-packages/airflow/example_dags/example_sla_dag.py took 0.076 seconds
[2023-10-17 14:03:52,216] {processor.py:163} INFO - Started process (PID=33051) to work on /Users/namyoung/Desktop/myprj/airflow/airflow/lib/python3.7/site-packages/airflow/example_dags/example_sla_dag.py
[2023-10-17 14:03:52,218] {processor.py:642} INFO - Processing file /Users/namyoung/Desktop/myprj/airflow/airflow/lib/python3.7/site-packages/airflow/example_dags/example_sla_dag.py for tasks to queue
[2023-10-17 14:03:52,219] {logging_mixin.py:109} INFO - [2023-10-17 14:03:52,218] {dagbag.py:500} INFO - Filling up the DagBag from /Users/namyoung/Desktop/myprj/airflow/airflow/lib/python3.7/site-packages/airflow/example_dags/example_sla_dag.py
[2023-10-17 14:03:52,246] {processor.py:654} INFO - DAG(s) dict_keys(['example_sla_dag']) retrieved from /Users/namyoung/Desktop/myprj/airflow/airflow/lib/python3.7/site-packages/airflow/example_dags/example_sla_dag.py
[2023-10-17 14:03:52,254] {logging_mixin.py:109} INFO - [2023-10-17 14:03:52,254] {dag.py:2396} INFO - Sync 1 DAGs
[2023-10-17 14:03:52,264] {logging_mixin.py:109} INFO - [2023-10-17 14:03:52,264] {dag.py:2935} INFO - Setting next_dagrun for example_sla_dag to 2023-10-17T05:00:00+00:00
[2023-10-17 14:03:52,269] {processor.py:171} INFO - Processing /Users/namyoung/Desktop/myprj/airflow/airflow/lib/python3.7/site-packages/airflow/example_dags/example_sla_dag.py took 0.057 seconds
[2023-10-17 17:45:04,785] {processor.py:163} INFO - Started process (PID=33380) to work on /Users/namyoung/Desktop/myprj/airflow/airflow/lib/python3.7/site-packages/airflow/example_dags/example_sla_dag.py
[2023-10-17 17:45:04,786] {processor.py:642} INFO - Processing file /Users/namyoung/Desktop/myprj/airflow/airflow/lib/python3.7/site-packages/airflow/example_dags/example_sla_dag.py for tasks to queue
[2023-10-17 17:45:04,787] {logging_mixin.py:109} INFO - [2023-10-17 17:45:04,787] {dagbag.py:500} INFO - Filling up the DagBag from /Users/namyoung/Desktop/myprj/airflow/airflow/lib/python3.7/site-packages/airflow/example_dags/example_sla_dag.py
[2023-10-17 17:45:04,804] {processor.py:654} INFO - DAG(s) dict_keys(['example_sla_dag']) retrieved from /Users/namyoung/Desktop/myprj/airflow/airflow/lib/python3.7/site-packages/airflow/example_dags/example_sla_dag.py
[2023-10-17 17:45:04,810] {logging_mixin.py:109} INFO - [2023-10-17 17:45:04,810] {dag.py:2396} INFO - Sync 1 DAGs
[2023-10-17 17:45:04,820] {logging_mixin.py:109} INFO - [2023-10-17 17:45:04,820] {dag.py:2935} INFO - Setting next_dagrun for example_sla_dag to 2023-10-17T08:42:00+00:00
[2023-10-17 17:45:04,826] {processor.py:171} INFO - Processing /Users/namyoung/Desktop/myprj/airflow/airflow/lib/python3.7/site-packages/airflow/example_dags/example_sla_dag.py took 0.043 seconds
[2023-10-17 19:32:11,014] {processor.py:163} INFO - Started process (PID=33650) to work on /Users/namyoung/Desktop/myprj/airflow/airflow/lib/python3.7/site-packages/airflow/example_dags/example_sla_dag.py
[2023-10-17 19:32:11,016] {processor.py:642} INFO - Processing file /Users/namyoung/Desktop/myprj/airflow/airflow/lib/python3.7/site-packages/airflow/example_dags/example_sla_dag.py for tasks to queue
[2023-10-17 19:32:11,017] {logging_mixin.py:109} INFO - [2023-10-17 19:32:11,017] {dagbag.py:500} INFO - Filling up the DagBag from /Users/namyoung/Desktop/myprj/airflow/airflow/lib/python3.7/site-packages/airflow/example_dags/example_sla_dag.py
[2023-10-17 19:32:11,046] {processor.py:654} INFO - DAG(s) dict_keys(['example_sla_dag']) retrieved from /Users/namyoung/Desktop/myprj/airflow/airflow/lib/python3.7/site-packages/airflow/example_dags/example_sla_dag.py
[2023-10-17 19:32:11,054] {logging_mixin.py:109} INFO - [2023-10-17 19:32:11,054] {dag.py:2396} INFO - Sync 1 DAGs
[2023-10-17 19:32:11,064] {logging_mixin.py:109} INFO - [2023-10-17 19:32:11,064] {dag.py:2935} INFO - Setting next_dagrun for example_sla_dag to 2023-10-17T10:30:00+00:00
[2023-10-17 19:32:11,069] {processor.py:171} INFO - Processing /Users/namyoung/Desktop/myprj/airflow/airflow/lib/python3.7/site-packages/airflow/example_dags/example_sla_dag.py took 0.061 seconds
[2023-10-17 22:54:39,895] {processor.py:163} INFO - Started process (PID=33970) to work on /Users/namyoung/Desktop/myprj/airflow/airflow/lib/python3.7/site-packages/airflow/example_dags/example_sla_dag.py
[2023-10-17 22:54:39,896] {processor.py:642} INFO - Processing file /Users/namyoung/Desktop/myprj/airflow/airflow/lib/python3.7/site-packages/airflow/example_dags/example_sla_dag.py for tasks to queue
[2023-10-17 22:54:39,897] {logging_mixin.py:109} INFO - [2023-10-17 22:54:39,896] {dagbag.py:500} INFO - Filling up the DagBag from /Users/namyoung/Desktop/myprj/airflow/airflow/lib/python3.7/site-packages/airflow/example_dags/example_sla_dag.py
[2023-10-17 22:54:39,913] {processor.py:654} INFO - DAG(s) dict_keys(['example_sla_dag']) retrieved from /Users/namyoung/Desktop/myprj/airflow/airflow/lib/python3.7/site-packages/airflow/example_dags/example_sla_dag.py
[2023-10-17 22:54:39,919] {logging_mixin.py:109} INFO - [2023-10-17 22:54:39,919] {dag.py:2396} INFO - Sync 1 DAGs
[2023-10-17 22:54:39,927] {logging_mixin.py:109} INFO - [2023-10-17 22:54:39,927] {dag.py:2935} INFO - Setting next_dagrun for example_sla_dag to 2023-10-17T13:52:00+00:00
[2023-10-17 22:54:39,933] {processor.py:171} INFO - Processing /Users/namyoung/Desktop/myprj/airflow/airflow/lib/python3.7/site-packages/airflow/example_dags/example_sla_dag.py took 0.040 seconds
[2023-10-18 02:31:13,497] {processor.py:163} INFO - Started process (PID=34300) to work on /Users/namyoung/Desktop/myprj/airflow/airflow/lib/python3.7/site-packages/airflow/example_dags/example_sla_dag.py
[2023-10-18 02:31:13,498] {processor.py:642} INFO - Processing file /Users/namyoung/Desktop/myprj/airflow/airflow/lib/python3.7/site-packages/airflow/example_dags/example_sla_dag.py for tasks to queue
[2023-10-18 02:31:13,498] {logging_mixin.py:109} INFO - [2023-10-18 02:31:13,498] {dagbag.py:500} INFO - Filling up the DagBag from /Users/namyoung/Desktop/myprj/airflow/airflow/lib/python3.7/site-packages/airflow/example_dags/example_sla_dag.py
[2023-10-18 02:31:13,512] {processor.py:654} INFO - DAG(s) dict_keys(['example_sla_dag']) retrieved from /Users/namyoung/Desktop/myprj/airflow/airflow/lib/python3.7/site-packages/airflow/example_dags/example_sla_dag.py
[2023-10-18 02:31:13,518] {logging_mixin.py:109} INFO - [2023-10-18 02:31:13,518] {dag.py:2396} INFO - Sync 1 DAGs
[2023-10-18 02:31:13,527] {logging_mixin.py:109} INFO - [2023-10-18 02:31:13,526] {dag.py:2935} INFO - Setting next_dagrun for example_sla_dag to 2023-10-17T17:28:00+00:00
[2023-10-18 02:31:13,532] {processor.py:171} INFO - Processing /Users/namyoung/Desktop/myprj/airflow/airflow/lib/python3.7/site-packages/airflow/example_dags/example_sla_dag.py took 0.037 seconds
[2023-10-18 04:53:01,762] {processor.py:163} INFO - Started process (PID=34579) to work on /Users/namyoung/Desktop/myprj/airflow/airflow/lib/python3.7/site-packages/airflow/example_dags/example_sla_dag.py
[2023-10-18 04:53:01,763] {processor.py:642} INFO - Processing file /Users/namyoung/Desktop/myprj/airflow/airflow/lib/python3.7/site-packages/airflow/example_dags/example_sla_dag.py for tasks to queue
[2023-10-18 04:53:01,763] {logging_mixin.py:109} INFO - [2023-10-18 04:53:01,763] {dagbag.py:500} INFO - Filling up the DagBag from /Users/namyoung/Desktop/myprj/airflow/airflow/lib/python3.7/site-packages/airflow/example_dags/example_sla_dag.py
[2023-10-18 04:53:01,778] {processor.py:654} INFO - DAG(s) dict_keys(['example_sla_dag']) retrieved from /Users/namyoung/Desktop/myprj/airflow/airflow/lib/python3.7/site-packages/airflow/example_dags/example_sla_dag.py
[2023-10-18 04:53:01,784] {logging_mixin.py:109} INFO - [2023-10-18 04:53:01,784] {dag.py:2396} INFO - Sync 1 DAGs
[2023-10-18 04:53:01,794] {logging_mixin.py:109} INFO - [2023-10-18 04:53:01,794] {dag.py:2935} INFO - Setting next_dagrun for example_sla_dag to 2023-10-17T19:50:00+00:00
[2023-10-18 04:53:01,803] {processor.py:171} INFO - Processing /Users/namyoung/Desktop/myprj/airflow/airflow/lib/python3.7/site-packages/airflow/example_dags/example_sla_dag.py took 0.043 seconds
[2023-10-18 07:38:37,699] {processor.py:163} INFO - Started process (PID=34862) to work on /Users/namyoung/Desktop/myprj/airflow/airflow/lib/python3.7/site-packages/airflow/example_dags/example_sla_dag.py
[2023-10-18 07:38:37,701] {processor.py:642} INFO - Processing file /Users/namyoung/Desktop/myprj/airflow/airflow/lib/python3.7/site-packages/airflow/example_dags/example_sla_dag.py for tasks to queue
[2023-10-18 07:38:37,702] {logging_mixin.py:109} INFO - [2023-10-18 07:38:37,702] {dagbag.py:500} INFO - Filling up the DagBag from /Users/namyoung/Desktop/myprj/airflow/airflow/lib/python3.7/site-packages/airflow/example_dags/example_sla_dag.py
[2023-10-18 07:38:37,735] {processor.py:654} INFO - DAG(s) dict_keys(['example_sla_dag']) retrieved from /Users/namyoung/Desktop/myprj/airflow/airflow/lib/python3.7/site-packages/airflow/example_dags/example_sla_dag.py
[2023-10-18 07:38:37,748] {logging_mixin.py:109} INFO - [2023-10-18 07:38:37,747] {dag.py:2396} INFO - Sync 1 DAGs
[2023-10-18 07:38:37,760] {logging_mixin.py:109} INFO - [2023-10-18 07:38:37,760] {dag.py:2935} INFO - Setting next_dagrun for example_sla_dag to 2023-10-17T22:36:00+00:00
[2023-10-18 07:38:37,765] {processor.py:171} INFO - Processing /Users/namyoung/Desktop/myprj/airflow/airflow/lib/python3.7/site-packages/airflow/example_dags/example_sla_dag.py took 0.072 seconds
[2023-10-18 08:27:46,956] {processor.py:163} INFO - Started process (PID=34996) to work on /Users/namyoung/Desktop/myprj/airflow/airflow/lib/python3.7/site-packages/airflow/example_dags/example_sla_dag.py
[2023-10-18 08:27:46,958] {processor.py:642} INFO - Processing file /Users/namyoung/Desktop/myprj/airflow/airflow/lib/python3.7/site-packages/airflow/example_dags/example_sla_dag.py for tasks to queue
[2023-10-18 08:27:46,960] {logging_mixin.py:109} INFO - [2023-10-18 08:27:46,960] {dagbag.py:500} INFO - Filling up the DagBag from /Users/namyoung/Desktop/myprj/airflow/airflow/lib/python3.7/site-packages/airflow/example_dags/example_sla_dag.py
[2023-10-18 08:27:46,988] {processor.py:654} INFO - DAG(s) dict_keys(['example_sla_dag']) retrieved from /Users/namyoung/Desktop/myprj/airflow/airflow/lib/python3.7/site-packages/airflow/example_dags/example_sla_dag.py
[2023-10-18 08:27:46,996] {logging_mixin.py:109} INFO - [2023-10-18 08:27:46,995] {dag.py:2396} INFO - Sync 1 DAGs
[2023-10-18 08:27:47,006] {logging_mixin.py:109} INFO - [2023-10-18 08:27:47,006] {dag.py:2935} INFO - Setting next_dagrun for example_sla_dag to 2023-10-17T23:24:00+00:00
[2023-10-18 08:27:47,012] {processor.py:171} INFO - Processing /Users/namyoung/Desktop/myprj/airflow/airflow/lib/python3.7/site-packages/airflow/example_dags/example_sla_dag.py took 0.061 seconds
[2023-10-18 08:28:19,503] {processor.py:163} INFO - Started process (PID=35142) to work on /Users/namyoung/Desktop/myprj/airflow/airflow/lib/python3.7/site-packages/airflow/example_dags/example_sla_dag.py
[2023-10-18 08:28:19,504] {processor.py:642} INFO - Processing file /Users/namyoung/Desktop/myprj/airflow/airflow/lib/python3.7/site-packages/airflow/example_dags/example_sla_dag.py for tasks to queue
[2023-10-18 08:28:19,505] {logging_mixin.py:109} INFO - [2023-10-18 08:28:19,505] {dagbag.py:500} INFO - Filling up the DagBag from /Users/namyoung/Desktop/myprj/airflow/airflow/lib/python3.7/site-packages/airflow/example_dags/example_sla_dag.py
[2023-10-18 08:28:19,519] {processor.py:654} INFO - DAG(s) dict_keys(['example_sla_dag']) retrieved from /Users/namyoung/Desktop/myprj/airflow/airflow/lib/python3.7/site-packages/airflow/example_dags/example_sla_dag.py
[2023-10-18 08:28:19,525] {logging_mixin.py:109} INFO - [2023-10-18 08:28:19,525] {dag.py:2396} INFO - Sync 1 DAGs
[2023-10-18 08:28:19,534] {logging_mixin.py:109} INFO - [2023-10-18 08:28:19,534] {dag.py:2935} INFO - Setting next_dagrun for example_sla_dag to 2023-10-17T23:26:00+00:00
[2023-10-18 08:28:19,540] {processor.py:171} INFO - Processing /Users/namyoung/Desktop/myprj/airflow/airflow/lib/python3.7/site-packages/airflow/example_dags/example_sla_dag.py took 0.039 seconds
[2023-10-18 08:28:50,939] {processor.py:163} INFO - Started process (PID=35373) to work on /Users/namyoung/Desktop/myprj/airflow/airflow/lib/python3.7/site-packages/airflow/example_dags/example_sla_dag.py
[2023-10-18 08:28:50,940] {processor.py:642} INFO - Processing file /Users/namyoung/Desktop/myprj/airflow/airflow/lib/python3.7/site-packages/airflow/example_dags/example_sla_dag.py for tasks to queue
[2023-10-18 08:28:50,941] {logging_mixin.py:109} INFO - [2023-10-18 08:28:50,941] {dagbag.py:500} INFO - Filling up the DagBag from /Users/namyoung/Desktop/myprj/airflow/airflow/lib/python3.7/site-packages/airflow/example_dags/example_sla_dag.py
[2023-10-18 08:28:50,960] {processor.py:654} INFO - DAG(s) dict_keys(['example_sla_dag']) retrieved from /Users/namyoung/Desktop/myprj/airflow/airflow/lib/python3.7/site-packages/airflow/example_dags/example_sla_dag.py
[2023-10-18 08:28:50,966] {logging_mixin.py:109} INFO - [2023-10-18 08:28:50,966] {dag.py:2396} INFO - Sync 1 DAGs
[2023-10-18 08:28:50,976] {logging_mixin.py:109} INFO - [2023-10-18 08:28:50,976] {dag.py:2935} INFO - Setting next_dagrun for example_sla_dag to 2023-10-17T23:26:00+00:00
[2023-10-18 08:28:50,982] {processor.py:171} INFO - Processing /Users/namyoung/Desktop/myprj/airflow/airflow/lib/python3.7/site-packages/airflow/example_dags/example_sla_dag.py took 0.047 seconds
[2023-10-18 08:29:24,533] {processor.py:163} INFO - Started process (PID=35419) to work on /Users/namyoung/Desktop/myprj/airflow/airflow/lib/python3.7/site-packages/airflow/example_dags/example_sla_dag.py
[2023-10-18 08:29:24,535] {processor.py:642} INFO - Processing file /Users/namyoung/Desktop/myprj/airflow/airflow/lib/python3.7/site-packages/airflow/example_dags/example_sla_dag.py for tasks to queue
[2023-10-18 08:29:24,536] {logging_mixin.py:109} INFO - [2023-10-18 08:29:24,535] {dagbag.py:500} INFO - Filling up the DagBag from /Users/namyoung/Desktop/myprj/airflow/airflow/lib/python3.7/site-packages/airflow/example_dags/example_sla_dag.py
[2023-10-18 08:29:24,562] {processor.py:654} INFO - DAG(s) dict_keys(['example_sla_dag']) retrieved from /Users/namyoung/Desktop/myprj/airflow/airflow/lib/python3.7/site-packages/airflow/example_dags/example_sla_dag.py
[2023-10-18 08:29:24,571] {logging_mixin.py:109} INFO - [2023-10-18 08:29:24,570] {dag.py:2396} INFO - Sync 1 DAGs
[2023-10-18 08:29:24,582] {logging_mixin.py:109} INFO - [2023-10-18 08:29:24,582] {dag.py:2935} INFO - Setting next_dagrun for example_sla_dag to 2023-10-17T23:26:00+00:00
[2023-10-18 08:29:24,588] {processor.py:171} INFO - Processing /Users/namyoung/Desktop/myprj/airflow/airflow/lib/python3.7/site-packages/airflow/example_dags/example_sla_dag.py took 0.060 seconds
[2023-10-18 08:29:58,300] {processor.py:163} INFO - Started process (PID=35482) to work on /Users/namyoung/Desktop/myprj/airflow/airflow/lib/python3.7/site-packages/airflow/example_dags/example_sla_dag.py
[2023-10-18 08:29:58,302] {processor.py:642} INFO - Processing file /Users/namyoung/Desktop/myprj/airflow/airflow/lib/python3.7/site-packages/airflow/example_dags/example_sla_dag.py for tasks to queue
[2023-10-18 08:29:58,303] {logging_mixin.py:109} INFO - [2023-10-18 08:29:58,302] {dagbag.py:500} INFO - Filling up the DagBag from /Users/namyoung/Desktop/myprj/airflow/airflow/lib/python3.7/site-packages/airflow/example_dags/example_sla_dag.py
[2023-10-18 08:29:58,323] {processor.py:654} INFO - DAG(s) dict_keys(['example_sla_dag']) retrieved from /Users/namyoung/Desktop/myprj/airflow/airflow/lib/python3.7/site-packages/airflow/example_dags/example_sla_dag.py
[2023-10-18 08:29:58,329] {logging_mixin.py:109} INFO - [2023-10-18 08:29:58,329] {dag.py:2396} INFO - Sync 1 DAGs
[2023-10-18 08:29:58,339] {logging_mixin.py:109} INFO - [2023-10-18 08:29:58,339] {dag.py:2935} INFO - Setting next_dagrun for example_sla_dag to 2023-10-17T23:26:00+00:00
[2023-10-18 08:29:58,346] {processor.py:171} INFO - Processing /Users/namyoung/Desktop/myprj/airflow/airflow/lib/python3.7/site-packages/airflow/example_dags/example_sla_dag.py took 0.049 seconds
