[2023-10-17 10:54:45,972] {processor.py:163} INFO - Started process (PID=32704) to work on /Users/namyoung/Desktop/myprj/airflow/airflow/lib/python3.7/site-packages/airflow/example_dags/tutorial_taskflow_api_etl_virtualenv.py
[2023-10-17 10:54:45,973] {processor.py:642} INFO - Processing file /Users/namyoung/Desktop/myprj/airflow/airflow/lib/python3.7/site-packages/airflow/example_dags/tutorial_taskflow_api_etl_virtualenv.py for tasks to queue
[2023-10-17 10:54:45,974] {logging_mixin.py:109} INFO - [2023-10-17 10:54:45,973] {dagbag.py:500} INFO - Filling up the DagBag from /Users/namyoung/Desktop/myprj/airflow/airflow/lib/python3.7/site-packages/airflow/example_dags/tutorial_taskflow_api_etl_virtualenv.py
[2023-10-17 10:54:45,988] {processor.py:654} INFO - DAG(s) dict_keys(['tutorial_taskflow_api_etl_virtualenv']) retrieved from /Users/namyoung/Desktop/myprj/airflow/airflow/lib/python3.7/site-packages/airflow/example_dags/tutorial_taskflow_api_etl_virtualenv.py
[2023-10-17 10:54:46,138] {logging_mixin.py:109} INFO - [2023-10-17 10:54:46,138] {dag.py:2396} INFO - Sync 1 DAGs
[2023-10-17 10:54:46,145] {logging_mixin.py:109} INFO - [2023-10-17 10:54:46,145] {dag.py:2935} INFO - Setting next_dagrun for tutorial_taskflow_api_etl_virtualenv to None
[2023-10-17 10:54:46,151] {processor.py:171} INFO - Processing /Users/namyoung/Desktop/myprj/airflow/airflow/lib/python3.7/site-packages/airflow/example_dags/tutorial_taskflow_api_etl_virtualenv.py took 0.181 seconds
[2023-10-17 12:56:23,986] {processor.py:163} INFO - Started process (PID=32980) to work on /Users/namyoung/Desktop/myprj/airflow/airflow/lib/python3.7/site-packages/airflow/example_dags/tutorial_taskflow_api_etl_virtualenv.py
[2023-10-17 12:56:23,986] {processor.py:642} INFO - Processing file /Users/namyoung/Desktop/myprj/airflow/airflow/lib/python3.7/site-packages/airflow/example_dags/tutorial_taskflow_api_etl_virtualenv.py for tasks to queue
[2023-10-17 12:56:23,987] {logging_mixin.py:109} INFO - [2023-10-17 12:56:23,987] {dagbag.py:500} INFO - Filling up the DagBag from /Users/namyoung/Desktop/myprj/airflow/airflow/lib/python3.7/site-packages/airflow/example_dags/tutorial_taskflow_api_etl_virtualenv.py
[2023-10-17 12:56:24,002] {processor.py:654} INFO - DAG(s) dict_keys(['tutorial_taskflow_api_etl_virtualenv']) retrieved from /Users/namyoung/Desktop/myprj/airflow/airflow/lib/python3.7/site-packages/airflow/example_dags/tutorial_taskflow_api_etl_virtualenv.py
[2023-10-17 12:56:24,184] {logging_mixin.py:109} INFO - [2023-10-17 12:56:24,184] {dag.py:2396} INFO - Sync 1 DAGs
[2023-10-17 12:56:24,190] {logging_mixin.py:109} INFO - [2023-10-17 12:56:24,190] {dag.py:2935} INFO - Setting next_dagrun for tutorial_taskflow_api_etl_virtualenv to None
[2023-10-17 12:56:24,196] {processor.py:171} INFO - Processing /Users/namyoung/Desktop/myprj/airflow/airflow/lib/python3.7/site-packages/airflow/example_dags/tutorial_taskflow_api_etl_virtualenv.py took 0.212 seconds
[2023-10-17 16:04:29,786] {processor.py:163} INFO - Started process (PID=33290) to work on /Users/namyoung/Desktop/myprj/airflow/airflow/lib/python3.7/site-packages/airflow/example_dags/tutorial_taskflow_api_etl_virtualenv.py
[2023-10-17 16:04:29,787] {processor.py:642} INFO - Processing file /Users/namyoung/Desktop/myprj/airflow/airflow/lib/python3.7/site-packages/airflow/example_dags/tutorial_taskflow_api_etl_virtualenv.py for tasks to queue
[2023-10-17 16:04:29,787] {logging_mixin.py:109} INFO - [2023-10-17 16:04:29,787] {dagbag.py:500} INFO - Filling up the DagBag from /Users/namyoung/Desktop/myprj/airflow/airflow/lib/python3.7/site-packages/airflow/example_dags/tutorial_taskflow_api_etl_virtualenv.py
[2023-10-17 16:04:29,801] {processor.py:654} INFO - DAG(s) dict_keys(['tutorial_taskflow_api_etl_virtualenv']) retrieved from /Users/namyoung/Desktop/myprj/airflow/airflow/lib/python3.7/site-packages/airflow/example_dags/tutorial_taskflow_api_etl_virtualenv.py
[2023-10-17 16:04:29,923] {logging_mixin.py:109} INFO - [2023-10-17 16:04:29,923] {dag.py:2396} INFO - Sync 1 DAGs
[2023-10-17 16:04:29,929] {logging_mixin.py:109} INFO - [2023-10-17 16:04:29,929] {dag.py:2935} INFO - Setting next_dagrun for tutorial_taskflow_api_etl_virtualenv to None
[2023-10-17 16:04:29,935] {processor.py:171} INFO - Processing /Users/namyoung/Desktop/myprj/airflow/airflow/lib/python3.7/site-packages/airflow/example_dags/tutorial_taskflow_api_etl_virtualenv.py took 0.151 seconds
[2023-10-17 19:15:24,729] {processor.py:163} INFO - Started process (PID=33619) to work on /Users/namyoung/Desktop/myprj/airflow/airflow/lib/python3.7/site-packages/airflow/example_dags/tutorial_taskflow_api_etl_virtualenv.py
[2023-10-17 19:15:24,731] {processor.py:642} INFO - Processing file /Users/namyoung/Desktop/myprj/airflow/airflow/lib/python3.7/site-packages/airflow/example_dags/tutorial_taskflow_api_etl_virtualenv.py for tasks to queue
[2023-10-17 19:15:24,733] {logging_mixin.py:109} INFO - [2023-10-17 19:15:24,732] {dagbag.py:500} INFO - Filling up the DagBag from /Users/namyoung/Desktop/myprj/airflow/airflow/lib/python3.7/site-packages/airflow/example_dags/tutorial_taskflow_api_etl_virtualenv.py
[2023-10-17 19:15:24,758] {processor.py:654} INFO - DAG(s) dict_keys(['tutorial_taskflow_api_etl_virtualenv']) retrieved from /Users/namyoung/Desktop/myprj/airflow/airflow/lib/python3.7/site-packages/airflow/example_dags/tutorial_taskflow_api_etl_virtualenv.py
[2023-10-17 19:15:24,917] {logging_mixin.py:109} INFO - [2023-10-17 19:15:24,917] {dag.py:2396} INFO - Sync 1 DAGs
[2023-10-17 19:15:24,922] {logging_mixin.py:109} INFO - [2023-10-17 19:15:24,922] {dag.py:2935} INFO - Setting next_dagrun for tutorial_taskflow_api_etl_virtualenv to None
[2023-10-17 19:15:24,928] {processor.py:171} INFO - Processing /Users/namyoung/Desktop/myprj/airflow/airflow/lib/python3.7/site-packages/airflow/example_dags/tutorial_taskflow_api_etl_virtualenv.py took 0.203 seconds
[2023-10-17 21:30:15,940] {processor.py:163} INFO - Started process (PID=33804) to work on /Users/namyoung/Desktop/myprj/airflow/airflow/lib/python3.7/site-packages/airflow/example_dags/tutorial_taskflow_api_etl_virtualenv.py
[2023-10-17 21:30:15,941] {processor.py:642} INFO - Processing file /Users/namyoung/Desktop/myprj/airflow/airflow/lib/python3.7/site-packages/airflow/example_dags/tutorial_taskflow_api_etl_virtualenv.py for tasks to queue
[2023-10-17 21:30:15,941] {logging_mixin.py:109} INFO - [2023-10-17 21:30:15,941] {dagbag.py:500} INFO - Filling up the DagBag from /Users/namyoung/Desktop/myprj/airflow/airflow/lib/python3.7/site-packages/airflow/example_dags/tutorial_taskflow_api_etl_virtualenv.py
[2023-10-17 21:30:15,955] {processor.py:654} INFO - DAG(s) dict_keys(['tutorial_taskflow_api_etl_virtualenv']) retrieved from /Users/namyoung/Desktop/myprj/airflow/airflow/lib/python3.7/site-packages/airflow/example_dags/tutorial_taskflow_api_etl_virtualenv.py
[2023-10-17 21:30:16,082] {logging_mixin.py:109} INFO - [2023-10-17 21:30:16,082] {dag.py:2396} INFO - Sync 1 DAGs
[2023-10-17 21:30:16,088] {logging_mixin.py:109} INFO - [2023-10-17 21:30:16,088] {dag.py:2935} INFO - Setting next_dagrun for tutorial_taskflow_api_etl_virtualenv to None
[2023-10-17 21:30:16,096] {processor.py:171} INFO - Processing /Users/namyoung/Desktop/myprj/airflow/airflow/lib/python3.7/site-packages/airflow/example_dags/tutorial_taskflow_api_etl_virtualenv.py took 0.158 seconds
[2023-10-18 01:09:18,632] {processor.py:163} INFO - Started process (PID=34210) to work on /Users/namyoung/Desktop/myprj/airflow/airflow/lib/python3.7/site-packages/airflow/example_dags/tutorial_taskflow_api_etl_virtualenv.py
[2023-10-18 01:09:18,632] {processor.py:642} INFO - Processing file /Users/namyoung/Desktop/myprj/airflow/airflow/lib/python3.7/site-packages/airflow/example_dags/tutorial_taskflow_api_etl_virtualenv.py for tasks to queue
[2023-10-18 01:09:18,633] {logging_mixin.py:109} INFO - [2023-10-18 01:09:18,633] {dagbag.py:500} INFO - Filling up the DagBag from /Users/namyoung/Desktop/myprj/airflow/airflow/lib/python3.7/site-packages/airflow/example_dags/tutorial_taskflow_api_etl_virtualenv.py
[2023-10-18 01:09:18,651] {processor.py:654} INFO - DAG(s) dict_keys(['tutorial_taskflow_api_etl_virtualenv']) retrieved from /Users/namyoung/Desktop/myprj/airflow/airflow/lib/python3.7/site-packages/airflow/example_dags/tutorial_taskflow_api_etl_virtualenv.py
[2023-10-18 01:09:18,807] {logging_mixin.py:109} INFO - [2023-10-18 01:09:18,806] {dag.py:2396} INFO - Sync 1 DAGs
[2023-10-18 01:09:18,858] {logging_mixin.py:109} INFO - [2023-10-18 01:09:18,858] {dag.py:2935} INFO - Setting next_dagrun for tutorial_taskflow_api_etl_virtualenv to None
[2023-10-18 01:09:18,865] {processor.py:171} INFO - Processing /Users/namyoung/Desktop/myprj/airflow/airflow/lib/python3.7/site-packages/airflow/example_dags/tutorial_taskflow_api_etl_virtualenv.py took 0.235 seconds
[2023-10-18 03:28:31,934] {processor.py:163} INFO - Started process (PID=34381) to work on /Users/namyoung/Desktop/myprj/airflow/airflow/lib/python3.7/site-packages/airflow/example_dags/tutorial_taskflow_api_etl_virtualenv.py
[2023-10-18 03:28:31,936] {processor.py:642} INFO - Processing file /Users/namyoung/Desktop/myprj/airflow/airflow/lib/python3.7/site-packages/airflow/example_dags/tutorial_taskflow_api_etl_virtualenv.py for tasks to queue
[2023-10-18 03:28:31,937] {logging_mixin.py:109} INFO - [2023-10-18 03:28:31,936] {dagbag.py:500} INFO - Filling up the DagBag from /Users/namyoung/Desktop/myprj/airflow/airflow/lib/python3.7/site-packages/airflow/example_dags/tutorial_taskflow_api_etl_virtualenv.py
[2023-10-18 03:28:31,964] {processor.py:654} INFO - DAG(s) dict_keys(['tutorial_taskflow_api_etl_virtualenv']) retrieved from /Users/namyoung/Desktop/myprj/airflow/airflow/lib/python3.7/site-packages/airflow/example_dags/tutorial_taskflow_api_etl_virtualenv.py
[2023-10-18 03:28:32,123] {logging_mixin.py:109} INFO - [2023-10-18 03:28:32,123] {dag.py:2396} INFO - Sync 1 DAGs
[2023-10-18 03:28:32,129] {logging_mixin.py:109} INFO - [2023-10-18 03:28:32,129] {dag.py:2935} INFO - Setting next_dagrun for tutorial_taskflow_api_etl_virtualenv to None
[2023-10-18 03:28:32,135] {processor.py:171} INFO - Processing /Users/namyoung/Desktop/myprj/airflow/airflow/lib/python3.7/site-packages/airflow/example_dags/tutorial_taskflow_api_etl_virtualenv.py took 0.207 seconds
[2023-10-18 05:59:35,824] {processor.py:163} INFO - Started process (PID=34644) to work on /Users/namyoung/Desktop/myprj/airflow/airflow/lib/python3.7/site-packages/airflow/example_dags/tutorial_taskflow_api_etl_virtualenv.py
[2023-10-18 05:59:35,825] {processor.py:642} INFO - Processing file /Users/namyoung/Desktop/myprj/airflow/airflow/lib/python3.7/site-packages/airflow/example_dags/tutorial_taskflow_api_etl_virtualenv.py for tasks to queue
[2023-10-18 05:59:35,827] {logging_mixin.py:109} INFO - [2023-10-18 05:59:35,826] {dagbag.py:500} INFO - Filling up the DagBag from /Users/namyoung/Desktop/myprj/airflow/airflow/lib/python3.7/site-packages/airflow/example_dags/tutorial_taskflow_api_etl_virtualenv.py
[2023-10-18 05:59:35,849] {processor.py:654} INFO - DAG(s) dict_keys(['tutorial_taskflow_api_etl_virtualenv']) retrieved from /Users/namyoung/Desktop/myprj/airflow/airflow/lib/python3.7/site-packages/airflow/example_dags/tutorial_taskflow_api_etl_virtualenv.py
[2023-10-18 05:59:35,980] {logging_mixin.py:109} INFO - [2023-10-18 05:59:35,979] {dag.py:2396} INFO - Sync 1 DAGs
[2023-10-18 05:59:35,987] {logging_mixin.py:109} INFO - [2023-10-18 05:59:35,986] {dag.py:2935} INFO - Setting next_dagrun for tutorial_taskflow_api_etl_virtualenv to None
[2023-10-18 05:59:35,993] {processor.py:171} INFO - Processing /Users/namyoung/Desktop/myprj/airflow/airflow/lib/python3.7/site-packages/airflow/example_dags/tutorial_taskflow_api_etl_virtualenv.py took 0.174 seconds
[2023-10-18 08:27:33,761] {processor.py:163} INFO - Started process (PID=34974) to work on /Users/namyoung/Desktop/myprj/airflow/airflow/lib/python3.7/site-packages/airflow/example_dags/tutorial_taskflow_api_etl_virtualenv.py
[2023-10-18 08:27:33,762] {processor.py:642} INFO - Processing file /Users/namyoung/Desktop/myprj/airflow/airflow/lib/python3.7/site-packages/airflow/example_dags/tutorial_taskflow_api_etl_virtualenv.py for tasks to queue
[2023-10-18 08:27:33,763] {logging_mixin.py:109} INFO - [2023-10-18 08:27:33,763] {dagbag.py:500} INFO - Filling up the DagBag from /Users/namyoung/Desktop/myprj/airflow/airflow/lib/python3.7/site-packages/airflow/example_dags/tutorial_taskflow_api_etl_virtualenv.py
[2023-10-18 08:27:33,793] {processor.py:654} INFO - DAG(s) dict_keys(['tutorial_taskflow_api_etl_virtualenv']) retrieved from /Users/namyoung/Desktop/myprj/airflow/airflow/lib/python3.7/site-packages/airflow/example_dags/tutorial_taskflow_api_etl_virtualenv.py
[2023-10-18 08:27:33,967] {logging_mixin.py:109} INFO - [2023-10-18 08:27:33,967] {dag.py:2396} INFO - Sync 1 DAGs
[2023-10-18 08:27:33,973] {logging_mixin.py:109} INFO - [2023-10-18 08:27:33,973] {dag.py:2935} INFO - Setting next_dagrun for tutorial_taskflow_api_etl_virtualenv to None
[2023-10-18 08:27:33,979] {processor.py:171} INFO - Processing /Users/namyoung/Desktop/myprj/airflow/airflow/lib/python3.7/site-packages/airflow/example_dags/tutorial_taskflow_api_etl_virtualenv.py took 0.221 seconds
[2023-10-18 08:28:06,456] {processor.py:163} INFO - Started process (PID=35123) to work on /Users/namyoung/Desktop/myprj/airflow/airflow/lib/python3.7/site-packages/airflow/example_dags/tutorial_taskflow_api_etl_virtualenv.py
[2023-10-18 08:28:06,458] {processor.py:642} INFO - Processing file /Users/namyoung/Desktop/myprj/airflow/airflow/lib/python3.7/site-packages/airflow/example_dags/tutorial_taskflow_api_etl_virtualenv.py for tasks to queue
[2023-10-18 08:28:06,460] {logging_mixin.py:109} INFO - [2023-10-18 08:28:06,459] {dagbag.py:500} INFO - Filling up the DagBag from /Users/namyoung/Desktop/myprj/airflow/airflow/lib/python3.7/site-packages/airflow/example_dags/tutorial_taskflow_api_etl_virtualenv.py
[2023-10-18 08:28:06,488] {processor.py:654} INFO - DAG(s) dict_keys(['tutorial_taskflow_api_etl_virtualenv']) retrieved from /Users/namyoung/Desktop/myprj/airflow/airflow/lib/python3.7/site-packages/airflow/example_dags/tutorial_taskflow_api_etl_virtualenv.py
[2023-10-18 08:28:06,652] {logging_mixin.py:109} INFO - [2023-10-18 08:28:06,651] {dag.py:2396} INFO - Sync 1 DAGs
[2023-10-18 08:28:06,657] {logging_mixin.py:109} INFO - [2023-10-18 08:28:06,657] {dag.py:2935} INFO - Setting next_dagrun for tutorial_taskflow_api_etl_virtualenv to None
[2023-10-18 08:28:06,663] {processor.py:171} INFO - Processing /Users/namyoung/Desktop/myprj/airflow/airflow/lib/python3.7/site-packages/airflow/example_dags/tutorial_taskflow_api_etl_virtualenv.py took 0.212 seconds
[2023-10-18 08:28:37,889] {processor.py:163} INFO - Started process (PID=35351) to work on /Users/namyoung/Desktop/myprj/airflow/airflow/lib/python3.7/site-packages/airflow/example_dags/tutorial_taskflow_api_etl_virtualenv.py
[2023-10-18 08:28:37,890] {processor.py:642} INFO - Processing file /Users/namyoung/Desktop/myprj/airflow/airflow/lib/python3.7/site-packages/airflow/example_dags/tutorial_taskflow_api_etl_virtualenv.py for tasks to queue
[2023-10-18 08:28:37,891] {logging_mixin.py:109} INFO - [2023-10-18 08:28:37,891] {dagbag.py:500} INFO - Filling up the DagBag from /Users/namyoung/Desktop/myprj/airflow/airflow/lib/python3.7/site-packages/airflow/example_dags/tutorial_taskflow_api_etl_virtualenv.py
[2023-10-18 08:28:37,914] {processor.py:654} INFO - DAG(s) dict_keys(['tutorial_taskflow_api_etl_virtualenv']) retrieved from /Users/namyoung/Desktop/myprj/airflow/airflow/lib/python3.7/site-packages/airflow/example_dags/tutorial_taskflow_api_etl_virtualenv.py
[2023-10-18 08:28:38,078] {logging_mixin.py:109} INFO - [2023-10-18 08:28:38,078] {dag.py:2396} INFO - Sync 1 DAGs
[2023-10-18 08:28:38,084] {logging_mixin.py:109} INFO - [2023-10-18 08:28:38,084] {dag.py:2935} INFO - Setting next_dagrun for tutorial_taskflow_api_etl_virtualenv to None
[2023-10-18 08:28:38,089] {processor.py:171} INFO - Processing /Users/namyoung/Desktop/myprj/airflow/airflow/lib/python3.7/site-packages/airflow/example_dags/tutorial_taskflow_api_etl_virtualenv.py took 0.204 seconds
[2023-10-18 08:29:10,426] {processor.py:163} INFO - Started process (PID=35397) to work on /Users/namyoung/Desktop/myprj/airflow/airflow/lib/python3.7/site-packages/airflow/example_dags/tutorial_taskflow_api_etl_virtualenv.py
[2023-10-18 08:29:10,428] {processor.py:642} INFO - Processing file /Users/namyoung/Desktop/myprj/airflow/airflow/lib/python3.7/site-packages/airflow/example_dags/tutorial_taskflow_api_etl_virtualenv.py for tasks to queue
[2023-10-18 08:29:10,429] {logging_mixin.py:109} INFO - [2023-10-18 08:29:10,429] {dagbag.py:500} INFO - Filling up the DagBag from /Users/namyoung/Desktop/myprj/airflow/airflow/lib/python3.7/site-packages/airflow/example_dags/tutorial_taskflow_api_etl_virtualenv.py
[2023-10-18 08:29:10,451] {processor.py:654} INFO - DAG(s) dict_keys(['tutorial_taskflow_api_etl_virtualenv']) retrieved from /Users/namyoung/Desktop/myprj/airflow/airflow/lib/python3.7/site-packages/airflow/example_dags/tutorial_taskflow_api_etl_virtualenv.py
[2023-10-18 08:29:10,623] {logging_mixin.py:109} INFO - [2023-10-18 08:29:10,623] {dag.py:2396} INFO - Sync 1 DAGs
[2023-10-18 08:29:10,629] {logging_mixin.py:109} INFO - [2023-10-18 08:29:10,629] {dag.py:2935} INFO - Setting next_dagrun for tutorial_taskflow_api_etl_virtualenv to None
[2023-10-18 08:29:10,635] {processor.py:171} INFO - Processing /Users/namyoung/Desktop/myprj/airflow/airflow/lib/python3.7/site-packages/airflow/example_dags/tutorial_taskflow_api_etl_virtualenv.py took 0.213 seconds
[2023-10-18 08:29:44,108] {processor.py:163} INFO - Started process (PID=35447) to work on /Users/namyoung/Desktop/myprj/airflow/airflow/lib/python3.7/site-packages/airflow/example_dags/tutorial_taskflow_api_etl_virtualenv.py
[2023-10-18 08:29:44,110] {processor.py:642} INFO - Processing file /Users/namyoung/Desktop/myprj/airflow/airflow/lib/python3.7/site-packages/airflow/example_dags/tutorial_taskflow_api_etl_virtualenv.py for tasks to queue
[2023-10-18 08:29:44,111] {logging_mixin.py:109} INFO - [2023-10-18 08:29:44,110] {dagbag.py:500} INFO - Filling up the DagBag from /Users/namyoung/Desktop/myprj/airflow/airflow/lib/python3.7/site-packages/airflow/example_dags/tutorial_taskflow_api_etl_virtualenv.py
[2023-10-18 08:29:44,135] {processor.py:654} INFO - DAG(s) dict_keys(['tutorial_taskflow_api_etl_virtualenv']) retrieved from /Users/namyoung/Desktop/myprj/airflow/airflow/lib/python3.7/site-packages/airflow/example_dags/tutorial_taskflow_api_etl_virtualenv.py
[2023-10-18 08:29:44,294] {logging_mixin.py:109} INFO - [2023-10-18 08:29:44,293] {dag.py:2396} INFO - Sync 1 DAGs
[2023-10-18 08:29:44,299] {logging_mixin.py:109} INFO - [2023-10-18 08:29:44,299] {dag.py:2935} INFO - Setting next_dagrun for tutorial_taskflow_api_etl_virtualenv to None
[2023-10-18 08:29:44,305] {processor.py:171} INFO - Processing /Users/namyoung/Desktop/myprj/airflow/airflow/lib/python3.7/site-packages/airflow/example_dags/tutorial_taskflow_api_etl_virtualenv.py took 0.201 seconds
