[2023-10-17 10:54:47,222] {processor.py:163} INFO - Started process (PID=32719) to work on /Users/namyoung/Desktop/myprj/airflow/airflow/lib/python3.7/site-packages/airflow/example_dags/tutorial_taskflow_api_etl.py
[2023-10-17 10:54:47,223] {processor.py:642} INFO - Processing file /Users/namyoung/Desktop/myprj/airflow/airflow/lib/python3.7/site-packages/airflow/example_dags/tutorial_taskflow_api_etl.py for tasks to queue
[2023-10-17 10:54:47,223] {logging_mixin.py:109} INFO - [2023-10-17 10:54:47,223] {dagbag.py:500} INFO - Filling up the DagBag from /Users/namyoung/Desktop/myprj/airflow/airflow/lib/python3.7/site-packages/airflow/example_dags/tutorial_taskflow_api_etl.py
[2023-10-17 10:54:47,237] {processor.py:654} INFO - DAG(s) dict_keys(['tutorial_taskflow_api_etl']) retrieved from /Users/namyoung/Desktop/myprj/airflow/airflow/lib/python3.7/site-packages/airflow/example_dags/tutorial_taskflow_api_etl.py
[2023-10-17 10:54:47,362] {logging_mixin.py:109} INFO - [2023-10-17 10:54:47,362] {dag.py:2396} INFO - Sync 1 DAGs
[2023-10-17 10:54:47,368] {logging_mixin.py:109} INFO - [2023-10-17 10:54:47,368] {dag.py:2935} INFO - Setting next_dagrun for tutorial_taskflow_api_etl to None
[2023-10-17 10:54:47,374] {processor.py:171} INFO - Processing /Users/namyoung/Desktop/myprj/airflow/airflow/lib/python3.7/site-packages/airflow/example_dags/tutorial_taskflow_api_etl.py took 0.154 seconds
[2023-10-17 12:56:25,337] {processor.py:163} INFO - Started process (PID=32987) to work on /Users/namyoung/Desktop/myprj/airflow/airflow/lib/python3.7/site-packages/airflow/example_dags/tutorial_taskflow_api_etl.py
[2023-10-17 12:56:25,338] {processor.py:642} INFO - Processing file /Users/namyoung/Desktop/myprj/airflow/airflow/lib/python3.7/site-packages/airflow/example_dags/tutorial_taskflow_api_etl.py for tasks to queue
[2023-10-17 12:56:25,338] {logging_mixin.py:109} INFO - [2023-10-17 12:56:25,338] {dagbag.py:500} INFO - Filling up the DagBag from /Users/namyoung/Desktop/myprj/airflow/airflow/lib/python3.7/site-packages/airflow/example_dags/tutorial_taskflow_api_etl.py
[2023-10-17 12:56:25,351] {processor.py:654} INFO - DAG(s) dict_keys(['tutorial_taskflow_api_etl']) retrieved from /Users/namyoung/Desktop/myprj/airflow/airflow/lib/python3.7/site-packages/airflow/example_dags/tutorial_taskflow_api_etl.py
[2023-10-17 12:56:25,518] {logging_mixin.py:109} INFO - [2023-10-17 12:56:25,518] {dag.py:2396} INFO - Sync 1 DAGs
[2023-10-17 12:56:25,524] {logging_mixin.py:109} INFO - [2023-10-17 12:56:25,524] {dag.py:2935} INFO - Setting next_dagrun for tutorial_taskflow_api_etl to None
[2023-10-17 12:56:25,531] {processor.py:171} INFO - Processing /Users/namyoung/Desktop/myprj/airflow/airflow/lib/python3.7/site-packages/airflow/example_dags/tutorial_taskflow_api_etl.py took 0.197 seconds
[2023-10-17 16:22:02,927] {processor.py:163} INFO - Started process (PID=33293) to work on /Users/namyoung/Desktop/myprj/airflow/airflow/lib/python3.7/site-packages/airflow/example_dags/tutorial_taskflow_api_etl.py
[2023-10-17 16:22:02,928] {processor.py:642} INFO - Processing file /Users/namyoung/Desktop/myprj/airflow/airflow/lib/python3.7/site-packages/airflow/example_dags/tutorial_taskflow_api_etl.py for tasks to queue
[2023-10-17 16:22:02,929] {logging_mixin.py:109} INFO - [2023-10-17 16:22:02,929] {dagbag.py:500} INFO - Filling up the DagBag from /Users/namyoung/Desktop/myprj/airflow/airflow/lib/python3.7/site-packages/airflow/example_dags/tutorial_taskflow_api_etl.py
[2023-10-17 16:22:02,948] {processor.py:654} INFO - DAG(s) dict_keys(['tutorial_taskflow_api_etl']) retrieved from /Users/namyoung/Desktop/myprj/airflow/airflow/lib/python3.7/site-packages/airflow/example_dags/tutorial_taskflow_api_etl.py
[2023-10-17 16:22:03,073] {logging_mixin.py:109} INFO - [2023-10-17 16:22:03,073] {dag.py:2396} INFO - Sync 1 DAGs
[2023-10-17 16:22:03,079] {logging_mixin.py:109} INFO - [2023-10-17 16:22:03,079] {dag.py:2935} INFO - Setting next_dagrun for tutorial_taskflow_api_etl to None
[2023-10-17 16:22:03,085] {processor.py:171} INFO - Processing /Users/namyoung/Desktop/myprj/airflow/airflow/lib/python3.7/site-packages/airflow/example_dags/tutorial_taskflow_api_etl.py took 0.161 seconds
[2023-10-17 19:15:25,214] {processor.py:163} INFO - Started process (PID=33620) to work on /Users/namyoung/Desktop/myprj/airflow/airflow/lib/python3.7/site-packages/airflow/example_dags/tutorial_taskflow_api_etl.py
[2023-10-17 19:15:25,216] {processor.py:642} INFO - Processing file /Users/namyoung/Desktop/myprj/airflow/airflow/lib/python3.7/site-packages/airflow/example_dags/tutorial_taskflow_api_etl.py for tasks to queue
[2023-10-17 19:15:25,217] {logging_mixin.py:109} INFO - [2023-10-17 19:15:25,217] {dagbag.py:500} INFO - Filling up the DagBag from /Users/namyoung/Desktop/myprj/airflow/airflow/lib/python3.7/site-packages/airflow/example_dags/tutorial_taskflow_api_etl.py
[2023-10-17 19:15:25,244] {processor.py:654} INFO - DAG(s) dict_keys(['tutorial_taskflow_api_etl']) retrieved from /Users/namyoung/Desktop/myprj/airflow/airflow/lib/python3.7/site-packages/airflow/example_dags/tutorial_taskflow_api_etl.py
[2023-10-17 19:15:25,396] {logging_mixin.py:109} INFO - [2023-10-17 19:15:25,395] {dag.py:2396} INFO - Sync 1 DAGs
[2023-10-17 19:15:25,401] {logging_mixin.py:109} INFO - [2023-10-17 19:15:25,401] {dag.py:2935} INFO - Setting next_dagrun for tutorial_taskflow_api_etl to None
[2023-10-17 19:15:25,406] {processor.py:171} INFO - Processing /Users/namyoung/Desktop/myprj/airflow/airflow/lib/python3.7/site-packages/airflow/example_dags/tutorial_taskflow_api_etl.py took 0.198 seconds
[2023-10-17 21:48:05,562] {processor.py:163} INFO - Started process (PID=33854) to work on /Users/namyoung/Desktop/myprj/airflow/airflow/lib/python3.7/site-packages/airflow/example_dags/tutorial_taskflow_api_etl.py
[2023-10-17 21:48:05,563] {processor.py:642} INFO - Processing file /Users/namyoung/Desktop/myprj/airflow/airflow/lib/python3.7/site-packages/airflow/example_dags/tutorial_taskflow_api_etl.py for tasks to queue
[2023-10-17 21:48:05,564] {logging_mixin.py:109} INFO - [2023-10-17 21:48:05,564] {dagbag.py:500} INFO - Filling up the DagBag from /Users/namyoung/Desktop/myprj/airflow/airflow/lib/python3.7/site-packages/airflow/example_dags/tutorial_taskflow_api_etl.py
[2023-10-17 21:48:05,589] {processor.py:654} INFO - DAG(s) dict_keys(['tutorial_taskflow_api_etl']) retrieved from /Users/namyoung/Desktop/myprj/airflow/airflow/lib/python3.7/site-packages/airflow/example_dags/tutorial_taskflow_api_etl.py
[2023-10-17 21:48:05,775] {logging_mixin.py:109} INFO - [2023-10-17 21:48:05,775] {dag.py:2396} INFO - Sync 1 DAGs
[2023-10-17 21:48:05,783] {logging_mixin.py:109} INFO - [2023-10-17 21:48:05,783] {dag.py:2935} INFO - Setting next_dagrun for tutorial_taskflow_api_etl to None
[2023-10-17 21:48:05,790] {processor.py:171} INFO - Processing /Users/namyoung/Desktop/myprj/airflow/airflow/lib/python3.7/site-packages/airflow/example_dags/tutorial_taskflow_api_etl.py took 0.232 seconds
[2023-10-18 01:09:19,990] {processor.py:163} INFO - Started process (PID=34225) to work on /Users/namyoung/Desktop/myprj/airflow/airflow/lib/python3.7/site-packages/airflow/example_dags/tutorial_taskflow_api_etl.py
[2023-10-18 01:09:19,991] {processor.py:642} INFO - Processing file /Users/namyoung/Desktop/myprj/airflow/airflow/lib/python3.7/site-packages/airflow/example_dags/tutorial_taskflow_api_etl.py for tasks to queue
[2023-10-18 01:09:19,992] {logging_mixin.py:109} INFO - [2023-10-18 01:09:19,992] {dagbag.py:500} INFO - Filling up the DagBag from /Users/namyoung/Desktop/myprj/airflow/airflow/lib/python3.7/site-packages/airflow/example_dags/tutorial_taskflow_api_etl.py
[2023-10-18 01:09:20,006] {processor.py:654} INFO - DAG(s) dict_keys(['tutorial_taskflow_api_etl']) retrieved from /Users/namyoung/Desktop/myprj/airflow/airflow/lib/python3.7/site-packages/airflow/example_dags/tutorial_taskflow_api_etl.py
[2023-10-18 01:09:20,130] {logging_mixin.py:109} INFO - [2023-10-18 01:09:20,130] {dag.py:2396} INFO - Sync 1 DAGs
[2023-10-18 01:09:20,170] {logging_mixin.py:109} INFO - [2023-10-18 01:09:20,169] {dag.py:2935} INFO - Setting next_dagrun for tutorial_taskflow_api_etl to None
[2023-10-18 01:09:20,175] {processor.py:171} INFO - Processing /Users/namyoung/Desktop/myprj/airflow/airflow/lib/python3.7/site-packages/airflow/example_dags/tutorial_taskflow_api_etl.py took 0.187 seconds
[2023-10-18 03:28:33,310] {processor.py:163} INFO - Started process (PID=34382) to work on /Users/namyoung/Desktop/myprj/airflow/airflow/lib/python3.7/site-packages/airflow/example_dags/tutorial_taskflow_api_etl.py
[2023-10-18 03:28:33,312] {processor.py:642} INFO - Processing file /Users/namyoung/Desktop/myprj/airflow/airflow/lib/python3.7/site-packages/airflow/example_dags/tutorial_taskflow_api_etl.py for tasks to queue
[2023-10-18 03:28:33,313] {logging_mixin.py:109} INFO - [2023-10-18 03:28:33,313] {dagbag.py:500} INFO - Filling up the DagBag from /Users/namyoung/Desktop/myprj/airflow/airflow/lib/python3.7/site-packages/airflow/example_dags/tutorial_taskflow_api_etl.py
[2023-10-18 03:28:33,339] {processor.py:654} INFO - DAG(s) dict_keys(['tutorial_taskflow_api_etl']) retrieved from /Users/namyoung/Desktop/myprj/airflow/airflow/lib/python3.7/site-packages/airflow/example_dags/tutorial_taskflow_api_etl.py
[2023-10-18 03:28:33,491] {logging_mixin.py:109} INFO - [2023-10-18 03:28:33,491] {dag.py:2396} INFO - Sync 1 DAGs
[2023-10-18 03:28:33,497] {logging_mixin.py:109} INFO - [2023-10-18 03:28:33,496] {dag.py:2935} INFO - Setting next_dagrun for tutorial_taskflow_api_etl to None
[2023-10-18 03:28:33,502] {processor.py:171} INFO - Processing /Users/namyoung/Desktop/myprj/airflow/airflow/lib/python3.7/site-packages/airflow/example_dags/tutorial_taskflow_api_etl.py took 0.198 seconds
[2023-10-18 06:17:33,534] {processor.py:163} INFO - Started process (PID=34660) to work on /Users/namyoung/Desktop/myprj/airflow/airflow/lib/python3.7/site-packages/airflow/example_dags/tutorial_taskflow_api_etl.py
[2023-10-18 06:17:33,535] {processor.py:642} INFO - Processing file /Users/namyoung/Desktop/myprj/airflow/airflow/lib/python3.7/site-packages/airflow/example_dags/tutorial_taskflow_api_etl.py for tasks to queue
[2023-10-18 06:17:33,535] {logging_mixin.py:109} INFO - [2023-10-18 06:17:33,535] {dagbag.py:500} INFO - Filling up the DagBag from /Users/namyoung/Desktop/myprj/airflow/airflow/lib/python3.7/site-packages/airflow/example_dags/tutorial_taskflow_api_etl.py
[2023-10-18 06:17:33,550] {processor.py:654} INFO - DAG(s) dict_keys(['tutorial_taskflow_api_etl']) retrieved from /Users/namyoung/Desktop/myprj/airflow/airflow/lib/python3.7/site-packages/airflow/example_dags/tutorial_taskflow_api_etl.py
[2023-10-18 06:17:33,690] {logging_mixin.py:109} INFO - [2023-10-18 06:17:33,690] {dag.py:2396} INFO - Sync 1 DAGs
[2023-10-18 06:17:33,698] {logging_mixin.py:109} INFO - [2023-10-18 06:17:33,698] {dag.py:2935} INFO - Setting next_dagrun for tutorial_taskflow_api_etl to None
[2023-10-18 06:17:33,704] {processor.py:171} INFO - Processing /Users/namyoung/Desktop/myprj/airflow/airflow/lib/python3.7/site-packages/airflow/example_dags/tutorial_taskflow_api_etl.py took 0.173 seconds
[2023-10-18 08:27:34,241] {processor.py:163} INFO - Started process (PID=34976) to work on /Users/namyoung/Desktop/myprj/airflow/airflow/lib/python3.7/site-packages/airflow/example_dags/tutorial_taskflow_api_etl.py
[2023-10-18 08:27:34,243] {processor.py:642} INFO - Processing file /Users/namyoung/Desktop/myprj/airflow/airflow/lib/python3.7/site-packages/airflow/example_dags/tutorial_taskflow_api_etl.py for tasks to queue
[2023-10-18 08:27:34,244] {logging_mixin.py:109} INFO - [2023-10-18 08:27:34,243] {dagbag.py:500} INFO - Filling up the DagBag from /Users/namyoung/Desktop/myprj/airflow/airflow/lib/python3.7/site-packages/airflow/example_dags/tutorial_taskflow_api_etl.py
[2023-10-18 08:27:34,268] {processor.py:654} INFO - DAG(s) dict_keys(['tutorial_taskflow_api_etl']) retrieved from /Users/namyoung/Desktop/myprj/airflow/airflow/lib/python3.7/site-packages/airflow/example_dags/tutorial_taskflow_api_etl.py
[2023-10-18 08:27:34,429] {logging_mixin.py:109} INFO - [2023-10-18 08:27:34,429] {dag.py:2396} INFO - Sync 1 DAGs
[2023-10-18 08:27:34,436] {logging_mixin.py:109} INFO - [2023-10-18 08:27:34,435] {dag.py:2935} INFO - Setting next_dagrun for tutorial_taskflow_api_etl to None
[2023-10-18 08:27:34,441] {processor.py:171} INFO - Processing /Users/namyoung/Desktop/myprj/airflow/airflow/lib/python3.7/site-packages/airflow/example_dags/tutorial_taskflow_api_etl.py took 0.204 seconds
[2023-10-18 08:28:07,822] {processor.py:163} INFO - Started process (PID=35128) to work on /Users/namyoung/Desktop/myprj/airflow/airflow/lib/python3.7/site-packages/airflow/example_dags/tutorial_taskflow_api_etl.py
[2023-10-18 08:28:07,824] {processor.py:642} INFO - Processing file /Users/namyoung/Desktop/myprj/airflow/airflow/lib/python3.7/site-packages/airflow/example_dags/tutorial_taskflow_api_etl.py for tasks to queue
[2023-10-18 08:28:07,825] {logging_mixin.py:109} INFO - [2023-10-18 08:28:07,825] {dagbag.py:500} INFO - Filling up the DagBag from /Users/namyoung/Desktop/myprj/airflow/airflow/lib/python3.7/site-packages/airflow/example_dags/tutorial_taskflow_api_etl.py
[2023-10-18 08:28:07,851] {processor.py:654} INFO - DAG(s) dict_keys(['tutorial_taskflow_api_etl']) retrieved from /Users/namyoung/Desktop/myprj/airflow/airflow/lib/python3.7/site-packages/airflow/example_dags/tutorial_taskflow_api_etl.py
[2023-10-18 08:28:08,012] {logging_mixin.py:109} INFO - [2023-10-18 08:28:08,012] {dag.py:2396} INFO - Sync 1 DAGs
[2023-10-18 08:28:08,017] {logging_mixin.py:109} INFO - [2023-10-18 08:28:08,017] {dag.py:2935} INFO - Setting next_dagrun for tutorial_taskflow_api_etl to None
[2023-10-18 08:28:08,023] {processor.py:171} INFO - Processing /Users/namyoung/Desktop/myprj/airflow/airflow/lib/python3.7/site-packages/airflow/example_dags/tutorial_taskflow_api_etl.py took 0.206 seconds
[2023-10-18 08:28:39,250] {processor.py:163} INFO - Started process (PID=35352) to work on /Users/namyoung/Desktop/myprj/airflow/airflow/lib/python3.7/site-packages/airflow/example_dags/tutorial_taskflow_api_etl.py
[2023-10-18 08:28:39,251] {processor.py:642} INFO - Processing file /Users/namyoung/Desktop/myprj/airflow/airflow/lib/python3.7/site-packages/airflow/example_dags/tutorial_taskflow_api_etl.py for tasks to queue
[2023-10-18 08:28:39,253] {logging_mixin.py:109} INFO - [2023-10-18 08:28:39,252] {dagbag.py:500} INFO - Filling up the DagBag from /Users/namyoung/Desktop/myprj/airflow/airflow/lib/python3.7/site-packages/airflow/example_dags/tutorial_taskflow_api_etl.py
[2023-10-18 08:28:39,278] {processor.py:654} INFO - DAG(s) dict_keys(['tutorial_taskflow_api_etl']) retrieved from /Users/namyoung/Desktop/myprj/airflow/airflow/lib/python3.7/site-packages/airflow/example_dags/tutorial_taskflow_api_etl.py
[2023-10-18 08:28:39,445] {logging_mixin.py:109} INFO - [2023-10-18 08:28:39,445] {dag.py:2396} INFO - Sync 1 DAGs
[2023-10-18 08:28:39,451] {logging_mixin.py:109} INFO - [2023-10-18 08:28:39,450] {dag.py:2935} INFO - Setting next_dagrun for tutorial_taskflow_api_etl to None
[2023-10-18 08:28:39,456] {processor.py:171} INFO - Processing /Users/namyoung/Desktop/myprj/airflow/airflow/lib/python3.7/site-packages/airflow/example_dags/tutorial_taskflow_api_etl.py took 0.211 seconds
[2023-10-18 08:29:11,791] {processor.py:163} INFO - Started process (PID=35398) to work on /Users/namyoung/Desktop/myprj/airflow/airflow/lib/python3.7/site-packages/airflow/example_dags/tutorial_taskflow_api_etl.py
[2023-10-18 08:29:11,793] {processor.py:642} INFO - Processing file /Users/namyoung/Desktop/myprj/airflow/airflow/lib/python3.7/site-packages/airflow/example_dags/tutorial_taskflow_api_etl.py for tasks to queue
[2023-10-18 08:29:11,794] {logging_mixin.py:109} INFO - [2023-10-18 08:29:11,794] {dagbag.py:500} INFO - Filling up the DagBag from /Users/namyoung/Desktop/myprj/airflow/airflow/lib/python3.7/site-packages/airflow/example_dags/tutorial_taskflow_api_etl.py
[2023-10-18 08:29:11,823] {processor.py:654} INFO - DAG(s) dict_keys(['tutorial_taskflow_api_etl']) retrieved from /Users/namyoung/Desktop/myprj/airflow/airflow/lib/python3.7/site-packages/airflow/example_dags/tutorial_taskflow_api_etl.py
[2023-10-18 08:29:11,982] {logging_mixin.py:109} INFO - [2023-10-18 08:29:11,982] {dag.py:2396} INFO - Sync 1 DAGs
[2023-10-18 08:29:11,988] {logging_mixin.py:109} INFO - [2023-10-18 08:29:11,988] {dag.py:2935} INFO - Setting next_dagrun for tutorial_taskflow_api_etl to None
[2023-10-18 08:29:11,993] {processor.py:171} INFO - Processing /Users/namyoung/Desktop/myprj/airflow/airflow/lib/python3.7/site-packages/airflow/example_dags/tutorial_taskflow_api_etl.py took 0.207 seconds
[2023-10-18 08:29:45,481] {processor.py:163} INFO - Started process (PID=35448) to work on /Users/namyoung/Desktop/myprj/airflow/airflow/lib/python3.7/site-packages/airflow/example_dags/tutorial_taskflow_api_etl.py
[2023-10-18 08:29:45,483] {processor.py:642} INFO - Processing file /Users/namyoung/Desktop/myprj/airflow/airflow/lib/python3.7/site-packages/airflow/example_dags/tutorial_taskflow_api_etl.py for tasks to queue
[2023-10-18 08:29:45,484] {logging_mixin.py:109} INFO - [2023-10-18 08:29:45,483] {dagbag.py:500} INFO - Filling up the DagBag from /Users/namyoung/Desktop/myprj/airflow/airflow/lib/python3.7/site-packages/airflow/example_dags/tutorial_taskflow_api_etl.py
[2023-10-18 08:29:45,507] {processor.py:654} INFO - DAG(s) dict_keys(['tutorial_taskflow_api_etl']) retrieved from /Users/namyoung/Desktop/myprj/airflow/airflow/lib/python3.7/site-packages/airflow/example_dags/tutorial_taskflow_api_etl.py
[2023-10-18 08:29:45,665] {logging_mixin.py:109} INFO - [2023-10-18 08:29:45,665] {dag.py:2396} INFO - Sync 1 DAGs
[2023-10-18 08:29:45,670] {logging_mixin.py:109} INFO - [2023-10-18 08:29:45,670] {dag.py:2935} INFO - Setting next_dagrun for tutorial_taskflow_api_etl to None
[2023-10-18 08:29:45,676] {processor.py:171} INFO - Processing /Users/namyoung/Desktop/myprj/airflow/airflow/lib/python3.7/site-packages/airflow/example_dags/tutorial_taskflow_api_etl.py took 0.200 seconds
