[2023-10-17 11:02:19,717] {processor.py:163} INFO - Started process (PID=32722) to work on /Users/namyoung/Desktop/myprj/airflow/airflow/lib/python3.7/site-packages/airflow/example_dags/tutorial_etl_dag.py
[2023-10-17 11:02:19,718] {processor.py:642} INFO - Processing file /Users/namyoung/Desktop/myprj/airflow/airflow/lib/python3.7/site-packages/airflow/example_dags/tutorial_etl_dag.py for tasks to queue
[2023-10-17 11:02:19,719] {logging_mixin.py:109} INFO - [2023-10-17 11:02:19,719] {dagbag.py:500} INFO - Filling up the DagBag from /Users/namyoung/Desktop/myprj/airflow/airflow/lib/python3.7/site-packages/airflow/example_dags/tutorial_etl_dag.py
[2023-10-17 11:02:19,740] {processor.py:654} INFO - DAG(s) dict_keys(['tutorial_etl_dag']) retrieved from /Users/namyoung/Desktop/myprj/airflow/airflow/lib/python3.7/site-packages/airflow/example_dags/tutorial_etl_dag.py
[2023-10-17 11:02:19,748] {logging_mixin.py:109} INFO - [2023-10-17 11:02:19,748] {dag.py:2396} INFO - Sync 1 DAGs
[2023-10-17 11:02:19,758] {logging_mixin.py:109} INFO - [2023-10-17 11:02:19,758] {dag.py:2935} INFO - Setting next_dagrun for tutorial_etl_dag to None
[2023-10-17 11:02:19,781] {processor.py:171} INFO - Processing /Users/namyoung/Desktop/myprj/airflow/airflow/lib/python3.7/site-packages/airflow/example_dags/tutorial_etl_dag.py took 0.068 seconds
[2023-10-17 13:13:26,669] {processor.py:163} INFO - Started process (PID=32988) to work on /Users/namyoung/Desktop/myprj/airflow/airflow/lib/python3.7/site-packages/airflow/example_dags/tutorial_etl_dag.py
[2023-10-17 13:13:26,671] {processor.py:642} INFO - Processing file /Users/namyoung/Desktop/myprj/airflow/airflow/lib/python3.7/site-packages/airflow/example_dags/tutorial_etl_dag.py for tasks to queue
[2023-10-17 13:13:26,671] {logging_mixin.py:109} INFO - [2023-10-17 13:13:26,671] {dagbag.py:500} INFO - Filling up the DagBag from /Users/namyoung/Desktop/myprj/airflow/airflow/lib/python3.7/site-packages/airflow/example_dags/tutorial_etl_dag.py
[2023-10-17 13:13:26,690] {processor.py:654} INFO - DAG(s) dict_keys(['tutorial_etl_dag']) retrieved from /Users/namyoung/Desktop/myprj/airflow/airflow/lib/python3.7/site-packages/airflow/example_dags/tutorial_etl_dag.py
[2023-10-17 13:13:26,696] {logging_mixin.py:109} INFO - [2023-10-17 13:13:26,696] {dag.py:2396} INFO - Sync 1 DAGs
[2023-10-17 13:13:26,705] {logging_mixin.py:109} INFO - [2023-10-17 13:13:26,704] {dag.py:2935} INFO - Setting next_dagrun for tutorial_etl_dag to None
[2023-10-17 13:13:26,746] {processor.py:171} INFO - Processing /Users/namyoung/Desktop/myprj/airflow/airflow/lib/python3.7/site-packages/airflow/example_dags/tutorial_etl_dag.py took 0.081 seconds
[2023-10-17 16:22:04,177] {processor.py:163} INFO - Started process (PID=33306) to work on /Users/namyoung/Desktop/myprj/airflow/airflow/lib/python3.7/site-packages/airflow/example_dags/tutorial_etl_dag.py
[2023-10-17 16:22:04,178] {processor.py:642} INFO - Processing file /Users/namyoung/Desktop/myprj/airflow/airflow/lib/python3.7/site-packages/airflow/example_dags/tutorial_etl_dag.py for tasks to queue
[2023-10-17 16:22:04,179] {logging_mixin.py:109} INFO - [2023-10-17 16:22:04,178] {dagbag.py:500} INFO - Filling up the DagBag from /Users/namyoung/Desktop/myprj/airflow/airflow/lib/python3.7/site-packages/airflow/example_dags/tutorial_etl_dag.py
[2023-10-17 16:22:04,191] {processor.py:654} INFO - DAG(s) dict_keys(['tutorial_etl_dag']) retrieved from /Users/namyoung/Desktop/myprj/airflow/airflow/lib/python3.7/site-packages/airflow/example_dags/tutorial_etl_dag.py
[2023-10-17 16:22:04,196] {logging_mixin.py:109} INFO - [2023-10-17 16:22:04,196] {dag.py:2396} INFO - Sync 1 DAGs
[2023-10-17 16:22:04,203] {logging_mixin.py:109} INFO - [2023-10-17 16:22:04,203] {dag.py:2935} INFO - Setting next_dagrun for tutorial_etl_dag to None
[2023-10-17 16:22:04,210] {processor.py:171} INFO - Processing /Users/namyoung/Desktop/myprj/airflow/airflow/lib/python3.7/site-packages/airflow/example_dags/tutorial_etl_dag.py took 0.034 seconds
[2023-10-17 19:15:26,600] {processor.py:163} INFO - Started process (PID=33626) to work on /Users/namyoung/Desktop/myprj/airflow/airflow/lib/python3.7/site-packages/airflow/example_dags/tutorial_etl_dag.py
[2023-10-17 19:15:26,602] {processor.py:642} INFO - Processing file /Users/namyoung/Desktop/myprj/airflow/airflow/lib/python3.7/site-packages/airflow/example_dags/tutorial_etl_dag.py for tasks to queue
[2023-10-17 19:15:26,603] {logging_mixin.py:109} INFO - [2023-10-17 19:15:26,603] {dagbag.py:500} INFO - Filling up the DagBag from /Users/namyoung/Desktop/myprj/airflow/airflow/lib/python3.7/site-packages/airflow/example_dags/tutorial_etl_dag.py
[2023-10-17 19:15:26,629] {processor.py:654} INFO - DAG(s) dict_keys(['tutorial_etl_dag']) retrieved from /Users/namyoung/Desktop/myprj/airflow/airflow/lib/python3.7/site-packages/airflow/example_dags/tutorial_etl_dag.py
[2023-10-17 19:15:26,637] {logging_mixin.py:109} INFO - [2023-10-17 19:15:26,637] {dag.py:2396} INFO - Sync 1 DAGs
[2023-10-17 19:15:26,645] {logging_mixin.py:109} INFO - [2023-10-17 19:15:26,645] {dag.py:2935} INFO - Setting next_dagrun for tutorial_etl_dag to None
[2023-10-17 19:15:26,650] {processor.py:171} INFO - Processing /Users/namyoung/Desktop/myprj/airflow/airflow/lib/python3.7/site-packages/airflow/example_dags/tutorial_etl_dag.py took 0.056 seconds
[2023-10-17 21:48:06,906] {processor.py:163} INFO - Started process (PID=33903) to work on /Users/namyoung/Desktop/myprj/airflow/airflow/lib/python3.7/site-packages/airflow/example_dags/tutorial_etl_dag.py
[2023-10-17 21:48:06,906] {processor.py:642} INFO - Processing file /Users/namyoung/Desktop/myprj/airflow/airflow/lib/python3.7/site-packages/airflow/example_dags/tutorial_etl_dag.py for tasks to queue
[2023-10-17 21:48:06,907] {logging_mixin.py:109} INFO - [2023-10-17 21:48:06,907] {dagbag.py:500} INFO - Filling up the DagBag from /Users/namyoung/Desktop/myprj/airflow/airflow/lib/python3.7/site-packages/airflow/example_dags/tutorial_etl_dag.py
[2023-10-17 21:48:06,919] {processor.py:654} INFO - DAG(s) dict_keys(['tutorial_etl_dag']) retrieved from /Users/namyoung/Desktop/myprj/airflow/airflow/lib/python3.7/site-packages/airflow/example_dags/tutorial_etl_dag.py
[2023-10-17 21:48:06,924] {logging_mixin.py:109} INFO - [2023-10-17 21:48:06,924] {dag.py:2396} INFO - Sync 1 DAGs
[2023-10-17 21:48:06,931] {logging_mixin.py:109} INFO - [2023-10-17 21:48:06,931] {dag.py:2935} INFO - Setting next_dagrun for tutorial_etl_dag to None
[2023-10-17 21:48:06,937] {processor.py:171} INFO - Processing /Users/namyoung/Desktop/myprj/airflow/airflow/lib/python3.7/site-packages/airflow/example_dags/tutorial_etl_dag.py took 0.034 seconds
[2023-10-18 01:25:36,708] {processor.py:163} INFO - Started process (PID=34227) to work on /Users/namyoung/Desktop/myprj/airflow/airflow/lib/python3.7/site-packages/airflow/example_dags/tutorial_etl_dag.py
[2023-10-18 01:25:36,712] {processor.py:642} INFO - Processing file /Users/namyoung/Desktop/myprj/airflow/airflow/lib/python3.7/site-packages/airflow/example_dags/tutorial_etl_dag.py for tasks to queue
[2023-10-18 01:25:36,717] {logging_mixin.py:109} INFO - [2023-10-18 01:25:36,717] {dagbag.py:500} INFO - Filling up the DagBag from /Users/namyoung/Desktop/myprj/airflow/airflow/lib/python3.7/site-packages/airflow/example_dags/tutorial_etl_dag.py
[2023-10-18 01:25:36,740] {processor.py:654} INFO - DAG(s) dict_keys(['tutorial_etl_dag']) retrieved from /Users/namyoung/Desktop/myprj/airflow/airflow/lib/python3.7/site-packages/airflow/example_dags/tutorial_etl_dag.py
[2023-10-18 01:25:36,747] {logging_mixin.py:109} INFO - [2023-10-18 01:25:36,747] {dag.py:2396} INFO - Sync 1 DAGs
[2023-10-18 01:25:36,755] {logging_mixin.py:109} INFO - [2023-10-18 01:25:36,755] {dag.py:2935} INFO - Setting next_dagrun for tutorial_etl_dag to None
[2023-10-18 01:25:36,762] {processor.py:171} INFO - Processing /Users/namyoung/Desktop/myprj/airflow/airflow/lib/python3.7/site-packages/airflow/example_dags/tutorial_etl_dag.py took 0.058 seconds
[2023-10-18 03:46:18,538] {processor.py:163} INFO - Started process (PID=34388) to work on /Users/namyoung/Desktop/myprj/airflow/airflow/lib/python3.7/site-packages/airflow/example_dags/tutorial_etl_dag.py
[2023-10-18 03:46:18,538] {processor.py:642} INFO - Processing file /Users/namyoung/Desktop/myprj/airflow/airflow/lib/python3.7/site-packages/airflow/example_dags/tutorial_etl_dag.py for tasks to queue
[2023-10-18 03:46:18,539] {logging_mixin.py:109} INFO - [2023-10-18 03:46:18,539] {dagbag.py:500} INFO - Filling up the DagBag from /Users/namyoung/Desktop/myprj/airflow/airflow/lib/python3.7/site-packages/airflow/example_dags/tutorial_etl_dag.py
[2023-10-18 03:46:18,550] {processor.py:654} INFO - DAG(s) dict_keys(['tutorial_etl_dag']) retrieved from /Users/namyoung/Desktop/myprj/airflow/airflow/lib/python3.7/site-packages/airflow/example_dags/tutorial_etl_dag.py
[2023-10-18 03:46:18,556] {logging_mixin.py:109} INFO - [2023-10-18 03:46:18,556] {dag.py:2396} INFO - Sync 1 DAGs
[2023-10-18 03:46:18,562] {logging_mixin.py:109} INFO - [2023-10-18 03:46:18,562] {dag.py:2935} INFO - Setting next_dagrun for tutorial_etl_dag to None
[2023-10-18 03:46:18,568] {processor.py:171} INFO - Processing /Users/namyoung/Desktop/myprj/airflow/airflow/lib/python3.7/site-packages/airflow/example_dags/tutorial_etl_dag.py took 0.033 seconds
[2023-10-18 06:17:34,780] {processor.py:163} INFO - Started process (PID=34661) to work on /Users/namyoung/Desktop/myprj/airflow/airflow/lib/python3.7/site-packages/airflow/example_dags/tutorial_etl_dag.py
[2023-10-18 06:17:34,781] {processor.py:642} INFO - Processing file /Users/namyoung/Desktop/myprj/airflow/airflow/lib/python3.7/site-packages/airflow/example_dags/tutorial_etl_dag.py for tasks to queue
[2023-10-18 06:17:34,781] {logging_mixin.py:109} INFO - [2023-10-18 06:17:34,781] {dagbag.py:500} INFO - Filling up the DagBag from /Users/namyoung/Desktop/myprj/airflow/airflow/lib/python3.7/site-packages/airflow/example_dags/tutorial_etl_dag.py
[2023-10-18 06:33:28,378] {processor.py:654} INFO - DAG(s) dict_keys(['tutorial_etl_dag']) retrieved from /Users/namyoung/Desktop/myprj/airflow/airflow/lib/python3.7/site-packages/airflow/example_dags/tutorial_etl_dag.py
[2023-10-18 06:33:28,388] {logging_mixin.py:109} INFO - [2023-10-18 06:33:28,387] {dag.py:2396} INFO - Sync 1 DAGs
[2023-10-18 06:33:28,400] {logging_mixin.py:109} INFO - [2023-10-18 06:33:28,400] {dag.py:2935} INFO - Setting next_dagrun for tutorial_etl_dag to None
[2023-10-18 06:33:28,480] {processor.py:171} INFO - Processing /Users/namyoung/Desktop/myprj/airflow/airflow/lib/python3.7/site-packages/airflow/example_dags/tutorial_etl_dag.py took 0.482 seconds
[2023-10-18 08:27:35,607] {processor.py:163} INFO - Started process (PID=34977) to work on /Users/namyoung/Desktop/myprj/airflow/airflow/lib/python3.7/site-packages/airflow/example_dags/tutorial_etl_dag.py
[2023-10-18 08:27:35,608] {processor.py:642} INFO - Processing file /Users/namyoung/Desktop/myprj/airflow/airflow/lib/python3.7/site-packages/airflow/example_dags/tutorial_etl_dag.py for tasks to queue
[2023-10-18 08:27:35,610] {logging_mixin.py:109} INFO - [2023-10-18 08:27:35,609] {dagbag.py:500} INFO - Filling up the DagBag from /Users/namyoung/Desktop/myprj/airflow/airflow/lib/python3.7/site-packages/airflow/example_dags/tutorial_etl_dag.py
[2023-10-18 08:27:35,634] {processor.py:654} INFO - DAG(s) dict_keys(['tutorial_etl_dag']) retrieved from /Users/namyoung/Desktop/myprj/airflow/airflow/lib/python3.7/site-packages/airflow/example_dags/tutorial_etl_dag.py
[2023-10-18 08:27:35,642] {logging_mixin.py:109} INFO - [2023-10-18 08:27:35,642] {dag.py:2396} INFO - Sync 1 DAGs
[2023-10-18 08:27:35,650] {logging_mixin.py:109} INFO - [2023-10-18 08:27:35,650] {dag.py:2935} INFO - Setting next_dagrun for tutorial_etl_dag to None
[2023-10-18 08:27:35,656] {processor.py:171} INFO - Processing /Users/namyoung/Desktop/myprj/airflow/airflow/lib/python3.7/site-packages/airflow/example_dags/tutorial_etl_dag.py took 0.054 seconds
[2023-10-18 08:28:09,188] {processor.py:163} INFO - Started process (PID=35130) to work on /Users/namyoung/Desktop/myprj/airflow/airflow/lib/python3.7/site-packages/airflow/example_dags/tutorial_etl_dag.py
[2023-10-18 08:28:09,189] {processor.py:642} INFO - Processing file /Users/namyoung/Desktop/myprj/airflow/airflow/lib/python3.7/site-packages/airflow/example_dags/tutorial_etl_dag.py for tasks to queue
[2023-10-18 08:28:09,190] {logging_mixin.py:109} INFO - [2023-10-18 08:28:09,190] {dagbag.py:500} INFO - Filling up the DagBag from /Users/namyoung/Desktop/myprj/airflow/airflow/lib/python3.7/site-packages/airflow/example_dags/tutorial_etl_dag.py
[2023-10-18 08:28:09,212] {processor.py:654} INFO - DAG(s) dict_keys(['tutorial_etl_dag']) retrieved from /Users/namyoung/Desktop/myprj/airflow/airflow/lib/python3.7/site-packages/airflow/example_dags/tutorial_etl_dag.py
[2023-10-18 08:28:09,220] {logging_mixin.py:109} INFO - [2023-10-18 08:28:09,220] {dag.py:2396} INFO - Sync 1 DAGs
[2023-10-18 08:28:09,229] {logging_mixin.py:109} INFO - [2023-10-18 08:28:09,229] {dag.py:2935} INFO - Setting next_dagrun for tutorial_etl_dag to None
[2023-10-18 08:28:09,235] {processor.py:171} INFO - Processing /Users/namyoung/Desktop/myprj/airflow/airflow/lib/python3.7/site-packages/airflow/example_dags/tutorial_etl_dag.py took 0.051 seconds
[2023-10-18 08:28:40,122] {processor.py:163} INFO - Started process (PID=35353) to work on /Users/namyoung/Desktop/myprj/airflow/airflow/lib/python3.7/site-packages/airflow/example_dags/tutorial_etl_dag.py
[2023-10-18 08:28:40,123] {processor.py:642} INFO - Processing file /Users/namyoung/Desktop/myprj/airflow/airflow/lib/python3.7/site-packages/airflow/example_dags/tutorial_etl_dag.py for tasks to queue
[2023-10-18 08:28:40,124] {logging_mixin.py:109} INFO - [2023-10-18 08:28:40,124] {dagbag.py:500} INFO - Filling up the DagBag from /Users/namyoung/Desktop/myprj/airflow/airflow/lib/python3.7/site-packages/airflow/example_dags/tutorial_etl_dag.py
[2023-10-18 08:28:40,146] {processor.py:654} INFO - DAG(s) dict_keys(['tutorial_etl_dag']) retrieved from /Users/namyoung/Desktop/myprj/airflow/airflow/lib/python3.7/site-packages/airflow/example_dags/tutorial_etl_dag.py
[2023-10-18 08:28:40,153] {logging_mixin.py:109} INFO - [2023-10-18 08:28:40,153] {dag.py:2396} INFO - Sync 1 DAGs
[2023-10-18 08:28:40,161] {logging_mixin.py:109} INFO - [2023-10-18 08:28:40,161] {dag.py:2935} INFO - Setting next_dagrun for tutorial_etl_dag to None
[2023-10-18 08:28:40,167] {processor.py:171} INFO - Processing /Users/namyoung/Desktop/myprj/airflow/airflow/lib/python3.7/site-packages/airflow/example_dags/tutorial_etl_dag.py took 0.049 seconds
[2023-10-18 08:29:13,149] {processor.py:163} INFO - Started process (PID=35399) to work on /Users/namyoung/Desktop/myprj/airflow/airflow/lib/python3.7/site-packages/airflow/example_dags/tutorial_etl_dag.py
[2023-10-18 08:29:13,151] {processor.py:642} INFO - Processing file /Users/namyoung/Desktop/myprj/airflow/airflow/lib/python3.7/site-packages/airflow/example_dags/tutorial_etl_dag.py for tasks to queue
[2023-10-18 08:29:13,152] {logging_mixin.py:109} INFO - [2023-10-18 08:29:13,152] {dagbag.py:500} INFO - Filling up the DagBag from /Users/namyoung/Desktop/myprj/airflow/airflow/lib/python3.7/site-packages/airflow/example_dags/tutorial_etl_dag.py
[2023-10-18 08:29:13,175] {processor.py:654} INFO - DAG(s) dict_keys(['tutorial_etl_dag']) retrieved from /Users/namyoung/Desktop/myprj/airflow/airflow/lib/python3.7/site-packages/airflow/example_dags/tutorial_etl_dag.py
[2023-10-18 08:29:13,184] {logging_mixin.py:109} INFO - [2023-10-18 08:29:13,184] {dag.py:2396} INFO - Sync 1 DAGs
[2023-10-18 08:29:13,192] {logging_mixin.py:109} INFO - [2023-10-18 08:29:13,192] {dag.py:2935} INFO - Setting next_dagrun for tutorial_etl_dag to None
[2023-10-18 08:29:13,199] {processor.py:171} INFO - Processing /Users/namyoung/Desktop/myprj/airflow/airflow/lib/python3.7/site-packages/airflow/example_dags/tutorial_etl_dag.py took 0.055 seconds
[2023-10-18 08:29:46,837] {processor.py:163} INFO - Started process (PID=35449) to work on /Users/namyoung/Desktop/myprj/airflow/airflow/lib/python3.7/site-packages/airflow/example_dags/tutorial_etl_dag.py
[2023-10-18 08:29:46,839] {processor.py:642} INFO - Processing file /Users/namyoung/Desktop/myprj/airflow/airflow/lib/python3.7/site-packages/airflow/example_dags/tutorial_etl_dag.py for tasks to queue
[2023-10-18 08:29:46,840] {logging_mixin.py:109} INFO - [2023-10-18 08:29:46,840] {dagbag.py:500} INFO - Filling up the DagBag from /Users/namyoung/Desktop/myprj/airflow/airflow/lib/python3.7/site-packages/airflow/example_dags/tutorial_etl_dag.py
[2023-10-18 08:29:46,863] {processor.py:654} INFO - DAG(s) dict_keys(['tutorial_etl_dag']) retrieved from /Users/namyoung/Desktop/myprj/airflow/airflow/lib/python3.7/site-packages/airflow/example_dags/tutorial_etl_dag.py
[2023-10-18 08:29:46,871] {logging_mixin.py:109} INFO - [2023-10-18 08:29:46,871] {dag.py:2396} INFO - Sync 1 DAGs
[2023-10-18 08:29:46,880] {logging_mixin.py:109} INFO - [2023-10-18 08:29:46,880] {dag.py:2935} INFO - Setting next_dagrun for tutorial_etl_dag to None
[2023-10-18 08:29:46,886] {processor.py:171} INFO - Processing /Users/namyoung/Desktop/myprj/airflow/airflow/lib/python3.7/site-packages/airflow/example_dags/tutorial_etl_dag.py took 0.054 seconds
