[2023-10-17 09:31:54,161] {taskinstance.py:1032} INFO - Dependencies all met for <TaskInstance: example_bash_operator.this_will_skip scheduled__2023-10-16T00:00:00+00:00 [queued]>
[2023-10-17 09:31:54,166] {taskinstance.py:1032} INFO - Dependencies all met for <TaskInstance: example_bash_operator.this_will_skip scheduled__2023-10-16T00:00:00+00:00 [queued]>
[2023-10-17 09:31:54,166] {taskinstance.py:1238} INFO - 
--------------------------------------------------------------------------------
[2023-10-17 09:31:54,166] {taskinstance.py:1239} INFO - Starting attempt 1 of 1
[2023-10-17 09:31:54,166] {taskinstance.py:1240} INFO - 
--------------------------------------------------------------------------------
[2023-10-17 09:31:54,173] {taskinstance.py:1259} INFO - Executing <Task(BashOperator): this_will_skip> on 2023-10-16 00:00:00+00:00
[2023-10-17 09:31:54,180] {standard_task_runner.py:52} INFO - Started process 32609 to run task
[2023-10-17 09:31:54,183] {standard_task_runner.py:76} INFO - Running: ['airflow', 'tasks', 'run', 'example_bash_operator', 'this_will_skip', 'scheduled__2023-10-16T00:00:00+00:00', '--job-id', '36', '--raw', '--subdir', '/Users/namyoung/Desktop/myprj/airflow/airflow/lib/python3.7/site-packages/airflow/example_dags/example_bash_operator.py', '--cfg-path', '/var/folders/w8/gbzkvtnj1rxcxgv8d7rw8k9m0000gn/T/tmp3bhz5a32', '--error-file', '/var/folders/w8/gbzkvtnj1rxcxgv8d7rw8k9m0000gn/T/tmphro7jsma']
[2023-10-17 09:31:54,184] {standard_task_runner.py:77} INFO - Job 36: Subtask this_will_skip
[2023-10-17 09:31:54,210] {logging_mixin.py:109} INFO - Running <TaskInstance: example_bash_operator.this_will_skip scheduled__2023-10-16T00:00:00+00:00 [running]> on host 1.0.0.127.in-addr.arpa
[2023-10-17 09:31:54,235] {taskinstance.py:1426} INFO - Exporting the following env vars:
AIRFLOW_CTX_DAG_OWNER=airflow
AIRFLOW_CTX_DAG_ID=example_bash_operator
AIRFLOW_CTX_TASK_ID=this_will_skip
AIRFLOW_CTX_EXECUTION_DATE=2023-10-16T00:00:00+00:00
AIRFLOW_CTX_DAG_RUN_ID=scheduled__2023-10-16T00:00:00+00:00
[2023-10-17 09:31:54,235] {subprocess.py:62} INFO - Tmp dir root location: 
 /var/folders/w8/gbzkvtnj1rxcxgv8d7rw8k9m0000gn/T
[2023-10-17 09:31:54,236] {subprocess.py:74} INFO - Running command: ['bash', '-c', 'echo "hello world"; exit 99;']
[2023-10-17 09:31:54,246] {subprocess.py:85} INFO - Output:
[2023-10-17 09:31:54,251] {subprocess.py:89} INFO - hello world
[2023-10-17 09:31:54,252] {subprocess.py:93} INFO - Command exited with return code 99
[2023-10-17 09:31:54,253] {taskinstance.py:1356} INFO - Bash command returned exit code 99. Skipping.
[2023-10-17 09:31:54,258] {taskinstance.py:1277} INFO - Marking task as SKIPPED. dag_id=example_bash_operator, task_id=this_will_skip, execution_date=20231016T000000, start_date=20231017T003154, end_date=20231017T003154
[2023-10-17 09:31:54,303] {local_task_job.py:154} INFO - Task exited with return code 0
[2023-10-17 09:31:54,320] {local_task_job.py:264} INFO - 0 downstream tasks scheduled from follow-on schedule check
