[2023-10-15 09:11:36,180] {taskinstance.py:1032} INFO - Dependencies all met for <TaskInstance: example_bash_operator.runme_0 scheduled__2023-10-14T00:00:00+00:00 [queued]>
[2023-10-15 09:11:36,184] {taskinstance.py:1032} INFO - Dependencies all met for <TaskInstance: example_bash_operator.runme_0 scheduled__2023-10-14T00:00:00+00:00 [queued]>
[2023-10-15 09:11:36,184] {taskinstance.py:1238} INFO - 
--------------------------------------------------------------------------------
[2023-10-15 09:11:36,184] {taskinstance.py:1239} INFO - Starting attempt 1 of 1
[2023-10-15 09:11:36,184] {taskinstance.py:1240} INFO - 
--------------------------------------------------------------------------------
[2023-10-15 09:11:36,189] {taskinstance.py:1259} INFO - Executing <Task(BashOperator): runme_0> on 2023-10-14 00:00:00+00:00
[2023-10-15 09:11:36,195] {standard_task_runner.py:52} INFO - Started process 26318 to run task
[2023-10-15 09:11:36,199] {standard_task_runner.py:76} INFO - Running: ['airflow', 'tasks', 'run', 'example_bash_operator', 'runme_0', 'scheduled__2023-10-14T00:00:00+00:00', '--job-id', '20', '--raw', '--subdir', '/Users/namyoung/Desktop/myprj/airflow/airflow/lib/python3.7/site-packages/airflow/example_dags/example_bash_operator.py', '--cfg-path', '/var/folders/w8/gbzkvtnj1rxcxgv8d7rw8k9m0000gn/T/tmp0kz9vr1h', '--error-file', '/var/folders/w8/gbzkvtnj1rxcxgv8d7rw8k9m0000gn/T/tmpys_50j4m']
[2023-10-15 09:11:36,200] {standard_task_runner.py:77} INFO - Job 20: Subtask runme_0
[2023-10-15 09:11:36,226] {logging_mixin.py:109} INFO - Running <TaskInstance: example_bash_operator.runme_0 scheduled__2023-10-14T00:00:00+00:00 [running]> on host 1.0.0.127.in-addr.arpa
[2023-10-15 09:11:36,248] {taskinstance.py:1426} INFO - Exporting the following env vars:
AIRFLOW_CTX_DAG_OWNER=airflow
AIRFLOW_CTX_DAG_ID=example_bash_operator
AIRFLOW_CTX_TASK_ID=runme_0
AIRFLOW_CTX_EXECUTION_DATE=2023-10-14T00:00:00+00:00
AIRFLOW_CTX_DAG_RUN_ID=scheduled__2023-10-14T00:00:00+00:00
[2023-10-15 09:11:36,249] {subprocess.py:62} INFO - Tmp dir root location: 
 /var/folders/w8/gbzkvtnj1rxcxgv8d7rw8k9m0000gn/T
[2023-10-15 09:11:36,249] {subprocess.py:74} INFO - Running command: ['bash', '-c', 'echo "example_bash_operator__runme_0__20231014" && sleep 1']
[2023-10-15 09:11:36,259] {subprocess.py:85} INFO - Output:
[2023-10-15 09:11:36,265] {subprocess.py:89} INFO - example_bash_operator__runme_0__20231014
[2023-10-15 09:11:37,326] {subprocess.py:93} INFO - Command exited with return code 0
[2023-10-15 09:11:37,353] {taskinstance.py:1277} INFO - Marking task as SUCCESS. dag_id=example_bash_operator, task_id=runme_0, execution_date=20231014T000000, start_date=20231015T001136, end_date=20231015T001137
[2023-10-15 09:11:37,412] {local_task_job.py:154} INFO - Task exited with return code 0
[2023-10-15 09:11:37,441] {local_task_job.py:264} INFO - 0 downstream tasks scheduled from follow-on schedule check
