[2023-10-13 14:21:30,858] {taskinstance.py:1032} INFO - Dependencies all met for <TaskInstance: example_bash_operator.runme_0 scheduled__2023-10-12T00:00:00+00:00 [queued]>
[2023-10-13 14:21:30,863] {taskinstance.py:1032} INFO - Dependencies all met for <TaskInstance: example_bash_operator.runme_0 scheduled__2023-10-12T00:00:00+00:00 [queued]>
[2023-10-13 14:21:30,863] {taskinstance.py:1238} INFO - 
--------------------------------------------------------------------------------
[2023-10-13 14:21:30,863] {taskinstance.py:1239} INFO - Starting attempt 1 of 1
[2023-10-13 14:21:30,863] {taskinstance.py:1240} INFO - 
--------------------------------------------------------------------------------
[2023-10-13 14:21:30,870] {taskinstance.py:1259} INFO - Executing <Task(BashOperator): runme_0> on 2023-10-12 00:00:00+00:00
[2023-10-13 14:21:30,876] {standard_task_runner.py:52} INFO - Started process 12948 to run task
[2023-10-13 14:21:30,879] {standard_task_runner.py:76} INFO - Running: ['airflow', 'tasks', 'run', 'example_bash_operator', 'runme_0', 'scheduled__2023-10-12T00:00:00+00:00', '--job-id', '2', '--raw', '--subdir', '/Users/namyoung/Desktop/myprj/airflow/airflow/lib/python3.7/site-packages/airflow/example_dags/example_bash_operator.py', '--cfg-path', '/var/folders/w8/gbzkvtnj1rxcxgv8d7rw8k9m0000gn/T/tmp4vivztci', '--error-file', '/var/folders/w8/gbzkvtnj1rxcxgv8d7rw8k9m0000gn/T/tmpogg26k3h']
[2023-10-13 14:21:30,880] {standard_task_runner.py:77} INFO - Job 2: Subtask runme_0
[2023-10-13 14:21:30,904] {logging_mixin.py:109} INFO - Running <TaskInstance: example_bash_operator.runme_0 scheduled__2023-10-12T00:00:00+00:00 [running]> on host 1.0.0.127.in-addr.arpa
[2023-10-13 14:21:30,924] {taskinstance.py:1426} INFO - Exporting the following env vars:
AIRFLOW_CTX_DAG_OWNER=airflow
AIRFLOW_CTX_DAG_ID=example_bash_operator
AIRFLOW_CTX_TASK_ID=runme_0
AIRFLOW_CTX_EXECUTION_DATE=2023-10-12T00:00:00+00:00
AIRFLOW_CTX_DAG_RUN_ID=scheduled__2023-10-12T00:00:00+00:00
[2023-10-13 14:21:30,925] {subprocess.py:62} INFO - Tmp dir root location: 
 /var/folders/w8/gbzkvtnj1rxcxgv8d7rw8k9m0000gn/T
[2023-10-13 14:21:30,925] {subprocess.py:74} INFO - Running command: ['bash', '-c', 'echo "example_bash_operator__runme_0__20231012" && sleep 1']
[2023-10-13 14:21:30,933] {subprocess.py:85} INFO - Output:
[2023-10-13 14:21:30,938] {subprocess.py:89} INFO - example_bash_operator__runme_0__20231012
[2023-10-13 14:21:31,979] {subprocess.py:93} INFO - Command exited with return code 0
[2023-10-13 14:21:32,018] {taskinstance.py:1277} INFO - Marking task as SUCCESS. dag_id=example_bash_operator, task_id=runme_0, execution_date=20231012T000000, start_date=20231013T052130, end_date=20231013T052132
[2023-10-13 14:21:32,062] {local_task_job.py:154} INFO - Task exited with return code 0
[2023-10-13 14:21:32,089] {local_task_job.py:264} INFO - 0 downstream tasks scheduled from follow-on schedule check
