[2023-10-15 09:44:20,766] {taskinstance.py:1032} INFO - Dependencies all met for <TaskInstance: example_bash_operator.this_will_skip scheduled__2023-10-14T00:00:00+00:00 [queued]>
[2023-10-15 09:44:20,771] {taskinstance.py:1032} INFO - Dependencies all met for <TaskInstance: example_bash_operator.this_will_skip scheduled__2023-10-14T00:00:00+00:00 [queued]>
[2023-10-15 09:44:20,771] {taskinstance.py:1238} INFO - 
--------------------------------------------------------------------------------
[2023-10-15 09:44:20,771] {taskinstance.py:1239} INFO - Starting attempt 1 of 1
[2023-10-15 09:44:20,771] {taskinstance.py:1240} INFO - 
--------------------------------------------------------------------------------
[2023-10-15 09:44:20,777] {taskinstance.py:1259} INFO - Executing <Task(BashOperator): this_will_skip> on 2023-10-14 00:00:00+00:00
[2023-10-15 09:44:20,782] {standard_task_runner.py:52} INFO - Started process 26377 to run task
[2023-10-15 09:44:20,786] {standard_task_runner.py:76} INFO - Running: ['airflow', 'tasks', 'run', 'example_bash_operator', 'this_will_skip', 'scheduled__2023-10-14T00:00:00+00:00', '--job-id', '24', '--raw', '--subdir', '/Users/namyoung/Desktop/myprj/airflow/airflow/lib/python3.7/site-packages/airflow/example_dags/example_bash_operator.py', '--cfg-path', '/var/folders/w8/gbzkvtnj1rxcxgv8d7rw8k9m0000gn/T/tmpckax_zqe', '--error-file', '/var/folders/w8/gbzkvtnj1rxcxgv8d7rw8k9m0000gn/T/tmp_a3lcng1']
[2023-10-15 09:44:20,787] {standard_task_runner.py:77} INFO - Job 24: Subtask this_will_skip
[2023-10-15 09:44:20,814] {logging_mixin.py:109} INFO - Running <TaskInstance: example_bash_operator.this_will_skip scheduled__2023-10-14T00:00:00+00:00 [running]> on host 1.0.0.127.in-addr.arpa
[2023-10-15 09:44:20,840] {taskinstance.py:1426} INFO - Exporting the following env vars:
AIRFLOW_CTX_DAG_OWNER=airflow
AIRFLOW_CTX_DAG_ID=example_bash_operator
AIRFLOW_CTX_TASK_ID=this_will_skip
AIRFLOW_CTX_EXECUTION_DATE=2023-10-14T00:00:00+00:00
AIRFLOW_CTX_DAG_RUN_ID=scheduled__2023-10-14T00:00:00+00:00
[2023-10-15 09:44:20,841] {subprocess.py:62} INFO - Tmp dir root location: 
 /var/folders/w8/gbzkvtnj1rxcxgv8d7rw8k9m0000gn/T
[2023-10-15 09:44:20,841] {subprocess.py:74} INFO - Running command: ['bash', '-c', 'echo "hello world"; exit 99;']
[2023-10-15 09:44:20,854] {subprocess.py:85} INFO - Output:
[2023-10-15 09:44:20,946] {subprocess.py:89} INFO - hello world
[2023-10-15 09:44:20,947] {subprocess.py:93} INFO - Command exited with return code 99
[2023-10-15 09:44:20,947] {taskinstance.py:1356} INFO - Bash command returned exit code 99. Skipping.
[2023-10-15 09:44:20,953] {taskinstance.py:1277} INFO - Marking task as SKIPPED. dag_id=example_bash_operator, task_id=this_will_skip, execution_date=20231014T000000, start_date=20231015T004420, end_date=20231015T004420
[2023-10-15 09:44:21,007] {local_task_job.py:154} INFO - Task exited with return code 0
[2023-10-15 09:44:21,023] {local_task_job.py:264} INFO - 0 downstream tasks scheduled from follow-on schedule check
