[2023-10-17 09:03:13,182] {taskinstance.py:1032} INFO - Dependencies all met for <TaskInstance: example_bash_operator.runme_1 scheduled__2023-10-16T00:00:00+00:00 [queued]>
[2023-10-17 09:03:13,186] {taskinstance.py:1032} INFO - Dependencies all met for <TaskInstance: example_bash_operator.runme_1 scheduled__2023-10-16T00:00:00+00:00 [queued]>
[2023-10-17 09:03:13,186] {taskinstance.py:1238} INFO - 
--------------------------------------------------------------------------------
[2023-10-17 09:03:13,186] {taskinstance.py:1239} INFO - Starting attempt 1 of 1
[2023-10-17 09:03:13,186] {taskinstance.py:1240} INFO - 
--------------------------------------------------------------------------------
[2023-10-17 09:03:13,191] {taskinstance.py:1259} INFO - Executing <Task(BashOperator): runme_1> on 2023-10-16 00:00:00+00:00
[2023-10-17 09:03:13,196] {standard_task_runner.py:52} INFO - Started process 32556 to run task
[2023-10-17 09:03:13,200] {standard_task_runner.py:76} INFO - Running: ['airflow', 'tasks', 'run', 'example_bash_operator', 'runme_1', 'scheduled__2023-10-16T00:00:00+00:00', '--job-id', '33', '--raw', '--subdir', '/Users/namyoung/Desktop/myprj/airflow/airflow/lib/python3.7/site-packages/airflow/example_dags/example_bash_operator.py', '--cfg-path', '/var/folders/w8/gbzkvtnj1rxcxgv8d7rw8k9m0000gn/T/tmpurusqw8m', '--error-file', '/var/folders/w8/gbzkvtnj1rxcxgv8d7rw8k9m0000gn/T/tmp7sshy9u7']
[2023-10-17 09:03:13,201] {standard_task_runner.py:77} INFO - Job 33: Subtask runme_1
[2023-10-17 09:03:13,228] {logging_mixin.py:109} INFO - Running <TaskInstance: example_bash_operator.runme_1 scheduled__2023-10-16T00:00:00+00:00 [running]> on host 1.0.0.127.in-addr.arpa
[2023-10-17 09:03:13,250] {taskinstance.py:1426} INFO - Exporting the following env vars:
AIRFLOW_CTX_DAG_OWNER=airflow
AIRFLOW_CTX_DAG_ID=example_bash_operator
AIRFLOW_CTX_TASK_ID=runme_1
AIRFLOW_CTX_EXECUTION_DATE=2023-10-16T00:00:00+00:00
AIRFLOW_CTX_DAG_RUN_ID=scheduled__2023-10-16T00:00:00+00:00
[2023-10-17 09:03:13,250] {subprocess.py:62} INFO - Tmp dir root location: 
 /var/folders/w8/gbzkvtnj1rxcxgv8d7rw8k9m0000gn/T
[2023-10-17 09:03:13,251] {subprocess.py:74} INFO - Running command: ['bash', '-c', 'echo "example_bash_operator__runme_1__20231016" && sleep 1']
[2023-10-17 09:03:13,259] {subprocess.py:85} INFO - Output:
[2023-10-17 09:03:13,264] {subprocess.py:89} INFO - example_bash_operator__runme_1__20231016
[2023-10-17 09:18:30,870] {subprocess.py:93} INFO - Command exited with return code 0
[2023-10-17 09:18:30,884] {taskinstance.py:1277} INFO - Marking task as SUCCESS. dag_id=example_bash_operator, task_id=runme_1, execution_date=20231016T000000, start_date=20231017T000313, end_date=20231017T001830
[2023-10-17 09:18:30,921] {local_task_job.py:154} INFO - Task exited with return code 0
[2023-10-17 09:18:30,939] {local_task_job.py:264} INFO - 0 downstream tasks scheduled from follow-on schedule check
