[2023-11-07 19:25:57,135] {processor.py:163} INFO - Started process (PID=23534) to work on /Users/namyoung/Desktop/myprj/airflow/airflow/lib/python3.7/site-packages/airflow/example_dags/example_subdag_operator.py
[2023-11-07 19:25:57,136] {processor.py:642} INFO - Processing file /Users/namyoung/Desktop/myprj/airflow/airflow/lib/python3.7/site-packages/airflow/example_dags/example_subdag_operator.py for tasks to queue
[2023-11-07 19:25:57,137] {logging_mixin.py:109} INFO - [2023-11-07 19:25:57,137] {dagbag.py:500} INFO - Filling up the DagBag from /Users/namyoung/Desktop/myprj/airflow/airflow/lib/python3.7/site-packages/airflow/example_dags/example_subdag_operator.py
[2023-11-07 19:25:57,160] {processor.py:654} INFO - DAG(s) dict_keys(['example_subdag_operator.section-1', 'example_subdag_operator.section-2', 'example_subdag_operator']) retrieved from /Users/namyoung/Desktop/myprj/airflow/airflow/lib/python3.7/site-packages/airflow/example_dags/example_subdag_operator.py
[2023-11-07 19:25:57,164] {logging_mixin.py:109} INFO - [2023-11-07 19:25:57,164] {dag.py:2396} INFO - Sync 3 DAGs
[2023-11-07 19:25:57,174] {logging_mixin.py:109} INFO - [2023-11-07 19:25:57,174] {dag.py:2935} INFO - Setting next_dagrun for example_subdag_operator to 2023-11-05T00:00:00+00:00
[2023-11-07 19:25:57,174] {logging_mixin.py:109} INFO - [2023-11-07 19:25:57,174] {dag.py:2935} INFO - Setting next_dagrun for example_subdag_operator.section-1 to None
[2023-11-07 19:25:57,175] {logging_mixin.py:109} INFO - [2023-11-07 19:25:57,174] {dag.py:2935} INFO - Setting next_dagrun for example_subdag_operator.section-2 to None
[2023-11-07 19:25:57,178] {logging_mixin.py:109} INFO - [2023-11-07 19:25:57,178] {dag.py:2396} INFO - Sync 2 DAGs
[2023-11-07 19:25:57,183] {logging_mixin.py:109} INFO - [2023-11-07 19:25:57,182] {dag.py:2935} INFO - Setting next_dagrun for example_subdag_operator.section-1 to None
[2023-11-07 19:25:57,183] {logging_mixin.py:109} INFO - [2023-11-07 19:25:57,183] {dag.py:2935} INFO - Setting next_dagrun for example_subdag_operator.section-2 to None
[2023-11-07 19:25:57,187] {processor.py:171} INFO - Processing /Users/namyoung/Desktop/myprj/airflow/airflow/lib/python3.7/site-packages/airflow/example_dags/example_subdag_operator.py took 0.055 seconds
[2023-11-07 19:26:29,826] {processor.py:163} INFO - Started process (PID=23568) to work on /Users/namyoung/Desktop/myprj/airflow/airflow/lib/python3.7/site-packages/airflow/example_dags/example_subdag_operator.py
[2023-11-07 19:26:29,828] {processor.py:642} INFO - Processing file /Users/namyoung/Desktop/myprj/airflow/airflow/lib/python3.7/site-packages/airflow/example_dags/example_subdag_operator.py for tasks to queue
[2023-11-07 19:26:29,828] {logging_mixin.py:109} INFO - [2023-11-07 19:26:29,828] {dagbag.py:500} INFO - Filling up the DagBag from /Users/namyoung/Desktop/myprj/airflow/airflow/lib/python3.7/site-packages/airflow/example_dags/example_subdag_operator.py
[2023-11-07 19:26:29,852] {processor.py:654} INFO - DAG(s) dict_keys(['example_subdag_operator.section-1', 'example_subdag_operator.section-2', 'example_subdag_operator']) retrieved from /Users/namyoung/Desktop/myprj/airflow/airflow/lib/python3.7/site-packages/airflow/example_dags/example_subdag_operator.py
[2023-11-07 19:26:29,859] {logging_mixin.py:109} INFO - [2023-11-07 19:26:29,859] {dag.py:2396} INFO - Sync 3 DAGs
[2023-11-07 19:26:29,867] {logging_mixin.py:109} INFO - [2023-11-07 19:26:29,867] {dag.py:2935} INFO - Setting next_dagrun for example_subdag_operator to 2023-11-05T00:00:00+00:00
[2023-11-07 19:26:29,867] {logging_mixin.py:109} INFO - [2023-11-07 19:26:29,867] {dag.py:2935} INFO - Setting next_dagrun for example_subdag_operator.section-1 to None
[2023-11-07 19:26:29,867] {logging_mixin.py:109} INFO - [2023-11-07 19:26:29,867] {dag.py:2935} INFO - Setting next_dagrun for example_subdag_operator.section-2 to None
[2023-11-07 19:26:29,870] {logging_mixin.py:109} INFO - [2023-11-07 19:26:29,870] {dag.py:2396} INFO - Sync 2 DAGs
[2023-11-07 19:26:29,874] {logging_mixin.py:109} INFO - [2023-11-07 19:26:29,874] {dag.py:2935} INFO - Setting next_dagrun for example_subdag_operator.section-1 to None
[2023-11-07 19:26:29,875] {logging_mixin.py:109} INFO - [2023-11-07 19:26:29,874] {dag.py:2935} INFO - Setting next_dagrun for example_subdag_operator.section-2 to None
[2023-11-07 19:26:29,879] {processor.py:171} INFO - Processing /Users/namyoung/Desktop/myprj/airflow/airflow/lib/python3.7/site-packages/airflow/example_dags/example_subdag_operator.py took 0.056 seconds
