[2023-10-14 09:05:29,614] {taskinstance.py:1032} INFO - Dependencies all met for <TaskInstance: example_bash_operator.this_will_skip scheduled__2023-10-13T00:00:00+00:00 [queued]>
[2023-10-14 09:05:29,618] {taskinstance.py:1032} INFO - Dependencies all met for <TaskInstance: example_bash_operator.this_will_skip scheduled__2023-10-13T00:00:00+00:00 [queued]>
[2023-10-14 09:05:29,618] {taskinstance.py:1238} INFO - 
--------------------------------------------------------------------------------
[2023-10-14 09:05:29,618] {taskinstance.py:1239} INFO - Starting attempt 1 of 1
[2023-10-14 09:05:29,618] {taskinstance.py:1240} INFO - 
--------------------------------------------------------------------------------
[2023-10-14 09:05:29,623] {taskinstance.py:1259} INFO - Executing <Task(BashOperator): this_will_skip> on 2023-10-13 00:00:00+00:00
[2023-10-14 09:05:29,628] {standard_task_runner.py:52} INFO - Started process 23272 to run task
[2023-10-14 09:05:29,632] {standard_task_runner.py:76} INFO - Running: ['airflow', 'tasks', 'run', 'example_bash_operator', 'this_will_skip', 'scheduled__2023-10-13T00:00:00+00:00', '--job-id', '18', '--raw', '--subdir', '/Users/namyoung/Desktop/myprj/airflow/airflow/lib/python3.7/site-packages/airflow/example_dags/example_bash_operator.py', '--cfg-path', '/var/folders/w8/gbzkvtnj1rxcxgv8d7rw8k9m0000gn/T/tmp1t1h6ov3', '--error-file', '/var/folders/w8/gbzkvtnj1rxcxgv8d7rw8k9m0000gn/T/tmp_99e6zmc']
[2023-10-14 09:05:29,633] {standard_task_runner.py:77} INFO - Job 18: Subtask this_will_skip
[2023-10-14 09:22:08,092] {logging_mixin.py:109} INFO - Running <TaskInstance: example_bash_operator.this_will_skip scheduled__2023-10-13T00:00:00+00:00 [running]> on host 1.0.0.127.in-addr.arpa
[2023-10-14 09:22:08,121] {taskinstance.py:1426} INFO - Exporting the following env vars:
AIRFLOW_CTX_DAG_OWNER=airflow
AIRFLOW_CTX_DAG_ID=example_bash_operator
AIRFLOW_CTX_TASK_ID=this_will_skip
AIRFLOW_CTX_EXECUTION_DATE=2023-10-13T00:00:00+00:00
AIRFLOW_CTX_DAG_RUN_ID=scheduled__2023-10-13T00:00:00+00:00
[2023-10-14 09:22:08,121] {subprocess.py:62} INFO - Tmp dir root location: 
 /var/folders/w8/gbzkvtnj1rxcxgv8d7rw8k9m0000gn/T
[2023-10-14 09:22:08,122] {subprocess.py:74} INFO - Running command: ['bash', '-c', 'echo "hello world"; exit 99;']
[2023-10-14 09:22:08,131] {subprocess.py:85} INFO - Output:
[2023-10-14 09:22:08,223] {subprocess.py:89} INFO - hello world
[2023-10-14 09:22:08,224] {subprocess.py:93} INFO - Command exited with return code 99
[2023-10-14 09:22:08,226] {taskinstance.py:1356} INFO - Bash command returned exit code 99. Skipping.
[2023-10-14 09:22:08,234] {taskinstance.py:1277} INFO - Marking task as SKIPPED. dag_id=example_bash_operator, task_id=this_will_skip, execution_date=20231013T000000, start_date=20231014T000529, end_date=20231014T002208
[2023-10-14 09:22:08,261] {local_task_job.py:154} INFO - Task exited with return code 0
[2023-10-14 09:22:08,276] {local_task_job.py:264} INFO - 0 downstream tasks scheduled from follow-on schedule check
