[2023-10-16 09:40:04,925] {taskinstance.py:1032} INFO - Dependencies all met for <TaskInstance: example_bash_operator.run_after_loop scheduled__2023-10-15T00:00:00+00:00 [queued]>
[2023-10-16 09:40:04,929] {taskinstance.py:1032} INFO - Dependencies all met for <TaskInstance: example_bash_operator.run_after_loop scheduled__2023-10-15T00:00:00+00:00 [queued]>
[2023-10-16 09:40:04,929] {taskinstance.py:1238} INFO - 
--------------------------------------------------------------------------------
[2023-10-16 09:40:04,929] {taskinstance.py:1239} INFO - Starting attempt 1 of 1
[2023-10-16 09:40:04,929] {taskinstance.py:1240} INFO - 
--------------------------------------------------------------------------------
[2023-10-16 09:40:04,935] {taskinstance.py:1259} INFO - Executing <Task(BashOperator): run_after_loop> on 2023-10-15 00:00:00+00:00
[2023-10-16 09:40:04,940] {standard_task_runner.py:52} INFO - Started process 29479 to run task
[2023-10-16 09:40:04,944] {standard_task_runner.py:76} INFO - Running: ['airflow', 'tasks', 'run', 'example_bash_operator', 'run_after_loop', 'scheduled__2023-10-15T00:00:00+00:00', '--job-id', '31', '--raw', '--subdir', '/Users/namyoung/Desktop/myprj/airflow/airflow/lib/python3.7/site-packages/airflow/example_dags/example_bash_operator.py', '--cfg-path', '/var/folders/w8/gbzkvtnj1rxcxgv8d7rw8k9m0000gn/T/tmp1v2pydsr', '--error-file', '/var/folders/w8/gbzkvtnj1rxcxgv8d7rw8k9m0000gn/T/tmprhooqlrq']
[2023-10-16 09:40:04,945] {standard_task_runner.py:77} INFO - Job 31: Subtask run_after_loop
[2023-10-16 09:40:04,973] {logging_mixin.py:109} INFO - Running <TaskInstance: example_bash_operator.run_after_loop scheduled__2023-10-15T00:00:00+00:00 [running]> on host 1.0.0.127.in-addr.arpa
[2023-10-16 09:40:04,995] {taskinstance.py:1426} INFO - Exporting the following env vars:
AIRFLOW_CTX_DAG_OWNER=airflow
AIRFLOW_CTX_DAG_ID=example_bash_operator
AIRFLOW_CTX_TASK_ID=run_after_loop
AIRFLOW_CTX_EXECUTION_DATE=2023-10-15T00:00:00+00:00
AIRFLOW_CTX_DAG_RUN_ID=scheduled__2023-10-15T00:00:00+00:00
[2023-10-16 09:40:04,995] {subprocess.py:62} INFO - Tmp dir root location: 
 /var/folders/w8/gbzkvtnj1rxcxgv8d7rw8k9m0000gn/T
[2023-10-16 09:40:04,995] {subprocess.py:74} INFO - Running command: ['bash', '-c', 'echo 1']
[2023-10-16 09:40:05,006] {subprocess.py:85} INFO - Output:
[2023-10-16 09:40:05,010] {subprocess.py:89} INFO - 1
[2023-10-16 09:40:05,011] {subprocess.py:93} INFO - Command exited with return code 0
[2023-10-16 09:40:05,020] {taskinstance.py:1277} INFO - Marking task as SUCCESS. dag_id=example_bash_operator, task_id=run_after_loop, execution_date=20231015T000000, start_date=20231016T004004, end_date=20231016T004005
[2023-10-16 09:40:05,067] {local_task_job.py:154} INFO - Task exited with return code 0
[2023-10-16 09:40:05,078] {local_task_job.py:264} INFO - 0 downstream tasks scheduled from follow-on schedule check
