[2023-10-14 10:27:01,497] {processor.py:163} INFO - Started process (PID=23390) to work on /Users/namyoung/Desktop/myprj/airflow/airflow/lib/python3.7/site-packages/airflow/example_dags/example_bash_operator.py
[2023-10-14 10:27:01,498] {processor.py:642} INFO - Processing file /Users/namyoung/Desktop/myprj/airflow/airflow/lib/python3.7/site-packages/airflow/example_dags/example_bash_operator.py for tasks to queue
[2023-10-14 10:27:01,499] {logging_mixin.py:109} INFO - [2023-10-14 10:27:01,498] {dagbag.py:500} INFO - Filling up the DagBag from /Users/namyoung/Desktop/myprj/airflow/airflow/lib/python3.7/site-packages/airflow/example_dags/example_bash_operator.py
[2023-10-14 10:27:01,515] {processor.py:654} INFO - DAG(s) dict_keys(['example_bash_operator']) retrieved from /Users/namyoung/Desktop/myprj/airflow/airflow/lib/python3.7/site-packages/airflow/example_dags/example_bash_operator.py
[2023-10-14 10:27:01,522] {logging_mixin.py:109} INFO - [2023-10-14 10:27:01,522] {dag.py:2396} INFO - Sync 1 DAGs
[2023-10-14 10:27:01,530] {logging_mixin.py:109} INFO - [2023-10-14 10:27:01,530] {dag.py:2935} INFO - Setting next_dagrun for example_bash_operator to 2023-10-14T00:00:00+00:00
[2023-10-14 10:27:01,535] {processor.py:171} INFO - Processing /Users/namyoung/Desktop/myprj/airflow/airflow/lib/python3.7/site-packages/airflow/example_dags/example_bash_operator.py took 0.040 seconds
[2023-10-14 13:40:34,881] {processor.py:163} INFO - Started process (PID=23788) to work on /Users/namyoung/Desktop/myprj/airflow/airflow/lib/python3.7/site-packages/airflow/example_dags/example_bash_operator.py
[2023-10-14 13:40:34,882] {processor.py:642} INFO - Processing file /Users/namyoung/Desktop/myprj/airflow/airflow/lib/python3.7/site-packages/airflow/example_dags/example_bash_operator.py for tasks to queue
[2023-10-14 13:40:34,882] {logging_mixin.py:109} INFO - [2023-10-14 13:40:34,882] {dagbag.py:500} INFO - Filling up the DagBag from /Users/namyoung/Desktop/myprj/airflow/airflow/lib/python3.7/site-packages/airflow/example_dags/example_bash_operator.py
[2023-10-14 13:40:34,897] {processor.py:654} INFO - DAG(s) dict_keys(['example_bash_operator']) retrieved from /Users/namyoung/Desktop/myprj/airflow/airflow/lib/python3.7/site-packages/airflow/example_dags/example_bash_operator.py
[2023-10-14 13:40:34,905] {logging_mixin.py:109} INFO - [2023-10-14 13:40:34,904] {dag.py:2396} INFO - Sync 1 DAGs
[2023-10-14 13:40:34,913] {logging_mixin.py:109} INFO - [2023-10-14 13:40:34,913] {dag.py:2935} INFO - Setting next_dagrun for example_bash_operator to 2023-10-14T00:00:00+00:00
[2023-10-14 13:40:34,920] {processor.py:171} INFO - Processing /Users/namyoung/Desktop/myprj/airflow/airflow/lib/python3.7/site-packages/airflow/example_dags/example_bash_operator.py took 0.041 seconds
[2023-10-14 16:55:55,828] {processor.py:163} INFO - Started process (PID=24193) to work on /Users/namyoung/Desktop/myprj/airflow/airflow/lib/python3.7/site-packages/airflow/example_dags/example_bash_operator.py
[2023-10-14 16:55:55,829] {processor.py:642} INFO - Processing file /Users/namyoung/Desktop/myprj/airflow/airflow/lib/python3.7/site-packages/airflow/example_dags/example_bash_operator.py for tasks to queue
[2023-10-14 16:55:55,829] {logging_mixin.py:109} INFO - [2023-10-14 16:55:55,829] {dagbag.py:500} INFO - Filling up the DagBag from /Users/namyoung/Desktop/myprj/airflow/airflow/lib/python3.7/site-packages/airflow/example_dags/example_bash_operator.py
[2023-10-14 16:55:55,844] {processor.py:654} INFO - DAG(s) dict_keys(['example_bash_operator']) retrieved from /Users/namyoung/Desktop/myprj/airflow/airflow/lib/python3.7/site-packages/airflow/example_dags/example_bash_operator.py
[2023-10-14 16:55:55,850] {logging_mixin.py:109} INFO - [2023-10-14 16:55:55,850] {dag.py:2396} INFO - Sync 1 DAGs
[2023-10-14 16:55:55,859] {logging_mixin.py:109} INFO - [2023-10-14 16:55:55,858] {dag.py:2935} INFO - Setting next_dagrun for example_bash_operator to 2023-10-14T00:00:00+00:00
[2023-10-14 16:55:55,866] {processor.py:171} INFO - Processing /Users/namyoung/Desktop/myprj/airflow/airflow/lib/python3.7/site-packages/airflow/example_dags/example_bash_operator.py took 0.040 seconds
[2023-10-14 19:21:56,543] {processor.py:163} INFO - Started process (PID=24563) to work on /Users/namyoung/Desktop/myprj/airflow/airflow/lib/python3.7/site-packages/airflow/example_dags/example_bash_operator.py
[2023-10-14 19:21:56,545] {processor.py:642} INFO - Processing file /Users/namyoung/Desktop/myprj/airflow/airflow/lib/python3.7/site-packages/airflow/example_dags/example_bash_operator.py for tasks to queue
[2023-10-14 19:21:56,547] {logging_mixin.py:109} INFO - [2023-10-14 19:21:56,546] {dagbag.py:500} INFO - Filling up the DagBag from /Users/namyoung/Desktop/myprj/airflow/airflow/lib/python3.7/site-packages/airflow/example_dags/example_bash_operator.py
[2023-10-14 19:21:56,579] {processor.py:654} INFO - DAG(s) dict_keys(['example_bash_operator']) retrieved from /Users/namyoung/Desktop/myprj/airflow/airflow/lib/python3.7/site-packages/airflow/example_dags/example_bash_operator.py
[2023-10-14 19:21:56,588] {logging_mixin.py:109} INFO - [2023-10-14 19:21:56,587] {dag.py:2396} INFO - Sync 1 DAGs
[2023-10-14 19:21:56,598] {logging_mixin.py:109} INFO - [2023-10-14 19:21:56,598] {dag.py:2935} INFO - Setting next_dagrun for example_bash_operator to 2023-10-14T00:00:00+00:00
[2023-10-14 19:21:56,604] {processor.py:171} INFO - Processing /Users/namyoung/Desktop/myprj/airflow/airflow/lib/python3.7/site-packages/airflow/example_dags/example_bash_operator.py took 0.066 seconds
[2023-10-14 21:20:30,503] {processor.py:163} INFO - Started process (PID=24716) to work on /Users/namyoung/Desktop/myprj/airflow/airflow/lib/python3.7/site-packages/airflow/example_dags/example_bash_operator.py
[2023-10-14 21:20:30,504] {processor.py:642} INFO - Processing file /Users/namyoung/Desktop/myprj/airflow/airflow/lib/python3.7/site-packages/airflow/example_dags/example_bash_operator.py for tasks to queue
[2023-10-14 21:20:30,504] {logging_mixin.py:109} INFO - [2023-10-14 21:20:30,504] {dagbag.py:500} INFO - Filling up the DagBag from /Users/namyoung/Desktop/myprj/airflow/airflow/lib/python3.7/site-packages/airflow/example_dags/example_bash_operator.py
[2023-10-14 21:20:30,520] {processor.py:654} INFO - DAG(s) dict_keys(['example_bash_operator']) retrieved from /Users/namyoung/Desktop/myprj/airflow/airflow/lib/python3.7/site-packages/airflow/example_dags/example_bash_operator.py
[2023-10-14 21:20:30,526] {logging_mixin.py:109} INFO - [2023-10-14 21:20:30,525] {dag.py:2396} INFO - Sync 1 DAGs
[2023-10-14 21:20:30,538] {logging_mixin.py:109} INFO - [2023-10-14 21:20:30,538] {dag.py:2935} INFO - Setting next_dagrun for example_bash_operator to 2023-10-14T00:00:00+00:00
[2023-10-14 21:20:30,544] {processor.py:171} INFO - Processing /Users/namyoung/Desktop/myprj/airflow/airflow/lib/python3.7/site-packages/airflow/example_dags/example_bash_operator.py took 0.043 seconds
[2023-10-15 00:34:18,734] {processor.py:163} INFO - Started process (PID=25144) to work on /Users/namyoung/Desktop/myprj/airflow/airflow/lib/python3.7/site-packages/airflow/example_dags/example_bash_operator.py
[2023-10-15 00:34:18,735] {processor.py:642} INFO - Processing file /Users/namyoung/Desktop/myprj/airflow/airflow/lib/python3.7/site-packages/airflow/example_dags/example_bash_operator.py for tasks to queue
[2023-10-15 00:34:18,735] {logging_mixin.py:109} INFO - [2023-10-15 00:34:18,735] {dagbag.py:500} INFO - Filling up the DagBag from /Users/namyoung/Desktop/myprj/airflow/airflow/lib/python3.7/site-packages/airflow/example_dags/example_bash_operator.py
[2023-10-15 00:34:18,750] {processor.py:654} INFO - DAG(s) dict_keys(['example_bash_operator']) retrieved from /Users/namyoung/Desktop/myprj/airflow/airflow/lib/python3.7/site-packages/airflow/example_dags/example_bash_operator.py
[2023-10-15 00:34:18,756] {logging_mixin.py:109} INFO - [2023-10-15 00:34:18,756] {dag.py:2396} INFO - Sync 1 DAGs
[2023-10-15 00:34:18,765] {logging_mixin.py:109} INFO - [2023-10-15 00:34:18,765] {dag.py:2935} INFO - Setting next_dagrun for example_bash_operator to 2023-10-14T00:00:00+00:00
[2023-10-15 00:34:18,771] {processor.py:171} INFO - Processing /Users/namyoung/Desktop/myprj/airflow/airflow/lib/python3.7/site-packages/airflow/example_dags/example_bash_operator.py took 0.039 seconds
[2023-10-15 03:41:09,613] {processor.py:163} INFO - Started process (PID=25552) to work on /Users/namyoung/Desktop/myprj/airflow/airflow/lib/python3.7/site-packages/airflow/example_dags/example_bash_operator.py
[2023-10-15 03:41:09,613] {processor.py:642} INFO - Processing file /Users/namyoung/Desktop/myprj/airflow/airflow/lib/python3.7/site-packages/airflow/example_dags/example_bash_operator.py for tasks to queue
[2023-10-15 03:41:09,614] {logging_mixin.py:109} INFO - [2023-10-15 03:41:09,614] {dagbag.py:500} INFO - Filling up the DagBag from /Users/namyoung/Desktop/myprj/airflow/airflow/lib/python3.7/site-packages/airflow/example_dags/example_bash_operator.py
[2023-10-15 03:41:09,629] {processor.py:654} INFO - DAG(s) dict_keys(['example_bash_operator']) retrieved from /Users/namyoung/Desktop/myprj/airflow/airflow/lib/python3.7/site-packages/airflow/example_dags/example_bash_operator.py
[2023-10-15 03:41:09,635] {logging_mixin.py:109} INFO - [2023-10-15 03:41:09,634] {dag.py:2396} INFO - Sync 1 DAGs
[2023-10-15 03:41:09,643] {logging_mixin.py:109} INFO - [2023-10-15 03:41:09,643] {dag.py:2935} INFO - Setting next_dagrun for example_bash_operator to 2023-10-14T00:00:00+00:00
[2023-10-15 03:41:09,650] {processor.py:171} INFO - Processing /Users/namyoung/Desktop/myprj/airflow/airflow/lib/python3.7/site-packages/airflow/example_dags/example_bash_operator.py took 0.039 seconds
[2023-10-15 07:00:26,101] {processor.py:163} INFO - Started process (PID=25967) to work on /Users/namyoung/Desktop/myprj/airflow/airflow/lib/python3.7/site-packages/airflow/example_dags/example_bash_operator.py
[2023-10-15 07:00:26,102] {processor.py:642} INFO - Processing file /Users/namyoung/Desktop/myprj/airflow/airflow/lib/python3.7/site-packages/airflow/example_dags/example_bash_operator.py for tasks to queue
[2023-10-15 07:00:26,102] {logging_mixin.py:109} INFO - [2023-10-15 07:00:26,102] {dagbag.py:500} INFO - Filling up the DagBag from /Users/namyoung/Desktop/myprj/airflow/airflow/lib/python3.7/site-packages/airflow/example_dags/example_bash_operator.py
[2023-10-15 07:00:26,116] {processor.py:654} INFO - DAG(s) dict_keys(['example_bash_operator']) retrieved from /Users/namyoung/Desktop/myprj/airflow/airflow/lib/python3.7/site-packages/airflow/example_dags/example_bash_operator.py
[2023-10-15 07:00:26,122] {logging_mixin.py:109} INFO - [2023-10-15 07:00:26,122] {dag.py:2396} INFO - Sync 1 DAGs
[2023-10-15 07:00:26,130] {logging_mixin.py:109} INFO - [2023-10-15 07:00:26,130] {dag.py:2935} INFO - Setting next_dagrun for example_bash_operator to 2023-10-14T00:00:00+00:00
[2023-10-15 07:00:26,135] {processor.py:171} INFO - Processing /Users/namyoung/Desktop/myprj/airflow/airflow/lib/python3.7/site-packages/airflow/example_dags/example_bash_operator.py took 0.035 seconds
