[2023-10-14 10:26:59,938] {processor.py:163} INFO - Started process (PID=23378) to work on /Users/namyoung/Desktop/myprj/airflow/airflow/lib/python3.7/site-packages/airflow/example_dags/example_branch_labels.py
[2023-10-14 10:26:59,938] {processor.py:642} INFO - Processing file /Users/namyoung/Desktop/myprj/airflow/airflow/lib/python3.7/site-packages/airflow/example_dags/example_branch_labels.py for tasks to queue
[2023-10-14 10:26:59,939] {logging_mixin.py:109} INFO - [2023-10-14 10:26:59,939] {dagbag.py:500} INFO - Filling up the DagBag from /Users/namyoung/Desktop/myprj/airflow/airflow/lib/python3.7/site-packages/airflow/example_dags/example_branch_labels.py
[2023-10-14 10:26:59,952] {processor.py:654} INFO - DAG(s) dict_keys(['example_branch_labels']) retrieved from /Users/namyoung/Desktop/myprj/airflow/airflow/lib/python3.7/site-packages/airflow/example_dags/example_branch_labels.py
[2023-10-14 10:26:59,959] {logging_mixin.py:109} INFO - [2023-10-14 10:26:59,959] {dag.py:2396} INFO - Sync 1 DAGs
[2023-10-14 10:26:59,967] {logging_mixin.py:109} INFO - [2023-10-14 10:26:59,967] {dag.py:2935} INFO - Setting next_dagrun for example_branch_labels to 2023-10-13 00:00:00+00:00
[2023-10-14 10:26:59,973] {processor.py:171} INFO - Processing /Users/namyoung/Desktop/myprj/airflow/airflow/lib/python3.7/site-packages/airflow/example_dags/example_branch_labels.py took 0.037 seconds
[2023-10-14 13:23:56,454] {processor.py:163} INFO - Started process (PID=23775) to work on /Users/namyoung/Desktop/myprj/airflow/airflow/lib/python3.7/site-packages/airflow/example_dags/example_branch_labels.py
[2023-10-14 13:23:56,455] {processor.py:642} INFO - Processing file /Users/namyoung/Desktop/myprj/airflow/airflow/lib/python3.7/site-packages/airflow/example_dags/example_branch_labels.py for tasks to queue
[2023-10-14 13:23:56,456] {logging_mixin.py:109} INFO - [2023-10-14 13:23:56,456] {dagbag.py:500} INFO - Filling up the DagBag from /Users/namyoung/Desktop/myprj/airflow/airflow/lib/python3.7/site-packages/airflow/example_dags/example_branch_labels.py
[2023-10-14 13:23:56,482] {processor.py:654} INFO - DAG(s) dict_keys(['example_branch_labels']) retrieved from /Users/namyoung/Desktop/myprj/airflow/airflow/lib/python3.7/site-packages/airflow/example_dags/example_branch_labels.py
[2023-10-14 13:23:56,490] {logging_mixin.py:109} INFO - [2023-10-14 13:23:56,490] {dag.py:2396} INFO - Sync 1 DAGs
[2023-10-14 13:23:56,500] {logging_mixin.py:109} INFO - [2023-10-14 13:23:56,499] {dag.py:2935} INFO - Setting next_dagrun for example_branch_labels to 2023-10-13 00:00:00+00:00
[2023-10-14 13:23:56,505] {processor.py:171} INFO - Processing /Users/namyoung/Desktop/myprj/airflow/airflow/lib/python3.7/site-packages/airflow/example_dags/example_branch_labels.py took 0.057 seconds
[2023-10-14 15:18:06,608] {processor.py:163} INFO - Started process (PID=23919) to work on /Users/namyoung/Desktop/myprj/airflow/airflow/lib/python3.7/site-packages/airflow/example_dags/example_branch_labels.py
[2023-10-14 15:18:06,609] {processor.py:642} INFO - Processing file /Users/namyoung/Desktop/myprj/airflow/airflow/lib/python3.7/site-packages/airflow/example_dags/example_branch_labels.py for tasks to queue
[2023-10-14 15:18:06,610] {logging_mixin.py:109} INFO - [2023-10-14 15:18:06,610] {dagbag.py:500} INFO - Filling up the DagBag from /Users/namyoung/Desktop/myprj/airflow/airflow/lib/python3.7/site-packages/airflow/example_dags/example_branch_labels.py
[2023-10-14 15:18:06,627] {processor.py:654} INFO - DAG(s) dict_keys(['example_branch_labels']) retrieved from /Users/namyoung/Desktop/myprj/airflow/airflow/lib/python3.7/site-packages/airflow/example_dags/example_branch_labels.py
[2023-10-14 15:18:06,634] {logging_mixin.py:109} INFO - [2023-10-14 15:18:06,634] {dag.py:2396} INFO - Sync 1 DAGs
[2023-10-14 15:18:06,642] {logging_mixin.py:109} INFO - [2023-10-14 15:18:06,642] {dag.py:2935} INFO - Setting next_dagrun for example_branch_labels to 2023-10-13 00:00:00+00:00
[2023-10-14 15:18:06,688] {processor.py:171} INFO - Processing /Users/namyoung/Desktop/myprj/airflow/airflow/lib/python3.7/site-packages/airflow/example_dags/example_branch_labels.py took 0.083 seconds
[2023-10-14 18:01:24,204] {processor.py:163} INFO - Started process (PID=24318) to work on /Users/namyoung/Desktop/myprj/airflow/airflow/lib/python3.7/site-packages/airflow/example_dags/example_branch_labels.py
[2023-10-14 18:01:24,205] {processor.py:642} INFO - Processing file /Users/namyoung/Desktop/myprj/airflow/airflow/lib/python3.7/site-packages/airflow/example_dags/example_branch_labels.py for tasks to queue
[2023-10-14 18:01:24,207] {logging_mixin.py:109} INFO - [2023-10-14 18:01:24,206] {dagbag.py:500} INFO - Filling up the DagBag from /Users/namyoung/Desktop/myprj/airflow/airflow/lib/python3.7/site-packages/airflow/example_dags/example_branch_labels.py
[2023-10-14 18:01:24,230] {processor.py:654} INFO - DAG(s) dict_keys(['example_branch_labels']) retrieved from /Users/namyoung/Desktop/myprj/airflow/airflow/lib/python3.7/site-packages/airflow/example_dags/example_branch_labels.py
[2023-10-14 18:01:24,237] {logging_mixin.py:109} INFO - [2023-10-14 18:01:24,237] {dag.py:2396} INFO - Sync 1 DAGs
[2023-10-14 18:01:24,246] {logging_mixin.py:109} INFO - [2023-10-14 18:01:24,245] {dag.py:2935} INFO - Setting next_dagrun for example_branch_labels to 2023-10-13 00:00:00+00:00
[2023-10-14 18:01:24,250] {processor.py:171} INFO - Processing /Users/namyoung/Desktop/myprj/airflow/airflow/lib/python3.7/site-packages/airflow/example_dags/example_branch_labels.py took 0.051 seconds
[2023-10-14 21:02:59,087] {processor.py:163} INFO - Started process (PID=24696) to work on /Users/namyoung/Desktop/myprj/airflow/airflow/lib/python3.7/site-packages/airflow/example_dags/example_branch_labels.py
[2023-10-14 21:02:59,088] {processor.py:642} INFO - Processing file /Users/namyoung/Desktop/myprj/airflow/airflow/lib/python3.7/site-packages/airflow/example_dags/example_branch_labels.py for tasks to queue
[2023-10-14 21:02:59,089] {logging_mixin.py:109} INFO - [2023-10-14 21:02:59,089] {dagbag.py:500} INFO - Filling up the DagBag from /Users/namyoung/Desktop/myprj/airflow/airflow/lib/python3.7/site-packages/airflow/example_dags/example_branch_labels.py
[2023-10-14 21:02:59,106] {processor.py:654} INFO - DAG(s) dict_keys(['example_branch_labels']) retrieved from /Users/namyoung/Desktop/myprj/airflow/airflow/lib/python3.7/site-packages/airflow/example_dags/example_branch_labels.py
[2023-10-14 21:02:59,116] {logging_mixin.py:109} INFO - [2023-10-14 21:02:59,115] {dag.py:2396} INFO - Sync 1 DAGs
[2023-10-14 21:02:59,126] {logging_mixin.py:109} INFO - [2023-10-14 21:02:59,126] {dag.py:2935} INFO - Setting next_dagrun for example_branch_labels to 2023-10-13 00:00:00+00:00
[2023-10-14 21:02:59,132] {processor.py:171} INFO - Processing /Users/namyoung/Desktop/myprj/airflow/airflow/lib/python3.7/site-packages/airflow/example_dags/example_branch_labels.py took 0.050 seconds
[2023-10-14 22:56:09,539] {processor.py:163} INFO - Started process (PID=24979) to work on /Users/namyoung/Desktop/myprj/airflow/airflow/lib/python3.7/site-packages/airflow/example_dags/example_branch_labels.py
[2023-10-14 22:56:09,543] {processor.py:642} INFO - Processing file /Users/namyoung/Desktop/myprj/airflow/airflow/lib/python3.7/site-packages/airflow/example_dags/example_branch_labels.py for tasks to queue
[2023-10-14 22:56:09,545] {logging_mixin.py:109} INFO - [2023-10-14 22:56:09,544] {dagbag.py:500} INFO - Filling up the DagBag from /Users/namyoung/Desktop/myprj/airflow/airflow/lib/python3.7/site-packages/airflow/example_dags/example_branch_labels.py
[2023-10-14 22:56:09,571] {processor.py:654} INFO - DAG(s) dict_keys(['example_branch_labels']) retrieved from /Users/namyoung/Desktop/myprj/airflow/airflow/lib/python3.7/site-packages/airflow/example_dags/example_branch_labels.py
[2023-10-14 22:56:09,579] {logging_mixin.py:109} INFO - [2023-10-14 22:56:09,579] {dag.py:2396} INFO - Sync 1 DAGs
[2023-10-14 22:56:09,589] {logging_mixin.py:109} INFO - [2023-10-14 22:56:09,589] {dag.py:2935} INFO - Setting next_dagrun for example_branch_labels to 2023-10-13 00:00:00+00:00
[2023-10-14 22:56:09,596] {processor.py:171} INFO - Processing /Users/namyoung/Desktop/myprj/airflow/airflow/lib/python3.7/site-packages/airflow/example_dags/example_branch_labels.py took 0.065 seconds
[2023-10-15 01:46:42,499] {processor.py:163} INFO - Started process (PID=25397) to work on /Users/namyoung/Desktop/myprj/airflow/airflow/lib/python3.7/site-packages/airflow/example_dags/example_branch_labels.py
[2023-10-15 01:46:42,500] {processor.py:642} INFO - Processing file /Users/namyoung/Desktop/myprj/airflow/airflow/lib/python3.7/site-packages/airflow/example_dags/example_branch_labels.py for tasks to queue
[2023-10-15 01:46:42,502] {logging_mixin.py:109} INFO - [2023-10-15 01:46:42,501] {dagbag.py:500} INFO - Filling up the DagBag from /Users/namyoung/Desktop/myprj/airflow/airflow/lib/python3.7/site-packages/airflow/example_dags/example_branch_labels.py
[2023-10-15 01:46:42,525] {processor.py:654} INFO - DAG(s) dict_keys(['example_branch_labels']) retrieved from /Users/namyoung/Desktop/myprj/airflow/airflow/lib/python3.7/site-packages/airflow/example_dags/example_branch_labels.py
[2023-10-15 01:46:42,534] {logging_mixin.py:109} INFO - [2023-10-15 01:46:42,534] {dag.py:2396} INFO - Sync 1 DAGs
[2023-10-15 01:46:42,542] {logging_mixin.py:109} INFO - [2023-10-15 01:46:42,542] {dag.py:2935} INFO - Setting next_dagrun for example_branch_labels to 2023-10-13 00:00:00+00:00
[2023-10-15 01:46:42,548] {processor.py:171} INFO - Processing /Users/namyoung/Desktop/myprj/airflow/airflow/lib/python3.7/site-packages/airflow/example_dags/example_branch_labels.py took 0.055 seconds
[2023-10-15 03:25:43,359] {processor.py:163} INFO - Started process (PID=25538) to work on /Users/namyoung/Desktop/myprj/airflow/airflow/lib/python3.7/site-packages/airflow/example_dags/example_branch_labels.py
[2023-10-15 03:25:43,361] {processor.py:642} INFO - Processing file /Users/namyoung/Desktop/myprj/airflow/airflow/lib/python3.7/site-packages/airflow/example_dags/example_branch_labels.py for tasks to queue
[2023-10-15 03:25:43,362] {logging_mixin.py:109} INFO - [2023-10-15 03:25:43,362] {dagbag.py:500} INFO - Filling up the DagBag from /Users/namyoung/Desktop/myprj/airflow/airflow/lib/python3.7/site-packages/airflow/example_dags/example_branch_labels.py
[2023-10-15 03:25:43,386] {processor.py:654} INFO - DAG(s) dict_keys(['example_branch_labels']) retrieved from /Users/namyoung/Desktop/myprj/airflow/airflow/lib/python3.7/site-packages/airflow/example_dags/example_branch_labels.py
[2023-10-15 03:25:43,397] {logging_mixin.py:109} INFO - [2023-10-15 03:25:43,396] {dag.py:2396} INFO - Sync 1 DAGs
[2023-10-15 03:25:43,408] {logging_mixin.py:109} INFO - [2023-10-15 03:25:43,408] {dag.py:2935} INFO - Setting next_dagrun for example_branch_labels to 2023-10-13 00:00:00+00:00
[2023-10-15 03:25:43,413] {processor.py:171} INFO - Processing /Users/namyoung/Desktop/myprj/airflow/airflow/lib/python3.7/site-packages/airflow/example_dags/example_branch_labels.py took 0.060 seconds
[2023-10-15 05:05:58,171] {processor.py:163} INFO - Started process (PID=25804) to work on /Users/namyoung/Desktop/myprj/airflow/airflow/lib/python3.7/site-packages/airflow/example_dags/example_branch_labels.py
[2023-10-15 05:05:58,172] {processor.py:642} INFO - Processing file /Users/namyoung/Desktop/myprj/airflow/airflow/lib/python3.7/site-packages/airflow/example_dags/example_branch_labels.py for tasks to queue
[2023-10-15 05:05:58,172] {logging_mixin.py:109} INFO - [2023-10-15 05:05:58,172] {dagbag.py:500} INFO - Filling up the DagBag from /Users/namyoung/Desktop/myprj/airflow/airflow/lib/python3.7/site-packages/airflow/example_dags/example_branch_labels.py
[2023-10-15 05:05:58,184] {processor.py:654} INFO - DAG(s) dict_keys(['example_branch_labels']) retrieved from /Users/namyoung/Desktop/myprj/airflow/airflow/lib/python3.7/site-packages/airflow/example_dags/example_branch_labels.py
[2023-10-15 05:05:58,190] {logging_mixin.py:109} INFO - [2023-10-15 05:05:58,190] {dag.py:2396} INFO - Sync 1 DAGs
[2023-10-15 05:05:58,198] {logging_mixin.py:109} INFO - [2023-10-15 05:05:58,198] {dag.py:2935} INFO - Setting next_dagrun for example_branch_labels to 2023-10-13 00:00:00+00:00
[2023-10-15 05:05:58,202] {processor.py:171} INFO - Processing /Users/namyoung/Desktop/myprj/airflow/airflow/lib/python3.7/site-packages/airflow/example_dags/example_branch_labels.py took 0.035 seconds
[2023-10-15 07:00:24,494] {processor.py:163} INFO - Started process (PID=25951) to work on /Users/namyoung/Desktop/myprj/airflow/airflow/lib/python3.7/site-packages/airflow/example_dags/example_branch_labels.py
[2023-10-15 07:00:24,498] {processor.py:642} INFO - Processing file /Users/namyoung/Desktop/myprj/airflow/airflow/lib/python3.7/site-packages/airflow/example_dags/example_branch_labels.py for tasks to queue
[2023-10-15 07:00:24,500] {logging_mixin.py:109} INFO - [2023-10-15 07:00:24,499] {dagbag.py:500} INFO - Filling up the DagBag from /Users/namyoung/Desktop/myprj/airflow/airflow/lib/python3.7/site-packages/airflow/example_dags/example_branch_labels.py
[2023-10-15 07:00:24,526] {processor.py:654} INFO - DAG(s) dict_keys(['example_branch_labels']) retrieved from /Users/namyoung/Desktop/myprj/airflow/airflow/lib/python3.7/site-packages/airflow/example_dags/example_branch_labels.py
[2023-10-15 07:00:24,534] {logging_mixin.py:109} INFO - [2023-10-15 07:00:24,533] {dag.py:2396} INFO - Sync 1 DAGs
[2023-10-15 07:00:24,544] {logging_mixin.py:109} INFO - [2023-10-15 07:00:24,543] {dag.py:2935} INFO - Setting next_dagrun for example_branch_labels to 2023-10-13 00:00:00+00:00
[2023-10-15 07:00:24,551] {processor.py:171} INFO - Processing /Users/namyoung/Desktop/myprj/airflow/airflow/lib/python3.7/site-packages/airflow/example_dags/example_branch_labels.py took 0.067 seconds
