[2023-10-14 12:05:59,877] {processor.py:163} INFO - Started process (PID=23540) to work on /Users/namyoung/Desktop/myprj/airflow/airflow/lib/python3.7/site-packages/airflow/example_dags/example_branch_day_of_week_operator.py
[2023-10-14 12:05:59,877] {processor.py:642} INFO - Processing file /Users/namyoung/Desktop/myprj/airflow/airflow/lib/python3.7/site-packages/airflow/example_dags/example_branch_day_of_week_operator.py for tasks to queue
[2023-10-14 12:05:59,878] {logging_mixin.py:109} INFO - [2023-10-14 12:05:59,878] {dagbag.py:500} INFO - Filling up the DagBag from /Users/namyoung/Desktop/myprj/airflow/airflow/lib/python3.7/site-packages/airflow/example_dags/example_branch_day_of_week_operator.py
[2023-10-14 12:05:59,891] {processor.py:654} INFO - DAG(s) dict_keys(['example_weekday_branch_operator']) retrieved from /Users/namyoung/Desktop/myprj/airflow/airflow/lib/python3.7/site-packages/airflow/example_dags/example_branch_day_of_week_operator.py
[2023-10-14 12:05:59,897] {logging_mixin.py:109} INFO - [2023-10-14 12:05:59,897] {dag.py:2396} INFO - Sync 1 DAGs
[2023-10-14 12:05:59,906] {logging_mixin.py:109} INFO - [2023-10-14 12:05:59,906] {dag.py:2935} INFO - Setting next_dagrun for example_weekday_branch_operator to 2023-10-13 00:00:00+00:00
[2023-10-14 12:05:59,914] {processor.py:171} INFO - Processing /Users/namyoung/Desktop/myprj/airflow/airflow/lib/python3.7/site-packages/airflow/example_dags/example_branch_day_of_week_operator.py took 0.040 seconds
[2023-10-14 15:18:07,760] {processor.py:163} INFO - Started process (PID=23929) to work on /Users/namyoung/Desktop/myprj/airflow/airflow/lib/python3.7/site-packages/airflow/example_dags/example_branch_day_of_week_operator.py
[2023-10-14 15:18:07,761] {processor.py:642} INFO - Processing file /Users/namyoung/Desktop/myprj/airflow/airflow/lib/python3.7/site-packages/airflow/example_dags/example_branch_day_of_week_operator.py for tasks to queue
[2023-10-14 15:18:07,761] {logging_mixin.py:109} INFO - [2023-10-14 15:18:07,761] {dagbag.py:500} INFO - Filling up the DagBag from /Users/namyoung/Desktop/myprj/airflow/airflow/lib/python3.7/site-packages/airflow/example_dags/example_branch_day_of_week_operator.py
[2023-10-14 15:18:07,774] {processor.py:654} INFO - DAG(s) dict_keys(['example_weekday_branch_operator']) retrieved from /Users/namyoung/Desktop/myprj/airflow/airflow/lib/python3.7/site-packages/airflow/example_dags/example_branch_day_of_week_operator.py
[2023-10-14 15:18:07,780] {logging_mixin.py:109} INFO - [2023-10-14 15:18:07,780] {dag.py:2396} INFO - Sync 1 DAGs
[2023-10-14 15:18:07,788] {logging_mixin.py:109} INFO - [2023-10-14 15:18:07,788] {dag.py:2935} INFO - Setting next_dagrun for example_weekday_branch_operator to 2023-10-13 00:00:00+00:00
[2023-10-14 15:18:07,797] {processor.py:171} INFO - Processing /Users/namyoung/Desktop/myprj/airflow/airflow/lib/python3.7/site-packages/airflow/example_dags/example_branch_day_of_week_operator.py took 0.039 seconds
[2023-10-14 18:01:25,378] {processor.py:163} INFO - Started process (PID=24319) to work on /Users/namyoung/Desktop/myprj/airflow/airflow/lib/python3.7/site-packages/airflow/example_dags/example_branch_day_of_week_operator.py
[2023-10-14 18:01:25,379] {processor.py:642} INFO - Processing file /Users/namyoung/Desktop/myprj/airflow/airflow/lib/python3.7/site-packages/airflow/example_dags/example_branch_day_of_week_operator.py for tasks to queue
[2023-10-14 18:01:25,380] {logging_mixin.py:109} INFO - [2023-10-14 18:01:25,380] {dagbag.py:500} INFO - Filling up the DagBag from /Users/namyoung/Desktop/myprj/airflow/airflow/lib/python3.7/site-packages/airflow/example_dags/example_branch_day_of_week_operator.py
[2023-10-14 18:01:25,405] {processor.py:654} INFO - DAG(s) dict_keys(['example_weekday_branch_operator']) retrieved from /Users/namyoung/Desktop/myprj/airflow/airflow/lib/python3.7/site-packages/airflow/example_dags/example_branch_day_of_week_operator.py
[2023-10-14 18:01:25,413] {logging_mixin.py:109} INFO - [2023-10-14 18:01:25,412] {dag.py:2396} INFO - Sync 1 DAGs
[2023-10-14 18:01:25,422] {logging_mixin.py:109} INFO - [2023-10-14 18:01:25,422] {dag.py:2935} INFO - Setting next_dagrun for example_weekday_branch_operator to 2023-10-13 00:00:00+00:00
[2023-10-14 18:01:25,428] {processor.py:171} INFO - Processing /Users/namyoung/Desktop/myprj/airflow/airflow/lib/python3.7/site-packages/airflow/example_dags/example_branch_day_of_week_operator.py took 0.054 seconds
[2023-10-14 21:03:00,262] {processor.py:163} INFO - Started process (PID=24701) to work on /Users/namyoung/Desktop/myprj/airflow/airflow/lib/python3.7/site-packages/airflow/example_dags/example_branch_day_of_week_operator.py
[2023-10-14 21:03:00,264] {processor.py:642} INFO - Processing file /Users/namyoung/Desktop/myprj/airflow/airflow/lib/python3.7/site-packages/airflow/example_dags/example_branch_day_of_week_operator.py for tasks to queue
[2023-10-14 21:03:00,266] {logging_mixin.py:109} INFO - [2023-10-14 21:03:00,265] {dagbag.py:500} INFO - Filling up the DagBag from /Users/namyoung/Desktop/myprj/airflow/airflow/lib/python3.7/site-packages/airflow/example_dags/example_branch_day_of_week_operator.py
[2023-10-14 21:03:00,292] {processor.py:654} INFO - DAG(s) dict_keys(['example_weekday_branch_operator']) retrieved from /Users/namyoung/Desktop/myprj/airflow/airflow/lib/python3.7/site-packages/airflow/example_dags/example_branch_day_of_week_operator.py
[2023-10-14 21:03:00,302] {logging_mixin.py:109} INFO - [2023-10-14 21:03:00,302] {dag.py:2396} INFO - Sync 1 DAGs
[2023-10-14 21:03:00,311] {logging_mixin.py:109} INFO - [2023-10-14 21:03:00,311] {dag.py:2935} INFO - Setting next_dagrun for example_weekday_branch_operator to 2023-10-13 00:00:00+00:00
[2023-10-14 21:03:00,317] {processor.py:171} INFO - Processing /Users/namyoung/Desktop/myprj/airflow/airflow/lib/python3.7/site-packages/airflow/example_dags/example_branch_day_of_week_operator.py took 0.061 seconds
[2023-10-14 22:56:10,778] {processor.py:163} INFO - Started process (PID=24990) to work on /Users/namyoung/Desktop/myprj/airflow/airflow/lib/python3.7/site-packages/airflow/example_dags/example_branch_day_of_week_operator.py
[2023-10-14 22:56:10,779] {processor.py:642} INFO - Processing file /Users/namyoung/Desktop/myprj/airflow/airflow/lib/python3.7/site-packages/airflow/example_dags/example_branch_day_of_week_operator.py for tasks to queue
[2023-10-14 22:56:10,780] {logging_mixin.py:109} INFO - [2023-10-14 22:56:10,780] {dagbag.py:500} INFO - Filling up the DagBag from /Users/namyoung/Desktop/myprj/airflow/airflow/lib/python3.7/site-packages/airflow/example_dags/example_branch_day_of_week_operator.py
[2023-10-14 22:56:10,792] {processor.py:654} INFO - DAG(s) dict_keys(['example_weekday_branch_operator']) retrieved from /Users/namyoung/Desktop/myprj/airflow/airflow/lib/python3.7/site-packages/airflow/example_dags/example_branch_day_of_week_operator.py
[2023-10-14 22:56:10,798] {logging_mixin.py:109} INFO - [2023-10-14 22:56:10,797] {dag.py:2396} INFO - Sync 1 DAGs
[2023-10-14 22:56:10,805] {logging_mixin.py:109} INFO - [2023-10-14 22:56:10,805] {dag.py:2935} INFO - Setting next_dagrun for example_weekday_branch_operator to 2023-10-13 00:00:00+00:00
[2023-10-14 22:56:10,810] {processor.py:171} INFO - Processing /Users/namyoung/Desktop/myprj/airflow/airflow/lib/python3.7/site-packages/airflow/example_dags/example_branch_day_of_week_operator.py took 0.033 seconds
[2023-10-15 02:03:56,531] {processor.py:163} INFO - Started process (PID=25404) to work on /Users/namyoung/Desktop/myprj/airflow/airflow/lib/python3.7/site-packages/airflow/example_dags/example_branch_day_of_week_operator.py
[2023-10-15 02:03:56,532] {processor.py:642} INFO - Processing file /Users/namyoung/Desktop/myprj/airflow/airflow/lib/python3.7/site-packages/airflow/example_dags/example_branch_day_of_week_operator.py for tasks to queue
[2023-10-15 02:03:56,533] {logging_mixin.py:109} INFO - [2023-10-15 02:03:56,533] {dagbag.py:500} INFO - Filling up the DagBag from /Users/namyoung/Desktop/myprj/airflow/airflow/lib/python3.7/site-packages/airflow/example_dags/example_branch_day_of_week_operator.py
[2023-10-15 02:03:56,556] {processor.py:654} INFO - DAG(s) dict_keys(['example_weekday_branch_operator']) retrieved from /Users/namyoung/Desktop/myprj/airflow/airflow/lib/python3.7/site-packages/airflow/example_dags/example_branch_day_of_week_operator.py
[2023-10-15 02:03:56,564] {logging_mixin.py:109} INFO - [2023-10-15 02:03:56,564] {dag.py:2396} INFO - Sync 1 DAGs
[2023-10-15 02:03:56,576] {logging_mixin.py:109} INFO - [2023-10-15 02:03:56,575] {dag.py:2935} INFO - Setting next_dagrun for example_weekday_branch_operator to 2023-10-13 00:00:00+00:00
[2023-10-15 02:03:56,595] {processor.py:171} INFO - Processing /Users/namyoung/Desktop/myprj/airflow/airflow/lib/python3.7/site-packages/airflow/example_dags/example_branch_day_of_week_operator.py took 0.069 seconds
[2023-10-15 05:21:26,568] {processor.py:163} INFO - Started process (PID=25812) to work on /Users/namyoung/Desktop/myprj/airflow/airflow/lib/python3.7/site-packages/airflow/example_dags/example_branch_day_of_week_operator.py
[2023-10-15 05:21:26,569] {processor.py:642} INFO - Processing file /Users/namyoung/Desktop/myprj/airflow/airflow/lib/python3.7/site-packages/airflow/example_dags/example_branch_day_of_week_operator.py for tasks to queue
[2023-10-15 05:21:26,569] {logging_mixin.py:109} INFO - [2023-10-15 05:21:26,569] {dagbag.py:500} INFO - Filling up the DagBag from /Users/namyoung/Desktop/myprj/airflow/airflow/lib/python3.7/site-packages/airflow/example_dags/example_branch_day_of_week_operator.py
[2023-10-15 05:21:26,585] {processor.py:654} INFO - DAG(s) dict_keys(['example_weekday_branch_operator']) retrieved from /Users/namyoung/Desktop/myprj/airflow/airflow/lib/python3.7/site-packages/airflow/example_dags/example_branch_day_of_week_operator.py
[2023-10-15 05:21:26,592] {logging_mixin.py:109} INFO - [2023-10-15 05:21:26,592] {dag.py:2396} INFO - Sync 1 DAGs
[2023-10-15 05:21:26,603] {logging_mixin.py:109} INFO - [2023-10-15 05:21:26,603] {dag.py:2935} INFO - Setting next_dagrun for example_weekday_branch_operator to 2023-10-13 00:00:00+00:00
[2023-10-15 05:21:26,609] {processor.py:171} INFO - Processing /Users/namyoung/Desktop/myprj/airflow/airflow/lib/python3.7/site-packages/airflow/example_dags/example_branch_day_of_week_operator.py took 0.043 seconds
[2023-10-15 08:39:34,738] {processor.py:163} INFO - Started process (PID=26263) to work on /Users/namyoung/Desktop/myprj/airflow/airflow/lib/python3.7/site-packages/airflow/example_dags/example_branch_day_of_week_operator.py
[2023-10-15 08:39:34,739] {processor.py:642} INFO - Processing file /Users/namyoung/Desktop/myprj/airflow/airflow/lib/python3.7/site-packages/airflow/example_dags/example_branch_day_of_week_operator.py for tasks to queue
[2023-10-15 08:39:34,739] {logging_mixin.py:109} INFO - [2023-10-15 08:39:34,739] {dagbag.py:500} INFO - Filling up the DagBag from /Users/namyoung/Desktop/myprj/airflow/airflow/lib/python3.7/site-packages/airflow/example_dags/example_branch_day_of_week_operator.py
[2023-10-15 08:39:34,752] {processor.py:654} INFO - DAG(s) dict_keys(['example_weekday_branch_operator']) retrieved from /Users/namyoung/Desktop/myprj/airflow/airflow/lib/python3.7/site-packages/airflow/example_dags/example_branch_day_of_week_operator.py
[2023-10-15 08:39:34,757] {logging_mixin.py:109} INFO - [2023-10-15 08:39:34,757] {dag.py:2396} INFO - Sync 1 DAGs
[2023-10-15 08:39:34,765] {logging_mixin.py:109} INFO - [2023-10-15 08:39:34,765] {dag.py:2935} INFO - Setting next_dagrun for example_weekday_branch_operator to 2023-10-13 00:00:00+00:00
[2023-10-15 08:39:34,771] {processor.py:171} INFO - Processing /Users/namyoung/Desktop/myprj/airflow/airflow/lib/python3.7/site-packages/airflow/example_dags/example_branch_day_of_week_operator.py took 0.034 seconds
