[2023-10-14 09:05:19,777] {processor.py:163} INFO - Started process (PID=23219) to work on /Users/namyoung/Desktop/myprj/airflow/airflow/lib/python3.7/site-packages/airflow/example_dags/example_trigger_target_dag.py
[2023-10-14 09:05:19,780] {processor.py:642} INFO - Processing file /Users/namyoung/Desktop/myprj/airflow/airflow/lib/python3.7/site-packages/airflow/example_dags/example_trigger_target_dag.py for tasks to queue
[2023-10-14 09:05:19,781] {logging_mixin.py:109} INFO - [2023-10-14 09:05:19,781] {dagbag.py:500} INFO - Filling up the DagBag from /Users/namyoung/Desktop/myprj/airflow/airflow/lib/python3.7/site-packages/airflow/example_dags/example_trigger_target_dag.py
[2023-10-14 09:05:19,812] {processor.py:654} INFO - DAG(s) dict_keys(['example_trigger_target_dag']) retrieved from /Users/namyoung/Desktop/myprj/airflow/airflow/lib/python3.7/site-packages/airflow/example_dags/example_trigger_target_dag.py
[2023-10-14 09:05:19,820] {logging_mixin.py:109} INFO - [2023-10-14 09:05:19,820] {dag.py:2396} INFO - Sync 1 DAGs
[2023-10-14 09:05:19,829] {logging_mixin.py:109} INFO - [2023-10-14 09:05:19,829] {dag.py:2935} INFO - Setting next_dagrun for example_trigger_target_dag to None
[2023-10-14 09:05:19,837] {processor.py:171} INFO - Processing /Users/namyoung/Desktop/myprj/airflow/airflow/lib/python3.7/site-packages/airflow/example_dags/example_trigger_target_dag.py took 0.068 seconds
[2023-10-14 11:00:35,783] {processor.py:163} INFO - Started process (PID=23434) to work on /Users/namyoung/Desktop/myprj/airflow/airflow/lib/python3.7/site-packages/airflow/example_dags/example_trigger_target_dag.py
[2023-10-14 11:00:35,784] {processor.py:642} INFO - Processing file /Users/namyoung/Desktop/myprj/airflow/airflow/lib/python3.7/site-packages/airflow/example_dags/example_trigger_target_dag.py for tasks to queue
[2023-10-14 11:00:35,784] {logging_mixin.py:109} INFO - [2023-10-14 11:00:35,784] {dagbag.py:500} INFO - Filling up the DagBag from /Users/namyoung/Desktop/myprj/airflow/airflow/lib/python3.7/site-packages/airflow/example_dags/example_trigger_target_dag.py
[2023-10-14 11:00:35,801] {processor.py:654} INFO - DAG(s) dict_keys(['example_trigger_target_dag']) retrieved from /Users/namyoung/Desktop/myprj/airflow/airflow/lib/python3.7/site-packages/airflow/example_dags/example_trigger_target_dag.py
[2023-10-14 11:00:35,807] {logging_mixin.py:109} INFO - [2023-10-14 11:00:35,806] {dag.py:2396} INFO - Sync 1 DAGs
[2023-10-14 11:00:35,815] {logging_mixin.py:109} INFO - [2023-10-14 11:00:35,814] {dag.py:2935} INFO - Setting next_dagrun for example_trigger_target_dag to None
[2023-10-14 11:00:35,820] {processor.py:171} INFO - Processing /Users/namyoung/Desktop/myprj/airflow/airflow/lib/python3.7/site-packages/airflow/example_dags/example_trigger_target_dag.py took 0.040 seconds
[2023-10-14 12:37:45,765] {processor.py:163} INFO - Started process (PID=23691) to work on /Users/namyoung/Desktop/myprj/airflow/airflow/lib/python3.7/site-packages/airflow/example_dags/example_trigger_target_dag.py
[2023-10-14 12:37:45,767] {processor.py:642} INFO - Processing file /Users/namyoung/Desktop/myprj/airflow/airflow/lib/python3.7/site-packages/airflow/example_dags/example_trigger_target_dag.py for tasks to queue
[2023-10-14 12:37:45,767] {logging_mixin.py:109} INFO - [2023-10-14 12:37:45,767] {dagbag.py:500} INFO - Filling up the DagBag from /Users/namyoung/Desktop/myprj/airflow/airflow/lib/python3.7/site-packages/airflow/example_dags/example_trigger_target_dag.py
[2023-10-14 12:37:45,793] {processor.py:654} INFO - DAG(s) dict_keys(['example_trigger_target_dag']) retrieved from /Users/namyoung/Desktop/myprj/airflow/airflow/lib/python3.7/site-packages/airflow/example_dags/example_trigger_target_dag.py
[2023-10-14 12:37:45,802] {logging_mixin.py:109} INFO - [2023-10-14 12:37:45,801] {dag.py:2396} INFO - Sync 1 DAGs
[2023-10-14 12:37:45,812] {logging_mixin.py:109} INFO - [2023-10-14 12:37:45,811] {dag.py:2935} INFO - Setting next_dagrun for example_trigger_target_dag to None
[2023-10-14 12:37:45,827] {processor.py:171} INFO - Processing /Users/namyoung/Desktop/myprj/airflow/airflow/lib/python3.7/site-packages/airflow/example_dags/example_trigger_target_dag.py took 0.066 seconds
[2023-10-14 14:11:57,644] {processor.py:163} INFO - Started process (PID=23826) to work on /Users/namyoung/Desktop/myprj/airflow/airflow/lib/python3.7/site-packages/airflow/example_dags/example_trigger_target_dag.py
[2023-10-14 14:11:57,646] {processor.py:642} INFO - Processing file /Users/namyoung/Desktop/myprj/airflow/airflow/lib/python3.7/site-packages/airflow/example_dags/example_trigger_target_dag.py for tasks to queue
[2023-10-14 14:11:57,646] {logging_mixin.py:109} INFO - [2023-10-14 14:11:57,646] {dagbag.py:500} INFO - Filling up the DagBag from /Users/namyoung/Desktop/myprj/airflow/airflow/lib/python3.7/site-packages/airflow/example_dags/example_trigger_target_dag.py
[2023-10-14 14:11:57,666] {processor.py:654} INFO - DAG(s) dict_keys(['example_trigger_target_dag']) retrieved from /Users/namyoung/Desktop/myprj/airflow/airflow/lib/python3.7/site-packages/airflow/example_dags/example_trigger_target_dag.py
[2023-10-14 14:11:57,674] {logging_mixin.py:109} INFO - [2023-10-14 14:11:57,673] {dag.py:2396} INFO - Sync 1 DAGs
[2023-10-14 14:11:57,682] {logging_mixin.py:109} INFO - [2023-10-14 14:11:57,682] {dag.py:2935} INFO - Setting next_dagrun for example_trigger_target_dag to None
[2023-10-14 14:11:57,713] {processor.py:171} INFO - Processing /Users/namyoung/Desktop/myprj/airflow/airflow/lib/python3.7/site-packages/airflow/example_dags/example_trigger_target_dag.py took 0.073 seconds
[2023-10-14 15:48:44,642] {processor.py:163} INFO - Started process (PID=24088) to work on /Users/namyoung/Desktop/myprj/airflow/airflow/lib/python3.7/site-packages/airflow/example_dags/example_trigger_target_dag.py
[2023-10-14 15:48:44,643] {processor.py:642} INFO - Processing file /Users/namyoung/Desktop/myprj/airflow/airflow/lib/python3.7/site-packages/airflow/example_dags/example_trigger_target_dag.py for tasks to queue
[2023-10-14 15:48:44,644] {logging_mixin.py:109} INFO - [2023-10-14 15:48:44,644] {dagbag.py:500} INFO - Filling up the DagBag from /Users/namyoung/Desktop/myprj/airflow/airflow/lib/python3.7/site-packages/airflow/example_dags/example_trigger_target_dag.py
[2023-10-14 15:48:44,668] {processor.py:654} INFO - DAG(s) dict_keys(['example_trigger_target_dag']) retrieved from /Users/namyoung/Desktop/myprj/airflow/airflow/lib/python3.7/site-packages/airflow/example_dags/example_trigger_target_dag.py
[2023-10-14 15:48:44,676] {logging_mixin.py:109} INFO - [2023-10-14 15:48:44,676] {dag.py:2396} INFO - Sync 1 DAGs
[2023-10-14 15:48:44,686] {logging_mixin.py:109} INFO - [2023-10-14 15:48:44,686] {dag.py:2935} INFO - Setting next_dagrun for example_trigger_target_dag to None
[2023-10-14 15:48:44,694] {processor.py:171} INFO - Processing /Users/namyoung/Desktop/myprj/airflow/airflow/lib/python3.7/site-packages/airflow/example_dags/example_trigger_target_dag.py took 0.056 seconds
[2023-10-14 17:18:20,796] {processor.py:163} INFO - Started process (PID=24233) to work on /Users/namyoung/Desktop/myprj/airflow/airflow/lib/python3.7/site-packages/airflow/example_dags/example_trigger_target_dag.py
[2023-10-14 17:18:20,797] {processor.py:642} INFO - Processing file /Users/namyoung/Desktop/myprj/airflow/airflow/lib/python3.7/site-packages/airflow/example_dags/example_trigger_target_dag.py for tasks to queue
[2023-10-14 17:18:20,797] {logging_mixin.py:109} INFO - [2023-10-14 17:18:20,797] {dagbag.py:500} INFO - Filling up the DagBag from /Users/namyoung/Desktop/myprj/airflow/airflow/lib/python3.7/site-packages/airflow/example_dags/example_trigger_target_dag.py
[2023-10-14 17:18:20,813] {processor.py:654} INFO - DAG(s) dict_keys(['example_trigger_target_dag']) retrieved from /Users/namyoung/Desktop/myprj/airflow/airflow/lib/python3.7/site-packages/airflow/example_dags/example_trigger_target_dag.py
[2023-10-14 17:18:20,820] {logging_mixin.py:109} INFO - [2023-10-14 17:18:20,820] {dag.py:2396} INFO - Sync 1 DAGs
[2023-10-14 17:18:20,827] {logging_mixin.py:109} INFO - [2023-10-14 17:18:20,827] {dag.py:2935} INFO - Setting next_dagrun for example_trigger_target_dag to None
[2023-10-14 17:18:20,833] {processor.py:171} INFO - Processing /Users/namyoung/Desktop/myprj/airflow/airflow/lib/python3.7/site-packages/airflow/example_dags/example_trigger_target_dag.py took 0.039 seconds
[2023-10-14 18:33:33,785] {processor.py:163} INFO - Started process (PID=24367) to work on /Users/namyoung/Desktop/myprj/airflow/airflow/lib/python3.7/site-packages/airflow/example_dags/example_trigger_target_dag.py
[2023-10-14 18:33:33,786] {processor.py:642} INFO - Processing file /Users/namyoung/Desktop/myprj/airflow/airflow/lib/python3.7/site-packages/airflow/example_dags/example_trigger_target_dag.py for tasks to queue
[2023-10-14 18:33:33,786] {logging_mixin.py:109} INFO - [2023-10-14 18:33:33,786] {dagbag.py:500} INFO - Filling up the DagBag from /Users/namyoung/Desktop/myprj/airflow/airflow/lib/python3.7/site-packages/airflow/example_dags/example_trigger_target_dag.py
[2023-10-14 18:33:33,800] {processor.py:654} INFO - DAG(s) dict_keys(['example_trigger_target_dag']) retrieved from /Users/namyoung/Desktop/myprj/airflow/airflow/lib/python3.7/site-packages/airflow/example_dags/example_trigger_target_dag.py
[2023-10-14 18:33:33,806] {logging_mixin.py:109} INFO - [2023-10-14 18:33:33,806] {dag.py:2396} INFO - Sync 1 DAGs
[2023-10-14 18:33:33,813] {logging_mixin.py:109} INFO - [2023-10-14 18:33:33,813] {dag.py:2935} INFO - Setting next_dagrun for example_trigger_target_dag to None
[2023-10-14 18:33:33,818] {processor.py:171} INFO - Processing /Users/namyoung/Desktop/myprj/airflow/airflow/lib/python3.7/site-packages/airflow/example_dags/example_trigger_target_dag.py took 0.035 seconds
[2023-10-14 19:54:18,074] {processor.py:163} INFO - Started process (PID=24606) to work on /Users/namyoung/Desktop/myprj/airflow/airflow/lib/python3.7/site-packages/airflow/example_dags/example_trigger_target_dag.py
[2023-10-14 19:54:18,076] {processor.py:642} INFO - Processing file /Users/namyoung/Desktop/myprj/airflow/airflow/lib/python3.7/site-packages/airflow/example_dags/example_trigger_target_dag.py for tasks to queue
[2023-10-14 19:54:18,077] {logging_mixin.py:109} INFO - [2023-10-14 19:54:18,077] {dagbag.py:500} INFO - Filling up the DagBag from /Users/namyoung/Desktop/myprj/airflow/airflow/lib/python3.7/site-packages/airflow/example_dags/example_trigger_target_dag.py
[2023-10-14 19:54:18,105] {processor.py:654} INFO - DAG(s) dict_keys(['example_trigger_target_dag']) retrieved from /Users/namyoung/Desktop/myprj/airflow/airflow/lib/python3.7/site-packages/airflow/example_dags/example_trigger_target_dag.py
[2023-10-14 19:54:18,114] {logging_mixin.py:109} INFO - [2023-10-14 19:54:18,113] {dag.py:2396} INFO - Sync 1 DAGs
[2023-10-14 19:54:18,121] {logging_mixin.py:109} INFO - [2023-10-14 19:54:18,121] {dag.py:2935} INFO - Setting next_dagrun for example_trigger_target_dag to None
[2023-10-14 19:54:18,126] {processor.py:171} INFO - Processing /Users/namyoung/Desktop/myprj/airflow/airflow/lib/python3.7/site-packages/airflow/example_dags/example_trigger_target_dag.py took 0.058 seconds
[2023-10-14 21:52:46,616] {processor.py:163} INFO - Started process (PID=24852) to work on /Users/namyoung/Desktop/myprj/airflow/airflow/lib/python3.7/site-packages/airflow/example_dags/example_trigger_target_dag.py
[2023-10-14 21:52:46,617] {processor.py:642} INFO - Processing file /Users/namyoung/Desktop/myprj/airflow/airflow/lib/python3.7/site-packages/airflow/example_dags/example_trigger_target_dag.py for tasks to queue
[2023-10-14 21:52:46,618] {logging_mixin.py:109} INFO - [2023-10-14 21:52:46,618] {dagbag.py:500} INFO - Filling up the DagBag from /Users/namyoung/Desktop/myprj/airflow/airflow/lib/python3.7/site-packages/airflow/example_dags/example_trigger_target_dag.py
[2023-10-14 21:52:46,643] {processor.py:654} INFO - DAG(s) dict_keys(['example_trigger_target_dag']) retrieved from /Users/namyoung/Desktop/myprj/airflow/airflow/lib/python3.7/site-packages/airflow/example_dags/example_trigger_target_dag.py
[2023-10-14 21:52:46,653] {logging_mixin.py:109} INFO - [2023-10-14 21:52:46,653] {dag.py:2396} INFO - Sync 1 DAGs
[2023-10-14 21:52:46,663] {logging_mixin.py:109} INFO - [2023-10-14 21:52:46,663] {dag.py:2935} INFO - Setting next_dagrun for example_trigger_target_dag to None
[2023-10-14 21:52:46,670] {processor.py:171} INFO - Processing /Users/namyoung/Desktop/myprj/airflow/airflow/lib/python3.7/site-packages/airflow/example_dags/example_trigger_target_dag.py took 0.059 seconds
[2023-10-14 23:28:15,628] {processor.py:163} INFO - Started process (PID=25030) to work on /Users/namyoung/Desktop/myprj/airflow/airflow/lib/python3.7/site-packages/airflow/example_dags/example_trigger_target_dag.py
[2023-10-14 23:28:15,630] {processor.py:642} INFO - Processing file /Users/namyoung/Desktop/myprj/airflow/airflow/lib/python3.7/site-packages/airflow/example_dags/example_trigger_target_dag.py for tasks to queue
[2023-10-14 23:28:15,631] {logging_mixin.py:109} INFO - [2023-10-14 23:28:15,630] {dagbag.py:500} INFO - Filling up the DagBag from /Users/namyoung/Desktop/myprj/airflow/airflow/lib/python3.7/site-packages/airflow/example_dags/example_trigger_target_dag.py
[2023-10-14 23:28:15,654] {processor.py:654} INFO - DAG(s) dict_keys(['example_trigger_target_dag']) retrieved from /Users/namyoung/Desktop/myprj/airflow/airflow/lib/python3.7/site-packages/airflow/example_dags/example_trigger_target_dag.py
[2023-10-14 23:28:15,662] {logging_mixin.py:109} INFO - [2023-10-14 23:28:15,662] {dag.py:2396} INFO - Sync 1 DAGs
[2023-10-14 23:28:15,671] {logging_mixin.py:109} INFO - [2023-10-14 23:28:15,671] {dag.py:2935} INFO - Setting next_dagrun for example_trigger_target_dag to None
[2023-10-14 23:28:15,677] {processor.py:171} INFO - Processing /Users/namyoung/Desktop/myprj/airflow/airflow/lib/python3.7/site-packages/airflow/example_dags/example_trigger_target_dag.py took 0.053 seconds
[2023-10-15 01:07:05,648] {processor.py:163} INFO - Started process (PID=25319) to work on /Users/namyoung/Desktop/myprj/airflow/airflow/lib/python3.7/site-packages/airflow/example_dags/example_trigger_target_dag.py
[2023-10-15 01:07:05,649] {processor.py:642} INFO - Processing file /Users/namyoung/Desktop/myprj/airflow/airflow/lib/python3.7/site-packages/airflow/example_dags/example_trigger_target_dag.py for tasks to queue
[2023-10-15 01:07:05,649] {logging_mixin.py:109} INFO - [2023-10-15 01:07:05,649] {dagbag.py:500} INFO - Filling up the DagBag from /Users/namyoung/Desktop/myprj/airflow/airflow/lib/python3.7/site-packages/airflow/example_dags/example_trigger_target_dag.py
[2023-10-15 01:07:05,670] {processor.py:654} INFO - DAG(s) dict_keys(['example_trigger_target_dag']) retrieved from /Users/namyoung/Desktop/myprj/airflow/airflow/lib/python3.7/site-packages/airflow/example_dags/example_trigger_target_dag.py
[2023-10-15 01:07:05,676] {logging_mixin.py:109} INFO - [2023-10-15 01:07:05,676] {dag.py:2396} INFO - Sync 1 DAGs
[2023-10-15 01:07:05,683] {logging_mixin.py:109} INFO - [2023-10-15 01:07:05,683] {dag.py:2935} INFO - Setting next_dagrun for example_trigger_target_dag to None
[2023-10-15 01:07:05,689] {processor.py:171} INFO - Processing /Users/namyoung/Desktop/myprj/airflow/airflow/lib/python3.7/site-packages/airflow/example_dags/example_trigger_target_dag.py took 0.043 seconds
[2023-10-15 02:19:45,440] {processor.py:163} INFO - Started process (PID=25444) to work on /Users/namyoung/Desktop/myprj/airflow/airflow/lib/python3.7/site-packages/airflow/example_dags/example_trigger_target_dag.py
[2023-10-15 02:19:45,442] {processor.py:642} INFO - Processing file /Users/namyoung/Desktop/myprj/airflow/airflow/lib/python3.7/site-packages/airflow/example_dags/example_trigger_target_dag.py for tasks to queue
[2023-10-15 02:19:45,443] {logging_mixin.py:109} INFO - [2023-10-15 02:19:45,442] {dagbag.py:500} INFO - Filling up the DagBag from /Users/namyoung/Desktop/myprj/airflow/airflow/lib/python3.7/site-packages/airflow/example_dags/example_trigger_target_dag.py
[2023-10-15 02:19:45,470] {processor.py:654} INFO - DAG(s) dict_keys(['example_trigger_target_dag']) retrieved from /Users/namyoung/Desktop/myprj/airflow/airflow/lib/python3.7/site-packages/airflow/example_dags/example_trigger_target_dag.py
[2023-10-15 02:19:45,477] {logging_mixin.py:109} INFO - [2023-10-15 02:19:45,477] {dag.py:2396} INFO - Sync 1 DAGs
[2023-10-15 02:19:45,485] {logging_mixin.py:109} INFO - [2023-10-15 02:19:45,485] {dag.py:2935} INFO - Setting next_dagrun for example_trigger_target_dag to None
[2023-10-15 02:19:45,490] {processor.py:171} INFO - Processing /Users/namyoung/Desktop/myprj/airflow/airflow/lib/python3.7/site-packages/airflow/example_dags/example_trigger_target_dag.py took 0.055 seconds
[2023-10-15 03:57:01,036] {processor.py:163} INFO - Started process (PID=25652) to work on /Users/namyoung/Desktop/myprj/airflow/airflow/lib/python3.7/site-packages/airflow/example_dags/example_trigger_target_dag.py
[2023-10-15 03:57:01,037] {processor.py:642} INFO - Processing file /Users/namyoung/Desktop/myprj/airflow/airflow/lib/python3.7/site-packages/airflow/example_dags/example_trigger_target_dag.py for tasks to queue
[2023-10-15 03:57:01,037] {logging_mixin.py:109} INFO - [2023-10-15 03:57:01,037] {dagbag.py:500} INFO - Filling up the DagBag from /Users/namyoung/Desktop/myprj/airflow/airflow/lib/python3.7/site-packages/airflow/example_dags/example_trigger_target_dag.py
[2023-10-15 03:57:01,051] {processor.py:654} INFO - DAG(s) dict_keys(['example_trigger_target_dag']) retrieved from /Users/namyoung/Desktop/myprj/airflow/airflow/lib/python3.7/site-packages/airflow/example_dags/example_trigger_target_dag.py
[2023-10-15 03:57:01,057] {logging_mixin.py:109} INFO - [2023-10-15 03:57:01,057] {dag.py:2396} INFO - Sync 1 DAGs
[2023-10-15 03:57:01,064] {logging_mixin.py:109} INFO - [2023-10-15 03:57:01,064] {dag.py:2935} INFO - Setting next_dagrun for example_trigger_target_dag to None
[2023-10-15 03:57:01,069] {processor.py:171} INFO - Processing /Users/namyoung/Desktop/myprj/airflow/airflow/lib/python3.7/site-packages/airflow/example_dags/example_trigger_target_dag.py took 0.035 seconds
[2023-10-15 05:54:39,426] {processor.py:163} INFO - Started process (PID=25859) to work on /Users/namyoung/Desktop/myprj/airflow/airflow/lib/python3.7/site-packages/airflow/example_dags/example_trigger_target_dag.py
[2023-10-15 05:54:39,428] {processor.py:642} INFO - Processing file /Users/namyoung/Desktop/myprj/airflow/airflow/lib/python3.7/site-packages/airflow/example_dags/example_trigger_target_dag.py for tasks to queue
[2023-10-15 05:54:39,429] {logging_mixin.py:109} INFO - [2023-10-15 05:54:39,429] {dagbag.py:500} INFO - Filling up the DagBag from /Users/namyoung/Desktop/myprj/airflow/airflow/lib/python3.7/site-packages/airflow/example_dags/example_trigger_target_dag.py
[2023-10-15 05:54:39,453] {processor.py:654} INFO - DAG(s) dict_keys(['example_trigger_target_dag']) retrieved from /Users/namyoung/Desktop/myprj/airflow/airflow/lib/python3.7/site-packages/airflow/example_dags/example_trigger_target_dag.py
[2023-10-15 05:54:39,462] {logging_mixin.py:109} INFO - [2023-10-15 05:54:39,462] {dag.py:2396} INFO - Sync 1 DAGs
[2023-10-15 05:54:39,472] {logging_mixin.py:109} INFO - [2023-10-15 05:54:39,472] {dag.py:2935} INFO - Setting next_dagrun for example_trigger_target_dag to None
[2023-10-15 05:54:39,479] {processor.py:171} INFO - Processing /Users/namyoung/Desktop/myprj/airflow/airflow/lib/python3.7/site-packages/airflow/example_dags/example_trigger_target_dag.py took 0.057 seconds
[2023-10-15 07:33:14,842] {processor.py:163} INFO - Started process (PID=26134) to work on /Users/namyoung/Desktop/myprj/airflow/airflow/lib/python3.7/site-packages/airflow/example_dags/example_trigger_target_dag.py
[2023-10-15 07:33:14,843] {processor.py:642} INFO - Processing file /Users/namyoung/Desktop/myprj/airflow/airflow/lib/python3.7/site-packages/airflow/example_dags/example_trigger_target_dag.py for tasks to queue
[2023-10-15 07:33:14,844] {logging_mixin.py:109} INFO - [2023-10-15 07:33:14,844] {dagbag.py:500} INFO - Filling up the DagBag from /Users/namyoung/Desktop/myprj/airflow/airflow/lib/python3.7/site-packages/airflow/example_dags/example_trigger_target_dag.py
[2023-10-15 07:33:14,863] {processor.py:654} INFO - DAG(s) dict_keys(['example_trigger_target_dag']) retrieved from /Users/namyoung/Desktop/myprj/airflow/airflow/lib/python3.7/site-packages/airflow/example_dags/example_trigger_target_dag.py
[2023-10-15 07:33:14,869] {logging_mixin.py:109} INFO - [2023-10-15 07:33:14,868] {dag.py:2396} INFO - Sync 1 DAGs
[2023-10-15 07:33:14,875] {logging_mixin.py:109} INFO - [2023-10-15 07:33:14,875] {dag.py:2935} INFO - Setting next_dagrun for example_trigger_target_dag to None
[2023-10-15 07:33:14,881] {processor.py:171} INFO - Processing /Users/namyoung/Desktop/myprj/airflow/airflow/lib/python3.7/site-packages/airflow/example_dags/example_trigger_target_dag.py took 0.042 seconds
