[2023-10-14 09:37:31,324] {processor.py:163} INFO - Started process (PID=23323) to work on /Users/namyoung/Desktop/myprj/airflow/airflow/lib/python3.7/site-packages/airflow/example_dags/example_sla_dag.py
[2023-10-14 09:37:31,326] {processor.py:642} INFO - Processing file /Users/namyoung/Desktop/myprj/airflow/airflow/lib/python3.7/site-packages/airflow/example_dags/example_sla_dag.py for tasks to queue
[2023-10-14 09:37:31,327] {logging_mixin.py:109} INFO - [2023-10-14 09:37:31,327] {dagbag.py:500} INFO - Filling up the DagBag from /Users/namyoung/Desktop/myprj/airflow/airflow/lib/python3.7/site-packages/airflow/example_dags/example_sla_dag.py
[2023-10-14 09:37:31,347] {processor.py:654} INFO - DAG(s) dict_keys(['example_sla_dag']) retrieved from /Users/namyoung/Desktop/myprj/airflow/airflow/lib/python3.7/site-packages/airflow/example_dags/example_sla_dag.py
[2023-10-14 09:37:31,353] {logging_mixin.py:109} INFO - [2023-10-14 09:37:31,352] {dag.py:2396} INFO - Sync 1 DAGs
[2023-10-14 09:37:31,361] {logging_mixin.py:109} INFO - [2023-10-14 09:37:31,361] {dag.py:2935} INFO - Setting next_dagrun for example_sla_dag to 2023-10-14T00:34:00+00:00
[2023-10-14 09:37:31,366] {processor.py:171} INFO - Processing /Users/namyoung/Desktop/myprj/airflow/airflow/lib/python3.7/site-packages/airflow/example_dags/example_sla_dag.py took 0.046 seconds
[2023-10-14 11:18:29,011] {processor.py:163} INFO - Started process (PID=23465) to work on /Users/namyoung/Desktop/myprj/airflow/airflow/lib/python3.7/site-packages/airflow/example_dags/example_sla_dag.py
[2023-10-14 11:18:29,013] {processor.py:642} INFO - Processing file /Users/namyoung/Desktop/myprj/airflow/airflow/lib/python3.7/site-packages/airflow/example_dags/example_sla_dag.py for tasks to queue
[2023-10-14 11:18:29,014] {logging_mixin.py:109} INFO - [2023-10-14 11:18:29,014] {dagbag.py:500} INFO - Filling up the DagBag from /Users/namyoung/Desktop/myprj/airflow/airflow/lib/python3.7/site-packages/airflow/example_dags/example_sla_dag.py
[2023-10-14 11:18:29,043] {processor.py:654} INFO - DAG(s) dict_keys(['example_sla_dag']) retrieved from /Users/namyoung/Desktop/myprj/airflow/airflow/lib/python3.7/site-packages/airflow/example_dags/example_sla_dag.py
[2023-10-14 11:18:29,053] {logging_mixin.py:109} INFO - [2023-10-14 11:18:29,052] {dag.py:2396} INFO - Sync 1 DAGs
[2023-10-14 11:18:29,063] {logging_mixin.py:109} INFO - [2023-10-14 11:18:29,063] {dag.py:2935} INFO - Setting next_dagrun for example_sla_dag to 2023-10-14T02:16:00+00:00
[2023-10-14 11:18:29,069] {processor.py:171} INFO - Processing /Users/namyoung/Desktop/myprj/airflow/airflow/lib/python3.7/site-packages/airflow/example_dags/example_sla_dag.py took 0.063 seconds
[2023-10-14 12:53:06,008] {processor.py:163} INFO - Started process (PID=23717) to work on /Users/namyoung/Desktop/myprj/airflow/airflow/lib/python3.7/site-packages/airflow/example_dags/example_sla_dag.py
[2023-10-14 12:53:06,009] {processor.py:642} INFO - Processing file /Users/namyoung/Desktop/myprj/airflow/airflow/lib/python3.7/site-packages/airflow/example_dags/example_sla_dag.py for tasks to queue
[2023-10-14 12:53:06,010] {logging_mixin.py:109} INFO - [2023-10-14 12:53:06,009] {dagbag.py:500} INFO - Filling up the DagBag from /Users/namyoung/Desktop/myprj/airflow/airflow/lib/python3.7/site-packages/airflow/example_dags/example_sla_dag.py
[2023-10-14 12:53:06,024] {processor.py:654} INFO - DAG(s) dict_keys(['example_sla_dag']) retrieved from /Users/namyoung/Desktop/myprj/airflow/airflow/lib/python3.7/site-packages/airflow/example_dags/example_sla_dag.py
[2023-10-14 12:53:06,030] {logging_mixin.py:109} INFO - [2023-10-14 12:53:06,030] {dag.py:2396} INFO - Sync 1 DAGs
[2023-10-14 12:53:06,040] {logging_mixin.py:109} INFO - [2023-10-14 12:53:06,039] {dag.py:2935} INFO - Setting next_dagrun for example_sla_dag to 2023-10-14T03:50:00+00:00
[2023-10-14 12:53:06,046] {processor.py:171} INFO - Processing /Users/namyoung/Desktop/myprj/airflow/airflow/lib/python3.7/site-packages/airflow/example_dags/example_sla_dag.py took 0.039 seconds
[2023-10-14 14:27:15,786] {processor.py:163} INFO - Started process (PID=23860) to work on /Users/namyoung/Desktop/myprj/airflow/airflow/lib/python3.7/site-packages/airflow/example_dags/example_sla_dag.py
[2023-10-14 14:27:15,787] {processor.py:642} INFO - Processing file /Users/namyoung/Desktop/myprj/airflow/airflow/lib/python3.7/site-packages/airflow/example_dags/example_sla_dag.py for tasks to queue
[2023-10-14 14:27:15,787] {logging_mixin.py:109} INFO - [2023-10-14 14:27:15,787] {dagbag.py:500} INFO - Filling up the DagBag from /Users/namyoung/Desktop/myprj/airflow/airflow/lib/python3.7/site-packages/airflow/example_dags/example_sla_dag.py
[2023-10-14 14:27:15,802] {processor.py:654} INFO - DAG(s) dict_keys(['example_sla_dag']) retrieved from /Users/namyoung/Desktop/myprj/airflow/airflow/lib/python3.7/site-packages/airflow/example_dags/example_sla_dag.py
[2023-10-14 14:27:15,807] {logging_mixin.py:109} INFO - [2023-10-14 14:27:15,807] {dag.py:2396} INFO - Sync 1 DAGs
[2023-10-14 14:27:15,816] {logging_mixin.py:109} INFO - [2023-10-14 14:27:15,816] {dag.py:2935} INFO - Setting next_dagrun for example_sla_dag to 2023-10-14T05:24:00+00:00
[2023-10-14 14:27:15,823] {processor.py:171} INFO - Processing /Users/namyoung/Desktop/myprj/airflow/airflow/lib/python3.7/site-packages/airflow/example_dags/example_sla_dag.py took 0.039 seconds
[2023-10-14 16:05:01,807] {processor.py:163} INFO - Started process (PID=24121) to work on /Users/namyoung/Desktop/myprj/airflow/airflow/lib/python3.7/site-packages/airflow/example_dags/example_sla_dag.py
[2023-10-14 16:05:01,808] {processor.py:642} INFO - Processing file /Users/namyoung/Desktop/myprj/airflow/airflow/lib/python3.7/site-packages/airflow/example_dags/example_sla_dag.py for tasks to queue
[2023-10-14 16:05:01,808] {logging_mixin.py:109} INFO - [2023-10-14 16:05:01,808] {dagbag.py:500} INFO - Filling up the DagBag from /Users/namyoung/Desktop/myprj/airflow/airflow/lib/python3.7/site-packages/airflow/example_dags/example_sla_dag.py
[2023-10-14 16:05:01,823] {processor.py:654} INFO - DAG(s) dict_keys(['example_sla_dag']) retrieved from /Users/namyoung/Desktop/myprj/airflow/airflow/lib/python3.7/site-packages/airflow/example_dags/example_sla_dag.py
[2023-10-14 16:05:01,829] {logging_mixin.py:109} INFO - [2023-10-14 16:05:01,829] {dag.py:2396} INFO - Sync 1 DAGs
[2023-10-14 16:05:01,838] {logging_mixin.py:109} INFO - [2023-10-14 16:05:01,838] {dag.py:2935} INFO - Setting next_dagrun for example_sla_dag to 2023-10-14T07:02:00+00:00
[2023-10-14 16:05:01,843] {processor.py:171} INFO - Processing /Users/namyoung/Desktop/myprj/airflow/airflow/lib/python3.7/site-packages/airflow/example_dags/example_sla_dag.py took 0.038 seconds
[2023-10-14 17:30:10,033] {processor.py:163} INFO - Started process (PID=24257) to work on /Users/namyoung/Desktop/myprj/airflow/airflow/lib/python3.7/site-packages/airflow/example_dags/example_sla_dag.py
[2023-10-14 17:30:10,034] {processor.py:642} INFO - Processing file /Users/namyoung/Desktop/myprj/airflow/airflow/lib/python3.7/site-packages/airflow/example_dags/example_sla_dag.py for tasks to queue
[2023-10-14 17:30:10,034] {logging_mixin.py:109} INFO - [2023-10-14 17:30:10,034] {dagbag.py:500} INFO - Filling up the DagBag from /Users/namyoung/Desktop/myprj/airflow/airflow/lib/python3.7/site-packages/airflow/example_dags/example_sla_dag.py
[2023-10-14 17:30:10,049] {processor.py:654} INFO - DAG(s) dict_keys(['example_sla_dag']) retrieved from /Users/namyoung/Desktop/myprj/airflow/airflow/lib/python3.7/site-packages/airflow/example_dags/example_sla_dag.py
[2023-10-14 17:30:10,054] {logging_mixin.py:109} INFO - [2023-10-14 17:30:10,054] {dag.py:2396} INFO - Sync 1 DAGs
[2023-10-14 17:30:10,062] {logging_mixin.py:109} INFO - [2023-10-14 17:30:10,062] {dag.py:2935} INFO - Setting next_dagrun for example_sla_dag to 2023-10-14T08:28:00+00:00
[2023-10-14 17:30:10,068] {processor.py:171} INFO - Processing /Users/namyoung/Desktop/myprj/airflow/airflow/lib/python3.7/site-packages/airflow/example_dags/example_sla_dag.py took 0.037 seconds
[2023-10-14 18:49:51,637] {processor.py:163} INFO - Started process (PID=24512) to work on /Users/namyoung/Desktop/myprj/airflow/airflow/lib/python3.7/site-packages/airflow/example_dags/example_sla_dag.py
[2023-10-14 18:49:51,639] {processor.py:642} INFO - Processing file /Users/namyoung/Desktop/myprj/airflow/airflow/lib/python3.7/site-packages/airflow/example_dags/example_sla_dag.py for tasks to queue
[2023-10-14 18:49:51,640] {logging_mixin.py:109} INFO - [2023-10-14 18:49:51,640] {dagbag.py:500} INFO - Filling up the DagBag from /Users/namyoung/Desktop/myprj/airflow/airflow/lib/python3.7/site-packages/airflow/example_dags/example_sla_dag.py
[2023-10-14 18:49:51,670] {processor.py:654} INFO - DAG(s) dict_keys(['example_sla_dag']) retrieved from /Users/namyoung/Desktop/myprj/airflow/airflow/lib/python3.7/site-packages/airflow/example_dags/example_sla_dag.py
[2023-10-14 18:49:51,679] {logging_mixin.py:109} INFO - [2023-10-14 18:49:51,679] {dag.py:2396} INFO - Sync 1 DAGs
[2023-10-14 18:49:51,689] {logging_mixin.py:109} INFO - [2023-10-14 18:49:51,689] {dag.py:2935} INFO - Setting next_dagrun for example_sla_dag to 2023-10-14T09:46:00+00:00
[2023-10-14 18:49:51,694] {processor.py:171} INFO - Processing /Users/namyoung/Desktop/myprj/airflow/airflow/lib/python3.7/site-packages/airflow/example_dags/example_sla_dag.py took 0.063 seconds
[2023-10-14 20:27:42,622] {processor.py:163} INFO - Started process (PID=24635) to work on /Users/namyoung/Desktop/myprj/airflow/airflow/lib/python3.7/site-packages/airflow/example_dags/example_sla_dag.py
[2023-10-14 20:27:42,624] {processor.py:642} INFO - Processing file /Users/namyoung/Desktop/myprj/airflow/airflow/lib/python3.7/site-packages/airflow/example_dags/example_sla_dag.py for tasks to queue
[2023-10-14 20:27:42,625] {logging_mixin.py:109} INFO - [2023-10-14 20:27:42,624] {dagbag.py:500} INFO - Filling up the DagBag from /Users/namyoung/Desktop/myprj/airflow/airflow/lib/python3.7/site-packages/airflow/example_dags/example_sla_dag.py
[2023-10-14 20:27:42,649] {processor.py:654} INFO - DAG(s) dict_keys(['example_sla_dag']) retrieved from /Users/namyoung/Desktop/myprj/airflow/airflow/lib/python3.7/site-packages/airflow/example_dags/example_sla_dag.py
[2023-10-14 20:27:42,657] {logging_mixin.py:109} INFO - [2023-10-14 20:27:42,657] {dag.py:2396} INFO - Sync 1 DAGs
[2023-10-14 20:27:42,670] {logging_mixin.py:109} INFO - [2023-10-14 20:27:42,670] {dag.py:2935} INFO - Setting next_dagrun for example_sla_dag to 2023-10-14T11:24:00+00:00
[2023-10-14 20:27:42,681] {processor.py:171} INFO - Processing /Users/namyoung/Desktop/myprj/airflow/airflow/lib/python3.7/site-packages/airflow/example_dags/example_sla_dag.py took 0.064 seconds
[2023-10-14 22:10:31,742] {processor.py:163} INFO - Started process (PID=24916) to work on /Users/namyoung/Desktop/myprj/airflow/airflow/lib/python3.7/site-packages/airflow/example_dags/example_sla_dag.py
[2023-10-14 22:10:31,743] {processor.py:642} INFO - Processing file /Users/namyoung/Desktop/myprj/airflow/airflow/lib/python3.7/site-packages/airflow/example_dags/example_sla_dag.py for tasks to queue
[2023-10-14 22:10:31,744] {logging_mixin.py:109} INFO - [2023-10-14 22:10:31,743] {dagbag.py:500} INFO - Filling up the DagBag from /Users/namyoung/Desktop/myprj/airflow/airflow/lib/python3.7/site-packages/airflow/example_dags/example_sla_dag.py
[2023-10-14 22:10:31,759] {processor.py:654} INFO - DAG(s) dict_keys(['example_sla_dag']) retrieved from /Users/namyoung/Desktop/myprj/airflow/airflow/lib/python3.7/site-packages/airflow/example_dags/example_sla_dag.py
[2023-10-14 22:10:31,765] {logging_mixin.py:109} INFO - [2023-10-14 22:10:31,764] {dag.py:2396} INFO - Sync 1 DAGs
[2023-10-14 22:10:31,774] {logging_mixin.py:109} INFO - [2023-10-14 22:10:31,773] {dag.py:2935} INFO - Setting next_dagrun for example_sla_dag to 2023-10-14T13:08:00+00:00
[2023-10-14 22:10:31,778] {processor.py:171} INFO - Processing /Users/namyoung/Desktop/myprj/airflow/airflow/lib/python3.7/site-packages/airflow/example_dags/example_sla_dag.py took 0.038 seconds
[2023-10-14 23:45:37,761] {processor.py:163} INFO - Started process (PID=25068) to work on /Users/namyoung/Desktop/myprj/airflow/airflow/lib/python3.7/site-packages/airflow/example_dags/example_sla_dag.py
[2023-10-14 23:45:37,762] {processor.py:642} INFO - Processing file /Users/namyoung/Desktop/myprj/airflow/airflow/lib/python3.7/site-packages/airflow/example_dags/example_sla_dag.py for tasks to queue
[2023-10-14 23:45:37,763] {logging_mixin.py:109} INFO - [2023-10-14 23:45:37,762] {dagbag.py:500} INFO - Filling up the DagBag from /Users/namyoung/Desktop/myprj/airflow/airflow/lib/python3.7/site-packages/airflow/example_dags/example_sla_dag.py
[2023-10-14 23:45:37,777] {processor.py:654} INFO - DAG(s) dict_keys(['example_sla_dag']) retrieved from /Users/namyoung/Desktop/myprj/airflow/airflow/lib/python3.7/site-packages/airflow/example_dags/example_sla_dag.py
[2023-10-14 23:45:37,782] {logging_mixin.py:109} INFO - [2023-10-14 23:45:37,782] {dag.py:2396} INFO - Sync 1 DAGs
[2023-10-14 23:45:37,794] {logging_mixin.py:109} INFO - [2023-10-14 23:45:37,793] {dag.py:2935} INFO - Setting next_dagrun for example_sla_dag to 2023-10-14T14:42:00+00:00
[2023-10-14 23:45:37,801] {processor.py:171} INFO - Processing /Users/namyoung/Desktop/myprj/airflow/airflow/lib/python3.7/site-packages/airflow/example_dags/example_sla_dag.py took 0.042 seconds
[2023-10-15 01:22:32,775] {processor.py:163} INFO - Started process (PID=25344) to work on /Users/namyoung/Desktop/myprj/airflow/airflow/lib/python3.7/site-packages/airflow/example_dags/example_sla_dag.py
[2023-10-15 01:22:32,776] {processor.py:642} INFO - Processing file /Users/namyoung/Desktop/myprj/airflow/airflow/lib/python3.7/site-packages/airflow/example_dags/example_sla_dag.py for tasks to queue
[2023-10-15 01:22:32,777] {logging_mixin.py:109} INFO - [2023-10-15 01:22:32,777] {dagbag.py:500} INFO - Filling up the DagBag from /Users/namyoung/Desktop/myprj/airflow/airflow/lib/python3.7/site-packages/airflow/example_dags/example_sla_dag.py
[2023-10-15 01:22:32,803] {processor.py:654} INFO - DAG(s) dict_keys(['example_sla_dag']) retrieved from /Users/namyoung/Desktop/myprj/airflow/airflow/lib/python3.7/site-packages/airflow/example_dags/example_sla_dag.py
[2023-10-15 01:22:32,809] {logging_mixin.py:109} INFO - [2023-10-15 01:22:32,809] {dag.py:2396} INFO - Sync 1 DAGs
[2023-10-15 01:22:32,819] {logging_mixin.py:109} INFO - [2023-10-15 01:22:32,818] {dag.py:2935} INFO - Setting next_dagrun for example_sla_dag to 2023-10-14T16:20:00+00:00
[2023-10-15 01:22:32,824] {processor.py:171} INFO - Processing /Users/namyoung/Desktop/myprj/airflow/airflow/lib/python3.7/site-packages/airflow/example_dags/example_sla_dag.py took 0.054 seconds
[2023-10-15 02:52:38,926] {processor.py:163} INFO - Started process (PID=25475) to work on /Users/namyoung/Desktop/myprj/airflow/airflow/lib/python3.7/site-packages/airflow/example_dags/example_sla_dag.py
[2023-10-15 02:52:38,928] {processor.py:642} INFO - Processing file /Users/namyoung/Desktop/myprj/airflow/airflow/lib/python3.7/site-packages/airflow/example_dags/example_sla_dag.py for tasks to queue
[2023-10-15 02:52:38,928] {logging_mixin.py:109} INFO - [2023-10-15 02:52:38,928] {dagbag.py:500} INFO - Filling up the DagBag from /Users/namyoung/Desktop/myprj/airflow/airflow/lib/python3.7/site-packages/airflow/example_dags/example_sla_dag.py
[2023-10-15 02:52:38,945] {processor.py:654} INFO - DAG(s) dict_keys(['example_sla_dag']) retrieved from /Users/namyoung/Desktop/myprj/airflow/airflow/lib/python3.7/site-packages/airflow/example_dags/example_sla_dag.py
[2023-10-15 02:52:38,950] {logging_mixin.py:109} INFO - [2023-10-15 02:52:38,950] {dag.py:2396} INFO - Sync 1 DAGs
[2023-10-15 02:52:38,959] {logging_mixin.py:109} INFO - [2023-10-15 02:52:38,959] {dag.py:2935} INFO - Setting next_dagrun for example_sla_dag to 2023-10-14T17:50:00+00:00
[2023-10-15 02:52:38,968] {processor.py:171} INFO - Processing /Users/namyoung/Desktop/myprj/airflow/airflow/lib/python3.7/site-packages/airflow/example_dags/example_sla_dag.py took 0.046 seconds
[2023-10-15 04:31:50,693] {processor.py:163} INFO - Started process (PID=25746) to work on /Users/namyoung/Desktop/myprj/airflow/airflow/lib/python3.7/site-packages/airflow/example_dags/example_sla_dag.py
[2023-10-15 04:31:50,693] {processor.py:642} INFO - Processing file /Users/namyoung/Desktop/myprj/airflow/airflow/lib/python3.7/site-packages/airflow/example_dags/example_sla_dag.py for tasks to queue
[2023-10-15 04:31:50,694] {logging_mixin.py:109} INFO - [2023-10-15 04:31:50,694] {dagbag.py:500} INFO - Filling up the DagBag from /Users/namyoung/Desktop/myprj/airflow/airflow/lib/python3.7/site-packages/airflow/example_dags/example_sla_dag.py
[2023-10-15 04:31:50,711] {processor.py:654} INFO - DAG(s) dict_keys(['example_sla_dag']) retrieved from /Users/namyoung/Desktop/myprj/airflow/airflow/lib/python3.7/site-packages/airflow/example_dags/example_sla_dag.py
[2023-10-15 04:31:50,718] {logging_mixin.py:109} INFO - [2023-10-15 04:31:50,717] {dag.py:2396} INFO - Sync 1 DAGs
[2023-10-15 04:31:50,734] {logging_mixin.py:109} INFO - [2023-10-15 04:31:50,733] {dag.py:2935} INFO - Setting next_dagrun for example_sla_dag to 2023-10-14T19:28:00+00:00
[2023-10-15 04:31:50,741] {processor.py:171} INFO - Processing /Users/namyoung/Desktop/myprj/airflow/airflow/lib/python3.7/site-packages/airflow/example_dags/example_sla_dag.py took 0.051 seconds
[2023-10-15 06:09:49,564] {processor.py:163} INFO - Started process (PID=25893) to work on /Users/namyoung/Desktop/myprj/airflow/airflow/lib/python3.7/site-packages/airflow/example_dags/example_sla_dag.py
[2023-10-15 06:09:49,564] {processor.py:642} INFO - Processing file /Users/namyoung/Desktop/myprj/airflow/airflow/lib/python3.7/site-packages/airflow/example_dags/example_sla_dag.py for tasks to queue
[2023-10-15 06:09:49,565] {logging_mixin.py:109} INFO - [2023-10-15 06:09:49,565] {dagbag.py:500} INFO - Filling up the DagBag from /Users/namyoung/Desktop/myprj/airflow/airflow/lib/python3.7/site-packages/airflow/example_dags/example_sla_dag.py
[2023-10-15 06:09:49,579] {processor.py:654} INFO - DAG(s) dict_keys(['example_sla_dag']) retrieved from /Users/namyoung/Desktop/myprj/airflow/airflow/lib/python3.7/site-packages/airflow/example_dags/example_sla_dag.py
[2023-10-15 06:09:49,586] {logging_mixin.py:109} INFO - [2023-10-15 06:09:49,586] {dag.py:2396} INFO - Sync 1 DAGs
[2023-10-15 06:09:49,595] {logging_mixin.py:109} INFO - [2023-10-15 06:09:49,595] {dag.py:2935} INFO - Setting next_dagrun for example_sla_dag to 2023-10-14T21:06:00+00:00
[2023-10-15 06:09:49,603] {processor.py:171} INFO - Processing /Users/namyoung/Desktop/myprj/airflow/airflow/lib/python3.7/site-packages/airflow/example_dags/example_sla_dag.py took 0.041 seconds
[2023-10-15 07:50:53,343] {processor.py:163} INFO - Started process (PID=26162) to work on /Users/namyoung/Desktop/myprj/airflow/airflow/lib/python3.7/site-packages/airflow/example_dags/example_sla_dag.py
[2023-10-15 07:50:53,344] {processor.py:642} INFO - Processing file /Users/namyoung/Desktop/myprj/airflow/airflow/lib/python3.7/site-packages/airflow/example_dags/example_sla_dag.py for tasks to queue
[2023-10-15 07:50:53,344] {logging_mixin.py:109} INFO - [2023-10-15 07:50:53,344] {dagbag.py:500} INFO - Filling up the DagBag from /Users/namyoung/Desktop/myprj/airflow/airflow/lib/python3.7/site-packages/airflow/example_dags/example_sla_dag.py
[2023-10-15 07:50:53,358] {processor.py:654} INFO - DAG(s) dict_keys(['example_sla_dag']) retrieved from /Users/namyoung/Desktop/myprj/airflow/airflow/lib/python3.7/site-packages/airflow/example_dags/example_sla_dag.py
[2023-10-15 07:50:53,363] {logging_mixin.py:109} INFO - [2023-10-15 07:50:53,363] {dag.py:2396} INFO - Sync 1 DAGs
[2023-10-15 07:50:53,372] {logging_mixin.py:109} INFO - [2023-10-15 07:50:53,372] {dag.py:2935} INFO - Setting next_dagrun for example_sla_dag to 2023-10-14T22:48:00+00:00
[2023-10-15 07:50:53,376] {processor.py:171} INFO - Processing /Users/namyoung/Desktop/myprj/airflow/airflow/lib/python3.7/site-packages/airflow/example_dags/example_sla_dag.py took 0.037 seconds
