[2023-10-14 09:53:54,342] {processor.py:163} INFO - Started process (PID=23334) to work on /Users/namyoung/Desktop/myprj/airflow/airflow/lib/python3.7/site-packages/airflow/example_dags/example_python_operator.py
[2023-10-14 09:53:54,344] {processor.py:642} INFO - Processing file /Users/namyoung/Desktop/myprj/airflow/airflow/lib/python3.7/site-packages/airflow/example_dags/example_python_operator.py for tasks to queue
[2023-10-14 09:53:54,344] {logging_mixin.py:109} INFO - [2023-10-14 09:53:54,344] {dagbag.py:500} INFO - Filling up the DagBag from /Users/namyoung/Desktop/myprj/airflow/airflow/lib/python3.7/site-packages/airflow/example_dags/example_python_operator.py
[2023-10-14 09:53:54,364] {processor.py:654} INFO - DAG(s) dict_keys(['example_python_operator']) retrieved from /Users/namyoung/Desktop/myprj/airflow/airflow/lib/python3.7/site-packages/airflow/example_dags/example_python_operator.py
[2023-10-14 09:53:54,372] {logging_mixin.py:109} INFO - [2023-10-14 09:53:54,371] {dag.py:2396} INFO - Sync 1 DAGs
[2023-10-14 09:53:54,380] {logging_mixin.py:109} INFO - [2023-10-14 09:53:54,380] {dag.py:2935} INFO - Setting next_dagrun for example_python_operator to None
[2023-10-14 09:53:54,387] {processor.py:171} INFO - Processing /Users/namyoung/Desktop/myprj/airflow/airflow/lib/python3.7/site-packages/airflow/example_dags/example_python_operator.py took 0.048 seconds
[2023-10-14 11:34:19,674] {processor.py:163} INFO - Started process (PID=23473) to work on /Users/namyoung/Desktop/myprj/airflow/airflow/lib/python3.7/site-packages/airflow/example_dags/example_python_operator.py
[2023-10-14 11:34:19,679] {processor.py:642} INFO - Processing file /Users/namyoung/Desktop/myprj/airflow/airflow/lib/python3.7/site-packages/airflow/example_dags/example_python_operator.py for tasks to queue
[2023-10-14 11:34:19,681] {logging_mixin.py:109} INFO - [2023-10-14 11:34:19,680] {dagbag.py:500} INFO - Filling up the DagBag from /Users/namyoung/Desktop/myprj/airflow/airflow/lib/python3.7/site-packages/airflow/example_dags/example_python_operator.py
[2023-10-14 11:34:19,714] {processor.py:654} INFO - DAG(s) dict_keys(['example_python_operator']) retrieved from /Users/namyoung/Desktop/myprj/airflow/airflow/lib/python3.7/site-packages/airflow/example_dags/example_python_operator.py
[2023-10-14 11:34:19,725] {logging_mixin.py:109} INFO - [2023-10-14 11:34:19,725] {dag.py:2396} INFO - Sync 1 DAGs
[2023-10-14 11:34:19,735] {logging_mixin.py:109} INFO - [2023-10-14 11:34:19,735] {dag.py:2935} INFO - Setting next_dagrun for example_python_operator to None
[2023-10-14 11:34:19,742] {processor.py:171} INFO - Processing /Users/namyoung/Desktop/myprj/airflow/airflow/lib/python3.7/site-packages/airflow/example_dags/example_python_operator.py took 0.076 seconds
[2023-10-14 12:53:09,479] {processor.py:163} INFO - Started process (PID=23726) to work on /Users/namyoung/Desktop/myprj/airflow/airflow/lib/python3.7/site-packages/airflow/example_dags/example_python_operator.py
[2023-10-14 12:53:09,481] {processor.py:642} INFO - Processing file /Users/namyoung/Desktop/myprj/airflow/airflow/lib/python3.7/site-packages/airflow/example_dags/example_python_operator.py for tasks to queue
[2023-10-14 12:53:09,482] {logging_mixin.py:109} INFO - [2023-10-14 12:53:09,482] {dagbag.py:500} INFO - Filling up the DagBag from /Users/namyoung/Desktop/myprj/airflow/airflow/lib/python3.7/site-packages/airflow/example_dags/example_python_operator.py
[2023-10-14 12:53:09,507] {processor.py:654} INFO - DAG(s) dict_keys(['example_python_operator']) retrieved from /Users/namyoung/Desktop/myprj/airflow/airflow/lib/python3.7/site-packages/airflow/example_dags/example_python_operator.py
[2023-10-14 12:53:09,515] {logging_mixin.py:109} INFO - [2023-10-14 12:53:09,515] {dag.py:2396} INFO - Sync 1 DAGs
[2023-10-14 12:53:09,522] {logging_mixin.py:109} INFO - [2023-10-14 12:53:09,522] {dag.py:2935} INFO - Setting next_dagrun for example_python_operator to None
[2023-10-14 12:53:09,528] {processor.py:171} INFO - Processing /Users/namyoung/Desktop/myprj/airflow/airflow/lib/python3.7/site-packages/airflow/example_dags/example_python_operator.py took 0.055 seconds
[2023-10-14 14:27:19,268] {processor.py:163} INFO - Started process (PID=23871) to work on /Users/namyoung/Desktop/myprj/airflow/airflow/lib/python3.7/site-packages/airflow/example_dags/example_python_operator.py
[2023-10-14 14:27:19,270] {processor.py:642} INFO - Processing file /Users/namyoung/Desktop/myprj/airflow/airflow/lib/python3.7/site-packages/airflow/example_dags/example_python_operator.py for tasks to queue
[2023-10-14 14:27:19,271] {logging_mixin.py:109} INFO - [2023-10-14 14:27:19,270] {dagbag.py:500} INFO - Filling up the DagBag from /Users/namyoung/Desktop/myprj/airflow/airflow/lib/python3.7/site-packages/airflow/example_dags/example_python_operator.py
[2023-10-14 14:27:19,298] {processor.py:654} INFO - DAG(s) dict_keys(['example_python_operator']) retrieved from /Users/namyoung/Desktop/myprj/airflow/airflow/lib/python3.7/site-packages/airflow/example_dags/example_python_operator.py
[2023-10-14 14:27:19,305] {logging_mixin.py:109} INFO - [2023-10-14 14:27:19,305] {dag.py:2396} INFO - Sync 1 DAGs
[2023-10-14 14:27:19,312] {logging_mixin.py:109} INFO - [2023-10-14 14:27:19,312] {dag.py:2935} INFO - Setting next_dagrun for example_python_operator to None
[2023-10-14 14:27:19,318] {processor.py:171} INFO - Processing /Users/namyoung/Desktop/myprj/airflow/airflow/lib/python3.7/site-packages/airflow/example_dags/example_python_operator.py took 0.055 seconds
[2023-10-14 16:05:05,070] {processor.py:163} INFO - Started process (PID=24131) to work on /Users/namyoung/Desktop/myprj/airflow/airflow/lib/python3.7/site-packages/airflow/example_dags/example_python_operator.py
[2023-10-14 16:05:05,072] {processor.py:642} INFO - Processing file /Users/namyoung/Desktop/myprj/airflow/airflow/lib/python3.7/site-packages/airflow/example_dags/example_python_operator.py for tasks to queue
[2023-10-14 16:05:05,073] {logging_mixin.py:109} INFO - [2023-10-14 16:05:05,073] {dagbag.py:500} INFO - Filling up the DagBag from /Users/namyoung/Desktop/myprj/airflow/airflow/lib/python3.7/site-packages/airflow/example_dags/example_python_operator.py
[2023-10-14 16:05:05,104] {processor.py:654} INFO - DAG(s) dict_keys(['example_python_operator']) retrieved from /Users/namyoung/Desktop/myprj/airflow/airflow/lib/python3.7/site-packages/airflow/example_dags/example_python_operator.py
[2023-10-14 16:05:05,112] {logging_mixin.py:109} INFO - [2023-10-14 16:05:05,112] {dag.py:2396} INFO - Sync 1 DAGs
[2023-10-14 16:05:05,119] {logging_mixin.py:109} INFO - [2023-10-14 16:05:05,119] {dag.py:2935} INFO - Setting next_dagrun for example_python_operator to None
[2023-10-14 16:05:05,124] {processor.py:171} INFO - Processing /Users/namyoung/Desktop/myprj/airflow/airflow/lib/python3.7/site-packages/airflow/example_dags/example_python_operator.py took 0.061 seconds
[2023-10-14 17:30:12,689] {processor.py:163} INFO - Started process (PID=24264) to work on /Users/namyoung/Desktop/myprj/airflow/airflow/lib/python3.7/site-packages/airflow/example_dags/example_python_operator.py
[2023-10-14 17:30:12,691] {processor.py:642} INFO - Processing file /Users/namyoung/Desktop/myprj/airflow/airflow/lib/python3.7/site-packages/airflow/example_dags/example_python_operator.py for tasks to queue
[2023-10-14 17:30:12,692] {logging_mixin.py:109} INFO - [2023-10-14 17:30:12,692] {dagbag.py:500} INFO - Filling up the DagBag from /Users/namyoung/Desktop/myprj/airflow/airflow/lib/python3.7/site-packages/airflow/example_dags/example_python_operator.py
[2023-10-14 17:30:12,722] {processor.py:654} INFO - DAG(s) dict_keys(['example_python_operator']) retrieved from /Users/namyoung/Desktop/myprj/airflow/airflow/lib/python3.7/site-packages/airflow/example_dags/example_python_operator.py
[2023-10-14 17:30:12,730] {logging_mixin.py:109} INFO - [2023-10-14 17:30:12,730] {dag.py:2396} INFO - Sync 1 DAGs
[2023-10-14 17:30:12,738] {logging_mixin.py:109} INFO - [2023-10-14 17:30:12,738] {dag.py:2935} INFO - Setting next_dagrun for example_python_operator to None
[2023-10-14 17:30:12,743] {processor.py:171} INFO - Processing /Users/namyoung/Desktop/myprj/airflow/airflow/lib/python3.7/site-packages/airflow/example_dags/example_python_operator.py took 0.060 seconds
[2023-10-14 19:06:32,671] {processor.py:163} INFO - Started process (PID=24527) to work on /Users/namyoung/Desktop/myprj/airflow/airflow/lib/python3.7/site-packages/airflow/example_dags/example_python_operator.py
[2023-10-14 19:06:32,672] {processor.py:642} INFO - Processing file /Users/namyoung/Desktop/myprj/airflow/airflow/lib/python3.7/site-packages/airflow/example_dags/example_python_operator.py for tasks to queue
[2023-10-14 19:06:32,672] {logging_mixin.py:109} INFO - [2023-10-14 19:06:32,672] {dagbag.py:500} INFO - Filling up the DagBag from /Users/namyoung/Desktop/myprj/airflow/airflow/lib/python3.7/site-packages/airflow/example_dags/example_python_operator.py
[2023-10-14 19:06:32,688] {processor.py:654} INFO - DAG(s) dict_keys(['example_python_operator']) retrieved from /Users/namyoung/Desktop/myprj/airflow/airflow/lib/python3.7/site-packages/airflow/example_dags/example_python_operator.py
[2023-10-14 19:06:32,694] {logging_mixin.py:109} INFO - [2023-10-14 19:06:32,694] {dag.py:2396} INFO - Sync 1 DAGs
[2023-10-14 19:06:32,701] {logging_mixin.py:109} INFO - [2023-10-14 19:06:32,701] {dag.py:2935} INFO - Setting next_dagrun for example_python_operator to None
[2023-10-14 19:06:32,707] {processor.py:171} INFO - Processing /Users/namyoung/Desktop/myprj/airflow/airflow/lib/python3.7/site-packages/airflow/example_dags/example_python_operator.py took 0.038 seconds
[2023-10-14 20:27:44,545] {processor.py:163} INFO - Started process (PID=24653) to work on /Users/namyoung/Desktop/myprj/airflow/airflow/lib/python3.7/site-packages/airflow/example_dags/example_python_operator.py
[2023-10-14 20:27:44,546] {processor.py:642} INFO - Processing file /Users/namyoung/Desktop/myprj/airflow/airflow/lib/python3.7/site-packages/airflow/example_dags/example_python_operator.py for tasks to queue
[2023-10-14 20:27:44,547] {logging_mixin.py:109} INFO - [2023-10-14 20:27:44,546] {dagbag.py:500} INFO - Filling up the DagBag from /Users/namyoung/Desktop/myprj/airflow/airflow/lib/python3.7/site-packages/airflow/example_dags/example_python_operator.py
[2023-10-14 20:27:44,561] {processor.py:654} INFO - DAG(s) dict_keys(['example_python_operator']) retrieved from /Users/namyoung/Desktop/myprj/airflow/airflow/lib/python3.7/site-packages/airflow/example_dags/example_python_operator.py
[2023-10-14 20:27:44,569] {logging_mixin.py:109} INFO - [2023-10-14 20:27:44,568] {dag.py:2396} INFO - Sync 1 DAGs
[2023-10-14 20:27:44,576] {logging_mixin.py:109} INFO - [2023-10-14 20:27:44,576] {dag.py:2935} INFO - Setting next_dagrun for example_python_operator to None
[2023-10-14 20:27:44,581] {processor.py:171} INFO - Processing /Users/namyoung/Desktop/myprj/airflow/airflow/lib/python3.7/site-packages/airflow/example_dags/example_python_operator.py took 0.038 seconds
[2023-10-14 22:10:35,194] {processor.py:163} INFO - Started process (PID=24927) to work on /Users/namyoung/Desktop/myprj/airflow/airflow/lib/python3.7/site-packages/airflow/example_dags/example_python_operator.py
[2023-10-14 22:10:35,195] {processor.py:642} INFO - Processing file /Users/namyoung/Desktop/myprj/airflow/airflow/lib/python3.7/site-packages/airflow/example_dags/example_python_operator.py for tasks to queue
[2023-10-14 22:10:35,196] {logging_mixin.py:109} INFO - [2023-10-14 22:10:35,196] {dagbag.py:500} INFO - Filling up the DagBag from /Users/namyoung/Desktop/myprj/airflow/airflow/lib/python3.7/site-packages/airflow/example_dags/example_python_operator.py
[2023-10-14 22:10:35,212] {processor.py:654} INFO - DAG(s) dict_keys(['example_python_operator']) retrieved from /Users/namyoung/Desktop/myprj/airflow/airflow/lib/python3.7/site-packages/airflow/example_dags/example_python_operator.py
[2023-10-14 22:10:35,219] {logging_mixin.py:109} INFO - [2023-10-14 22:10:35,218] {dag.py:2396} INFO - Sync 1 DAGs
[2023-10-14 22:10:35,225] {logging_mixin.py:109} INFO - [2023-10-14 22:10:35,225] {dag.py:2935} INFO - Setting next_dagrun for example_python_operator to None
[2023-10-14 22:10:35,230] {processor.py:171} INFO - Processing /Users/namyoung/Desktop/myprj/airflow/airflow/lib/python3.7/site-packages/airflow/example_dags/example_python_operator.py took 0.041 seconds
[2023-10-14 23:45:41,240] {processor.py:163} INFO - Started process (PID=25077) to work on /Users/namyoung/Desktop/myprj/airflow/airflow/lib/python3.7/site-packages/airflow/example_dags/example_python_operator.py
[2023-10-14 23:45:41,242] {processor.py:642} INFO - Processing file /Users/namyoung/Desktop/myprj/airflow/airflow/lib/python3.7/site-packages/airflow/example_dags/example_python_operator.py for tasks to queue
[2023-10-14 23:45:41,243] {logging_mixin.py:109} INFO - [2023-10-14 23:45:41,243] {dagbag.py:500} INFO - Filling up the DagBag from /Users/namyoung/Desktop/myprj/airflow/airflow/lib/python3.7/site-packages/airflow/example_dags/example_python_operator.py
[2023-10-14 23:45:41,273] {processor.py:654} INFO - DAG(s) dict_keys(['example_python_operator']) retrieved from /Users/namyoung/Desktop/myprj/airflow/airflow/lib/python3.7/site-packages/airflow/example_dags/example_python_operator.py
[2023-10-14 23:45:41,283] {logging_mixin.py:109} INFO - [2023-10-14 23:45:41,282] {dag.py:2396} INFO - Sync 1 DAGs
[2023-10-14 23:45:41,290] {logging_mixin.py:109} INFO - [2023-10-14 23:45:41,290] {dag.py:2935} INFO - Setting next_dagrun for example_python_operator to None
[2023-10-14 23:45:41,295] {processor.py:171} INFO - Processing /Users/namyoung/Desktop/myprj/airflow/airflow/lib/python3.7/site-packages/airflow/example_dags/example_python_operator.py took 0.061 seconds
[2023-10-15 01:22:35,613] {processor.py:163} INFO - Started process (PID=25349) to work on /Users/namyoung/Desktop/myprj/airflow/airflow/lib/python3.7/site-packages/airflow/example_dags/example_python_operator.py
[2023-10-15 01:22:35,614] {processor.py:642} INFO - Processing file /Users/namyoung/Desktop/myprj/airflow/airflow/lib/python3.7/site-packages/airflow/example_dags/example_python_operator.py for tasks to queue
[2023-10-15 01:22:35,615] {logging_mixin.py:109} INFO - [2023-10-15 01:22:35,615] {dagbag.py:500} INFO - Filling up the DagBag from /Users/namyoung/Desktop/myprj/airflow/airflow/lib/python3.7/site-packages/airflow/example_dags/example_python_operator.py
[2023-10-15 01:31:19,469] {processor.py:654} INFO - DAG(s) dict_keys(['example_python_operator']) retrieved from /Users/namyoung/Desktop/myprj/airflow/airflow/lib/python3.7/site-packages/airflow/example_dags/example_python_operator.py
[2023-10-15 01:31:19,481] {logging_mixin.py:109} INFO - [2023-10-15 01:31:19,481] {dag.py:2396} INFO - Sync 1 DAGs
[2023-10-15 01:31:19,494] {logging_mixin.py:109} INFO - [2023-10-15 01:31:19,494] {dag.py:2935} INFO - Setting next_dagrun for example_python_operator to None
[2023-10-15 01:31:19,577] {processor.py:171} INFO - Processing /Users/namyoung/Desktop/myprj/airflow/airflow/lib/python3.7/site-packages/airflow/example_dags/example_python_operator.py took 0.397 seconds
[2023-10-15 02:52:41,694] {processor.py:163} INFO - Started process (PID=25492) to work on /Users/namyoung/Desktop/myprj/airflow/airflow/lib/python3.7/site-packages/airflow/example_dags/example_python_operator.py
[2023-10-15 02:52:41,696] {processor.py:642} INFO - Processing file /Users/namyoung/Desktop/myprj/airflow/airflow/lib/python3.7/site-packages/airflow/example_dags/example_python_operator.py for tasks to queue
[2023-10-15 02:52:41,696] {logging_mixin.py:109} INFO - [2023-10-15 02:52:41,696] {dagbag.py:500} INFO - Filling up the DagBag from /Users/namyoung/Desktop/myprj/airflow/airflow/lib/python3.7/site-packages/airflow/example_dags/example_python_operator.py
[2023-10-15 02:52:41,720] {processor.py:654} INFO - DAG(s) dict_keys(['example_python_operator']) retrieved from /Users/namyoung/Desktop/myprj/airflow/airflow/lib/python3.7/site-packages/airflow/example_dags/example_python_operator.py
[2023-10-15 02:52:41,726] {logging_mixin.py:109} INFO - [2023-10-15 02:52:41,726] {dag.py:2396} INFO - Sync 1 DAGs
[2023-10-15 02:52:41,734] {logging_mixin.py:109} INFO - [2023-10-15 02:52:41,733] {dag.py:2935} INFO - Setting next_dagrun for example_python_operator to None
[2023-10-15 02:52:41,739] {processor.py:171} INFO - Processing /Users/namyoung/Desktop/myprj/airflow/airflow/lib/python3.7/site-packages/airflow/example_dags/example_python_operator.py took 0.050 seconds
[2023-10-15 04:31:53,433] {processor.py:163} INFO - Started process (PID=25761) to work on /Users/namyoung/Desktop/myprj/airflow/airflow/lib/python3.7/site-packages/airflow/example_dags/example_python_operator.py
[2023-10-15 04:31:53,434] {processor.py:642} INFO - Processing file /Users/namyoung/Desktop/myprj/airflow/airflow/lib/python3.7/site-packages/airflow/example_dags/example_python_operator.py for tasks to queue
[2023-10-15 04:31:53,436] {logging_mixin.py:109} INFO - [2023-10-15 04:31:53,435] {dagbag.py:500} INFO - Filling up the DagBag from /Users/namyoung/Desktop/myprj/airflow/airflow/lib/python3.7/site-packages/airflow/example_dags/example_python_operator.py
[2023-10-15 04:31:53,463] {processor.py:654} INFO - DAG(s) dict_keys(['example_python_operator']) retrieved from /Users/namyoung/Desktop/myprj/airflow/airflow/lib/python3.7/site-packages/airflow/example_dags/example_python_operator.py
[2023-10-15 04:31:53,472] {logging_mixin.py:109} INFO - [2023-10-15 04:31:53,472] {dag.py:2396} INFO - Sync 1 DAGs
[2023-10-15 04:31:53,480] {logging_mixin.py:109} INFO - [2023-10-15 04:31:53,480] {dag.py:2935} INFO - Setting next_dagrun for example_python_operator to None
[2023-10-15 04:31:53,485] {processor.py:171} INFO - Processing /Users/namyoung/Desktop/myprj/airflow/airflow/lib/python3.7/site-packages/airflow/example_dags/example_python_operator.py took 0.058 seconds
[2023-10-15 06:09:52,187] {processor.py:163} INFO - Started process (PID=25900) to work on /Users/namyoung/Desktop/myprj/airflow/airflow/lib/python3.7/site-packages/airflow/example_dags/example_python_operator.py
[2023-10-15 06:09:52,188] {processor.py:642} INFO - Processing file /Users/namyoung/Desktop/myprj/airflow/airflow/lib/python3.7/site-packages/airflow/example_dags/example_python_operator.py for tasks to queue
[2023-10-15 06:09:52,189] {logging_mixin.py:109} INFO - [2023-10-15 06:09:52,189] {dagbag.py:500} INFO - Filling up the DagBag from /Users/namyoung/Desktop/myprj/airflow/airflow/lib/python3.7/site-packages/airflow/example_dags/example_python_operator.py
[2023-10-15 06:09:52,203] {processor.py:654} INFO - DAG(s) dict_keys(['example_python_operator']) retrieved from /Users/namyoung/Desktop/myprj/airflow/airflow/lib/python3.7/site-packages/airflow/example_dags/example_python_operator.py
[2023-10-15 06:09:52,210] {logging_mixin.py:109} INFO - [2023-10-15 06:09:52,209] {dag.py:2396} INFO - Sync 1 DAGs
[2023-10-15 06:09:52,216] {logging_mixin.py:109} INFO - [2023-10-15 06:09:52,216] {dag.py:2935} INFO - Setting next_dagrun for example_python_operator to None
[2023-10-15 06:09:52,222] {processor.py:171} INFO - Processing /Users/namyoung/Desktop/myprj/airflow/airflow/lib/python3.7/site-packages/airflow/example_dags/example_python_operator.py took 0.038 seconds
[2023-10-15 08:06:47,615] {processor.py:163} INFO - Started process (PID=26178) to work on /Users/namyoung/Desktop/myprj/airflow/airflow/lib/python3.7/site-packages/airflow/example_dags/example_python_operator.py
[2023-10-15 08:06:47,615] {processor.py:642} INFO - Processing file /Users/namyoung/Desktop/myprj/airflow/airflow/lib/python3.7/site-packages/airflow/example_dags/example_python_operator.py for tasks to queue
[2023-10-15 08:06:47,616] {logging_mixin.py:109} INFO - [2023-10-15 08:06:47,616] {dagbag.py:500} INFO - Filling up the DagBag from /Users/namyoung/Desktop/myprj/airflow/airflow/lib/python3.7/site-packages/airflow/example_dags/example_python_operator.py
[2023-10-15 08:06:47,630] {processor.py:654} INFO - DAG(s) dict_keys(['example_python_operator']) retrieved from /Users/namyoung/Desktop/myprj/airflow/airflow/lib/python3.7/site-packages/airflow/example_dags/example_python_operator.py
[2023-10-15 08:06:47,638] {logging_mixin.py:109} INFO - [2023-10-15 08:06:47,638] {dag.py:2396} INFO - Sync 1 DAGs
[2023-10-15 08:06:47,646] {logging_mixin.py:109} INFO - [2023-10-15 08:06:47,645] {dag.py:2935} INFO - Setting next_dagrun for example_python_operator to None
[2023-10-15 08:06:47,653] {processor.py:171} INFO - Processing /Users/namyoung/Desktop/myprj/airflow/airflow/lib/python3.7/site-packages/airflow/example_dags/example_python_operator.py took 0.040 seconds
