[2023-10-14 09:37:32,446] {processor.py:163} INFO - Started process (PID=23324) to work on /Users/namyoung/Desktop/myprj/airflow/airflow/lib/python3.7/site-packages/airflow/example_dags/example_skip_dag.py
[2023-10-14 09:37:32,448] {processor.py:642} INFO - Processing file /Users/namyoung/Desktop/myprj/airflow/airflow/lib/python3.7/site-packages/airflow/example_dags/example_skip_dag.py for tasks to queue
[2023-10-14 09:37:32,449] {logging_mixin.py:109} INFO - [2023-10-14 09:37:32,449] {dagbag.py:500} INFO - Filling up the DagBag from /Users/namyoung/Desktop/myprj/airflow/airflow/lib/python3.7/site-packages/airflow/example_dags/example_skip_dag.py
[2023-10-14 09:37:32,476] {processor.py:654} INFO - DAG(s) dict_keys(['example_skip_dag']) retrieved from /Users/namyoung/Desktop/myprj/airflow/airflow/lib/python3.7/site-packages/airflow/example_dags/example_skip_dag.py
[2023-10-14 09:37:32,485] {logging_mixin.py:109} INFO - [2023-10-14 09:37:32,485] {dag.py:2396} INFO - Sync 1 DAGs
[2023-10-14 09:37:32,494] {logging_mixin.py:109} INFO - [2023-10-14 09:37:32,493] {dag.py:2935} INFO - Setting next_dagrun for example_skip_dag to 2023-10-13T00:37:32.493596+00:00
[2023-10-14 09:37:32,499] {processor.py:171} INFO - Processing /Users/namyoung/Desktop/myprj/airflow/airflow/lib/python3.7/site-packages/airflow/example_dags/example_skip_dag.py took 0.059 seconds
[2023-10-14 11:18:30,167] {processor.py:163} INFO - Started process (PID=23466) to work on /Users/namyoung/Desktop/myprj/airflow/airflow/lib/python3.7/site-packages/airflow/example_dags/example_skip_dag.py
[2023-10-14 11:18:30,169] {processor.py:642} INFO - Processing file /Users/namyoung/Desktop/myprj/airflow/airflow/lib/python3.7/site-packages/airflow/example_dags/example_skip_dag.py for tasks to queue
[2023-10-14 11:18:30,170] {logging_mixin.py:109} INFO - [2023-10-14 11:18:30,170] {dagbag.py:500} INFO - Filling up the DagBag from /Users/namyoung/Desktop/myprj/airflow/airflow/lib/python3.7/site-packages/airflow/example_dags/example_skip_dag.py
[2023-10-14 11:18:30,195] {processor.py:654} INFO - DAG(s) dict_keys(['example_skip_dag']) retrieved from /Users/namyoung/Desktop/myprj/airflow/airflow/lib/python3.7/site-packages/airflow/example_dags/example_skip_dag.py
[2023-10-14 11:18:30,203] {logging_mixin.py:109} INFO - [2023-10-14 11:18:30,203] {dag.py:2396} INFO - Sync 1 DAGs
[2023-10-14 11:18:30,213] {logging_mixin.py:109} INFO - [2023-10-14 11:18:30,213] {dag.py:2935} INFO - Setting next_dagrun for example_skip_dag to 2023-10-13T02:18:30.213062+00:00
[2023-10-14 11:18:30,219] {processor.py:171} INFO - Processing /Users/namyoung/Desktop/myprj/airflow/airflow/lib/python3.7/site-packages/airflow/example_dags/example_skip_dag.py took 0.058 seconds
[2023-10-14 12:53:07,149] {processor.py:163} INFO - Started process (PID=23720) to work on /Users/namyoung/Desktop/myprj/airflow/airflow/lib/python3.7/site-packages/airflow/example_dags/example_skip_dag.py
[2023-10-14 12:53:07,149] {processor.py:642} INFO - Processing file /Users/namyoung/Desktop/myprj/airflow/airflow/lib/python3.7/site-packages/airflow/example_dags/example_skip_dag.py for tasks to queue
[2023-10-14 12:53:07,150] {logging_mixin.py:109} INFO - [2023-10-14 12:53:07,150] {dagbag.py:500} INFO - Filling up the DagBag from /Users/namyoung/Desktop/myprj/airflow/airflow/lib/python3.7/site-packages/airflow/example_dags/example_skip_dag.py
[2023-10-14 12:53:07,162] {processor.py:654} INFO - DAG(s) dict_keys(['example_skip_dag']) retrieved from /Users/namyoung/Desktop/myprj/airflow/airflow/lib/python3.7/site-packages/airflow/example_dags/example_skip_dag.py
[2023-10-14 12:53:07,170] {logging_mixin.py:109} INFO - [2023-10-14 12:53:07,169] {dag.py:2396} INFO - Sync 1 DAGs
[2023-10-14 12:53:07,177] {logging_mixin.py:109} INFO - [2023-10-14 12:53:07,177] {dag.py:2935} INFO - Setting next_dagrun for example_skip_dag to 2023-10-13T03:53:07.177356+00:00
[2023-10-14 12:53:07,183] {processor.py:171} INFO - Processing /Users/namyoung/Desktop/myprj/airflow/airflow/lib/python3.7/site-packages/airflow/example_dags/example_skip_dag.py took 0.036 seconds
[2023-10-14 14:27:16,930] {processor.py:163} INFO - Started process (PID=23869) to work on /Users/namyoung/Desktop/myprj/airflow/airflow/lib/python3.7/site-packages/airflow/example_dags/example_skip_dag.py
[2023-10-14 14:27:16,931] {processor.py:642} INFO - Processing file /Users/namyoung/Desktop/myprj/airflow/airflow/lib/python3.7/site-packages/airflow/example_dags/example_skip_dag.py for tasks to queue
[2023-10-14 14:27:16,932] {logging_mixin.py:109} INFO - [2023-10-14 14:27:16,932] {dagbag.py:500} INFO - Filling up the DagBag from /Users/namyoung/Desktop/myprj/airflow/airflow/lib/python3.7/site-packages/airflow/example_dags/example_skip_dag.py
[2023-10-14 14:27:16,944] {processor.py:654} INFO - DAG(s) dict_keys(['example_skip_dag']) retrieved from /Users/namyoung/Desktop/myprj/airflow/airflow/lib/python3.7/site-packages/airflow/example_dags/example_skip_dag.py
[2023-10-14 14:27:16,950] {logging_mixin.py:109} INFO - [2023-10-14 14:27:16,949] {dag.py:2396} INFO - Sync 1 DAGs
[2023-10-14 14:27:16,957] {logging_mixin.py:109} INFO - [2023-10-14 14:27:16,957] {dag.py:2935} INFO - Setting next_dagrun for example_skip_dag to 2023-10-13T05:27:16.956787+00:00
[2023-10-14 14:27:16,962] {processor.py:171} INFO - Processing /Users/namyoung/Desktop/myprj/airflow/airflow/lib/python3.7/site-packages/airflow/example_dags/example_skip_dag.py took 0.034 seconds
[2023-10-14 16:05:02,953] {processor.py:163} INFO - Started process (PID=24124) to work on /Users/namyoung/Desktop/myprj/airflow/airflow/lib/python3.7/site-packages/airflow/example_dags/example_skip_dag.py
[2023-10-14 16:05:02,954] {processor.py:642} INFO - Processing file /Users/namyoung/Desktop/myprj/airflow/airflow/lib/python3.7/site-packages/airflow/example_dags/example_skip_dag.py for tasks to queue
[2023-10-14 16:05:02,955] {logging_mixin.py:109} INFO - [2023-10-14 16:05:02,954] {dagbag.py:500} INFO - Filling up the DagBag from /Users/namyoung/Desktop/myprj/airflow/airflow/lib/python3.7/site-packages/airflow/example_dags/example_skip_dag.py
[2023-10-14 16:05:02,967] {processor.py:654} INFO - DAG(s) dict_keys(['example_skip_dag']) retrieved from /Users/namyoung/Desktop/myprj/airflow/airflow/lib/python3.7/site-packages/airflow/example_dags/example_skip_dag.py
[2023-10-14 16:05:02,974] {logging_mixin.py:109} INFO - [2023-10-14 16:05:02,974] {dag.py:2396} INFO - Sync 1 DAGs
[2023-10-14 16:05:02,982] {logging_mixin.py:109} INFO - [2023-10-14 16:05:02,981] {dag.py:2935} INFO - Setting next_dagrun for example_skip_dag to 2023-10-13T07:05:02.981669+00:00
[2023-10-14 16:05:02,987] {processor.py:171} INFO - Processing /Users/namyoung/Desktop/myprj/airflow/airflow/lib/python3.7/site-packages/airflow/example_dags/example_skip_dag.py took 0.036 seconds
[2023-10-14 17:30:10,348] {processor.py:163} INFO - Started process (PID=24258) to work on /Users/namyoung/Desktop/myprj/airflow/airflow/lib/python3.7/site-packages/airflow/example_dags/example_skip_dag.py
[2023-10-14 17:30:10,349] {processor.py:642} INFO - Processing file /Users/namyoung/Desktop/myprj/airflow/airflow/lib/python3.7/site-packages/airflow/example_dags/example_skip_dag.py for tasks to queue
[2023-10-14 17:30:10,349] {logging_mixin.py:109} INFO - [2023-10-14 17:30:10,349] {dagbag.py:500} INFO - Filling up the DagBag from /Users/namyoung/Desktop/myprj/airflow/airflow/lib/python3.7/site-packages/airflow/example_dags/example_skip_dag.py
[2023-10-14 17:30:10,361] {processor.py:654} INFO - DAG(s) dict_keys(['example_skip_dag']) retrieved from /Users/namyoung/Desktop/myprj/airflow/airflow/lib/python3.7/site-packages/airflow/example_dags/example_skip_dag.py
[2023-10-14 17:30:10,368] {logging_mixin.py:109} INFO - [2023-10-14 17:30:10,367] {dag.py:2396} INFO - Sync 1 DAGs
[2023-10-14 17:30:10,375] {logging_mixin.py:109} INFO - [2023-10-14 17:30:10,375] {dag.py:2935} INFO - Setting next_dagrun for example_skip_dag to 2023-10-13T08:30:10.375119+00:00
[2023-10-14 17:30:10,381] {processor.py:171} INFO - Processing /Users/namyoung/Desktop/myprj/airflow/airflow/lib/python3.7/site-packages/airflow/example_dags/example_skip_dag.py took 0.035 seconds
[2023-10-14 18:49:52,458] {processor.py:163} INFO - Started process (PID=24514) to work on /Users/namyoung/Desktop/myprj/airflow/airflow/lib/python3.7/site-packages/airflow/example_dags/example_skip_dag.py
[2023-10-14 18:49:52,460] {processor.py:642} INFO - Processing file /Users/namyoung/Desktop/myprj/airflow/airflow/lib/python3.7/site-packages/airflow/example_dags/example_skip_dag.py for tasks to queue
[2023-10-14 18:49:52,462] {logging_mixin.py:109} INFO - [2023-10-14 18:49:52,461] {dagbag.py:500} INFO - Filling up the DagBag from /Users/namyoung/Desktop/myprj/airflow/airflow/lib/python3.7/site-packages/airflow/example_dags/example_skip_dag.py
[2023-10-14 18:49:52,486] {processor.py:654} INFO - DAG(s) dict_keys(['example_skip_dag']) retrieved from /Users/namyoung/Desktop/myprj/airflow/airflow/lib/python3.7/site-packages/airflow/example_dags/example_skip_dag.py
[2023-10-14 18:49:52,495] {logging_mixin.py:109} INFO - [2023-10-14 18:49:52,495] {dag.py:2396} INFO - Sync 1 DAGs
[2023-10-14 18:49:52,503] {logging_mixin.py:109} INFO - [2023-10-14 18:49:52,503] {dag.py:2935} INFO - Setting next_dagrun for example_skip_dag to 2023-10-13T09:49:52.503127+00:00
[2023-10-14 18:49:52,509] {processor.py:171} INFO - Processing /Users/namyoung/Desktop/myprj/airflow/airflow/lib/python3.7/site-packages/airflow/example_dags/example_skip_dag.py took 0.056 seconds
[2023-10-14 20:27:42,992] {processor.py:163} INFO - Started process (PID=24636) to work on /Users/namyoung/Desktop/myprj/airflow/airflow/lib/python3.7/site-packages/airflow/example_dags/example_skip_dag.py
[2023-10-14 20:27:42,994] {processor.py:642} INFO - Processing file /Users/namyoung/Desktop/myprj/airflow/airflow/lib/python3.7/site-packages/airflow/example_dags/example_skip_dag.py for tasks to queue
[2023-10-14 20:27:42,994] {logging_mixin.py:109} INFO - [2023-10-14 20:27:42,994] {dagbag.py:500} INFO - Filling up the DagBag from /Users/namyoung/Desktop/myprj/airflow/airflow/lib/python3.7/site-packages/airflow/example_dags/example_skip_dag.py
[2023-10-14 20:27:43,018] {processor.py:654} INFO - DAG(s) dict_keys(['example_skip_dag']) retrieved from /Users/namyoung/Desktop/myprj/airflow/airflow/lib/python3.7/site-packages/airflow/example_dags/example_skip_dag.py
[2023-10-14 20:27:43,028] {logging_mixin.py:109} INFO - [2023-10-14 20:27:43,027] {dag.py:2396} INFO - Sync 1 DAGs
[2023-10-14 20:27:43,037] {logging_mixin.py:109} INFO - [2023-10-14 20:27:43,037] {dag.py:2935} INFO - Setting next_dagrun for example_skip_dag to 2023-10-13T11:27:43.037325+00:00
[2023-10-14 20:27:43,043] {processor.py:171} INFO - Processing /Users/namyoung/Desktop/myprj/airflow/airflow/lib/python3.7/site-packages/airflow/example_dags/example_skip_dag.py took 0.055 seconds
[2023-10-14 22:10:32,876] {processor.py:163} INFO - Started process (PID=24924) to work on /Users/namyoung/Desktop/myprj/airflow/airflow/lib/python3.7/site-packages/airflow/example_dags/example_skip_dag.py
[2023-10-14 22:10:32,877] {processor.py:642} INFO - Processing file /Users/namyoung/Desktop/myprj/airflow/airflow/lib/python3.7/site-packages/airflow/example_dags/example_skip_dag.py for tasks to queue
[2023-10-14 22:10:32,877] {logging_mixin.py:109} INFO - [2023-10-14 22:10:32,877] {dagbag.py:500} INFO - Filling up the DagBag from /Users/namyoung/Desktop/myprj/airflow/airflow/lib/python3.7/site-packages/airflow/example_dags/example_skip_dag.py
[2023-10-14 22:10:32,891] {processor.py:654} INFO - DAG(s) dict_keys(['example_skip_dag']) retrieved from /Users/namyoung/Desktop/myprj/airflow/airflow/lib/python3.7/site-packages/airflow/example_dags/example_skip_dag.py
[2023-10-14 22:10:32,897] {logging_mixin.py:109} INFO - [2023-10-14 22:10:32,897] {dag.py:2396} INFO - Sync 1 DAGs
[2023-10-14 22:10:32,905] {logging_mixin.py:109} INFO - [2023-10-14 22:10:32,905] {dag.py:2935} INFO - Setting next_dagrun for example_skip_dag to 2023-10-13T13:10:32.905082+00:00
[2023-10-14 22:10:32,911] {processor.py:171} INFO - Processing /Users/namyoung/Desktop/myprj/airflow/airflow/lib/python3.7/site-packages/airflow/example_dags/example_skip_dag.py took 0.037 seconds
[2023-10-14 23:45:38,904] {processor.py:163} INFO - Started process (PID=25073) to work on /Users/namyoung/Desktop/myprj/airflow/airflow/lib/python3.7/site-packages/airflow/example_dags/example_skip_dag.py
[2023-10-14 23:45:38,905] {processor.py:642} INFO - Processing file /Users/namyoung/Desktop/myprj/airflow/airflow/lib/python3.7/site-packages/airflow/example_dags/example_skip_dag.py for tasks to queue
[2023-10-14 23:45:38,905] {logging_mixin.py:109} INFO - [2023-10-14 23:45:38,905] {dagbag.py:500} INFO - Filling up the DagBag from /Users/namyoung/Desktop/myprj/airflow/airflow/lib/python3.7/site-packages/airflow/example_dags/example_skip_dag.py
[2023-10-14 23:45:38,916] {processor.py:654} INFO - DAG(s) dict_keys(['example_skip_dag']) retrieved from /Users/namyoung/Desktop/myprj/airflow/airflow/lib/python3.7/site-packages/airflow/example_dags/example_skip_dag.py
[2023-10-14 23:45:38,922] {logging_mixin.py:109} INFO - [2023-10-14 23:45:38,921] {dag.py:2396} INFO - Sync 1 DAGs
[2023-10-14 23:45:38,928] {logging_mixin.py:109} INFO - [2023-10-14 23:45:38,928] {dag.py:2935} INFO - Setting next_dagrun for example_skip_dag to 2023-10-13T14:45:38.928354+00:00
[2023-10-14 23:45:38,934] {processor.py:171} INFO - Processing /Users/namyoung/Desktop/myprj/airflow/airflow/lib/python3.7/site-packages/airflow/example_dags/example_skip_dag.py took 0.032 seconds
[2023-10-15 01:22:33,932] {processor.py:163} INFO - Started process (PID=25346) to work on /Users/namyoung/Desktop/myprj/airflow/airflow/lib/python3.7/site-packages/airflow/example_dags/example_skip_dag.py
[2023-10-15 01:22:33,934] {processor.py:642} INFO - Processing file /Users/namyoung/Desktop/myprj/airflow/airflow/lib/python3.7/site-packages/airflow/example_dags/example_skip_dag.py for tasks to queue
[2023-10-15 01:22:33,935] {logging_mixin.py:109} INFO - [2023-10-15 01:22:33,935] {dagbag.py:500} INFO - Filling up the DagBag from /Users/namyoung/Desktop/myprj/airflow/airflow/lib/python3.7/site-packages/airflow/example_dags/example_skip_dag.py
[2023-10-15 01:22:33,959] {processor.py:654} INFO - DAG(s) dict_keys(['example_skip_dag']) retrieved from /Users/namyoung/Desktop/myprj/airflow/airflow/lib/python3.7/site-packages/airflow/example_dags/example_skip_dag.py
[2023-10-15 01:22:33,968] {logging_mixin.py:109} INFO - [2023-10-15 01:22:33,968] {dag.py:2396} INFO - Sync 1 DAGs
[2023-10-15 01:22:33,978] {logging_mixin.py:109} INFO - [2023-10-15 01:22:33,977] {dag.py:2935} INFO - Setting next_dagrun for example_skip_dag to 2023-10-13T16:22:33.977546+00:00
[2023-10-15 01:22:33,984] {processor.py:171} INFO - Processing /Users/namyoung/Desktop/myprj/airflow/airflow/lib/python3.7/site-packages/airflow/example_dags/example_skip_dag.py took 0.057 seconds
[2023-10-15 02:52:40,072] {processor.py:163} INFO - Started process (PID=25486) to work on /Users/namyoung/Desktop/myprj/airflow/airflow/lib/python3.7/site-packages/airflow/example_dags/example_skip_dag.py
[2023-10-15 02:52:40,072] {processor.py:642} INFO - Processing file /Users/namyoung/Desktop/myprj/airflow/airflow/lib/python3.7/site-packages/airflow/example_dags/example_skip_dag.py for tasks to queue
[2023-10-15 02:52:40,073] {logging_mixin.py:109} INFO - [2023-10-15 02:52:40,073] {dagbag.py:500} INFO - Filling up the DagBag from /Users/namyoung/Desktop/myprj/airflow/airflow/lib/python3.7/site-packages/airflow/example_dags/example_skip_dag.py
[2023-10-15 02:52:40,085] {processor.py:654} INFO - DAG(s) dict_keys(['example_skip_dag']) retrieved from /Users/namyoung/Desktop/myprj/airflow/airflow/lib/python3.7/site-packages/airflow/example_dags/example_skip_dag.py
[2023-10-15 02:52:40,091] {logging_mixin.py:109} INFO - [2023-10-15 02:52:40,091] {dag.py:2396} INFO - Sync 1 DAGs
[2023-10-15 02:52:40,098] {logging_mixin.py:109} INFO - [2023-10-15 02:52:40,098] {dag.py:2935} INFO - Setting next_dagrun for example_skip_dag to 2023-10-13T17:52:40.098533+00:00
[2023-10-15 02:52:40,105] {processor.py:171} INFO - Processing /Users/namyoung/Desktop/myprj/airflow/airflow/lib/python3.7/site-packages/airflow/example_dags/example_skip_dag.py took 0.035 seconds
[2023-10-15 04:31:51,116] {processor.py:163} INFO - Started process (PID=25750) to work on /Users/namyoung/Desktop/myprj/airflow/airflow/lib/python3.7/site-packages/airflow/example_dags/example_skip_dag.py
[2023-10-15 04:31:51,117] {processor.py:642} INFO - Processing file /Users/namyoung/Desktop/myprj/airflow/airflow/lib/python3.7/site-packages/airflow/example_dags/example_skip_dag.py for tasks to queue
[2023-10-15 04:31:51,117] {logging_mixin.py:109} INFO - [2023-10-15 04:31:51,117] {dagbag.py:500} INFO - Filling up the DagBag from /Users/namyoung/Desktop/myprj/airflow/airflow/lib/python3.7/site-packages/airflow/example_dags/example_skip_dag.py
[2023-10-15 04:31:51,129] {processor.py:654} INFO - DAG(s) dict_keys(['example_skip_dag']) retrieved from /Users/namyoung/Desktop/myprj/airflow/airflow/lib/python3.7/site-packages/airflow/example_dags/example_skip_dag.py
[2023-10-15 04:31:51,135] {logging_mixin.py:109} INFO - [2023-10-15 04:31:51,135] {dag.py:2396} INFO - Sync 1 DAGs
[2023-10-15 04:31:51,142] {logging_mixin.py:109} INFO - [2023-10-15 04:31:51,142] {dag.py:2935} INFO - Setting next_dagrun for example_skip_dag to 2023-10-13T19:31:51.142599+00:00
[2023-10-15 04:31:51,148] {processor.py:171} INFO - Processing /Users/namyoung/Desktop/myprj/airflow/airflow/lib/python3.7/site-packages/airflow/example_dags/example_skip_dag.py took 0.034 seconds
[2023-10-15 06:09:50,709] {processor.py:163} INFO - Started process (PID=25894) to work on /Users/namyoung/Desktop/myprj/airflow/airflow/lib/python3.7/site-packages/airflow/example_dags/example_skip_dag.py
[2023-10-15 06:09:50,710] {processor.py:642} INFO - Processing file /Users/namyoung/Desktop/myprj/airflow/airflow/lib/python3.7/site-packages/airflow/example_dags/example_skip_dag.py for tasks to queue
[2023-10-15 06:09:50,711] {logging_mixin.py:109} INFO - [2023-10-15 06:09:50,710] {dagbag.py:500} INFO - Filling up the DagBag from /Users/namyoung/Desktop/myprj/airflow/airflow/lib/python3.7/site-packages/airflow/example_dags/example_skip_dag.py
[2023-10-15 06:09:50,722] {processor.py:654} INFO - DAG(s) dict_keys(['example_skip_dag']) retrieved from /Users/namyoung/Desktop/myprj/airflow/airflow/lib/python3.7/site-packages/airflow/example_dags/example_skip_dag.py
[2023-10-15 06:09:50,727] {logging_mixin.py:109} INFO - [2023-10-15 06:09:50,727] {dag.py:2396} INFO - Sync 1 DAGs
[2023-10-15 06:09:50,734] {logging_mixin.py:109} INFO - [2023-10-15 06:09:50,734] {dag.py:2935} INFO - Setting next_dagrun for example_skip_dag to 2023-10-13T21:09:50.734016+00:00
[2023-10-15 06:09:50,740] {processor.py:171} INFO - Processing /Users/namyoung/Desktop/myprj/airflow/airflow/lib/python3.7/site-packages/airflow/example_dags/example_skip_dag.py took 0.032 seconds
[2023-10-15 07:50:54,508] {processor.py:163} INFO - Started process (PID=26164) to work on /Users/namyoung/Desktop/myprj/airflow/airflow/lib/python3.7/site-packages/airflow/example_dags/example_skip_dag.py
[2023-10-15 07:50:54,509] {processor.py:642} INFO - Processing file /Users/namyoung/Desktop/myprj/airflow/airflow/lib/python3.7/site-packages/airflow/example_dags/example_skip_dag.py for tasks to queue
[2023-10-15 07:50:54,510] {logging_mixin.py:109} INFO - [2023-10-15 07:50:54,510] {dagbag.py:500} INFO - Filling up the DagBag from /Users/namyoung/Desktop/myprj/airflow/airflow/lib/python3.7/site-packages/airflow/example_dags/example_skip_dag.py
[2023-10-15 07:50:54,530] {processor.py:654} INFO - DAG(s) dict_keys(['example_skip_dag']) retrieved from /Users/namyoung/Desktop/myprj/airflow/airflow/lib/python3.7/site-packages/airflow/example_dags/example_skip_dag.py
[2023-10-15 07:50:54,539] {logging_mixin.py:109} INFO - [2023-10-15 07:50:54,539] {dag.py:2396} INFO - Sync 1 DAGs
[2023-10-15 07:50:54,550] {logging_mixin.py:109} INFO - [2023-10-15 07:50:54,549] {dag.py:2935} INFO - Setting next_dagrun for example_skip_dag to 2023-10-13T22:50:54.549594+00:00
[2023-10-15 07:50:54,557] {processor.py:171} INFO - Processing /Users/namyoung/Desktop/myprj/airflow/airflow/lib/python3.7/site-packages/airflow/example_dags/example_skip_dag.py took 0.053 seconds
