[2023-10-14 10:10:53,193] {processor.py:163} INFO - Started process (PID=23373) to work on /Users/namyoung/Desktop/myprj/airflow/airflow/lib/python3.7/site-packages/airflow/example_dags/example_branch_operator.py
[2023-10-14 10:10:53,195] {processor.py:642} INFO - Processing file /Users/namyoung/Desktop/myprj/airflow/airflow/lib/python3.7/site-packages/airflow/example_dags/example_branch_operator.py for tasks to queue
[2023-10-14 10:10:53,196] {logging_mixin.py:109} INFO - [2023-10-14 10:10:53,196] {dagbag.py:500} INFO - Filling up the DagBag from /Users/namyoung/Desktop/myprj/airflow/airflow/lib/python3.7/site-packages/airflow/example_dags/example_branch_operator.py
[2023-10-14 10:10:53,224] {processor.py:654} INFO - DAG(s) dict_keys(['example_branch_operator']) retrieved from /Users/namyoung/Desktop/myprj/airflow/airflow/lib/python3.7/site-packages/airflow/example_dags/example_branch_operator.py
[2023-10-14 10:10:53,233] {logging_mixin.py:109} INFO - [2023-10-14 10:10:53,232] {dag.py:2396} INFO - Sync 1 DAGs
[2023-10-14 10:10:53,241] {logging_mixin.py:109} INFO - [2023-10-14 10:10:53,241] {dag.py:2935} INFO - Setting next_dagrun for example_branch_operator to 2023-10-13 00:00:00+00:00
[2023-10-14 10:10:53,246] {processor.py:171} INFO - Processing /Users/namyoung/Desktop/myprj/airflow/airflow/lib/python3.7/site-packages/airflow/example_dags/example_branch_operator.py took 0.059 seconds
[2023-10-14 12:05:58,741] {processor.py:163} INFO - Started process (PID=23523) to work on /Users/namyoung/Desktop/myprj/airflow/airflow/lib/python3.7/site-packages/airflow/example_dags/example_branch_operator.py
[2023-10-14 12:05:58,742] {processor.py:642} INFO - Processing file /Users/namyoung/Desktop/myprj/airflow/airflow/lib/python3.7/site-packages/airflow/example_dags/example_branch_operator.py for tasks to queue
[2023-10-14 12:05:58,743] {logging_mixin.py:109} INFO - [2023-10-14 12:05:58,743] {dagbag.py:500} INFO - Filling up the DagBag from /Users/namyoung/Desktop/myprj/airflow/airflow/lib/python3.7/site-packages/airflow/example_dags/example_branch_operator.py
[2023-10-14 12:05:58,768] {processor.py:654} INFO - DAG(s) dict_keys(['example_branch_operator']) retrieved from /Users/namyoung/Desktop/myprj/airflow/airflow/lib/python3.7/site-packages/airflow/example_dags/example_branch_operator.py
[2023-10-14 12:05:58,777] {logging_mixin.py:109} INFO - [2023-10-14 12:05:58,777] {dag.py:2396} INFO - Sync 1 DAGs
[2023-10-14 12:05:58,787] {logging_mixin.py:109} INFO - [2023-10-14 12:05:58,786] {dag.py:2935} INFO - Setting next_dagrun for example_branch_operator to 2023-10-13 00:00:00+00:00
[2023-10-14 12:05:58,798] {processor.py:171} INFO - Processing /Users/namyoung/Desktop/myprj/airflow/airflow/lib/python3.7/site-packages/airflow/example_dags/example_branch_operator.py took 0.062 seconds
[2023-10-14 15:00:26,387] {processor.py:163} INFO - Started process (PID=23917) to work on /Users/namyoung/Desktop/myprj/airflow/airflow/lib/python3.7/site-packages/airflow/example_dags/example_branch_operator.py
[2023-10-14 15:00:26,388] {processor.py:642} INFO - Processing file /Users/namyoung/Desktop/myprj/airflow/airflow/lib/python3.7/site-packages/airflow/example_dags/example_branch_operator.py for tasks to queue
[2023-10-14 15:00:26,389] {logging_mixin.py:109} INFO - [2023-10-14 15:00:26,389] {dagbag.py:500} INFO - Filling up the DagBag from /Users/namyoung/Desktop/myprj/airflow/airflow/lib/python3.7/site-packages/airflow/example_dags/example_branch_operator.py
[2023-10-14 15:00:26,414] {processor.py:654} INFO - DAG(s) dict_keys(['example_branch_operator']) retrieved from /Users/namyoung/Desktop/myprj/airflow/airflow/lib/python3.7/site-packages/airflow/example_dags/example_branch_operator.py
[2023-10-14 15:00:26,423] {logging_mixin.py:109} INFO - [2023-10-14 15:00:26,423] {dag.py:2396} INFO - Sync 1 DAGs
[2023-10-14 15:00:26,433] {logging_mixin.py:109} INFO - [2023-10-14 15:00:26,433] {dag.py:2935} INFO - Setting next_dagrun for example_branch_operator to 2023-10-13 00:00:00+00:00
[2023-10-14 15:00:26,439] {processor.py:171} INFO - Processing /Users/namyoung/Desktop/myprj/airflow/airflow/lib/python3.7/site-packages/airflow/example_dags/example_branch_operator.py took 0.056 seconds
[2023-10-14 16:38:06,395] {processor.py:163} INFO - Started process (PID=24181) to work on /Users/namyoung/Desktop/myprj/airflow/airflow/lib/python3.7/site-packages/airflow/example_dags/example_branch_operator.py
[2023-10-14 16:38:06,397] {processor.py:642} INFO - Processing file /Users/namyoung/Desktop/myprj/airflow/airflow/lib/python3.7/site-packages/airflow/example_dags/example_branch_operator.py for tasks to queue
[2023-10-14 16:38:06,398] {logging_mixin.py:109} INFO - [2023-10-14 16:38:06,398] {dagbag.py:500} INFO - Filling up the DagBag from /Users/namyoung/Desktop/myprj/airflow/airflow/lib/python3.7/site-packages/airflow/example_dags/example_branch_operator.py
[2023-10-14 16:38:06,427] {processor.py:654} INFO - DAG(s) dict_keys(['example_branch_operator']) retrieved from /Users/namyoung/Desktop/myprj/airflow/airflow/lib/python3.7/site-packages/airflow/example_dags/example_branch_operator.py
[2023-10-14 16:38:06,435] {logging_mixin.py:109} INFO - [2023-10-14 16:38:06,435] {dag.py:2396} INFO - Sync 1 DAGs
[2023-10-14 16:38:06,443] {logging_mixin.py:109} INFO - [2023-10-14 16:38:06,443] {dag.py:2935} INFO - Setting next_dagrun for example_branch_operator to 2023-10-13 00:00:00+00:00
[2023-10-14 16:38:06,449] {processor.py:171} INFO - Processing /Users/namyoung/Desktop/myprj/airflow/airflow/lib/python3.7/site-packages/airflow/example_dags/example_branch_operator.py took 0.059 seconds
[2023-10-14 18:01:23,909] {processor.py:163} INFO - Started process (PID=24317) to work on /Users/namyoung/Desktop/myprj/airflow/airflow/lib/python3.7/site-packages/airflow/example_dags/example_branch_operator.py
[2023-10-14 18:01:23,910] {processor.py:642} INFO - Processing file /Users/namyoung/Desktop/myprj/airflow/airflow/lib/python3.7/site-packages/airflow/example_dags/example_branch_operator.py for tasks to queue
[2023-10-14 18:01:23,911] {logging_mixin.py:109} INFO - [2023-10-14 18:01:23,911] {dagbag.py:500} INFO - Filling up the DagBag from /Users/namyoung/Desktop/myprj/airflow/airflow/lib/python3.7/site-packages/airflow/example_dags/example_branch_operator.py
[2023-10-14 18:01:23,926] {processor.py:654} INFO - DAG(s) dict_keys(['example_branch_operator']) retrieved from /Users/namyoung/Desktop/myprj/airflow/airflow/lib/python3.7/site-packages/airflow/example_dags/example_branch_operator.py
[2023-10-14 18:01:23,933] {logging_mixin.py:109} INFO - [2023-10-14 18:01:23,933] {dag.py:2396} INFO - Sync 1 DAGs
[2023-10-14 18:01:23,941] {logging_mixin.py:109} INFO - [2023-10-14 18:01:23,941] {dag.py:2935} INFO - Setting next_dagrun for example_branch_operator to 2023-10-13 00:00:00+00:00
[2023-10-14 18:01:23,947] {processor.py:171} INFO - Processing /Users/namyoung/Desktop/myprj/airflow/airflow/lib/python3.7/site-packages/airflow/example_dags/example_branch_operator.py took 0.040 seconds
[2023-10-14 21:02:57,928] {processor.py:163} INFO - Started process (PID=24695) to work on /Users/namyoung/Desktop/myprj/airflow/airflow/lib/python3.7/site-packages/airflow/example_dags/example_branch_operator.py
[2023-10-14 21:02:57,928] {processor.py:642} INFO - Processing file /Users/namyoung/Desktop/myprj/airflow/airflow/lib/python3.7/site-packages/airflow/example_dags/example_branch_operator.py for tasks to queue
[2023-10-14 21:02:57,929] {logging_mixin.py:109} INFO - [2023-10-14 21:02:57,929] {dagbag.py:500} INFO - Filling up the DagBag from /Users/namyoung/Desktop/myprj/airflow/airflow/lib/python3.7/site-packages/airflow/example_dags/example_branch_operator.py
[2023-10-14 21:02:57,942] {processor.py:654} INFO - DAG(s) dict_keys(['example_branch_operator']) retrieved from /Users/namyoung/Desktop/myprj/airflow/airflow/lib/python3.7/site-packages/airflow/example_dags/example_branch_operator.py
[2023-10-14 21:02:57,948] {logging_mixin.py:109} INFO - [2023-10-14 21:02:57,948] {dag.py:2396} INFO - Sync 1 DAGs
[2023-10-14 21:02:57,956] {logging_mixin.py:109} INFO - [2023-10-14 21:02:57,956] {dag.py:2935} INFO - Setting next_dagrun for example_branch_operator to 2023-10-13 00:00:00+00:00
[2023-10-14 21:02:57,961] {processor.py:171} INFO - Processing /Users/namyoung/Desktop/myprj/airflow/airflow/lib/python3.7/site-packages/airflow/example_dags/example_branch_operator.py took 0.035 seconds
[2023-10-14 22:40:55,929] {processor.py:163} INFO - Started process (PID=24975) to work on /Users/namyoung/Desktop/myprj/airflow/airflow/lib/python3.7/site-packages/airflow/example_dags/example_branch_operator.py
[2023-10-14 22:40:55,932] {processor.py:642} INFO - Processing file /Users/namyoung/Desktop/myprj/airflow/airflow/lib/python3.7/site-packages/airflow/example_dags/example_branch_operator.py for tasks to queue
[2023-10-14 22:40:55,933] {logging_mixin.py:109} INFO - [2023-10-14 22:40:55,933] {dagbag.py:500} INFO - Filling up the DagBag from /Users/namyoung/Desktop/myprj/airflow/airflow/lib/python3.7/site-packages/airflow/example_dags/example_branch_operator.py
[2023-10-14 22:40:55,953] {processor.py:654} INFO - DAG(s) dict_keys(['example_branch_operator']) retrieved from /Users/namyoung/Desktop/myprj/airflow/airflow/lib/python3.7/site-packages/airflow/example_dags/example_branch_operator.py
[2023-10-14 22:40:55,960] {logging_mixin.py:109} INFO - [2023-10-14 22:40:55,960] {dag.py:2396} INFO - Sync 1 DAGs
[2023-10-14 22:40:55,969] {logging_mixin.py:109} INFO - [2023-10-14 22:40:55,969] {dag.py:2935} INFO - Setting next_dagrun for example_branch_operator to 2023-10-13 00:00:00+00:00
[2023-10-14 22:40:55,975] {processor.py:171} INFO - Processing /Users/namyoung/Desktop/myprj/airflow/airflow/lib/python3.7/site-packages/airflow/example_dags/example_branch_operator.py took 0.051 seconds
[2023-10-15 00:18:05,410] {processor.py:163} INFO - Started process (PID=25128) to work on /Users/namyoung/Desktop/myprj/airflow/airflow/lib/python3.7/site-packages/airflow/example_dags/example_branch_operator.py
[2023-10-15 00:18:05,412] {processor.py:642} INFO - Processing file /Users/namyoung/Desktop/myprj/airflow/airflow/lib/python3.7/site-packages/airflow/example_dags/example_branch_operator.py for tasks to queue
[2023-10-15 00:18:05,412] {logging_mixin.py:109} INFO - [2023-10-15 00:18:05,412] {dagbag.py:500} INFO - Filling up the DagBag from /Users/namyoung/Desktop/myprj/airflow/airflow/lib/python3.7/site-packages/airflow/example_dags/example_branch_operator.py
[2023-10-15 00:18:05,428] {processor.py:654} INFO - DAG(s) dict_keys(['example_branch_operator']) retrieved from /Users/namyoung/Desktop/myprj/airflow/airflow/lib/python3.7/site-packages/airflow/example_dags/example_branch_operator.py
[2023-10-15 00:18:05,433] {logging_mixin.py:109} INFO - [2023-10-15 00:18:05,433] {dag.py:2396} INFO - Sync 1 DAGs
[2023-10-15 00:18:05,443] {logging_mixin.py:109} INFO - [2023-10-15 00:18:05,443] {dag.py:2935} INFO - Setting next_dagrun for example_branch_operator to 2023-10-13 00:00:00+00:00
[2023-10-15 00:18:05,448] {processor.py:171} INFO - Processing /Users/namyoung/Desktop/myprj/airflow/airflow/lib/python3.7/site-packages/airflow/example_dags/example_branch_operator.py took 0.042 seconds
[2023-10-15 01:46:41,325] {processor.py:163} INFO - Started process (PID=25395) to work on /Users/namyoung/Desktop/myprj/airflow/airflow/lib/python3.7/site-packages/airflow/example_dags/example_branch_operator.py
[2023-10-15 01:46:41,326] {processor.py:642} INFO - Processing file /Users/namyoung/Desktop/myprj/airflow/airflow/lib/python3.7/site-packages/airflow/example_dags/example_branch_operator.py for tasks to queue
[2023-10-15 01:46:41,327] {logging_mixin.py:109} INFO - [2023-10-15 01:46:41,327] {dagbag.py:500} INFO - Filling up the DagBag from /Users/namyoung/Desktop/myprj/airflow/airflow/lib/python3.7/site-packages/airflow/example_dags/example_branch_operator.py
[2023-10-15 01:46:41,346] {processor.py:654} INFO - DAG(s) dict_keys(['example_branch_operator']) retrieved from /Users/namyoung/Desktop/myprj/airflow/airflow/lib/python3.7/site-packages/airflow/example_dags/example_branch_operator.py
[2023-10-15 01:46:41,353] {logging_mixin.py:109} INFO - [2023-10-15 01:46:41,353] {dag.py:2396} INFO - Sync 1 DAGs
[2023-10-15 01:46:41,363] {logging_mixin.py:109} INFO - [2023-10-15 01:46:41,363] {dag.py:2935} INFO - Setting next_dagrun for example_branch_operator to 2023-10-13 00:00:00+00:00
[2023-10-15 01:46:41,368] {processor.py:171} INFO - Processing /Users/namyoung/Desktop/myprj/airflow/airflow/lib/python3.7/site-packages/airflow/example_dags/example_branch_operator.py took 0.047 seconds
[2023-10-15 03:25:42,184] {processor.py:163} INFO - Started process (PID=25537) to work on /Users/namyoung/Desktop/myprj/airflow/airflow/lib/python3.7/site-packages/airflow/example_dags/example_branch_operator.py
[2023-10-15 03:25:42,184] {processor.py:642} INFO - Processing file /Users/namyoung/Desktop/myprj/airflow/airflow/lib/python3.7/site-packages/airflow/example_dags/example_branch_operator.py for tasks to queue
[2023-10-15 03:25:42,185] {logging_mixin.py:109} INFO - [2023-10-15 03:25:42,185] {dagbag.py:500} INFO - Filling up the DagBag from /Users/namyoung/Desktop/myprj/airflow/airflow/lib/python3.7/site-packages/airflow/example_dags/example_branch_operator.py
[2023-10-15 03:25:42,199] {processor.py:654} INFO - DAG(s) dict_keys(['example_branch_operator']) retrieved from /Users/namyoung/Desktop/myprj/airflow/airflow/lib/python3.7/site-packages/airflow/example_dags/example_branch_operator.py
[2023-10-15 03:25:42,205] {logging_mixin.py:109} INFO - [2023-10-15 03:25:42,205] {dag.py:2396} INFO - Sync 1 DAGs
[2023-10-15 03:25:42,213] {logging_mixin.py:109} INFO - [2023-10-15 03:25:42,212] {dag.py:2935} INFO - Setting next_dagrun for example_branch_operator to 2023-10-13 00:00:00+00:00
[2023-10-15 03:25:42,217] {processor.py:171} INFO - Processing /Users/namyoung/Desktop/myprj/airflow/airflow/lib/python3.7/site-packages/airflow/example_dags/example_branch_operator.py took 0.036 seconds
[2023-10-15 05:05:57,011] {processor.py:163} INFO - Started process (PID=25803) to work on /Users/namyoung/Desktop/myprj/airflow/airflow/lib/python3.7/site-packages/airflow/example_dags/example_branch_operator.py
[2023-10-15 05:05:57,012] {processor.py:642} INFO - Processing file /Users/namyoung/Desktop/myprj/airflow/airflow/lib/python3.7/site-packages/airflow/example_dags/example_branch_operator.py for tasks to queue
[2023-10-15 05:05:57,012] {logging_mixin.py:109} INFO - [2023-10-15 05:05:57,012] {dagbag.py:500} INFO - Filling up the DagBag from /Users/namyoung/Desktop/myprj/airflow/airflow/lib/python3.7/site-packages/airflow/example_dags/example_branch_operator.py
[2023-10-15 05:05:57,034] {processor.py:654} INFO - DAG(s) dict_keys(['example_branch_operator']) retrieved from /Users/namyoung/Desktop/myprj/airflow/airflow/lib/python3.7/site-packages/airflow/example_dags/example_branch_operator.py
[2023-10-15 05:05:57,043] {logging_mixin.py:109} INFO - [2023-10-15 05:05:57,043] {dag.py:2396} INFO - Sync 1 DAGs
[2023-10-15 05:05:57,054] {logging_mixin.py:109} INFO - [2023-10-15 05:05:57,054] {dag.py:2935} INFO - Setting next_dagrun for example_branch_operator to 2023-10-13 00:00:00+00:00
[2023-10-15 05:05:57,060] {processor.py:171} INFO - Processing /Users/namyoung/Desktop/myprj/airflow/airflow/lib/python3.7/site-packages/airflow/example_dags/example_branch_operator.py took 0.051 seconds
[2023-10-15 06:43:12,339] {processor.py:163} INFO - Started process (PID=25946) to work on /Users/namyoung/Desktop/myprj/airflow/airflow/lib/python3.7/site-packages/airflow/example_dags/example_branch_operator.py
[2023-10-15 06:43:12,341] {processor.py:642} INFO - Processing file /Users/namyoung/Desktop/myprj/airflow/airflow/lib/python3.7/site-packages/airflow/example_dags/example_branch_operator.py for tasks to queue
[2023-10-15 06:43:12,342] {logging_mixin.py:109} INFO - [2023-10-15 06:43:12,342] {dagbag.py:500} INFO - Filling up the DagBag from /Users/namyoung/Desktop/myprj/airflow/airflow/lib/python3.7/site-packages/airflow/example_dags/example_branch_operator.py
[2023-10-15 06:43:12,369] {processor.py:654} INFO - DAG(s) dict_keys(['example_branch_operator']) retrieved from /Users/namyoung/Desktop/myprj/airflow/airflow/lib/python3.7/site-packages/airflow/example_dags/example_branch_operator.py
[2023-10-15 06:43:12,377] {logging_mixin.py:109} INFO - [2023-10-15 06:43:12,377] {dag.py:2396} INFO - Sync 1 DAGs
[2023-10-15 06:43:12,386] {logging_mixin.py:109} INFO - [2023-10-15 06:43:12,386] {dag.py:2935} INFO - Setting next_dagrun for example_branch_operator to 2023-10-13 00:00:00+00:00
[2023-10-15 06:43:12,391] {processor.py:171} INFO - Processing /Users/namyoung/Desktop/myprj/airflow/airflow/lib/python3.7/site-packages/airflow/example_dags/example_branch_operator.py took 0.058 seconds
[2023-10-15 08:39:33,595] {processor.py:163} INFO - Started process (PID=26222) to work on /Users/namyoung/Desktop/myprj/airflow/airflow/lib/python3.7/site-packages/airflow/example_dags/example_branch_operator.py
[2023-10-15 08:39:33,596] {processor.py:642} INFO - Processing file /Users/namyoung/Desktop/myprj/airflow/airflow/lib/python3.7/site-packages/airflow/example_dags/example_branch_operator.py for tasks to queue
[2023-10-15 08:39:33,596] {logging_mixin.py:109} INFO - [2023-10-15 08:39:33,596] {dagbag.py:500} INFO - Filling up the DagBag from /Users/namyoung/Desktop/myprj/airflow/airflow/lib/python3.7/site-packages/airflow/example_dags/example_branch_operator.py
[2023-10-15 08:39:33,611] {processor.py:654} INFO - DAG(s) dict_keys(['example_branch_operator']) retrieved from /Users/namyoung/Desktop/myprj/airflow/airflow/lib/python3.7/site-packages/airflow/example_dags/example_branch_operator.py
[2023-10-15 08:39:33,617] {logging_mixin.py:109} INFO - [2023-10-15 08:39:33,617] {dag.py:2396} INFO - Sync 1 DAGs
[2023-10-15 08:39:33,626] {logging_mixin.py:109} INFO - [2023-10-15 08:39:33,626] {dag.py:2935} INFO - Setting next_dagrun for example_branch_operator to 2023-10-13 00:00:00+00:00
[2023-10-15 08:39:33,631] {processor.py:171} INFO - Processing /Users/namyoung/Desktop/myprj/airflow/airflow/lib/python3.7/site-packages/airflow/example_dags/example_branch_operator.py took 0.039 seconds
