[2023-10-14 10:27:00,349] {processor.py:163} INFO - Started process (PID=23379) to work on /Users/namyoung/Desktop/myprj/airflow/airflow/lib/python3.7/site-packages/airflow/example_dags/example_branch_datetime_operator.py
[2023-10-14 10:27:00,350] {processor.py:642} INFO - Processing file /Users/namyoung/Desktop/myprj/airflow/airflow/lib/python3.7/site-packages/airflow/example_dags/example_branch_datetime_operator.py for tasks to queue
[2023-10-14 10:27:00,350] {logging_mixin.py:109} INFO - [2023-10-14 10:27:00,350] {dagbag.py:500} INFO - Filling up the DagBag from /Users/namyoung/Desktop/myprj/airflow/airflow/lib/python3.7/site-packages/airflow/example_dags/example_branch_datetime_operator.py
[2023-10-14 10:27:00,365] {processor.py:654} INFO - DAG(s) dict_keys(['example_branch_datetime_operator_2']) retrieved from /Users/namyoung/Desktop/myprj/airflow/airflow/lib/python3.7/site-packages/airflow/example_dags/example_branch_datetime_operator.py
[2023-10-14 10:27:00,373] {logging_mixin.py:109} INFO - [2023-10-14 10:27:00,373] {dag.py:2396} INFO - Sync 1 DAGs
[2023-10-14 10:27:00,383] {logging_mixin.py:109} INFO - [2023-10-14 10:27:00,383] {dag.py:2935} INFO - Setting next_dagrun for example_branch_datetime_operator_2 to 2023-10-13 00:00:00+00:00
[2023-10-14 10:27:00,391] {processor.py:171} INFO - Processing /Users/namyoung/Desktop/myprj/airflow/airflow/lib/python3.7/site-packages/airflow/example_dags/example_branch_datetime_operator.py took 0.044 seconds
[2023-10-14 13:40:33,734] {processor.py:163} INFO - Started process (PID=23778) to work on /Users/namyoung/Desktop/myprj/airflow/airflow/lib/python3.7/site-packages/airflow/example_dags/example_branch_datetime_operator.py
[2023-10-14 13:40:33,735] {processor.py:642} INFO - Processing file /Users/namyoung/Desktop/myprj/airflow/airflow/lib/python3.7/site-packages/airflow/example_dags/example_branch_datetime_operator.py for tasks to queue
[2023-10-14 13:40:33,736] {logging_mixin.py:109} INFO - [2023-10-14 13:40:33,735] {dagbag.py:500} INFO - Filling up the DagBag from /Users/namyoung/Desktop/myprj/airflow/airflow/lib/python3.7/site-packages/airflow/example_dags/example_branch_datetime_operator.py
[2023-10-14 13:40:33,757] {processor.py:654} INFO - DAG(s) dict_keys(['example_branch_datetime_operator_2']) retrieved from /Users/namyoung/Desktop/myprj/airflow/airflow/lib/python3.7/site-packages/airflow/example_dags/example_branch_datetime_operator.py
[2023-10-14 13:40:33,767] {logging_mixin.py:109} INFO - [2023-10-14 13:40:33,767] {dag.py:2396} INFO - Sync 1 DAGs
[2023-10-14 13:40:33,776] {logging_mixin.py:109} INFO - [2023-10-14 13:40:33,776] {dag.py:2935} INFO - Setting next_dagrun for example_branch_datetime_operator_2 to 2023-10-13 00:00:00+00:00
[2023-10-14 13:40:33,782] {processor.py:171} INFO - Processing /Users/namyoung/Desktop/myprj/airflow/airflow/lib/python3.7/site-packages/airflow/example_dags/example_branch_datetime_operator.py took 0.053 seconds
[2023-10-14 16:55:54,679] {processor.py:163} INFO - Started process (PID=24184) to work on /Users/namyoung/Desktop/myprj/airflow/airflow/lib/python3.7/site-packages/airflow/example_dags/example_branch_datetime_operator.py
[2023-10-14 16:55:54,681] {processor.py:642} INFO - Processing file /Users/namyoung/Desktop/myprj/airflow/airflow/lib/python3.7/site-packages/airflow/example_dags/example_branch_datetime_operator.py for tasks to queue
[2023-10-14 16:55:54,682] {logging_mixin.py:109} INFO - [2023-10-14 16:55:54,681] {dagbag.py:500} INFO - Filling up the DagBag from /Users/namyoung/Desktop/myprj/airflow/airflow/lib/python3.7/site-packages/airflow/example_dags/example_branch_datetime_operator.py
[2023-10-14 16:55:54,712] {processor.py:654} INFO - DAG(s) dict_keys(['example_branch_datetime_operator_2']) retrieved from /Users/namyoung/Desktop/myprj/airflow/airflow/lib/python3.7/site-packages/airflow/example_dags/example_branch_datetime_operator.py
[2023-10-14 16:55:54,728] {logging_mixin.py:109} INFO - [2023-10-14 16:55:54,728] {dag.py:2396} INFO - Sync 1 DAGs
[2023-10-14 16:55:54,740] {logging_mixin.py:109} INFO - [2023-10-14 16:55:54,739] {dag.py:2935} INFO - Setting next_dagrun for example_branch_datetime_operator_2 to 2023-10-13 00:00:00+00:00
[2023-10-14 16:55:54,747] {processor.py:171} INFO - Processing /Users/namyoung/Desktop/myprj/airflow/airflow/lib/python3.7/site-packages/airflow/example_dags/example_branch_datetime_operator.py took 0.071 seconds
[2023-10-14 19:21:55,364] {processor.py:163} INFO - Started process (PID=24562) to work on /Users/namyoung/Desktop/myprj/airflow/airflow/lib/python3.7/site-packages/airflow/example_dags/example_branch_datetime_operator.py
[2023-10-14 19:21:55,365] {processor.py:642} INFO - Processing file /Users/namyoung/Desktop/myprj/airflow/airflow/lib/python3.7/site-packages/airflow/example_dags/example_branch_datetime_operator.py for tasks to queue
[2023-10-14 19:21:55,366] {logging_mixin.py:109} INFO - [2023-10-14 19:21:55,366] {dagbag.py:500} INFO - Filling up the DagBag from /Users/namyoung/Desktop/myprj/airflow/airflow/lib/python3.7/site-packages/airflow/example_dags/example_branch_datetime_operator.py
[2023-10-14 19:21:55,389] {processor.py:654} INFO - DAG(s) dict_keys(['example_branch_datetime_operator_2']) retrieved from /Users/namyoung/Desktop/myprj/airflow/airflow/lib/python3.7/site-packages/airflow/example_dags/example_branch_datetime_operator.py
[2023-10-14 19:21:55,397] {logging_mixin.py:109} INFO - [2023-10-14 19:21:55,397] {dag.py:2396} INFO - Sync 1 DAGs
[2023-10-14 19:21:55,405] {logging_mixin.py:109} INFO - [2023-10-14 19:21:55,405] {dag.py:2935} INFO - Setting next_dagrun for example_branch_datetime_operator_2 to 2023-10-13 00:00:00+00:00
[2023-10-14 19:21:55,410] {processor.py:171} INFO - Processing /Users/namyoung/Desktop/myprj/airflow/airflow/lib/python3.7/site-packages/airflow/example_dags/example_branch_datetime_operator.py took 0.051 seconds
[2023-10-14 21:20:29,696] {processor.py:163} INFO - Started process (PID=24708) to work on /Users/namyoung/Desktop/myprj/airflow/airflow/lib/python3.7/site-packages/airflow/example_dags/example_branch_datetime_operator.py
[2023-10-14 21:20:29,698] {processor.py:642} INFO - Processing file /Users/namyoung/Desktop/myprj/airflow/airflow/lib/python3.7/site-packages/airflow/example_dags/example_branch_datetime_operator.py for tasks to queue
[2023-10-14 21:20:29,699] {logging_mixin.py:109} INFO - [2023-10-14 21:20:29,699] {dagbag.py:500} INFO - Filling up the DagBag from /Users/namyoung/Desktop/myprj/airflow/airflow/lib/python3.7/site-packages/airflow/example_dags/example_branch_datetime_operator.py
[2023-10-14 21:20:29,721] {processor.py:654} INFO - DAG(s) dict_keys(['example_branch_datetime_operator_2']) retrieved from /Users/namyoung/Desktop/myprj/airflow/airflow/lib/python3.7/site-packages/airflow/example_dags/example_branch_datetime_operator.py
[2023-10-14 21:20:29,728] {logging_mixin.py:109} INFO - [2023-10-14 21:20:29,728] {dag.py:2396} INFO - Sync 1 DAGs
[2023-10-14 21:20:29,738] {logging_mixin.py:109} INFO - [2023-10-14 21:20:29,738] {dag.py:2935} INFO - Setting next_dagrun for example_branch_datetime_operator_2 to 2023-10-13 00:00:00+00:00
[2023-10-14 21:20:29,749] {processor.py:171} INFO - Processing /Users/namyoung/Desktop/myprj/airflow/airflow/lib/python3.7/site-packages/airflow/example_dags/example_branch_datetime_operator.py took 0.061 seconds
[2023-10-15 00:34:17,583] {processor.py:163} INFO - Started process (PID=25132) to work on /Users/namyoung/Desktop/myprj/airflow/airflow/lib/python3.7/site-packages/airflow/example_dags/example_branch_datetime_operator.py
[2023-10-15 00:34:17,585] {processor.py:642} INFO - Processing file /Users/namyoung/Desktop/myprj/airflow/airflow/lib/python3.7/site-packages/airflow/example_dags/example_branch_datetime_operator.py for tasks to queue
[2023-10-15 00:34:17,586] {logging_mixin.py:109} INFO - [2023-10-15 00:34:17,585] {dagbag.py:500} INFO - Filling up the DagBag from /Users/namyoung/Desktop/myprj/airflow/airflow/lib/python3.7/site-packages/airflow/example_dags/example_branch_datetime_operator.py
[2023-10-15 00:34:17,609] {processor.py:654} INFO - DAG(s) dict_keys(['example_branch_datetime_operator_2']) retrieved from /Users/namyoung/Desktop/myprj/airflow/airflow/lib/python3.7/site-packages/airflow/example_dags/example_branch_datetime_operator.py
[2023-10-15 00:34:17,618] {logging_mixin.py:109} INFO - [2023-10-15 00:34:17,617] {dag.py:2396} INFO - Sync 1 DAGs
[2023-10-15 00:34:17,628] {logging_mixin.py:109} INFO - [2023-10-15 00:34:17,627] {dag.py:2935} INFO - Setting next_dagrun for example_branch_datetime_operator_2 to 2023-10-13 00:00:00+00:00
[2023-10-15 00:34:17,640] {processor.py:171} INFO - Processing /Users/namyoung/Desktop/myprj/airflow/airflow/lib/python3.7/site-packages/airflow/example_dags/example_branch_datetime_operator.py took 0.060 seconds
[2023-10-15 03:25:44,521] {processor.py:163} INFO - Started process (PID=25539) to work on /Users/namyoung/Desktop/myprj/airflow/airflow/lib/python3.7/site-packages/airflow/example_dags/example_branch_datetime_operator.py
[2023-10-15 03:25:44,522] {processor.py:642} INFO - Processing file /Users/namyoung/Desktop/myprj/airflow/airflow/lib/python3.7/site-packages/airflow/example_dags/example_branch_datetime_operator.py for tasks to queue
[2023-10-15 03:25:44,523] {logging_mixin.py:109} INFO - [2023-10-15 03:25:44,523] {dagbag.py:500} INFO - Filling up the DagBag from /Users/namyoung/Desktop/myprj/airflow/airflow/lib/python3.7/site-packages/airflow/example_dags/example_branch_datetime_operator.py
[2023-10-15 03:25:44,538] {processor.py:654} INFO - DAG(s) dict_keys(['example_branch_datetime_operator_2']) retrieved from /Users/namyoung/Desktop/myprj/airflow/airflow/lib/python3.7/site-packages/airflow/example_dags/example_branch_datetime_operator.py
[2023-10-15 03:25:44,545] {logging_mixin.py:109} INFO - [2023-10-15 03:25:44,545] {dag.py:2396} INFO - Sync 1 DAGs
[2023-10-15 03:25:44,555] {logging_mixin.py:109} INFO - [2023-10-15 03:25:44,555] {dag.py:2935} INFO - Setting next_dagrun for example_branch_datetime_operator_2 to 2023-10-13 00:00:00+00:00
[2023-10-15 03:25:44,561] {processor.py:171} INFO - Processing /Users/namyoung/Desktop/myprj/airflow/airflow/lib/python3.7/site-packages/airflow/example_dags/example_branch_datetime_operator.py took 0.044 seconds
[2023-10-15 07:00:25,637] {processor.py:163} INFO - Started process (PID=25964) to work on /Users/namyoung/Desktop/myprj/airflow/airflow/lib/python3.7/site-packages/airflow/example_dags/example_branch_datetime_operator.py
[2023-10-15 07:00:25,638] {processor.py:642} INFO - Processing file /Users/namyoung/Desktop/myprj/airflow/airflow/lib/python3.7/site-packages/airflow/example_dags/example_branch_datetime_operator.py for tasks to queue
[2023-10-15 07:00:25,639] {logging_mixin.py:109} INFO - [2023-10-15 07:00:25,638] {dagbag.py:500} INFO - Filling up the DagBag from /Users/namyoung/Desktop/myprj/airflow/airflow/lib/python3.7/site-packages/airflow/example_dags/example_branch_datetime_operator.py
[2023-10-15 07:00:25,652] {processor.py:654} INFO - DAG(s) dict_keys(['example_branch_datetime_operator_2']) retrieved from /Users/namyoung/Desktop/myprj/airflow/airflow/lib/python3.7/site-packages/airflow/example_dags/example_branch_datetime_operator.py
[2023-10-15 07:00:25,660] {logging_mixin.py:109} INFO - [2023-10-15 07:00:25,660] {dag.py:2396} INFO - Sync 1 DAGs
[2023-10-15 07:00:25,670] {logging_mixin.py:109} INFO - [2023-10-15 07:00:25,669] {dag.py:2935} INFO - Setting next_dagrun for example_branch_datetime_operator_2 to 2023-10-13 00:00:00+00:00
[2023-10-15 07:00:25,680] {processor.py:171} INFO - Processing /Users/namyoung/Desktop/myprj/airflow/airflow/lib/python3.7/site-packages/airflow/example_dags/example_branch_datetime_operator.py took 0.045 seconds
