[2023-10-14 09:22:11,150] {processor.py:163} INFO - Started process (PID=23304) to work on /Users/namyoung/Desktop/myprj/airflow/airflow/lib/python3.7/site-packages/airflow/example_dags/example_task_group_decorator.py
[2023-10-14 09:22:11,152] {processor.py:642} INFO - Processing file /Users/namyoung/Desktop/myprj/airflow/airflow/lib/python3.7/site-packages/airflow/example_dags/example_task_group_decorator.py for tasks to queue
[2023-10-14 09:22:11,153] {logging_mixin.py:109} INFO - [2023-10-14 09:22:11,153] {dagbag.py:500} INFO - Filling up the DagBag from /Users/namyoung/Desktop/myprj/airflow/airflow/lib/python3.7/site-packages/airflow/example_dags/example_task_group_decorator.py
[2023-10-14 09:22:11,186] {processor.py:654} INFO - DAG(s) dict_keys(['example_task_group_decorator']) retrieved from /Users/namyoung/Desktop/myprj/airflow/airflow/lib/python3.7/site-packages/airflow/example_dags/example_task_group_decorator.py
[2023-10-14 09:22:11,311] {logging_mixin.py:109} INFO - [2023-10-14 09:22:11,311] {dag.py:2396} INFO - Sync 1 DAGs
[2023-10-14 09:22:11,318] {logging_mixin.py:109} INFO - [2023-10-14 09:22:11,317] {dag.py:2935} INFO - Setting next_dagrun for example_task_group_decorator to 2023-10-13T00:22:11.317708+00:00
[2023-10-14 09:22:11,323] {processor.py:171} INFO - Processing /Users/namyoung/Desktop/myprj/airflow/airflow/lib/python3.7/site-packages/airflow/example_dags/example_task_group_decorator.py took 0.179 seconds
[2023-10-14 11:00:39,270] {processor.py:163} INFO - Started process (PID=23447) to work on /Users/namyoung/Desktop/myprj/airflow/airflow/lib/python3.7/site-packages/airflow/example_dags/example_task_group_decorator.py
[2023-10-14 11:00:39,271] {processor.py:642} INFO - Processing file /Users/namyoung/Desktop/myprj/airflow/airflow/lib/python3.7/site-packages/airflow/example_dags/example_task_group_decorator.py for tasks to queue
[2023-10-14 11:00:39,273] {logging_mixin.py:109} INFO - [2023-10-14 11:00:39,272] {dagbag.py:500} INFO - Filling up the DagBag from /Users/namyoung/Desktop/myprj/airflow/airflow/lib/python3.7/site-packages/airflow/example_dags/example_task_group_decorator.py
[2023-10-14 11:00:39,302] {processor.py:654} INFO - DAG(s) dict_keys(['example_task_group_decorator']) retrieved from /Users/namyoung/Desktop/myprj/airflow/airflow/lib/python3.7/site-packages/airflow/example_dags/example_task_group_decorator.py
[2023-10-14 11:00:39,425] {logging_mixin.py:109} INFO - [2023-10-14 11:00:39,425] {dag.py:2396} INFO - Sync 1 DAGs
[2023-10-14 11:00:39,432] {logging_mixin.py:109} INFO - [2023-10-14 11:00:39,432] {dag.py:2935} INFO - Setting next_dagrun for example_task_group_decorator to 2023-10-13T02:00:39.432479+00:00
[2023-10-14 11:00:39,438] {processor.py:171} INFO - Processing /Users/namyoung/Desktop/myprj/airflow/airflow/lib/python3.7/site-packages/airflow/example_dags/example_task_group_decorator.py took 0.173 seconds
[2023-10-14 12:37:49,222] {processor.py:163} INFO - Started process (PID=23704) to work on /Users/namyoung/Desktop/myprj/airflow/airflow/lib/python3.7/site-packages/airflow/example_dags/example_task_group_decorator.py
[2023-10-14 12:37:49,223] {processor.py:642} INFO - Processing file /Users/namyoung/Desktop/myprj/airflow/airflow/lib/python3.7/site-packages/airflow/example_dags/example_task_group_decorator.py for tasks to queue
[2023-10-14 12:37:49,225] {logging_mixin.py:109} INFO - [2023-10-14 12:37:49,224] {dagbag.py:500} INFO - Filling up the DagBag from /Users/namyoung/Desktop/myprj/airflow/airflow/lib/python3.7/site-packages/airflow/example_dags/example_task_group_decorator.py
[2023-10-14 12:37:49,256] {processor.py:654} INFO - DAG(s) dict_keys(['example_task_group_decorator']) retrieved from /Users/namyoung/Desktop/myprj/airflow/airflow/lib/python3.7/site-packages/airflow/example_dags/example_task_group_decorator.py
[2023-10-14 12:37:49,265] {logging_mixin.py:109} INFO - [2023-10-14 12:37:49,265] {dag.py:2396} INFO - Sync 1 DAGs
[2023-10-14 12:37:49,272] {logging_mixin.py:109} INFO - [2023-10-14 12:37:49,272] {dag.py:2935} INFO - Setting next_dagrun for example_task_group_decorator to 2023-10-13T03:37:49.272028+00:00
[2023-10-14 12:37:49,278] {processor.py:171} INFO - Processing /Users/namyoung/Desktop/myprj/airflow/airflow/lib/python3.7/site-packages/airflow/example_dags/example_task_group_decorator.py took 0.062 seconds
[2023-10-14 14:12:01,116] {processor.py:163} INFO - Started process (PID=23845) to work on /Users/namyoung/Desktop/myprj/airflow/airflow/lib/python3.7/site-packages/airflow/example_dags/example_task_group_decorator.py
[2023-10-14 14:12:01,118] {processor.py:642} INFO - Processing file /Users/namyoung/Desktop/myprj/airflow/airflow/lib/python3.7/site-packages/airflow/example_dags/example_task_group_decorator.py for tasks to queue
[2023-10-14 14:12:01,119] {logging_mixin.py:109} INFO - [2023-10-14 14:12:01,119] {dagbag.py:500} INFO - Filling up the DagBag from /Users/namyoung/Desktop/myprj/airflow/airflow/lib/python3.7/site-packages/airflow/example_dags/example_task_group_decorator.py
[2023-10-14 14:12:01,152] {processor.py:654} INFO - DAG(s) dict_keys(['example_task_group_decorator']) retrieved from /Users/namyoung/Desktop/myprj/airflow/airflow/lib/python3.7/site-packages/airflow/example_dags/example_task_group_decorator.py
[2023-10-14 14:12:01,275] {logging_mixin.py:109} INFO - [2023-10-14 14:12:01,275] {dag.py:2396} INFO - Sync 1 DAGs
[2023-10-14 14:12:01,282] {logging_mixin.py:109} INFO - [2023-10-14 14:12:01,281] {dag.py:2935} INFO - Setting next_dagrun for example_task_group_decorator to 2023-10-13T05:12:01.281700+00:00
[2023-10-14 14:12:01,287] {processor.py:171} INFO - Processing /Users/namyoung/Desktop/myprj/airflow/airflow/lib/python3.7/site-packages/airflow/example_dags/example_task_group_decorator.py took 0.177 seconds
[2023-10-14 15:48:48,113] {processor.py:163} INFO - Started process (PID=24105) to work on /Users/namyoung/Desktop/myprj/airflow/airflow/lib/python3.7/site-packages/airflow/example_dags/example_task_group_decorator.py
[2023-10-14 15:48:48,115] {processor.py:642} INFO - Processing file /Users/namyoung/Desktop/myprj/airflow/airflow/lib/python3.7/site-packages/airflow/example_dags/example_task_group_decorator.py for tasks to queue
[2023-10-14 15:48:48,116] {logging_mixin.py:109} INFO - [2023-10-14 15:48:48,116] {dagbag.py:500} INFO - Filling up the DagBag from /Users/namyoung/Desktop/myprj/airflow/airflow/lib/python3.7/site-packages/airflow/example_dags/example_task_group_decorator.py
[2023-10-14 15:48:48,152] {processor.py:654} INFO - DAG(s) dict_keys(['example_task_group_decorator']) retrieved from /Users/namyoung/Desktop/myprj/airflow/airflow/lib/python3.7/site-packages/airflow/example_dags/example_task_group_decorator.py
[2023-10-14 15:48:48,280] {logging_mixin.py:109} INFO - [2023-10-14 15:48:48,279] {dag.py:2396} INFO - Sync 1 DAGs
[2023-10-14 15:48:48,286] {logging_mixin.py:109} INFO - [2023-10-14 15:48:48,286] {dag.py:2935} INFO - Setting next_dagrun for example_task_group_decorator to 2023-10-13T06:48:48.286140+00:00
[2023-10-14 15:48:48,292] {processor.py:171} INFO - Processing /Users/namyoung/Desktop/myprj/airflow/airflow/lib/python3.7/site-packages/airflow/example_dags/example_task_group_decorator.py took 0.185 seconds
[2023-10-14 17:18:24,274] {processor.py:163} INFO - Started process (PID=24238) to work on /Users/namyoung/Desktop/myprj/airflow/airflow/lib/python3.7/site-packages/airflow/example_dags/example_task_group_decorator.py
[2023-10-14 17:18:24,276] {processor.py:642} INFO - Processing file /Users/namyoung/Desktop/myprj/airflow/airflow/lib/python3.7/site-packages/airflow/example_dags/example_task_group_decorator.py for tasks to queue
[2023-10-14 17:18:24,277] {logging_mixin.py:109} INFO - [2023-10-14 17:18:24,277] {dagbag.py:500} INFO - Filling up the DagBag from /Users/namyoung/Desktop/myprj/airflow/airflow/lib/python3.7/site-packages/airflow/example_dags/example_task_group_decorator.py
[2023-10-14 17:18:24,309] {processor.py:654} INFO - DAG(s) dict_keys(['example_task_group_decorator']) retrieved from /Users/namyoung/Desktop/myprj/airflow/airflow/lib/python3.7/site-packages/airflow/example_dags/example_task_group_decorator.py
[2023-10-14 17:18:24,432] {logging_mixin.py:109} INFO - [2023-10-14 17:18:24,432] {dag.py:2396} INFO - Sync 1 DAGs
[2023-10-14 17:18:24,439] {logging_mixin.py:109} INFO - [2023-10-14 17:18:24,439] {dag.py:2935} INFO - Setting next_dagrun for example_task_group_decorator to 2023-10-13T08:18:24.439226+00:00
[2023-10-14 17:18:24,445] {processor.py:171} INFO - Processing /Users/namyoung/Desktop/myprj/airflow/airflow/lib/python3.7/site-packages/airflow/example_dags/example_task_group_decorator.py took 0.177 seconds
[2023-10-14 18:49:48,824] {processor.py:163} INFO - Started process (PID=24460) to work on /Users/namyoung/Desktop/myprj/airflow/airflow/lib/python3.7/site-packages/airflow/example_dags/example_task_group_decorator.py
[2023-10-14 18:49:48,825] {processor.py:642} INFO - Processing file /Users/namyoung/Desktop/myprj/airflow/airflow/lib/python3.7/site-packages/airflow/example_dags/example_task_group_decorator.py for tasks to queue
[2023-10-14 18:49:48,825] {logging_mixin.py:109} INFO - [2023-10-14 18:49:48,825] {dagbag.py:500} INFO - Filling up the DagBag from /Users/namyoung/Desktop/myprj/airflow/airflow/lib/python3.7/site-packages/airflow/example_dags/example_task_group_decorator.py
[2023-10-14 18:49:48,847] {processor.py:654} INFO - DAG(s) dict_keys(['example_task_group_decorator']) retrieved from /Users/namyoung/Desktop/myprj/airflow/airflow/lib/python3.7/site-packages/airflow/example_dags/example_task_group_decorator.py
[2023-10-14 18:49:48,978] {logging_mixin.py:109} INFO - [2023-10-14 18:49:48,977] {dag.py:2396} INFO - Sync 1 DAGs
[2023-10-14 18:49:48,984] {logging_mixin.py:109} INFO - [2023-10-14 18:49:48,984] {dag.py:2935} INFO - Setting next_dagrun for example_task_group_decorator to 2023-10-13T09:49:48.984054+00:00
[2023-10-14 18:49:48,990] {processor.py:171} INFO - Processing /Users/namyoung/Desktop/myprj/airflow/airflow/lib/python3.7/site-packages/airflow/example_dags/example_task_group_decorator.py took 0.169 seconds
[2023-10-14 20:10:37,380] {processor.py:163} INFO - Started process (PID=24625) to work on /Users/namyoung/Desktop/myprj/airflow/airflow/lib/python3.7/site-packages/airflow/example_dags/example_task_group_decorator.py
[2023-10-14 20:10:37,381] {processor.py:642} INFO - Processing file /Users/namyoung/Desktop/myprj/airflow/airflow/lib/python3.7/site-packages/airflow/example_dags/example_task_group_decorator.py for tasks to queue
[2023-10-14 20:10:37,382] {logging_mixin.py:109} INFO - [2023-10-14 20:10:37,382] {dagbag.py:500} INFO - Filling up the DagBag from /Users/namyoung/Desktop/myprj/airflow/airflow/lib/python3.7/site-packages/airflow/example_dags/example_task_group_decorator.py
[2023-10-14 20:10:37,401] {processor.py:654} INFO - DAG(s) dict_keys(['example_task_group_decorator']) retrieved from /Users/namyoung/Desktop/myprj/airflow/airflow/lib/python3.7/site-packages/airflow/example_dags/example_task_group_decorator.py
[2023-10-14 20:10:37,536] {logging_mixin.py:109} INFO - [2023-10-14 20:10:37,535] {dag.py:2396} INFO - Sync 1 DAGs
[2023-10-14 20:10:37,542] {logging_mixin.py:109} INFO - [2023-10-14 20:10:37,542] {dag.py:2935} INFO - Setting next_dagrun for example_task_group_decorator to 2023-10-13T11:10:37.542543+00:00
[2023-10-14 20:10:37,549] {processor.py:171} INFO - Processing /Users/namyoung/Desktop/myprj/airflow/airflow/lib/python3.7/site-packages/airflow/example_dags/example_task_group_decorator.py took 0.171 seconds
[2023-10-14 21:52:50,076] {processor.py:163} INFO - Started process (PID=24899) to work on /Users/namyoung/Desktop/myprj/airflow/airflow/lib/python3.7/site-packages/airflow/example_dags/example_task_group_decorator.py
[2023-10-14 21:52:50,078] {processor.py:642} INFO - Processing file /Users/namyoung/Desktop/myprj/airflow/airflow/lib/python3.7/site-packages/airflow/example_dags/example_task_group_decorator.py for tasks to queue
[2023-10-14 21:52:50,080] {logging_mixin.py:109} INFO - [2023-10-14 21:52:50,080] {dagbag.py:500} INFO - Filling up the DagBag from /Users/namyoung/Desktop/myprj/airflow/airflow/lib/python3.7/site-packages/airflow/example_dags/example_task_group_decorator.py
[2023-10-14 21:52:50,113] {processor.py:654} INFO - DAG(s) dict_keys(['example_task_group_decorator']) retrieved from /Users/namyoung/Desktop/myprj/airflow/airflow/lib/python3.7/site-packages/airflow/example_dags/example_task_group_decorator.py
[2023-10-14 21:52:50,248] {logging_mixin.py:109} INFO - [2023-10-14 21:52:50,248] {dag.py:2396} INFO - Sync 1 DAGs
[2023-10-14 21:52:50,255] {logging_mixin.py:109} INFO - [2023-10-14 21:52:50,255] {dag.py:2935} INFO - Setting next_dagrun for example_task_group_decorator to 2023-10-13T12:52:50.255089+00:00
[2023-10-14 21:52:50,261] {processor.py:171} INFO - Processing /Users/namyoung/Desktop/myprj/airflow/airflow/lib/python3.7/site-packages/airflow/example_dags/example_task_group_decorator.py took 0.190 seconds
[2023-10-14 23:28:19,106] {processor.py:163} INFO - Started process (PID=25047) to work on /Users/namyoung/Desktop/myprj/airflow/airflow/lib/python3.7/site-packages/airflow/example_dags/example_task_group_decorator.py
[2023-10-14 23:28:19,108] {processor.py:642} INFO - Processing file /Users/namyoung/Desktop/myprj/airflow/airflow/lib/python3.7/site-packages/airflow/example_dags/example_task_group_decorator.py for tasks to queue
[2023-10-14 23:28:19,109] {logging_mixin.py:109} INFO - [2023-10-14 23:28:19,109] {dagbag.py:500} INFO - Filling up the DagBag from /Users/namyoung/Desktop/myprj/airflow/airflow/lib/python3.7/site-packages/airflow/example_dags/example_task_group_decorator.py
[2023-10-14 23:28:19,142] {processor.py:654} INFO - DAG(s) dict_keys(['example_task_group_decorator']) retrieved from /Users/namyoung/Desktop/myprj/airflow/airflow/lib/python3.7/site-packages/airflow/example_dags/example_task_group_decorator.py
[2023-10-14 23:28:19,271] {logging_mixin.py:109} INFO - [2023-10-14 23:28:19,271] {dag.py:2396} INFO - Sync 1 DAGs
[2023-10-14 23:28:19,311] {logging_mixin.py:109} INFO - [2023-10-14 23:28:19,310] {dag.py:2935} INFO - Setting next_dagrun for example_task_group_decorator to 2023-10-13T14:28:19.310678+00:00
[2023-10-14 23:28:19,316] {processor.py:171} INFO - Processing /Users/namyoung/Desktop/myprj/airflow/airflow/lib/python3.7/site-packages/airflow/example_dags/example_task_group_decorator.py took 0.216 seconds
[2023-10-15 01:07:08,298] {processor.py:163} INFO - Started process (PID=25322) to work on /Users/namyoung/Desktop/myprj/airflow/airflow/lib/python3.7/site-packages/airflow/example_dags/example_task_group_decorator.py
[2023-10-15 01:07:08,300] {processor.py:642} INFO - Processing file /Users/namyoung/Desktop/myprj/airflow/airflow/lib/python3.7/site-packages/airflow/example_dags/example_task_group_decorator.py for tasks to queue
[2023-10-15 01:07:08,301] {logging_mixin.py:109} INFO - [2023-10-15 01:07:08,301] {dagbag.py:500} INFO - Filling up the DagBag from /Users/namyoung/Desktop/myprj/airflow/airflow/lib/python3.7/site-packages/airflow/example_dags/example_task_group_decorator.py
[2023-10-15 01:07:08,332] {processor.py:654} INFO - DAG(s) dict_keys(['example_task_group_decorator']) retrieved from /Users/namyoung/Desktop/myprj/airflow/airflow/lib/python3.7/site-packages/airflow/example_dags/example_task_group_decorator.py
[2023-10-15 01:07:08,456] {logging_mixin.py:109} INFO - [2023-10-15 01:07:08,456] {dag.py:2396} INFO - Sync 1 DAGs
[2023-10-15 01:07:08,463] {logging_mixin.py:109} INFO - [2023-10-15 01:07:08,462] {dag.py:2935} INFO - Setting next_dagrun for example_task_group_decorator to 2023-10-13T16:07:08.462783+00:00
[2023-10-15 01:07:08,468] {processor.py:171} INFO - Processing /Users/namyoung/Desktop/myprj/airflow/airflow/lib/python3.7/site-packages/airflow/example_dags/example_task_group_decorator.py took 0.176 seconds
[2023-10-15 02:35:56,714] {processor.py:163} INFO - Started process (PID=25461) to work on /Users/namyoung/Desktop/myprj/airflow/airflow/lib/python3.7/site-packages/airflow/example_dags/example_task_group_decorator.py
[2023-10-15 02:35:56,715] {processor.py:642} INFO - Processing file /Users/namyoung/Desktop/myprj/airflow/airflow/lib/python3.7/site-packages/airflow/example_dags/example_task_group_decorator.py for tasks to queue
[2023-10-15 02:35:56,715] {logging_mixin.py:109} INFO - [2023-10-15 02:35:56,715] {dagbag.py:500} INFO - Filling up the DagBag from /Users/namyoung/Desktop/myprj/airflow/airflow/lib/python3.7/site-packages/airflow/example_dags/example_task_group_decorator.py
[2023-10-15 02:35:56,736] {processor.py:654} INFO - DAG(s) dict_keys(['example_task_group_decorator']) retrieved from /Users/namyoung/Desktop/myprj/airflow/airflow/lib/python3.7/site-packages/airflow/example_dags/example_task_group_decorator.py
[2023-10-15 02:35:56,868] {logging_mixin.py:109} INFO - [2023-10-15 02:35:56,868] {dag.py:2396} INFO - Sync 1 DAGs
[2023-10-15 02:35:56,875] {logging_mixin.py:109} INFO - [2023-10-15 02:35:56,875] {dag.py:2935} INFO - Setting next_dagrun for example_task_group_decorator to 2023-10-13T17:35:56.874977+00:00
[2023-10-15 02:35:56,881] {processor.py:171} INFO - Processing /Users/namyoung/Desktop/myprj/airflow/airflow/lib/python3.7/site-packages/airflow/example_dags/example_task_group_decorator.py took 0.169 seconds
[2023-10-15 04:14:08,538] {processor.py:163} INFO - Started process (PID=25735) to work on /Users/namyoung/Desktop/myprj/airflow/airflow/lib/python3.7/site-packages/airflow/example_dags/example_task_group_decorator.py
[2023-10-15 04:14:08,539] {processor.py:642} INFO - Processing file /Users/namyoung/Desktop/myprj/airflow/airflow/lib/python3.7/site-packages/airflow/example_dags/example_task_group_decorator.py for tasks to queue
[2023-10-15 04:14:08,539] {logging_mixin.py:109} INFO - [2023-10-15 04:14:08,539] {dagbag.py:500} INFO - Filling up the DagBag from /Users/namyoung/Desktop/myprj/airflow/airflow/lib/python3.7/site-packages/airflow/example_dags/example_task_group_decorator.py
[2023-10-15 04:14:08,557] {processor.py:654} INFO - DAG(s) dict_keys(['example_task_group_decorator']) retrieved from /Users/namyoung/Desktop/myprj/airflow/airflow/lib/python3.7/site-packages/airflow/example_dags/example_task_group_decorator.py
[2023-10-15 04:14:08,691] {logging_mixin.py:109} INFO - [2023-10-15 04:14:08,691] {dag.py:2396} INFO - Sync 1 DAGs
[2023-10-15 04:14:08,697] {logging_mixin.py:109} INFO - [2023-10-15 04:14:08,697] {dag.py:2935} INFO - Setting next_dagrun for example_task_group_decorator to 2023-10-13T19:14:08.697614+00:00
[2023-10-15 04:14:08,703] {processor.py:171} INFO - Processing /Users/namyoung/Desktop/myprj/airflow/airflow/lib/python3.7/site-packages/airflow/example_dags/example_task_group_decorator.py took 0.167 seconds
[2023-10-15 05:54:42,895] {processor.py:163} INFO - Started process (PID=25877) to work on /Users/namyoung/Desktop/myprj/airflow/airflow/lib/python3.7/site-packages/airflow/example_dags/example_task_group_decorator.py
[2023-10-15 05:54:42,897] {processor.py:642} INFO - Processing file /Users/namyoung/Desktop/myprj/airflow/airflow/lib/python3.7/site-packages/airflow/example_dags/example_task_group_decorator.py for tasks to queue
[2023-10-15 05:54:42,898] {logging_mixin.py:109} INFO - [2023-10-15 05:54:42,898] {dagbag.py:500} INFO - Filling up the DagBag from /Users/namyoung/Desktop/myprj/airflow/airflow/lib/python3.7/site-packages/airflow/example_dags/example_task_group_decorator.py
[2023-10-15 05:54:42,928] {processor.py:654} INFO - DAG(s) dict_keys(['example_task_group_decorator']) retrieved from /Users/namyoung/Desktop/myprj/airflow/airflow/lib/python3.7/site-packages/airflow/example_dags/example_task_group_decorator.py
[2023-10-15 05:54:43,062] {logging_mixin.py:109} INFO - [2023-10-15 05:54:43,062] {dag.py:2396} INFO - Sync 1 DAGs
[2023-10-15 05:54:43,101] {logging_mixin.py:109} INFO - [2023-10-15 05:54:43,101] {dag.py:2935} INFO - Setting next_dagrun for example_task_group_decorator to 2023-10-13T20:54:43.101004+00:00
[2023-10-15 05:54:43,107] {processor.py:171} INFO - Processing /Users/namyoung/Desktop/myprj/airflow/airflow/lib/python3.7/site-packages/airflow/example_dags/example_task_group_decorator.py took 0.216 seconds
[2023-10-15 07:50:50,423] {processor.py:163} INFO - Started process (PID=26141) to work on /Users/namyoung/Desktop/myprj/airflow/airflow/lib/python3.7/site-packages/airflow/example_dags/example_task_group_decorator.py
[2023-10-15 07:50:50,425] {processor.py:642} INFO - Processing file /Users/namyoung/Desktop/myprj/airflow/airflow/lib/python3.7/site-packages/airflow/example_dags/example_task_group_decorator.py for tasks to queue
[2023-10-15 07:50:50,426] {logging_mixin.py:109} INFO - [2023-10-15 07:50:50,425] {dagbag.py:500} INFO - Filling up the DagBag from /Users/namyoung/Desktop/myprj/airflow/airflow/lib/python3.7/site-packages/airflow/example_dags/example_task_group_decorator.py
[2023-10-15 07:50:50,465] {processor.py:654} INFO - DAG(s) dict_keys(['example_task_group_decorator']) retrieved from /Users/namyoung/Desktop/myprj/airflow/airflow/lib/python3.7/site-packages/airflow/example_dags/example_task_group_decorator.py
[2023-10-15 07:50:50,616] {logging_mixin.py:109} INFO - [2023-10-15 07:50:50,616] {dag.py:2396} INFO - Sync 1 DAGs
[2023-10-15 07:50:50,623] {logging_mixin.py:109} INFO - [2023-10-15 07:50:50,623] {dag.py:2935} INFO - Setting next_dagrun for example_task_group_decorator to 2023-10-13T22:50:50.623202+00:00
[2023-10-15 07:50:50,629] {processor.py:171} INFO - Processing /Users/namyoung/Desktop/myprj/airflow/airflow/lib/python3.7/site-packages/airflow/example_dags/example_task_group_decorator.py took 0.217 seconds
