[2023-10-14 09:22:09,957] {processor.py:163} INFO - Started process (PID=23303) to work on /Users/namyoung/Desktop/myprj/airflow/airflow/lib/python3.7/site-packages/airflow/example_dags/example_time_delta_sensor_async.py
[2023-10-14 09:22:09,958] {processor.py:642} INFO - Processing file /Users/namyoung/Desktop/myprj/airflow/airflow/lib/python3.7/site-packages/airflow/example_dags/example_time_delta_sensor_async.py for tasks to queue
[2023-10-14 09:22:09,959] {logging_mixin.py:109} INFO - [2023-10-14 09:22:09,958] {dagbag.py:500} INFO - Filling up the DagBag from /Users/namyoung/Desktop/myprj/airflow/airflow/lib/python3.7/site-packages/airflow/example_dags/example_time_delta_sensor_async.py
[2023-10-14 09:22:09,970] {processor.py:654} INFO - DAG(s) dict_keys(['example_time_delta_sensor_async']) retrieved from /Users/namyoung/Desktop/myprj/airflow/airflow/lib/python3.7/site-packages/airflow/example_dags/example_time_delta_sensor_async.py
[2023-10-14 09:22:09,975] {logging_mixin.py:109} INFO - [2023-10-14 09:22:09,975] {dag.py:2396} INFO - Sync 1 DAGs
[2023-10-14 09:22:09,981] {logging_mixin.py:109} INFO - [2023-10-14 09:22:09,981] {dag.py:2935} INFO - Setting next_dagrun for example_time_delta_sensor_async to None
[2023-10-14 09:22:09,985] {processor.py:171} INFO - Processing /Users/namyoung/Desktop/myprj/airflow/airflow/lib/python3.7/site-packages/airflow/example_dags/example_time_delta_sensor_async.py took 0.030 seconds
[2023-10-14 11:00:38,110] {processor.py:163} INFO - Started process (PID=23446) to work on /Users/namyoung/Desktop/myprj/airflow/airflow/lib/python3.7/site-packages/airflow/example_dags/example_time_delta_sensor_async.py
[2023-10-14 11:00:38,112] {processor.py:642} INFO - Processing file /Users/namyoung/Desktop/myprj/airflow/airflow/lib/python3.7/site-packages/airflow/example_dags/example_time_delta_sensor_async.py for tasks to queue
[2023-10-14 11:00:38,113] {logging_mixin.py:109} INFO - [2023-10-14 11:00:38,113] {dagbag.py:500} INFO - Filling up the DagBag from /Users/namyoung/Desktop/myprj/airflow/airflow/lib/python3.7/site-packages/airflow/example_dags/example_time_delta_sensor_async.py
[2023-10-14 11:00:38,138] {processor.py:654} INFO - DAG(s) dict_keys(['example_time_delta_sensor_async']) retrieved from /Users/namyoung/Desktop/myprj/airflow/airflow/lib/python3.7/site-packages/airflow/example_dags/example_time_delta_sensor_async.py
[2023-10-14 11:00:38,147] {logging_mixin.py:109} INFO - [2023-10-14 11:00:38,146] {dag.py:2396} INFO - Sync 1 DAGs
[2023-10-14 11:00:38,154] {logging_mixin.py:109} INFO - [2023-10-14 11:00:38,154] {dag.py:2935} INFO - Setting next_dagrun for example_time_delta_sensor_async to None
[2023-10-14 11:00:38,159] {processor.py:171} INFO - Processing /Users/namyoung/Desktop/myprj/airflow/airflow/lib/python3.7/site-packages/airflow/example_dags/example_time_delta_sensor_async.py took 0.055 seconds
[2023-10-14 12:37:48,050] {processor.py:163} INFO - Started process (PID=23703) to work on /Users/namyoung/Desktop/myprj/airflow/airflow/lib/python3.7/site-packages/airflow/example_dags/example_time_delta_sensor_async.py
[2023-10-14 12:37:48,051] {processor.py:642} INFO - Processing file /Users/namyoung/Desktop/myprj/airflow/airflow/lib/python3.7/site-packages/airflow/example_dags/example_time_delta_sensor_async.py for tasks to queue
[2023-10-14 12:37:48,052] {logging_mixin.py:109} INFO - [2023-10-14 12:37:48,052] {dagbag.py:500} INFO - Filling up the DagBag from /Users/namyoung/Desktop/myprj/airflow/airflow/lib/python3.7/site-packages/airflow/example_dags/example_time_delta_sensor_async.py
[2023-10-14 12:37:48,064] {processor.py:654} INFO - DAG(s) dict_keys(['example_time_delta_sensor_async']) retrieved from /Users/namyoung/Desktop/myprj/airflow/airflow/lib/python3.7/site-packages/airflow/example_dags/example_time_delta_sensor_async.py
[2023-10-14 12:37:48,069] {logging_mixin.py:109} INFO - [2023-10-14 12:37:48,069] {dag.py:2396} INFO - Sync 1 DAGs
[2023-10-14 12:37:48,076] {logging_mixin.py:109} INFO - [2023-10-14 12:37:48,076] {dag.py:2935} INFO - Setting next_dagrun for example_time_delta_sensor_async to None
[2023-10-14 12:37:48,082] {processor.py:171} INFO - Processing /Users/namyoung/Desktop/myprj/airflow/airflow/lib/python3.7/site-packages/airflow/example_dags/example_time_delta_sensor_async.py took 0.034 seconds
[2023-10-14 14:11:59,943] {processor.py:163} INFO - Started process (PID=23843) to work on /Users/namyoung/Desktop/myprj/airflow/airflow/lib/python3.7/site-packages/airflow/example_dags/example_time_delta_sensor_async.py
[2023-10-14 14:11:59,944] {processor.py:642} INFO - Processing file /Users/namyoung/Desktop/myprj/airflow/airflow/lib/python3.7/site-packages/airflow/example_dags/example_time_delta_sensor_async.py for tasks to queue
[2023-10-14 14:11:59,944] {logging_mixin.py:109} INFO - [2023-10-14 14:11:59,944] {dagbag.py:500} INFO - Filling up the DagBag from /Users/namyoung/Desktop/myprj/airflow/airflow/lib/python3.7/site-packages/airflow/example_dags/example_time_delta_sensor_async.py
[2023-10-14 14:11:59,957] {processor.py:654} INFO - DAG(s) dict_keys(['example_time_delta_sensor_async']) retrieved from /Users/namyoung/Desktop/myprj/airflow/airflow/lib/python3.7/site-packages/airflow/example_dags/example_time_delta_sensor_async.py
[2023-10-14 14:11:59,966] {logging_mixin.py:109} INFO - [2023-10-14 14:11:59,966] {dag.py:2396} INFO - Sync 1 DAGs
[2023-10-14 14:11:59,974] {logging_mixin.py:109} INFO - [2023-10-14 14:11:59,974] {dag.py:2935} INFO - Setting next_dagrun for example_time_delta_sensor_async to None
[2023-10-14 14:11:59,979] {processor.py:171} INFO - Processing /Users/namyoung/Desktop/myprj/airflow/airflow/lib/python3.7/site-packages/airflow/example_dags/example_time_delta_sensor_async.py took 0.038 seconds
[2023-10-14 15:48:46,935] {processor.py:163} INFO - Started process (PID=24104) to work on /Users/namyoung/Desktop/myprj/airflow/airflow/lib/python3.7/site-packages/airflow/example_dags/example_time_delta_sensor_async.py
[2023-10-14 15:48:46,936] {processor.py:642} INFO - Processing file /Users/namyoung/Desktop/myprj/airflow/airflow/lib/python3.7/site-packages/airflow/example_dags/example_time_delta_sensor_async.py for tasks to queue
[2023-10-14 15:48:46,936] {logging_mixin.py:109} INFO - [2023-10-14 15:48:46,936] {dagbag.py:500} INFO - Filling up the DagBag from /Users/namyoung/Desktop/myprj/airflow/airflow/lib/python3.7/site-packages/airflow/example_dags/example_time_delta_sensor_async.py
[2023-10-14 15:48:46,949] {processor.py:654} INFO - DAG(s) dict_keys(['example_time_delta_sensor_async']) retrieved from /Users/namyoung/Desktop/myprj/airflow/airflow/lib/python3.7/site-packages/airflow/example_dags/example_time_delta_sensor_async.py
[2023-10-14 15:48:46,955] {logging_mixin.py:109} INFO - [2023-10-14 15:48:46,955] {dag.py:2396} INFO - Sync 1 DAGs
[2023-10-14 15:48:46,962] {logging_mixin.py:109} INFO - [2023-10-14 15:48:46,962] {dag.py:2935} INFO - Setting next_dagrun for example_time_delta_sensor_async to None
[2023-10-14 15:48:46,968] {processor.py:171} INFO - Processing /Users/namyoung/Desktop/myprj/airflow/airflow/lib/python3.7/site-packages/airflow/example_dags/example_time_delta_sensor_async.py took 0.035 seconds
[2023-10-14 17:18:23,111] {processor.py:163} INFO - Started process (PID=24237) to work on /Users/namyoung/Desktop/myprj/airflow/airflow/lib/python3.7/site-packages/airflow/example_dags/example_time_delta_sensor_async.py
[2023-10-14 17:18:23,113] {processor.py:642} INFO - Processing file /Users/namyoung/Desktop/myprj/airflow/airflow/lib/python3.7/site-packages/airflow/example_dags/example_time_delta_sensor_async.py for tasks to queue
[2023-10-14 17:18:23,114] {logging_mixin.py:109} INFO - [2023-10-14 17:18:23,114] {dagbag.py:500} INFO - Filling up the DagBag from /Users/namyoung/Desktop/myprj/airflow/airflow/lib/python3.7/site-packages/airflow/example_dags/example_time_delta_sensor_async.py
[2023-10-14 17:18:23,138] {processor.py:654} INFO - DAG(s) dict_keys(['example_time_delta_sensor_async']) retrieved from /Users/namyoung/Desktop/myprj/airflow/airflow/lib/python3.7/site-packages/airflow/example_dags/example_time_delta_sensor_async.py
[2023-10-14 17:18:23,147] {logging_mixin.py:109} INFO - [2023-10-14 17:18:23,146] {dag.py:2396} INFO - Sync 1 DAGs
[2023-10-14 17:18:23,155] {logging_mixin.py:109} INFO - [2023-10-14 17:18:23,155] {dag.py:2935} INFO - Setting next_dagrun for example_time_delta_sensor_async to None
[2023-10-14 17:18:23,160] {processor.py:171} INFO - Processing /Users/namyoung/Desktop/myprj/airflow/airflow/lib/python3.7/site-packages/airflow/example_dags/example_time_delta_sensor_async.py took 0.055 seconds
[2023-10-14 18:33:36,097] {processor.py:163} INFO - Started process (PID=24425) to work on /Users/namyoung/Desktop/myprj/airflow/airflow/lib/python3.7/site-packages/airflow/example_dags/example_time_delta_sensor_async.py
[2023-10-14 18:33:36,099] {processor.py:642} INFO - Processing file /Users/namyoung/Desktop/myprj/airflow/airflow/lib/python3.7/site-packages/airflow/example_dags/example_time_delta_sensor_async.py for tasks to queue
[2023-10-14 18:33:36,101] {logging_mixin.py:109} INFO - [2023-10-14 18:33:36,100] {dagbag.py:500} INFO - Filling up the DagBag from /Users/namyoung/Desktop/myprj/airflow/airflow/lib/python3.7/site-packages/airflow/example_dags/example_time_delta_sensor_async.py
[2023-10-14 18:33:36,121] {processor.py:654} INFO - DAG(s) dict_keys(['example_time_delta_sensor_async']) retrieved from /Users/namyoung/Desktop/myprj/airflow/airflow/lib/python3.7/site-packages/airflow/example_dags/example_time_delta_sensor_async.py
[2023-10-14 18:33:36,130] {logging_mixin.py:109} INFO - [2023-10-14 18:33:36,129] {dag.py:2396} INFO - Sync 1 DAGs
[2023-10-14 18:33:36,140] {logging_mixin.py:109} INFO - [2023-10-14 18:33:36,140] {dag.py:2935} INFO - Setting next_dagrun for example_time_delta_sensor_async to None
[2023-10-14 18:33:36,147] {processor.py:171} INFO - Processing /Users/namyoung/Desktop/myprj/airflow/airflow/lib/python3.7/site-packages/airflow/example_dags/example_time_delta_sensor_async.py took 0.054 seconds
[2023-10-14 20:10:36,236] {processor.py:163} INFO - Started process (PID=24617) to work on /Users/namyoung/Desktop/myprj/airflow/airflow/lib/python3.7/site-packages/airflow/example_dags/example_time_delta_sensor_async.py
[2023-10-14 20:10:36,237] {processor.py:642} INFO - Processing file /Users/namyoung/Desktop/myprj/airflow/airflow/lib/python3.7/site-packages/airflow/example_dags/example_time_delta_sensor_async.py for tasks to queue
[2023-10-14 20:10:36,237] {logging_mixin.py:109} INFO - [2023-10-14 20:10:36,237] {dagbag.py:500} INFO - Filling up the DagBag from /Users/namyoung/Desktop/myprj/airflow/airflow/lib/python3.7/site-packages/airflow/example_dags/example_time_delta_sensor_async.py
[2023-10-14 20:10:36,249] {processor.py:654} INFO - DAG(s) dict_keys(['example_time_delta_sensor_async']) retrieved from /Users/namyoung/Desktop/myprj/airflow/airflow/lib/python3.7/site-packages/airflow/example_dags/example_time_delta_sensor_async.py
[2023-10-14 20:10:36,254] {logging_mixin.py:109} INFO - [2023-10-14 20:10:36,254] {dag.py:2396} INFO - Sync 1 DAGs
[2023-10-14 20:10:36,262] {logging_mixin.py:109} INFO - [2023-10-14 20:10:36,261] {dag.py:2935} INFO - Setting next_dagrun for example_time_delta_sensor_async to None
[2023-10-14 20:10:36,267] {processor.py:171} INFO - Processing /Users/namyoung/Desktop/myprj/airflow/airflow/lib/python3.7/site-packages/airflow/example_dags/example_time_delta_sensor_async.py took 0.033 seconds
[2023-10-14 21:52:48,894] {processor.py:163} INFO - Started process (PID=24894) to work on /Users/namyoung/Desktop/myprj/airflow/airflow/lib/python3.7/site-packages/airflow/example_dags/example_time_delta_sensor_async.py
[2023-10-14 21:52:48,895] {processor.py:642} INFO - Processing file /Users/namyoung/Desktop/myprj/airflow/airflow/lib/python3.7/site-packages/airflow/example_dags/example_time_delta_sensor_async.py for tasks to queue
[2023-10-14 21:52:48,896] {logging_mixin.py:109} INFO - [2023-10-14 21:52:48,895] {dagbag.py:500} INFO - Filling up the DagBag from /Users/namyoung/Desktop/myprj/airflow/airflow/lib/python3.7/site-packages/airflow/example_dags/example_time_delta_sensor_async.py
[2023-10-14 21:52:48,907] {processor.py:654} INFO - DAG(s) dict_keys(['example_time_delta_sensor_async']) retrieved from /Users/namyoung/Desktop/myprj/airflow/airflow/lib/python3.7/site-packages/airflow/example_dags/example_time_delta_sensor_async.py
[2023-10-14 21:52:48,912] {logging_mixin.py:109} INFO - [2023-10-14 21:52:48,911] {dag.py:2396} INFO - Sync 1 DAGs
[2023-10-14 21:52:48,918] {logging_mixin.py:109} INFO - [2023-10-14 21:52:48,918] {dag.py:2935} INFO - Setting next_dagrun for example_time_delta_sensor_async to None
[2023-10-14 21:52:48,923] {processor.py:171} INFO - Processing /Users/namyoung/Desktop/myprj/airflow/airflow/lib/python3.7/site-packages/airflow/example_dags/example_time_delta_sensor_async.py took 0.030 seconds
[2023-10-14 23:28:17,918] {processor.py:163} INFO - Started process (PID=25042) to work on /Users/namyoung/Desktop/myprj/airflow/airflow/lib/python3.7/site-packages/airflow/example_dags/example_time_delta_sensor_async.py
[2023-10-14 23:28:17,919] {processor.py:642} INFO - Processing file /Users/namyoung/Desktop/myprj/airflow/airflow/lib/python3.7/site-packages/airflow/example_dags/example_time_delta_sensor_async.py for tasks to queue
[2023-10-14 23:28:17,920] {logging_mixin.py:109} INFO - [2023-10-14 23:28:17,919] {dagbag.py:500} INFO - Filling up the DagBag from /Users/namyoung/Desktop/myprj/airflow/airflow/lib/python3.7/site-packages/airflow/example_dags/example_time_delta_sensor_async.py
[2023-10-14 23:28:17,932] {processor.py:654} INFO - DAG(s) dict_keys(['example_time_delta_sensor_async']) retrieved from /Users/namyoung/Desktop/myprj/airflow/airflow/lib/python3.7/site-packages/airflow/example_dags/example_time_delta_sensor_async.py
[2023-10-14 23:28:17,937] {logging_mixin.py:109} INFO - [2023-10-14 23:28:17,937] {dag.py:2396} INFO - Sync 1 DAGs
[2023-10-14 23:28:17,943] {logging_mixin.py:109} INFO - [2023-10-14 23:28:17,943] {dag.py:2935} INFO - Setting next_dagrun for example_time_delta_sensor_async to None
[2023-10-14 23:28:17,948] {processor.py:171} INFO - Processing /Users/namyoung/Desktop/myprj/airflow/airflow/lib/python3.7/site-packages/airflow/example_dags/example_time_delta_sensor_async.py took 0.032 seconds
[2023-10-15 01:07:07,127] {processor.py:163} INFO - Started process (PID=25321) to work on /Users/namyoung/Desktop/myprj/airflow/airflow/lib/python3.7/site-packages/airflow/example_dags/example_time_delta_sensor_async.py
[2023-10-15 01:07:07,127] {processor.py:642} INFO - Processing file /Users/namyoung/Desktop/myprj/airflow/airflow/lib/python3.7/site-packages/airflow/example_dags/example_time_delta_sensor_async.py for tasks to queue
[2023-10-15 01:07:07,128] {logging_mixin.py:109} INFO - [2023-10-15 01:07:07,128] {dagbag.py:500} INFO - Filling up the DagBag from /Users/namyoung/Desktop/myprj/airflow/airflow/lib/python3.7/site-packages/airflow/example_dags/example_time_delta_sensor_async.py
[2023-10-15 01:07:07,141] {processor.py:654} INFO - DAG(s) dict_keys(['example_time_delta_sensor_async']) retrieved from /Users/namyoung/Desktop/myprj/airflow/airflow/lib/python3.7/site-packages/airflow/example_dags/example_time_delta_sensor_async.py
[2023-10-15 01:07:07,146] {logging_mixin.py:109} INFO - [2023-10-15 01:07:07,146] {dag.py:2396} INFO - Sync 1 DAGs
[2023-10-15 01:07:07,153] {logging_mixin.py:109} INFO - [2023-10-15 01:07:07,153] {dag.py:2935} INFO - Setting next_dagrun for example_time_delta_sensor_async to None
[2023-10-15 01:07:07,159] {processor.py:171} INFO - Processing /Users/namyoung/Desktop/myprj/airflow/airflow/lib/python3.7/site-packages/airflow/example_dags/example_time_delta_sensor_async.py took 0.035 seconds
[2023-10-15 02:35:56,324] {processor.py:163} INFO - Started process (PID=25459) to work on /Users/namyoung/Desktop/myprj/airflow/airflow/lib/python3.7/site-packages/airflow/example_dags/example_time_delta_sensor_async.py
[2023-10-15 02:35:56,324] {processor.py:642} INFO - Processing file /Users/namyoung/Desktop/myprj/airflow/airflow/lib/python3.7/site-packages/airflow/example_dags/example_time_delta_sensor_async.py for tasks to queue
[2023-10-15 02:35:56,325] {logging_mixin.py:109} INFO - [2023-10-15 02:35:56,325] {dagbag.py:500} INFO - Filling up the DagBag from /Users/namyoung/Desktop/myprj/airflow/airflow/lib/python3.7/site-packages/airflow/example_dags/example_time_delta_sensor_async.py
[2023-10-15 02:35:56,336] {processor.py:654} INFO - DAG(s) dict_keys(['example_time_delta_sensor_async']) retrieved from /Users/namyoung/Desktop/myprj/airflow/airflow/lib/python3.7/site-packages/airflow/example_dags/example_time_delta_sensor_async.py
[2023-10-15 02:35:56,341] {logging_mixin.py:109} INFO - [2023-10-15 02:35:56,341] {dag.py:2396} INFO - Sync 1 DAGs
[2023-10-15 02:35:56,348] {logging_mixin.py:109} INFO - [2023-10-15 02:35:56,347] {dag.py:2935} INFO - Setting next_dagrun for example_time_delta_sensor_async to None
[2023-10-15 02:35:56,353] {processor.py:171} INFO - Processing /Users/namyoung/Desktop/myprj/airflow/airflow/lib/python3.7/site-packages/airflow/example_dags/example_time_delta_sensor_async.py took 0.031 seconds
[2023-10-15 04:14:07,391] {processor.py:163} INFO - Started process (PID=25725) to work on /Users/namyoung/Desktop/myprj/airflow/airflow/lib/python3.7/site-packages/airflow/example_dags/example_time_delta_sensor_async.py
[2023-10-15 04:14:07,392] {processor.py:642} INFO - Processing file /Users/namyoung/Desktop/myprj/airflow/airflow/lib/python3.7/site-packages/airflow/example_dags/example_time_delta_sensor_async.py for tasks to queue
[2023-10-15 04:14:07,392] {logging_mixin.py:109} INFO - [2023-10-15 04:14:07,392] {dagbag.py:500} INFO - Filling up the DagBag from /Users/namyoung/Desktop/myprj/airflow/airflow/lib/python3.7/site-packages/airflow/example_dags/example_time_delta_sensor_async.py
[2023-10-15 04:14:07,404] {processor.py:654} INFO - DAG(s) dict_keys(['example_time_delta_sensor_async']) retrieved from /Users/namyoung/Desktop/myprj/airflow/airflow/lib/python3.7/site-packages/airflow/example_dags/example_time_delta_sensor_async.py
[2023-10-15 04:14:07,409] {logging_mixin.py:109} INFO - [2023-10-15 04:14:07,409] {dag.py:2396} INFO - Sync 1 DAGs
[2023-10-15 04:14:07,417] {logging_mixin.py:109} INFO - [2023-10-15 04:14:07,417] {dag.py:2935} INFO - Setting next_dagrun for example_time_delta_sensor_async to None
[2023-10-15 04:14:07,422] {processor.py:171} INFO - Processing /Users/namyoung/Desktop/myprj/airflow/airflow/lib/python3.7/site-packages/airflow/example_dags/example_time_delta_sensor_async.py took 0.033 seconds
[2023-10-15 05:54:41,736] {processor.py:163} INFO - Started process (PID=25876) to work on /Users/namyoung/Desktop/myprj/airflow/airflow/lib/python3.7/site-packages/airflow/example_dags/example_time_delta_sensor_async.py
[2023-10-15 05:54:41,736] {processor.py:642} INFO - Processing file /Users/namyoung/Desktop/myprj/airflow/airflow/lib/python3.7/site-packages/airflow/example_dags/example_time_delta_sensor_async.py for tasks to queue
[2023-10-15 05:54:41,737] {logging_mixin.py:109} INFO - [2023-10-15 05:54:41,737] {dagbag.py:500} INFO - Filling up the DagBag from /Users/namyoung/Desktop/myprj/airflow/airflow/lib/python3.7/site-packages/airflow/example_dags/example_time_delta_sensor_async.py
[2023-10-15 05:54:41,749] {processor.py:654} INFO - DAG(s) dict_keys(['example_time_delta_sensor_async']) retrieved from /Users/namyoung/Desktop/myprj/airflow/airflow/lib/python3.7/site-packages/airflow/example_dags/example_time_delta_sensor_async.py
[2023-10-15 05:54:41,754] {logging_mixin.py:109} INFO - [2023-10-15 05:54:41,754] {dag.py:2396} INFO - Sync 1 DAGs
[2023-10-15 05:54:41,761] {logging_mixin.py:109} INFO - [2023-10-15 05:54:41,761] {dag.py:2935} INFO - Setting next_dagrun for example_time_delta_sensor_async to None
[2023-10-15 05:54:41,765] {processor.py:171} INFO - Processing /Users/namyoung/Desktop/myprj/airflow/airflow/lib/python3.7/site-packages/airflow/example_dags/example_time_delta_sensor_async.py took 0.032 seconds
[2023-10-15 07:33:17,176] {processor.py:163} INFO - Started process (PID=26140) to work on /Users/namyoung/Desktop/myprj/airflow/airflow/lib/python3.7/site-packages/airflow/example_dags/example_time_delta_sensor_async.py
[2023-10-15 07:33:17,178] {processor.py:642} INFO - Processing file /Users/namyoung/Desktop/myprj/airflow/airflow/lib/python3.7/site-packages/airflow/example_dags/example_time_delta_sensor_async.py for tasks to queue
[2023-10-15 07:33:17,180] {logging_mixin.py:109} INFO - [2023-10-15 07:33:17,179] {dagbag.py:500} INFO - Filling up the DagBag from /Users/namyoung/Desktop/myprj/airflow/airflow/lib/python3.7/site-packages/airflow/example_dags/example_time_delta_sensor_async.py
[2023-10-15 07:33:17,205] {processor.py:654} INFO - DAG(s) dict_keys(['example_time_delta_sensor_async']) retrieved from /Users/namyoung/Desktop/myprj/airflow/airflow/lib/python3.7/site-packages/airflow/example_dags/example_time_delta_sensor_async.py
[2023-10-15 07:33:17,212] {logging_mixin.py:109} INFO - [2023-10-15 07:33:17,212] {dag.py:2396} INFO - Sync 1 DAGs
[2023-10-15 07:33:17,221] {logging_mixin.py:109} INFO - [2023-10-15 07:33:17,221] {dag.py:2935} INFO - Setting next_dagrun for example_time_delta_sensor_async to None
[2023-10-15 07:33:17,226] {processor.py:171} INFO - Processing /Users/namyoung/Desktop/myprj/airflow/airflow/lib/python3.7/site-packages/airflow/example_dags/example_time_delta_sensor_async.py took 0.056 seconds
