[2023-10-14 10:44:39,558] {processor.py:163} INFO - Started process (PID=23421) to work on /Users/namyoung/Desktop/myprj/airflow/airflow/lib/python3.7/site-packages/airflow/example_dags/example_xcomargs.py
[2023-10-14 10:44:39,560] {processor.py:642} INFO - Processing file /Users/namyoung/Desktop/myprj/airflow/airflow/lib/python3.7/site-packages/airflow/example_dags/example_xcomargs.py for tasks to queue
[2023-10-14 10:44:39,561] {logging_mixin.py:109} INFO - [2023-10-14 10:44:39,561] {dagbag.py:500} INFO - Filling up the DagBag from /Users/namyoung/Desktop/myprj/airflow/airflow/lib/python3.7/site-packages/airflow/example_dags/example_xcomargs.py
[2023-10-14 10:44:39,587] {processor.py:654} INFO - DAG(s) dict_keys(['example_xcom_args', 'example_xcom_args_with_operators']) retrieved from /Users/namyoung/Desktop/myprj/airflow/airflow/lib/python3.7/site-packages/airflow/example_dags/example_xcomargs.py
[2023-10-14 10:44:39,712] {logging_mixin.py:109} INFO - [2023-10-14 10:44:39,712] {dag.py:2396} INFO - Sync 2 DAGs
[2023-10-14 10:44:39,719] {logging_mixin.py:109} INFO - [2023-10-14 10:44:39,718] {dag.py:2935} INFO - Setting next_dagrun for example_xcom_args to None
[2023-10-14 10:44:39,719] {logging_mixin.py:109} INFO - [2023-10-14 10:44:39,719] {dag.py:2935} INFO - Setting next_dagrun for example_xcom_args_with_operators to None
[2023-10-14 10:44:39,724] {processor.py:171} INFO - Processing /Users/namyoung/Desktop/myprj/airflow/airflow/lib/python3.7/site-packages/airflow/example_dags/example_xcomargs.py took 0.171 seconds
[2023-10-14 12:22:02,219] {processor.py:163} INFO - Started process (PID=23683) to work on /Users/namyoung/Desktop/myprj/airflow/airflow/lib/python3.7/site-packages/airflow/example_dags/example_xcomargs.py
[2023-10-14 12:22:02,221] {processor.py:642} INFO - Processing file /Users/namyoung/Desktop/myprj/airflow/airflow/lib/python3.7/site-packages/airflow/example_dags/example_xcomargs.py for tasks to queue
[2023-10-14 12:22:02,222] {logging_mixin.py:109} INFO - [2023-10-14 12:22:02,222] {dagbag.py:500} INFO - Filling up the DagBag from /Users/namyoung/Desktop/myprj/airflow/airflow/lib/python3.7/site-packages/airflow/example_dags/example_xcomargs.py
[2023-10-14 12:22:02,257] {processor.py:654} INFO - DAG(s) dict_keys(['example_xcom_args', 'example_xcom_args_with_operators']) retrieved from /Users/namyoung/Desktop/myprj/airflow/airflow/lib/python3.7/site-packages/airflow/example_dags/example_xcomargs.py
[2023-10-14 12:22:02,387] {logging_mixin.py:109} INFO - [2023-10-14 12:22:02,387] {dag.py:2396} INFO - Sync 2 DAGs
[2023-10-14 12:22:02,394] {logging_mixin.py:109} INFO - [2023-10-14 12:22:02,393] {dag.py:2935} INFO - Setting next_dagrun for example_xcom_args to None
[2023-10-14 12:22:02,394] {logging_mixin.py:109} INFO - [2023-10-14 12:22:02,394] {dag.py:2935} INFO - Setting next_dagrun for example_xcom_args_with_operators to None
[2023-10-14 12:22:02,400] {processor.py:171} INFO - Processing /Users/namyoung/Desktop/myprj/airflow/airflow/lib/python3.7/site-packages/airflow/example_dags/example_xcomargs.py took 0.186 seconds
[2023-10-14 13:56:41,135] {processor.py:163} INFO - Started process (PID=23819) to work on /Users/namyoung/Desktop/myprj/airflow/airflow/lib/python3.7/site-packages/airflow/example_dags/example_xcomargs.py
[2023-10-14 13:56:41,138] {processor.py:642} INFO - Processing file /Users/namyoung/Desktop/myprj/airflow/airflow/lib/python3.7/site-packages/airflow/example_dags/example_xcomargs.py for tasks to queue
[2023-10-14 13:56:41,144] {logging_mixin.py:109} INFO - [2023-10-14 13:56:41,143] {dagbag.py:500} INFO - Filling up the DagBag from /Users/namyoung/Desktop/myprj/airflow/airflow/lib/python3.7/site-packages/airflow/example_dags/example_xcomargs.py
[2023-10-14 13:56:41,180] {processor.py:654} INFO - DAG(s) dict_keys(['example_xcom_args', 'example_xcom_args_with_operators']) retrieved from /Users/namyoung/Desktop/myprj/airflow/airflow/lib/python3.7/site-packages/airflow/example_dags/example_xcomargs.py
[2023-10-14 13:56:41,189] {logging_mixin.py:109} INFO - [2023-10-14 13:56:41,189] {dag.py:2396} INFO - Sync 2 DAGs
[2023-10-14 13:56:41,197] {logging_mixin.py:109} INFO - [2023-10-14 13:56:41,197] {dag.py:2935} INFO - Setting next_dagrun for example_xcom_args to None
[2023-10-14 13:56:41,198] {logging_mixin.py:109} INFO - [2023-10-14 13:56:41,198] {dag.py:2935} INFO - Setting next_dagrun for example_xcom_args_with_operators to None
[2023-10-14 13:56:41,204] {processor.py:171} INFO - Processing /Users/namyoung/Desktop/myprj/airflow/airflow/lib/python3.7/site-packages/airflow/example_dags/example_xcomargs.py took 0.074 seconds
[2023-10-14 15:33:39,168] {processor.py:163} INFO - Started process (PID=24085) to work on /Users/namyoung/Desktop/myprj/airflow/airflow/lib/python3.7/site-packages/airflow/example_dags/example_xcomargs.py
[2023-10-14 15:33:39,170] {processor.py:642} INFO - Processing file /Users/namyoung/Desktop/myprj/airflow/airflow/lib/python3.7/site-packages/airflow/example_dags/example_xcomargs.py for tasks to queue
[2023-10-14 15:33:39,172] {logging_mixin.py:109} INFO - [2023-10-14 15:33:39,171] {dagbag.py:500} INFO - Filling up the DagBag from /Users/namyoung/Desktop/myprj/airflow/airflow/lib/python3.7/site-packages/airflow/example_dags/example_xcomargs.py
[2023-10-14 15:33:39,202] {processor.py:654} INFO - DAG(s) dict_keys(['example_xcom_args', 'example_xcom_args_with_operators']) retrieved from /Users/namyoung/Desktop/myprj/airflow/airflow/lib/python3.7/site-packages/airflow/example_dags/example_xcomargs.py
[2023-10-14 15:33:39,331] {logging_mixin.py:109} INFO - [2023-10-14 15:33:39,331] {dag.py:2396} INFO - Sync 2 DAGs
[2023-10-14 15:33:39,337] {logging_mixin.py:109} INFO - [2023-10-14 15:33:39,337] {dag.py:2935} INFO - Setting next_dagrun for example_xcom_args to None
[2023-10-14 15:33:39,338] {logging_mixin.py:109} INFO - [2023-10-14 15:33:39,338] {dag.py:2935} INFO - Setting next_dagrun for example_xcom_args_with_operators to None
[2023-10-14 15:33:39,343] {processor.py:171} INFO - Processing /Users/namyoung/Desktop/myprj/airflow/airflow/lib/python3.7/site-packages/airflow/example_dags/example_xcomargs.py took 0.179 seconds
[2023-10-14 17:14:00,309] {processor.py:163} INFO - Started process (PID=24221) to work on /Users/namyoung/Desktop/myprj/airflow/airflow/lib/python3.7/site-packages/airflow/example_dags/example_xcomargs.py
[2023-10-14 17:14:00,311] {processor.py:642} INFO - Processing file /Users/namyoung/Desktop/myprj/airflow/airflow/lib/python3.7/site-packages/airflow/example_dags/example_xcomargs.py for tasks to queue
[2023-10-14 17:14:00,312] {logging_mixin.py:109} INFO - [2023-10-14 17:14:00,312] {dagbag.py:500} INFO - Filling up the DagBag from /Users/namyoung/Desktop/myprj/airflow/airflow/lib/python3.7/site-packages/airflow/example_dags/example_xcomargs.py
[2023-10-14 17:14:00,344] {processor.py:654} INFO - DAG(s) dict_keys(['example_xcom_args', 'example_xcom_args_with_operators']) retrieved from /Users/namyoung/Desktop/myprj/airflow/airflow/lib/python3.7/site-packages/airflow/example_dags/example_xcomargs.py
[2023-10-14 17:14:00,466] {logging_mixin.py:109} INFO - [2023-10-14 17:14:00,466] {dag.py:2396} INFO - Sync 2 DAGs
[2023-10-14 17:14:00,472] {logging_mixin.py:109} INFO - [2023-10-14 17:14:00,472] {dag.py:2935} INFO - Setting next_dagrun for example_xcom_args to None
[2023-10-14 17:14:00,473] {logging_mixin.py:109} INFO - [2023-10-14 17:14:00,473] {dag.py:2935} INFO - Setting next_dagrun for example_xcom_args_with_operators to None
[2023-10-14 17:14:00,478] {processor.py:171} INFO - Processing /Users/namyoung/Desktop/myprj/airflow/airflow/lib/python3.7/site-packages/airflow/example_dags/example_xcomargs.py took 0.175 seconds
[2023-10-14 18:33:32,179] {processor.py:163} INFO - Started process (PID=24353) to work on /Users/namyoung/Desktop/myprj/airflow/airflow/lib/python3.7/site-packages/airflow/example_dags/example_xcomargs.py
[2023-10-14 18:33:32,180] {processor.py:642} INFO - Processing file /Users/namyoung/Desktop/myprj/airflow/airflow/lib/python3.7/site-packages/airflow/example_dags/example_xcomargs.py for tasks to queue
[2023-10-14 18:33:32,181] {logging_mixin.py:109} INFO - [2023-10-14 18:33:32,181] {dagbag.py:500} INFO - Filling up the DagBag from /Users/namyoung/Desktop/myprj/airflow/airflow/lib/python3.7/site-packages/airflow/example_dags/example_xcomargs.py
[2023-10-14 18:33:32,202] {processor.py:654} INFO - DAG(s) dict_keys(['example_xcom_args', 'example_xcom_args_with_operators']) retrieved from /Users/namyoung/Desktop/myprj/airflow/airflow/lib/python3.7/site-packages/airflow/example_dags/example_xcomargs.py
[2023-10-14 18:33:32,353] {logging_mixin.py:109} INFO - [2023-10-14 18:33:32,353] {dag.py:2396} INFO - Sync 2 DAGs
[2023-10-14 18:33:32,361] {logging_mixin.py:109} INFO - [2023-10-14 18:33:32,361] {dag.py:2935} INFO - Setting next_dagrun for example_xcom_args to None
[2023-10-14 18:33:32,362] {logging_mixin.py:109} INFO - [2023-10-14 18:33:32,362] {dag.py:2935} INFO - Setting next_dagrun for example_xcom_args_with_operators to None
[2023-10-14 18:33:32,369] {processor.py:171} INFO - Processing /Users/namyoung/Desktop/myprj/airflow/airflow/lib/python3.7/site-packages/airflow/example_dags/example_xcomargs.py took 0.193 seconds
[2023-10-14 19:54:15,544] {processor.py:163} INFO - Started process (PID=24599) to work on /Users/namyoung/Desktop/myprj/airflow/airflow/lib/python3.7/site-packages/airflow/example_dags/example_xcomargs.py
[2023-10-14 19:54:15,545] {processor.py:642} INFO - Processing file /Users/namyoung/Desktop/myprj/airflow/airflow/lib/python3.7/site-packages/airflow/example_dags/example_xcomargs.py for tasks to queue
[2023-10-14 19:54:15,546] {logging_mixin.py:109} INFO - [2023-10-14 19:54:15,546] {dagbag.py:500} INFO - Filling up the DagBag from /Users/namyoung/Desktop/myprj/airflow/airflow/lib/python3.7/site-packages/airflow/example_dags/example_xcomargs.py
[2023-10-14 19:54:15,561] {processor.py:654} INFO - DAG(s) dict_keys(['example_xcom_args', 'example_xcom_args_with_operators']) retrieved from /Users/namyoung/Desktop/myprj/airflow/airflow/lib/python3.7/site-packages/airflow/example_dags/example_xcomargs.py
[2023-10-14 19:54:15,697] {logging_mixin.py:109} INFO - [2023-10-14 19:54:15,696] {dag.py:2396} INFO - Sync 2 DAGs
[2023-10-14 19:54:15,703] {logging_mixin.py:109} INFO - [2023-10-14 19:54:15,703] {dag.py:2935} INFO - Setting next_dagrun for example_xcom_args to None
[2023-10-14 19:54:15,704] {logging_mixin.py:109} INFO - [2023-10-14 19:54:15,704] {dag.py:2935} INFO - Setting next_dagrun for example_xcom_args_with_operators to None
[2023-10-14 19:54:15,712] {processor.py:171} INFO - Processing /Users/namyoung/Desktop/myprj/airflow/airflow/lib/python3.7/site-packages/airflow/example_dags/example_xcomargs.py took 0.169 seconds
[2023-10-14 21:36:36,302] {processor.py:163} INFO - Started process (PID=24802) to work on /Users/namyoung/Desktop/myprj/airflow/airflow/lib/python3.7/site-packages/airflow/example_dags/example_xcomargs.py
[2023-10-14 21:36:36,304] {processor.py:642} INFO - Processing file /Users/namyoung/Desktop/myprj/airflow/airflow/lib/python3.7/site-packages/airflow/example_dags/example_xcomargs.py for tasks to queue
[2023-10-14 21:36:36,306] {logging_mixin.py:109} INFO - [2023-10-14 21:36:36,305] {dagbag.py:500} INFO - Filling up the DagBag from /Users/namyoung/Desktop/myprj/airflow/airflow/lib/python3.7/site-packages/airflow/example_dags/example_xcomargs.py
[2023-10-14 21:36:36,335] {processor.py:654} INFO - DAG(s) dict_keys(['example_xcom_args', 'example_xcom_args_with_operators']) retrieved from /Users/namyoung/Desktop/myprj/airflow/airflow/lib/python3.7/site-packages/airflow/example_dags/example_xcomargs.py
[2023-10-14 21:36:36,347] {logging_mixin.py:109} INFO - [2023-10-14 21:36:36,346] {dag.py:2396} INFO - Sync 2 DAGs
[2023-10-14 21:36:36,356] {logging_mixin.py:109} INFO - [2023-10-14 21:36:36,356] {dag.py:2935} INFO - Setting next_dagrun for example_xcom_args to None
[2023-10-14 21:36:36,357] {logging_mixin.py:109} INFO - [2023-10-14 21:36:36,356] {dag.py:2935} INFO - Setting next_dagrun for example_xcom_args_with_operators to None
[2023-10-14 21:36:36,362] {processor.py:171} INFO - Processing /Users/namyoung/Desktop/myprj/airflow/airflow/lib/python3.7/site-packages/airflow/example_dags/example_xcomargs.py took 0.065 seconds
[2023-10-14 23:12:19,270] {processor.py:163} INFO - Started process (PID=25025) to work on /Users/namyoung/Desktop/myprj/airflow/airflow/lib/python3.7/site-packages/airflow/example_dags/example_xcomargs.py
[2023-10-14 23:12:19,272] {processor.py:642} INFO - Processing file /Users/namyoung/Desktop/myprj/airflow/airflow/lib/python3.7/site-packages/airflow/example_dags/example_xcomargs.py for tasks to queue
[2023-10-14 23:12:19,273] {logging_mixin.py:109} INFO - [2023-10-14 23:12:19,273] {dagbag.py:500} INFO - Filling up the DagBag from /Users/namyoung/Desktop/myprj/airflow/airflow/lib/python3.7/site-packages/airflow/example_dags/example_xcomargs.py
[2023-10-14 23:12:19,289] {processor.py:654} INFO - DAG(s) dict_keys(['example_xcom_args', 'example_xcom_args_with_operators']) retrieved from /Users/namyoung/Desktop/myprj/airflow/airflow/lib/python3.7/site-packages/airflow/example_dags/example_xcomargs.py
[2023-10-14 23:12:19,296] {logging_mixin.py:109} INFO - [2023-10-14 23:12:19,296] {dag.py:2396} INFO - Sync 2 DAGs
[2023-10-14 23:12:19,303] {logging_mixin.py:109} INFO - [2023-10-14 23:12:19,303] {dag.py:2935} INFO - Setting next_dagrun for example_xcom_args to None
[2023-10-14 23:12:19,304] {logging_mixin.py:109} INFO - [2023-10-14 23:12:19,304] {dag.py:2935} INFO - Setting next_dagrun for example_xcom_args_with_operators to None
[2023-10-14 23:12:19,309] {processor.py:171} INFO - Processing /Users/namyoung/Desktop/myprj/airflow/airflow/lib/python3.7/site-packages/airflow/example_dags/example_xcomargs.py took 0.044 seconds
[2023-10-15 00:52:02,139] {processor.py:163} INFO - Started process (PID=25263) to work on /Users/namyoung/Desktop/myprj/airflow/airflow/lib/python3.7/site-packages/airflow/example_dags/example_xcomargs.py
[2023-10-15 00:52:02,142] {processor.py:642} INFO - Processing file /Users/namyoung/Desktop/myprj/airflow/airflow/lib/python3.7/site-packages/airflow/example_dags/example_xcomargs.py for tasks to queue
[2023-10-15 00:52:02,144] {logging_mixin.py:109} INFO - [2023-10-15 00:52:02,143] {dagbag.py:500} INFO - Filling up the DagBag from /Users/namyoung/Desktop/myprj/airflow/airflow/lib/python3.7/site-packages/airflow/example_dags/example_xcomargs.py
[2023-10-15 00:52:02,175] {processor.py:654} INFO - DAG(s) dict_keys(['example_xcom_args', 'example_xcom_args_with_operators']) retrieved from /Users/namyoung/Desktop/myprj/airflow/airflow/lib/python3.7/site-packages/airflow/example_dags/example_xcomargs.py
[2023-10-15 00:52:02,307] {logging_mixin.py:109} INFO - [2023-10-15 00:52:02,307] {dag.py:2396} INFO - Sync 2 DAGs
[2023-10-15 00:52:02,313] {logging_mixin.py:109} INFO - [2023-10-15 00:52:02,313] {dag.py:2935} INFO - Setting next_dagrun for example_xcom_args to None
[2023-10-15 00:52:02,313] {logging_mixin.py:109} INFO - [2023-10-15 00:52:02,313] {dag.py:2935} INFO - Setting next_dagrun for example_xcom_args_with_operators to None
[2023-10-15 00:52:02,319] {processor.py:171} INFO - Processing /Users/namyoung/Desktop/myprj/airflow/airflow/lib/python3.7/site-packages/airflow/example_dags/example_xcomargs.py took 0.186 seconds
[2023-10-15 02:19:42,906] {processor.py:163} INFO - Started process (PID=25442) to work on /Users/namyoung/Desktop/myprj/airflow/airflow/lib/python3.7/site-packages/airflow/example_dags/example_xcomargs.py
[2023-10-15 02:19:42,907] {processor.py:642} INFO - Processing file /Users/namyoung/Desktop/myprj/airflow/airflow/lib/python3.7/site-packages/airflow/example_dags/example_xcomargs.py for tasks to queue
[2023-10-15 02:19:42,908] {logging_mixin.py:109} INFO - [2023-10-15 02:19:42,908] {dagbag.py:500} INFO - Filling up the DagBag from /Users/namyoung/Desktop/myprj/airflow/airflow/lib/python3.7/site-packages/airflow/example_dags/example_xcomargs.py
[2023-10-15 02:19:42,932] {processor.py:654} INFO - DAG(s) dict_keys(['example_xcom_args', 'example_xcom_args_with_operators']) retrieved from /Users/namyoung/Desktop/myprj/airflow/airflow/lib/python3.7/site-packages/airflow/example_dags/example_xcomargs.py
[2023-10-15 02:19:43,057] {logging_mixin.py:109} INFO - [2023-10-15 02:19:43,057] {dag.py:2396} INFO - Sync 2 DAGs
[2023-10-15 02:19:43,064] {logging_mixin.py:109} INFO - [2023-10-15 02:19:43,063] {dag.py:2935} INFO - Setting next_dagrun for example_xcom_args to None
[2023-10-15 02:19:43,064] {logging_mixin.py:109} INFO - [2023-10-15 02:19:43,064] {dag.py:2935} INFO - Setting next_dagrun for example_xcom_args_with_operators to None
[2023-10-15 02:19:43,069] {processor.py:171} INFO - Processing /Users/namyoung/Desktop/myprj/airflow/airflow/lib/python3.7/site-packages/airflow/example_dags/example_xcomargs.py took 0.168 seconds
[2023-10-15 03:56:58,731] {processor.py:163} INFO - Started process (PID=25587) to work on /Users/namyoung/Desktop/myprj/airflow/airflow/lib/python3.7/site-packages/airflow/example_dags/example_xcomargs.py
[2023-10-15 03:56:58,732] {processor.py:642} INFO - Processing file /Users/namyoung/Desktop/myprj/airflow/airflow/lib/python3.7/site-packages/airflow/example_dags/example_xcomargs.py for tasks to queue
[2023-10-15 03:56:58,733] {logging_mixin.py:109} INFO - [2023-10-15 03:56:58,733] {dagbag.py:500} INFO - Filling up the DagBag from /Users/namyoung/Desktop/myprj/airflow/airflow/lib/python3.7/site-packages/airflow/example_dags/example_xcomargs.py
[2023-10-15 03:56:58,760] {processor.py:654} INFO - DAG(s) dict_keys(['example_xcom_args', 'example_xcom_args_with_operators']) retrieved from /Users/namyoung/Desktop/myprj/airflow/airflow/lib/python3.7/site-packages/airflow/example_dags/example_xcomargs.py
[2023-10-15 03:56:58,767] {logging_mixin.py:109} INFO - [2023-10-15 03:56:58,767] {dag.py:2396} INFO - Sync 2 DAGs
[2023-10-15 03:56:58,775] {logging_mixin.py:109} INFO - [2023-10-15 03:56:58,774] {dag.py:2935} INFO - Setting next_dagrun for example_xcom_args to None
[2023-10-15 03:56:58,775] {logging_mixin.py:109} INFO - [2023-10-15 03:56:58,775] {dag.py:2935} INFO - Setting next_dagrun for example_xcom_args_with_operators to None
[2023-10-15 03:56:58,780] {processor.py:171} INFO - Processing /Users/namyoung/Desktop/myprj/airflow/airflow/lib/python3.7/site-packages/airflow/example_dags/example_xcomargs.py took 0.054 seconds
[2023-10-15 05:36:44,855] {processor.py:163} INFO - Started process (PID=25852) to work on /Users/namyoung/Desktop/myprj/airflow/airflow/lib/python3.7/site-packages/airflow/example_dags/example_xcomargs.py
[2023-10-15 05:36:44,856] {processor.py:642} INFO - Processing file /Users/namyoung/Desktop/myprj/airflow/airflow/lib/python3.7/site-packages/airflow/example_dags/example_xcomargs.py for tasks to queue
[2023-10-15 05:36:44,857] {logging_mixin.py:109} INFO - [2023-10-15 05:36:44,856] {dagbag.py:500} INFO - Filling up the DagBag from /Users/namyoung/Desktop/myprj/airflow/airflow/lib/python3.7/site-packages/airflow/example_dags/example_xcomargs.py
[2023-10-15 05:36:44,873] {processor.py:654} INFO - DAG(s) dict_keys(['example_xcom_args', 'example_xcom_args_with_operators']) retrieved from /Users/namyoung/Desktop/myprj/airflow/airflow/lib/python3.7/site-packages/airflow/example_dags/example_xcomargs.py
[2023-10-15 05:36:44,880] {logging_mixin.py:109} INFO - [2023-10-15 05:36:44,880] {dag.py:2396} INFO - Sync 2 DAGs
[2023-10-15 05:36:44,887] {logging_mixin.py:109} INFO - [2023-10-15 05:36:44,887] {dag.py:2935} INFO - Setting next_dagrun for example_xcom_args to None
[2023-10-15 05:36:44,887] {logging_mixin.py:109} INFO - [2023-10-15 05:36:44,887] {dag.py:2935} INFO - Setting next_dagrun for example_xcom_args_with_operators to None
[2023-10-15 05:36:44,892] {processor.py:171} INFO - Processing /Users/namyoung/Desktop/myprj/airflow/airflow/lib/python3.7/site-packages/airflow/example_dags/example_xcomargs.py took 0.039 seconds
[2023-10-15 07:17:18,440] {processor.py:163} INFO - Started process (PID=26115) to work on /Users/namyoung/Desktop/myprj/airflow/airflow/lib/python3.7/site-packages/airflow/example_dags/example_xcomargs.py
[2023-10-15 07:17:18,442] {processor.py:642} INFO - Processing file /Users/namyoung/Desktop/myprj/airflow/airflow/lib/python3.7/site-packages/airflow/example_dags/example_xcomargs.py for tasks to queue
[2023-10-15 07:17:18,443] {logging_mixin.py:109} INFO - [2023-10-15 07:17:18,443] {dagbag.py:500} INFO - Filling up the DagBag from /Users/namyoung/Desktop/myprj/airflow/airflow/lib/python3.7/site-packages/airflow/example_dags/example_xcomargs.py
[2023-10-15 07:17:18,476] {processor.py:654} INFO - DAG(s) dict_keys(['example_xcom_args', 'example_xcom_args_with_operators']) retrieved from /Users/namyoung/Desktop/myprj/airflow/airflow/lib/python3.7/site-packages/airflow/example_dags/example_xcomargs.py
[2023-10-15 07:17:18,489] {logging_mixin.py:109} INFO - [2023-10-15 07:17:18,488] {dag.py:2396} INFO - Sync 2 DAGs
[2023-10-15 07:17:18,498] {logging_mixin.py:109} INFO - [2023-10-15 07:17:18,498] {dag.py:2935} INFO - Setting next_dagrun for example_xcom_args to None
[2023-10-15 07:17:18,498] {logging_mixin.py:109} INFO - [2023-10-15 07:17:18,498] {dag.py:2935} INFO - Setting next_dagrun for example_xcom_args_with_operators to None
[2023-10-15 07:17:18,504] {processor.py:171} INFO - Processing /Users/namyoung/Desktop/myprj/airflow/airflow/lib/python3.7/site-packages/airflow/example_dags/example_xcomargs.py took 0.068 seconds
[2023-10-15 08:55:08,219] {processor.py:163} INFO - Started process (PID=26290) to work on /Users/namyoung/Desktop/myprj/airflow/airflow/lib/python3.7/site-packages/airflow/example_dags/example_xcomargs.py
[2023-10-15 08:55:08,221] {processor.py:642} INFO - Processing file /Users/namyoung/Desktop/myprj/airflow/airflow/lib/python3.7/site-packages/airflow/example_dags/example_xcomargs.py for tasks to queue
[2023-10-15 08:55:08,222] {logging_mixin.py:109} INFO - [2023-10-15 08:55:08,222] {dagbag.py:500} INFO - Filling up the DagBag from /Users/namyoung/Desktop/myprj/airflow/airflow/lib/python3.7/site-packages/airflow/example_dags/example_xcomargs.py
[2023-10-15 08:55:08,257] {processor.py:654} INFO - DAG(s) dict_keys(['example_xcom_args', 'example_xcom_args_with_operators']) retrieved from /Users/namyoung/Desktop/myprj/airflow/airflow/lib/python3.7/site-packages/airflow/example_dags/example_xcomargs.py
[2023-10-15 08:55:08,267] {logging_mixin.py:109} INFO - [2023-10-15 08:55:08,267] {dag.py:2396} INFO - Sync 2 DAGs
[2023-10-15 08:55:08,274] {logging_mixin.py:109} INFO - [2023-10-15 08:55:08,274] {dag.py:2935} INFO - Setting next_dagrun for example_xcom_args to None
[2023-10-15 08:55:08,275] {logging_mixin.py:109} INFO - [2023-10-15 08:55:08,275] {dag.py:2935} INFO - Setting next_dagrun for example_xcom_args_with_operators to None
[2023-10-15 08:55:08,280] {processor.py:171} INFO - Processing /Users/namyoung/Desktop/myprj/airflow/airflow/lib/python3.7/site-packages/airflow/example_dags/example_xcomargs.py took 0.067 seconds
