[2023-10-14 10:10:50,751] {processor.py:163} INFO - Started process (PID=23371) to work on /Users/namyoung/Desktop/myprj/airflow/airflow/lib/python3.7/site-packages/airflow/example_dags/example_dag_decorator.py
[2023-10-14 10:10:50,752] {processor.py:642} INFO - Processing file /Users/namyoung/Desktop/myprj/airflow/airflow/lib/python3.7/site-packages/airflow/example_dags/example_dag_decorator.py for tasks to queue
[2023-10-14 10:10:50,752] {logging_mixin.py:109} INFO - [2023-10-14 10:10:50,752] {dagbag.py:500} INFO - Filling up the DagBag from /Users/namyoung/Desktop/myprj/airflow/airflow/lib/python3.7/site-packages/airflow/example_dags/example_dag_decorator.py
[2023-10-14 10:10:50,769] {processor.py:654} INFO - DAG(s) dict_keys(['example_dag_decorator']) retrieved from /Users/namyoung/Desktop/myprj/airflow/airflow/lib/python3.7/site-packages/airflow/example_dags/example_dag_decorator.py
[2023-10-14 10:10:50,895] {logging_mixin.py:109} INFO - [2023-10-14 10:10:50,895] {dag.py:2396} INFO - Sync 1 DAGs
[2023-10-14 10:10:50,901] {logging_mixin.py:109} INFO - [2023-10-14 10:10:50,901] {dag.py:2935} INFO - Setting next_dagrun for example_dag_decorator to None
[2023-10-14 10:10:50,907] {processor.py:171} INFO - Processing /Users/namyoung/Desktop/myprj/airflow/airflow/lib/python3.7/site-packages/airflow/example_dags/example_dag_decorator.py took 0.159 seconds
[2023-10-14 11:50:29,043] {processor.py:163} INFO - Started process (PID=23515) to work on /Users/namyoung/Desktop/myprj/airflow/airflow/lib/python3.7/site-packages/airflow/example_dags/example_dag_decorator.py
[2023-10-14 11:50:29,045] {processor.py:642} INFO - Processing file /Users/namyoung/Desktop/myprj/airflow/airflow/lib/python3.7/site-packages/airflow/example_dags/example_dag_decorator.py for tasks to queue
[2023-10-14 11:50:29,046] {logging_mixin.py:109} INFO - [2023-10-14 11:50:29,046] {dagbag.py:500} INFO - Filling up the DagBag from /Users/namyoung/Desktop/myprj/airflow/airflow/lib/python3.7/site-packages/airflow/example_dags/example_dag_decorator.py
[2023-10-14 11:50:29,073] {processor.py:654} INFO - DAG(s) dict_keys(['example_dag_decorator']) retrieved from /Users/namyoung/Desktop/myprj/airflow/airflow/lib/python3.7/site-packages/airflow/example_dags/example_dag_decorator.py
[2023-10-14 11:50:29,201] {logging_mixin.py:109} INFO - [2023-10-14 11:50:29,201] {dag.py:2396} INFO - Sync 1 DAGs
[2023-10-14 11:50:29,207] {logging_mixin.py:109} INFO - [2023-10-14 11:50:29,207] {dag.py:2935} INFO - Setting next_dagrun for example_dag_decorator to None
[2023-10-14 11:50:29,213] {processor.py:171} INFO - Processing /Users/namyoung/Desktop/myprj/airflow/airflow/lib/python3.7/site-packages/airflow/example_dags/example_dag_decorator.py took 0.175 seconds
[2023-10-14 13:23:52,875] {processor.py:163} INFO - Started process (PID=23764) to work on /Users/namyoung/Desktop/myprj/airflow/airflow/lib/python3.7/site-packages/airflow/example_dags/example_dag_decorator.py
[2023-10-14 13:23:52,876] {processor.py:642} INFO - Processing file /Users/namyoung/Desktop/myprj/airflow/airflow/lib/python3.7/site-packages/airflow/example_dags/example_dag_decorator.py for tasks to queue
[2023-10-14 13:23:52,876] {logging_mixin.py:109} INFO - [2023-10-14 13:23:52,876] {dagbag.py:500} INFO - Filling up the DagBag from /Users/namyoung/Desktop/myprj/airflow/airflow/lib/python3.7/site-packages/airflow/example_dags/example_dag_decorator.py
[2023-10-14 13:23:52,895] {processor.py:654} INFO - DAG(s) dict_keys(['example_dag_decorator']) retrieved from /Users/namyoung/Desktop/myprj/airflow/airflow/lib/python3.7/site-packages/airflow/example_dags/example_dag_decorator.py
[2023-10-14 13:23:53,029] {logging_mixin.py:109} INFO - [2023-10-14 13:23:53,028] {dag.py:2396} INFO - Sync 1 DAGs
[2023-10-14 13:23:53,035] {logging_mixin.py:109} INFO - [2023-10-14 13:23:53,035] {dag.py:2935} INFO - Setting next_dagrun for example_dag_decorator to None
[2023-10-14 13:23:53,042] {processor.py:171} INFO - Processing /Users/namyoung/Desktop/myprj/airflow/airflow/lib/python3.7/site-packages/airflow/example_dags/example_dag_decorator.py took 0.170 seconds
[2023-10-14 15:00:22,780] {processor.py:163} INFO - Started process (PID=23908) to work on /Users/namyoung/Desktop/myprj/airflow/airflow/lib/python3.7/site-packages/airflow/example_dags/example_dag_decorator.py
[2023-10-14 15:00:22,781] {processor.py:642} INFO - Processing file /Users/namyoung/Desktop/myprj/airflow/airflow/lib/python3.7/site-packages/airflow/example_dags/example_dag_decorator.py for tasks to queue
[2023-10-14 15:00:22,781] {logging_mixin.py:109} INFO - [2023-10-14 15:00:22,781] {dagbag.py:500} INFO - Filling up the DagBag from /Users/namyoung/Desktop/myprj/airflow/airflow/lib/python3.7/site-packages/airflow/example_dags/example_dag_decorator.py
[2023-10-14 15:00:22,800] {processor.py:654} INFO - DAG(s) dict_keys(['example_dag_decorator']) retrieved from /Users/namyoung/Desktop/myprj/airflow/airflow/lib/python3.7/site-packages/airflow/example_dags/example_dag_decorator.py
[2023-10-14 15:00:22,933] {logging_mixin.py:109} INFO - [2023-10-14 15:00:22,933] {dag.py:2396} INFO - Sync 1 DAGs
[2023-10-14 15:00:22,939] {logging_mixin.py:109} INFO - [2023-10-14 15:00:22,939] {dag.py:2935} INFO - Setting next_dagrun for example_dag_decorator to None
[2023-10-14 15:00:22,947] {processor.py:171} INFO - Processing /Users/namyoung/Desktop/myprj/airflow/airflow/lib/python3.7/site-packages/airflow/example_dags/example_dag_decorator.py took 0.168 seconds
[2023-10-14 16:38:02,824] {processor.py:163} INFO - Started process (PID=24168) to work on /Users/namyoung/Desktop/myprj/airflow/airflow/lib/python3.7/site-packages/airflow/example_dags/example_dag_decorator.py
[2023-10-14 16:38:02,825] {processor.py:642} INFO - Processing file /Users/namyoung/Desktop/myprj/airflow/airflow/lib/python3.7/site-packages/airflow/example_dags/example_dag_decorator.py for tasks to queue
[2023-10-14 16:38:02,825] {logging_mixin.py:109} INFO - [2023-10-14 16:38:02,825] {dagbag.py:500} INFO - Filling up the DagBag from /Users/namyoung/Desktop/myprj/airflow/airflow/lib/python3.7/site-packages/airflow/example_dags/example_dag_decorator.py
[2023-10-14 16:38:02,843] {processor.py:654} INFO - DAG(s) dict_keys(['example_dag_decorator']) retrieved from /Users/namyoung/Desktop/myprj/airflow/airflow/lib/python3.7/site-packages/airflow/example_dags/example_dag_decorator.py
[2023-10-14 16:38:02,989] {logging_mixin.py:109} INFO - [2023-10-14 16:38:02,988] {dag.py:2396} INFO - Sync 1 DAGs
[2023-10-14 16:38:02,997] {logging_mixin.py:109} INFO - [2023-10-14 16:38:02,997] {dag.py:2935} INFO - Setting next_dagrun for example_dag_decorator to None
[2023-10-14 16:38:03,004] {processor.py:171} INFO - Processing /Users/namyoung/Desktop/myprj/airflow/airflow/lib/python3.7/site-packages/airflow/example_dags/example_dag_decorator.py took 0.182 seconds
[2023-10-14 17:45:29,604] {processor.py:163} INFO - Started process (PID=24293) to work on /Users/namyoung/Desktop/myprj/airflow/airflow/lib/python3.7/site-packages/airflow/example_dags/example_dag_decorator.py
[2023-10-14 17:45:29,606] {processor.py:642} INFO - Processing file /Users/namyoung/Desktop/myprj/airflow/airflow/lib/python3.7/site-packages/airflow/example_dags/example_dag_decorator.py for tasks to queue
[2023-10-14 17:45:29,607] {logging_mixin.py:109} INFO - [2023-10-14 17:45:29,607] {dagbag.py:500} INFO - Filling up the DagBag from /Users/namyoung/Desktop/myprj/airflow/airflow/lib/python3.7/site-packages/airflow/example_dags/example_dag_decorator.py
[2023-10-14 17:45:29,637] {processor.py:654} INFO - DAG(s) dict_keys(['example_dag_decorator']) retrieved from /Users/namyoung/Desktop/myprj/airflow/airflow/lib/python3.7/site-packages/airflow/example_dags/example_dag_decorator.py
[2023-10-14 17:45:29,761] {logging_mixin.py:109} INFO - [2023-10-14 17:45:29,761] {dag.py:2396} INFO - Sync 1 DAGs
[2023-10-14 17:45:29,767] {logging_mixin.py:109} INFO - [2023-10-14 17:45:29,767] {dag.py:2935} INFO - Setting next_dagrun for example_dag_decorator to None
[2023-10-14 17:45:29,773] {processor.py:171} INFO - Processing /Users/namyoung/Desktop/myprj/airflow/airflow/lib/python3.7/site-packages/airflow/example_dags/example_dag_decorator.py took 0.173 seconds
[2023-10-14 19:21:54,122] {processor.py:163} INFO - Started process (PID=24560) to work on /Users/namyoung/Desktop/myprj/airflow/airflow/lib/python3.7/site-packages/airflow/example_dags/example_dag_decorator.py
[2023-10-14 19:21:54,124] {processor.py:642} INFO - Processing file /Users/namyoung/Desktop/myprj/airflow/airflow/lib/python3.7/site-packages/airflow/example_dags/example_dag_decorator.py for tasks to queue
[2023-10-14 19:21:54,125] {logging_mixin.py:109} INFO - [2023-10-14 19:21:54,125] {dagbag.py:500} INFO - Filling up the DagBag from /Users/namyoung/Desktop/myprj/airflow/airflow/lib/python3.7/site-packages/airflow/example_dags/example_dag_decorator.py
[2023-10-14 19:21:54,162] {processor.py:654} INFO - DAG(s) dict_keys(['example_dag_decorator']) retrieved from /Users/namyoung/Desktop/myprj/airflow/airflow/lib/python3.7/site-packages/airflow/example_dags/example_dag_decorator.py
[2023-10-14 19:21:54,285] {logging_mixin.py:109} INFO - [2023-10-14 19:21:54,284] {dag.py:2396} INFO - Sync 1 DAGs
[2023-10-14 19:21:54,290] {logging_mixin.py:109} INFO - [2023-10-14 19:21:54,290] {dag.py:2935} INFO - Setting next_dagrun for example_dag_decorator to None
[2023-10-14 19:21:54,296] {processor.py:171} INFO - Processing /Users/namyoung/Desktop/myprj/airflow/airflow/lib/python3.7/site-packages/airflow/example_dags/example_dag_decorator.py took 0.181 seconds
[2023-10-14 20:45:18,266] {processor.py:163} INFO - Started process (PID=24680) to work on /Users/namyoung/Desktop/myprj/airflow/airflow/lib/python3.7/site-packages/airflow/example_dags/example_dag_decorator.py
[2023-10-14 20:45:18,268] {processor.py:642} INFO - Processing file /Users/namyoung/Desktop/myprj/airflow/airflow/lib/python3.7/site-packages/airflow/example_dags/example_dag_decorator.py for tasks to queue
[2023-10-14 20:45:18,269] {logging_mixin.py:109} INFO - [2023-10-14 20:45:18,269] {dagbag.py:500} INFO - Filling up the DagBag from /Users/namyoung/Desktop/myprj/airflow/airflow/lib/python3.7/site-packages/airflow/example_dags/example_dag_decorator.py
[2023-10-14 20:45:18,304] {processor.py:654} INFO - DAG(s) dict_keys(['example_dag_decorator']) retrieved from /Users/namyoung/Desktop/myprj/airflow/airflow/lib/python3.7/site-packages/airflow/example_dags/example_dag_decorator.py
[2023-10-14 20:45:18,429] {logging_mixin.py:109} INFO - [2023-10-14 20:45:18,429] {dag.py:2396} INFO - Sync 1 DAGs
[2023-10-14 20:45:18,435] {logging_mixin.py:109} INFO - [2023-10-14 20:45:18,435] {dag.py:2935} INFO - Setting next_dagrun for example_dag_decorator to None
[2023-10-14 20:45:18,440] {processor.py:171} INFO - Processing /Users/namyoung/Desktop/myprj/airflow/airflow/lib/python3.7/site-packages/airflow/example_dags/example_dag_decorator.py took 0.180 seconds
[2023-10-14 22:40:52,679] {processor.py:163} INFO - Started process (PID=24964) to work on /Users/namyoung/Desktop/myprj/airflow/airflow/lib/python3.7/site-packages/airflow/example_dags/example_dag_decorator.py
[2023-10-14 22:40:52,680] {processor.py:642} INFO - Processing file /Users/namyoung/Desktop/myprj/airflow/airflow/lib/python3.7/site-packages/airflow/example_dags/example_dag_decorator.py for tasks to queue
[2023-10-14 22:40:52,680] {logging_mixin.py:109} INFO - [2023-10-14 22:40:52,680] {dagbag.py:500} INFO - Filling up the DagBag from /Users/namyoung/Desktop/myprj/airflow/airflow/lib/python3.7/site-packages/airflow/example_dags/example_dag_decorator.py
[2023-10-14 22:40:52,700] {processor.py:654} INFO - DAG(s) dict_keys(['example_dag_decorator']) retrieved from /Users/namyoung/Desktop/myprj/airflow/airflow/lib/python3.7/site-packages/airflow/example_dags/example_dag_decorator.py
[2023-10-14 22:40:52,839] {logging_mixin.py:109} INFO - [2023-10-14 22:40:52,839] {dag.py:2396} INFO - Sync 1 DAGs
[2023-10-14 22:40:52,846] {logging_mixin.py:109} INFO - [2023-10-14 22:40:52,845] {dag.py:2935} INFO - Setting next_dagrun for example_dag_decorator to None
[2023-10-14 22:40:52,853] {processor.py:171} INFO - Processing /Users/namyoung/Desktop/myprj/airflow/airflow/lib/python3.7/site-packages/airflow/example_dags/example_dag_decorator.py took 0.176 seconds
[2023-10-15 00:18:01,913] {processor.py:163} INFO - Started process (PID=25121) to work on /Users/namyoung/Desktop/myprj/airflow/airflow/lib/python3.7/site-packages/airflow/example_dags/example_dag_decorator.py
[2023-10-15 00:18:01,913] {processor.py:642} INFO - Processing file /Users/namyoung/Desktop/myprj/airflow/airflow/lib/python3.7/site-packages/airflow/example_dags/example_dag_decorator.py for tasks to queue
[2023-10-15 00:18:01,914] {logging_mixin.py:109} INFO - [2023-10-15 00:18:01,914] {dagbag.py:500} INFO - Filling up the DagBag from /Users/namyoung/Desktop/myprj/airflow/airflow/lib/python3.7/site-packages/airflow/example_dags/example_dag_decorator.py
[2023-10-15 00:18:01,931] {processor.py:654} INFO - DAG(s) dict_keys(['example_dag_decorator']) retrieved from /Users/namyoung/Desktop/myprj/airflow/airflow/lib/python3.7/site-packages/airflow/example_dags/example_dag_decorator.py
[2023-10-15 00:18:02,071] {logging_mixin.py:109} INFO - [2023-10-15 00:18:02,071] {dag.py:2396} INFO - Sync 1 DAGs
[2023-10-15 00:18:02,078] {logging_mixin.py:109} INFO - [2023-10-15 00:18:02,078] {dag.py:2935} INFO - Setting next_dagrun for example_dag_decorator to None
[2023-10-15 00:18:02,084] {processor.py:171} INFO - Processing /Users/namyoung/Desktop/myprj/airflow/airflow/lib/python3.7/site-packages/airflow/example_dags/example_dag_decorator.py took 0.173 seconds
[2023-10-15 01:31:26,505] {processor.py:163} INFO - Started process (PID=25381) to work on /Users/namyoung/Desktop/myprj/airflow/airflow/lib/python3.7/site-packages/airflow/example_dags/example_dag_decorator.py
[2023-10-15 01:31:26,507] {processor.py:642} INFO - Processing file /Users/namyoung/Desktop/myprj/airflow/airflow/lib/python3.7/site-packages/airflow/example_dags/example_dag_decorator.py for tasks to queue
[2023-10-15 01:31:26,509] {logging_mixin.py:109} INFO - [2023-10-15 01:31:26,508] {dagbag.py:500} INFO - Filling up the DagBag from /Users/namyoung/Desktop/myprj/airflow/airflow/lib/python3.7/site-packages/airflow/example_dags/example_dag_decorator.py
[2023-10-15 01:31:26,544] {processor.py:654} INFO - DAG(s) dict_keys(['example_dag_decorator']) retrieved from /Users/namyoung/Desktop/myprj/airflow/airflow/lib/python3.7/site-packages/airflow/example_dags/example_dag_decorator.py
[2023-10-15 01:31:26,681] {logging_mixin.py:109} INFO - [2023-10-15 01:31:26,680] {dag.py:2396} INFO - Sync 1 DAGs
[2023-10-15 01:31:26,687] {logging_mixin.py:109} INFO - [2023-10-15 01:31:26,687] {dag.py:2935} INFO - Setting next_dagrun for example_dag_decorator to None
[2023-10-15 01:31:26,692] {processor.py:171} INFO - Processing /Users/namyoung/Desktop/myprj/airflow/airflow/lib/python3.7/site-packages/airflow/example_dags/example_dag_decorator.py took 0.193 seconds
[2023-10-15 03:25:39,488] {processor.py:163} INFO - Started process (PID=25519) to work on /Users/namyoung/Desktop/myprj/airflow/airflow/lib/python3.7/site-packages/airflow/example_dags/example_dag_decorator.py
[2023-10-15 03:25:39,490] {processor.py:642} INFO - Processing file /Users/namyoung/Desktop/myprj/airflow/airflow/lib/python3.7/site-packages/airflow/example_dags/example_dag_decorator.py for tasks to queue
[2023-10-15 03:25:39,491] {logging_mixin.py:109} INFO - [2023-10-15 03:25:39,491] {dagbag.py:500} INFO - Filling up the DagBag from /Users/namyoung/Desktop/myprj/airflow/airflow/lib/python3.7/site-packages/airflow/example_dags/example_dag_decorator.py
[2023-10-15 03:25:39,520] {processor.py:654} INFO - DAG(s) dict_keys(['example_dag_decorator']) retrieved from /Users/namyoung/Desktop/myprj/airflow/airflow/lib/python3.7/site-packages/airflow/example_dags/example_dag_decorator.py
[2023-10-15 03:25:39,659] {logging_mixin.py:109} INFO - [2023-10-15 03:25:39,659] {dag.py:2396} INFO - Sync 1 DAGs
[2023-10-15 03:25:39,665] {logging_mixin.py:109} INFO - [2023-10-15 03:25:39,665] {dag.py:2935} INFO - Setting next_dagrun for example_dag_decorator to None
[2023-10-15 03:25:39,672] {processor.py:171} INFO - Processing /Users/namyoung/Desktop/myprj/airflow/airflow/lib/python3.7/site-packages/airflow/example_dags/example_dag_decorator.py took 0.188 seconds
[2023-10-15 04:48:09,591] {processor.py:163} INFO - Started process (PID=25783) to work on /Users/namyoung/Desktop/myprj/airflow/airflow/lib/python3.7/site-packages/airflow/example_dags/example_dag_decorator.py
[2023-10-15 04:48:09,592] {processor.py:642} INFO - Processing file /Users/namyoung/Desktop/myprj/airflow/airflow/lib/python3.7/site-packages/airflow/example_dags/example_dag_decorator.py for tasks to queue
[2023-10-15 04:48:09,593] {logging_mixin.py:109} INFO - [2023-10-15 04:48:09,592] {dagbag.py:500} INFO - Filling up the DagBag from /Users/namyoung/Desktop/myprj/airflow/airflow/lib/python3.7/site-packages/airflow/example_dags/example_dag_decorator.py
[2023-10-15 04:48:09,610] {processor.py:654} INFO - DAG(s) dict_keys(['example_dag_decorator']) retrieved from /Users/namyoung/Desktop/myprj/airflow/airflow/lib/python3.7/site-packages/airflow/example_dags/example_dag_decorator.py
[2023-10-15 05:05:53,602] {logging_mixin.py:109} INFO - [2023-10-15 05:05:53,602] {dag.py:2396} INFO - Sync 1 DAGs
[2023-10-15 05:05:53,609] {logging_mixin.py:109} INFO - [2023-10-15 05:05:53,608] {dag.py:2935} INFO - Setting next_dagrun for example_dag_decorator to None
[2023-10-15 05:05:53,614] {processor.py:171} INFO - Processing /Users/namyoung/Desktop/myprj/airflow/airflow/lib/python3.7/site-packages/airflow/example_dags/example_dag_decorator.py took 0.479 seconds
[2023-10-15 06:43:08,644] {processor.py:163} INFO - Started process (PID=25943) to work on /Users/namyoung/Desktop/myprj/airflow/airflow/lib/python3.7/site-packages/airflow/example_dags/example_dag_decorator.py
[2023-10-15 06:43:08,644] {processor.py:642} INFO - Processing file /Users/namyoung/Desktop/myprj/airflow/airflow/lib/python3.7/site-packages/airflow/example_dags/example_dag_decorator.py for tasks to queue
[2023-10-15 06:43:08,645] {logging_mixin.py:109} INFO - [2023-10-15 06:43:08,645] {dagbag.py:500} INFO - Filling up the DagBag from /Users/namyoung/Desktop/myprj/airflow/airflow/lib/python3.7/site-packages/airflow/example_dags/example_dag_decorator.py
[2023-10-15 06:43:08,670] {processor.py:654} INFO - DAG(s) dict_keys(['example_dag_decorator']) retrieved from /Users/namyoung/Desktop/myprj/airflow/airflow/lib/python3.7/site-packages/airflow/example_dags/example_dag_decorator.py
[2023-10-15 06:43:08,821] {logging_mixin.py:109} INFO - [2023-10-15 06:43:08,820] {dag.py:2396} INFO - Sync 1 DAGs
[2023-10-15 06:43:08,863] {logging_mixin.py:109} INFO - [2023-10-15 06:43:08,863] {dag.py:2935} INFO - Setting next_dagrun for example_dag_decorator to None
[2023-10-15 06:43:08,873] {processor.py:171} INFO - Processing /Users/namyoung/Desktop/myprj/airflow/airflow/lib/python3.7/site-packages/airflow/example_dags/example_dag_decorator.py took 0.231 seconds
[2023-10-15 08:23:38,941] {processor.py:163} INFO - Started process (PID=26206) to work on /Users/namyoung/Desktop/myprj/airflow/airflow/lib/python3.7/site-packages/airflow/example_dags/example_dag_decorator.py
[2023-10-15 08:23:38,943] {processor.py:642} INFO - Processing file /Users/namyoung/Desktop/myprj/airflow/airflow/lib/python3.7/site-packages/airflow/example_dags/example_dag_decorator.py for tasks to queue
[2023-10-15 08:23:38,944] {logging_mixin.py:109} INFO - [2023-10-15 08:23:38,944] {dagbag.py:500} INFO - Filling up the DagBag from /Users/namyoung/Desktop/myprj/airflow/airflow/lib/python3.7/site-packages/airflow/example_dags/example_dag_decorator.py
[2023-10-15 08:23:38,978] {processor.py:654} INFO - DAG(s) dict_keys(['example_dag_decorator']) retrieved from /Users/namyoung/Desktop/myprj/airflow/airflow/lib/python3.7/site-packages/airflow/example_dags/example_dag_decorator.py
[2023-10-15 08:23:39,098] {logging_mixin.py:109} INFO - [2023-10-15 08:23:39,098] {dag.py:2396} INFO - Sync 1 DAGs
[2023-10-15 08:23:39,104] {logging_mixin.py:109} INFO - [2023-10-15 08:23:39,104] {dag.py:2935} INFO - Setting next_dagrun for example_dag_decorator to None
[2023-10-15 08:23:39,109] {processor.py:171} INFO - Processing /Users/namyoung/Desktop/myprj/airflow/airflow/lib/python3.7/site-packages/airflow/example_dags/example_dag_decorator.py took 0.175 seconds
