[2023-10-14 09:37:33,613] {processor.py:163} INFO - Started process (PID=23326) to work on /Users/namyoung/Desktop/myprj/airflow/airflow/lib/python3.7/site-packages/airflow/example_dags/example_short_circuit_operator.py
[2023-10-14 09:37:33,615] {processor.py:642} INFO - Processing file /Users/namyoung/Desktop/myprj/airflow/airflow/lib/python3.7/site-packages/airflow/example_dags/example_short_circuit_operator.py for tasks to queue
[2023-10-14 09:37:33,617] {logging_mixin.py:109} INFO - [2023-10-14 09:37:33,616] {dagbag.py:500} INFO - Filling up the DagBag from /Users/namyoung/Desktop/myprj/airflow/airflow/lib/python3.7/site-packages/airflow/example_dags/example_short_circuit_operator.py
[2023-10-14 09:37:33,645] {processor.py:654} INFO - DAG(s) dict_keys(['example_short_circuit_operator']) retrieved from /Users/namyoung/Desktop/myprj/airflow/airflow/lib/python3.7/site-packages/airflow/example_dags/example_short_circuit_operator.py
[2023-10-14 09:37:33,654] {logging_mixin.py:109} INFO - [2023-10-14 09:37:33,653] {dag.py:2396} INFO - Sync 1 DAGs
[2023-10-14 09:37:33,662] {logging_mixin.py:109} INFO - [2023-10-14 09:37:33,661] {dag.py:2935} INFO - Setting next_dagrun for example_short_circuit_operator to 2023-10-13T00:37:33.661707+00:00
[2023-10-14 09:37:33,667] {processor.py:171} INFO - Processing /Users/namyoung/Desktop/myprj/airflow/airflow/lib/python3.7/site-packages/airflow/example_dags/example_short_circuit_operator.py took 0.060 seconds
[2023-10-14 11:18:31,337] {processor.py:163} INFO - Started process (PID=23467) to work on /Users/namyoung/Desktop/myprj/airflow/airflow/lib/python3.7/site-packages/airflow/example_dags/example_short_circuit_operator.py
[2023-10-14 11:18:31,339] {processor.py:642} INFO - Processing file /Users/namyoung/Desktop/myprj/airflow/airflow/lib/python3.7/site-packages/airflow/example_dags/example_short_circuit_operator.py for tasks to queue
[2023-10-14 11:18:31,340] {logging_mixin.py:109} INFO - [2023-10-14 11:18:31,339] {dagbag.py:500} INFO - Filling up the DagBag from /Users/namyoung/Desktop/myprj/airflow/airflow/lib/python3.7/site-packages/airflow/example_dags/example_short_circuit_operator.py
[2023-10-14 11:18:31,365] {processor.py:654} INFO - DAG(s) dict_keys(['example_short_circuit_operator']) retrieved from /Users/namyoung/Desktop/myprj/airflow/airflow/lib/python3.7/site-packages/airflow/example_dags/example_short_circuit_operator.py
[2023-10-14 11:18:31,373] {logging_mixin.py:109} INFO - [2023-10-14 11:18:31,373] {dag.py:2396} INFO - Sync 1 DAGs
[2023-10-14 11:18:31,382] {logging_mixin.py:109} INFO - [2023-10-14 11:18:31,382] {dag.py:2935} INFO - Setting next_dagrun for example_short_circuit_operator to 2023-10-13T02:18:31.381898+00:00
[2023-10-14 11:18:31,388] {processor.py:171} INFO - Processing /Users/namyoung/Desktop/myprj/airflow/airflow/lib/python3.7/site-packages/airflow/example_dags/example_short_circuit_operator.py took 0.057 seconds
[2023-10-14 12:53:08,317] {processor.py:163} INFO - Started process (PID=23725) to work on /Users/namyoung/Desktop/myprj/airflow/airflow/lib/python3.7/site-packages/airflow/example_dags/example_short_circuit_operator.py
[2023-10-14 12:53:08,319] {processor.py:642} INFO - Processing file /Users/namyoung/Desktop/myprj/airflow/airflow/lib/python3.7/site-packages/airflow/example_dags/example_short_circuit_operator.py for tasks to queue
[2023-10-14 12:53:08,320] {logging_mixin.py:109} INFO - [2023-10-14 12:53:08,320] {dagbag.py:500} INFO - Filling up the DagBag from /Users/namyoung/Desktop/myprj/airflow/airflow/lib/python3.7/site-packages/airflow/example_dags/example_short_circuit_operator.py
[2023-10-14 12:53:08,347] {processor.py:654} INFO - DAG(s) dict_keys(['example_short_circuit_operator']) retrieved from /Users/namyoung/Desktop/myprj/airflow/airflow/lib/python3.7/site-packages/airflow/example_dags/example_short_circuit_operator.py
[2023-10-14 12:53:08,355] {logging_mixin.py:109} INFO - [2023-10-14 12:53:08,355] {dag.py:2396} INFO - Sync 1 DAGs
[2023-10-14 12:53:08,363] {logging_mixin.py:109} INFO - [2023-10-14 12:53:08,363] {dag.py:2935} INFO - Setting next_dagrun for example_short_circuit_operator to 2023-10-13T03:53:08.363288+00:00
[2023-10-14 12:53:08,369] {processor.py:171} INFO - Processing /Users/namyoung/Desktop/myprj/airflow/airflow/lib/python3.7/site-packages/airflow/example_dags/example_short_circuit_operator.py took 0.057 seconds
[2023-10-14 14:27:18,106] {processor.py:163} INFO - Started process (PID=23870) to work on /Users/namyoung/Desktop/myprj/airflow/airflow/lib/python3.7/site-packages/airflow/example_dags/example_short_circuit_operator.py
[2023-10-14 14:27:18,108] {processor.py:642} INFO - Processing file /Users/namyoung/Desktop/myprj/airflow/airflow/lib/python3.7/site-packages/airflow/example_dags/example_short_circuit_operator.py for tasks to queue
[2023-10-14 14:27:18,109] {logging_mixin.py:109} INFO - [2023-10-14 14:27:18,109] {dagbag.py:500} INFO - Filling up the DagBag from /Users/namyoung/Desktop/myprj/airflow/airflow/lib/python3.7/site-packages/airflow/example_dags/example_short_circuit_operator.py
[2023-10-14 14:27:18,135] {processor.py:654} INFO - DAG(s) dict_keys(['example_short_circuit_operator']) retrieved from /Users/namyoung/Desktop/myprj/airflow/airflow/lib/python3.7/site-packages/airflow/example_dags/example_short_circuit_operator.py
[2023-10-14 14:27:18,143] {logging_mixin.py:109} INFO - [2023-10-14 14:27:18,143] {dag.py:2396} INFO - Sync 1 DAGs
[2023-10-14 14:27:18,152] {logging_mixin.py:109} INFO - [2023-10-14 14:27:18,152] {dag.py:2935} INFO - Setting next_dagrun for example_short_circuit_operator to 2023-10-13T05:27:18.152460+00:00
[2023-10-14 14:27:18,159] {processor.py:171} INFO - Processing /Users/namyoung/Desktop/myprj/airflow/airflow/lib/python3.7/site-packages/airflow/example_dags/example_short_circuit_operator.py took 0.059 seconds
[2023-10-14 16:05:04,130] {processor.py:163} INFO - Started process (PID=24129) to work on /Users/namyoung/Desktop/myprj/airflow/airflow/lib/python3.7/site-packages/airflow/example_dags/example_short_circuit_operator.py
[2023-10-14 16:05:04,131] {processor.py:642} INFO - Processing file /Users/namyoung/Desktop/myprj/airflow/airflow/lib/python3.7/site-packages/airflow/example_dags/example_short_circuit_operator.py for tasks to queue
[2023-10-14 16:05:04,133] {logging_mixin.py:109} INFO - [2023-10-14 16:05:04,132] {dagbag.py:500} INFO - Filling up the DagBag from /Users/namyoung/Desktop/myprj/airflow/airflow/lib/python3.7/site-packages/airflow/example_dags/example_short_circuit_operator.py
[2023-10-14 16:05:04,159] {processor.py:654} INFO - DAG(s) dict_keys(['example_short_circuit_operator']) retrieved from /Users/namyoung/Desktop/myprj/airflow/airflow/lib/python3.7/site-packages/airflow/example_dags/example_short_circuit_operator.py
[2023-10-14 16:05:04,167] {logging_mixin.py:109} INFO - [2023-10-14 16:05:04,167] {dag.py:2396} INFO - Sync 1 DAGs
[2023-10-14 16:05:04,176] {logging_mixin.py:109} INFO - [2023-10-14 16:05:04,175] {dag.py:2935} INFO - Setting next_dagrun for example_short_circuit_operator to 2023-10-13T07:05:04.175723+00:00
[2023-10-14 16:05:04,181] {processor.py:171} INFO - Processing /Users/namyoung/Desktop/myprj/airflow/airflow/lib/python3.7/site-packages/airflow/example_dags/example_short_circuit_operator.py took 0.057 seconds
[2023-10-14 17:30:11,520] {processor.py:163} INFO - Started process (PID=24263) to work on /Users/namyoung/Desktop/myprj/airflow/airflow/lib/python3.7/site-packages/airflow/example_dags/example_short_circuit_operator.py
[2023-10-14 17:30:11,522] {processor.py:642} INFO - Processing file /Users/namyoung/Desktop/myprj/airflow/airflow/lib/python3.7/site-packages/airflow/example_dags/example_short_circuit_operator.py for tasks to queue
[2023-10-14 17:30:11,523] {logging_mixin.py:109} INFO - [2023-10-14 17:30:11,522] {dagbag.py:500} INFO - Filling up the DagBag from /Users/namyoung/Desktop/myprj/airflow/airflow/lib/python3.7/site-packages/airflow/example_dags/example_short_circuit_operator.py
[2023-10-14 17:30:11,549] {processor.py:654} INFO - DAG(s) dict_keys(['example_short_circuit_operator']) retrieved from /Users/namyoung/Desktop/myprj/airflow/airflow/lib/python3.7/site-packages/airflow/example_dags/example_short_circuit_operator.py
[2023-10-14 17:30:11,558] {logging_mixin.py:109} INFO - [2023-10-14 17:30:11,557] {dag.py:2396} INFO - Sync 1 DAGs
[2023-10-14 17:30:11,566] {logging_mixin.py:109} INFO - [2023-10-14 17:30:11,566] {dag.py:2935} INFO - Setting next_dagrun for example_short_circuit_operator to 2023-10-13T08:30:11.566153+00:00
[2023-10-14 17:30:11,572] {processor.py:171} INFO - Processing /Users/namyoung/Desktop/myprj/airflow/airflow/lib/python3.7/site-packages/airflow/example_dags/example_short_circuit_operator.py took 0.057 seconds
[2023-10-14 18:49:53,620] {processor.py:163} INFO - Started process (PID=24516) to work on /Users/namyoung/Desktop/myprj/airflow/airflow/lib/python3.7/site-packages/airflow/example_dags/example_short_circuit_operator.py
[2023-10-14 18:49:53,622] {processor.py:642} INFO - Processing file /Users/namyoung/Desktop/myprj/airflow/airflow/lib/python3.7/site-packages/airflow/example_dags/example_short_circuit_operator.py for tasks to queue
[2023-10-14 18:49:53,623] {logging_mixin.py:109} INFO - [2023-10-14 18:49:53,623] {dagbag.py:500} INFO - Filling up the DagBag from /Users/namyoung/Desktop/myprj/airflow/airflow/lib/python3.7/site-packages/airflow/example_dags/example_short_circuit_operator.py
[2023-10-14 18:49:53,643] {processor.py:654} INFO - DAG(s) dict_keys(['example_short_circuit_operator']) retrieved from /Users/namyoung/Desktop/myprj/airflow/airflow/lib/python3.7/site-packages/airflow/example_dags/example_short_circuit_operator.py
[2023-10-14 18:49:53,649] {logging_mixin.py:109} INFO - [2023-10-14 18:49:53,649] {dag.py:2396} INFO - Sync 1 DAGs
[2023-10-14 18:49:53,659] {logging_mixin.py:109} INFO - [2023-10-14 18:49:53,659] {dag.py:2935} INFO - Setting next_dagrun for example_short_circuit_operator to 2023-10-13T09:49:53.658970+00:00
[2023-10-14 18:49:53,665] {processor.py:171} INFO - Processing /Users/namyoung/Desktop/myprj/airflow/airflow/lib/python3.7/site-packages/airflow/example_dags/example_short_circuit_operator.py took 0.051 seconds
[2023-10-14 20:27:44,136] {processor.py:163} INFO - Started process (PID=24646) to work on /Users/namyoung/Desktop/myprj/airflow/airflow/lib/python3.7/site-packages/airflow/example_dags/example_short_circuit_operator.py
[2023-10-14 20:27:44,136] {processor.py:642} INFO - Processing file /Users/namyoung/Desktop/myprj/airflow/airflow/lib/python3.7/site-packages/airflow/example_dags/example_short_circuit_operator.py for tasks to queue
[2023-10-14 20:27:44,137] {logging_mixin.py:109} INFO - [2023-10-14 20:27:44,137] {dagbag.py:500} INFO - Filling up the DagBag from /Users/namyoung/Desktop/myprj/airflow/airflow/lib/python3.7/site-packages/airflow/example_dags/example_short_circuit_operator.py
[2023-10-14 20:27:44,151] {processor.py:654} INFO - DAG(s) dict_keys(['example_short_circuit_operator']) retrieved from /Users/namyoung/Desktop/myprj/airflow/airflow/lib/python3.7/site-packages/airflow/example_dags/example_short_circuit_operator.py
[2023-10-14 20:27:44,156] {logging_mixin.py:109} INFO - [2023-10-14 20:27:44,156] {dag.py:2396} INFO - Sync 1 DAGs
[2023-10-14 20:27:44,164] {logging_mixin.py:109} INFO - [2023-10-14 20:27:44,164] {dag.py:2935} INFO - Setting next_dagrun for example_short_circuit_operator to 2023-10-13T11:27:44.163929+00:00
[2023-10-14 20:27:44,170] {processor.py:171} INFO - Processing /Users/namyoung/Desktop/myprj/airflow/airflow/lib/python3.7/site-packages/airflow/example_dags/example_short_circuit_operator.py took 0.036 seconds
[2023-10-14 22:10:34,031] {processor.py:163} INFO - Started process (PID=24926) to work on /Users/namyoung/Desktop/myprj/airflow/airflow/lib/python3.7/site-packages/airflow/example_dags/example_short_circuit_operator.py
[2023-10-14 22:10:34,033] {processor.py:642} INFO - Processing file /Users/namyoung/Desktop/myprj/airflow/airflow/lib/python3.7/site-packages/airflow/example_dags/example_short_circuit_operator.py for tasks to queue
[2023-10-14 22:10:34,034] {logging_mixin.py:109} INFO - [2023-10-14 22:10:34,034] {dagbag.py:500} INFO - Filling up the DagBag from /Users/namyoung/Desktop/myprj/airflow/airflow/lib/python3.7/site-packages/airflow/example_dags/example_short_circuit_operator.py
[2023-10-14 22:10:34,054] {processor.py:654} INFO - DAG(s) dict_keys(['example_short_circuit_operator']) retrieved from /Users/namyoung/Desktop/myprj/airflow/airflow/lib/python3.7/site-packages/airflow/example_dags/example_short_circuit_operator.py
[2023-10-14 22:10:34,060] {logging_mixin.py:109} INFO - [2023-10-14 22:10:34,060] {dag.py:2396} INFO - Sync 1 DAGs
[2023-10-14 22:10:34,069] {logging_mixin.py:109} INFO - [2023-10-14 22:10:34,069] {dag.py:2935} INFO - Setting next_dagrun for example_short_circuit_operator to 2023-10-13T13:10:34.069263+00:00
[2023-10-14 22:10:34,076] {processor.py:171} INFO - Processing /Users/namyoung/Desktop/myprj/airflow/airflow/lib/python3.7/site-packages/airflow/example_dags/example_short_circuit_operator.py took 0.050 seconds
[2023-10-14 23:45:40,076] {processor.py:163} INFO - Started process (PID=25075) to work on /Users/namyoung/Desktop/myprj/airflow/airflow/lib/python3.7/site-packages/airflow/example_dags/example_short_circuit_operator.py
[2023-10-14 23:45:40,078] {processor.py:642} INFO - Processing file /Users/namyoung/Desktop/myprj/airflow/airflow/lib/python3.7/site-packages/airflow/example_dags/example_short_circuit_operator.py for tasks to queue
[2023-10-14 23:45:40,079] {logging_mixin.py:109} INFO - [2023-10-14 23:45:40,079] {dagbag.py:500} INFO - Filling up the DagBag from /Users/namyoung/Desktop/myprj/airflow/airflow/lib/python3.7/site-packages/airflow/example_dags/example_short_circuit_operator.py
[2023-10-14 23:45:40,105] {processor.py:654} INFO - DAG(s) dict_keys(['example_short_circuit_operator']) retrieved from /Users/namyoung/Desktop/myprj/airflow/airflow/lib/python3.7/site-packages/airflow/example_dags/example_short_circuit_operator.py
[2023-10-14 23:45:40,113] {logging_mixin.py:109} INFO - [2023-10-14 23:45:40,113] {dag.py:2396} INFO - Sync 1 DAGs
[2023-10-14 23:45:40,121] {logging_mixin.py:109} INFO - [2023-10-14 23:45:40,121] {dag.py:2935} INFO - Setting next_dagrun for example_short_circuit_operator to 2023-10-13T14:45:40.121224+00:00
[2023-10-14 23:45:40,126] {processor.py:171} INFO - Processing /Users/namyoung/Desktop/myprj/airflow/airflow/lib/python3.7/site-packages/airflow/example_dags/example_short_circuit_operator.py took 0.056 seconds
[2023-10-15 01:22:35,102] {processor.py:163} INFO - Started process (PID=25348) to work on /Users/namyoung/Desktop/myprj/airflow/airflow/lib/python3.7/site-packages/airflow/example_dags/example_short_circuit_operator.py
[2023-10-15 01:22:35,104] {processor.py:642} INFO - Processing file /Users/namyoung/Desktop/myprj/airflow/airflow/lib/python3.7/site-packages/airflow/example_dags/example_short_circuit_operator.py for tasks to queue
[2023-10-15 01:22:35,105] {logging_mixin.py:109} INFO - [2023-10-15 01:22:35,105] {dagbag.py:500} INFO - Filling up the DagBag from /Users/namyoung/Desktop/myprj/airflow/airflow/lib/python3.7/site-packages/airflow/example_dags/example_short_circuit_operator.py
[2023-10-15 01:22:35,131] {processor.py:654} INFO - DAG(s) dict_keys(['example_short_circuit_operator']) retrieved from /Users/namyoung/Desktop/myprj/airflow/airflow/lib/python3.7/site-packages/airflow/example_dags/example_short_circuit_operator.py
[2023-10-15 01:22:35,139] {logging_mixin.py:109} INFO - [2023-10-15 01:22:35,139] {dag.py:2396} INFO - Sync 1 DAGs
[2023-10-15 01:22:35,147] {logging_mixin.py:109} INFO - [2023-10-15 01:22:35,147] {dag.py:2935} INFO - Setting next_dagrun for example_short_circuit_operator to 2023-10-13T16:22:35.147292+00:00
[2023-10-15 01:22:35,153] {processor.py:171} INFO - Processing /Users/namyoung/Desktop/myprj/airflow/airflow/lib/python3.7/site-packages/airflow/example_dags/example_short_circuit_operator.py took 0.056 seconds
[2023-10-15 02:52:40,534] {processor.py:163} INFO - Started process (PID=25491) to work on /Users/namyoung/Desktop/myprj/airflow/airflow/lib/python3.7/site-packages/airflow/example_dags/example_short_circuit_operator.py
[2023-10-15 02:52:40,535] {processor.py:642} INFO - Processing file /Users/namyoung/Desktop/myprj/airflow/airflow/lib/python3.7/site-packages/airflow/example_dags/example_short_circuit_operator.py for tasks to queue
[2023-10-15 02:52:40,535] {logging_mixin.py:109} INFO - [2023-10-15 02:52:40,535] {dagbag.py:500} INFO - Filling up the DagBag from /Users/namyoung/Desktop/myprj/airflow/airflow/lib/python3.7/site-packages/airflow/example_dags/example_short_circuit_operator.py
[2023-10-15 02:52:40,548] {processor.py:654} INFO - DAG(s) dict_keys(['example_short_circuit_operator']) retrieved from /Users/namyoung/Desktop/myprj/airflow/airflow/lib/python3.7/site-packages/airflow/example_dags/example_short_circuit_operator.py
[2023-10-15 02:52:40,553] {logging_mixin.py:109} INFO - [2023-10-15 02:52:40,553] {dag.py:2396} INFO - Sync 1 DAGs
[2023-10-15 02:52:40,560] {logging_mixin.py:109} INFO - [2023-10-15 02:52:40,560] {dag.py:2935} INFO - Setting next_dagrun for example_short_circuit_operator to 2023-10-13T17:52:40.560499+00:00
[2023-10-15 02:52:40,566] {processor.py:171} INFO - Processing /Users/namyoung/Desktop/myprj/airflow/airflow/lib/python3.7/site-packages/airflow/example_dags/example_short_circuit_operator.py took 0.034 seconds
[2023-10-15 04:31:52,262] {processor.py:163} INFO - Started process (PID=25760) to work on /Users/namyoung/Desktop/myprj/airflow/airflow/lib/python3.7/site-packages/airflow/example_dags/example_short_circuit_operator.py
[2023-10-15 04:31:52,263] {processor.py:642} INFO - Processing file /Users/namyoung/Desktop/myprj/airflow/airflow/lib/python3.7/site-packages/airflow/example_dags/example_short_circuit_operator.py for tasks to queue
[2023-10-15 04:31:52,263] {logging_mixin.py:109} INFO - [2023-10-15 04:31:52,263] {dagbag.py:500} INFO - Filling up the DagBag from /Users/namyoung/Desktop/myprj/airflow/airflow/lib/python3.7/site-packages/airflow/example_dags/example_short_circuit_operator.py
[2023-10-15 04:31:52,276] {processor.py:654} INFO - DAG(s) dict_keys(['example_short_circuit_operator']) retrieved from /Users/namyoung/Desktop/myprj/airflow/airflow/lib/python3.7/site-packages/airflow/example_dags/example_short_circuit_operator.py
[2023-10-15 04:31:52,282] {logging_mixin.py:109} INFO - [2023-10-15 04:31:52,282] {dag.py:2396} INFO - Sync 1 DAGs
[2023-10-15 04:31:52,289] {logging_mixin.py:109} INFO - [2023-10-15 04:31:52,289] {dag.py:2935} INFO - Setting next_dagrun for example_short_circuit_operator to 2023-10-13T19:31:52.289565+00:00
[2023-10-15 04:31:52,295] {processor.py:171} INFO - Processing /Users/namyoung/Desktop/myprj/airflow/airflow/lib/python3.7/site-packages/airflow/example_dags/example_short_circuit_operator.py took 0.035 seconds
[2023-10-15 06:09:51,029] {processor.py:163} INFO - Started process (PID=25895) to work on /Users/namyoung/Desktop/myprj/airflow/airflow/lib/python3.7/site-packages/airflow/example_dags/example_short_circuit_operator.py
[2023-10-15 06:09:51,031] {processor.py:642} INFO - Processing file /Users/namyoung/Desktop/myprj/airflow/airflow/lib/python3.7/site-packages/airflow/example_dags/example_short_circuit_operator.py for tasks to queue
[2023-10-15 06:09:51,032] {logging_mixin.py:109} INFO - [2023-10-15 06:09:51,032] {dagbag.py:500} INFO - Filling up the DagBag from /Users/namyoung/Desktop/myprj/airflow/airflow/lib/python3.7/site-packages/airflow/example_dags/example_short_circuit_operator.py
[2023-10-15 06:09:51,057] {processor.py:654} INFO - DAG(s) dict_keys(['example_short_circuit_operator']) retrieved from /Users/namyoung/Desktop/myprj/airflow/airflow/lib/python3.7/site-packages/airflow/example_dags/example_short_circuit_operator.py
[2023-10-15 06:09:51,065] {logging_mixin.py:109} INFO - [2023-10-15 06:09:51,065] {dag.py:2396} INFO - Sync 1 DAGs
[2023-10-15 06:09:51,073] {logging_mixin.py:109} INFO - [2023-10-15 06:09:51,073] {dag.py:2935} INFO - Setting next_dagrun for example_short_circuit_operator to 2023-10-13T21:09:51.073336+00:00
[2023-10-15 06:09:51,079] {processor.py:171} INFO - Processing /Users/namyoung/Desktop/myprj/airflow/airflow/lib/python3.7/site-packages/airflow/example_dags/example_short_circuit_operator.py took 0.056 seconds
[2023-10-15 08:06:46,479] {processor.py:163} INFO - Started process (PID=26170) to work on /Users/namyoung/Desktop/myprj/airflow/airflow/lib/python3.7/site-packages/airflow/example_dags/example_short_circuit_operator.py
[2023-10-15 08:06:46,481] {processor.py:642} INFO - Processing file /Users/namyoung/Desktop/myprj/airflow/airflow/lib/python3.7/site-packages/airflow/example_dags/example_short_circuit_operator.py for tasks to queue
[2023-10-15 08:06:46,481] {logging_mixin.py:109} INFO - [2023-10-15 08:06:46,481] {dagbag.py:500} INFO - Filling up the DagBag from /Users/namyoung/Desktop/myprj/airflow/airflow/lib/python3.7/site-packages/airflow/example_dags/example_short_circuit_operator.py
[2023-10-15 08:06:46,503] {processor.py:654} INFO - DAG(s) dict_keys(['example_short_circuit_operator']) retrieved from /Users/namyoung/Desktop/myprj/airflow/airflow/lib/python3.7/site-packages/airflow/example_dags/example_short_circuit_operator.py
[2023-10-15 08:06:46,513] {logging_mixin.py:109} INFO - [2023-10-15 08:06:46,513] {dag.py:2396} INFO - Sync 1 DAGs
[2023-10-15 08:06:46,525] {logging_mixin.py:109} INFO - [2023-10-15 08:06:46,525] {dag.py:2935} INFO - Setting next_dagrun for example_short_circuit_operator to 2023-10-13T23:06:46.524887+00:00
[2023-10-15 08:06:46,540] {processor.py:171} INFO - Processing /Users/namyoung/Desktop/myprj/airflow/airflow/lib/python3.7/site-packages/airflow/example_dags/example_short_circuit_operator.py took 0.066 seconds
