[2023-10-14 10:10:52,028] {processor.py:163} INFO - Started process (PID=23372) to work on /Users/namyoung/Desktop/myprj/airflow/airflow/lib/python3.7/site-packages/airflow/example_dags/example_branch_python_dop_operator_3.py
[2023-10-14 10:10:52,030] {processor.py:642} INFO - Processing file /Users/namyoung/Desktop/myprj/airflow/airflow/lib/python3.7/site-packages/airflow/example_dags/example_branch_python_dop_operator_3.py for tasks to queue
[2023-10-14 10:10:52,031] {logging_mixin.py:109} INFO - [2023-10-14 10:10:52,031] {dagbag.py:500} INFO - Filling up the DagBag from /Users/namyoung/Desktop/myprj/airflow/airflow/lib/python3.7/site-packages/airflow/example_dags/example_branch_python_dop_operator_3.py
[2023-10-14 10:10:52,063] {processor.py:654} INFO - DAG(s) dict_keys(['example_branch_dop_operator_v3']) retrieved from /Users/namyoung/Desktop/myprj/airflow/airflow/lib/python3.7/site-packages/airflow/example_dags/example_branch_python_dop_operator_3.py
[2023-10-14 10:10:52,071] {logging_mixin.py:109} INFO - [2023-10-14 10:10:52,071] {dag.py:2396} INFO - Sync 1 DAGs
[2023-10-14 10:10:52,082] {logging_mixin.py:109} INFO - [2023-10-14 10:10:52,082] {dag.py:2935} INFO - Setting next_dagrun for example_branch_dop_operator_v3 to 2023-10-14T01:09:00+00:00
[2023-10-14 10:10:52,087] {processor.py:171} INFO - Processing /Users/namyoung/Desktop/myprj/airflow/airflow/lib/python3.7/site-packages/airflow/example_dags/example_branch_python_dop_operator_3.py took 0.065 seconds
[2023-10-14 11:50:31,476] {processor.py:163} INFO - Started process (PID=23517) to work on /Users/namyoung/Desktop/myprj/airflow/airflow/lib/python3.7/site-packages/airflow/example_dags/example_branch_python_dop_operator_3.py
[2023-10-14 11:50:31,477] {processor.py:642} INFO - Processing file /Users/namyoung/Desktop/myprj/airflow/airflow/lib/python3.7/site-packages/airflow/example_dags/example_branch_python_dop_operator_3.py for tasks to queue
[2023-10-14 11:50:31,478] {logging_mixin.py:109} INFO - [2023-10-14 11:50:31,478] {dagbag.py:500} INFO - Filling up the DagBag from /Users/namyoung/Desktop/myprj/airflow/airflow/lib/python3.7/site-packages/airflow/example_dags/example_branch_python_dop_operator_3.py
[2023-10-14 11:50:31,506] {processor.py:654} INFO - DAG(s) dict_keys(['example_branch_dop_operator_v3']) retrieved from /Users/namyoung/Desktop/myprj/airflow/airflow/lib/python3.7/site-packages/airflow/example_dags/example_branch_python_dop_operator_3.py
[2023-10-14 11:50:31,514] {logging_mixin.py:109} INFO - [2023-10-14 11:50:31,514] {dag.py:2396} INFO - Sync 1 DAGs
[2023-10-14 11:50:31,524] {logging_mixin.py:109} INFO - [2023-10-14 11:50:31,524] {dag.py:2935} INFO - Setting next_dagrun for example_branch_dop_operator_v3 to 2023-10-14T02:49:00+00:00
[2023-10-14 11:50:31,530] {processor.py:171} INFO - Processing /Users/namyoung/Desktop/myprj/airflow/airflow/lib/python3.7/site-packages/airflow/example_dags/example_branch_python_dop_operator_3.py took 0.060 seconds
[2023-10-14 13:23:55,288] {processor.py:163} INFO - Started process (PID=23774) to work on /Users/namyoung/Desktop/myprj/airflow/airflow/lib/python3.7/site-packages/airflow/example_dags/example_branch_python_dop_operator_3.py
[2023-10-14 13:23:55,290] {processor.py:642} INFO - Processing file /Users/namyoung/Desktop/myprj/airflow/airflow/lib/python3.7/site-packages/airflow/example_dags/example_branch_python_dop_operator_3.py for tasks to queue
[2023-10-14 13:23:55,291] {logging_mixin.py:109} INFO - [2023-10-14 13:23:55,290] {dagbag.py:500} INFO - Filling up the DagBag from /Users/namyoung/Desktop/myprj/airflow/airflow/lib/python3.7/site-packages/airflow/example_dags/example_branch_python_dop_operator_3.py
[2023-10-14 13:23:55,313] {processor.py:654} INFO - DAG(s) dict_keys(['example_branch_dop_operator_v3']) retrieved from /Users/namyoung/Desktop/myprj/airflow/airflow/lib/python3.7/site-packages/airflow/example_dags/example_branch_python_dop_operator_3.py
[2023-10-14 13:23:55,319] {logging_mixin.py:109} INFO - [2023-10-14 13:23:55,319] {dag.py:2396} INFO - Sync 1 DAGs
[2023-10-14 13:23:55,330] {logging_mixin.py:109} INFO - [2023-10-14 13:23:55,330] {dag.py:2935} INFO - Setting next_dagrun for example_branch_dop_operator_v3 to 2023-10-14T04:22:00+00:00
[2023-10-14 13:23:55,336] {processor.py:171} INFO - Processing /Users/namyoung/Desktop/myprj/airflow/airflow/lib/python3.7/site-packages/airflow/example_dags/example_branch_python_dop_operator_3.py took 0.053 seconds
[2023-10-14 15:00:25,225] {processor.py:163} INFO - Started process (PID=23916) to work on /Users/namyoung/Desktop/myprj/airflow/airflow/lib/python3.7/site-packages/airflow/example_dags/example_branch_python_dop_operator_3.py
[2023-10-14 15:00:25,227] {processor.py:642} INFO - Processing file /Users/namyoung/Desktop/myprj/airflow/airflow/lib/python3.7/site-packages/airflow/example_dags/example_branch_python_dop_operator_3.py for tasks to queue
[2023-10-14 15:00:25,229] {logging_mixin.py:109} INFO - [2023-10-14 15:00:25,228] {dagbag.py:500} INFO - Filling up the DagBag from /Users/namyoung/Desktop/myprj/airflow/airflow/lib/python3.7/site-packages/airflow/example_dags/example_branch_python_dop_operator_3.py
[2023-10-14 15:00:25,256] {processor.py:654} INFO - DAG(s) dict_keys(['example_branch_dop_operator_v3']) retrieved from /Users/namyoung/Desktop/myprj/airflow/airflow/lib/python3.7/site-packages/airflow/example_dags/example_branch_python_dop_operator_3.py
[2023-10-14 15:00:25,264] {logging_mixin.py:109} INFO - [2023-10-14 15:00:25,263] {dag.py:2396} INFO - Sync 1 DAGs
[2023-10-14 15:00:25,275] {logging_mixin.py:109} INFO - [2023-10-14 15:00:25,274] {dag.py:2935} INFO - Setting next_dagrun for example_branch_dop_operator_v3 to 2023-10-14T05:59:00+00:00
[2023-10-14 15:00:25,280] {processor.py:171} INFO - Processing /Users/namyoung/Desktop/myprj/airflow/airflow/lib/python3.7/site-packages/airflow/example_dags/example_branch_python_dop_operator_3.py took 0.060 seconds
[2023-10-14 16:38:05,233] {processor.py:163} INFO - Started process (PID=24180) to work on /Users/namyoung/Desktop/myprj/airflow/airflow/lib/python3.7/site-packages/airflow/example_dags/example_branch_python_dop_operator_3.py
[2023-10-14 16:38:05,235] {processor.py:642} INFO - Processing file /Users/namyoung/Desktop/myprj/airflow/airflow/lib/python3.7/site-packages/airflow/example_dags/example_branch_python_dop_operator_3.py for tasks to queue
[2023-10-14 16:38:05,236] {logging_mixin.py:109} INFO - [2023-10-14 16:38:05,236] {dagbag.py:500} INFO - Filling up the DagBag from /Users/namyoung/Desktop/myprj/airflow/airflow/lib/python3.7/site-packages/airflow/example_dags/example_branch_python_dop_operator_3.py
[2023-10-14 16:38:05,263] {processor.py:654} INFO - DAG(s) dict_keys(['example_branch_dop_operator_v3']) retrieved from /Users/namyoung/Desktop/myprj/airflow/airflow/lib/python3.7/site-packages/airflow/example_dags/example_branch_python_dop_operator_3.py
[2023-10-14 16:38:05,270] {logging_mixin.py:109} INFO - [2023-10-14 16:38:05,270] {dag.py:2396} INFO - Sync 1 DAGs
[2023-10-14 16:38:05,282] {logging_mixin.py:109} INFO - [2023-10-14 16:38:05,281] {dag.py:2935} INFO - Setting next_dagrun for example_branch_dop_operator_v3 to 2023-10-14T07:37:00+00:00
[2023-10-14 16:38:05,287] {processor.py:171} INFO - Processing /Users/namyoung/Desktop/myprj/airflow/airflow/lib/python3.7/site-packages/airflow/example_dags/example_branch_python_dop_operator_3.py took 0.060 seconds
[2023-10-14 18:01:22,763] {processor.py:163} INFO - Started process (PID=24307) to work on /Users/namyoung/Desktop/myprj/airflow/airflow/lib/python3.7/site-packages/airflow/example_dags/example_branch_python_dop_operator_3.py
[2023-10-14 18:01:22,764] {processor.py:642} INFO - Processing file /Users/namyoung/Desktop/myprj/airflow/airflow/lib/python3.7/site-packages/airflow/example_dags/example_branch_python_dop_operator_3.py for tasks to queue
[2023-10-14 18:01:22,764] {logging_mixin.py:109} INFO - [2023-10-14 18:01:22,764] {dagbag.py:500} INFO - Filling up the DagBag from /Users/namyoung/Desktop/myprj/airflow/airflow/lib/python3.7/site-packages/airflow/example_dags/example_branch_python_dop_operator_3.py
[2023-10-14 18:01:22,777] {processor.py:654} INFO - DAG(s) dict_keys(['example_branch_dop_operator_v3']) retrieved from /Users/namyoung/Desktop/myprj/airflow/airflow/lib/python3.7/site-packages/airflow/example_dags/example_branch_python_dop_operator_3.py
[2023-10-14 18:01:22,783] {logging_mixin.py:109} INFO - [2023-10-14 18:01:22,783] {dag.py:2396} INFO - Sync 1 DAGs
[2023-10-14 18:01:22,792] {logging_mixin.py:109} INFO - [2023-10-14 18:01:22,792] {dag.py:2935} INFO - Setting next_dagrun for example_branch_dop_operator_v3 to 2023-10-14T09:00:00+00:00
[2023-10-14 18:01:22,798] {processor.py:171} INFO - Processing /Users/namyoung/Desktop/myprj/airflow/airflow/lib/python3.7/site-packages/airflow/example_dags/example_branch_python_dop_operator_3.py took 0.037 seconds
[2023-10-14 21:02:56,782] {processor.py:163} INFO - Started process (PID=24693) to work on /Users/namyoung/Desktop/myprj/airflow/airflow/lib/python3.7/site-packages/airflow/example_dags/example_branch_python_dop_operator_3.py
[2023-10-14 21:02:56,783] {processor.py:642} INFO - Processing file /Users/namyoung/Desktop/myprj/airflow/airflow/lib/python3.7/site-packages/airflow/example_dags/example_branch_python_dop_operator_3.py for tasks to queue
[2023-10-14 21:02:56,784] {logging_mixin.py:109} INFO - [2023-10-14 21:02:56,784] {dagbag.py:500} INFO - Filling up the DagBag from /Users/namyoung/Desktop/myprj/airflow/airflow/lib/python3.7/site-packages/airflow/example_dags/example_branch_python_dop_operator_3.py
[2023-10-14 21:02:56,797] {processor.py:654} INFO - DAG(s) dict_keys(['example_branch_dop_operator_v3']) retrieved from /Users/namyoung/Desktop/myprj/airflow/airflow/lib/python3.7/site-packages/airflow/example_dags/example_branch_python_dop_operator_3.py
[2023-10-14 21:02:56,803] {logging_mixin.py:109} INFO - [2023-10-14 21:02:56,803] {dag.py:2396} INFO - Sync 1 DAGs
[2023-10-14 21:02:56,813] {logging_mixin.py:109} INFO - [2023-10-14 21:02:56,813] {dag.py:2935} INFO - Setting next_dagrun for example_branch_dop_operator_v3 to 2023-10-14T12:01:00+00:00
[2023-10-14 21:02:56,819] {processor.py:171} INFO - Processing /Users/namyoung/Desktop/myprj/airflow/airflow/lib/python3.7/site-packages/airflow/example_dags/example_branch_python_dop_operator_3.py took 0.039 seconds
[2023-10-14 22:40:55,092] {processor.py:163} INFO - Started process (PID=24974) to work on /Users/namyoung/Desktop/myprj/airflow/airflow/lib/python3.7/site-packages/airflow/example_dags/example_branch_python_dop_operator_3.py
[2023-10-14 22:40:55,094] {processor.py:642} INFO - Processing file /Users/namyoung/Desktop/myprj/airflow/airflow/lib/python3.7/site-packages/airflow/example_dags/example_branch_python_dop_operator_3.py for tasks to queue
[2023-10-14 22:40:55,095] {logging_mixin.py:109} INFO - [2023-10-14 22:40:55,095] {dagbag.py:500} INFO - Filling up the DagBag from /Users/namyoung/Desktop/myprj/airflow/airflow/lib/python3.7/site-packages/airflow/example_dags/example_branch_python_dop_operator_3.py
[2023-10-14 22:40:55,123] {processor.py:654} INFO - DAG(s) dict_keys(['example_branch_dop_operator_v3']) retrieved from /Users/namyoung/Desktop/myprj/airflow/airflow/lib/python3.7/site-packages/airflow/example_dags/example_branch_python_dop_operator_3.py
[2023-10-14 22:40:55,132] {logging_mixin.py:109} INFO - [2023-10-14 22:40:55,131] {dag.py:2396} INFO - Sync 1 DAGs
[2023-10-14 22:40:55,143] {logging_mixin.py:109} INFO - [2023-10-14 22:40:55,143] {dag.py:2935} INFO - Setting next_dagrun for example_branch_dop_operator_v3 to 2023-10-14T13:39:00+00:00
[2023-10-14 22:40:55,148] {processor.py:171} INFO - Processing /Users/namyoung/Desktop/myprj/airflow/airflow/lib/python3.7/site-packages/airflow/example_dags/example_branch_python_dop_operator_3.py took 0.062 seconds
[2023-10-15 00:18:04,268] {processor.py:163} INFO - Started process (PID=25127) to work on /Users/namyoung/Desktop/myprj/airflow/airflow/lib/python3.7/site-packages/airflow/example_dags/example_branch_python_dop_operator_3.py
[2023-10-15 00:18:04,271] {processor.py:642} INFO - Processing file /Users/namyoung/Desktop/myprj/airflow/airflow/lib/python3.7/site-packages/airflow/example_dags/example_branch_python_dop_operator_3.py for tasks to queue
[2023-10-15 00:18:04,272] {logging_mixin.py:109} INFO - [2023-10-15 00:18:04,272] {dagbag.py:500} INFO - Filling up the DagBag from /Users/namyoung/Desktop/myprj/airflow/airflow/lib/python3.7/site-packages/airflow/example_dags/example_branch_python_dop_operator_3.py
[2023-10-15 00:18:04,303] {processor.py:654} INFO - DAG(s) dict_keys(['example_branch_dop_operator_v3']) retrieved from /Users/namyoung/Desktop/myprj/airflow/airflow/lib/python3.7/site-packages/airflow/example_dags/example_branch_python_dop_operator_3.py
[2023-10-15 00:18:04,313] {logging_mixin.py:109} INFO - [2023-10-15 00:18:04,313] {dag.py:2396} INFO - Sync 1 DAGs
[2023-10-15 00:18:04,325] {logging_mixin.py:109} INFO - [2023-10-15 00:18:04,325] {dag.py:2935} INFO - Setting next_dagrun for example_branch_dop_operator_v3 to 2023-10-14T15:17:00+00:00
[2023-10-15 00:18:04,331] {processor.py:171} INFO - Processing /Users/namyoung/Desktop/myprj/airflow/airflow/lib/python3.7/site-packages/airflow/example_dags/example_branch_python_dop_operator_3.py took 0.068 seconds
[2023-10-15 01:46:40,307] {processor.py:163} INFO - Started process (PID=25394) to work on /Users/namyoung/Desktop/myprj/airflow/airflow/lib/python3.7/site-packages/airflow/example_dags/example_branch_python_dop_operator_3.py
[2023-10-15 01:46:40,307] {processor.py:642} INFO - Processing file /Users/namyoung/Desktop/myprj/airflow/airflow/lib/python3.7/site-packages/airflow/example_dags/example_branch_python_dop_operator_3.py for tasks to queue
[2023-10-15 01:46:40,308] {logging_mixin.py:109} INFO - [2023-10-15 01:46:40,308] {dagbag.py:500} INFO - Filling up the DagBag from /Users/namyoung/Desktop/myprj/airflow/airflow/lib/python3.7/site-packages/airflow/example_dags/example_branch_python_dop_operator_3.py
[2023-10-15 01:46:40,321] {processor.py:654} INFO - DAG(s) dict_keys(['example_branch_dop_operator_v3']) retrieved from /Users/namyoung/Desktop/myprj/airflow/airflow/lib/python3.7/site-packages/airflow/example_dags/example_branch_python_dop_operator_3.py
[2023-10-15 01:46:40,326] {logging_mixin.py:109} INFO - [2023-10-15 01:46:40,326] {dag.py:2396} INFO - Sync 1 DAGs
[2023-10-15 01:46:40,336] {logging_mixin.py:109} INFO - [2023-10-15 01:46:40,335] {dag.py:2935} INFO - Setting next_dagrun for example_branch_dop_operator_v3 to 2023-10-14T16:45:00+00:00
[2023-10-15 01:46:40,342] {processor.py:171} INFO - Processing /Users/namyoung/Desktop/myprj/airflow/airflow/lib/python3.7/site-packages/airflow/example_dags/example_branch_python_dop_operator_3.py took 0.037 seconds
[2023-10-15 03:25:41,033] {processor.py:163} INFO - Started process (PID=25534) to work on /Users/namyoung/Desktop/myprj/airflow/airflow/lib/python3.7/site-packages/airflow/example_dags/example_branch_python_dop_operator_3.py
[2023-10-15 03:25:41,034] {processor.py:642} INFO - Processing file /Users/namyoung/Desktop/myprj/airflow/airflow/lib/python3.7/site-packages/airflow/example_dags/example_branch_python_dop_operator_3.py for tasks to queue
[2023-10-15 03:25:41,034] {logging_mixin.py:109} INFO - [2023-10-15 03:25:41,034] {dagbag.py:500} INFO - Filling up the DagBag from /Users/namyoung/Desktop/myprj/airflow/airflow/lib/python3.7/site-packages/airflow/example_dags/example_branch_python_dop_operator_3.py
[2023-10-15 03:25:41,048] {processor.py:654} INFO - DAG(s) dict_keys(['example_branch_dop_operator_v3']) retrieved from /Users/namyoung/Desktop/myprj/airflow/airflow/lib/python3.7/site-packages/airflow/example_dags/example_branch_python_dop_operator_3.py
[2023-10-15 03:25:41,053] {logging_mixin.py:109} INFO - [2023-10-15 03:25:41,053] {dag.py:2396} INFO - Sync 1 DAGs
[2023-10-15 03:25:41,063] {logging_mixin.py:109} INFO - [2023-10-15 03:25:41,063] {dag.py:2935} INFO - Setting next_dagrun for example_branch_dop_operator_v3 to 2023-10-14T18:24:00+00:00
[2023-10-15 03:25:41,071] {processor.py:171} INFO - Processing /Users/namyoung/Desktop/myprj/airflow/airflow/lib/python3.7/site-packages/airflow/example_dags/example_branch_python_dop_operator_3.py took 0.040 seconds
[2023-10-15 05:05:55,857] {processor.py:163} INFO - Started process (PID=25798) to work on /Users/namyoung/Desktop/myprj/airflow/airflow/lib/python3.7/site-packages/airflow/example_dags/example_branch_python_dop_operator_3.py
[2023-10-15 05:05:55,858] {processor.py:642} INFO - Processing file /Users/namyoung/Desktop/myprj/airflow/airflow/lib/python3.7/site-packages/airflow/example_dags/example_branch_python_dop_operator_3.py for tasks to queue
[2023-10-15 05:05:55,859] {logging_mixin.py:109} INFO - [2023-10-15 05:05:55,859] {dagbag.py:500} INFO - Filling up the DagBag from /Users/namyoung/Desktop/myprj/airflow/airflow/lib/python3.7/site-packages/airflow/example_dags/example_branch_python_dop_operator_3.py
[2023-10-15 05:05:55,873] {processor.py:654} INFO - DAG(s) dict_keys(['example_branch_dop_operator_v3']) retrieved from /Users/namyoung/Desktop/myprj/airflow/airflow/lib/python3.7/site-packages/airflow/example_dags/example_branch_python_dop_operator_3.py
[2023-10-15 05:05:55,878] {logging_mixin.py:109} INFO - [2023-10-15 05:05:55,878] {dag.py:2396} INFO - Sync 1 DAGs
[2023-10-15 05:05:55,888] {logging_mixin.py:109} INFO - [2023-10-15 05:05:55,888] {dag.py:2935} INFO - Setting next_dagrun for example_branch_dop_operator_v3 to 2023-10-14T20:04:00+00:00
[2023-10-15 05:05:55,893] {processor.py:171} INFO - Processing /Users/namyoung/Desktop/myprj/airflow/airflow/lib/python3.7/site-packages/airflow/example_dags/example_branch_python_dop_operator_3.py took 0.038 seconds
[2023-10-15 06:43:11,171] {processor.py:163} INFO - Started process (PID=25945) to work on /Users/namyoung/Desktop/myprj/airflow/airflow/lib/python3.7/site-packages/airflow/example_dags/example_branch_python_dop_operator_3.py
[2023-10-15 06:43:11,173] {processor.py:642} INFO - Processing file /Users/namyoung/Desktop/myprj/airflow/airflow/lib/python3.7/site-packages/airflow/example_dags/example_branch_python_dop_operator_3.py for tasks to queue
[2023-10-15 06:43:11,174] {logging_mixin.py:109} INFO - [2023-10-15 06:43:11,174] {dagbag.py:500} INFO - Filling up the DagBag from /Users/namyoung/Desktop/myprj/airflow/airflow/lib/python3.7/site-packages/airflow/example_dags/example_branch_python_dop_operator_3.py
[2023-10-15 06:43:11,200] {processor.py:654} INFO - DAG(s) dict_keys(['example_branch_dop_operator_v3']) retrieved from /Users/namyoung/Desktop/myprj/airflow/airflow/lib/python3.7/site-packages/airflow/example_dags/example_branch_python_dop_operator_3.py
[2023-10-15 06:43:11,209] {logging_mixin.py:109} INFO - [2023-10-15 06:43:11,208] {dag.py:2396} INFO - Sync 1 DAGs
[2023-10-15 06:43:11,220] {logging_mixin.py:109} INFO - [2023-10-15 06:43:11,220] {dag.py:2935} INFO - Setting next_dagrun for example_branch_dop_operator_v3 to 2023-10-14T21:42:00+00:00
[2023-10-15 06:43:11,226] {processor.py:171} INFO - Processing /Users/namyoung/Desktop/myprj/airflow/airflow/lib/python3.7/site-packages/airflow/example_dags/example_branch_python_dop_operator_3.py took 0.060 seconds
[2023-10-15 08:39:32,452] {processor.py:163} INFO - Started process (PID=26215) to work on /Users/namyoung/Desktop/myprj/airflow/airflow/lib/python3.7/site-packages/airflow/example_dags/example_branch_python_dop_operator_3.py
[2023-10-15 08:39:32,454] {processor.py:642} INFO - Processing file /Users/namyoung/Desktop/myprj/airflow/airflow/lib/python3.7/site-packages/airflow/example_dags/example_branch_python_dop_operator_3.py for tasks to queue
[2023-10-15 08:39:32,454] {logging_mixin.py:109} INFO - [2023-10-15 08:39:32,454] {dagbag.py:500} INFO - Filling up the DagBag from /Users/namyoung/Desktop/myprj/airflow/airflow/lib/python3.7/site-packages/airflow/example_dags/example_branch_python_dop_operator_3.py
[2023-10-15 08:39:32,479] {processor.py:654} INFO - DAG(s) dict_keys(['example_branch_dop_operator_v3']) retrieved from /Users/namyoung/Desktop/myprj/airflow/airflow/lib/python3.7/site-packages/airflow/example_dags/example_branch_python_dop_operator_3.py
[2023-10-15 08:39:32,487] {logging_mixin.py:109} INFO - [2023-10-15 08:39:32,487] {dag.py:2396} INFO - Sync 1 DAGs
[2023-10-15 08:39:32,500] {logging_mixin.py:109} INFO - [2023-10-15 08:39:32,500] {dag.py:2935} INFO - Setting next_dagrun for example_branch_dop_operator_v3 to 2023-10-14T23:38:00+00:00
[2023-10-15 08:39:32,509] {processor.py:171} INFO - Processing /Users/namyoung/Desktop/myprj/airflow/airflow/lib/python3.7/site-packages/airflow/example_dags/example_branch_python_dop_operator_3.py took 0.062 seconds
