[2023-10-14 10:10:49,132] {processor.py:163} INFO - Started process (PID=23357) to work on /Users/namyoung/Desktop/myprj/airflow/airflow/lib/python3.7/site-packages/airflow/example_dags/example_kubernetes_executor.py
[2023-10-14 10:10:49,133] {processor.py:642} INFO - Processing file /Users/namyoung/Desktop/myprj/airflow/airflow/lib/python3.7/site-packages/airflow/example_dags/example_kubernetes_executor.py for tasks to queue
[2023-10-14 10:10:49,134] {logging_mixin.py:109} INFO - [2023-10-14 10:10:49,134] {dagbag.py:500} INFO - Filling up the DagBag from /Users/namyoung/Desktop/myprj/airflow/airflow/lib/python3.7/site-packages/airflow/example_dags/example_kubernetes_executor.py
[2023-10-14 10:10:49,140] {logging_mixin.py:109} INFO - [2023-10-14 10:10:49,140] {example_kubernetes_executor.py:39} WARNING - The example_kubernetes_executor example DAG requires the kubernetes provider. Please install it with: pip install apache-airflow[cncf.kubernetes]
[2023-10-14 10:10:49,148] {processor.py:656} WARNING - No viable dags retrieved from /Users/namyoung/Desktop/myprj/airflow/airflow/lib/python3.7/site-packages/airflow/example_dags/example_kubernetes_executor.py
[2023-10-14 10:10:49,150] {processor.py:171} INFO - Processing /Users/namyoung/Desktop/myprj/airflow/airflow/lib/python3.7/site-packages/airflow/example_dags/example_kubernetes_executor.py took 0.021 seconds
[2023-10-14 11:50:26,650] {processor.py:163} INFO - Started process (PID=23495) to work on /Users/namyoung/Desktop/myprj/airflow/airflow/lib/python3.7/site-packages/airflow/example_dags/example_kubernetes_executor.py
[2023-10-14 11:50:26,652] {processor.py:642} INFO - Processing file /Users/namyoung/Desktop/myprj/airflow/airflow/lib/python3.7/site-packages/airflow/example_dags/example_kubernetes_executor.py for tasks to queue
[2023-10-14 11:50:26,653] {logging_mixin.py:109} INFO - [2023-10-14 11:50:26,653] {dagbag.py:500} INFO - Filling up the DagBag from /Users/namyoung/Desktop/myprj/airflow/airflow/lib/python3.7/site-packages/airflow/example_dags/example_kubernetes_executor.py
[2023-10-14 11:50:26,663] {logging_mixin.py:109} INFO - [2023-10-14 11:50:26,663] {example_kubernetes_executor.py:39} WARNING - The example_kubernetes_executor example DAG requires the kubernetes provider. Please install it with: pip install apache-airflow[cncf.kubernetes]
[2023-10-14 11:50:26,672] {processor.py:656} WARNING - No viable dags retrieved from /Users/namyoung/Desktop/myprj/airflow/airflow/lib/python3.7/site-packages/airflow/example_dags/example_kubernetes_executor.py
[2023-10-14 11:50:26,674] {processor.py:171} INFO - Processing /Users/namyoung/Desktop/myprj/airflow/airflow/lib/python3.7/site-packages/airflow/example_dags/example_kubernetes_executor.py took 0.029 seconds
[2023-10-14 13:08:32,374] {processor.py:163} INFO - Started process (PID=23750) to work on /Users/namyoung/Desktop/myprj/airflow/airflow/lib/python3.7/site-packages/airflow/example_dags/example_kubernetes_executor.py
[2023-10-14 13:08:32,376] {processor.py:642} INFO - Processing file /Users/namyoung/Desktop/myprj/airflow/airflow/lib/python3.7/site-packages/airflow/example_dags/example_kubernetes_executor.py for tasks to queue
[2023-10-14 13:08:32,377] {logging_mixin.py:109} INFO - [2023-10-14 13:08:32,377] {dagbag.py:500} INFO - Filling up the DagBag from /Users/namyoung/Desktop/myprj/airflow/airflow/lib/python3.7/site-packages/airflow/example_dags/example_kubernetes_executor.py
[2023-10-14 13:08:32,391] {logging_mixin.py:109} INFO - [2023-10-14 13:08:32,390] {example_kubernetes_executor.py:39} WARNING - The example_kubernetes_executor example DAG requires the kubernetes provider. Please install it with: pip install apache-airflow[cncf.kubernetes]
[2023-10-14 13:08:32,401] {processor.py:656} WARNING - No viable dags retrieved from /Users/namyoung/Desktop/myprj/airflow/airflow/lib/python3.7/site-packages/airflow/example_dags/example_kubernetes_executor.py
[2023-10-14 13:08:32,403] {processor.py:171} INFO - Processing /Users/namyoung/Desktop/myprj/airflow/airflow/lib/python3.7/site-packages/airflow/example_dags/example_kubernetes_executor.py took 0.035 seconds
[2023-10-14 14:43:30,306] {processor.py:163} INFO - Started process (PID=23893) to work on /Users/namyoung/Desktop/myprj/airflow/airflow/lib/python3.7/site-packages/airflow/example_dags/example_kubernetes_executor.py
[2023-10-14 14:43:30,308] {processor.py:642} INFO - Processing file /Users/namyoung/Desktop/myprj/airflow/airflow/lib/python3.7/site-packages/airflow/example_dags/example_kubernetes_executor.py for tasks to queue
[2023-10-14 14:43:30,310] {logging_mixin.py:109} INFO - [2023-10-14 14:43:30,309] {dagbag.py:500} INFO - Filling up the DagBag from /Users/namyoung/Desktop/myprj/airflow/airflow/lib/python3.7/site-packages/airflow/example_dags/example_kubernetes_executor.py
[2023-10-14 14:43:30,323] {logging_mixin.py:109} INFO - [2023-10-14 14:43:30,323] {example_kubernetes_executor.py:39} WARNING - The example_kubernetes_executor example DAG requires the kubernetes provider. Please install it with: pip install apache-airflow[cncf.kubernetes]
[2023-10-14 14:43:30,334] {processor.py:656} WARNING - No viable dags retrieved from /Users/namyoung/Desktop/myprj/airflow/airflow/lib/python3.7/site-packages/airflow/example_dags/example_kubernetes_executor.py
[2023-10-14 14:43:30,336] {processor.py:171} INFO - Processing /Users/namyoung/Desktop/myprj/airflow/airflow/lib/python3.7/site-packages/airflow/example_dags/example_kubernetes_executor.py took 0.035 seconds
[2023-10-14 16:22:38,369] {processor.py:163} INFO - Started process (PID=24153) to work on /Users/namyoung/Desktop/myprj/airflow/airflow/lib/python3.7/site-packages/airflow/example_dags/example_kubernetes_executor.py
[2023-10-14 16:22:38,371] {processor.py:642} INFO - Processing file /Users/namyoung/Desktop/myprj/airflow/airflow/lib/python3.7/site-packages/airflow/example_dags/example_kubernetes_executor.py for tasks to queue
[2023-10-14 16:22:38,372] {logging_mixin.py:109} INFO - [2023-10-14 16:22:38,372] {dagbag.py:500} INFO - Filling up the DagBag from /Users/namyoung/Desktop/myprj/airflow/airflow/lib/python3.7/site-packages/airflow/example_dags/example_kubernetes_executor.py
[2023-10-14 16:22:38,385] {logging_mixin.py:109} INFO - [2023-10-14 16:22:38,385] {example_kubernetes_executor.py:39} WARNING - The example_kubernetes_executor example DAG requires the kubernetes provider. Please install it with: pip install apache-airflow[cncf.kubernetes]
[2023-10-14 16:22:38,396] {processor.py:656} WARNING - No viable dags retrieved from /Users/namyoung/Desktop/myprj/airflow/airflow/lib/python3.7/site-packages/airflow/example_dags/example_kubernetes_executor.py
[2023-10-14 16:22:38,398] {processor.py:171} INFO - Processing /Users/namyoung/Desktop/myprj/airflow/airflow/lib/python3.7/site-packages/airflow/example_dags/example_kubernetes_executor.py took 0.035 seconds
[2023-10-14 17:45:27,946] {processor.py:163} INFO - Started process (PID=24284) to work on /Users/namyoung/Desktop/myprj/airflow/airflow/lib/python3.7/site-packages/airflow/example_dags/example_kubernetes_executor.py
[2023-10-14 17:45:27,947] {processor.py:642} INFO - Processing file /Users/namyoung/Desktop/myprj/airflow/airflow/lib/python3.7/site-packages/airflow/example_dags/example_kubernetes_executor.py for tasks to queue
[2023-10-14 17:45:27,948] {logging_mixin.py:109} INFO - [2023-10-14 17:45:27,948] {dagbag.py:500} INFO - Filling up the DagBag from /Users/namyoung/Desktop/myprj/airflow/airflow/lib/python3.7/site-packages/airflow/example_dags/example_kubernetes_executor.py
[2023-10-14 17:45:27,960] {logging_mixin.py:109} INFO - [2023-10-14 17:45:27,959] {example_kubernetes_executor.py:39} WARNING - The example_kubernetes_executor example DAG requires the kubernetes provider. Please install it with: pip install apache-airflow[cncf.kubernetes]
[2023-10-14 17:45:27,969] {processor.py:656} WARNING - No viable dags retrieved from /Users/namyoung/Desktop/myprj/airflow/airflow/lib/python3.7/site-packages/airflow/example_dags/example_kubernetes_executor.py
[2023-10-14 17:45:27,971] {processor.py:171} INFO - Processing /Users/namyoung/Desktop/myprj/airflow/airflow/lib/python3.7/site-packages/airflow/example_dags/example_kubernetes_executor.py took 0.029 seconds
[2023-10-14 19:21:52,781] {processor.py:163} INFO - Started process (PID=24553) to work on /Users/namyoung/Desktop/myprj/airflow/airflow/lib/python3.7/site-packages/airflow/example_dags/example_kubernetes_executor.py
[2023-10-14 19:21:52,781] {processor.py:642} INFO - Processing file /Users/namyoung/Desktop/myprj/airflow/airflow/lib/python3.7/site-packages/airflow/example_dags/example_kubernetes_executor.py for tasks to queue
[2023-10-14 19:21:52,782] {logging_mixin.py:109} INFO - [2023-10-14 19:21:52,782] {dagbag.py:500} INFO - Filling up the DagBag from /Users/namyoung/Desktop/myprj/airflow/airflow/lib/python3.7/site-packages/airflow/example_dags/example_kubernetes_executor.py
[2023-10-14 19:21:52,788] {logging_mixin.py:109} INFO - [2023-10-14 19:21:52,788] {example_kubernetes_executor.py:39} WARNING - The example_kubernetes_executor example DAG requires the kubernetes provider. Please install it with: pip install apache-airflow[cncf.kubernetes]
[2023-10-14 19:21:52,793] {processor.py:656} WARNING - No viable dags retrieved from /Users/namyoung/Desktop/myprj/airflow/airflow/lib/python3.7/site-packages/airflow/example_dags/example_kubernetes_executor.py
[2023-10-14 19:21:52,795] {processor.py:171} INFO - Processing /Users/namyoung/Desktop/myprj/airflow/airflow/lib/python3.7/site-packages/airflow/example_dags/example_kubernetes_executor.py took 0.016 seconds
[2023-10-14 20:45:15,939] {processor.py:163} INFO - Started process (PID=24676) to work on /Users/namyoung/Desktop/myprj/airflow/airflow/lib/python3.7/site-packages/airflow/example_dags/example_kubernetes_executor.py
[2023-10-14 20:45:15,940] {processor.py:642} INFO - Processing file /Users/namyoung/Desktop/myprj/airflow/airflow/lib/python3.7/site-packages/airflow/example_dags/example_kubernetes_executor.py for tasks to queue
[2023-10-14 20:45:15,940] {logging_mixin.py:109} INFO - [2023-10-14 20:45:15,940] {dagbag.py:500} INFO - Filling up the DagBag from /Users/namyoung/Desktop/myprj/airflow/airflow/lib/python3.7/site-packages/airflow/example_dags/example_kubernetes_executor.py
[2023-10-14 20:45:15,946] {logging_mixin.py:109} INFO - [2023-10-14 20:45:15,946] {example_kubernetes_executor.py:39} WARNING - The example_kubernetes_executor example DAG requires the kubernetes provider. Please install it with: pip install apache-airflow[cncf.kubernetes]
[2023-10-14 20:45:15,952] {processor.py:656} WARNING - No viable dags retrieved from /Users/namyoung/Desktop/myprj/airflow/airflow/lib/python3.7/site-packages/airflow/example_dags/example_kubernetes_executor.py
[2023-10-14 20:45:15,953] {processor.py:171} INFO - Processing /Users/namyoung/Desktop/myprj/airflow/airflow/lib/python3.7/site-packages/airflow/example_dags/example_kubernetes_executor.py took 0.017 seconds
[2023-10-14 22:25:48,190] {processor.py:163} INFO - Started process (PID=24949) to work on /Users/namyoung/Desktop/myprj/airflow/airflow/lib/python3.7/site-packages/airflow/example_dags/example_kubernetes_executor.py
[2023-10-14 22:25:48,192] {processor.py:642} INFO - Processing file /Users/namyoung/Desktop/myprj/airflow/airflow/lib/python3.7/site-packages/airflow/example_dags/example_kubernetes_executor.py for tasks to queue
[2023-10-14 22:25:48,193] {logging_mixin.py:109} INFO - [2023-10-14 22:25:48,193] {dagbag.py:500} INFO - Filling up the DagBag from /Users/namyoung/Desktop/myprj/airflow/airflow/lib/python3.7/site-packages/airflow/example_dags/example_kubernetes_executor.py
[2023-10-14 22:25:48,207] {logging_mixin.py:109} INFO - [2023-10-14 22:25:48,206] {example_kubernetes_executor.py:39} WARNING - The example_kubernetes_executor example DAG requires the kubernetes provider. Please install it with: pip install apache-airflow[cncf.kubernetes]
[2023-10-14 22:25:48,218] {processor.py:656} WARNING - No viable dags retrieved from /Users/namyoung/Desktop/myprj/airflow/airflow/lib/python3.7/site-packages/airflow/example_dags/example_kubernetes_executor.py
[2023-10-14 22:25:48,220] {processor.py:171} INFO - Processing /Users/namyoung/Desktop/myprj/airflow/airflow/lib/python3.7/site-packages/airflow/example_dags/example_kubernetes_executor.py took 0.035 seconds
[2023-10-15 00:01:56,184] {processor.py:163} INFO - Started process (PID=25099) to work on /Users/namyoung/Desktop/myprj/airflow/airflow/lib/python3.7/site-packages/airflow/example_dags/example_kubernetes_executor.py
[2023-10-15 00:01:56,185] {processor.py:642} INFO - Processing file /Users/namyoung/Desktop/myprj/airflow/airflow/lib/python3.7/site-packages/airflow/example_dags/example_kubernetes_executor.py for tasks to queue
[2023-10-15 00:01:56,187] {logging_mixin.py:109} INFO - [2023-10-15 00:01:56,186] {dagbag.py:500} INFO - Filling up the DagBag from /Users/namyoung/Desktop/myprj/airflow/airflow/lib/python3.7/site-packages/airflow/example_dags/example_kubernetes_executor.py
[2023-10-15 00:01:56,200] {logging_mixin.py:109} INFO - [2023-10-15 00:01:56,200] {example_kubernetes_executor.py:39} WARNING - The example_kubernetes_executor example DAG requires the kubernetes provider. Please install it with: pip install apache-airflow[cncf.kubernetes]
[2023-10-15 00:01:56,210] {processor.py:656} WARNING - No viable dags retrieved from /Users/namyoung/Desktop/myprj/airflow/airflow/lib/python3.7/site-packages/airflow/example_dags/example_kubernetes_executor.py
[2023-10-15 00:01:56,214] {processor.py:171} INFO - Processing /Users/namyoung/Desktop/myprj/airflow/airflow/lib/python3.7/site-packages/airflow/example_dags/example_kubernetes_executor.py took 0.035 seconds
[2023-10-15 01:31:24,753] {processor.py:163} INFO - Started process (PID=25373) to work on /Users/namyoung/Desktop/myprj/airflow/airflow/lib/python3.7/site-packages/airflow/example_dags/example_kubernetes_executor.py
[2023-10-15 01:31:24,755] {processor.py:642} INFO - Processing file /Users/namyoung/Desktop/myprj/airflow/airflow/lib/python3.7/site-packages/airflow/example_dags/example_kubernetes_executor.py for tasks to queue
[2023-10-15 01:31:24,756] {logging_mixin.py:109} INFO - [2023-10-15 01:31:24,755] {dagbag.py:500} INFO - Filling up the DagBag from /Users/namyoung/Desktop/myprj/airflow/airflow/lib/python3.7/site-packages/airflow/example_dags/example_kubernetes_executor.py
[2023-10-15 01:31:24,770] {logging_mixin.py:109} INFO - [2023-10-15 01:31:24,769] {example_kubernetes_executor.py:39} WARNING - The example_kubernetes_executor example DAG requires the kubernetes provider. Please install it with: pip install apache-airflow[cncf.kubernetes]
[2023-10-15 01:31:24,780] {processor.py:656} WARNING - No viable dags retrieved from /Users/namyoung/Desktop/myprj/airflow/airflow/lib/python3.7/site-packages/airflow/example_dags/example_kubernetes_executor.py
[2023-10-15 01:31:24,783] {processor.py:171} INFO - Processing /Users/namyoung/Desktop/myprj/airflow/airflow/lib/python3.7/site-packages/airflow/example_dags/example_kubernetes_executor.py took 0.035 seconds
[2023-10-15 03:10:19,438] {processor.py:163} INFO - Started process (PID=25515) to work on /Users/namyoung/Desktop/myprj/airflow/airflow/lib/python3.7/site-packages/airflow/example_dags/example_kubernetes_executor.py
[2023-10-15 03:10:19,440] {processor.py:642} INFO - Processing file /Users/namyoung/Desktop/myprj/airflow/airflow/lib/python3.7/site-packages/airflow/example_dags/example_kubernetes_executor.py for tasks to queue
[2023-10-15 03:10:19,441] {logging_mixin.py:109} INFO - [2023-10-15 03:10:19,440] {dagbag.py:500} INFO - Filling up the DagBag from /Users/namyoung/Desktop/myprj/airflow/airflow/lib/python3.7/site-packages/airflow/example_dags/example_kubernetes_executor.py
[2023-10-15 03:10:19,454] {logging_mixin.py:109} INFO - [2023-10-15 03:10:19,454] {example_kubernetes_executor.py:39} WARNING - The example_kubernetes_executor example DAG requires the kubernetes provider. Please install it with: pip install apache-airflow[cncf.kubernetes]
[2023-10-15 03:10:19,464] {processor.py:656} WARNING - No viable dags retrieved from /Users/namyoung/Desktop/myprj/airflow/airflow/lib/python3.7/site-packages/airflow/example_dags/example_kubernetes_executor.py
[2023-10-15 03:10:19,466] {processor.py:171} INFO - Processing /Users/namyoung/Desktop/myprj/airflow/airflow/lib/python3.7/site-packages/airflow/example_dags/example_kubernetes_executor.py took 0.034 seconds
[2023-10-15 04:48:07,262] {processor.py:163} INFO - Started process (PID=25781) to work on /Users/namyoung/Desktop/myprj/airflow/airflow/lib/python3.7/site-packages/airflow/example_dags/example_kubernetes_executor.py
[2023-10-15 04:48:07,263] {processor.py:642} INFO - Processing file /Users/namyoung/Desktop/myprj/airflow/airflow/lib/python3.7/site-packages/airflow/example_dags/example_kubernetes_executor.py for tasks to queue
[2023-10-15 04:48:07,264] {logging_mixin.py:109} INFO - [2023-10-15 04:48:07,264] {dagbag.py:500} INFO - Filling up the DagBag from /Users/namyoung/Desktop/myprj/airflow/airflow/lib/python3.7/site-packages/airflow/example_dags/example_kubernetes_executor.py
[2023-10-15 04:48:07,272] {logging_mixin.py:109} INFO - [2023-10-15 04:48:07,272] {example_kubernetes_executor.py:39} WARNING - The example_kubernetes_executor example DAG requires the kubernetes provider. Please install it with: pip install apache-airflow[cncf.kubernetes]
[2023-10-15 04:48:07,278] {processor.py:656} WARNING - No viable dags retrieved from /Users/namyoung/Desktop/myprj/airflow/airflow/lib/python3.7/site-packages/airflow/example_dags/example_kubernetes_executor.py
[2023-10-15 04:48:07,280] {processor.py:171} INFO - Processing /Users/namyoung/Desktop/myprj/airflow/airflow/lib/python3.7/site-packages/airflow/example_dags/example_kubernetes_executor.py took 0.022 seconds
[2023-10-15 06:27:34,007] {processor.py:163} INFO - Started process (PID=25924) to work on /Users/namyoung/Desktop/myprj/airflow/airflow/lib/python3.7/site-packages/airflow/example_dags/example_kubernetes_executor.py
[2023-10-15 06:27:34,009] {processor.py:642} INFO - Processing file /Users/namyoung/Desktop/myprj/airflow/airflow/lib/python3.7/site-packages/airflow/example_dags/example_kubernetes_executor.py for tasks to queue
[2023-10-15 06:27:34,011] {logging_mixin.py:109} INFO - [2023-10-15 06:27:34,010] {dagbag.py:500} INFO - Filling up the DagBag from /Users/namyoung/Desktop/myprj/airflow/airflow/lib/python3.7/site-packages/airflow/example_dags/example_kubernetes_executor.py
[2023-10-15 06:27:34,024] {logging_mixin.py:109} INFO - [2023-10-15 06:27:34,024] {example_kubernetes_executor.py:39} WARNING - The example_kubernetes_executor example DAG requires the kubernetes provider. Please install it with: pip install apache-airflow[cncf.kubernetes]
[2023-10-15 06:27:34,035] {processor.py:656} WARNING - No viable dags retrieved from /Users/namyoung/Desktop/myprj/airflow/airflow/lib/python3.7/site-packages/airflow/example_dags/example_kubernetes_executor.py
[2023-10-15 06:27:34,037] {processor.py:171} INFO - Processing /Users/namyoung/Desktop/myprj/airflow/airflow/lib/python3.7/site-packages/airflow/example_dags/example_kubernetes_executor.py took 0.035 seconds
[2023-10-15 08:23:36,626] {processor.py:163} INFO - Started process (PID=26202) to work on /Users/namyoung/Desktop/myprj/airflow/airflow/lib/python3.7/site-packages/airflow/example_dags/example_kubernetes_executor.py
[2023-10-15 08:23:36,627] {processor.py:642} INFO - Processing file /Users/namyoung/Desktop/myprj/airflow/airflow/lib/python3.7/site-packages/airflow/example_dags/example_kubernetes_executor.py for tasks to queue
[2023-10-15 08:23:36,628] {logging_mixin.py:109} INFO - [2023-10-15 08:23:36,627] {dagbag.py:500} INFO - Filling up the DagBag from /Users/namyoung/Desktop/myprj/airflow/airflow/lib/python3.7/site-packages/airflow/example_dags/example_kubernetes_executor.py
[2023-10-15 08:23:36,634] {logging_mixin.py:109} INFO - [2023-10-15 08:23:36,634] {example_kubernetes_executor.py:39} WARNING - The example_kubernetes_executor example DAG requires the kubernetes provider. Please install it with: pip install apache-airflow[cncf.kubernetes]
[2023-10-15 08:23:36,639] {processor.py:656} WARNING - No viable dags retrieved from /Users/namyoung/Desktop/myprj/airflow/airflow/lib/python3.7/site-packages/airflow/example_dags/example_kubernetes_executor.py
[2023-10-15 08:23:36,640] {processor.py:171} INFO - Processing /Users/namyoung/Desktop/myprj/airflow/airflow/lib/python3.7/site-packages/airflow/example_dags/example_kubernetes_executor.py took 0.016 seconds
