[2023-10-14 09:53:57,190] {processor.py:163} INFO - Started process (PID=23350) to work on /Users/namyoung/Desktop/myprj/airflow/airflow/lib/python3.7/site-packages/airflow/example_dags/example_latest_only_with_trigger.py
[2023-10-14 09:53:57,192] {processor.py:642} INFO - Processing file /Users/namyoung/Desktop/myprj/airflow/airflow/lib/python3.7/site-packages/airflow/example_dags/example_latest_only_with_trigger.py for tasks to queue
[2023-10-14 09:53:57,193] {logging_mixin.py:109} INFO - [2023-10-14 09:53:57,193] {dagbag.py:500} INFO - Filling up the DagBag from /Users/namyoung/Desktop/myprj/airflow/airflow/lib/python3.7/site-packages/airflow/example_dags/example_latest_only_with_trigger.py
[2023-10-14 09:53:57,218] {processor.py:654} INFO - DAG(s) dict_keys(['latest_only_with_trigger']) retrieved from /Users/namyoung/Desktop/myprj/airflow/airflow/lib/python3.7/site-packages/airflow/example_dags/example_latest_only_with_trigger.py
[2023-10-14 09:53:57,227] {logging_mixin.py:109} INFO - [2023-10-14 09:53:57,226] {dag.py:2396} INFO - Sync 1 DAGs
[2023-10-14 09:53:57,235] {logging_mixin.py:109} INFO - [2023-10-14 09:53:57,235] {dag.py:2935} INFO - Setting next_dagrun for latest_only_with_trigger to 2023-10-13T20:53:57.235161+00:00
[2023-10-14 09:53:57,240] {processor.py:171} INFO - Processing /Users/namyoung/Desktop/myprj/airflow/airflow/lib/python3.7/site-packages/airflow/example_dags/example_latest_only_with_trigger.py took 0.055 seconds
[2023-10-14 11:34:23,157] {processor.py:163} INFO - Started process (PID=23491) to work on /Users/namyoung/Desktop/myprj/airflow/airflow/lib/python3.7/site-packages/airflow/example_dags/example_latest_only_with_trigger.py
[2023-10-14 11:34:23,159] {processor.py:642} INFO - Processing file /Users/namyoung/Desktop/myprj/airflow/airflow/lib/python3.7/site-packages/airflow/example_dags/example_latest_only_with_trigger.py for tasks to queue
[2023-10-14 11:34:23,160] {logging_mixin.py:109} INFO - [2023-10-14 11:34:23,160] {dagbag.py:500} INFO - Filling up the DagBag from /Users/namyoung/Desktop/myprj/airflow/airflow/lib/python3.7/site-packages/airflow/example_dags/example_latest_only_with_trigger.py
[2023-10-14 11:34:23,187] {processor.py:654} INFO - DAG(s) dict_keys(['latest_only_with_trigger']) retrieved from /Users/namyoung/Desktop/myprj/airflow/airflow/lib/python3.7/site-packages/airflow/example_dags/example_latest_only_with_trigger.py
[2023-10-14 11:34:23,196] {logging_mixin.py:109} INFO - [2023-10-14 11:34:23,196] {dag.py:2396} INFO - Sync 1 DAGs
[2023-10-14 11:34:23,204] {logging_mixin.py:109} INFO - [2023-10-14 11:34:23,204] {dag.py:2935} INFO - Setting next_dagrun for latest_only_with_trigger to 2023-10-13T22:34:23.204548+00:00
[2023-10-14 11:34:23,210] {processor.py:171} INFO - Processing /Users/namyoung/Desktop/myprj/airflow/airflow/lib/python3.7/site-packages/airflow/example_dags/example_latest_only_with_trigger.py took 0.059 seconds
[2023-10-14 13:08:30,065] {processor.py:163} INFO - Started process (PID=23747) to work on /Users/namyoung/Desktop/myprj/airflow/airflow/lib/python3.7/site-packages/airflow/example_dags/example_latest_only_with_trigger.py
[2023-10-14 13:08:30,066] {processor.py:642} INFO - Processing file /Users/namyoung/Desktop/myprj/airflow/airflow/lib/python3.7/site-packages/airflow/example_dags/example_latest_only_with_trigger.py for tasks to queue
[2023-10-14 13:08:30,068] {logging_mixin.py:109} INFO - [2023-10-14 13:08:30,067] {dagbag.py:500} INFO - Filling up the DagBag from /Users/namyoung/Desktop/myprj/airflow/airflow/lib/python3.7/site-packages/airflow/example_dags/example_latest_only_with_trigger.py
[2023-10-14 13:08:30,091] {processor.py:654} INFO - DAG(s) dict_keys(['latest_only_with_trigger']) retrieved from /Users/namyoung/Desktop/myprj/airflow/airflow/lib/python3.7/site-packages/airflow/example_dags/example_latest_only_with_trigger.py
[2023-10-14 13:08:30,099] {logging_mixin.py:109} INFO - [2023-10-14 13:08:30,099] {dag.py:2396} INFO - Sync 1 DAGs
[2023-10-14 13:08:30,107] {logging_mixin.py:109} INFO - [2023-10-14 13:08:30,107] {dag.py:2935} INFO - Setting next_dagrun for latest_only_with_trigger to 2023-10-14T00:08:30.106914+00:00
[2023-10-14 13:08:30,113] {processor.py:171} INFO - Processing /Users/namyoung/Desktop/myprj/airflow/airflow/lib/python3.7/site-packages/airflow/example_dags/example_latest_only_with_trigger.py took 0.053 seconds
[2023-10-14 14:43:27,972] {processor.py:163} INFO - Started process (PID=23890) to work on /Users/namyoung/Desktop/myprj/airflow/airflow/lib/python3.7/site-packages/airflow/example_dags/example_latest_only_with_trigger.py
[2023-10-14 14:43:27,974] {processor.py:642} INFO - Processing file /Users/namyoung/Desktop/myprj/airflow/airflow/lib/python3.7/site-packages/airflow/example_dags/example_latest_only_with_trigger.py for tasks to queue
[2023-10-14 14:43:27,975] {logging_mixin.py:109} INFO - [2023-10-14 14:43:27,975] {dagbag.py:500} INFO - Filling up the DagBag from /Users/namyoung/Desktop/myprj/airflow/airflow/lib/python3.7/site-packages/airflow/example_dags/example_latest_only_with_trigger.py
[2023-10-14 14:43:28,002] {processor.py:654} INFO - DAG(s) dict_keys(['latest_only_with_trigger']) retrieved from /Users/namyoung/Desktop/myprj/airflow/airflow/lib/python3.7/site-packages/airflow/example_dags/example_latest_only_with_trigger.py
[2023-10-14 14:43:28,011] {logging_mixin.py:109} INFO - [2023-10-14 14:43:28,011] {dag.py:2396} INFO - Sync 1 DAGs
[2023-10-14 14:43:28,020] {logging_mixin.py:109} INFO - [2023-10-14 14:43:28,019] {dag.py:2935} INFO - Setting next_dagrun for latest_only_with_trigger to 2023-10-14T01:43:28.019756+00:00
[2023-10-14 14:43:28,026] {processor.py:171} INFO - Processing /Users/namyoung/Desktop/myprj/airflow/airflow/lib/python3.7/site-packages/airflow/example_dags/example_latest_only_with_trigger.py took 0.060 seconds
[2023-10-14 16:22:36,023] {processor.py:163} INFO - Started process (PID=24147) to work on /Users/namyoung/Desktop/myprj/airflow/airflow/lib/python3.7/site-packages/airflow/example_dags/example_latest_only_with_trigger.py
[2023-10-14 16:22:36,024] {processor.py:642} INFO - Processing file /Users/namyoung/Desktop/myprj/airflow/airflow/lib/python3.7/site-packages/airflow/example_dags/example_latest_only_with_trigger.py for tasks to queue
[2023-10-14 16:22:36,025] {logging_mixin.py:109} INFO - [2023-10-14 16:22:36,025] {dagbag.py:500} INFO - Filling up the DagBag from /Users/namyoung/Desktop/myprj/airflow/airflow/lib/python3.7/site-packages/airflow/example_dags/example_latest_only_with_trigger.py
[2023-10-14 16:22:36,036] {processor.py:654} INFO - DAG(s) dict_keys(['latest_only_with_trigger']) retrieved from /Users/namyoung/Desktop/myprj/airflow/airflow/lib/python3.7/site-packages/airflow/example_dags/example_latest_only_with_trigger.py
[2023-10-14 16:22:36,045] {logging_mixin.py:109} INFO - [2023-10-14 16:22:36,045] {dag.py:2396} INFO - Sync 1 DAGs
[2023-10-14 16:22:36,052] {logging_mixin.py:109} INFO - [2023-10-14 16:22:36,052] {dag.py:2935} INFO - Setting next_dagrun for latest_only_with_trigger to 2023-10-14T03:22:36.052488+00:00
[2023-10-14 16:22:36,061] {processor.py:171} INFO - Processing /Users/namyoung/Desktop/myprj/airflow/airflow/lib/python3.7/site-packages/airflow/example_dags/example_latest_only_with_trigger.py took 0.039 seconds
[2023-10-14 17:45:25,572] {processor.py:163} INFO - Started process (PID=24272) to work on /Users/namyoung/Desktop/myprj/airflow/airflow/lib/python3.7/site-packages/airflow/example_dags/example_latest_only_with_trigger.py
[2023-10-14 17:45:25,574] {processor.py:642} INFO - Processing file /Users/namyoung/Desktop/myprj/airflow/airflow/lib/python3.7/site-packages/airflow/example_dags/example_latest_only_with_trigger.py for tasks to queue
[2023-10-14 17:45:25,575] {logging_mixin.py:109} INFO - [2023-10-14 17:45:25,575] {dagbag.py:500} INFO - Filling up the DagBag from /Users/namyoung/Desktop/myprj/airflow/airflow/lib/python3.7/site-packages/airflow/example_dags/example_latest_only_with_trigger.py
[2023-10-14 17:45:25,602] {processor.py:654} INFO - DAG(s) dict_keys(['latest_only_with_trigger']) retrieved from /Users/namyoung/Desktop/myprj/airflow/airflow/lib/python3.7/site-packages/airflow/example_dags/example_latest_only_with_trigger.py
[2023-10-14 17:45:25,613] {logging_mixin.py:109} INFO - [2023-10-14 17:45:25,613] {dag.py:2396} INFO - Sync 1 DAGs
[2023-10-14 17:45:25,622] {logging_mixin.py:109} INFO - [2023-10-14 17:45:25,622] {dag.py:2935} INFO - Setting next_dagrun for latest_only_with_trigger to 2023-10-14T04:45:25.622274+00:00
[2023-10-14 17:45:25,629] {processor.py:171} INFO - Processing /Users/namyoung/Desktop/myprj/airflow/airflow/lib/python3.7/site-packages/airflow/example_dags/example_latest_only_with_trigger.py took 0.062 seconds
[2023-10-14 19:06:35,496] {processor.py:163} INFO - Started process (PID=24539) to work on /Users/namyoung/Desktop/myprj/airflow/airflow/lib/python3.7/site-packages/airflow/example_dags/example_latest_only_with_trigger.py
[2023-10-14 19:06:35,498] {processor.py:642} INFO - Processing file /Users/namyoung/Desktop/myprj/airflow/airflow/lib/python3.7/site-packages/airflow/example_dags/example_latest_only_with_trigger.py for tasks to queue
[2023-10-14 19:06:35,499] {logging_mixin.py:109} INFO - [2023-10-14 19:06:35,499] {dagbag.py:500} INFO - Filling up the DagBag from /Users/namyoung/Desktop/myprj/airflow/airflow/lib/python3.7/site-packages/airflow/example_dags/example_latest_only_with_trigger.py
[2023-10-14 19:06:35,524] {processor.py:654} INFO - DAG(s) dict_keys(['latest_only_with_trigger']) retrieved from /Users/namyoung/Desktop/myprj/airflow/airflow/lib/python3.7/site-packages/airflow/example_dags/example_latest_only_with_trigger.py
[2023-10-14 19:06:35,531] {logging_mixin.py:109} INFO - [2023-10-14 19:06:35,531] {dag.py:2396} INFO - Sync 1 DAGs
[2023-10-14 19:06:35,540] {logging_mixin.py:109} INFO - [2023-10-14 19:06:35,539] {dag.py:2935} INFO - Setting next_dagrun for latest_only_with_trigger to 2023-10-14T06:06:35.539670+00:00
[2023-10-14 19:06:35,546] {processor.py:171} INFO - Processing /Users/namyoung/Desktop/myprj/airflow/airflow/lib/python3.7/site-packages/airflow/example_dags/example_latest_only_with_trigger.py took 0.055 seconds
[2023-10-14 20:45:13,650] {processor.py:163} INFO - Started process (PID=24659) to work on /Users/namyoung/Desktop/myprj/airflow/airflow/lib/python3.7/site-packages/airflow/example_dags/example_latest_only_with_trigger.py
[2023-10-14 20:45:13,651] {processor.py:642} INFO - Processing file /Users/namyoung/Desktop/myprj/airflow/airflow/lib/python3.7/site-packages/airflow/example_dags/example_latest_only_with_trigger.py for tasks to queue
[2023-10-14 20:45:13,652] {logging_mixin.py:109} INFO - [2023-10-14 20:45:13,652] {dagbag.py:500} INFO - Filling up the DagBag from /Users/namyoung/Desktop/myprj/airflow/airflow/lib/python3.7/site-packages/airflow/example_dags/example_latest_only_with_trigger.py
[2023-10-14 20:45:13,676] {processor.py:654} INFO - DAG(s) dict_keys(['latest_only_with_trigger']) retrieved from /Users/namyoung/Desktop/myprj/airflow/airflow/lib/python3.7/site-packages/airflow/example_dags/example_latest_only_with_trigger.py
[2023-10-14 20:45:13,689] {logging_mixin.py:109} INFO - [2023-10-14 20:45:13,689] {dag.py:2396} INFO - Sync 1 DAGs
[2023-10-14 20:45:13,702] {logging_mixin.py:109} INFO - [2023-10-14 20:45:13,702] {dag.py:2935} INFO - Setting next_dagrun for latest_only_with_trigger to 2023-10-14T07:45:13.701784+00:00
[2023-10-14 20:45:13,709] {processor.py:171} INFO - Processing /Users/namyoung/Desktop/myprj/airflow/airflow/lib/python3.7/site-packages/airflow/example_dags/example_latest_only_with_trigger.py took 0.064 seconds
[2023-10-14 22:25:45,858] {processor.py:163} INFO - Started process (PID=24947) to work on /Users/namyoung/Desktop/myprj/airflow/airflow/lib/python3.7/site-packages/airflow/example_dags/example_latest_only_with_trigger.py
[2023-10-14 22:25:45,859] {processor.py:642} INFO - Processing file /Users/namyoung/Desktop/myprj/airflow/airflow/lib/python3.7/site-packages/airflow/example_dags/example_latest_only_with_trigger.py for tasks to queue
[2023-10-14 22:25:45,859] {logging_mixin.py:109} INFO - [2023-10-14 22:25:45,859] {dagbag.py:500} INFO - Filling up the DagBag from /Users/namyoung/Desktop/myprj/airflow/airflow/lib/python3.7/site-packages/airflow/example_dags/example_latest_only_with_trigger.py
[2023-10-14 22:25:45,871] {processor.py:654} INFO - DAG(s) dict_keys(['latest_only_with_trigger']) retrieved from /Users/namyoung/Desktop/myprj/airflow/airflow/lib/python3.7/site-packages/airflow/example_dags/example_latest_only_with_trigger.py
[2023-10-14 22:25:45,876] {logging_mixin.py:109} INFO - [2023-10-14 22:25:45,876] {dag.py:2396} INFO - Sync 1 DAGs
[2023-10-14 22:25:45,883] {logging_mixin.py:109} INFO - [2023-10-14 22:25:45,883] {dag.py:2935} INFO - Setting next_dagrun for latest_only_with_trigger to 2023-10-14T09:25:45.883525+00:00
[2023-10-14 22:25:45,889] {processor.py:171} INFO - Processing /Users/namyoung/Desktop/myprj/airflow/airflow/lib/python3.7/site-packages/airflow/example_dags/example_latest_only_with_trigger.py took 0.033 seconds
[2023-10-15 00:01:53,866] {processor.py:163} INFO - Started process (PID=25093) to work on /Users/namyoung/Desktop/myprj/airflow/airflow/lib/python3.7/site-packages/airflow/example_dags/example_latest_only_with_trigger.py
[2023-10-15 00:01:53,867] {processor.py:642} INFO - Processing file /Users/namyoung/Desktop/myprj/airflow/airflow/lib/python3.7/site-packages/airflow/example_dags/example_latest_only_with_trigger.py for tasks to queue
[2023-10-15 00:01:53,867] {logging_mixin.py:109} INFO - [2023-10-15 00:01:53,867] {dagbag.py:500} INFO - Filling up the DagBag from /Users/namyoung/Desktop/myprj/airflow/airflow/lib/python3.7/site-packages/airflow/example_dags/example_latest_only_with_trigger.py
[2023-10-15 00:01:53,880] {processor.py:654} INFO - DAG(s) dict_keys(['latest_only_with_trigger']) retrieved from /Users/namyoung/Desktop/myprj/airflow/airflow/lib/python3.7/site-packages/airflow/example_dags/example_latest_only_with_trigger.py
[2023-10-15 00:01:53,886] {logging_mixin.py:109} INFO - [2023-10-15 00:01:53,886] {dag.py:2396} INFO - Sync 1 DAGs
[2023-10-15 00:01:53,894] {logging_mixin.py:109} INFO - [2023-10-15 00:01:53,893] {dag.py:2935} INFO - Setting next_dagrun for latest_only_with_trigger to 2023-10-14T11:01:53.893624+00:00
[2023-10-15 00:01:53,900] {processor.py:171} INFO - Processing /Users/namyoung/Desktop/myprj/airflow/airflow/lib/python3.7/site-packages/airflow/example_dags/example_latest_only_with_trigger.py took 0.036 seconds
[2023-10-15 01:31:23,081] {processor.py:163} INFO - Started process (PID=25371) to work on /Users/namyoung/Desktop/myprj/airflow/airflow/lib/python3.7/site-packages/airflow/example_dags/example_latest_only_with_trigger.py
[2023-10-15 01:31:23,083] {processor.py:642} INFO - Processing file /Users/namyoung/Desktop/myprj/airflow/airflow/lib/python3.7/site-packages/airflow/example_dags/example_latest_only_with_trigger.py for tasks to queue
[2023-10-15 01:31:23,084] {logging_mixin.py:109} INFO - [2023-10-15 01:31:23,084] {dagbag.py:500} INFO - Filling up the DagBag from /Users/namyoung/Desktop/myprj/airflow/airflow/lib/python3.7/site-packages/airflow/example_dags/example_latest_only_with_trigger.py
[2023-10-15 01:31:23,107] {processor.py:654} INFO - DAG(s) dict_keys(['latest_only_with_trigger']) retrieved from /Users/namyoung/Desktop/myprj/airflow/airflow/lib/python3.7/site-packages/airflow/example_dags/example_latest_only_with_trigger.py
[2023-10-15 01:31:23,115] {logging_mixin.py:109} INFO - [2023-10-15 01:31:23,115] {dag.py:2396} INFO - Sync 1 DAGs
[2023-10-15 01:31:23,123] {logging_mixin.py:109} INFO - [2023-10-15 01:31:23,123] {dag.py:2935} INFO - Setting next_dagrun for latest_only_with_trigger to 2023-10-14T12:31:23.123538+00:00
[2023-10-15 01:31:23,129] {processor.py:171} INFO - Processing /Users/namyoung/Desktop/myprj/airflow/airflow/lib/python3.7/site-packages/airflow/example_dags/example_latest_only_with_trigger.py took 0.053 seconds
[2023-10-15 03:10:17,790] {processor.py:163} INFO - Started process (PID=25510) to work on /Users/namyoung/Desktop/myprj/airflow/airflow/lib/python3.7/site-packages/airflow/example_dags/example_latest_only_with_trigger.py
[2023-10-15 03:10:17,791] {processor.py:642} INFO - Processing file /Users/namyoung/Desktop/myprj/airflow/airflow/lib/python3.7/site-packages/airflow/example_dags/example_latest_only_with_trigger.py for tasks to queue
[2023-10-15 03:10:17,791] {logging_mixin.py:109} INFO - [2023-10-15 03:10:17,791] {dagbag.py:500} INFO - Filling up the DagBag from /Users/namyoung/Desktop/myprj/airflow/airflow/lib/python3.7/site-packages/airflow/example_dags/example_latest_only_with_trigger.py
[2023-10-15 03:10:17,803] {processor.py:654} INFO - DAG(s) dict_keys(['latest_only_with_trigger']) retrieved from /Users/namyoung/Desktop/myprj/airflow/airflow/lib/python3.7/site-packages/airflow/example_dags/example_latest_only_with_trigger.py
[2023-10-15 03:10:17,809] {logging_mixin.py:109} INFO - [2023-10-15 03:10:17,809] {dag.py:2396} INFO - Sync 1 DAGs
[2023-10-15 03:10:17,816] {logging_mixin.py:109} INFO - [2023-10-15 03:10:17,816] {dag.py:2935} INFO - Setting next_dagrun for latest_only_with_trigger to 2023-10-14T14:10:17.816476+00:00
[2023-10-15 03:10:17,823] {processor.py:171} INFO - Processing /Users/namyoung/Desktop/myprj/airflow/airflow/lib/python3.7/site-packages/airflow/example_dags/example_latest_only_with_trigger.py took 0.036 seconds
[2023-10-15 04:48:04,943] {processor.py:163} INFO - Started process (PID=25770) to work on /Users/namyoung/Desktop/myprj/airflow/airflow/lib/python3.7/site-packages/airflow/example_dags/example_latest_only_with_trigger.py
[2023-10-15 04:48:04,944] {processor.py:642} INFO - Processing file /Users/namyoung/Desktop/myprj/airflow/airflow/lib/python3.7/site-packages/airflow/example_dags/example_latest_only_with_trigger.py for tasks to queue
[2023-10-15 04:48:04,945] {logging_mixin.py:109} INFO - [2023-10-15 04:48:04,945] {dagbag.py:500} INFO - Filling up the DagBag from /Users/namyoung/Desktop/myprj/airflow/airflow/lib/python3.7/site-packages/airflow/example_dags/example_latest_only_with_trigger.py
[2023-10-15 04:48:04,963] {processor.py:654} INFO - DAG(s) dict_keys(['latest_only_with_trigger']) retrieved from /Users/namyoung/Desktop/myprj/airflow/airflow/lib/python3.7/site-packages/airflow/example_dags/example_latest_only_with_trigger.py
[2023-10-15 04:48:04,970] {logging_mixin.py:109} INFO - [2023-10-15 04:48:04,970] {dag.py:2396} INFO - Sync 1 DAGs
[2023-10-15 04:48:04,980] {logging_mixin.py:109} INFO - [2023-10-15 04:48:04,980] {dag.py:2935} INFO - Setting next_dagrun for latest_only_with_trigger to 2023-10-14T15:48:04.980374+00:00
[2023-10-15 04:48:04,988] {processor.py:171} INFO - Processing /Users/namyoung/Desktop/myprj/airflow/airflow/lib/python3.7/site-packages/airflow/example_dags/example_latest_only_with_trigger.py took 0.049 seconds
[2023-10-15 06:27:31,672] {processor.py:163} INFO - Started process (PID=25922) to work on /Users/namyoung/Desktop/myprj/airflow/airflow/lib/python3.7/site-packages/airflow/example_dags/example_latest_only_with_trigger.py
[2023-10-15 06:27:31,673] {processor.py:642} INFO - Processing file /Users/namyoung/Desktop/myprj/airflow/airflow/lib/python3.7/site-packages/airflow/example_dags/example_latest_only_with_trigger.py for tasks to queue
[2023-10-15 06:27:31,673] {logging_mixin.py:109} INFO - [2023-10-15 06:27:31,673] {dagbag.py:500} INFO - Filling up the DagBag from /Users/namyoung/Desktop/myprj/airflow/airflow/lib/python3.7/site-packages/airflow/example_dags/example_latest_only_with_trigger.py
[2023-10-15 06:27:31,686] {processor.py:654} INFO - DAG(s) dict_keys(['latest_only_with_trigger']) retrieved from /Users/namyoung/Desktop/myprj/airflow/airflow/lib/python3.7/site-packages/airflow/example_dags/example_latest_only_with_trigger.py
[2023-10-15 06:27:31,692] {logging_mixin.py:109} INFO - [2023-10-15 06:27:31,692] {dag.py:2396} INFO - Sync 1 DAGs
[2023-10-15 06:27:31,700] {logging_mixin.py:109} INFO - [2023-10-15 06:27:31,699] {dag.py:2935} INFO - Setting next_dagrun for latest_only_with_trigger to 2023-10-14T17:27:31.699630+00:00
[2023-10-15 06:27:31,706] {processor.py:171} INFO - Processing /Users/namyoung/Desktop/myprj/airflow/airflow/lib/python3.7/site-packages/airflow/example_dags/example_latest_only_with_trigger.py took 0.036 seconds
[2023-10-15 08:06:51,100] {processor.py:163} INFO - Started process (PID=26187) to work on /Users/namyoung/Desktop/myprj/airflow/airflow/lib/python3.7/site-packages/airflow/example_dags/example_latest_only_with_trigger.py
[2023-10-15 08:06:51,102] {processor.py:642} INFO - Processing file /Users/namyoung/Desktop/myprj/airflow/airflow/lib/python3.7/site-packages/airflow/example_dags/example_latest_only_with_trigger.py for tasks to queue
[2023-10-15 08:06:51,103] {logging_mixin.py:109} INFO - [2023-10-15 08:06:51,103] {dagbag.py:500} INFO - Filling up the DagBag from /Users/namyoung/Desktop/myprj/airflow/airflow/lib/python3.7/site-packages/airflow/example_dags/example_latest_only_with_trigger.py
[2023-10-15 08:06:51,129] {processor.py:654} INFO - DAG(s) dict_keys(['latest_only_with_trigger']) retrieved from /Users/namyoung/Desktop/myprj/airflow/airflow/lib/python3.7/site-packages/airflow/example_dags/example_latest_only_with_trigger.py
[2023-10-15 08:06:51,137] {logging_mixin.py:109} INFO - [2023-10-15 08:06:51,137] {dag.py:2396} INFO - Sync 1 DAGs
[2023-10-15 08:06:51,145] {logging_mixin.py:109} INFO - [2023-10-15 08:06:51,145] {dag.py:2935} INFO - Setting next_dagrun for latest_only_with_trigger to 2023-10-14T19:06:51.145412+00:00
[2023-10-15 08:06:51,151] {processor.py:171} INFO - Processing /Users/namyoung/Desktop/myprj/airflow/airflow/lib/python3.7/site-packages/airflow/example_dags/example_latest_only_with_trigger.py took 0.057 seconds
