[2023-10-14 09:22:08,451] {processor.py:163} INFO - Started process (PID=23289) to work on /Users/namyoung/Desktop/myprj/airflow/airflow/lib/python3.7/site-packages/airflow/example_dags/example_trigger_controller_dag.py
[2023-10-14 09:22:08,451] {processor.py:642} INFO - Processing file /Users/namyoung/Desktop/myprj/airflow/airflow/lib/python3.7/site-packages/airflow/example_dags/example_trigger_controller_dag.py for tasks to queue
[2023-10-14 09:22:08,452] {logging_mixin.py:109} INFO - [2023-10-14 09:22:08,452] {dagbag.py:500} INFO - Filling up the DagBag from /Users/namyoung/Desktop/myprj/airflow/airflow/lib/python3.7/site-packages/airflow/example_dags/example_trigger_controller_dag.py
[2023-10-14 09:22:08,463] {processor.py:654} INFO - DAG(s) dict_keys(['example_trigger_controller_dag']) retrieved from /Users/namyoung/Desktop/myprj/airflow/airflow/lib/python3.7/site-packages/airflow/example_dags/example_trigger_controller_dag.py
[2023-10-14 09:22:08,468] {logging_mixin.py:109} INFO - [2023-10-14 09:22:08,468] {dag.py:2396} INFO - Sync 1 DAGs
[2023-10-14 09:22:08,475] {logging_mixin.py:109} INFO - [2023-10-14 09:22:08,475] {dag.py:2935} INFO - Setting next_dagrun for example_trigger_controller_dag to 2021-01-01T00:00:00+00:00
[2023-10-14 09:22:08,481] {processor.py:171} INFO - Processing /Users/namyoung/Desktop/myprj/airflow/airflow/lib/python3.7/site-packages/airflow/example_dags/example_trigger_controller_dag.py took 0.032 seconds
[2023-10-14 11:00:36,939] {processor.py:163} INFO - Started process (PID=23445) to work on /Users/namyoung/Desktop/myprj/airflow/airflow/lib/python3.7/site-packages/airflow/example_dags/example_trigger_controller_dag.py
[2023-10-14 11:00:36,939] {processor.py:642} INFO - Processing file /Users/namyoung/Desktop/myprj/airflow/airflow/lib/python3.7/site-packages/airflow/example_dags/example_trigger_controller_dag.py for tasks to queue
[2023-10-14 11:00:36,940] {logging_mixin.py:109} INFO - [2023-10-14 11:00:36,940] {dagbag.py:500} INFO - Filling up the DagBag from /Users/namyoung/Desktop/myprj/airflow/airflow/lib/python3.7/site-packages/airflow/example_dags/example_trigger_controller_dag.py
[2023-10-14 11:00:36,951] {processor.py:654} INFO - DAG(s) dict_keys(['example_trigger_controller_dag']) retrieved from /Users/namyoung/Desktop/myprj/airflow/airflow/lib/python3.7/site-packages/airflow/example_dags/example_trigger_controller_dag.py
[2023-10-14 11:00:36,956] {logging_mixin.py:109} INFO - [2023-10-14 11:00:36,956] {dag.py:2396} INFO - Sync 1 DAGs
[2023-10-14 11:00:36,963] {logging_mixin.py:109} INFO - [2023-10-14 11:00:36,962] {dag.py:2935} INFO - Setting next_dagrun for example_trigger_controller_dag to 2021-01-01T00:00:00+00:00
[2023-10-14 11:00:36,968] {processor.py:171} INFO - Processing /Users/namyoung/Desktop/myprj/airflow/airflow/lib/python3.7/site-packages/airflow/example_dags/example_trigger_controller_dag.py took 0.031 seconds
[2023-10-14 12:37:46,909] {processor.py:163} INFO - Started process (PID=23700) to work on /Users/namyoung/Desktop/myprj/airflow/airflow/lib/python3.7/site-packages/airflow/example_dags/example_trigger_controller_dag.py
[2023-10-14 12:37:46,909] {processor.py:642} INFO - Processing file /Users/namyoung/Desktop/myprj/airflow/airflow/lib/python3.7/site-packages/airflow/example_dags/example_trigger_controller_dag.py for tasks to queue
[2023-10-14 12:37:46,910] {logging_mixin.py:109} INFO - [2023-10-14 12:37:46,910] {dagbag.py:500} INFO - Filling up the DagBag from /Users/namyoung/Desktop/myprj/airflow/airflow/lib/python3.7/site-packages/airflow/example_dags/example_trigger_controller_dag.py
[2023-10-14 12:37:46,921] {processor.py:654} INFO - DAG(s) dict_keys(['example_trigger_controller_dag']) retrieved from /Users/namyoung/Desktop/myprj/airflow/airflow/lib/python3.7/site-packages/airflow/example_dags/example_trigger_controller_dag.py
[2023-10-14 12:37:46,926] {logging_mixin.py:109} INFO - [2023-10-14 12:37:46,926] {dag.py:2396} INFO - Sync 1 DAGs
[2023-10-14 12:37:46,933] {logging_mixin.py:109} INFO - [2023-10-14 12:37:46,933] {dag.py:2935} INFO - Setting next_dagrun for example_trigger_controller_dag to 2021-01-01T00:00:00+00:00
[2023-10-14 12:37:46,939] {processor.py:171} INFO - Processing /Users/namyoung/Desktop/myprj/airflow/airflow/lib/python3.7/site-packages/airflow/example_dags/example_trigger_controller_dag.py took 0.033 seconds
[2023-10-14 14:11:58,789] {processor.py:163} INFO - Started process (PID=23836) to work on /Users/namyoung/Desktop/myprj/airflow/airflow/lib/python3.7/site-packages/airflow/example_dags/example_trigger_controller_dag.py
[2023-10-14 14:11:58,790] {processor.py:642} INFO - Processing file /Users/namyoung/Desktop/myprj/airflow/airflow/lib/python3.7/site-packages/airflow/example_dags/example_trigger_controller_dag.py for tasks to queue
[2023-10-14 14:11:58,790] {logging_mixin.py:109} INFO - [2023-10-14 14:11:58,790] {dagbag.py:500} INFO - Filling up the DagBag from /Users/namyoung/Desktop/myprj/airflow/airflow/lib/python3.7/site-packages/airflow/example_dags/example_trigger_controller_dag.py
[2023-10-14 14:11:58,803] {processor.py:654} INFO - DAG(s) dict_keys(['example_trigger_controller_dag']) retrieved from /Users/namyoung/Desktop/myprj/airflow/airflow/lib/python3.7/site-packages/airflow/example_dags/example_trigger_controller_dag.py
[2023-10-14 14:11:58,809] {logging_mixin.py:109} INFO - [2023-10-14 14:11:58,809] {dag.py:2396} INFO - Sync 1 DAGs
[2023-10-14 14:11:58,816] {logging_mixin.py:109} INFO - [2023-10-14 14:11:58,816] {dag.py:2935} INFO - Setting next_dagrun for example_trigger_controller_dag to 2021-01-01T00:00:00+00:00
[2023-10-14 14:11:58,822] {processor.py:171} INFO - Processing /Users/namyoung/Desktop/myprj/airflow/airflow/lib/python3.7/site-packages/airflow/example_dags/example_trigger_controller_dag.py took 0.035 seconds
[2023-10-14 15:48:45,788] {processor.py:163} INFO - Started process (PID=24103) to work on /Users/namyoung/Desktop/myprj/airflow/airflow/lib/python3.7/site-packages/airflow/example_dags/example_trigger_controller_dag.py
[2023-10-14 15:48:45,789] {processor.py:642} INFO - Processing file /Users/namyoung/Desktop/myprj/airflow/airflow/lib/python3.7/site-packages/airflow/example_dags/example_trigger_controller_dag.py for tasks to queue
[2023-10-14 15:48:45,789] {logging_mixin.py:109} INFO - [2023-10-14 15:48:45,789] {dagbag.py:500} INFO - Filling up the DagBag from /Users/namyoung/Desktop/myprj/airflow/airflow/lib/python3.7/site-packages/airflow/example_dags/example_trigger_controller_dag.py
[2023-10-14 15:48:45,802] {processor.py:654} INFO - DAG(s) dict_keys(['example_trigger_controller_dag']) retrieved from /Users/namyoung/Desktop/myprj/airflow/airflow/lib/python3.7/site-packages/airflow/example_dags/example_trigger_controller_dag.py
[2023-10-14 15:48:45,807] {logging_mixin.py:109} INFO - [2023-10-14 15:48:45,807] {dag.py:2396} INFO - Sync 1 DAGs
[2023-10-14 15:48:45,815] {logging_mixin.py:109} INFO - [2023-10-14 15:48:45,814] {dag.py:2935} INFO - Setting next_dagrun for example_trigger_controller_dag to 2021-01-01T00:00:00+00:00
[2023-10-14 15:48:45,820] {processor.py:171} INFO - Processing /Users/namyoung/Desktop/myprj/airflow/airflow/lib/python3.7/site-packages/airflow/example_dags/example_trigger_controller_dag.py took 0.033 seconds
[2023-10-14 17:18:21,935] {processor.py:163} INFO - Started process (PID=24236) to work on /Users/namyoung/Desktop/myprj/airflow/airflow/lib/python3.7/site-packages/airflow/example_dags/example_trigger_controller_dag.py
[2023-10-14 17:18:21,936] {processor.py:642} INFO - Processing file /Users/namyoung/Desktop/myprj/airflow/airflow/lib/python3.7/site-packages/airflow/example_dags/example_trigger_controller_dag.py for tasks to queue
[2023-10-14 17:18:21,936] {logging_mixin.py:109} INFO - [2023-10-14 17:18:21,936] {dagbag.py:500} INFO - Filling up the DagBag from /Users/namyoung/Desktop/myprj/airflow/airflow/lib/python3.7/site-packages/airflow/example_dags/example_trigger_controller_dag.py
[2023-10-14 17:18:21,947] {processor.py:654} INFO - DAG(s) dict_keys(['example_trigger_controller_dag']) retrieved from /Users/namyoung/Desktop/myprj/airflow/airflow/lib/python3.7/site-packages/airflow/example_dags/example_trigger_controller_dag.py
[2023-10-14 17:18:21,953] {logging_mixin.py:109} INFO - [2023-10-14 17:18:21,953] {dag.py:2396} INFO - Sync 1 DAGs
[2023-10-14 17:18:21,960] {logging_mixin.py:109} INFO - [2023-10-14 17:18:21,960] {dag.py:2935} INFO - Setting next_dagrun for example_trigger_controller_dag to 2021-01-01T00:00:00+00:00
[2023-10-14 17:18:21,967] {processor.py:171} INFO - Processing /Users/namyoung/Desktop/myprj/airflow/airflow/lib/python3.7/site-packages/airflow/example_dags/example_trigger_controller_dag.py took 0.033 seconds
[2023-10-14 18:33:34,947] {processor.py:163} INFO - Started process (PID=24376) to work on /Users/namyoung/Desktop/myprj/airflow/airflow/lib/python3.7/site-packages/airflow/example_dags/example_trigger_controller_dag.py
[2023-10-14 18:33:34,947] {processor.py:642} INFO - Processing file /Users/namyoung/Desktop/myprj/airflow/airflow/lib/python3.7/site-packages/airflow/example_dags/example_trigger_controller_dag.py for tasks to queue
[2023-10-14 18:33:34,948] {logging_mixin.py:109} INFO - [2023-10-14 18:33:34,948] {dagbag.py:500} INFO - Filling up the DagBag from /Users/namyoung/Desktop/myprj/airflow/airflow/lib/python3.7/site-packages/airflow/example_dags/example_trigger_controller_dag.py
[2023-10-14 18:33:34,964] {processor.py:654} INFO - DAG(s) dict_keys(['example_trigger_controller_dag']) retrieved from /Users/namyoung/Desktop/myprj/airflow/airflow/lib/python3.7/site-packages/airflow/example_dags/example_trigger_controller_dag.py
[2023-10-14 18:33:34,971] {logging_mixin.py:109} INFO - [2023-10-14 18:33:34,971] {dag.py:2396} INFO - Sync 1 DAGs
[2023-10-14 18:33:34,978] {logging_mixin.py:109} INFO - [2023-10-14 18:33:34,978] {dag.py:2935} INFO - Setting next_dagrun for example_trigger_controller_dag to 2021-01-01T00:00:00+00:00
[2023-10-14 18:33:34,983] {processor.py:171} INFO - Processing /Users/namyoung/Desktop/myprj/airflow/airflow/lib/python3.7/site-packages/airflow/example_dags/example_trigger_controller_dag.py took 0.041 seconds
[2023-10-14 20:10:35,879] {processor.py:163} INFO - Started process (PID=24615) to work on /Users/namyoung/Desktop/myprj/airflow/airflow/lib/python3.7/site-packages/airflow/example_dags/example_trigger_controller_dag.py
[2023-10-14 20:10:35,880] {processor.py:642} INFO - Processing file /Users/namyoung/Desktop/myprj/airflow/airflow/lib/python3.7/site-packages/airflow/example_dags/example_trigger_controller_dag.py for tasks to queue
[2023-10-14 20:10:35,881] {logging_mixin.py:109} INFO - [2023-10-14 20:10:35,881] {dagbag.py:500} INFO - Filling up the DagBag from /Users/namyoung/Desktop/myprj/airflow/airflow/lib/python3.7/site-packages/airflow/example_dags/example_trigger_controller_dag.py
[2023-10-14 20:10:35,898] {processor.py:654} INFO - DAG(s) dict_keys(['example_trigger_controller_dag']) retrieved from /Users/namyoung/Desktop/myprj/airflow/airflow/lib/python3.7/site-packages/airflow/example_dags/example_trigger_controller_dag.py
[2023-10-14 20:10:35,905] {logging_mixin.py:109} INFO - [2023-10-14 20:10:35,905] {dag.py:2396} INFO - Sync 1 DAGs
[2023-10-14 20:10:35,915] {logging_mixin.py:109} INFO - [2023-10-14 20:10:35,915] {dag.py:2935} INFO - Setting next_dagrun for example_trigger_controller_dag to 2021-01-01T00:00:00+00:00
[2023-10-14 20:10:35,995] {processor.py:171} INFO - Processing /Users/namyoung/Desktop/myprj/airflow/airflow/lib/python3.7/site-packages/airflow/example_dags/example_trigger_controller_dag.py took 0.051 seconds
[2023-10-14 21:52:47,750] {processor.py:163} INFO - Started process (PID=24892) to work on /Users/namyoung/Desktop/myprj/airflow/airflow/lib/python3.7/site-packages/airflow/example_dags/example_trigger_controller_dag.py
[2023-10-14 21:52:47,751] {processor.py:642} INFO - Processing file /Users/namyoung/Desktop/myprj/airflow/airflow/lib/python3.7/site-packages/airflow/example_dags/example_trigger_controller_dag.py for tasks to queue
[2023-10-14 21:52:47,752] {logging_mixin.py:109} INFO - [2023-10-14 21:52:47,752] {dagbag.py:500} INFO - Filling up the DagBag from /Users/namyoung/Desktop/myprj/airflow/airflow/lib/python3.7/site-packages/airflow/example_dags/example_trigger_controller_dag.py
[2023-10-14 21:52:47,764] {processor.py:654} INFO - DAG(s) dict_keys(['example_trigger_controller_dag']) retrieved from /Users/namyoung/Desktop/myprj/airflow/airflow/lib/python3.7/site-packages/airflow/example_dags/example_trigger_controller_dag.py
[2023-10-14 21:52:47,770] {logging_mixin.py:109} INFO - [2023-10-14 21:52:47,770] {dag.py:2396} INFO - Sync 1 DAGs
[2023-10-14 21:52:47,777] {logging_mixin.py:109} INFO - [2023-10-14 21:52:47,777] {dag.py:2935} INFO - Setting next_dagrun for example_trigger_controller_dag to 2021-01-01T00:00:00+00:00
[2023-10-14 21:52:47,784] {processor.py:171} INFO - Processing /Users/namyoung/Desktop/myprj/airflow/airflow/lib/python3.7/site-packages/airflow/example_dags/example_trigger_controller_dag.py took 0.035 seconds
[2023-10-14 23:28:16,771] {processor.py:163} INFO - Started process (PID=25041) to work on /Users/namyoung/Desktop/myprj/airflow/airflow/lib/python3.7/site-packages/airflow/example_dags/example_trigger_controller_dag.py
[2023-10-14 23:28:16,772] {processor.py:642} INFO - Processing file /Users/namyoung/Desktop/myprj/airflow/airflow/lib/python3.7/site-packages/airflow/example_dags/example_trigger_controller_dag.py for tasks to queue
[2023-10-14 23:28:16,773] {logging_mixin.py:109} INFO - [2023-10-14 23:28:16,772] {dagbag.py:500} INFO - Filling up the DagBag from /Users/namyoung/Desktop/myprj/airflow/airflow/lib/python3.7/site-packages/airflow/example_dags/example_trigger_controller_dag.py
[2023-10-14 23:28:16,783] {processor.py:654} INFO - DAG(s) dict_keys(['example_trigger_controller_dag']) retrieved from /Users/namyoung/Desktop/myprj/airflow/airflow/lib/python3.7/site-packages/airflow/example_dags/example_trigger_controller_dag.py
[2023-10-14 23:28:16,788] {logging_mixin.py:109} INFO - [2023-10-14 23:28:16,788] {dag.py:2396} INFO - Sync 1 DAGs
[2023-10-14 23:28:16,795] {logging_mixin.py:109} INFO - [2023-10-14 23:28:16,795] {dag.py:2935} INFO - Setting next_dagrun for example_trigger_controller_dag to 2021-01-01T00:00:00+00:00
[2023-10-14 23:28:16,801] {processor.py:171} INFO - Processing /Users/namyoung/Desktop/myprj/airflow/airflow/lib/python3.7/site-packages/airflow/example_dags/example_trigger_controller_dag.py took 0.031 seconds
[2023-10-15 01:07:05,987] {processor.py:163} INFO - Started process (PID=25320) to work on /Users/namyoung/Desktop/myprj/airflow/airflow/lib/python3.7/site-packages/airflow/example_dags/example_trigger_controller_dag.py
[2023-10-15 01:07:05,988] {processor.py:642} INFO - Processing file /Users/namyoung/Desktop/myprj/airflow/airflow/lib/python3.7/site-packages/airflow/example_dags/example_trigger_controller_dag.py for tasks to queue
[2023-10-15 01:07:05,989] {logging_mixin.py:109} INFO - [2023-10-15 01:07:05,988] {dagbag.py:500} INFO - Filling up the DagBag from /Users/namyoung/Desktop/myprj/airflow/airflow/lib/python3.7/site-packages/airflow/example_dags/example_trigger_controller_dag.py
[2023-10-15 01:07:06,000] {processor.py:654} INFO - DAG(s) dict_keys(['example_trigger_controller_dag']) retrieved from /Users/namyoung/Desktop/myprj/airflow/airflow/lib/python3.7/site-packages/airflow/example_dags/example_trigger_controller_dag.py
[2023-10-15 01:07:06,005] {logging_mixin.py:109} INFO - [2023-10-15 01:07:06,005] {dag.py:2396} INFO - Sync 1 DAGs
[2023-10-15 01:07:06,012] {logging_mixin.py:109} INFO - [2023-10-15 01:07:06,012] {dag.py:2935} INFO - Setting next_dagrun for example_trigger_controller_dag to 2021-01-01T00:00:00+00:00
[2023-10-15 01:07:06,019] {processor.py:171} INFO - Processing /Users/namyoung/Desktop/myprj/airflow/airflow/lib/python3.7/site-packages/airflow/example_dags/example_trigger_controller_dag.py took 0.034 seconds
[2023-10-15 02:35:55,174] {processor.py:163} INFO - Started process (PID=25452) to work on /Users/namyoung/Desktop/myprj/airflow/airflow/lib/python3.7/site-packages/airflow/example_dags/example_trigger_controller_dag.py
[2023-10-15 02:35:55,175] {processor.py:642} INFO - Processing file /Users/namyoung/Desktop/myprj/airflow/airflow/lib/python3.7/site-packages/airflow/example_dags/example_trigger_controller_dag.py for tasks to queue
[2023-10-15 02:35:55,175] {logging_mixin.py:109} INFO - [2023-10-15 02:35:55,175] {dagbag.py:500} INFO - Filling up the DagBag from /Users/namyoung/Desktop/myprj/airflow/airflow/lib/python3.7/site-packages/airflow/example_dags/example_trigger_controller_dag.py
[2023-10-15 02:35:55,188] {processor.py:654} INFO - DAG(s) dict_keys(['example_trigger_controller_dag']) retrieved from /Users/namyoung/Desktop/myprj/airflow/airflow/lib/python3.7/site-packages/airflow/example_dags/example_trigger_controller_dag.py
[2023-10-15 02:35:55,194] {logging_mixin.py:109} INFO - [2023-10-15 02:35:55,194] {dag.py:2396} INFO - Sync 1 DAGs
[2023-10-15 02:35:55,201] {logging_mixin.py:109} INFO - [2023-10-15 02:35:55,201] {dag.py:2935} INFO - Setting next_dagrun for example_trigger_controller_dag to 2021-01-01T00:00:00+00:00
[2023-10-15 02:35:55,207] {processor.py:171} INFO - Processing /Users/namyoung/Desktop/myprj/airflow/airflow/lib/python3.7/site-packages/airflow/example_dags/example_trigger_controller_dag.py took 0.035 seconds
[2023-10-15 04:14:06,895] {processor.py:163} INFO - Started process (PID=25693) to work on /Users/namyoung/Desktop/myprj/airflow/airflow/lib/python3.7/site-packages/airflow/example_dags/example_trigger_controller_dag.py
[2023-10-15 04:14:06,896] {processor.py:642} INFO - Processing file /Users/namyoung/Desktop/myprj/airflow/airflow/lib/python3.7/site-packages/airflow/example_dags/example_trigger_controller_dag.py for tasks to queue
[2023-10-15 04:14:06,896] {logging_mixin.py:109} INFO - [2023-10-15 04:14:06,896] {dagbag.py:500} INFO - Filling up the DagBag from /Users/namyoung/Desktop/myprj/airflow/airflow/lib/python3.7/site-packages/airflow/example_dags/example_trigger_controller_dag.py
[2023-10-15 04:14:06,911] {processor.py:654} INFO - DAG(s) dict_keys(['example_trigger_controller_dag']) retrieved from /Users/namyoung/Desktop/myprj/airflow/airflow/lib/python3.7/site-packages/airflow/example_dags/example_trigger_controller_dag.py
[2023-10-15 04:14:06,918] {logging_mixin.py:109} INFO - [2023-10-15 04:14:06,918] {dag.py:2396} INFO - Sync 1 DAGs
[2023-10-15 04:14:06,925] {logging_mixin.py:109} INFO - [2023-10-15 04:14:06,925] {dag.py:2935} INFO - Setting next_dagrun for example_trigger_controller_dag to 2021-01-01T00:00:00+00:00
[2023-10-15 04:14:06,932] {processor.py:171} INFO - Processing /Users/namyoung/Desktop/myprj/airflow/airflow/lib/python3.7/site-packages/airflow/example_dags/example_trigger_controller_dag.py took 0.039 seconds
[2023-10-15 05:54:40,585] {processor.py:163} INFO - Started process (PID=25874) to work on /Users/namyoung/Desktop/myprj/airflow/airflow/lib/python3.7/site-packages/airflow/example_dags/example_trigger_controller_dag.py
[2023-10-15 05:54:40,585] {processor.py:642} INFO - Processing file /Users/namyoung/Desktop/myprj/airflow/airflow/lib/python3.7/site-packages/airflow/example_dags/example_trigger_controller_dag.py for tasks to queue
[2023-10-15 05:54:40,586] {logging_mixin.py:109} INFO - [2023-10-15 05:54:40,586] {dagbag.py:500} INFO - Filling up the DagBag from /Users/namyoung/Desktop/myprj/airflow/airflow/lib/python3.7/site-packages/airflow/example_dags/example_trigger_controller_dag.py
[2023-10-15 05:54:40,597] {processor.py:654} INFO - DAG(s) dict_keys(['example_trigger_controller_dag']) retrieved from /Users/namyoung/Desktop/myprj/airflow/airflow/lib/python3.7/site-packages/airflow/example_dags/example_trigger_controller_dag.py
[2023-10-15 05:54:40,605] {logging_mixin.py:109} INFO - [2023-10-15 05:54:40,605] {dag.py:2396} INFO - Sync 1 DAGs
[2023-10-15 05:54:40,612] {logging_mixin.py:109} INFO - [2023-10-15 05:54:40,612] {dag.py:2935} INFO - Setting next_dagrun for example_trigger_controller_dag to 2021-01-01T00:00:00+00:00
[2023-10-15 05:54:40,621] {processor.py:171} INFO - Processing /Users/namyoung/Desktop/myprj/airflow/airflow/lib/python3.7/site-packages/airflow/example_dags/example_trigger_controller_dag.py took 0.038 seconds
[2023-10-15 07:33:16,001] {processor.py:163} INFO - Started process (PID=26139) to work on /Users/namyoung/Desktop/myprj/airflow/airflow/lib/python3.7/site-packages/airflow/example_dags/example_trigger_controller_dag.py
[2023-10-15 07:33:16,004] {processor.py:642} INFO - Processing file /Users/namyoung/Desktop/myprj/airflow/airflow/lib/python3.7/site-packages/airflow/example_dags/example_trigger_controller_dag.py for tasks to queue
[2023-10-15 07:33:16,005] {logging_mixin.py:109} INFO - [2023-10-15 07:33:16,005] {dagbag.py:500} INFO - Filling up the DagBag from /Users/namyoung/Desktop/myprj/airflow/airflow/lib/python3.7/site-packages/airflow/example_dags/example_trigger_controller_dag.py
[2023-10-15 07:33:16,030] {processor.py:654} INFO - DAG(s) dict_keys(['example_trigger_controller_dag']) retrieved from /Users/namyoung/Desktop/myprj/airflow/airflow/lib/python3.7/site-packages/airflow/example_dags/example_trigger_controller_dag.py
[2023-10-15 07:33:16,038] {logging_mixin.py:109} INFO - [2023-10-15 07:33:16,038] {dag.py:2396} INFO - Sync 1 DAGs
[2023-10-15 07:33:16,048] {logging_mixin.py:109} INFO - [2023-10-15 07:33:16,048] {dag.py:2935} INFO - Setting next_dagrun for example_trigger_controller_dag to 2021-01-01T00:00:00+00:00
[2023-10-15 07:33:16,054] {processor.py:171} INFO - Processing /Users/namyoung/Desktop/myprj/airflow/airflow/lib/python3.7/site-packages/airflow/example_dags/example_trigger_controller_dag.py took 0.058 seconds
