[2023-10-14 10:10:49,620] {processor.py:163} INFO - Started process (PID=23366) to work on /Users/namyoung/Desktop/myprj/airflow/airflow/lib/python3.7/site-packages/airflow/example_dags/example_external_task_marker_dag.py
[2023-10-14 10:10:49,621] {processor.py:642} INFO - Processing file /Users/namyoung/Desktop/myprj/airflow/airflow/lib/python3.7/site-packages/airflow/example_dags/example_external_task_marker_dag.py for tasks to queue
[2023-10-14 10:10:49,621] {logging_mixin.py:109} INFO - [2023-10-14 10:10:49,621] {dagbag.py:500} INFO - Filling up the DagBag from /Users/namyoung/Desktop/myprj/airflow/airflow/lib/python3.7/site-packages/airflow/example_dags/example_external_task_marker_dag.py
[2023-10-14 10:10:49,635] {processor.py:654} INFO - DAG(s) dict_keys(['example_external_task_marker_parent', 'example_external_task_marker_child']) retrieved from /Users/namyoung/Desktop/myprj/airflow/airflow/lib/python3.7/site-packages/airflow/example_dags/example_external_task_marker_dag.py
[2023-10-14 10:10:49,643] {logging_mixin.py:109} INFO - [2023-10-14 10:10:49,643] {dag.py:2396} INFO - Sync 2 DAGs
[2023-10-14 10:10:49,651] {logging_mixin.py:109} INFO - [2023-10-14 10:10:49,651] {dag.py:2935} INFO - Setting next_dagrun for example_external_task_marker_child to None
[2023-10-14 10:10:49,652] {logging_mixin.py:109} INFO - [2023-10-14 10:10:49,652] {dag.py:2935} INFO - Setting next_dagrun for example_external_task_marker_parent to None
[2023-10-14 10:10:49,657] {processor.py:171} INFO - Processing /Users/namyoung/Desktop/myprj/airflow/airflow/lib/python3.7/site-packages/airflow/example_dags/example_external_task_marker_dag.py took 0.040 seconds
[2023-10-14 11:50:27,882] {processor.py:163} INFO - Started process (PID=23507) to work on /Users/namyoung/Desktop/myprj/airflow/airflow/lib/python3.7/site-packages/airflow/example_dags/example_external_task_marker_dag.py
[2023-10-14 11:50:27,883] {processor.py:642} INFO - Processing file /Users/namyoung/Desktop/myprj/airflow/airflow/lib/python3.7/site-packages/airflow/example_dags/example_external_task_marker_dag.py for tasks to queue
[2023-10-14 11:50:27,884] {logging_mixin.py:109} INFO - [2023-10-14 11:50:27,884] {dagbag.py:500} INFO - Filling up the DagBag from /Users/namyoung/Desktop/myprj/airflow/airflow/lib/python3.7/site-packages/airflow/example_dags/example_external_task_marker_dag.py
[2023-10-14 11:50:27,896] {processor.py:654} INFO - DAG(s) dict_keys(['example_external_task_marker_parent', 'example_external_task_marker_child']) retrieved from /Users/namyoung/Desktop/myprj/airflow/airflow/lib/python3.7/site-packages/airflow/example_dags/example_external_task_marker_dag.py
[2023-10-14 11:50:27,903] {logging_mixin.py:109} INFO - [2023-10-14 11:50:27,903] {dag.py:2396} INFO - Sync 2 DAGs
[2023-10-14 11:50:27,910] {logging_mixin.py:109} INFO - [2023-10-14 11:50:27,910] {dag.py:2935} INFO - Setting next_dagrun for example_external_task_marker_child to None
[2023-10-14 11:50:27,911] {logging_mixin.py:109} INFO - [2023-10-14 11:50:27,911] {dag.py:2935} INFO - Setting next_dagrun for example_external_task_marker_parent to None
[2023-10-14 11:50:27,918] {processor.py:171} INFO - Processing /Users/namyoung/Desktop/myprj/airflow/airflow/lib/python3.7/site-packages/airflow/example_dags/example_external_task_marker_dag.py took 0.038 seconds
[2023-10-14 13:23:51,730] {processor.py:163} INFO - Started process (PID=23755) to work on /Users/namyoung/Desktop/myprj/airflow/airflow/lib/python3.7/site-packages/airflow/example_dags/example_external_task_marker_dag.py
[2023-10-14 13:23:51,732] {processor.py:642} INFO - Processing file /Users/namyoung/Desktop/myprj/airflow/airflow/lib/python3.7/site-packages/airflow/example_dags/example_external_task_marker_dag.py for tasks to queue
[2023-10-14 13:23:51,733] {logging_mixin.py:109} INFO - [2023-10-14 13:23:51,732] {dagbag.py:500} INFO - Filling up the DagBag from /Users/namyoung/Desktop/myprj/airflow/airflow/lib/python3.7/site-packages/airflow/example_dags/example_external_task_marker_dag.py
[2023-10-14 13:23:51,753] {processor.py:654} INFO - DAG(s) dict_keys(['example_external_task_marker_parent', 'example_external_task_marker_child']) retrieved from /Users/namyoung/Desktop/myprj/airflow/airflow/lib/python3.7/site-packages/airflow/example_dags/example_external_task_marker_dag.py
[2023-10-14 13:23:51,763] {logging_mixin.py:109} INFO - [2023-10-14 13:23:51,763] {dag.py:2396} INFO - Sync 2 DAGs
[2023-10-14 13:23:51,772] {logging_mixin.py:109} INFO - [2023-10-14 13:23:51,772] {dag.py:2935} INFO - Setting next_dagrun for example_external_task_marker_child to None
[2023-10-14 13:23:51,773] {logging_mixin.py:109} INFO - [2023-10-14 13:23:51,773] {dag.py:2935} INFO - Setting next_dagrun for example_external_task_marker_parent to None
[2023-10-14 13:23:51,786] {processor.py:171} INFO - Processing /Users/namyoung/Desktop/myprj/airflow/airflow/lib/python3.7/site-packages/airflow/example_dags/example_external_task_marker_dag.py took 0.061 seconds
[2023-10-14 15:00:21,624] {processor.py:163} INFO - Started process (PID=23898) to work on /Users/namyoung/Desktop/myprj/airflow/airflow/lib/python3.7/site-packages/airflow/example_dags/example_external_task_marker_dag.py
[2023-10-14 15:00:21,626] {processor.py:642} INFO - Processing file /Users/namyoung/Desktop/myprj/airflow/airflow/lib/python3.7/site-packages/airflow/example_dags/example_external_task_marker_dag.py for tasks to queue
[2023-10-14 15:00:21,627] {logging_mixin.py:109} INFO - [2023-10-14 15:00:21,626] {dagbag.py:500} INFO - Filling up the DagBag from /Users/namyoung/Desktop/myprj/airflow/airflow/lib/python3.7/site-packages/airflow/example_dags/example_external_task_marker_dag.py
[2023-10-14 15:00:21,649] {processor.py:654} INFO - DAG(s) dict_keys(['example_external_task_marker_parent', 'example_external_task_marker_child']) retrieved from /Users/namyoung/Desktop/myprj/airflow/airflow/lib/python3.7/site-packages/airflow/example_dags/example_external_task_marker_dag.py
[2023-10-14 15:00:21,659] {logging_mixin.py:109} INFO - [2023-10-14 15:00:21,659] {dag.py:2396} INFO - Sync 2 DAGs
[2023-10-14 15:00:21,669] {logging_mixin.py:109} INFO - [2023-10-14 15:00:21,669] {dag.py:2935} INFO - Setting next_dagrun for example_external_task_marker_child to None
[2023-10-14 15:00:21,670] {logging_mixin.py:109} INFO - [2023-10-14 15:00:21,670] {dag.py:2935} INFO - Setting next_dagrun for example_external_task_marker_parent to None
[2023-10-14 15:00:21,680] {processor.py:171} INFO - Processing /Users/namyoung/Desktop/myprj/airflow/airflow/lib/python3.7/site-packages/airflow/example_dags/example_external_task_marker_dag.py took 0.061 seconds
[2023-10-14 16:38:01,678] {processor.py:163} INFO - Started process (PID=24160) to work on /Users/namyoung/Desktop/myprj/airflow/airflow/lib/python3.7/site-packages/airflow/example_dags/example_external_task_marker_dag.py
[2023-10-14 16:38:01,680] {processor.py:642} INFO - Processing file /Users/namyoung/Desktop/myprj/airflow/airflow/lib/python3.7/site-packages/airflow/example_dags/example_external_task_marker_dag.py for tasks to queue
[2023-10-14 16:38:01,681] {logging_mixin.py:109} INFO - [2023-10-14 16:38:01,681] {dagbag.py:500} INFO - Filling up the DagBag from /Users/namyoung/Desktop/myprj/airflow/airflow/lib/python3.7/site-packages/airflow/example_dags/example_external_task_marker_dag.py
[2023-10-14 16:38:01,700] {processor.py:654} INFO - DAG(s) dict_keys(['example_external_task_marker_parent', 'example_external_task_marker_child']) retrieved from /Users/namyoung/Desktop/myprj/airflow/airflow/lib/python3.7/site-packages/airflow/example_dags/example_external_task_marker_dag.py
[2023-10-14 16:38:01,709] {logging_mixin.py:109} INFO - [2023-10-14 16:38:01,709] {dag.py:2396} INFO - Sync 2 DAGs
[2023-10-14 16:38:01,719] {logging_mixin.py:109} INFO - [2023-10-14 16:38:01,719] {dag.py:2935} INFO - Setting next_dagrun for example_external_task_marker_child to None
[2023-10-14 16:38:01,719] {logging_mixin.py:109} INFO - [2023-10-14 16:38:01,719] {dag.py:2935} INFO - Setting next_dagrun for example_external_task_marker_parent to None
[2023-10-14 16:38:01,752] {processor.py:171} INFO - Processing /Users/namyoung/Desktop/myprj/airflow/airflow/lib/python3.7/site-packages/airflow/example_dags/example_external_task_marker_dag.py took 0.078 seconds
[2023-10-14 17:45:28,438] {processor.py:163} INFO - Started process (PID=24289) to work on /Users/namyoung/Desktop/myprj/airflow/airflow/lib/python3.7/site-packages/airflow/example_dags/example_external_task_marker_dag.py
[2023-10-14 17:45:28,440] {processor.py:642} INFO - Processing file /Users/namyoung/Desktop/myprj/airflow/airflow/lib/python3.7/site-packages/airflow/example_dags/example_external_task_marker_dag.py for tasks to queue
[2023-10-14 17:45:28,441] {logging_mixin.py:109} INFO - [2023-10-14 17:45:28,441] {dagbag.py:500} INFO - Filling up the DagBag from /Users/namyoung/Desktop/myprj/airflow/airflow/lib/python3.7/site-packages/airflow/example_dags/example_external_task_marker_dag.py
[2023-10-14 17:45:28,469] {processor.py:654} INFO - DAG(s) dict_keys(['example_external_task_marker_parent', 'example_external_task_marker_child']) retrieved from /Users/namyoung/Desktop/myprj/airflow/airflow/lib/python3.7/site-packages/airflow/example_dags/example_external_task_marker_dag.py
[2023-10-14 17:45:28,480] {logging_mixin.py:109} INFO - [2023-10-14 17:45:28,480] {dag.py:2396} INFO - Sync 2 DAGs
[2023-10-14 17:45:28,488] {logging_mixin.py:109} INFO - [2023-10-14 17:45:28,488] {dag.py:2935} INFO - Setting next_dagrun for example_external_task_marker_child to None
[2023-10-14 17:45:28,489] {logging_mixin.py:109} INFO - [2023-10-14 17:45:28,489] {dag.py:2935} INFO - Setting next_dagrun for example_external_task_marker_parent to None
[2023-10-14 17:45:28,494] {processor.py:171} INFO - Processing /Users/namyoung/Desktop/myprj/airflow/airflow/lib/python3.7/site-packages/airflow/example_dags/example_external_task_marker_dag.py took 0.062 seconds
[2023-10-14 19:21:52,942] {processor.py:163} INFO - Started process (PID=24554) to work on /Users/namyoung/Desktop/myprj/airflow/airflow/lib/python3.7/site-packages/airflow/example_dags/example_external_task_marker_dag.py
[2023-10-14 19:21:52,943] {processor.py:642} INFO - Processing file /Users/namyoung/Desktop/myprj/airflow/airflow/lib/python3.7/site-packages/airflow/example_dags/example_external_task_marker_dag.py for tasks to queue
[2023-10-14 19:21:52,943] {logging_mixin.py:109} INFO - [2023-10-14 19:21:52,943] {dagbag.py:500} INFO - Filling up the DagBag from /Users/namyoung/Desktop/myprj/airflow/airflow/lib/python3.7/site-packages/airflow/example_dags/example_external_task_marker_dag.py
[2023-10-14 19:21:52,958] {processor.py:654} INFO - DAG(s) dict_keys(['example_external_task_marker_parent', 'example_external_task_marker_child']) retrieved from /Users/namyoung/Desktop/myprj/airflow/airflow/lib/python3.7/site-packages/airflow/example_dags/example_external_task_marker_dag.py
[2023-10-14 19:21:52,966] {logging_mixin.py:109} INFO - [2023-10-14 19:21:52,966] {dag.py:2396} INFO - Sync 2 DAGs
[2023-10-14 19:21:52,975] {logging_mixin.py:109} INFO - [2023-10-14 19:21:52,975] {dag.py:2935} INFO - Setting next_dagrun for example_external_task_marker_child to None
[2023-10-14 19:21:52,975] {logging_mixin.py:109} INFO - [2023-10-14 19:21:52,975] {dag.py:2935} INFO - Setting next_dagrun for example_external_task_marker_parent to None
[2023-10-14 19:21:52,981] {processor.py:171} INFO - Processing /Users/namyoung/Desktop/myprj/airflow/airflow/lib/python3.7/site-packages/airflow/example_dags/example_external_task_marker_dag.py took 0.042 seconds
[2023-10-14 20:45:17,110] {processor.py:163} INFO - Started process (PID=24679) to work on /Users/namyoung/Desktop/myprj/airflow/airflow/lib/python3.7/site-packages/airflow/example_dags/example_external_task_marker_dag.py
[2023-10-14 20:45:17,112] {processor.py:642} INFO - Processing file /Users/namyoung/Desktop/myprj/airflow/airflow/lib/python3.7/site-packages/airflow/example_dags/example_external_task_marker_dag.py for tasks to queue
[2023-10-14 20:45:17,113] {logging_mixin.py:109} INFO - [2023-10-14 20:45:17,113] {dagbag.py:500} INFO - Filling up the DagBag from /Users/namyoung/Desktop/myprj/airflow/airflow/lib/python3.7/site-packages/airflow/example_dags/example_external_task_marker_dag.py
[2023-10-14 20:45:17,141] {processor.py:654} INFO - DAG(s) dict_keys(['example_external_task_marker_parent', 'example_external_task_marker_child']) retrieved from /Users/namyoung/Desktop/myprj/airflow/airflow/lib/python3.7/site-packages/airflow/example_dags/example_external_task_marker_dag.py
[2023-10-14 20:45:17,152] {logging_mixin.py:109} INFO - [2023-10-14 20:45:17,152] {dag.py:2396} INFO - Sync 2 DAGs
[2023-10-14 20:45:17,161] {logging_mixin.py:109} INFO - [2023-10-14 20:45:17,161] {dag.py:2935} INFO - Setting next_dagrun for example_external_task_marker_child to None
[2023-10-14 20:45:17,162] {logging_mixin.py:109} INFO - [2023-10-14 20:45:17,161] {dag.py:2935} INFO - Setting next_dagrun for example_external_task_marker_parent to None
[2023-10-14 20:45:17,167] {processor.py:171} INFO - Processing /Users/namyoung/Desktop/myprj/airflow/airflow/lib/python3.7/site-packages/airflow/example_dags/example_external_task_marker_dag.py took 0.063 seconds
[2023-10-14 22:40:51,535] {processor.py:163} INFO - Started process (PID=24956) to work on /Users/namyoung/Desktop/myprj/airflow/airflow/lib/python3.7/site-packages/airflow/example_dags/example_external_task_marker_dag.py
[2023-10-14 22:40:51,536] {processor.py:642} INFO - Processing file /Users/namyoung/Desktop/myprj/airflow/airflow/lib/python3.7/site-packages/airflow/example_dags/example_external_task_marker_dag.py for tasks to queue
[2023-10-14 22:40:51,537] {logging_mixin.py:109} INFO - [2023-10-14 22:40:51,537] {dagbag.py:500} INFO - Filling up the DagBag from /Users/namyoung/Desktop/myprj/airflow/airflow/lib/python3.7/site-packages/airflow/example_dags/example_external_task_marker_dag.py
[2023-10-14 22:40:51,558] {processor.py:654} INFO - DAG(s) dict_keys(['example_external_task_marker_parent', 'example_external_task_marker_child']) retrieved from /Users/namyoung/Desktop/myprj/airflow/airflow/lib/python3.7/site-packages/airflow/example_dags/example_external_task_marker_dag.py
[2023-10-14 22:40:51,567] {logging_mixin.py:109} INFO - [2023-10-14 22:40:51,567] {dag.py:2396} INFO - Sync 2 DAGs
[2023-10-14 22:40:51,576] {logging_mixin.py:109} INFO - [2023-10-14 22:40:51,576] {dag.py:2935} INFO - Setting next_dagrun for example_external_task_marker_child to None
[2023-10-14 22:40:51,576] {logging_mixin.py:109} INFO - [2023-10-14 22:40:51,576] {dag.py:2935} INFO - Setting next_dagrun for example_external_task_marker_parent to None
[2023-10-14 22:40:51,587] {processor.py:171} INFO - Processing /Users/namyoung/Desktop/myprj/airflow/airflow/lib/python3.7/site-packages/airflow/example_dags/example_external_task_marker_dag.py took 0.056 seconds
[2023-10-15 00:18:00,759] {processor.py:163} INFO - Started process (PID=25104) to work on /Users/namyoung/Desktop/myprj/airflow/airflow/lib/python3.7/site-packages/airflow/example_dags/example_external_task_marker_dag.py
[2023-10-15 00:18:00,760] {processor.py:642} INFO - Processing file /Users/namyoung/Desktop/myprj/airflow/airflow/lib/python3.7/site-packages/airflow/example_dags/example_external_task_marker_dag.py for tasks to queue
[2023-10-15 00:18:00,761] {logging_mixin.py:109} INFO - [2023-10-15 00:18:00,761] {dagbag.py:500} INFO - Filling up the DagBag from /Users/namyoung/Desktop/myprj/airflow/airflow/lib/python3.7/site-packages/airflow/example_dags/example_external_task_marker_dag.py
[2023-10-15 00:18:00,779] {processor.py:654} INFO - DAG(s) dict_keys(['example_external_task_marker_parent', 'example_external_task_marker_child']) retrieved from /Users/namyoung/Desktop/myprj/airflow/airflow/lib/python3.7/site-packages/airflow/example_dags/example_external_task_marker_dag.py
[2023-10-15 00:18:00,787] {logging_mixin.py:109} INFO - [2023-10-15 00:18:00,787] {dag.py:2396} INFO - Sync 2 DAGs
[2023-10-15 00:18:00,795] {logging_mixin.py:109} INFO - [2023-10-15 00:18:00,795] {dag.py:2935} INFO - Setting next_dagrun for example_external_task_marker_child to None
[2023-10-15 00:18:00,796] {logging_mixin.py:109} INFO - [2023-10-15 00:18:00,796] {dag.py:2935} INFO - Setting next_dagrun for example_external_task_marker_parent to None
[2023-10-15 00:18:00,802] {processor.py:171} INFO - Processing /Users/namyoung/Desktop/myprj/airflow/airflow/lib/python3.7/site-packages/airflow/example_dags/example_external_task_marker_dag.py took 0.047 seconds
[2023-10-15 01:31:25,332] {processor.py:163} INFO - Started process (PID=25374) to work on /Users/namyoung/Desktop/myprj/airflow/airflow/lib/python3.7/site-packages/airflow/example_dags/example_external_task_marker_dag.py
[2023-10-15 01:31:25,333] {processor.py:642} INFO - Processing file /Users/namyoung/Desktop/myprj/airflow/airflow/lib/python3.7/site-packages/airflow/example_dags/example_external_task_marker_dag.py for tasks to queue
[2023-10-15 01:31:25,334] {logging_mixin.py:109} INFO - [2023-10-15 01:31:25,334] {dagbag.py:500} INFO - Filling up the DagBag from /Users/namyoung/Desktop/myprj/airflow/airflow/lib/python3.7/site-packages/airflow/example_dags/example_external_task_marker_dag.py
[2023-10-15 01:31:25,359] {processor.py:654} INFO - DAG(s) dict_keys(['example_external_task_marker_parent', 'example_external_task_marker_child']) retrieved from /Users/namyoung/Desktop/myprj/airflow/airflow/lib/python3.7/site-packages/airflow/example_dags/example_external_task_marker_dag.py
[2023-10-15 01:31:25,371] {logging_mixin.py:109} INFO - [2023-10-15 01:31:25,370] {dag.py:2396} INFO - Sync 2 DAGs
[2023-10-15 01:31:25,380] {logging_mixin.py:109} INFO - [2023-10-15 01:31:25,379] {dag.py:2935} INFO - Setting next_dagrun for example_external_task_marker_child to None
[2023-10-15 01:31:25,380] {logging_mixin.py:109} INFO - [2023-10-15 01:31:25,380] {dag.py:2935} INFO - Setting next_dagrun for example_external_task_marker_parent to None
[2023-10-15 01:31:25,385] {processor.py:171} INFO - Processing /Users/namyoung/Desktop/myprj/airflow/airflow/lib/python3.7/site-packages/airflow/example_dags/example_external_task_marker_dag.py took 0.059 seconds
[2023-10-15 03:10:20,593] {processor.py:163} INFO - Started process (PID=25516) to work on /Users/namyoung/Desktop/myprj/airflow/airflow/lib/python3.7/site-packages/airflow/example_dags/example_external_task_marker_dag.py
[2023-10-15 03:10:20,594] {processor.py:642} INFO - Processing file /Users/namyoung/Desktop/myprj/airflow/airflow/lib/python3.7/site-packages/airflow/example_dags/example_external_task_marker_dag.py for tasks to queue
[2023-10-15 03:10:20,595] {logging_mixin.py:109} INFO - [2023-10-15 03:10:20,595] {dagbag.py:500} INFO - Filling up the DagBag from /Users/namyoung/Desktop/myprj/airflow/airflow/lib/python3.7/site-packages/airflow/example_dags/example_external_task_marker_dag.py
[2023-10-15 03:10:20,621] {processor.py:654} INFO - DAG(s) dict_keys(['example_external_task_marker_parent', 'example_external_task_marker_child']) retrieved from /Users/namyoung/Desktop/myprj/airflow/airflow/lib/python3.7/site-packages/airflow/example_dags/example_external_task_marker_dag.py
[2023-10-15 03:10:20,632] {logging_mixin.py:109} INFO - [2023-10-15 03:10:20,631] {dag.py:2396} INFO - Sync 2 DAGs
[2023-10-15 03:10:20,641] {logging_mixin.py:109} INFO - [2023-10-15 03:10:20,641] {dag.py:2935} INFO - Setting next_dagrun for example_external_task_marker_child to None
[2023-10-15 03:10:20,642] {logging_mixin.py:109} INFO - [2023-10-15 03:10:20,642] {dag.py:2935} INFO - Setting next_dagrun for example_external_task_marker_parent to None
[2023-10-15 03:10:20,648] {processor.py:171} INFO - Processing /Users/namyoung/Desktop/myprj/airflow/airflow/lib/python3.7/site-packages/airflow/example_dags/example_external_task_marker_dag.py took 0.059 seconds
[2023-10-15 04:48:08,435] {processor.py:163} INFO - Started process (PID=25782) to work on /Users/namyoung/Desktop/myprj/airflow/airflow/lib/python3.7/site-packages/airflow/example_dags/example_external_task_marker_dag.py
[2023-10-15 04:48:08,436] {processor.py:642} INFO - Processing file /Users/namyoung/Desktop/myprj/airflow/airflow/lib/python3.7/site-packages/airflow/example_dags/example_external_task_marker_dag.py for tasks to queue
[2023-10-15 04:48:08,437] {logging_mixin.py:109} INFO - [2023-10-15 04:48:08,437] {dagbag.py:500} INFO - Filling up the DagBag from /Users/namyoung/Desktop/myprj/airflow/airflow/lib/python3.7/site-packages/airflow/example_dags/example_external_task_marker_dag.py
[2023-10-15 04:48:08,449] {processor.py:654} INFO - DAG(s) dict_keys(['example_external_task_marker_parent', 'example_external_task_marker_child']) retrieved from /Users/namyoung/Desktop/myprj/airflow/airflow/lib/python3.7/site-packages/airflow/example_dags/example_external_task_marker_dag.py
[2023-10-15 04:48:08,456] {logging_mixin.py:109} INFO - [2023-10-15 04:48:08,456] {dag.py:2396} INFO - Sync 2 DAGs
[2023-10-15 04:48:08,463] {logging_mixin.py:109} INFO - [2023-10-15 04:48:08,463] {dag.py:2935} INFO - Setting next_dagrun for example_external_task_marker_child to None
[2023-10-15 04:48:08,463] {logging_mixin.py:109} INFO - [2023-10-15 04:48:08,463] {dag.py:2935} INFO - Setting next_dagrun for example_external_task_marker_parent to None
[2023-10-15 04:48:08,468] {processor.py:171} INFO - Processing /Users/namyoung/Desktop/myprj/airflow/airflow/lib/python3.7/site-packages/airflow/example_dags/example_external_task_marker_dag.py took 0.036 seconds
[2023-10-15 06:27:34,506] {processor.py:163} INFO - Started process (PID=25926) to work on /Users/namyoung/Desktop/myprj/airflow/airflow/lib/python3.7/site-packages/airflow/example_dags/example_external_task_marker_dag.py
[2023-10-15 06:27:34,507] {processor.py:642} INFO - Processing file /Users/namyoung/Desktop/myprj/airflow/airflow/lib/python3.7/site-packages/airflow/example_dags/example_external_task_marker_dag.py for tasks to queue
[2023-10-15 06:27:34,509] {logging_mixin.py:109} INFO - [2023-10-15 06:27:34,509] {dagbag.py:500} INFO - Filling up the DagBag from /Users/namyoung/Desktop/myprj/airflow/airflow/lib/python3.7/site-packages/airflow/example_dags/example_external_task_marker_dag.py
[2023-10-15 06:43:07,387] {processor.py:654} INFO - DAG(s) dict_keys(['example_external_task_marker_parent', 'example_external_task_marker_child']) retrieved from /Users/namyoung/Desktop/myprj/airflow/airflow/lib/python3.7/site-packages/airflow/example_dags/example_external_task_marker_dag.py
[2023-10-15 06:43:07,401] {logging_mixin.py:109} INFO - [2023-10-15 06:43:07,401] {dag.py:2396} INFO - Sync 2 DAGs
[2023-10-15 06:43:07,414] {logging_mixin.py:109} INFO - [2023-10-15 06:43:07,414] {dag.py:2935} INFO - Setting next_dagrun for example_external_task_marker_child to None
[2023-10-15 06:43:07,414] {logging_mixin.py:109} INFO - [2023-10-15 06:43:07,414] {dag.py:2935} INFO - Setting next_dagrun for example_external_task_marker_parent to None
[2023-10-15 06:43:07,482] {processor.py:171} INFO - Processing /Users/namyoung/Desktop/myprj/airflow/airflow/lib/python3.7/site-packages/airflow/example_dags/example_external_task_marker_dag.py took 0.367 seconds
[2023-10-15 08:23:37,767] {processor.py:163} INFO - Started process (PID=26204) to work on /Users/namyoung/Desktop/myprj/airflow/airflow/lib/python3.7/site-packages/airflow/example_dags/example_external_task_marker_dag.py
[2023-10-15 08:23:37,768] {processor.py:642} INFO - Processing file /Users/namyoung/Desktop/myprj/airflow/airflow/lib/python3.7/site-packages/airflow/example_dags/example_external_task_marker_dag.py for tasks to queue
[2023-10-15 08:23:37,768] {logging_mixin.py:109} INFO - [2023-10-15 08:23:37,768] {dagbag.py:500} INFO - Filling up the DagBag from /Users/namyoung/Desktop/myprj/airflow/airflow/lib/python3.7/site-packages/airflow/example_dags/example_external_task_marker_dag.py
[2023-10-15 08:23:37,780] {processor.py:654} INFO - DAG(s) dict_keys(['example_external_task_marker_parent', 'example_external_task_marker_child']) retrieved from /Users/namyoung/Desktop/myprj/airflow/airflow/lib/python3.7/site-packages/airflow/example_dags/example_external_task_marker_dag.py
[2023-10-15 08:23:37,787] {logging_mixin.py:109} INFO - [2023-10-15 08:23:37,787] {dag.py:2396} INFO - Sync 2 DAGs
[2023-10-15 08:23:37,794] {logging_mixin.py:109} INFO - [2023-10-15 08:23:37,794] {dag.py:2935} INFO - Setting next_dagrun for example_external_task_marker_child to None
[2023-10-15 08:23:37,794] {logging_mixin.py:109} INFO - [2023-10-15 08:23:37,794] {dag.py:2935} INFO - Setting next_dagrun for example_external_task_marker_parent to None
[2023-10-15 08:23:37,800] {processor.py:171} INFO - Processing /Users/namyoung/Desktop/myprj/airflow/airflow/lib/python3.7/site-packages/airflow/example_dags/example_external_task_marker_dag.py took 0.035 seconds
