[2023-10-14 09:37:29,086] {processor.py:163} INFO - Started process (PID=23308) to work on /Users/namyoung/Desktop/myprj/airflow/airflow/lib/python3.7/site-packages/airflow/example_dags/example_task_group.py
[2023-10-14 09:37:29,087] {processor.py:642} INFO - Processing file /Users/namyoung/Desktop/myprj/airflow/airflow/lib/python3.7/site-packages/airflow/example_dags/example_task_group.py for tasks to queue
[2023-10-14 09:37:29,088] {logging_mixin.py:109} INFO - [2023-10-14 09:37:29,088] {dagbag.py:500} INFO - Filling up the DagBag from /Users/namyoung/Desktop/myprj/airflow/airflow/lib/python3.7/site-packages/airflow/example_dags/example_task_group.py
[2023-10-14 09:37:29,104] {processor.py:654} INFO - DAG(s) dict_keys(['example_task_group']) retrieved from /Users/namyoung/Desktop/myprj/airflow/airflow/lib/python3.7/site-packages/airflow/example_dags/example_task_group.py
[2023-10-14 09:37:29,111] {logging_mixin.py:109} INFO - [2023-10-14 09:37:29,111] {dag.py:2396} INFO - Sync 1 DAGs
[2023-10-14 09:37:29,118] {logging_mixin.py:109} INFO - [2023-10-14 09:37:29,117] {dag.py:2935} INFO - Setting next_dagrun for example_task_group to 2023-10-13T00:37:29.117683+00:00
[2023-10-14 09:37:29,124] {processor.py:171} INFO - Processing /Users/namyoung/Desktop/myprj/airflow/airflow/lib/python3.7/site-packages/airflow/example_dags/example_task_group.py took 0.042 seconds
[2023-10-14 11:18:26,680] {processor.py:163} INFO - Started process (PID=23449) to work on /Users/namyoung/Desktop/myprj/airflow/airflow/lib/python3.7/site-packages/airflow/example_dags/example_task_group.py
[2023-10-14 11:18:26,682] {processor.py:642} INFO - Processing file /Users/namyoung/Desktop/myprj/airflow/airflow/lib/python3.7/site-packages/airflow/example_dags/example_task_group.py for tasks to queue
[2023-10-14 11:18:26,683] {logging_mixin.py:109} INFO - [2023-10-14 11:18:26,683] {dagbag.py:500} INFO - Filling up the DagBag from /Users/namyoung/Desktop/myprj/airflow/airflow/lib/python3.7/site-packages/airflow/example_dags/example_task_group.py
[2023-10-14 11:18:26,708] {processor.py:654} INFO - DAG(s) dict_keys(['example_task_group']) retrieved from /Users/namyoung/Desktop/myprj/airflow/airflow/lib/python3.7/site-packages/airflow/example_dags/example_task_group.py
[2023-10-14 11:18:26,721] {logging_mixin.py:109} INFO - [2023-10-14 11:18:26,720] {dag.py:2396} INFO - Sync 1 DAGs
[2023-10-14 11:18:26,732] {logging_mixin.py:109} INFO - [2023-10-14 11:18:26,732] {dag.py:2935} INFO - Setting next_dagrun for example_task_group to 2023-10-13T02:18:26.731830+00:00
[2023-10-14 11:18:26,740] {processor.py:171} INFO - Processing /Users/namyoung/Desktop/myprj/airflow/airflow/lib/python3.7/site-packages/airflow/example_dags/example_task_group.py took 0.064 seconds
[2023-10-14 12:37:50,381] {processor.py:163} INFO - Started process (PID=23705) to work on /Users/namyoung/Desktop/myprj/airflow/airflow/lib/python3.7/site-packages/airflow/example_dags/example_task_group.py
[2023-10-14 12:37:50,383] {processor.py:642} INFO - Processing file /Users/namyoung/Desktop/myprj/airflow/airflow/lib/python3.7/site-packages/airflow/example_dags/example_task_group.py for tasks to queue
[2023-10-14 12:37:50,384] {logging_mixin.py:109} INFO - [2023-10-14 12:37:50,383] {dagbag.py:500} INFO - Filling up the DagBag from /Users/namyoung/Desktop/myprj/airflow/airflow/lib/python3.7/site-packages/airflow/example_dags/example_task_group.py
[2023-10-14 12:37:50,410] {processor.py:654} INFO - DAG(s) dict_keys(['example_task_group']) retrieved from /Users/namyoung/Desktop/myprj/airflow/airflow/lib/python3.7/site-packages/airflow/example_dags/example_task_group.py
[2023-10-14 12:37:50,418] {logging_mixin.py:109} INFO - [2023-10-14 12:37:50,418] {dag.py:2396} INFO - Sync 1 DAGs
[2023-10-14 12:37:50,427] {logging_mixin.py:109} INFO - [2023-10-14 12:37:50,427] {dag.py:2935} INFO - Setting next_dagrun for example_task_group to 2023-10-13T03:37:50.426871+00:00
[2023-10-14 12:37:50,433] {processor.py:171} INFO - Processing /Users/namyoung/Desktop/myprj/airflow/airflow/lib/python3.7/site-packages/airflow/example_dags/example_task_group.py took 0.058 seconds
[2023-10-14 14:12:02,378] {processor.py:163} INFO - Started process (PID=23846) to work on /Users/namyoung/Desktop/myprj/airflow/airflow/lib/python3.7/site-packages/airflow/example_dags/example_task_group.py
[2023-10-14 14:12:02,380] {processor.py:642} INFO - Processing file /Users/namyoung/Desktop/myprj/airflow/airflow/lib/python3.7/site-packages/airflow/example_dags/example_task_group.py for tasks to queue
[2023-10-14 14:12:02,381] {logging_mixin.py:109} INFO - [2023-10-14 14:12:02,381] {dagbag.py:500} INFO - Filling up the DagBag from /Users/namyoung/Desktop/myprj/airflow/airflow/lib/python3.7/site-packages/airflow/example_dags/example_task_group.py
[2023-10-14 14:12:02,409] {processor.py:654} INFO - DAG(s) dict_keys(['example_task_group']) retrieved from /Users/namyoung/Desktop/myprj/airflow/airflow/lib/python3.7/site-packages/airflow/example_dags/example_task_group.py
[2023-10-14 14:12:02,417] {logging_mixin.py:109} INFO - [2023-10-14 14:12:02,417] {dag.py:2396} INFO - Sync 1 DAGs
[2023-10-14 14:12:02,425] {logging_mixin.py:109} INFO - [2023-10-14 14:12:02,425] {dag.py:2935} INFO - Setting next_dagrun for example_task_group to 2023-10-13T05:12:02.425514+00:00
[2023-10-14 14:12:02,430] {processor.py:171} INFO - Processing /Users/namyoung/Desktop/myprj/airflow/airflow/lib/python3.7/site-packages/airflow/example_dags/example_task_group.py took 0.058 seconds
[2023-10-14 15:48:49,376] {processor.py:163} INFO - Started process (PID=24106) to work on /Users/namyoung/Desktop/myprj/airflow/airflow/lib/python3.7/site-packages/airflow/example_dags/example_task_group.py
[2023-10-14 15:48:49,378] {processor.py:642} INFO - Processing file /Users/namyoung/Desktop/myprj/airflow/airflow/lib/python3.7/site-packages/airflow/example_dags/example_task_group.py for tasks to queue
[2023-10-14 15:48:49,379] {logging_mixin.py:109} INFO - [2023-10-14 15:48:49,379] {dagbag.py:500} INFO - Filling up the DagBag from /Users/namyoung/Desktop/myprj/airflow/airflow/lib/python3.7/site-packages/airflow/example_dags/example_task_group.py
[2023-10-14 15:48:49,408] {processor.py:654} INFO - DAG(s) dict_keys(['example_task_group']) retrieved from /Users/namyoung/Desktop/myprj/airflow/airflow/lib/python3.7/site-packages/airflow/example_dags/example_task_group.py
[2023-10-14 15:48:49,417] {logging_mixin.py:109} INFO - [2023-10-14 15:48:49,416] {dag.py:2396} INFO - Sync 1 DAGs
[2023-10-14 15:48:49,425] {logging_mixin.py:109} INFO - [2023-10-14 15:48:49,424] {dag.py:2935} INFO - Setting next_dagrun for example_task_group to 2023-10-13T06:48:49.424698+00:00
[2023-10-14 15:48:49,430] {processor.py:171} INFO - Processing /Users/namyoung/Desktop/myprj/airflow/airflow/lib/python3.7/site-packages/airflow/example_dags/example_task_group.py took 0.060 seconds
[2023-10-14 17:18:24,815] {processor.py:163} INFO - Started process (PID=24239) to work on /Users/namyoung/Desktop/myprj/airflow/airflow/lib/python3.7/site-packages/airflow/example_dags/example_task_group.py
[2023-10-14 17:18:24,817] {processor.py:642} INFO - Processing file /Users/namyoung/Desktop/myprj/airflow/airflow/lib/python3.7/site-packages/airflow/example_dags/example_task_group.py for tasks to queue
[2023-10-14 17:18:24,819] {logging_mixin.py:109} INFO - [2023-10-14 17:18:24,818] {dagbag.py:500} INFO - Filling up the DagBag from /Users/namyoung/Desktop/myprj/airflow/airflow/lib/python3.7/site-packages/airflow/example_dags/example_task_group.py
[2023-10-14 17:18:24,848] {processor.py:654} INFO - DAG(s) dict_keys(['example_task_group']) retrieved from /Users/namyoung/Desktop/myprj/airflow/airflow/lib/python3.7/site-packages/airflow/example_dags/example_task_group.py
[2023-10-14 17:18:24,857] {logging_mixin.py:109} INFO - [2023-10-14 17:18:24,857] {dag.py:2396} INFO - Sync 1 DAGs
[2023-10-14 17:18:24,866] {logging_mixin.py:109} INFO - [2023-10-14 17:18:24,866] {dag.py:2935} INFO - Setting next_dagrun for example_task_group to 2023-10-13T08:18:24.865906+00:00
[2023-10-14 17:18:24,872] {processor.py:171} INFO - Processing /Users/namyoung/Desktop/myprj/airflow/airflow/lib/python3.7/site-packages/airflow/example_dags/example_task_group.py took 0.063 seconds
[2023-10-14 18:49:50,074] {processor.py:163} INFO - Started process (PID=24504) to work on /Users/namyoung/Desktop/myprj/airflow/airflow/lib/python3.7/site-packages/airflow/example_dags/example_task_group.py
[2023-10-14 18:49:50,074] {processor.py:642} INFO - Processing file /Users/namyoung/Desktop/myprj/airflow/airflow/lib/python3.7/site-packages/airflow/example_dags/example_task_group.py for tasks to queue
[2023-10-14 18:49:50,075] {logging_mixin.py:109} INFO - [2023-10-14 18:49:50,075] {dagbag.py:500} INFO - Filling up the DagBag from /Users/namyoung/Desktop/myprj/airflow/airflow/lib/python3.7/site-packages/airflow/example_dags/example_task_group.py
[2023-10-14 18:49:50,089] {processor.py:654} INFO - DAG(s) dict_keys(['example_task_group']) retrieved from /Users/namyoung/Desktop/myprj/airflow/airflow/lib/python3.7/site-packages/airflow/example_dags/example_task_group.py
[2023-10-14 18:49:50,095] {logging_mixin.py:109} INFO - [2023-10-14 18:49:50,095] {dag.py:2396} INFO - Sync 1 DAGs
[2023-10-14 18:49:50,102] {logging_mixin.py:109} INFO - [2023-10-14 18:49:50,102] {dag.py:2935} INFO - Setting next_dagrun for example_task_group to 2023-10-13T09:49:50.102412+00:00
[2023-10-14 18:49:50,109] {processor.py:171} INFO - Processing /Users/namyoung/Desktop/myprj/airflow/airflow/lib/python3.7/site-packages/airflow/example_dags/example_task_group.py took 0.038 seconds
[2023-10-14 20:10:38,649] {processor.py:163} INFO - Started process (PID=24631) to work on /Users/namyoung/Desktop/myprj/airflow/airflow/lib/python3.7/site-packages/airflow/example_dags/example_task_group.py
[2023-10-14 20:10:38,651] {processor.py:642} INFO - Processing file /Users/namyoung/Desktop/myprj/airflow/airflow/lib/python3.7/site-packages/airflow/example_dags/example_task_group.py for tasks to queue
[2023-10-14 20:10:38,652] {logging_mixin.py:109} INFO - [2023-10-14 20:10:38,652] {dagbag.py:500} INFO - Filling up the DagBag from /Users/namyoung/Desktop/myprj/airflow/airflow/lib/python3.7/site-packages/airflow/example_dags/example_task_group.py
[2023-10-14 20:10:38,678] {processor.py:654} INFO - DAG(s) dict_keys(['example_task_group']) retrieved from /Users/namyoung/Desktop/myprj/airflow/airflow/lib/python3.7/site-packages/airflow/example_dags/example_task_group.py
[2023-10-14 20:10:38,687] {logging_mixin.py:109} INFO - [2023-10-14 20:10:38,687] {dag.py:2396} INFO - Sync 1 DAGs
[2023-10-14 20:10:38,695] {logging_mixin.py:109} INFO - [2023-10-14 20:10:38,695] {dag.py:2935} INFO - Setting next_dagrun for example_task_group to 2023-10-13T11:10:38.694851+00:00
[2023-10-14 20:10:38,700] {processor.py:171} INFO - Processing /Users/namyoung/Desktop/myprj/airflow/airflow/lib/python3.7/site-packages/airflow/example_dags/example_task_group.py took 0.056 seconds
[2023-10-14 21:52:51,339] {processor.py:163} INFO - Started process (PID=24900) to work on /Users/namyoung/Desktop/myprj/airflow/airflow/lib/python3.7/site-packages/airflow/example_dags/example_task_group.py
[2023-10-14 21:52:51,341] {processor.py:642} INFO - Processing file /Users/namyoung/Desktop/myprj/airflow/airflow/lib/python3.7/site-packages/airflow/example_dags/example_task_group.py for tasks to queue
[2023-10-14 21:52:51,342] {logging_mixin.py:109} INFO - [2023-10-14 21:52:51,342] {dagbag.py:500} INFO - Filling up the DagBag from /Users/namyoung/Desktop/myprj/airflow/airflow/lib/python3.7/site-packages/airflow/example_dags/example_task_group.py
[2023-10-14 21:52:51,368] {processor.py:654} INFO - DAG(s) dict_keys(['example_task_group']) retrieved from /Users/namyoung/Desktop/myprj/airflow/airflow/lib/python3.7/site-packages/airflow/example_dags/example_task_group.py
[2023-10-14 21:52:51,377] {logging_mixin.py:109} INFO - [2023-10-14 21:52:51,377] {dag.py:2396} INFO - Sync 1 DAGs
[2023-10-14 21:52:51,385] {logging_mixin.py:109} INFO - [2023-10-14 21:52:51,385] {dag.py:2935} INFO - Setting next_dagrun for example_task_group to 2023-10-13T12:52:51.385323+00:00
[2023-10-14 21:52:51,390] {processor.py:171} INFO - Processing /Users/namyoung/Desktop/myprj/airflow/airflow/lib/python3.7/site-packages/airflow/example_dags/example_task_group.py took 0.056 seconds
[2023-10-14 23:28:20,481] {processor.py:163} INFO - Started process (PID=25050) to work on /Users/namyoung/Desktop/myprj/airflow/airflow/lib/python3.7/site-packages/airflow/example_dags/example_task_group.py
[2023-10-14 23:28:20,483] {processor.py:642} INFO - Processing file /Users/namyoung/Desktop/myprj/airflow/airflow/lib/python3.7/site-packages/airflow/example_dags/example_task_group.py for tasks to queue
[2023-10-14 23:28:20,484] {logging_mixin.py:109} INFO - [2023-10-14 23:28:20,484] {dagbag.py:500} INFO - Filling up the DagBag from /Users/namyoung/Desktop/myprj/airflow/airflow/lib/python3.7/site-packages/airflow/example_dags/example_task_group.py
[2023-10-14 23:28:20,514] {processor.py:654} INFO - DAG(s) dict_keys(['example_task_group']) retrieved from /Users/namyoung/Desktop/myprj/airflow/airflow/lib/python3.7/site-packages/airflow/example_dags/example_task_group.py
[2023-10-14 23:28:20,524] {logging_mixin.py:109} INFO - [2023-10-14 23:28:20,523] {dag.py:2396} INFO - Sync 1 DAGs
[2023-10-14 23:28:20,532] {logging_mixin.py:109} INFO - [2023-10-14 23:28:20,532] {dag.py:2935} INFO - Setting next_dagrun for example_task_group to 2023-10-13T14:28:20.532323+00:00
[2023-10-14 23:28:20,539] {processor.py:171} INFO - Processing /Users/namyoung/Desktop/myprj/airflow/airflow/lib/python3.7/site-packages/airflow/example_dags/example_task_group.py took 0.064 seconds
[2023-10-15 01:07:09,555] {processor.py:163} INFO - Started process (PID=25323) to work on /Users/namyoung/Desktop/myprj/airflow/airflow/lib/python3.7/site-packages/airflow/example_dags/example_task_group.py
[2023-10-15 01:07:09,557] {processor.py:642} INFO - Processing file /Users/namyoung/Desktop/myprj/airflow/airflow/lib/python3.7/site-packages/airflow/example_dags/example_task_group.py for tasks to queue
[2023-10-15 01:07:09,558] {logging_mixin.py:109} INFO - [2023-10-15 01:07:09,558] {dagbag.py:500} INFO - Filling up the DagBag from /Users/namyoung/Desktop/myprj/airflow/airflow/lib/python3.7/site-packages/airflow/example_dags/example_task_group.py
[2023-10-15 01:07:09,578] {processor.py:654} INFO - DAG(s) dict_keys(['example_task_group']) retrieved from /Users/namyoung/Desktop/myprj/airflow/airflow/lib/python3.7/site-packages/airflow/example_dags/example_task_group.py
[2023-10-15 01:07:09,585] {logging_mixin.py:109} INFO - [2023-10-15 01:07:09,585] {dag.py:2396} INFO - Sync 1 DAGs
[2023-10-15 01:07:09,593] {logging_mixin.py:109} INFO - [2023-10-15 01:07:09,593] {dag.py:2935} INFO - Setting next_dagrun for example_task_group to 2023-10-13T16:07:09.592994+00:00
[2023-10-15 01:07:09,599] {processor.py:171} INFO - Processing /Users/namyoung/Desktop/myprj/airflow/airflow/lib/python3.7/site-packages/airflow/example_dags/example_task_group.py took 0.049 seconds
[2023-10-15 02:35:57,991] {processor.py:163} INFO - Started process (PID=25466) to work on /Users/namyoung/Desktop/myprj/airflow/airflow/lib/python3.7/site-packages/airflow/example_dags/example_task_group.py
[2023-10-15 02:35:57,993] {processor.py:642} INFO - Processing file /Users/namyoung/Desktop/myprj/airflow/airflow/lib/python3.7/site-packages/airflow/example_dags/example_task_group.py for tasks to queue
[2023-10-15 02:35:57,994] {logging_mixin.py:109} INFO - [2023-10-15 02:35:57,994] {dagbag.py:500} INFO - Filling up the DagBag from /Users/namyoung/Desktop/myprj/airflow/airflow/lib/python3.7/site-packages/airflow/example_dags/example_task_group.py
[2023-10-15 02:35:58,019] {processor.py:654} INFO - DAG(s) dict_keys(['example_task_group']) retrieved from /Users/namyoung/Desktop/myprj/airflow/airflow/lib/python3.7/site-packages/airflow/example_dags/example_task_group.py
[2023-10-15 02:35:58,029] {logging_mixin.py:109} INFO - [2023-10-15 02:35:58,028] {dag.py:2396} INFO - Sync 1 DAGs
[2023-10-15 02:35:58,037] {logging_mixin.py:109} INFO - [2023-10-15 02:35:58,037] {dag.py:2935} INFO - Setting next_dagrun for example_task_group to 2023-10-13T17:35:58.037128+00:00
[2023-10-15 02:35:58,043] {processor.py:171} INFO - Processing /Users/namyoung/Desktop/myprj/airflow/airflow/lib/python3.7/site-packages/airflow/example_dags/example_task_group.py took 0.057 seconds
[2023-10-15 04:14:09,801] {processor.py:163} INFO - Started process (PID=25738) to work on /Users/namyoung/Desktop/myprj/airflow/airflow/lib/python3.7/site-packages/airflow/example_dags/example_task_group.py
[2023-10-15 04:14:09,804] {processor.py:642} INFO - Processing file /Users/namyoung/Desktop/myprj/airflow/airflow/lib/python3.7/site-packages/airflow/example_dags/example_task_group.py for tasks to queue
[2023-10-15 04:14:09,805] {logging_mixin.py:109} INFO - [2023-10-15 04:14:09,805] {dagbag.py:500} INFO - Filling up the DagBag from /Users/namyoung/Desktop/myprj/airflow/airflow/lib/python3.7/site-packages/airflow/example_dags/example_task_group.py
[2023-10-15 04:14:09,828] {processor.py:654} INFO - DAG(s) dict_keys(['example_task_group']) retrieved from /Users/namyoung/Desktop/myprj/airflow/airflow/lib/python3.7/site-packages/airflow/example_dags/example_task_group.py
[2023-10-15 04:14:09,837] {logging_mixin.py:109} INFO - [2023-10-15 04:14:09,837] {dag.py:2396} INFO - Sync 1 DAGs
[2023-10-15 04:14:09,847] {logging_mixin.py:109} INFO - [2023-10-15 04:14:09,847] {dag.py:2935} INFO - Setting next_dagrun for example_task_group to 2023-10-13T19:14:09.846774+00:00
[2023-10-15 04:14:09,853] {processor.py:171} INFO - Processing /Users/namyoung/Desktop/myprj/airflow/airflow/lib/python3.7/site-packages/airflow/example_dags/example_task_group.py took 0.056 seconds
[2023-10-15 05:54:44,254] {processor.py:163} INFO - Started process (PID=25878) to work on /Users/namyoung/Desktop/myprj/airflow/airflow/lib/python3.7/site-packages/airflow/example_dags/example_task_group.py
[2023-10-15 05:54:44,256] {processor.py:642} INFO - Processing file /Users/namyoung/Desktop/myprj/airflow/airflow/lib/python3.7/site-packages/airflow/example_dags/example_task_group.py for tasks to queue
[2023-10-15 05:54:44,257] {logging_mixin.py:109} INFO - [2023-10-15 05:54:44,256] {dagbag.py:500} INFO - Filling up the DagBag from /Users/namyoung/Desktop/myprj/airflow/airflow/lib/python3.7/site-packages/airflow/example_dags/example_task_group.py
[2023-10-15 05:54:44,271] {processor.py:654} INFO - DAG(s) dict_keys(['example_task_group']) retrieved from /Users/namyoung/Desktop/myprj/airflow/airflow/lib/python3.7/site-packages/airflow/example_dags/example_task_group.py
[2023-10-15 05:54:44,278] {logging_mixin.py:109} INFO - [2023-10-15 05:54:44,278] {dag.py:2396} INFO - Sync 1 DAGs
[2023-10-15 05:54:44,286] {logging_mixin.py:109} INFO - [2023-10-15 05:54:44,286] {dag.py:2935} INFO - Setting next_dagrun for example_task_group to 2023-10-13T20:54:44.285823+00:00
[2023-10-15 05:54:44,292] {processor.py:171} INFO - Processing /Users/namyoung/Desktop/myprj/airflow/airflow/lib/python3.7/site-packages/airflow/example_dags/example_task_group.py took 0.042 seconds
[2023-10-15 07:50:51,029] {processor.py:163} INFO - Started process (PID=26149) to work on /Users/namyoung/Desktop/myprj/airflow/airflow/lib/python3.7/site-packages/airflow/example_dags/example_task_group.py
[2023-10-15 07:50:51,030] {processor.py:642} INFO - Processing file /Users/namyoung/Desktop/myprj/airflow/airflow/lib/python3.7/site-packages/airflow/example_dags/example_task_group.py for tasks to queue
[2023-10-15 07:50:51,031] {logging_mixin.py:109} INFO - [2023-10-15 07:50:51,031] {dagbag.py:500} INFO - Filling up the DagBag from /Users/namyoung/Desktop/myprj/airflow/airflow/lib/python3.7/site-packages/airflow/example_dags/example_task_group.py
[2023-10-15 07:50:51,044] {processor.py:654} INFO - DAG(s) dict_keys(['example_task_group']) retrieved from /Users/namyoung/Desktop/myprj/airflow/airflow/lib/python3.7/site-packages/airflow/example_dags/example_task_group.py
[2023-10-15 07:50:51,050] {logging_mixin.py:109} INFO - [2023-10-15 07:50:51,049] {dag.py:2396} INFO - Sync 1 DAGs
[2023-10-15 07:50:51,056] {logging_mixin.py:109} INFO - [2023-10-15 07:50:51,056] {dag.py:2935} INFO - Setting next_dagrun for example_task_group to 2023-10-13T22:50:51.056424+00:00
[2023-10-15 07:50:51,062] {processor.py:171} INFO - Processing /Users/namyoung/Desktop/myprj/airflow/airflow/lib/python3.7/site-packages/airflow/example_dags/example_task_group.py took 0.035 seconds
