[2023-10-14 09:53:58,355] {processor.py:163} INFO - Started process (PID=23351) to work on /Users/namyoung/Desktop/myprj/airflow/airflow/lib/python3.7/site-packages/airflow/example_dags/example_latest_only.py
[2023-10-14 09:53:58,357] {processor.py:642} INFO - Processing file /Users/namyoung/Desktop/myprj/airflow/airflow/lib/python3.7/site-packages/airflow/example_dags/example_latest_only.py for tasks to queue
[2023-10-14 09:53:58,358] {logging_mixin.py:109} INFO - [2023-10-14 09:53:58,358] {dagbag.py:500} INFO - Filling up the DagBag from /Users/namyoung/Desktop/myprj/airflow/airflow/lib/python3.7/site-packages/airflow/example_dags/example_latest_only.py
[2023-10-14 09:53:58,385] {processor.py:654} INFO - DAG(s) dict_keys(['latest_only']) retrieved from /Users/namyoung/Desktop/myprj/airflow/airflow/lib/python3.7/site-packages/airflow/example_dags/example_latest_only.py
[2023-10-14 09:53:58,395] {logging_mixin.py:109} INFO - [2023-10-14 09:53:58,394] {dag.py:2396} INFO - Sync 1 DAGs
[2023-10-14 09:53:58,404] {logging_mixin.py:109} INFO - [2023-10-14 09:53:58,403] {dag.py:2935} INFO - Setting next_dagrun for latest_only to 2023-10-13T20:53:58.403706+00:00
[2023-10-14 09:53:58,410] {processor.py:171} INFO - Processing /Users/namyoung/Desktop/myprj/airflow/airflow/lib/python3.7/site-packages/airflow/example_dags/example_latest_only.py took 0.060 seconds
[2023-10-14 11:34:24,323] {processor.py:163} INFO - Started process (PID=23492) to work on /Users/namyoung/Desktop/myprj/airflow/airflow/lib/python3.7/site-packages/airflow/example_dags/example_latest_only.py
[2023-10-14 11:34:24,324] {processor.py:642} INFO - Processing file /Users/namyoung/Desktop/myprj/airflow/airflow/lib/python3.7/site-packages/airflow/example_dags/example_latest_only.py for tasks to queue
[2023-10-14 11:34:24,326] {logging_mixin.py:109} INFO - [2023-10-14 11:34:24,325] {dagbag.py:500} INFO - Filling up the DagBag from /Users/namyoung/Desktop/myprj/airflow/airflow/lib/python3.7/site-packages/airflow/example_dags/example_latest_only.py
[2023-10-14 11:34:24,349] {processor.py:654} INFO - DAG(s) dict_keys(['latest_only']) retrieved from /Users/namyoung/Desktop/myprj/airflow/airflow/lib/python3.7/site-packages/airflow/example_dags/example_latest_only.py
[2023-10-14 11:34:24,357] {logging_mixin.py:109} INFO - [2023-10-14 11:34:24,356] {dag.py:2396} INFO - Sync 1 DAGs
[2023-10-14 11:34:24,365] {logging_mixin.py:109} INFO - [2023-10-14 11:34:24,365] {dag.py:2935} INFO - Setting next_dagrun for latest_only to 2023-10-13T22:34:24.364860+00:00
[2023-10-14 11:34:24,370] {processor.py:171} INFO - Processing /Users/namyoung/Desktop/myprj/airflow/airflow/lib/python3.7/site-packages/airflow/example_dags/example_latest_only.py took 0.053 seconds
[2023-10-14 13:08:31,207] {processor.py:163} INFO - Started process (PID=23749) to work on /Users/namyoung/Desktop/myprj/airflow/airflow/lib/python3.7/site-packages/airflow/example_dags/example_latest_only.py
[2023-10-14 13:08:31,210] {processor.py:642} INFO - Processing file /Users/namyoung/Desktop/myprj/airflow/airflow/lib/python3.7/site-packages/airflow/example_dags/example_latest_only.py for tasks to queue
[2023-10-14 13:08:31,211] {logging_mixin.py:109} INFO - [2023-10-14 13:08:31,210] {dagbag.py:500} INFO - Filling up the DagBag from /Users/namyoung/Desktop/myprj/airflow/airflow/lib/python3.7/site-packages/airflow/example_dags/example_latest_only.py
[2023-10-14 13:08:31,235] {processor.py:654} INFO - DAG(s) dict_keys(['latest_only']) retrieved from /Users/namyoung/Desktop/myprj/airflow/airflow/lib/python3.7/site-packages/airflow/example_dags/example_latest_only.py
[2023-10-14 13:08:31,244] {logging_mixin.py:109} INFO - [2023-10-14 13:08:31,244] {dag.py:2396} INFO - Sync 1 DAGs
[2023-10-14 13:08:31,254] {logging_mixin.py:109} INFO - [2023-10-14 13:08:31,254] {dag.py:2935} INFO - Setting next_dagrun for latest_only to 2023-10-14T00:08:31.254150+00:00
[2023-10-14 13:08:31,260] {processor.py:171} INFO - Processing /Users/namyoung/Desktop/myprj/airflow/airflow/lib/python3.7/site-packages/airflow/example_dags/example_latest_only.py took 0.058 seconds
[2023-10-14 14:43:29,136] {processor.py:163} INFO - Started process (PID=23892) to work on /Users/namyoung/Desktop/myprj/airflow/airflow/lib/python3.7/site-packages/airflow/example_dags/example_latest_only.py
[2023-10-14 14:43:29,138] {processor.py:642} INFO - Processing file /Users/namyoung/Desktop/myprj/airflow/airflow/lib/python3.7/site-packages/airflow/example_dags/example_latest_only.py for tasks to queue
[2023-10-14 14:43:29,139] {logging_mixin.py:109} INFO - [2023-10-14 14:43:29,139] {dagbag.py:500} INFO - Filling up the DagBag from /Users/namyoung/Desktop/myprj/airflow/airflow/lib/python3.7/site-packages/airflow/example_dags/example_latest_only.py
[2023-10-14 14:43:29,164] {processor.py:654} INFO - DAG(s) dict_keys(['latest_only']) retrieved from /Users/namyoung/Desktop/myprj/airflow/airflow/lib/python3.7/site-packages/airflow/example_dags/example_latest_only.py
[2023-10-14 14:43:29,172] {logging_mixin.py:109} INFO - [2023-10-14 14:43:29,172] {dag.py:2396} INFO - Sync 1 DAGs
[2023-10-14 14:43:29,180] {logging_mixin.py:109} INFO - [2023-10-14 14:43:29,180] {dag.py:2935} INFO - Setting next_dagrun for latest_only to 2023-10-14T01:43:29.180400+00:00
[2023-10-14 14:43:29,186] {processor.py:171} INFO - Processing /Users/namyoung/Desktop/myprj/airflow/airflow/lib/python3.7/site-packages/airflow/example_dags/example_latest_only.py took 0.056 seconds
[2023-10-14 16:22:37,199] {processor.py:163} INFO - Started process (PID=24152) to work on /Users/namyoung/Desktop/myprj/airflow/airflow/lib/python3.7/site-packages/airflow/example_dags/example_latest_only.py
[2023-10-14 16:22:37,201] {processor.py:642} INFO - Processing file /Users/namyoung/Desktop/myprj/airflow/airflow/lib/python3.7/site-packages/airflow/example_dags/example_latest_only.py for tasks to queue
[2023-10-14 16:22:37,202] {logging_mixin.py:109} INFO - [2023-10-14 16:22:37,202] {dagbag.py:500} INFO - Filling up the DagBag from /Users/namyoung/Desktop/myprj/airflow/airflow/lib/python3.7/site-packages/airflow/example_dags/example_latest_only.py
[2023-10-14 16:22:37,227] {processor.py:654} INFO - DAG(s) dict_keys(['latest_only']) retrieved from /Users/namyoung/Desktop/myprj/airflow/airflow/lib/python3.7/site-packages/airflow/example_dags/example_latest_only.py
[2023-10-14 16:22:37,235] {logging_mixin.py:109} INFO - [2023-10-14 16:22:37,235] {dag.py:2396} INFO - Sync 1 DAGs
[2023-10-14 16:22:37,244] {logging_mixin.py:109} INFO - [2023-10-14 16:22:37,244] {dag.py:2935} INFO - Setting next_dagrun for latest_only to 2023-10-14T03:22:37.243851+00:00
[2023-10-14 16:22:37,249] {processor.py:171} INFO - Processing /Users/namyoung/Desktop/myprj/airflow/airflow/lib/python3.7/site-packages/airflow/example_dags/example_latest_only.py took 0.056 seconds
[2023-10-14 17:45:26,787] {processor.py:163} INFO - Started process (PID=24282) to work on /Users/namyoung/Desktop/myprj/airflow/airflow/lib/python3.7/site-packages/airflow/example_dags/example_latest_only.py
[2023-10-14 17:45:26,788] {processor.py:642} INFO - Processing file /Users/namyoung/Desktop/myprj/airflow/airflow/lib/python3.7/site-packages/airflow/example_dags/example_latest_only.py for tasks to queue
[2023-10-14 17:45:26,788] {logging_mixin.py:109} INFO - [2023-10-14 17:45:26,788] {dagbag.py:500} INFO - Filling up the DagBag from /Users/namyoung/Desktop/myprj/airflow/airflow/lib/python3.7/site-packages/airflow/example_dags/example_latest_only.py
[2023-10-14 17:45:26,801] {processor.py:654} INFO - DAG(s) dict_keys(['latest_only']) retrieved from /Users/namyoung/Desktop/myprj/airflow/airflow/lib/python3.7/site-packages/airflow/example_dags/example_latest_only.py
[2023-10-14 17:45:26,806] {logging_mixin.py:109} INFO - [2023-10-14 17:45:26,806] {dag.py:2396} INFO - Sync 1 DAGs
[2023-10-14 17:45:26,814] {logging_mixin.py:109} INFO - [2023-10-14 17:45:26,814] {dag.py:2935} INFO - Setting next_dagrun for latest_only to 2023-10-14T04:45:26.813845+00:00
[2023-10-14 17:45:26,820] {processor.py:171} INFO - Processing /Users/namyoung/Desktop/myprj/airflow/airflow/lib/python3.7/site-packages/airflow/example_dags/example_latest_only.py took 0.035 seconds
[2023-10-14 19:06:36,631] {processor.py:163} INFO - Started process (PID=24540) to work on /Users/namyoung/Desktop/myprj/airflow/airflow/lib/python3.7/site-packages/airflow/example_dags/example_latest_only.py
[2023-10-14 19:06:36,632] {processor.py:642} INFO - Processing file /Users/namyoung/Desktop/myprj/airflow/airflow/lib/python3.7/site-packages/airflow/example_dags/example_latest_only.py for tasks to queue
[2023-10-14 19:06:36,632] {logging_mixin.py:109} INFO - [2023-10-14 19:06:36,632] {dagbag.py:500} INFO - Filling up the DagBag from /Users/namyoung/Desktop/myprj/airflow/airflow/lib/python3.7/site-packages/airflow/example_dags/example_latest_only.py
[2023-10-14 19:06:36,643] {processor.py:654} INFO - DAG(s) dict_keys(['latest_only']) retrieved from /Users/namyoung/Desktop/myprj/airflow/airflow/lib/python3.7/site-packages/airflow/example_dags/example_latest_only.py
[2023-10-14 19:06:36,649] {logging_mixin.py:109} INFO - [2023-10-14 19:06:36,649] {dag.py:2396} INFO - Sync 1 DAGs
[2023-10-14 19:21:51,512] {logging_mixin.py:109} INFO - [2023-10-14 19:21:51,511] {dag.py:2935} INFO - Setting next_dagrun for latest_only to 2023-10-14T06:21:51.510548+00:00
[2023-10-14 19:21:51,618] {processor.py:171} INFO - Processing /Users/namyoung/Desktop/myprj/airflow/airflow/lib/python3.7/site-packages/airflow/example_dags/example_latest_only.py took 0.372 seconds
[2023-10-14 20:45:14,795] {processor.py:163} INFO - Started process (PID=24673) to work on /Users/namyoung/Desktop/myprj/airflow/airflow/lib/python3.7/site-packages/airflow/example_dags/example_latest_only.py
[2023-10-14 20:45:14,796] {processor.py:642} INFO - Processing file /Users/namyoung/Desktop/myprj/airflow/airflow/lib/python3.7/site-packages/airflow/example_dags/example_latest_only.py for tasks to queue
[2023-10-14 20:45:14,796] {logging_mixin.py:109} INFO - [2023-10-14 20:45:14,796] {dagbag.py:500} INFO - Filling up the DagBag from /Users/namyoung/Desktop/myprj/airflow/airflow/lib/python3.7/site-packages/airflow/example_dags/example_latest_only.py
[2023-10-14 20:45:14,810] {processor.py:654} INFO - DAG(s) dict_keys(['latest_only']) retrieved from /Users/namyoung/Desktop/myprj/airflow/airflow/lib/python3.7/site-packages/airflow/example_dags/example_latest_only.py
[2023-10-14 20:45:14,816] {logging_mixin.py:109} INFO - [2023-10-14 20:45:14,815] {dag.py:2396} INFO - Sync 1 DAGs
[2023-10-14 20:45:14,823] {logging_mixin.py:109} INFO - [2023-10-14 20:45:14,823] {dag.py:2935} INFO - Setting next_dagrun for latest_only to 2023-10-14T07:45:14.823478+00:00
[2023-10-14 20:45:14,829] {processor.py:171} INFO - Processing /Users/namyoung/Desktop/myprj/airflow/airflow/lib/python3.7/site-packages/airflow/example_dags/example_latest_only.py took 0.036 seconds
[2023-10-14 22:25:47,028] {processor.py:163} INFO - Started process (PID=24948) to work on /Users/namyoung/Desktop/myprj/airflow/airflow/lib/python3.7/site-packages/airflow/example_dags/example_latest_only.py
[2023-10-14 22:25:47,030] {processor.py:642} INFO - Processing file /Users/namyoung/Desktop/myprj/airflow/airflow/lib/python3.7/site-packages/airflow/example_dags/example_latest_only.py for tasks to queue
[2023-10-14 22:25:47,031] {logging_mixin.py:109} INFO - [2023-10-14 22:25:47,031] {dagbag.py:500} INFO - Filling up the DagBag from /Users/namyoung/Desktop/myprj/airflow/airflow/lib/python3.7/site-packages/airflow/example_dags/example_latest_only.py
[2023-10-14 22:25:47,056] {processor.py:654} INFO - DAG(s) dict_keys(['latest_only']) retrieved from /Users/namyoung/Desktop/myprj/airflow/airflow/lib/python3.7/site-packages/airflow/example_dags/example_latest_only.py
[2023-10-14 22:25:47,064] {logging_mixin.py:109} INFO - [2023-10-14 22:25:47,064] {dag.py:2396} INFO - Sync 1 DAGs
[2023-10-14 22:25:47,072] {logging_mixin.py:109} INFO - [2023-10-14 22:25:47,072] {dag.py:2935} INFO - Setting next_dagrun for latest_only to 2023-10-14T09:25:47.072208+00:00
[2023-10-14 22:25:47,078] {processor.py:171} INFO - Processing /Users/namyoung/Desktop/myprj/airflow/airflow/lib/python3.7/site-packages/airflow/example_dags/example_latest_only.py took 0.055 seconds
[2023-10-15 00:01:55,015] {processor.py:163} INFO - Started process (PID=25097) to work on /Users/namyoung/Desktop/myprj/airflow/airflow/lib/python3.7/site-packages/airflow/example_dags/example_latest_only.py
[2023-10-15 00:01:55,017] {processor.py:642} INFO - Processing file /Users/namyoung/Desktop/myprj/airflow/airflow/lib/python3.7/site-packages/airflow/example_dags/example_latest_only.py for tasks to queue
[2023-10-15 00:01:55,018] {logging_mixin.py:109} INFO - [2023-10-15 00:01:55,018] {dagbag.py:500} INFO - Filling up the DagBag from /Users/namyoung/Desktop/myprj/airflow/airflow/lib/python3.7/site-packages/airflow/example_dags/example_latest_only.py
[2023-10-15 00:01:55,032] {processor.py:654} INFO - DAG(s) dict_keys(['latest_only']) retrieved from /Users/namyoung/Desktop/myprj/airflow/airflow/lib/python3.7/site-packages/airflow/example_dags/example_latest_only.py
[2023-10-15 00:01:55,037] {logging_mixin.py:109} INFO - [2023-10-15 00:01:55,037] {dag.py:2396} INFO - Sync 1 DAGs
[2023-10-15 00:01:55,046] {logging_mixin.py:109} INFO - [2023-10-15 00:01:55,046] {dag.py:2935} INFO - Setting next_dagrun for latest_only to 2023-10-14T11:01:55.046158+00:00
[2023-10-15 00:01:55,052] {processor.py:171} INFO - Processing /Users/namyoung/Desktop/myprj/airflow/airflow/lib/python3.7/site-packages/airflow/example_dags/example_latest_only.py took 0.042 seconds
[2023-10-15 01:31:24,249] {processor.py:163} INFO - Started process (PID=25372) to work on /Users/namyoung/Desktop/myprj/airflow/airflow/lib/python3.7/site-packages/airflow/example_dags/example_latest_only.py
[2023-10-15 01:31:24,251] {processor.py:642} INFO - Processing file /Users/namyoung/Desktop/myprj/airflow/airflow/lib/python3.7/site-packages/airflow/example_dags/example_latest_only.py for tasks to queue
[2023-10-15 01:31:24,252] {logging_mixin.py:109} INFO - [2023-10-15 01:31:24,251] {dagbag.py:500} INFO - Filling up the DagBag from /Users/namyoung/Desktop/myprj/airflow/airflow/lib/python3.7/site-packages/airflow/example_dags/example_latest_only.py
[2023-10-15 01:31:24,276] {processor.py:654} INFO - DAG(s) dict_keys(['latest_only']) retrieved from /Users/namyoung/Desktop/myprj/airflow/airflow/lib/python3.7/site-packages/airflow/example_dags/example_latest_only.py
[2023-10-15 01:31:24,284] {logging_mixin.py:109} INFO - [2023-10-15 01:31:24,284] {dag.py:2396} INFO - Sync 1 DAGs
[2023-10-15 01:31:24,292] {logging_mixin.py:109} INFO - [2023-10-15 01:31:24,292] {dag.py:2935} INFO - Setting next_dagrun for latest_only to 2023-10-14T12:31:24.292102+00:00
[2023-10-15 01:31:24,298] {processor.py:171} INFO - Processing /Users/namyoung/Desktop/myprj/airflow/airflow/lib/python3.7/site-packages/airflow/example_dags/example_latest_only.py took 0.054 seconds
[2023-10-15 03:10:18,260] {processor.py:163} INFO - Started process (PID=25513) to work on /Users/namyoung/Desktop/myprj/airflow/airflow/lib/python3.7/site-packages/airflow/example_dags/example_latest_only.py
[2023-10-15 03:10:18,261] {processor.py:642} INFO - Processing file /Users/namyoung/Desktop/myprj/airflow/airflow/lib/python3.7/site-packages/airflow/example_dags/example_latest_only.py for tasks to queue
[2023-10-15 03:10:18,262] {logging_mixin.py:109} INFO - [2023-10-15 03:10:18,262] {dagbag.py:500} INFO - Filling up the DagBag from /Users/namyoung/Desktop/myprj/airflow/airflow/lib/python3.7/site-packages/airflow/example_dags/example_latest_only.py
[2023-10-15 03:10:18,273] {processor.py:654} INFO - DAG(s) dict_keys(['latest_only']) retrieved from /Users/namyoung/Desktop/myprj/airflow/airflow/lib/python3.7/site-packages/airflow/example_dags/example_latest_only.py
[2023-10-15 03:10:18,278] {logging_mixin.py:109} INFO - [2023-10-15 03:10:18,278] {dag.py:2396} INFO - Sync 1 DAGs
[2023-10-15 03:10:18,285] {logging_mixin.py:109} INFO - [2023-10-15 03:10:18,285] {dag.py:2935} INFO - Setting next_dagrun for latest_only to 2023-10-14T14:10:18.284900+00:00
[2023-10-15 03:10:18,291] {processor.py:171} INFO - Processing /Users/namyoung/Desktop/myprj/airflow/airflow/lib/python3.7/site-packages/airflow/example_dags/example_latest_only.py took 0.032 seconds
[2023-10-15 04:48:06,091] {processor.py:163} INFO - Started process (PID=25779) to work on /Users/namyoung/Desktop/myprj/airflow/airflow/lib/python3.7/site-packages/airflow/example_dags/example_latest_only.py
[2023-10-15 04:48:06,092] {processor.py:642} INFO - Processing file /Users/namyoung/Desktop/myprj/airflow/airflow/lib/python3.7/site-packages/airflow/example_dags/example_latest_only.py for tasks to queue
[2023-10-15 04:48:06,092] {logging_mixin.py:109} INFO - [2023-10-15 04:48:06,092] {dagbag.py:500} INFO - Filling up the DagBag from /Users/namyoung/Desktop/myprj/airflow/airflow/lib/python3.7/site-packages/airflow/example_dags/example_latest_only.py
[2023-10-15 04:48:06,104] {processor.py:654} INFO - DAG(s) dict_keys(['latest_only']) retrieved from /Users/namyoung/Desktop/myprj/airflow/airflow/lib/python3.7/site-packages/airflow/example_dags/example_latest_only.py
[2023-10-15 04:48:06,109] {logging_mixin.py:109} INFO - [2023-10-15 04:48:06,109] {dag.py:2396} INFO - Sync 1 DAGs
[2023-10-15 04:48:06,117] {logging_mixin.py:109} INFO - [2023-10-15 04:48:06,116] {dag.py:2935} INFO - Setting next_dagrun for latest_only to 2023-10-14T15:48:06.116695+00:00
[2023-10-15 04:48:06,123] {processor.py:171} INFO - Processing /Users/namyoung/Desktop/myprj/airflow/airflow/lib/python3.7/site-packages/airflow/example_dags/example_latest_only.py took 0.034 seconds
[2023-10-15 06:27:32,828] {processor.py:163} INFO - Started process (PID=25923) to work on /Users/namyoung/Desktop/myprj/airflow/airflow/lib/python3.7/site-packages/airflow/example_dags/example_latest_only.py
[2023-10-15 06:27:32,830] {processor.py:642} INFO - Processing file /Users/namyoung/Desktop/myprj/airflow/airflow/lib/python3.7/site-packages/airflow/example_dags/example_latest_only.py for tasks to queue
[2023-10-15 06:27:32,831] {logging_mixin.py:109} INFO - [2023-10-15 06:27:32,831] {dagbag.py:500} INFO - Filling up the DagBag from /Users/namyoung/Desktop/myprj/airflow/airflow/lib/python3.7/site-packages/airflow/example_dags/example_latest_only.py
[2023-10-15 06:27:32,843] {processor.py:654} INFO - DAG(s) dict_keys(['latest_only']) retrieved from /Users/namyoung/Desktop/myprj/airflow/airflow/lib/python3.7/site-packages/airflow/example_dags/example_latest_only.py
[2023-10-15 06:27:32,851] {logging_mixin.py:109} INFO - [2023-10-15 06:27:32,851] {dag.py:2396} INFO - Sync 1 DAGs
[2023-10-15 06:27:32,863] {logging_mixin.py:109} INFO - [2023-10-15 06:27:32,863] {dag.py:2935} INFO - Setting next_dagrun for latest_only to 2023-10-14T17:27:32.863355+00:00
[2023-10-15 06:27:32,871] {processor.py:171} INFO - Processing /Users/namyoung/Desktop/myprj/airflow/airflow/lib/python3.7/site-packages/airflow/example_dags/example_latest_only.py took 0.046 seconds
[2023-10-15 08:23:35,478] {processor.py:163} INFO - Started process (PID=26191) to work on /Users/namyoung/Desktop/myprj/airflow/airflow/lib/python3.7/site-packages/airflow/example_dags/example_latest_only.py
[2023-10-15 08:23:35,479] {processor.py:642} INFO - Processing file /Users/namyoung/Desktop/myprj/airflow/airflow/lib/python3.7/site-packages/airflow/example_dags/example_latest_only.py for tasks to queue
[2023-10-15 08:23:35,480] {logging_mixin.py:109} INFO - [2023-10-15 08:23:35,480] {dagbag.py:500} INFO - Filling up the DagBag from /Users/namyoung/Desktop/myprj/airflow/airflow/lib/python3.7/site-packages/airflow/example_dags/example_latest_only.py
[2023-10-15 08:23:35,510] {processor.py:654} INFO - DAG(s) dict_keys(['latest_only']) retrieved from /Users/namyoung/Desktop/myprj/airflow/airflow/lib/python3.7/site-packages/airflow/example_dags/example_latest_only.py
[2023-10-15 08:23:35,518] {logging_mixin.py:109} INFO - [2023-10-15 08:23:35,518] {dag.py:2396} INFO - Sync 1 DAGs
[2023-10-15 08:23:35,528] {logging_mixin.py:109} INFO - [2023-10-15 08:23:35,527] {dag.py:2935} INFO - Setting next_dagrun for latest_only to 2023-10-14T19:23:35.527632+00:00
[2023-10-15 08:23:35,536] {processor.py:171} INFO - Processing /Users/namyoung/Desktop/myprj/airflow/airflow/lib/python3.7/site-packages/airflow/example_dags/example_latest_only.py took 0.062 seconds
