[2023-10-14 09:53:56,019] {processor.py:163} INFO - Started process (PID=23348) to work on /Users/namyoung/Desktop/myprj/airflow/airflow/lib/python3.7/site-packages/airflow/example_dags/example_nested_branch_dag.py
[2023-10-14 09:53:56,020] {processor.py:642} INFO - Processing file /Users/namyoung/Desktop/myprj/airflow/airflow/lib/python3.7/site-packages/airflow/example_dags/example_nested_branch_dag.py for tasks to queue
[2023-10-14 09:53:56,020] {logging_mixin.py:109} INFO - [2023-10-14 09:53:56,020] {dagbag.py:500} INFO - Filling up the DagBag from /Users/namyoung/Desktop/myprj/airflow/airflow/lib/python3.7/site-packages/airflow/example_dags/example_nested_branch_dag.py
[2023-10-14 09:53:56,034] {processor.py:654} INFO - DAG(s) dict_keys(['example_nested_branch_dag']) retrieved from /Users/namyoung/Desktop/myprj/airflow/airflow/lib/python3.7/site-packages/airflow/example_dags/example_nested_branch_dag.py
[2023-10-14 09:53:56,040] {logging_mixin.py:109} INFO - [2023-10-14 09:53:56,040] {dag.py:2396} INFO - Sync 1 DAGs
[2023-10-14 09:53:56,048] {logging_mixin.py:109} INFO - [2023-10-14 09:53:56,048] {dag.py:2935} INFO - Setting next_dagrun for example_nested_branch_dag to 2023-10-13 00:00:00+00:00
[2023-10-14 09:53:56,057] {processor.py:171} INFO - Processing /Users/namyoung/Desktop/myprj/airflow/airflow/lib/python3.7/site-packages/airflow/example_dags/example_nested_branch_dag.py took 0.040 seconds
[2023-10-14 11:34:21,996] {processor.py:163} INFO - Started process (PID=23486) to work on /Users/namyoung/Desktop/myprj/airflow/airflow/lib/python3.7/site-packages/airflow/example_dags/example_nested_branch_dag.py
[2023-10-14 11:34:21,998] {processor.py:642} INFO - Processing file /Users/namyoung/Desktop/myprj/airflow/airflow/lib/python3.7/site-packages/airflow/example_dags/example_nested_branch_dag.py for tasks to queue
[2023-10-14 11:34:21,999] {logging_mixin.py:109} INFO - [2023-10-14 11:34:21,999] {dagbag.py:500} INFO - Filling up the DagBag from /Users/namyoung/Desktop/myprj/airflow/airflow/lib/python3.7/site-packages/airflow/example_dags/example_nested_branch_dag.py
[2023-10-14 11:34:22,027] {processor.py:654} INFO - DAG(s) dict_keys(['example_nested_branch_dag']) retrieved from /Users/namyoung/Desktop/myprj/airflow/airflow/lib/python3.7/site-packages/airflow/example_dags/example_nested_branch_dag.py
[2023-10-14 11:34:22,035] {logging_mixin.py:109} INFO - [2023-10-14 11:34:22,035] {dag.py:2396} INFO - Sync 1 DAGs
[2023-10-14 11:34:22,043] {logging_mixin.py:109} INFO - [2023-10-14 11:34:22,043] {dag.py:2935} INFO - Setting next_dagrun for example_nested_branch_dag to 2023-10-13 00:00:00+00:00
[2023-10-14 11:34:22,049] {processor.py:171} INFO - Processing /Users/namyoung/Desktop/myprj/airflow/airflow/lib/python3.7/site-packages/airflow/example_dags/example_nested_branch_dag.py took 0.059 seconds
[2023-10-14 13:08:28,897] {processor.py:163} INFO - Started process (PID=23741) to work on /Users/namyoung/Desktop/myprj/airflow/airflow/lib/python3.7/site-packages/airflow/example_dags/example_nested_branch_dag.py
[2023-10-14 13:08:28,897] {processor.py:642} INFO - Processing file /Users/namyoung/Desktop/myprj/airflow/airflow/lib/python3.7/site-packages/airflow/example_dags/example_nested_branch_dag.py for tasks to queue
[2023-10-14 13:08:28,898] {logging_mixin.py:109} INFO - [2023-10-14 13:08:28,898] {dagbag.py:500} INFO - Filling up the DagBag from /Users/namyoung/Desktop/myprj/airflow/airflow/lib/python3.7/site-packages/airflow/example_dags/example_nested_branch_dag.py
[2023-10-14 13:08:28,912] {processor.py:654} INFO - DAG(s) dict_keys(['example_nested_branch_dag']) retrieved from /Users/namyoung/Desktop/myprj/airflow/airflow/lib/python3.7/site-packages/airflow/example_dags/example_nested_branch_dag.py
[2023-10-14 13:08:28,917] {logging_mixin.py:109} INFO - [2023-10-14 13:08:28,917] {dag.py:2396} INFO - Sync 1 DAGs
[2023-10-14 13:08:28,925] {logging_mixin.py:109} INFO - [2023-10-14 13:08:28,925] {dag.py:2935} INFO - Setting next_dagrun for example_nested_branch_dag to 2023-10-13 00:00:00+00:00
[2023-10-14 13:08:28,931] {processor.py:171} INFO - Processing /Users/namyoung/Desktop/myprj/airflow/airflow/lib/python3.7/site-packages/airflow/example_dags/example_nested_branch_dag.py took 0.037 seconds
[2023-10-14 14:43:26,791] {processor.py:163} INFO - Started process (PID=23884) to work on /Users/namyoung/Desktop/myprj/airflow/airflow/lib/python3.7/site-packages/airflow/example_dags/example_nested_branch_dag.py
[2023-10-14 14:43:26,792] {processor.py:642} INFO - Processing file /Users/namyoung/Desktop/myprj/airflow/airflow/lib/python3.7/site-packages/airflow/example_dags/example_nested_branch_dag.py for tasks to queue
[2023-10-14 14:43:26,792] {logging_mixin.py:109} INFO - [2023-10-14 14:43:26,792] {dagbag.py:500} INFO - Filling up the DagBag from /Users/namyoung/Desktop/myprj/airflow/airflow/lib/python3.7/site-packages/airflow/example_dags/example_nested_branch_dag.py
[2023-10-14 14:43:26,806] {processor.py:654} INFO - DAG(s) dict_keys(['example_nested_branch_dag']) retrieved from /Users/namyoung/Desktop/myprj/airflow/airflow/lib/python3.7/site-packages/airflow/example_dags/example_nested_branch_dag.py
[2023-10-14 14:43:26,812] {logging_mixin.py:109} INFO - [2023-10-14 14:43:26,812] {dag.py:2396} INFO - Sync 1 DAGs
[2023-10-14 14:43:26,820] {logging_mixin.py:109} INFO - [2023-10-14 14:43:26,820] {dag.py:2935} INFO - Setting next_dagrun for example_nested_branch_dag to 2023-10-13 00:00:00+00:00
[2023-10-14 14:43:26,828] {processor.py:171} INFO - Processing /Users/namyoung/Desktop/myprj/airflow/airflow/lib/python3.7/site-packages/airflow/example_dags/example_nested_branch_dag.py took 0.039 seconds
[2023-10-14 16:22:34,881] {processor.py:163} INFO - Started process (PID=24145) to work on /Users/namyoung/Desktop/myprj/airflow/airflow/lib/python3.7/site-packages/airflow/example_dags/example_nested_branch_dag.py
[2023-10-14 16:22:34,881] {processor.py:642} INFO - Processing file /Users/namyoung/Desktop/myprj/airflow/airflow/lib/python3.7/site-packages/airflow/example_dags/example_nested_branch_dag.py for tasks to queue
[2023-10-14 16:22:34,882] {logging_mixin.py:109} INFO - [2023-10-14 16:22:34,882] {dagbag.py:500} INFO - Filling up the DagBag from /Users/namyoung/Desktop/myprj/airflow/airflow/lib/python3.7/site-packages/airflow/example_dags/example_nested_branch_dag.py
[2023-10-14 16:22:34,897] {processor.py:654} INFO - DAG(s) dict_keys(['example_nested_branch_dag']) retrieved from /Users/namyoung/Desktop/myprj/airflow/airflow/lib/python3.7/site-packages/airflow/example_dags/example_nested_branch_dag.py
[2023-10-14 16:22:34,903] {logging_mixin.py:109} INFO - [2023-10-14 16:22:34,903] {dag.py:2396} INFO - Sync 1 DAGs
[2023-10-14 16:22:34,911] {logging_mixin.py:109} INFO - [2023-10-14 16:22:34,911] {dag.py:2935} INFO - Setting next_dagrun for example_nested_branch_dag to 2023-10-13 00:00:00+00:00
[2023-10-14 16:22:34,917] {processor.py:171} INFO - Processing /Users/namyoung/Desktop/myprj/airflow/airflow/lib/python3.7/site-packages/airflow/example_dags/example_nested_branch_dag.py took 0.038 seconds
[2023-10-14 17:30:14,030] {processor.py:163} INFO - Started process (PID=24266) to work on /Users/namyoung/Desktop/myprj/airflow/airflow/lib/python3.7/site-packages/airflow/example_dags/example_nested_branch_dag.py
[2023-10-14 17:30:14,032] {processor.py:642} INFO - Processing file /Users/namyoung/Desktop/myprj/airflow/airflow/lib/python3.7/site-packages/airflow/example_dags/example_nested_branch_dag.py for tasks to queue
[2023-10-14 17:30:14,033] {logging_mixin.py:109} INFO - [2023-10-14 17:30:14,033] {dagbag.py:500} INFO - Filling up the DagBag from /Users/namyoung/Desktop/myprj/airflow/airflow/lib/python3.7/site-packages/airflow/example_dags/example_nested_branch_dag.py
[2023-10-14 17:30:14,061] {processor.py:654} INFO - DAG(s) dict_keys(['example_nested_branch_dag']) retrieved from /Users/namyoung/Desktop/myprj/airflow/airflow/lib/python3.7/site-packages/airflow/example_dags/example_nested_branch_dag.py
[2023-10-14 17:30:14,069] {logging_mixin.py:109} INFO - [2023-10-14 17:30:14,069] {dag.py:2396} INFO - Sync 1 DAGs
[2023-10-14 17:30:14,077] {logging_mixin.py:109} INFO - [2023-10-14 17:30:14,077] {dag.py:2935} INFO - Setting next_dagrun for example_nested_branch_dag to 2023-10-13 00:00:00+00:00
[2023-10-14 17:30:14,082] {processor.py:171} INFO - Processing /Users/namyoung/Desktop/myprj/airflow/airflow/lib/python3.7/site-packages/airflow/example_dags/example_nested_branch_dag.py took 0.058 seconds
[2023-10-14 19:06:34,319] {processor.py:163} INFO - Started process (PID=24538) to work on /Users/namyoung/Desktop/myprj/airflow/airflow/lib/python3.7/site-packages/airflow/example_dags/example_nested_branch_dag.py
[2023-10-14 19:06:34,319] {processor.py:642} INFO - Processing file /Users/namyoung/Desktop/myprj/airflow/airflow/lib/python3.7/site-packages/airflow/example_dags/example_nested_branch_dag.py for tasks to queue
[2023-10-14 19:06:34,320] {logging_mixin.py:109} INFO - [2023-10-14 19:06:34,320] {dagbag.py:500} INFO - Filling up the DagBag from /Users/namyoung/Desktop/myprj/airflow/airflow/lib/python3.7/site-packages/airflow/example_dags/example_nested_branch_dag.py
[2023-10-14 19:06:34,333] {processor.py:654} INFO - DAG(s) dict_keys(['example_nested_branch_dag']) retrieved from /Users/namyoung/Desktop/myprj/airflow/airflow/lib/python3.7/site-packages/airflow/example_dags/example_nested_branch_dag.py
[2023-10-14 19:06:34,338] {logging_mixin.py:109} INFO - [2023-10-14 19:06:34,338] {dag.py:2396} INFO - Sync 1 DAGs
[2023-10-14 19:06:34,345] {logging_mixin.py:109} INFO - [2023-10-14 19:06:34,345] {dag.py:2935} INFO - Setting next_dagrun for example_nested_branch_dag to 2023-10-13 00:00:00+00:00
[2023-10-14 19:06:34,351] {processor.py:171} INFO - Processing /Users/namyoung/Desktop/myprj/airflow/airflow/lib/python3.7/site-packages/airflow/example_dags/example_nested_branch_dag.py took 0.034 seconds
[2023-10-14 20:27:46,889] {processor.py:163} INFO - Started process (PID=24655) to work on /Users/namyoung/Desktop/myprj/airflow/airflow/lib/python3.7/site-packages/airflow/example_dags/example_nested_branch_dag.py
[2023-10-14 20:27:46,891] {processor.py:642} INFO - Processing file /Users/namyoung/Desktop/myprj/airflow/airflow/lib/python3.7/site-packages/airflow/example_dags/example_nested_branch_dag.py for tasks to queue
[2023-10-14 20:27:46,893] {logging_mixin.py:109} INFO - [2023-10-14 20:27:46,892] {dagbag.py:500} INFO - Filling up the DagBag from /Users/namyoung/Desktop/myprj/airflow/airflow/lib/python3.7/site-packages/airflow/example_dags/example_nested_branch_dag.py
[2023-10-14 20:27:46,921] {processor.py:654} INFO - DAG(s) dict_keys(['example_nested_branch_dag']) retrieved from /Users/namyoung/Desktop/myprj/airflow/airflow/lib/python3.7/site-packages/airflow/example_dags/example_nested_branch_dag.py
[2023-10-14 20:27:46,930] {logging_mixin.py:109} INFO - [2023-10-14 20:27:46,930] {dag.py:2396} INFO - Sync 1 DAGs
[2023-10-14 20:27:46,939] {logging_mixin.py:109} INFO - [2023-10-14 20:27:46,938] {dag.py:2935} INFO - Setting next_dagrun for example_nested_branch_dag to 2023-10-13 00:00:00+00:00
[2023-10-14 20:27:46,944] {processor.py:171} INFO - Processing /Users/namyoung/Desktop/myprj/airflow/airflow/lib/python3.7/site-packages/airflow/example_dags/example_nested_branch_dag.py took 0.060 seconds
[2023-10-14 22:25:44,716] {processor.py:163} INFO - Started process (PID=24941) to work on /Users/namyoung/Desktop/myprj/airflow/airflow/lib/python3.7/site-packages/airflow/example_dags/example_nested_branch_dag.py
[2023-10-14 22:25:44,717] {processor.py:642} INFO - Processing file /Users/namyoung/Desktop/myprj/airflow/airflow/lib/python3.7/site-packages/airflow/example_dags/example_nested_branch_dag.py for tasks to queue
[2023-10-14 22:25:44,717] {logging_mixin.py:109} INFO - [2023-10-14 22:25:44,717] {dagbag.py:500} INFO - Filling up the DagBag from /Users/namyoung/Desktop/myprj/airflow/airflow/lib/python3.7/site-packages/airflow/example_dags/example_nested_branch_dag.py
[2023-10-14 22:25:44,730] {processor.py:654} INFO - DAG(s) dict_keys(['example_nested_branch_dag']) retrieved from /Users/namyoung/Desktop/myprj/airflow/airflow/lib/python3.7/site-packages/airflow/example_dags/example_nested_branch_dag.py
[2023-10-14 22:25:44,737] {logging_mixin.py:109} INFO - [2023-10-14 22:25:44,737] {dag.py:2396} INFO - Sync 1 DAGs
[2023-10-14 22:25:44,745] {logging_mixin.py:109} INFO - [2023-10-14 22:25:44,745] {dag.py:2935} INFO - Setting next_dagrun for example_nested_branch_dag to 2023-10-13 00:00:00+00:00
[2023-10-14 22:25:44,751] {processor.py:171} INFO - Processing /Users/namyoung/Desktop/myprj/airflow/airflow/lib/python3.7/site-packages/airflow/example_dags/example_nested_branch_dag.py took 0.037 seconds
[2023-10-15 00:01:52,732] {processor.py:163} INFO - Started process (PID=25090) to work on /Users/namyoung/Desktop/myprj/airflow/airflow/lib/python3.7/site-packages/airflow/example_dags/example_nested_branch_dag.py
[2023-10-15 00:01:52,732] {processor.py:642} INFO - Processing file /Users/namyoung/Desktop/myprj/airflow/airflow/lib/python3.7/site-packages/airflow/example_dags/example_nested_branch_dag.py for tasks to queue
[2023-10-15 00:01:52,733] {logging_mixin.py:109} INFO - [2023-10-15 00:01:52,733] {dagbag.py:500} INFO - Filling up the DagBag from /Users/namyoung/Desktop/myprj/airflow/airflow/lib/python3.7/site-packages/airflow/example_dags/example_nested_branch_dag.py
[2023-10-15 00:01:52,747] {processor.py:654} INFO - DAG(s) dict_keys(['example_nested_branch_dag']) retrieved from /Users/namyoung/Desktop/myprj/airflow/airflow/lib/python3.7/site-packages/airflow/example_dags/example_nested_branch_dag.py
[2023-10-15 00:01:52,755] {logging_mixin.py:109} INFO - [2023-10-15 00:01:52,755] {dag.py:2396} INFO - Sync 1 DAGs
[2023-10-15 00:01:52,763] {logging_mixin.py:109} INFO - [2023-10-15 00:01:52,763] {dag.py:2935} INFO - Setting next_dagrun for example_nested_branch_dag to 2023-10-13 00:00:00+00:00
[2023-10-15 00:01:52,770] {processor.py:171} INFO - Processing /Users/namyoung/Desktop/myprj/airflow/airflow/lib/python3.7/site-packages/airflow/example_dags/example_nested_branch_dag.py took 0.041 seconds
[2023-10-15 01:31:21,918] {processor.py:163} INFO - Started process (PID=25366) to work on /Users/namyoung/Desktop/myprj/airflow/airflow/lib/python3.7/site-packages/airflow/example_dags/example_nested_branch_dag.py
[2023-10-15 01:31:21,920] {processor.py:642} INFO - Processing file /Users/namyoung/Desktop/myprj/airflow/airflow/lib/python3.7/site-packages/airflow/example_dags/example_nested_branch_dag.py for tasks to queue
[2023-10-15 01:31:21,921] {logging_mixin.py:109} INFO - [2023-10-15 01:31:21,921] {dagbag.py:500} INFO - Filling up the DagBag from /Users/namyoung/Desktop/myprj/airflow/airflow/lib/python3.7/site-packages/airflow/example_dags/example_nested_branch_dag.py
[2023-10-15 01:31:21,949] {processor.py:654} INFO - DAG(s) dict_keys(['example_nested_branch_dag']) retrieved from /Users/namyoung/Desktop/myprj/airflow/airflow/lib/python3.7/site-packages/airflow/example_dags/example_nested_branch_dag.py
[2023-10-15 01:31:21,957] {logging_mixin.py:109} INFO - [2023-10-15 01:31:21,957] {dag.py:2396} INFO - Sync 1 DAGs
[2023-10-15 01:31:21,966] {logging_mixin.py:109} INFO - [2023-10-15 01:31:21,966] {dag.py:2935} INFO - Setting next_dagrun for example_nested_branch_dag to 2023-10-13 00:00:00+00:00
[2023-10-15 01:31:21,971] {processor.py:171} INFO - Processing /Users/namyoung/Desktop/myprj/airflow/airflow/lib/python3.7/site-packages/airflow/example_dags/example_nested_branch_dag.py took 0.058 seconds
[2023-10-15 03:10:16,638] {processor.py:163} INFO - Started process (PID=25496) to work on /Users/namyoung/Desktop/myprj/airflow/airflow/lib/python3.7/site-packages/airflow/example_dags/example_nested_branch_dag.py
[2023-10-15 03:10:16,639] {processor.py:642} INFO - Processing file /Users/namyoung/Desktop/myprj/airflow/airflow/lib/python3.7/site-packages/airflow/example_dags/example_nested_branch_dag.py for tasks to queue
[2023-10-15 03:10:16,640] {logging_mixin.py:109} INFO - [2023-10-15 03:10:16,640] {dagbag.py:500} INFO - Filling up the DagBag from /Users/namyoung/Desktop/myprj/airflow/airflow/lib/python3.7/site-packages/airflow/example_dags/example_nested_branch_dag.py
[2023-10-15 03:10:16,655] {processor.py:654} INFO - DAG(s) dict_keys(['example_nested_branch_dag']) retrieved from /Users/namyoung/Desktop/myprj/airflow/airflow/lib/python3.7/site-packages/airflow/example_dags/example_nested_branch_dag.py
[2023-10-15 03:10:16,662] {logging_mixin.py:109} INFO - [2023-10-15 03:10:16,662] {dag.py:2396} INFO - Sync 1 DAGs
[2023-10-15 03:10:16,671] {logging_mixin.py:109} INFO - [2023-10-15 03:10:16,671] {dag.py:2935} INFO - Setting next_dagrun for example_nested_branch_dag to 2023-10-13 00:00:00+00:00
[2023-10-15 03:10:16,676] {processor.py:171} INFO - Processing /Users/namyoung/Desktop/myprj/airflow/airflow/lib/python3.7/site-packages/airflow/example_dags/example_nested_branch_dag.py took 0.040 seconds
[2023-10-15 04:31:55,262] {processor.py:163} INFO - Started process (PID=25763) to work on /Users/namyoung/Desktop/myprj/airflow/airflow/lib/python3.7/site-packages/airflow/example_dags/example_nested_branch_dag.py
[2023-10-15 04:31:55,264] {processor.py:642} INFO - Processing file /Users/namyoung/Desktop/myprj/airflow/airflow/lib/python3.7/site-packages/airflow/example_dags/example_nested_branch_dag.py for tasks to queue
[2023-10-15 04:31:55,265] {logging_mixin.py:109} INFO - [2023-10-15 04:31:55,264] {dagbag.py:500} INFO - Filling up the DagBag from /Users/namyoung/Desktop/myprj/airflow/airflow/lib/python3.7/site-packages/airflow/example_dags/example_nested_branch_dag.py
[2023-10-15 04:31:55,293] {processor.py:654} INFO - DAG(s) dict_keys(['example_nested_branch_dag']) retrieved from /Users/namyoung/Desktop/myprj/airflow/airflow/lib/python3.7/site-packages/airflow/example_dags/example_nested_branch_dag.py
[2023-10-15 04:31:55,301] {logging_mixin.py:109} INFO - [2023-10-15 04:31:55,301] {dag.py:2396} INFO - Sync 1 DAGs
[2023-10-15 04:31:55,310] {logging_mixin.py:109} INFO - [2023-10-15 04:31:55,310] {dag.py:2935} INFO - Setting next_dagrun for example_nested_branch_dag to 2023-10-13 00:00:00+00:00
[2023-10-15 04:31:55,315] {processor.py:171} INFO - Processing /Users/namyoung/Desktop/myprj/airflow/airflow/lib/python3.7/site-packages/airflow/example_dags/example_nested_branch_dag.py took 0.059 seconds
[2023-10-15 06:27:30,527] {processor.py:163} INFO - Started process (PID=25912) to work on /Users/namyoung/Desktop/myprj/airflow/airflow/lib/python3.7/site-packages/airflow/example_dags/example_nested_branch_dag.py
[2023-10-15 06:27:30,528] {processor.py:642} INFO - Processing file /Users/namyoung/Desktop/myprj/airflow/airflow/lib/python3.7/site-packages/airflow/example_dags/example_nested_branch_dag.py for tasks to queue
[2023-10-15 06:27:30,529] {logging_mixin.py:109} INFO - [2023-10-15 06:27:30,528] {dagbag.py:500} INFO - Filling up the DagBag from /Users/namyoung/Desktop/myprj/airflow/airflow/lib/python3.7/site-packages/airflow/example_dags/example_nested_branch_dag.py
[2023-10-15 06:27:30,543] {processor.py:654} INFO - DAG(s) dict_keys(['example_nested_branch_dag']) retrieved from /Users/namyoung/Desktop/myprj/airflow/airflow/lib/python3.7/site-packages/airflow/example_dags/example_nested_branch_dag.py
[2023-10-15 06:27:30,550] {logging_mixin.py:109} INFO - [2023-10-15 06:27:30,549] {dag.py:2396} INFO - Sync 1 DAGs
[2023-10-15 06:27:30,558] {logging_mixin.py:109} INFO - [2023-10-15 06:27:30,558] {dag.py:2935} INFO - Setting next_dagrun for example_nested_branch_dag to 2023-10-13 00:00:00+00:00
[2023-10-15 06:27:30,564] {processor.py:171} INFO - Processing /Users/namyoung/Desktop/myprj/airflow/airflow/lib/python3.7/site-packages/airflow/example_dags/example_nested_branch_dag.py took 0.040 seconds
[2023-10-15 08:06:49,936] {processor.py:163} INFO - Started process (PID=26186) to work on /Users/namyoung/Desktop/myprj/airflow/airflow/lib/python3.7/site-packages/airflow/example_dags/example_nested_branch_dag.py
[2023-10-15 08:06:49,938] {processor.py:642} INFO - Processing file /Users/namyoung/Desktop/myprj/airflow/airflow/lib/python3.7/site-packages/airflow/example_dags/example_nested_branch_dag.py for tasks to queue
[2023-10-15 08:06:49,939] {logging_mixin.py:109} INFO - [2023-10-15 08:06:49,939] {dagbag.py:500} INFO - Filling up the DagBag from /Users/namyoung/Desktop/myprj/airflow/airflow/lib/python3.7/site-packages/airflow/example_dags/example_nested_branch_dag.py
[2023-10-15 08:06:49,968] {processor.py:654} INFO - DAG(s) dict_keys(['example_nested_branch_dag']) retrieved from /Users/namyoung/Desktop/myprj/airflow/airflow/lib/python3.7/site-packages/airflow/example_dags/example_nested_branch_dag.py
[2023-10-15 08:06:49,976] {logging_mixin.py:109} INFO - [2023-10-15 08:06:49,976] {dag.py:2396} INFO - Sync 1 DAGs
[2023-10-15 08:06:49,985] {logging_mixin.py:109} INFO - [2023-10-15 08:06:49,985] {dag.py:2935} INFO - Setting next_dagrun for example_nested_branch_dag to 2023-10-13 00:00:00+00:00
[2023-10-15 08:06:49,991] {processor.py:171} INFO - Processing /Users/namyoung/Desktop/myprj/airflow/airflow/lib/python3.7/site-packages/airflow/example_dags/example_nested_branch_dag.py took 0.060 seconds
