[2023-10-14 10:44:37,241] {processor.py:163} INFO - Started process (PID=23418) to work on /Users/namyoung/Desktop/myprj/airflow/airflow/lib/python3.7/site-packages/airflow/example_dags/tutorial_etl_dag.py
[2023-10-14 10:44:37,242] {processor.py:642} INFO - Processing file /Users/namyoung/Desktop/myprj/airflow/airflow/lib/python3.7/site-packages/airflow/example_dags/tutorial_etl_dag.py for tasks to queue
[2023-10-14 10:44:37,243] {logging_mixin.py:109} INFO - [2023-10-14 10:44:37,242] {dagbag.py:500} INFO - Filling up the DagBag from /Users/namyoung/Desktop/myprj/airflow/airflow/lib/python3.7/site-packages/airflow/example_dags/tutorial_etl_dag.py
[2023-10-14 10:44:37,256] {processor.py:654} INFO - DAG(s) dict_keys(['tutorial_etl_dag']) retrieved from /Users/namyoung/Desktop/myprj/airflow/airflow/lib/python3.7/site-packages/airflow/example_dags/tutorial_etl_dag.py
[2023-10-14 10:44:37,263] {logging_mixin.py:109} INFO - [2023-10-14 10:44:37,262] {dag.py:2396} INFO - Sync 1 DAGs
[2023-10-14 10:44:37,270] {logging_mixin.py:109} INFO - [2023-10-14 10:44:37,270] {dag.py:2935} INFO - Setting next_dagrun for tutorial_etl_dag to None
[2023-10-14 10:44:37,278] {processor.py:171} INFO - Processing /Users/namyoung/Desktop/myprj/airflow/airflow/lib/python3.7/site-packages/airflow/example_dags/tutorial_etl_dag.py took 0.039 seconds
[2023-10-14 12:21:59,897] {processor.py:163} INFO - Started process (PID=23677) to work on /Users/namyoung/Desktop/myprj/airflow/airflow/lib/python3.7/site-packages/airflow/example_dags/tutorial_etl_dag.py
[2023-10-14 12:21:59,898] {processor.py:642} INFO - Processing file /Users/namyoung/Desktop/myprj/airflow/airflow/lib/python3.7/site-packages/airflow/example_dags/tutorial_etl_dag.py for tasks to queue
[2023-10-14 12:21:59,898] {logging_mixin.py:109} INFO - [2023-10-14 12:21:59,898] {dagbag.py:500} INFO - Filling up the DagBag from /Users/namyoung/Desktop/myprj/airflow/airflow/lib/python3.7/site-packages/airflow/example_dags/tutorial_etl_dag.py
[2023-10-14 12:21:59,911] {processor.py:654} INFO - DAG(s) dict_keys(['tutorial_etl_dag']) retrieved from /Users/namyoung/Desktop/myprj/airflow/airflow/lib/python3.7/site-packages/airflow/example_dags/tutorial_etl_dag.py
[2023-10-14 12:21:59,916] {logging_mixin.py:109} INFO - [2023-10-14 12:21:59,916] {dag.py:2396} INFO - Sync 1 DAGs
[2023-10-14 12:21:59,924] {logging_mixin.py:109} INFO - [2023-10-14 12:21:59,923] {dag.py:2935} INFO - Setting next_dagrun for tutorial_etl_dag to None
[2023-10-14 12:21:59,929] {processor.py:171} INFO - Processing /Users/namyoung/Desktop/myprj/airflow/airflow/lib/python3.7/site-packages/airflow/example_dags/tutorial_etl_dag.py took 0.034 seconds
[2023-10-14 13:56:38,818] {processor.py:163} INFO - Started process (PID=23811) to work on /Users/namyoung/Desktop/myprj/airflow/airflow/lib/python3.7/site-packages/airflow/example_dags/tutorial_etl_dag.py
[2023-10-14 13:56:38,819] {processor.py:642} INFO - Processing file /Users/namyoung/Desktop/myprj/airflow/airflow/lib/python3.7/site-packages/airflow/example_dags/tutorial_etl_dag.py for tasks to queue
[2023-10-14 13:56:38,820] {logging_mixin.py:109} INFO - [2023-10-14 13:56:38,820] {dagbag.py:500} INFO - Filling up the DagBag from /Users/namyoung/Desktop/myprj/airflow/airflow/lib/python3.7/site-packages/airflow/example_dags/tutorial_etl_dag.py
[2023-10-14 13:56:38,832] {processor.py:654} INFO - DAG(s) dict_keys(['tutorial_etl_dag']) retrieved from /Users/namyoung/Desktop/myprj/airflow/airflow/lib/python3.7/site-packages/airflow/example_dags/tutorial_etl_dag.py
[2023-10-14 13:56:38,837] {logging_mixin.py:109} INFO - [2023-10-14 13:56:38,837] {dag.py:2396} INFO - Sync 1 DAGs
[2023-10-14 13:56:38,844] {logging_mixin.py:109} INFO - [2023-10-14 13:56:38,844] {dag.py:2935} INFO - Setting next_dagrun for tutorial_etl_dag to None
[2023-10-14 13:56:38,850] {processor.py:171} INFO - Processing /Users/namyoung/Desktop/myprj/airflow/airflow/lib/python3.7/site-packages/airflow/example_dags/tutorial_etl_dag.py took 0.034 seconds
[2023-10-14 15:33:36,860] {processor.py:163} INFO - Started process (PID=24081) to work on /Users/namyoung/Desktop/myprj/airflow/airflow/lib/python3.7/site-packages/airflow/example_dags/tutorial_etl_dag.py
[2023-10-14 15:33:36,861] {processor.py:642} INFO - Processing file /Users/namyoung/Desktop/myprj/airflow/airflow/lib/python3.7/site-packages/airflow/example_dags/tutorial_etl_dag.py for tasks to queue
[2023-10-14 15:33:36,861] {logging_mixin.py:109} INFO - [2023-10-14 15:33:36,861] {dagbag.py:500} INFO - Filling up the DagBag from /Users/namyoung/Desktop/myprj/airflow/airflow/lib/python3.7/site-packages/airflow/example_dags/tutorial_etl_dag.py
[2023-10-14 15:33:36,874] {processor.py:654} INFO - DAG(s) dict_keys(['tutorial_etl_dag']) retrieved from /Users/namyoung/Desktop/myprj/airflow/airflow/lib/python3.7/site-packages/airflow/example_dags/tutorial_etl_dag.py
[2023-10-14 15:33:36,879] {logging_mixin.py:109} INFO - [2023-10-14 15:33:36,879] {dag.py:2396} INFO - Sync 1 DAGs
[2023-10-14 15:33:36,886] {logging_mixin.py:109} INFO - [2023-10-14 15:33:36,886] {dag.py:2935} INFO - Setting next_dagrun for tutorial_etl_dag to None
[2023-10-14 15:33:36,895] {processor.py:171} INFO - Processing /Users/namyoung/Desktop/myprj/airflow/airflow/lib/python3.7/site-packages/airflow/example_dags/tutorial_etl_dag.py took 0.037 seconds
[2023-10-14 17:13:57,969] {processor.py:163} INFO - Started process (PID=24217) to work on /Users/namyoung/Desktop/myprj/airflow/airflow/lib/python3.7/site-packages/airflow/example_dags/tutorial_etl_dag.py
[2023-10-14 17:13:57,970] {processor.py:642} INFO - Processing file /Users/namyoung/Desktop/myprj/airflow/airflow/lib/python3.7/site-packages/airflow/example_dags/tutorial_etl_dag.py for tasks to queue
[2023-10-14 17:13:57,971] {logging_mixin.py:109} INFO - [2023-10-14 17:13:57,971] {dagbag.py:500} INFO - Filling up the DagBag from /Users/namyoung/Desktop/myprj/airflow/airflow/lib/python3.7/site-packages/airflow/example_dags/tutorial_etl_dag.py
[2023-10-14 17:13:57,983] {processor.py:654} INFO - DAG(s) dict_keys(['tutorial_etl_dag']) retrieved from /Users/namyoung/Desktop/myprj/airflow/airflow/lib/python3.7/site-packages/airflow/example_dags/tutorial_etl_dag.py
[2023-10-14 17:13:57,988] {logging_mixin.py:109} INFO - [2023-10-14 17:13:57,988] {dag.py:2396} INFO - Sync 1 DAGs
[2023-10-14 17:13:57,995] {logging_mixin.py:109} INFO - [2023-10-14 17:13:57,995] {dag.py:2935} INFO - Setting next_dagrun for tutorial_etl_dag to None
[2023-10-14 17:13:58,002] {processor.py:171} INFO - Processing /Users/namyoung/Desktop/myprj/airflow/airflow/lib/python3.7/site-packages/airflow/example_dags/tutorial_etl_dag.py took 0.034 seconds
[2023-10-14 18:16:42,283] {processor.py:163} INFO - Started process (PID=24343) to work on /Users/namyoung/Desktop/myprj/airflow/airflow/lib/python3.7/site-packages/airflow/example_dags/tutorial_etl_dag.py
[2023-10-14 18:16:42,285] {processor.py:642} INFO - Processing file /Users/namyoung/Desktop/myprj/airflow/airflow/lib/python3.7/site-packages/airflow/example_dags/tutorial_etl_dag.py for tasks to queue
[2023-10-14 18:16:42,286] {logging_mixin.py:109} INFO - [2023-10-14 18:16:42,285] {dagbag.py:500} INFO - Filling up the DagBag from /Users/namyoung/Desktop/myprj/airflow/airflow/lib/python3.7/site-packages/airflow/example_dags/tutorial_etl_dag.py
[2023-10-14 18:16:42,312] {processor.py:654} INFO - DAG(s) dict_keys(['tutorial_etl_dag']) retrieved from /Users/namyoung/Desktop/myprj/airflow/airflow/lib/python3.7/site-packages/airflow/example_dags/tutorial_etl_dag.py
[2023-10-14 18:16:42,322] {logging_mixin.py:109} INFO - [2023-10-14 18:16:42,322] {dag.py:2396} INFO - Sync 1 DAGs
[2023-10-14 18:16:42,331] {logging_mixin.py:109} INFO - [2023-10-14 18:16:42,331] {dag.py:2935} INFO - Setting next_dagrun for tutorial_etl_dag to None
[2023-10-14 18:16:42,336] {processor.py:171} INFO - Processing /Users/namyoung/Desktop/myprj/airflow/airflow/lib/python3.7/site-packages/airflow/example_dags/tutorial_etl_dag.py took 0.059 seconds
[2023-10-14 19:54:13,606] {processor.py:163} INFO - Started process (PID=24588) to work on /Users/namyoung/Desktop/myprj/airflow/airflow/lib/python3.7/site-packages/airflow/example_dags/tutorial_etl_dag.py
[2023-10-14 19:54:13,607] {processor.py:642} INFO - Processing file /Users/namyoung/Desktop/myprj/airflow/airflow/lib/python3.7/site-packages/airflow/example_dags/tutorial_etl_dag.py for tasks to queue
[2023-10-14 19:54:13,608] {logging_mixin.py:109} INFO - [2023-10-14 19:54:13,608] {dagbag.py:500} INFO - Filling up the DagBag from /Users/namyoung/Desktop/myprj/airflow/airflow/lib/python3.7/site-packages/airflow/example_dags/tutorial_etl_dag.py
[2023-10-14 19:54:13,621] {processor.py:654} INFO - DAG(s) dict_keys(['tutorial_etl_dag']) retrieved from /Users/namyoung/Desktop/myprj/airflow/airflow/lib/python3.7/site-packages/airflow/example_dags/tutorial_etl_dag.py
[2023-10-14 19:54:13,627] {logging_mixin.py:109} INFO - [2023-10-14 19:54:13,627] {dag.py:2396} INFO - Sync 1 DAGs
[2023-10-14 19:54:13,635] {logging_mixin.py:109} INFO - [2023-10-14 19:54:13,635] {dag.py:2935} INFO - Setting next_dagrun for tutorial_etl_dag to None
[2023-10-14 19:54:13,641] {processor.py:171} INFO - Processing /Users/namyoung/Desktop/myprj/airflow/airflow/lib/python3.7/site-packages/airflow/example_dags/tutorial_etl_dag.py took 0.037 seconds
[2023-10-14 21:36:33,984] {processor.py:163} INFO - Started process (PID=24752) to work on /Users/namyoung/Desktop/myprj/airflow/airflow/lib/python3.7/site-packages/airflow/example_dags/tutorial_etl_dag.py
[2023-10-14 21:36:33,985] {processor.py:642} INFO - Processing file /Users/namyoung/Desktop/myprj/airflow/airflow/lib/python3.7/site-packages/airflow/example_dags/tutorial_etl_dag.py for tasks to queue
[2023-10-14 21:36:33,985] {logging_mixin.py:109} INFO - [2023-10-14 21:36:33,985] {dagbag.py:500} INFO - Filling up the DagBag from /Users/namyoung/Desktop/myprj/airflow/airflow/lib/python3.7/site-packages/airflow/example_dags/tutorial_etl_dag.py
[2023-10-14 21:36:33,998] {processor.py:654} INFO - DAG(s) dict_keys(['tutorial_etl_dag']) retrieved from /Users/namyoung/Desktop/myprj/airflow/airflow/lib/python3.7/site-packages/airflow/example_dags/tutorial_etl_dag.py
[2023-10-14 21:36:34,004] {logging_mixin.py:109} INFO - [2023-10-14 21:36:34,003] {dag.py:2396} INFO - Sync 1 DAGs
[2023-10-14 21:36:34,010] {logging_mixin.py:109} INFO - [2023-10-14 21:36:34,010] {dag.py:2935} INFO - Setting next_dagrun for tutorial_etl_dag to None
[2023-10-14 21:36:34,016] {processor.py:171} INFO - Processing /Users/namyoung/Desktop/myprj/airflow/airflow/lib/python3.7/site-packages/airflow/example_dags/tutorial_etl_dag.py took 0.034 seconds
[2023-10-14 23:12:16,962] {processor.py:163} INFO - Started process (PID=25020) to work on /Users/namyoung/Desktop/myprj/airflow/airflow/lib/python3.7/site-packages/airflow/example_dags/tutorial_etl_dag.py
[2023-10-14 23:12:16,963] {processor.py:642} INFO - Processing file /Users/namyoung/Desktop/myprj/airflow/airflow/lib/python3.7/site-packages/airflow/example_dags/tutorial_etl_dag.py for tasks to queue
[2023-10-14 23:12:16,963] {logging_mixin.py:109} INFO - [2023-10-14 23:12:16,963] {dagbag.py:500} INFO - Filling up the DagBag from /Users/namyoung/Desktop/myprj/airflow/airflow/lib/python3.7/site-packages/airflow/example_dags/tutorial_etl_dag.py
[2023-10-14 23:12:16,975] {processor.py:654} INFO - DAG(s) dict_keys(['tutorial_etl_dag']) retrieved from /Users/namyoung/Desktop/myprj/airflow/airflow/lib/python3.7/site-packages/airflow/example_dags/tutorial_etl_dag.py
[2023-10-14 23:12:16,983] {logging_mixin.py:109} INFO - [2023-10-14 23:12:16,983] {dag.py:2396} INFO - Sync 1 DAGs
[2023-10-14 23:12:16,990] {logging_mixin.py:109} INFO - [2023-10-14 23:12:16,990] {dag.py:2935} INFO - Setting next_dagrun for tutorial_etl_dag to None
[2023-10-14 23:12:16,995] {processor.py:171} INFO - Processing /Users/namyoung/Desktop/myprj/airflow/airflow/lib/python3.7/site-packages/airflow/example_dags/tutorial_etl_dag.py took 0.035 seconds
[2023-10-15 00:51:59,828] {processor.py:163} INFO - Started process (PID=25175) to work on /Users/namyoung/Desktop/myprj/airflow/airflow/lib/python3.7/site-packages/airflow/example_dags/tutorial_etl_dag.py
[2023-10-15 00:51:59,829] {processor.py:642} INFO - Processing file /Users/namyoung/Desktop/myprj/airflow/airflow/lib/python3.7/site-packages/airflow/example_dags/tutorial_etl_dag.py for tasks to queue
[2023-10-15 00:51:59,830] {logging_mixin.py:109} INFO - [2023-10-15 00:51:59,829] {dagbag.py:500} INFO - Filling up the DagBag from /Users/namyoung/Desktop/myprj/airflow/airflow/lib/python3.7/site-packages/airflow/example_dags/tutorial_etl_dag.py
[2023-10-15 00:51:59,842] {processor.py:654} INFO - DAG(s) dict_keys(['tutorial_etl_dag']) retrieved from /Users/namyoung/Desktop/myprj/airflow/airflow/lib/python3.7/site-packages/airflow/example_dags/tutorial_etl_dag.py
[2023-10-15 00:51:59,847] {logging_mixin.py:109} INFO - [2023-10-15 00:51:59,847] {dag.py:2396} INFO - Sync 1 DAGs
[2023-10-15 00:51:59,854] {logging_mixin.py:109} INFO - [2023-10-15 00:51:59,854] {dag.py:2935} INFO - Setting next_dagrun for tutorial_etl_dag to None
[2023-10-15 00:51:59,860] {processor.py:171} INFO - Processing /Users/namyoung/Desktop/myprj/airflow/airflow/lib/python3.7/site-packages/airflow/example_dags/tutorial_etl_dag.py took 0.034 seconds
[2023-10-15 02:04:01,610] {processor.py:163} INFO - Started process (PID=25425) to work on /Users/namyoung/Desktop/myprj/airflow/airflow/lib/python3.7/site-packages/airflow/example_dags/tutorial_etl_dag.py
[2023-10-15 02:04:01,611] {processor.py:642} INFO - Processing file /Users/namyoung/Desktop/myprj/airflow/airflow/lib/python3.7/site-packages/airflow/example_dags/tutorial_etl_dag.py for tasks to queue
[2023-10-15 02:04:01,611] {logging_mixin.py:109} INFO - [2023-10-15 02:04:01,611] {dagbag.py:500} INFO - Filling up the DagBag from /Users/namyoung/Desktop/myprj/airflow/airflow/lib/python3.7/site-packages/airflow/example_dags/tutorial_etl_dag.py
[2023-10-15 02:04:01,624] {processor.py:654} INFO - DAG(s) dict_keys(['tutorial_etl_dag']) retrieved from /Users/namyoung/Desktop/myprj/airflow/airflow/lib/python3.7/site-packages/airflow/example_dags/tutorial_etl_dag.py
[2023-10-15 02:19:40,466] {logging_mixin.py:109} INFO - [2023-10-15 02:19:40,465] {dag.py:2396} INFO - Sync 1 DAGs
[2023-10-15 02:19:40,489] {logging_mixin.py:109} INFO - [2023-10-15 02:19:40,488] {dag.py:2935} INFO - Setting next_dagrun for tutorial_etl_dag to None
[2023-10-15 02:19:40,590] {processor.py:171} INFO - Processing /Users/namyoung/Desktop/myprj/airflow/airflow/lib/python3.7/site-packages/airflow/example_dags/tutorial_etl_dag.py took 0.358 seconds
[2023-10-15 03:56:56,833] {processor.py:163} INFO - Started process (PID=25575) to work on /Users/namyoung/Desktop/myprj/airflow/airflow/lib/python3.7/site-packages/airflow/example_dags/tutorial_etl_dag.py
[2023-10-15 03:56:56,833] {processor.py:642} INFO - Processing file /Users/namyoung/Desktop/myprj/airflow/airflow/lib/python3.7/site-packages/airflow/example_dags/tutorial_etl_dag.py for tasks to queue
[2023-10-15 03:56:56,834] {logging_mixin.py:109} INFO - [2023-10-15 03:56:56,834] {dagbag.py:500} INFO - Filling up the DagBag from /Users/namyoung/Desktop/myprj/airflow/airflow/lib/python3.7/site-packages/airflow/example_dags/tutorial_etl_dag.py
[2023-10-15 03:56:56,847] {processor.py:654} INFO - DAG(s) dict_keys(['tutorial_etl_dag']) retrieved from /Users/namyoung/Desktop/myprj/airflow/airflow/lib/python3.7/site-packages/airflow/example_dags/tutorial_etl_dag.py
[2023-10-15 03:56:56,853] {logging_mixin.py:109} INFO - [2023-10-15 03:56:56,853] {dag.py:2396} INFO - Sync 1 DAGs
[2023-10-15 03:56:56,861] {logging_mixin.py:109} INFO - [2023-10-15 03:56:56,861] {dag.py:2935} INFO - Setting next_dagrun for tutorial_etl_dag to None
[2023-10-15 03:56:56,869] {processor.py:171} INFO - Processing /Users/namyoung/Desktop/myprj/airflow/airflow/lib/python3.7/site-packages/airflow/example_dags/tutorial_etl_dag.py took 0.039 seconds
[2023-10-15 05:36:42,555] {processor.py:163} INFO - Started process (PID=25846) to work on /Users/namyoung/Desktop/myprj/airflow/airflow/lib/python3.7/site-packages/airflow/example_dags/tutorial_etl_dag.py
[2023-10-15 05:36:42,556] {processor.py:642} INFO - Processing file /Users/namyoung/Desktop/myprj/airflow/airflow/lib/python3.7/site-packages/airflow/example_dags/tutorial_etl_dag.py for tasks to queue
[2023-10-15 05:36:42,556] {logging_mixin.py:109} INFO - [2023-10-15 05:36:42,556] {dagbag.py:500} INFO - Filling up the DagBag from /Users/namyoung/Desktop/myprj/airflow/airflow/lib/python3.7/site-packages/airflow/example_dags/tutorial_etl_dag.py
[2023-10-15 05:36:42,568] {processor.py:654} INFO - DAG(s) dict_keys(['tutorial_etl_dag']) retrieved from /Users/namyoung/Desktop/myprj/airflow/airflow/lib/python3.7/site-packages/airflow/example_dags/tutorial_etl_dag.py
[2023-10-15 05:36:42,574] {logging_mixin.py:109} INFO - [2023-10-15 05:36:42,574] {dag.py:2396} INFO - Sync 1 DAGs
[2023-10-15 05:36:42,581] {logging_mixin.py:109} INFO - [2023-10-15 05:36:42,581] {dag.py:2935} INFO - Setting next_dagrun for tutorial_etl_dag to None
[2023-10-15 05:36:42,589] {processor.py:171} INFO - Processing /Users/namyoung/Desktop/myprj/airflow/airflow/lib/python3.7/site-packages/airflow/example_dags/tutorial_etl_dag.py took 0.036 seconds
[2023-10-15 07:17:16,113] {processor.py:163} INFO - Started process (PID=26107) to work on /Users/namyoung/Desktop/myprj/airflow/airflow/lib/python3.7/site-packages/airflow/example_dags/tutorial_etl_dag.py
[2023-10-15 07:17:16,115] {processor.py:642} INFO - Processing file /Users/namyoung/Desktop/myprj/airflow/airflow/lib/python3.7/site-packages/airflow/example_dags/tutorial_etl_dag.py for tasks to queue
[2023-10-15 07:17:16,116] {logging_mixin.py:109} INFO - [2023-10-15 07:17:16,116] {dagbag.py:500} INFO - Filling up the DagBag from /Users/namyoung/Desktop/myprj/airflow/airflow/lib/python3.7/site-packages/airflow/example_dags/tutorial_etl_dag.py
[2023-10-15 07:17:16,142] {processor.py:654} INFO - DAG(s) dict_keys(['tutorial_etl_dag']) retrieved from /Users/namyoung/Desktop/myprj/airflow/airflow/lib/python3.7/site-packages/airflow/example_dags/tutorial_etl_dag.py
[2023-10-15 07:17:16,149] {logging_mixin.py:109} INFO - [2023-10-15 07:17:16,149] {dag.py:2396} INFO - Sync 1 DAGs
[2023-10-15 07:17:16,157] {logging_mixin.py:109} INFO - [2023-10-15 07:17:16,157] {dag.py:2935} INFO - Setting next_dagrun for tutorial_etl_dag to None
[2023-10-15 07:17:16,163] {processor.py:171} INFO - Processing /Users/namyoung/Desktop/myprj/airflow/airflow/lib/python3.7/site-packages/airflow/example_dags/tutorial_etl_dag.py took 0.056 seconds
[2023-10-15 08:55:05,879] {processor.py:163} INFO - Started process (PID=26287) to work on /Users/namyoung/Desktop/myprj/airflow/airflow/lib/python3.7/site-packages/airflow/example_dags/tutorial_etl_dag.py
[2023-10-15 08:55:05,880] {processor.py:642} INFO - Processing file /Users/namyoung/Desktop/myprj/airflow/airflow/lib/python3.7/site-packages/airflow/example_dags/tutorial_etl_dag.py for tasks to queue
[2023-10-15 08:55:05,880] {logging_mixin.py:109} INFO - [2023-10-15 08:55:05,880] {dagbag.py:500} INFO - Filling up the DagBag from /Users/namyoung/Desktop/myprj/airflow/airflow/lib/python3.7/site-packages/airflow/example_dags/tutorial_etl_dag.py
[2023-10-15 08:55:05,892] {processor.py:654} INFO - DAG(s) dict_keys(['tutorial_etl_dag']) retrieved from /Users/namyoung/Desktop/myprj/airflow/airflow/lib/python3.7/site-packages/airflow/example_dags/tutorial_etl_dag.py
[2023-10-15 08:55:05,898] {logging_mixin.py:109} INFO - [2023-10-15 08:55:05,898] {dag.py:2396} INFO - Sync 1 DAGs
[2023-10-15 08:55:05,905] {logging_mixin.py:109} INFO - [2023-10-15 08:55:05,905] {dag.py:2935} INFO - Setting next_dagrun for tutorial_etl_dag to None
[2023-10-15 08:55:05,911] {processor.py:171} INFO - Processing /Users/namyoung/Desktop/myprj/airflow/airflow/lib/python3.7/site-packages/airflow/example_dags/tutorial_etl_dag.py took 0.034 seconds
