[2023-10-14 10:44:35,735] {processor.py:163} INFO - Started process (PID=23400) to work on /Users/namyoung/Desktop/myprj/airflow/airflow/lib/python3.7/site-packages/airflow/example_dags/tutorial_taskflow_api_etl_virtualenv.py
[2023-10-14 10:44:35,736] {processor.py:642} INFO - Processing file /Users/namyoung/Desktop/myprj/airflow/airflow/lib/python3.7/site-packages/airflow/example_dags/tutorial_taskflow_api_etl_virtualenv.py for tasks to queue
[2023-10-14 10:44:35,737] {logging_mixin.py:109} INFO - [2023-10-14 10:44:35,737] {dagbag.py:500} INFO - Filling up the DagBag from /Users/namyoung/Desktop/myprj/airflow/airflow/lib/python3.7/site-packages/airflow/example_dags/tutorial_taskflow_api_etl_virtualenv.py
[2023-10-14 10:44:35,757] {processor.py:654} INFO - DAG(s) dict_keys(['tutorial_taskflow_api_etl_virtualenv']) retrieved from /Users/namyoung/Desktop/myprj/airflow/airflow/lib/python3.7/site-packages/airflow/example_dags/tutorial_taskflow_api_etl_virtualenv.py
[2023-10-14 10:44:35,902] {logging_mixin.py:109} INFO - [2023-10-14 10:44:35,902] {dag.py:2396} INFO - Sync 1 DAGs
[2023-10-14 10:44:35,909] {logging_mixin.py:109} INFO - [2023-10-14 10:44:35,909] {dag.py:2935} INFO - Setting next_dagrun for tutorial_taskflow_api_etl_virtualenv to None
[2023-10-14 10:44:35,915] {processor.py:171} INFO - Processing /Users/namyoung/Desktop/myprj/airflow/airflow/lib/python3.7/site-packages/airflow/example_dags/tutorial_taskflow_api_etl_virtualenv.py took 0.184 seconds
[2023-10-14 12:06:03,389] {processor.py:163} INFO - Started process (PID=23665) to work on /Users/namyoung/Desktop/myprj/airflow/airflow/lib/python3.7/site-packages/airflow/example_dags/tutorial_taskflow_api_etl_virtualenv.py
[2023-10-14 12:06:03,391] {processor.py:642} INFO - Processing file /Users/namyoung/Desktop/myprj/airflow/airflow/lib/python3.7/site-packages/airflow/example_dags/tutorial_taskflow_api_etl_virtualenv.py for tasks to queue
[2023-10-14 12:06:03,393] {logging_mixin.py:109} INFO - [2023-10-14 12:06:03,392] {dagbag.py:500} INFO - Filling up the DagBag from /Users/namyoung/Desktop/myprj/airflow/airflow/lib/python3.7/site-packages/airflow/example_dags/tutorial_taskflow_api_etl_virtualenv.py
[2023-10-14 12:06:03,423] {processor.py:654} INFO - DAG(s) dict_keys(['tutorial_taskflow_api_etl_virtualenv']) retrieved from /Users/namyoung/Desktop/myprj/airflow/airflow/lib/python3.7/site-packages/airflow/example_dags/tutorial_taskflow_api_etl_virtualenv.py
[2023-10-14 12:06:03,551] {logging_mixin.py:109} INFO - [2023-10-14 12:06:03,551] {dag.py:2396} INFO - Sync 1 DAGs
[2023-10-14 12:06:03,557] {logging_mixin.py:109} INFO - [2023-10-14 12:06:03,557] {dag.py:2935} INFO - Setting next_dagrun for tutorial_taskflow_api_etl_virtualenv to None
[2023-10-14 12:06:03,563] {processor.py:171} INFO - Processing /Users/namyoung/Desktop/myprj/airflow/airflow/lib/python3.7/site-packages/airflow/example_dags/tutorial_taskflow_api_etl_virtualenv.py took 0.179 seconds
[2023-10-14 13:40:38,379] {processor.py:163} INFO - Started process (PID=23797) to work on /Users/namyoung/Desktop/myprj/airflow/airflow/lib/python3.7/site-packages/airflow/example_dags/tutorial_taskflow_api_etl_virtualenv.py
[2023-10-14 13:40:38,381] {processor.py:642} INFO - Processing file /Users/namyoung/Desktop/myprj/airflow/airflow/lib/python3.7/site-packages/airflow/example_dags/tutorial_taskflow_api_etl_virtualenv.py for tasks to queue
[2023-10-14 13:40:38,382] {logging_mixin.py:109} INFO - [2023-10-14 13:40:38,382] {dagbag.py:500} INFO - Filling up the DagBag from /Users/namyoung/Desktop/myprj/airflow/airflow/lib/python3.7/site-packages/airflow/example_dags/tutorial_taskflow_api_etl_virtualenv.py
[2023-10-14 13:40:38,411] {processor.py:654} INFO - DAG(s) dict_keys(['tutorial_taskflow_api_etl_virtualenv']) retrieved from /Users/namyoung/Desktop/myprj/airflow/airflow/lib/python3.7/site-packages/airflow/example_dags/tutorial_taskflow_api_etl_virtualenv.py
[2023-10-14 13:40:38,419] {logging_mixin.py:109} INFO - [2023-10-14 13:40:38,419] {dag.py:2396} INFO - Sync 1 DAGs
[2023-10-14 13:40:38,428] {logging_mixin.py:109} INFO - [2023-10-14 13:40:38,427] {dag.py:2935} INFO - Setting next_dagrun for tutorial_taskflow_api_etl_virtualenv to None
[2023-10-14 13:40:38,433] {processor.py:171} INFO - Processing /Users/namyoung/Desktop/myprj/airflow/airflow/lib/python3.7/site-packages/airflow/example_dags/tutorial_taskflow_api_etl_virtualenv.py took 0.060 seconds
[2023-10-14 15:18:11,266] {processor.py:163} INFO - Started process (PID=24054) to work on /Users/namyoung/Desktop/myprj/airflow/airflow/lib/python3.7/site-packages/airflow/example_dags/tutorial_taskflow_api_etl_virtualenv.py
[2023-10-14 15:18:11,269] {processor.py:642} INFO - Processing file /Users/namyoung/Desktop/myprj/airflow/airflow/lib/python3.7/site-packages/airflow/example_dags/tutorial_taskflow_api_etl_virtualenv.py for tasks to queue
[2023-10-14 15:18:11,270] {logging_mixin.py:109} INFO - [2023-10-14 15:18:11,270] {dagbag.py:500} INFO - Filling up the DagBag from /Users/namyoung/Desktop/myprj/airflow/airflow/lib/python3.7/site-packages/airflow/example_dags/tutorial_taskflow_api_etl_virtualenv.py
[2023-10-14 15:18:11,301] {processor.py:654} INFO - DAG(s) dict_keys(['tutorial_taskflow_api_etl_virtualenv']) retrieved from /Users/namyoung/Desktop/myprj/airflow/airflow/lib/python3.7/site-packages/airflow/example_dags/tutorial_taskflow_api_etl_virtualenv.py
[2023-10-14 15:18:11,309] {logging_mixin.py:109} INFO - [2023-10-14 15:18:11,309] {dag.py:2396} INFO - Sync 1 DAGs
[2023-10-14 15:18:11,317] {logging_mixin.py:109} INFO - [2023-10-14 15:18:11,316] {dag.py:2935} INFO - Setting next_dagrun for tutorial_taskflow_api_etl_virtualenv to None
[2023-10-14 15:18:11,322] {processor.py:171} INFO - Processing /Users/namyoung/Desktop/myprj/airflow/airflow/lib/python3.7/site-packages/airflow/example_dags/tutorial_taskflow_api_etl_virtualenv.py took 0.062 seconds
[2023-10-14 16:55:59,277] {processor.py:163} INFO - Started process (PID=24202) to work on /Users/namyoung/Desktop/myprj/airflow/airflow/lib/python3.7/site-packages/airflow/example_dags/tutorial_taskflow_api_etl_virtualenv.py
[2023-10-14 16:55:59,279] {processor.py:642} INFO - Processing file /Users/namyoung/Desktop/myprj/airflow/airflow/lib/python3.7/site-packages/airflow/example_dags/tutorial_taskflow_api_etl_virtualenv.py for tasks to queue
[2023-10-14 16:55:59,280] {logging_mixin.py:109} INFO - [2023-10-14 16:55:59,280] {dagbag.py:500} INFO - Filling up the DagBag from /Users/namyoung/Desktop/myprj/airflow/airflow/lib/python3.7/site-packages/airflow/example_dags/tutorial_taskflow_api_etl_virtualenv.py
[2023-10-14 16:55:59,309] {processor.py:654} INFO - DAG(s) dict_keys(['tutorial_taskflow_api_etl_virtualenv']) retrieved from /Users/namyoung/Desktop/myprj/airflow/airflow/lib/python3.7/site-packages/airflow/example_dags/tutorial_taskflow_api_etl_virtualenv.py
[2023-10-14 16:55:59,317] {logging_mixin.py:109} INFO - [2023-10-14 16:55:59,317] {dag.py:2396} INFO - Sync 1 DAGs
[2023-10-14 16:55:59,324] {logging_mixin.py:109} INFO - [2023-10-14 16:55:59,324] {dag.py:2935} INFO - Setting next_dagrun for tutorial_taskflow_api_etl_virtualenv to None
[2023-10-14 16:55:59,329] {processor.py:171} INFO - Processing /Users/namyoung/Desktop/myprj/airflow/airflow/lib/python3.7/site-packages/airflow/example_dags/tutorial_taskflow_api_etl_virtualenv.py took 0.059 seconds
[2023-10-14 18:16:40,543] {processor.py:163} INFO - Started process (PID=24340) to work on /Users/namyoung/Desktop/myprj/airflow/airflow/lib/python3.7/site-packages/airflow/example_dags/tutorial_taskflow_api_etl_virtualenv.py
[2023-10-14 18:16:40,544] {processor.py:642} INFO - Processing file /Users/namyoung/Desktop/myprj/airflow/airflow/lib/python3.7/site-packages/airflow/example_dags/tutorial_taskflow_api_etl_virtualenv.py for tasks to queue
[2023-10-14 18:16:40,545] {logging_mixin.py:109} INFO - [2023-10-14 18:16:40,545] {dagbag.py:500} INFO - Filling up the DagBag from /Users/namyoung/Desktop/myprj/airflow/airflow/lib/python3.7/site-packages/airflow/example_dags/tutorial_taskflow_api_etl_virtualenv.py
[2023-10-14 18:16:40,559] {processor.py:654} INFO - DAG(s) dict_keys(['tutorial_taskflow_api_etl_virtualenv']) retrieved from /Users/namyoung/Desktop/myprj/airflow/airflow/lib/python3.7/site-packages/airflow/example_dags/tutorial_taskflow_api_etl_virtualenv.py
[2023-10-14 18:16:40,685] {logging_mixin.py:109} INFO - [2023-10-14 18:16:40,685] {dag.py:2396} INFO - Sync 1 DAGs
[2023-10-14 18:16:40,691] {logging_mixin.py:109} INFO - [2023-10-14 18:16:40,691] {dag.py:2935} INFO - Setting next_dagrun for tutorial_taskflow_api_etl_virtualenv to None
[2023-10-14 18:16:40,697] {processor.py:171} INFO - Processing /Users/namyoung/Desktop/myprj/airflow/airflow/lib/python3.7/site-packages/airflow/example_dags/tutorial_taskflow_api_etl_virtualenv.py took 0.156 seconds
[2023-10-14 19:38:52,433] {processor.py:163} INFO - Started process (PID=24585) to work on /Users/namyoung/Desktop/myprj/airflow/airflow/lib/python3.7/site-packages/airflow/example_dags/tutorial_taskflow_api_etl_virtualenv.py
[2023-10-14 19:38:52,435] {processor.py:642} INFO - Processing file /Users/namyoung/Desktop/myprj/airflow/airflow/lib/python3.7/site-packages/airflow/example_dags/tutorial_taskflow_api_etl_virtualenv.py for tasks to queue
[2023-10-14 19:38:52,436] {logging_mixin.py:109} INFO - [2023-10-14 19:38:52,436] {dagbag.py:500} INFO - Filling up the DagBag from /Users/namyoung/Desktop/myprj/airflow/airflow/lib/python3.7/site-packages/airflow/example_dags/tutorial_taskflow_api_etl_virtualenv.py
[2023-10-14 19:38:52,465] {processor.py:654} INFO - DAG(s) dict_keys(['tutorial_taskflow_api_etl_virtualenv']) retrieved from /Users/namyoung/Desktop/myprj/airflow/airflow/lib/python3.7/site-packages/airflow/example_dags/tutorial_taskflow_api_etl_virtualenv.py
[2023-10-14 19:38:52,592] {logging_mixin.py:109} INFO - [2023-10-14 19:38:52,592] {dag.py:2396} INFO - Sync 1 DAGs
[2023-10-14 19:38:52,598] {logging_mixin.py:109} INFO - [2023-10-14 19:38:52,598] {dag.py:2935} INFO - Setting next_dagrun for tutorial_taskflow_api_etl_virtualenv to None
[2023-10-14 19:38:52,604] {processor.py:171} INFO - Processing /Users/namyoung/Desktop/myprj/airflow/airflow/lib/python3.7/site-packages/airflow/example_dags/tutorial_taskflow_api_etl_virtualenv.py took 0.176 seconds
[2023-10-14 21:20:34,009] {processor.py:163} INFO - Started process (PID=24731) to work on /Users/namyoung/Desktop/myprj/airflow/airflow/lib/python3.7/site-packages/airflow/example_dags/tutorial_taskflow_api_etl_virtualenv.py
[2023-10-14 21:20:34,011] {processor.py:642} INFO - Processing file /Users/namyoung/Desktop/myprj/airflow/airflow/lib/python3.7/site-packages/airflow/example_dags/tutorial_taskflow_api_etl_virtualenv.py for tasks to queue
[2023-10-14 21:20:34,012] {logging_mixin.py:109} INFO - [2023-10-14 21:20:34,012] {dagbag.py:500} INFO - Filling up the DagBag from /Users/namyoung/Desktop/myprj/airflow/airflow/lib/python3.7/site-packages/airflow/example_dags/tutorial_taskflow_api_etl_virtualenv.py
[2023-10-14 21:20:34,041] {processor.py:654} INFO - DAG(s) dict_keys(['tutorial_taskflow_api_etl_virtualenv']) retrieved from /Users/namyoung/Desktop/myprj/airflow/airflow/lib/python3.7/site-packages/airflow/example_dags/tutorial_taskflow_api_etl_virtualenv.py
[2023-10-14 21:20:34,179] {logging_mixin.py:109} INFO - [2023-10-14 21:20:34,179] {dag.py:2396} INFO - Sync 1 DAGs
[2023-10-14 21:20:34,185] {logging_mixin.py:109} INFO - [2023-10-14 21:20:34,185] {dag.py:2935} INFO - Setting next_dagrun for tutorial_taskflow_api_etl_virtualenv to None
[2023-10-14 21:20:34,191] {processor.py:171} INFO - Processing /Users/namyoung/Desktop/myprj/airflow/airflow/lib/python3.7/site-packages/airflow/example_dags/tutorial_taskflow_api_etl_virtualenv.py took 0.188 seconds
[2023-10-14 22:56:14,279] {processor.py:163} INFO - Started process (PID=24997) to work on /Users/namyoung/Desktop/myprj/airflow/airflow/lib/python3.7/site-packages/airflow/example_dags/tutorial_taskflow_api_etl_virtualenv.py
[2023-10-14 22:56:14,281] {processor.py:642} INFO - Processing file /Users/namyoung/Desktop/myprj/airflow/airflow/lib/python3.7/site-packages/airflow/example_dags/tutorial_taskflow_api_etl_virtualenv.py for tasks to queue
[2023-10-14 22:56:14,282] {logging_mixin.py:109} INFO - [2023-10-14 22:56:14,282] {dagbag.py:500} INFO - Filling up the DagBag from /Users/namyoung/Desktop/myprj/airflow/airflow/lib/python3.7/site-packages/airflow/example_dags/tutorial_taskflow_api_etl_virtualenv.py
[2023-10-14 22:56:14,300] {processor.py:654} INFO - DAG(s) dict_keys(['tutorial_taskflow_api_etl_virtualenv']) retrieved from /Users/namyoung/Desktop/myprj/airflow/airflow/lib/python3.7/site-packages/airflow/example_dags/tutorial_taskflow_api_etl_virtualenv.py
[2023-10-14 22:56:14,429] {logging_mixin.py:109} INFO - [2023-10-14 22:56:14,428] {dag.py:2396} INFO - Sync 1 DAGs
[2023-10-14 22:56:14,435] {logging_mixin.py:109} INFO - [2023-10-14 22:56:14,435] {dag.py:2935} INFO - Setting next_dagrun for tutorial_taskflow_api_etl_virtualenv to None
[2023-10-14 22:56:14,441] {processor.py:171} INFO - Processing /Users/namyoung/Desktop/myprj/airflow/airflow/lib/python3.7/site-packages/airflow/example_dags/tutorial_taskflow_api_etl_virtualenv.py took 0.165 seconds
[2023-10-15 00:34:22,231] {processor.py:163} INFO - Started process (PID=25152) to work on /Users/namyoung/Desktop/myprj/airflow/airflow/lib/python3.7/site-packages/airflow/example_dags/tutorial_taskflow_api_etl_virtualenv.py
[2023-10-15 00:34:22,233] {processor.py:642} INFO - Processing file /Users/namyoung/Desktop/myprj/airflow/airflow/lib/python3.7/site-packages/airflow/example_dags/tutorial_taskflow_api_etl_virtualenv.py for tasks to queue
[2023-10-15 00:34:22,234] {logging_mixin.py:109} INFO - [2023-10-15 00:34:22,234] {dagbag.py:500} INFO - Filling up the DagBag from /Users/namyoung/Desktop/myprj/airflow/airflow/lib/python3.7/site-packages/airflow/example_dags/tutorial_taskflow_api_etl_virtualenv.py
[2023-10-15 00:34:22,262] {processor.py:654} INFO - DAG(s) dict_keys(['tutorial_taskflow_api_etl_virtualenv']) retrieved from /Users/namyoung/Desktop/myprj/airflow/airflow/lib/python3.7/site-packages/airflow/example_dags/tutorial_taskflow_api_etl_virtualenv.py
[2023-10-15 00:34:22,385] {logging_mixin.py:109} INFO - [2023-10-15 00:34:22,384] {dag.py:2396} INFO - Sync 1 DAGs
[2023-10-15 00:34:22,392] {logging_mixin.py:109} INFO - [2023-10-15 00:34:22,392] {dag.py:2935} INFO - Setting next_dagrun for tutorial_taskflow_api_etl_virtualenv to None
[2023-10-15 00:34:22,397] {processor.py:171} INFO - Processing /Users/namyoung/Desktop/myprj/airflow/airflow/lib/python3.7/site-packages/airflow/example_dags/tutorial_taskflow_api_etl_virtualenv.py took 0.172 seconds
[2023-10-15 02:03:59,093] {processor.py:163} INFO - Started process (PID=25419) to work on /Users/namyoung/Desktop/myprj/airflow/airflow/lib/python3.7/site-packages/airflow/example_dags/tutorial_taskflow_api_etl_virtualenv.py
[2023-10-15 02:03:59,095] {processor.py:642} INFO - Processing file /Users/namyoung/Desktop/myprj/airflow/airflow/lib/python3.7/site-packages/airflow/example_dags/tutorial_taskflow_api_etl_virtualenv.py for tasks to queue
[2023-10-15 02:03:59,096] {logging_mixin.py:109} INFO - [2023-10-15 02:03:59,096] {dagbag.py:500} INFO - Filling up the DagBag from /Users/namyoung/Desktop/myprj/airflow/airflow/lib/python3.7/site-packages/airflow/example_dags/tutorial_taskflow_api_etl_virtualenv.py
[2023-10-15 02:03:59,126] {processor.py:654} INFO - DAG(s) dict_keys(['tutorial_taskflow_api_etl_virtualenv']) retrieved from /Users/namyoung/Desktop/myprj/airflow/airflow/lib/python3.7/site-packages/airflow/example_dags/tutorial_taskflow_api_etl_virtualenv.py
[2023-10-15 02:03:59,259] {logging_mixin.py:109} INFO - [2023-10-15 02:03:59,258] {dag.py:2396} INFO - Sync 1 DAGs
[2023-10-15 02:03:59,265] {logging_mixin.py:109} INFO - [2023-10-15 02:03:59,265] {dag.py:2935} INFO - Setting next_dagrun for tutorial_taskflow_api_etl_virtualenv to None
[2023-10-15 02:03:59,270] {processor.py:171} INFO - Processing /Users/namyoung/Desktop/myprj/airflow/airflow/lib/python3.7/site-packages/airflow/example_dags/tutorial_taskflow_api_etl_virtualenv.py took 0.183 seconds
[2023-10-15 03:41:12,126] {processor.py:163} INFO - Started process (PID=25562) to work on /Users/namyoung/Desktop/myprj/airflow/airflow/lib/python3.7/site-packages/airflow/example_dags/tutorial_taskflow_api_etl_virtualenv.py
[2023-10-15 03:41:12,126] {processor.py:642} INFO - Processing file /Users/namyoung/Desktop/myprj/airflow/airflow/lib/python3.7/site-packages/airflow/example_dags/tutorial_taskflow_api_etl_virtualenv.py for tasks to queue
[2023-10-15 03:41:12,127] {logging_mixin.py:109} INFO - [2023-10-15 03:41:12,127] {dagbag.py:500} INFO - Filling up the DagBag from /Users/namyoung/Desktop/myprj/airflow/airflow/lib/python3.7/site-packages/airflow/example_dags/tutorial_taskflow_api_etl_virtualenv.py
[2023-10-15 03:41:12,141] {processor.py:654} INFO - DAG(s) dict_keys(['tutorial_taskflow_api_etl_virtualenv']) retrieved from /Users/namyoung/Desktop/myprj/airflow/airflow/lib/python3.7/site-packages/airflow/example_dags/tutorial_taskflow_api_etl_virtualenv.py
[2023-10-15 03:41:12,267] {logging_mixin.py:109} INFO - [2023-10-15 03:41:12,266] {dag.py:2396} INFO - Sync 1 DAGs
[2023-10-15 03:41:12,273] {logging_mixin.py:109} INFO - [2023-10-15 03:41:12,273] {dag.py:2935} INFO - Setting next_dagrun for tutorial_taskflow_api_etl_virtualenv to None
[2023-10-15 03:41:12,278] {processor.py:171} INFO - Processing /Users/namyoung/Desktop/myprj/airflow/airflow/lib/python3.7/site-packages/airflow/example_dags/tutorial_taskflow_api_etl_virtualenv.py took 0.155 seconds
[2023-10-15 05:21:30,030] {processor.py:163} INFO - Started process (PID=25829) to work on /Users/namyoung/Desktop/myprj/airflow/airflow/lib/python3.7/site-packages/airflow/example_dags/tutorial_taskflow_api_etl_virtualenv.py
[2023-10-15 05:21:30,031] {processor.py:642} INFO - Processing file /Users/namyoung/Desktop/myprj/airflow/airflow/lib/python3.7/site-packages/airflow/example_dags/tutorial_taskflow_api_etl_virtualenv.py for tasks to queue
[2023-10-15 05:21:30,032] {logging_mixin.py:109} INFO - [2023-10-15 05:21:30,032] {dagbag.py:500} INFO - Filling up the DagBag from /Users/namyoung/Desktop/myprj/airflow/airflow/lib/python3.7/site-packages/airflow/example_dags/tutorial_taskflow_api_etl_virtualenv.py
[2023-10-15 05:21:30,055] {processor.py:654} INFO - DAG(s) dict_keys(['tutorial_taskflow_api_etl_virtualenv']) retrieved from /Users/namyoung/Desktop/myprj/airflow/airflow/lib/python3.7/site-packages/airflow/example_dags/tutorial_taskflow_api_etl_virtualenv.py
[2023-10-15 05:21:30,174] {logging_mixin.py:109} INFO - [2023-10-15 05:21:30,174] {dag.py:2396} INFO - Sync 1 DAGs
[2023-10-15 05:21:30,180] {logging_mixin.py:109} INFO - [2023-10-15 05:21:30,180] {dag.py:2935} INFO - Setting next_dagrun for tutorial_taskflow_api_etl_virtualenv to None
[2023-10-15 05:21:30,186] {processor.py:171} INFO - Processing /Users/namyoung/Desktop/myprj/airflow/airflow/lib/python3.7/site-packages/airflow/example_dags/tutorial_taskflow_api_etl_virtualenv.py took 0.161 seconds
[2023-10-15 07:17:13,496] {processor.py:163} INFO - Started process (PID=26088) to work on /Users/namyoung/Desktop/myprj/airflow/airflow/lib/python3.7/site-packages/airflow/example_dags/tutorial_taskflow_api_etl_virtualenv.py
[2023-10-15 07:17:13,498] {processor.py:642} INFO - Processing file /Users/namyoung/Desktop/myprj/airflow/airflow/lib/python3.7/site-packages/airflow/example_dags/tutorial_taskflow_api_etl_virtualenv.py for tasks to queue
[2023-10-15 07:17:13,500] {logging_mixin.py:109} INFO - [2023-10-15 07:17:13,499] {dagbag.py:500} INFO - Filling up the DagBag from /Users/namyoung/Desktop/myprj/airflow/airflow/lib/python3.7/site-packages/airflow/example_dags/tutorial_taskflow_api_etl_virtualenv.py
[2023-10-15 07:17:13,528] {processor.py:654} INFO - DAG(s) dict_keys(['tutorial_taskflow_api_etl_virtualenv']) retrieved from /Users/namyoung/Desktop/myprj/airflow/airflow/lib/python3.7/site-packages/airflow/example_dags/tutorial_taskflow_api_etl_virtualenv.py
[2023-10-15 07:17:13,709] {logging_mixin.py:109} INFO - [2023-10-15 07:17:13,709] {dag.py:2396} INFO - Sync 1 DAGs
[2023-10-15 07:17:13,718] {logging_mixin.py:109} INFO - [2023-10-15 07:17:13,717] {dag.py:2935} INFO - Setting next_dagrun for tutorial_taskflow_api_etl_virtualenv to None
[2023-10-15 07:17:13,729] {processor.py:171} INFO - Processing /Users/namyoung/Desktop/myprj/airflow/airflow/lib/python3.7/site-packages/airflow/example_dags/tutorial_taskflow_api_etl_virtualenv.py took 0.239 seconds
[2023-10-15 08:39:37,626] {processor.py:163} INFO - Started process (PID=26267) to work on /Users/namyoung/Desktop/myprj/airflow/airflow/lib/python3.7/site-packages/airflow/example_dags/tutorial_taskflow_api_etl_virtualenv.py
[2023-10-15 08:39:37,627] {processor.py:642} INFO - Processing file /Users/namyoung/Desktop/myprj/airflow/airflow/lib/python3.7/site-packages/airflow/example_dags/tutorial_taskflow_api_etl_virtualenv.py for tasks to queue
[2023-10-15 08:39:37,628] {logging_mixin.py:109} INFO - [2023-10-15 08:39:37,627] {dagbag.py:500} INFO - Filling up the DagBag from /Users/namyoung/Desktop/myprj/airflow/airflow/lib/python3.7/site-packages/airflow/example_dags/tutorial_taskflow_api_etl_virtualenv.py
[2023-10-15 08:39:37,649] {processor.py:654} INFO - DAG(s) dict_keys(['tutorial_taskflow_api_etl_virtualenv']) retrieved from /Users/namyoung/Desktop/myprj/airflow/airflow/lib/python3.7/site-packages/airflow/example_dags/tutorial_taskflow_api_etl_virtualenv.py
[2023-10-15 08:55:03,503] {logging_mixin.py:109} INFO - [2023-10-15 08:55:03,502] {dag.py:2396} INFO - Sync 1 DAGs
[2023-10-15 08:55:03,509] {logging_mixin.py:109} INFO - [2023-10-15 08:55:03,509] {dag.py:2935} INFO - Setting next_dagrun for tutorial_taskflow_api_etl_virtualenv to None
[2023-10-15 08:55:03,516] {processor.py:171} INFO - Processing /Users/namyoung/Desktop/myprj/airflow/airflow/lib/python3.7/site-packages/airflow/example_dags/tutorial_taskflow_api_etl_virtualenv.py took 0.442 seconds
