[2023-10-14 10:44:36,095] {processor.py:163} INFO - Started process (PID=23402) to work on /Users/namyoung/Desktop/myprj/airflow/airflow/lib/python3.7/site-packages/airflow/example_dags/tutorial_taskflow_api_etl.py
[2023-10-14 10:44:36,097] {processor.py:642} INFO - Processing file /Users/namyoung/Desktop/myprj/airflow/airflow/lib/python3.7/site-packages/airflow/example_dags/tutorial_taskflow_api_etl.py for tasks to queue
[2023-10-14 10:44:36,098] {logging_mixin.py:109} INFO - [2023-10-14 10:44:36,098] {dagbag.py:500} INFO - Filling up the DagBag from /Users/namyoung/Desktop/myprj/airflow/airflow/lib/python3.7/site-packages/airflow/example_dags/tutorial_taskflow_api_etl.py
[2023-10-14 10:44:36,118] {processor.py:654} INFO - DAG(s) dict_keys(['tutorial_taskflow_api_etl']) retrieved from /Users/namyoung/Desktop/myprj/airflow/airflow/lib/python3.7/site-packages/airflow/example_dags/tutorial_taskflow_api_etl.py
[2023-10-14 10:44:36,125] {logging_mixin.py:109} INFO - [2023-10-14 10:44:36,125] {dag.py:2396} INFO - Sync 1 DAGs
[2023-10-14 10:44:36,133] {logging_mixin.py:109} INFO - [2023-10-14 10:44:36,133] {dag.py:2935} INFO - Setting next_dagrun for tutorial_taskflow_api_etl to None
[2023-10-14 10:44:36,139] {processor.py:171} INFO - Processing /Users/namyoung/Desktop/myprj/airflow/airflow/lib/python3.7/site-packages/airflow/example_dags/tutorial_taskflow_api_etl.py took 0.046 seconds
[2023-10-14 12:21:58,760] {processor.py:163} INFO - Started process (PID=23667) to work on /Users/namyoung/Desktop/myprj/airflow/airflow/lib/python3.7/site-packages/airflow/example_dags/tutorial_taskflow_api_etl.py
[2023-10-14 12:21:58,761] {processor.py:642} INFO - Processing file /Users/namyoung/Desktop/myprj/airflow/airflow/lib/python3.7/site-packages/airflow/example_dags/tutorial_taskflow_api_etl.py for tasks to queue
[2023-10-14 12:21:58,762] {logging_mixin.py:109} INFO - [2023-10-14 12:21:58,762] {dagbag.py:500} INFO - Filling up the DagBag from /Users/namyoung/Desktop/myprj/airflow/airflow/lib/python3.7/site-packages/airflow/example_dags/tutorial_taskflow_api_etl.py
[2023-10-14 12:21:58,787] {processor.py:654} INFO - DAG(s) dict_keys(['tutorial_taskflow_api_etl']) retrieved from /Users/namyoung/Desktop/myprj/airflow/airflow/lib/python3.7/site-packages/airflow/example_dags/tutorial_taskflow_api_etl.py
[2023-10-14 12:21:58,795] {logging_mixin.py:109} INFO - [2023-10-14 12:21:58,795] {dag.py:2396} INFO - Sync 1 DAGs
[2023-10-14 12:21:58,805] {logging_mixin.py:109} INFO - [2023-10-14 12:21:58,805] {dag.py:2935} INFO - Setting next_dagrun for tutorial_taskflow_api_etl to None
[2023-10-14 12:21:58,813] {processor.py:171} INFO - Processing /Users/namyoung/Desktop/myprj/airflow/airflow/lib/python3.7/site-packages/airflow/example_dags/tutorial_taskflow_api_etl.py took 0.056 seconds
[2023-10-14 13:56:37,682] {processor.py:163} INFO - Started process (PID=23803) to work on /Users/namyoung/Desktop/myprj/airflow/airflow/lib/python3.7/site-packages/airflow/example_dags/tutorial_taskflow_api_etl.py
[2023-10-14 13:56:37,684] {processor.py:642} INFO - Processing file /Users/namyoung/Desktop/myprj/airflow/airflow/lib/python3.7/site-packages/airflow/example_dags/tutorial_taskflow_api_etl.py for tasks to queue
[2023-10-14 13:56:37,685] {logging_mixin.py:109} INFO - [2023-10-14 13:56:37,685] {dagbag.py:500} INFO - Filling up the DagBag from /Users/namyoung/Desktop/myprj/airflow/airflow/lib/python3.7/site-packages/airflow/example_dags/tutorial_taskflow_api_etl.py
[2023-10-14 13:56:37,712] {processor.py:654} INFO - DAG(s) dict_keys(['tutorial_taskflow_api_etl']) retrieved from /Users/namyoung/Desktop/myprj/airflow/airflow/lib/python3.7/site-packages/airflow/example_dags/tutorial_taskflow_api_etl.py
[2023-10-14 13:56:37,720] {logging_mixin.py:109} INFO - [2023-10-14 13:56:37,720] {dag.py:2396} INFO - Sync 1 DAGs
[2023-10-14 13:56:37,730] {logging_mixin.py:109} INFO - [2023-10-14 13:56:37,730] {dag.py:2935} INFO - Setting next_dagrun for tutorial_taskflow_api_etl to None
[2023-10-14 13:56:37,742] {processor.py:171} INFO - Processing /Users/namyoung/Desktop/myprj/airflow/airflow/lib/python3.7/site-packages/airflow/example_dags/tutorial_taskflow_api_etl.py took 0.065 seconds
[2023-10-14 15:18:11,767] {processor.py:163} INFO - Started process (PID=24062) to work on /Users/namyoung/Desktop/myprj/airflow/airflow/lib/python3.7/site-packages/airflow/example_dags/tutorial_taskflow_api_etl.py
[2023-10-14 15:18:11,768] {processor.py:642} INFO - Processing file /Users/namyoung/Desktop/myprj/airflow/airflow/lib/python3.7/site-packages/airflow/example_dags/tutorial_taskflow_api_etl.py for tasks to queue
[2023-10-14 15:18:11,770] {logging_mixin.py:109} INFO - [2023-10-14 15:18:11,769] {dagbag.py:500} INFO - Filling up the DagBag from /Users/namyoung/Desktop/myprj/airflow/airflow/lib/python3.7/site-packages/airflow/example_dags/tutorial_taskflow_api_etl.py
[2023-10-14 15:18:11,789] {processor.py:654} INFO - DAG(s) dict_keys(['tutorial_taskflow_api_etl']) retrieved from /Users/namyoung/Desktop/myprj/airflow/airflow/lib/python3.7/site-packages/airflow/example_dags/tutorial_taskflow_api_etl.py
[2023-10-14 15:33:35,720] {logging_mixin.py:109} INFO - [2023-10-14 15:33:35,720] {dag.py:2396} INFO - Sync 1 DAGs
[2023-10-14 15:33:35,728] {logging_mixin.py:109} INFO - [2023-10-14 15:33:35,727] {dag.py:2935} INFO - Setting next_dagrun for tutorial_taskflow_api_etl to None
[2023-10-14 15:33:35,733] {processor.py:171} INFO - Processing /Users/namyoung/Desktop/myprj/airflow/airflow/lib/python3.7/site-packages/airflow/example_dags/tutorial_taskflow_api_etl.py took 0.444 seconds
[2023-10-14 17:13:56,624] {processor.py:163} INFO - Started process (PID=24205) to work on /Users/namyoung/Desktop/myprj/airflow/airflow/lib/python3.7/site-packages/airflow/example_dags/tutorial_taskflow_api_etl.py
[2023-10-14 17:13:56,625] {processor.py:642} INFO - Processing file /Users/namyoung/Desktop/myprj/airflow/airflow/lib/python3.7/site-packages/airflow/example_dags/tutorial_taskflow_api_etl.py for tasks to queue
[2023-10-14 17:13:56,626] {logging_mixin.py:109} INFO - [2023-10-14 17:13:56,626] {dagbag.py:500} INFO - Filling up the DagBag from /Users/namyoung/Desktop/myprj/airflow/airflow/lib/python3.7/site-packages/airflow/example_dags/tutorial_taskflow_api_etl.py
[2023-10-14 17:13:56,649] {processor.py:654} INFO - DAG(s) dict_keys(['tutorial_taskflow_api_etl']) retrieved from /Users/namyoung/Desktop/myprj/airflow/airflow/lib/python3.7/site-packages/airflow/example_dags/tutorial_taskflow_api_etl.py
[2023-10-14 17:13:56,800] {logging_mixin.py:109} INFO - [2023-10-14 17:13:56,799] {dag.py:2396} INFO - Sync 1 DAGs
[2023-10-14 17:13:56,807] {logging_mixin.py:109} INFO - [2023-10-14 17:13:56,807] {dag.py:2935} INFO - Setting next_dagrun for tutorial_taskflow_api_etl to None
[2023-10-14 17:13:56,817] {processor.py:171} INFO - Processing /Users/namyoung/Desktop/myprj/airflow/airflow/lib/python3.7/site-packages/airflow/example_dags/tutorial_taskflow_api_etl.py took 0.198 seconds
[2023-10-14 18:16:41,007] {processor.py:163} INFO - Started process (PID=24341) to work on /Users/namyoung/Desktop/myprj/airflow/airflow/lib/python3.7/site-packages/airflow/example_dags/tutorial_taskflow_api_etl.py
[2023-10-14 18:16:41,007] {processor.py:642} INFO - Processing file /Users/namyoung/Desktop/myprj/airflow/airflow/lib/python3.7/site-packages/airflow/example_dags/tutorial_taskflow_api_etl.py for tasks to queue
[2023-10-14 18:16:41,008] {logging_mixin.py:109} INFO - [2023-10-14 18:16:41,008] {dagbag.py:500} INFO - Filling up the DagBag from /Users/namyoung/Desktop/myprj/airflow/airflow/lib/python3.7/site-packages/airflow/example_dags/tutorial_taskflow_api_etl.py
[2023-10-14 18:16:41,023] {processor.py:654} INFO - DAG(s) dict_keys(['tutorial_taskflow_api_etl']) retrieved from /Users/namyoung/Desktop/myprj/airflow/airflow/lib/python3.7/site-packages/airflow/example_dags/tutorial_taskflow_api_etl.py
[2023-10-14 18:16:41,153] {logging_mixin.py:109} INFO - [2023-10-14 18:16:41,153] {dag.py:2396} INFO - Sync 1 DAGs
[2023-10-14 18:16:41,159] {logging_mixin.py:109} INFO - [2023-10-14 18:16:41,159] {dag.py:2935} INFO - Setting next_dagrun for tutorial_taskflow_api_etl to None
[2023-10-14 18:16:41,165] {processor.py:171} INFO - Processing /Users/namyoung/Desktop/myprj/airflow/airflow/lib/python3.7/site-packages/airflow/example_dags/tutorial_taskflow_api_etl.py took 0.160 seconds
[2023-10-14 19:38:53,703] {processor.py:163} INFO - Started process (PID=24586) to work on /Users/namyoung/Desktop/myprj/airflow/airflow/lib/python3.7/site-packages/airflow/example_dags/tutorial_taskflow_api_etl.py
[2023-10-14 19:38:53,706] {processor.py:642} INFO - Processing file /Users/namyoung/Desktop/myprj/airflow/airflow/lib/python3.7/site-packages/airflow/example_dags/tutorial_taskflow_api_etl.py for tasks to queue
[2023-10-14 19:38:53,707] {logging_mixin.py:109} INFO - [2023-10-14 19:38:53,707] {dagbag.py:500} INFO - Filling up the DagBag from /Users/namyoung/Desktop/myprj/airflow/airflow/lib/python3.7/site-packages/airflow/example_dags/tutorial_taskflow_api_etl.py
[2023-10-14 19:38:53,739] {processor.py:654} INFO - DAG(s) dict_keys(['tutorial_taskflow_api_etl']) retrieved from /Users/namyoung/Desktop/myprj/airflow/airflow/lib/python3.7/site-packages/airflow/example_dags/tutorial_taskflow_api_etl.py
[2023-10-14 19:38:53,863] {logging_mixin.py:109} INFO - [2023-10-14 19:38:53,863] {dag.py:2396} INFO - Sync 1 DAGs
[2023-10-14 19:38:53,869] {logging_mixin.py:109} INFO - [2023-10-14 19:38:53,869] {dag.py:2935} INFO - Setting next_dagrun for tutorial_taskflow_api_etl to None
[2023-10-14 19:38:53,874] {processor.py:171} INFO - Processing /Users/namyoung/Desktop/myprj/airflow/airflow/lib/python3.7/site-packages/airflow/example_dags/tutorial_taskflow_api_etl.py took 0.176 seconds
[2023-10-14 21:36:32,632] {processor.py:163} INFO - Started process (PID=24738) to work on /Users/namyoung/Desktop/myprj/airflow/airflow/lib/python3.7/site-packages/airflow/example_dags/tutorial_taskflow_api_etl.py
[2023-10-14 21:36:32,634] {processor.py:642} INFO - Processing file /Users/namyoung/Desktop/myprj/airflow/airflow/lib/python3.7/site-packages/airflow/example_dags/tutorial_taskflow_api_etl.py for tasks to queue
[2023-10-14 21:36:32,635] {logging_mixin.py:109} INFO - [2023-10-14 21:36:32,635] {dagbag.py:500} INFO - Filling up the DagBag from /Users/namyoung/Desktop/myprj/airflow/airflow/lib/python3.7/site-packages/airflow/example_dags/tutorial_taskflow_api_etl.py
[2023-10-14 21:36:32,661] {processor.py:654} INFO - DAG(s) dict_keys(['tutorial_taskflow_api_etl']) retrieved from /Users/namyoung/Desktop/myprj/airflow/airflow/lib/python3.7/site-packages/airflow/example_dags/tutorial_taskflow_api_etl.py
[2023-10-14 21:36:32,845] {logging_mixin.py:109} INFO - [2023-10-14 21:36:32,845] {dag.py:2396} INFO - Sync 1 DAGs
[2023-10-14 21:36:32,854] {logging_mixin.py:109} INFO - [2023-10-14 21:36:32,853] {dag.py:2935} INFO - Setting next_dagrun for tutorial_taskflow_api_etl to None
[2023-10-14 21:36:32,865] {processor.py:171} INFO - Processing /Users/namyoung/Desktop/myprj/airflow/airflow/lib/python3.7/site-packages/airflow/example_dags/tutorial_taskflow_api_etl.py took 0.239 seconds
[2023-10-14 23:12:15,602] {processor.py:163} INFO - Started process (PID=25004) to work on /Users/namyoung/Desktop/myprj/airflow/airflow/lib/python3.7/site-packages/airflow/example_dags/tutorial_taskflow_api_etl.py
[2023-10-14 23:12:15,604] {processor.py:642} INFO - Processing file /Users/namyoung/Desktop/myprj/airflow/airflow/lib/python3.7/site-packages/airflow/example_dags/tutorial_taskflow_api_etl.py for tasks to queue
[2023-10-14 23:12:15,605] {logging_mixin.py:109} INFO - [2023-10-14 23:12:15,605] {dagbag.py:500} INFO - Filling up the DagBag from /Users/namyoung/Desktop/myprj/airflow/airflow/lib/python3.7/site-packages/airflow/example_dags/tutorial_taskflow_api_etl.py
[2023-10-14 23:12:15,632] {processor.py:654} INFO - DAG(s) dict_keys(['tutorial_taskflow_api_etl']) retrieved from /Users/namyoung/Desktop/myprj/airflow/airflow/lib/python3.7/site-packages/airflow/example_dags/tutorial_taskflow_api_etl.py
[2023-10-14 23:12:15,787] {logging_mixin.py:109} INFO - [2023-10-14 23:12:15,787] {dag.py:2396} INFO - Sync 1 DAGs
[2023-10-14 23:12:15,794] {logging_mixin.py:109} INFO - [2023-10-14 23:12:15,794] {dag.py:2935} INFO - Setting next_dagrun for tutorial_taskflow_api_etl to None
[2023-10-14 23:12:15,800] {processor.py:171} INFO - Processing /Users/namyoung/Desktop/myprj/airflow/airflow/lib/python3.7/site-packages/airflow/example_dags/tutorial_taskflow_api_etl.py took 0.203 seconds
[2023-10-15 00:51:58,586] {processor.py:163} INFO - Started process (PID=25158) to work on /Users/namyoung/Desktop/myprj/airflow/airflow/lib/python3.7/site-packages/airflow/example_dags/tutorial_taskflow_api_etl.py
[2023-10-15 00:51:58,587] {processor.py:642} INFO - Processing file /Users/namyoung/Desktop/myprj/airflow/airflow/lib/python3.7/site-packages/airflow/example_dags/tutorial_taskflow_api_etl.py for tasks to queue
[2023-10-15 00:51:58,588] {logging_mixin.py:109} INFO - [2023-10-15 00:51:58,588] {dagbag.py:500} INFO - Filling up the DagBag from /Users/namyoung/Desktop/myprj/airflow/airflow/lib/python3.7/site-packages/airflow/example_dags/tutorial_taskflow_api_etl.py
[2023-10-15 00:51:58,611] {processor.py:654} INFO - DAG(s) dict_keys(['tutorial_taskflow_api_etl']) retrieved from /Users/namyoung/Desktop/myprj/airflow/airflow/lib/python3.7/site-packages/airflow/example_dags/tutorial_taskflow_api_etl.py
[2023-10-15 00:51:58,750] {logging_mixin.py:109} INFO - [2023-10-15 00:51:58,749] {dag.py:2396} INFO - Sync 1 DAGs
[2023-10-15 00:51:58,757] {logging_mixin.py:109} INFO - [2023-10-15 00:51:58,757] {dag.py:2935} INFO - Setting next_dagrun for tutorial_taskflow_api_etl to None
[2023-10-15 00:51:58,763] {processor.py:171} INFO - Processing /Users/namyoung/Desktop/myprj/airflow/airflow/lib/python3.7/site-packages/airflow/example_dags/tutorial_taskflow_api_etl.py took 0.182 seconds
[2023-10-15 02:04:00,362] {processor.py:163} INFO - Started process (PID=25420) to work on /Users/namyoung/Desktop/myprj/airflow/airflow/lib/python3.7/site-packages/airflow/example_dags/tutorial_taskflow_api_etl.py
[2023-10-15 02:04:00,364] {processor.py:642} INFO - Processing file /Users/namyoung/Desktop/myprj/airflow/airflow/lib/python3.7/site-packages/airflow/example_dags/tutorial_taskflow_api_etl.py for tasks to queue
[2023-10-15 02:04:00,365] {logging_mixin.py:109} INFO - [2023-10-15 02:04:00,365] {dagbag.py:500} INFO - Filling up the DagBag from /Users/namyoung/Desktop/myprj/airflow/airflow/lib/python3.7/site-packages/airflow/example_dags/tutorial_taskflow_api_etl.py
[2023-10-15 02:04:00,392] {processor.py:654} INFO - DAG(s) dict_keys(['tutorial_taskflow_api_etl']) retrieved from /Users/namyoung/Desktop/myprj/airflow/airflow/lib/python3.7/site-packages/airflow/example_dags/tutorial_taskflow_api_etl.py
[2023-10-15 02:04:00,523] {logging_mixin.py:109} INFO - [2023-10-15 02:04:00,523] {dag.py:2396} INFO - Sync 1 DAGs
[2023-10-15 02:04:00,530] {logging_mixin.py:109} INFO - [2023-10-15 02:04:00,530] {dag.py:2935} INFO - Setting next_dagrun for tutorial_taskflow_api_etl to None
[2023-10-15 02:04:00,535] {processor.py:171} INFO - Processing /Users/namyoung/Desktop/myprj/airflow/airflow/lib/python3.7/site-packages/airflow/example_dags/tutorial_taskflow_api_etl.py took 0.178 seconds
[2023-10-15 03:41:13,382] {processor.py:163} INFO - Started process (PID=25563) to work on /Users/namyoung/Desktop/myprj/airflow/airflow/lib/python3.7/site-packages/airflow/example_dags/tutorial_taskflow_api_etl.py
[2023-10-15 03:41:13,384] {processor.py:642} INFO - Processing file /Users/namyoung/Desktop/myprj/airflow/airflow/lib/python3.7/site-packages/airflow/example_dags/tutorial_taskflow_api_etl.py for tasks to queue
[2023-10-15 03:41:13,385] {logging_mixin.py:109} INFO - [2023-10-15 03:41:13,385] {dagbag.py:500} INFO - Filling up the DagBag from /Users/namyoung/Desktop/myprj/airflow/airflow/lib/python3.7/site-packages/airflow/example_dags/tutorial_taskflow_api_etl.py
[2023-10-15 03:41:13,414] {processor.py:654} INFO - DAG(s) dict_keys(['tutorial_taskflow_api_etl']) retrieved from /Users/namyoung/Desktop/myprj/airflow/airflow/lib/python3.7/site-packages/airflow/example_dags/tutorial_taskflow_api_etl.py
[2023-10-15 03:56:56,504] {logging_mixin.py:109} INFO - [2023-10-15 03:56:56,503] {dag.py:2396} INFO - Sync 1 DAGs
[2023-10-15 03:56:56,517] {logging_mixin.py:109} INFO - [2023-10-15 03:56:56,517] {dag.py:2935} INFO - Setting next_dagrun for tutorial_taskflow_api_etl to None
[2023-10-15 03:56:56,571] {processor.py:171} INFO - Processing /Users/namyoung/Desktop/myprj/airflow/airflow/lib/python3.7/site-packages/airflow/example_dags/tutorial_taskflow_api_etl.py took 0.607 seconds
[2023-10-15 05:21:31,297] {processor.py:163} INFO - Started process (PID=25830) to work on /Users/namyoung/Desktop/myprj/airflow/airflow/lib/python3.7/site-packages/airflow/example_dags/tutorial_taskflow_api_etl.py
[2023-10-15 05:21:31,299] {processor.py:642} INFO - Processing file /Users/namyoung/Desktop/myprj/airflow/airflow/lib/python3.7/site-packages/airflow/example_dags/tutorial_taskflow_api_etl.py for tasks to queue
[2023-10-15 05:21:31,300] {logging_mixin.py:109} INFO - [2023-10-15 05:21:31,300] {dagbag.py:500} INFO - Filling up the DagBag from /Users/namyoung/Desktop/myprj/airflow/airflow/lib/python3.7/site-packages/airflow/example_dags/tutorial_taskflow_api_etl.py
[2023-10-15 05:21:31,328] {processor.py:654} INFO - DAG(s) dict_keys(['tutorial_taskflow_api_etl']) retrieved from /Users/namyoung/Desktop/myprj/airflow/airflow/lib/python3.7/site-packages/airflow/example_dags/tutorial_taskflow_api_etl.py
[2023-10-15 05:21:31,450] {logging_mixin.py:109} INFO - [2023-10-15 05:21:31,450] {dag.py:2396} INFO - Sync 1 DAGs
[2023-10-15 05:21:31,457] {logging_mixin.py:109} INFO - [2023-10-15 05:21:31,457] {dag.py:2935} INFO - Setting next_dagrun for tutorial_taskflow_api_etl to None
[2023-10-15 05:21:31,463] {processor.py:171} INFO - Processing /Users/namyoung/Desktop/myprj/airflow/airflow/lib/python3.7/site-packages/airflow/example_dags/tutorial_taskflow_api_etl.py took 0.171 seconds
[2023-10-15 07:17:14,840] {processor.py:163} INFO - Started process (PID=26106) to work on /Users/namyoung/Desktop/myprj/airflow/airflow/lib/python3.7/site-packages/airflow/example_dags/tutorial_taskflow_api_etl.py
[2023-10-15 07:17:14,841] {processor.py:642} INFO - Processing file /Users/namyoung/Desktop/myprj/airflow/airflow/lib/python3.7/site-packages/airflow/example_dags/tutorial_taskflow_api_etl.py for tasks to queue
[2023-10-15 07:17:14,841] {logging_mixin.py:109} INFO - [2023-10-15 07:17:14,841] {dagbag.py:500} INFO - Filling up the DagBag from /Users/namyoung/Desktop/myprj/airflow/airflow/lib/python3.7/site-packages/airflow/example_dags/tutorial_taskflow_api_etl.py
[2023-10-15 07:17:14,854] {processor.py:654} INFO - DAG(s) dict_keys(['tutorial_taskflow_api_etl']) retrieved from /Users/namyoung/Desktop/myprj/airflow/airflow/lib/python3.7/site-packages/airflow/example_dags/tutorial_taskflow_api_etl.py
[2023-10-15 07:17:14,978] {logging_mixin.py:109} INFO - [2023-10-15 07:17:14,978] {dag.py:2396} INFO - Sync 1 DAGs
[2023-10-15 07:17:14,984] {logging_mixin.py:109} INFO - [2023-10-15 07:17:14,984] {dag.py:2935} INFO - Setting next_dagrun for tutorial_taskflow_api_etl to None
[2023-10-15 07:17:14,991] {processor.py:171} INFO - Processing /Users/namyoung/Desktop/myprj/airflow/airflow/lib/python3.7/site-packages/airflow/example_dags/tutorial_taskflow_api_etl.py took 0.153 seconds
[2023-10-15 08:55:04,635] {processor.py:163} INFO - Started process (PID=26279) to work on /Users/namyoung/Desktop/myprj/airflow/airflow/lib/python3.7/site-packages/airflow/example_dags/tutorial_taskflow_api_etl.py
[2023-10-15 08:55:04,636] {processor.py:642} INFO - Processing file /Users/namyoung/Desktop/myprj/airflow/airflow/lib/python3.7/site-packages/airflow/example_dags/tutorial_taskflow_api_etl.py for tasks to queue
[2023-10-15 08:55:04,636] {logging_mixin.py:109} INFO - [2023-10-15 08:55:04,636] {dagbag.py:500} INFO - Filling up the DagBag from /Users/namyoung/Desktop/myprj/airflow/airflow/lib/python3.7/site-packages/airflow/example_dags/tutorial_taskflow_api_etl.py
[2023-10-15 08:55:04,650] {processor.py:654} INFO - DAG(s) dict_keys(['tutorial_taskflow_api_etl']) retrieved from /Users/namyoung/Desktop/myprj/airflow/airflow/lib/python3.7/site-packages/airflow/example_dags/tutorial_taskflow_api_etl.py
[2023-10-15 08:55:04,788] {logging_mixin.py:109} INFO - [2023-10-15 08:55:04,788] {dag.py:2396} INFO - Sync 1 DAGs
[2023-10-15 08:55:04,795] {logging_mixin.py:109} INFO - [2023-10-15 08:55:04,795] {dag.py:2935} INFO - Setting next_dagrun for tutorial_taskflow_api_etl to None
[2023-10-15 08:55:04,801] {processor.py:171} INFO - Processing /Users/namyoung/Desktop/myprj/airflow/airflow/lib/python3.7/site-packages/airflow/example_dags/tutorial_taskflow_api_etl.py took 0.168 seconds
