[2023-10-14 10:44:38,388] {processor.py:163} INFO - Started process (PID=23420) to work on /Users/namyoung/Desktop/myprj/airflow/airflow/lib/python3.7/site-packages/airflow/example_dags/tutorial.py
[2023-10-14 10:44:38,389] {processor.py:642} INFO - Processing file /Users/namyoung/Desktop/myprj/airflow/airflow/lib/python3.7/site-packages/airflow/example_dags/tutorial.py for tasks to queue
[2023-10-14 10:44:38,390] {logging_mixin.py:109} INFO - [2023-10-14 10:44:38,390] {dagbag.py:500} INFO - Filling up the DagBag from /Users/namyoung/Desktop/myprj/airflow/airflow/lib/python3.7/site-packages/airflow/example_dags/tutorial.py
[2023-10-14 10:44:38,403] {processor.py:654} INFO - DAG(s) dict_keys(['tutorial']) retrieved from /Users/namyoung/Desktop/myprj/airflow/airflow/lib/python3.7/site-packages/airflow/example_dags/tutorial.py
[2023-10-14 10:44:38,408] {logging_mixin.py:109} INFO - [2023-10-14 10:44:38,408] {dag.py:2396} INFO - Sync 1 DAGs
[2023-10-14 10:44:38,414] {logging_mixin.py:109} INFO - [2023-10-14 10:44:38,414] {dag.py:2935} INFO - Setting next_dagrun for tutorial to 2023-10-13T01:44:38.414323+00:00
[2023-10-14 10:44:38,419] {processor.py:171} INFO - Processing /Users/namyoung/Desktop/myprj/airflow/airflow/lib/python3.7/site-packages/airflow/example_dags/tutorial.py took 0.033 seconds
[2023-10-14 12:22:01,046] {processor.py:163} INFO - Started process (PID=23682) to work on /Users/namyoung/Desktop/myprj/airflow/airflow/lib/python3.7/site-packages/airflow/example_dags/tutorial.py
[2023-10-14 12:22:01,047] {processor.py:642} INFO - Processing file /Users/namyoung/Desktop/myprj/airflow/airflow/lib/python3.7/site-packages/airflow/example_dags/tutorial.py for tasks to queue
[2023-10-14 12:22:01,047] {logging_mixin.py:109} INFO - [2023-10-14 12:22:01,047] {dagbag.py:500} INFO - Filling up the DagBag from /Users/namyoung/Desktop/myprj/airflow/airflow/lib/python3.7/site-packages/airflow/example_dags/tutorial.py
[2023-10-14 12:22:01,060] {processor.py:654} INFO - DAG(s) dict_keys(['tutorial']) retrieved from /Users/namyoung/Desktop/myprj/airflow/airflow/lib/python3.7/site-packages/airflow/example_dags/tutorial.py
[2023-10-14 12:22:01,065] {logging_mixin.py:109} INFO - [2023-10-14 12:22:01,065] {dag.py:2396} INFO - Sync 1 DAGs
[2023-10-14 12:22:01,072] {logging_mixin.py:109} INFO - [2023-10-14 12:22:01,072] {dag.py:2935} INFO - Setting next_dagrun for tutorial to 2023-10-13T03:22:01.072208+00:00
[2023-10-14 12:22:01,079] {processor.py:171} INFO - Processing /Users/namyoung/Desktop/myprj/airflow/airflow/lib/python3.7/site-packages/airflow/example_dags/tutorial.py took 0.035 seconds
[2023-10-14 13:56:39,956] {processor.py:163} INFO - Started process (PID=23814) to work on /Users/namyoung/Desktop/myprj/airflow/airflow/lib/python3.7/site-packages/airflow/example_dags/tutorial.py
[2023-10-14 13:56:39,957] {processor.py:642} INFO - Processing file /Users/namyoung/Desktop/myprj/airflow/airflow/lib/python3.7/site-packages/airflow/example_dags/tutorial.py for tasks to queue
[2023-10-14 13:56:39,958] {logging_mixin.py:109} INFO - [2023-10-14 13:56:39,958] {dagbag.py:500} INFO - Filling up the DagBag from /Users/namyoung/Desktop/myprj/airflow/airflow/lib/python3.7/site-packages/airflow/example_dags/tutorial.py
[2023-10-14 13:56:39,971] {processor.py:654} INFO - DAG(s) dict_keys(['tutorial']) retrieved from /Users/namyoung/Desktop/myprj/airflow/airflow/lib/python3.7/site-packages/airflow/example_dags/tutorial.py
[2023-10-14 13:56:39,977] {logging_mixin.py:109} INFO - [2023-10-14 13:56:39,977] {dag.py:2396} INFO - Sync 1 DAGs
[2023-10-14 13:56:39,984] {logging_mixin.py:109} INFO - [2023-10-14 13:56:39,984] {dag.py:2935} INFO - Setting next_dagrun for tutorial to 2023-10-13T04:56:39.984098+00:00
[2023-10-14 13:56:39,992] {processor.py:171} INFO - Processing /Users/namyoung/Desktop/myprj/airflow/airflow/lib/python3.7/site-packages/airflow/example_dags/tutorial.py took 0.037 seconds
[2023-10-14 15:33:38,005] {processor.py:163} INFO - Started process (PID=24084) to work on /Users/namyoung/Desktop/myprj/airflow/airflow/lib/python3.7/site-packages/airflow/example_dags/tutorial.py
[2023-10-14 15:33:38,006] {processor.py:642} INFO - Processing file /Users/namyoung/Desktop/myprj/airflow/airflow/lib/python3.7/site-packages/airflow/example_dags/tutorial.py for tasks to queue
[2023-10-14 15:33:38,006] {logging_mixin.py:109} INFO - [2023-10-14 15:33:38,006] {dagbag.py:500} INFO - Filling up the DagBag from /Users/namyoung/Desktop/myprj/airflow/airflow/lib/python3.7/site-packages/airflow/example_dags/tutorial.py
[2023-10-14 15:33:38,019] {processor.py:654} INFO - DAG(s) dict_keys(['tutorial']) retrieved from /Users/namyoung/Desktop/myprj/airflow/airflow/lib/python3.7/site-packages/airflow/example_dags/tutorial.py
[2023-10-14 15:33:38,024] {logging_mixin.py:109} INFO - [2023-10-14 15:33:38,024] {dag.py:2396} INFO - Sync 1 DAGs
[2023-10-14 15:33:38,031] {logging_mixin.py:109} INFO - [2023-10-14 15:33:38,030] {dag.py:2935} INFO - Setting next_dagrun for tutorial to 2023-10-13T06:33:38.030791+00:00
[2023-10-14 15:33:38,036] {processor.py:171} INFO - Processing /Users/namyoung/Desktop/myprj/airflow/airflow/lib/python3.7/site-packages/airflow/example_dags/tutorial.py took 0.034 seconds
[2023-10-14 17:13:59,147] {processor.py:163} INFO - Started process (PID=24219) to work on /Users/namyoung/Desktop/myprj/airflow/airflow/lib/python3.7/site-packages/airflow/example_dags/tutorial.py
[2023-10-14 17:13:59,149] {processor.py:642} INFO - Processing file /Users/namyoung/Desktop/myprj/airflow/airflow/lib/python3.7/site-packages/airflow/example_dags/tutorial.py for tasks to queue
[2023-10-14 17:13:59,150] {logging_mixin.py:109} INFO - [2023-10-14 17:13:59,150] {dagbag.py:500} INFO - Filling up the DagBag from /Users/namyoung/Desktop/myprj/airflow/airflow/lib/python3.7/site-packages/airflow/example_dags/tutorial.py
[2023-10-14 17:13:59,177] {processor.py:654} INFO - DAG(s) dict_keys(['tutorial']) retrieved from /Users/namyoung/Desktop/myprj/airflow/airflow/lib/python3.7/site-packages/airflow/example_dags/tutorial.py
[2023-10-14 17:13:59,185] {logging_mixin.py:109} INFO - [2023-10-14 17:13:59,184] {dag.py:2396} INFO - Sync 1 DAGs
[2023-10-14 17:13:59,193] {logging_mixin.py:109} INFO - [2023-10-14 17:13:59,192] {dag.py:2935} INFO - Setting next_dagrun for tutorial to 2023-10-13T08:13:59.192623+00:00
[2023-10-14 17:13:59,198] {processor.py:171} INFO - Processing /Users/namyoung/Desktop/myprj/airflow/airflow/lib/python3.7/site-packages/airflow/example_dags/tutorial.py took 0.057 seconds
[2023-10-14 18:16:43,451] {processor.py:163} INFO - Started process (PID=24344) to work on /Users/namyoung/Desktop/myprj/airflow/airflow/lib/python3.7/site-packages/airflow/example_dags/tutorial.py
[2023-10-14 18:16:43,453] {processor.py:642} INFO - Processing file /Users/namyoung/Desktop/myprj/airflow/airflow/lib/python3.7/site-packages/airflow/example_dags/tutorial.py for tasks to queue
[2023-10-14 18:16:43,454] {logging_mixin.py:109} INFO - [2023-10-14 18:16:43,454] {dagbag.py:500} INFO - Filling up the DagBag from /Users/namyoung/Desktop/myprj/airflow/airflow/lib/python3.7/site-packages/airflow/example_dags/tutorial.py
[2023-10-14 18:16:43,481] {processor.py:654} INFO - DAG(s) dict_keys(['tutorial']) retrieved from /Users/namyoung/Desktop/myprj/airflow/airflow/lib/python3.7/site-packages/airflow/example_dags/tutorial.py
[2023-10-14 18:16:43,489] {logging_mixin.py:109} INFO - [2023-10-14 18:16:43,489] {dag.py:2396} INFO - Sync 1 DAGs
[2023-10-14 18:16:43,498] {logging_mixin.py:109} INFO - [2023-10-14 18:16:43,498] {dag.py:2935} INFO - Setting next_dagrun for tutorial to 2023-10-13T09:16:43.498225+00:00
[2023-10-14 18:16:43,504] {processor.py:171} INFO - Processing /Users/namyoung/Desktop/myprj/airflow/airflow/lib/python3.7/site-packages/airflow/example_dags/tutorial.py took 0.058 seconds
[2023-10-14 19:54:14,395] {processor.py:163} INFO - Started process (PID=24594) to work on /Users/namyoung/Desktop/myprj/airflow/airflow/lib/python3.7/site-packages/airflow/example_dags/tutorial.py
[2023-10-14 19:54:14,396] {processor.py:642} INFO - Processing file /Users/namyoung/Desktop/myprj/airflow/airflow/lib/python3.7/site-packages/airflow/example_dags/tutorial.py for tasks to queue
[2023-10-14 19:54:14,397] {logging_mixin.py:109} INFO - [2023-10-14 19:54:14,397] {dagbag.py:500} INFO - Filling up the DagBag from /Users/namyoung/Desktop/myprj/airflow/airflow/lib/python3.7/site-packages/airflow/example_dags/tutorial.py
[2023-10-14 19:54:14,411] {processor.py:654} INFO - DAG(s) dict_keys(['tutorial']) retrieved from /Users/namyoung/Desktop/myprj/airflow/airflow/lib/python3.7/site-packages/airflow/example_dags/tutorial.py
[2023-10-14 19:54:14,417] {logging_mixin.py:109} INFO - [2023-10-14 19:54:14,417] {dag.py:2396} INFO - Sync 1 DAGs
[2023-10-14 19:54:14,426] {logging_mixin.py:109} INFO - [2023-10-14 19:54:14,426] {dag.py:2935} INFO - Setting next_dagrun for tutorial to 2023-10-13T10:54:14.426319+00:00
[2023-10-14 19:54:14,433] {processor.py:171} INFO - Processing /Users/namyoung/Desktop/myprj/airflow/airflow/lib/python3.7/site-packages/airflow/example_dags/tutorial.py took 0.040 seconds
[2023-10-14 21:36:35,150] {processor.py:163} INFO - Started process (PID=24754) to work on /Users/namyoung/Desktop/myprj/airflow/airflow/lib/python3.7/site-packages/airflow/example_dags/tutorial.py
[2023-10-14 21:36:35,152] {processor.py:642} INFO - Processing file /Users/namyoung/Desktop/myprj/airflow/airflow/lib/python3.7/site-packages/airflow/example_dags/tutorial.py for tasks to queue
[2023-10-14 21:36:35,153] {logging_mixin.py:109} INFO - [2023-10-14 21:36:35,153] {dagbag.py:500} INFO - Filling up the DagBag from /Users/namyoung/Desktop/myprj/airflow/airflow/lib/python3.7/site-packages/airflow/example_dags/tutorial.py
[2023-10-14 21:36:35,180] {processor.py:654} INFO - DAG(s) dict_keys(['tutorial']) retrieved from /Users/namyoung/Desktop/myprj/airflow/airflow/lib/python3.7/site-packages/airflow/example_dags/tutorial.py
[2023-10-14 21:36:35,189] {logging_mixin.py:109} INFO - [2023-10-14 21:36:35,188] {dag.py:2396} INFO - Sync 1 DAGs
[2023-10-14 21:36:35,198] {logging_mixin.py:109} INFO - [2023-10-14 21:36:35,197] {dag.py:2935} INFO - Setting next_dagrun for tutorial to 2023-10-13T12:36:35.197523+00:00
[2023-10-14 21:36:35,205] {processor.py:171} INFO - Processing /Users/namyoung/Desktop/myprj/airflow/airflow/lib/python3.7/site-packages/airflow/example_dags/tutorial.py took 0.059 seconds
[2023-10-14 23:12:18,108] {processor.py:163} INFO - Started process (PID=25022) to work on /Users/namyoung/Desktop/myprj/airflow/airflow/lib/python3.7/site-packages/airflow/example_dags/tutorial.py
[2023-10-14 23:12:18,108] {processor.py:642} INFO - Processing file /Users/namyoung/Desktop/myprj/airflow/airflow/lib/python3.7/site-packages/airflow/example_dags/tutorial.py for tasks to queue
[2023-10-14 23:12:18,109] {logging_mixin.py:109} INFO - [2023-10-14 23:12:18,109] {dagbag.py:500} INFO - Filling up the DagBag from /Users/namyoung/Desktop/myprj/airflow/airflow/lib/python3.7/site-packages/airflow/example_dags/tutorial.py
[2023-10-14 23:12:18,122] {processor.py:654} INFO - DAG(s) dict_keys(['tutorial']) retrieved from /Users/namyoung/Desktop/myprj/airflow/airflow/lib/python3.7/site-packages/airflow/example_dags/tutorial.py
[2023-10-14 23:12:18,127] {logging_mixin.py:109} INFO - [2023-10-14 23:12:18,127] {dag.py:2396} INFO - Sync 1 DAGs
[2023-10-14 23:12:18,134] {logging_mixin.py:109} INFO - [2023-10-14 23:12:18,134] {dag.py:2935} INFO - Setting next_dagrun for tutorial to 2023-10-13T14:12:18.133858+00:00
[2023-10-14 23:12:18,140] {processor.py:171} INFO - Processing /Users/namyoung/Desktop/myprj/airflow/airflow/lib/python3.7/site-packages/airflow/example_dags/tutorial.py took 0.035 seconds
[2023-10-15 00:52:00,969] {processor.py:163} INFO - Started process (PID=25231) to work on /Users/namyoung/Desktop/myprj/airflow/airflow/lib/python3.7/site-packages/airflow/example_dags/tutorial.py
[2023-10-15 00:52:00,970] {processor.py:642} INFO - Processing file /Users/namyoung/Desktop/myprj/airflow/airflow/lib/python3.7/site-packages/airflow/example_dags/tutorial.py for tasks to queue
[2023-10-15 00:52:00,971] {logging_mixin.py:109} INFO - [2023-10-15 00:52:00,971] {dagbag.py:500} INFO - Filling up the DagBag from /Users/namyoung/Desktop/myprj/airflow/airflow/lib/python3.7/site-packages/airflow/example_dags/tutorial.py
[2023-10-15 00:52:00,984] {processor.py:654} INFO - DAG(s) dict_keys(['tutorial']) retrieved from /Users/namyoung/Desktop/myprj/airflow/airflow/lib/python3.7/site-packages/airflow/example_dags/tutorial.py
[2023-10-15 00:52:00,989] {logging_mixin.py:109} INFO - [2023-10-15 00:52:00,989] {dag.py:2396} INFO - Sync 1 DAGs
[2023-10-15 00:52:00,996] {logging_mixin.py:109} INFO - [2023-10-15 00:52:00,996] {dag.py:2935} INFO - Setting next_dagrun for tutorial to 2023-10-13T15:52:00.996591+00:00
[2023-10-15 00:52:01,003] {processor.py:171} INFO - Processing /Users/namyoung/Desktop/myprj/airflow/airflow/lib/python3.7/site-packages/airflow/example_dags/tutorial.py took 0.036 seconds
[2023-10-15 02:19:41,747] {processor.py:163} INFO - Started process (PID=25441) to work on /Users/namyoung/Desktop/myprj/airflow/airflow/lib/python3.7/site-packages/airflow/example_dags/tutorial.py
[2023-10-15 02:19:41,747] {processor.py:642} INFO - Processing file /Users/namyoung/Desktop/myprj/airflow/airflow/lib/python3.7/site-packages/airflow/example_dags/tutorial.py for tasks to queue
[2023-10-15 02:19:41,748] {logging_mixin.py:109} INFO - [2023-10-15 02:19:41,748] {dagbag.py:500} INFO - Filling up the DagBag from /Users/namyoung/Desktop/myprj/airflow/airflow/lib/python3.7/site-packages/airflow/example_dags/tutorial.py
[2023-10-15 02:19:41,762] {processor.py:654} INFO - DAG(s) dict_keys(['tutorial']) retrieved from /Users/namyoung/Desktop/myprj/airflow/airflow/lib/python3.7/site-packages/airflow/example_dags/tutorial.py
[2023-10-15 02:19:41,769] {logging_mixin.py:109} INFO - [2023-10-15 02:19:41,769] {dag.py:2396} INFO - Sync 1 DAGs
[2023-10-15 02:19:41,777] {logging_mixin.py:109} INFO - [2023-10-15 02:19:41,777] {dag.py:2935} INFO - Setting next_dagrun for tutorial to 2023-10-13T17:19:41.776864+00:00
[2023-10-15 02:19:41,784] {processor.py:171} INFO - Processing /Users/namyoung/Desktop/myprj/airflow/airflow/lib/python3.7/site-packages/airflow/example_dags/tutorial.py took 0.040 seconds
[2023-10-15 03:56:57,566] {processor.py:163} INFO - Started process (PID=25581) to work on /Users/namyoung/Desktop/myprj/airflow/airflow/lib/python3.7/site-packages/airflow/example_dags/tutorial.py
[2023-10-15 03:56:57,567] {processor.py:642} INFO - Processing file /Users/namyoung/Desktop/myprj/airflow/airflow/lib/python3.7/site-packages/airflow/example_dags/tutorial.py for tasks to queue
[2023-10-15 03:56:57,568] {logging_mixin.py:109} INFO - [2023-10-15 03:56:57,568] {dagbag.py:500} INFO - Filling up the DagBag from /Users/namyoung/Desktop/myprj/airflow/airflow/lib/python3.7/site-packages/airflow/example_dags/tutorial.py
[2023-10-15 03:56:57,581] {processor.py:654} INFO - DAG(s) dict_keys(['tutorial']) retrieved from /Users/namyoung/Desktop/myprj/airflow/airflow/lib/python3.7/site-packages/airflow/example_dags/tutorial.py
[2023-10-15 03:56:57,587] {logging_mixin.py:109} INFO - [2023-10-15 03:56:57,587] {dag.py:2396} INFO - Sync 1 DAGs
[2023-10-15 03:56:57,595] {logging_mixin.py:109} INFO - [2023-10-15 03:56:57,595] {dag.py:2935} INFO - Setting next_dagrun for tutorial to 2023-10-13T18:56:57.595230+00:00
[2023-10-15 03:56:57,604] {processor.py:171} INFO - Processing /Users/namyoung/Desktop/myprj/airflow/airflow/lib/python3.7/site-packages/airflow/example_dags/tutorial.py took 0.039 seconds
[2023-10-15 05:36:43,700] {processor.py:163} INFO - Started process (PID=25851) to work on /Users/namyoung/Desktop/myprj/airflow/airflow/lib/python3.7/site-packages/airflow/example_dags/tutorial.py
[2023-10-15 05:36:43,701] {processor.py:642} INFO - Processing file /Users/namyoung/Desktop/myprj/airflow/airflow/lib/python3.7/site-packages/airflow/example_dags/tutorial.py for tasks to queue
[2023-10-15 05:36:43,702] {logging_mixin.py:109} INFO - [2023-10-15 05:36:43,702] {dagbag.py:500} INFO - Filling up the DagBag from /Users/namyoung/Desktop/myprj/airflow/airflow/lib/python3.7/site-packages/airflow/example_dags/tutorial.py
[2023-10-15 05:36:43,721] {processor.py:654} INFO - DAG(s) dict_keys(['tutorial']) retrieved from /Users/namyoung/Desktop/myprj/airflow/airflow/lib/python3.7/site-packages/airflow/example_dags/tutorial.py
[2023-10-15 05:36:43,727] {logging_mixin.py:109} INFO - [2023-10-15 05:36:43,727] {dag.py:2396} INFO - Sync 1 DAGs
[2023-10-15 05:36:43,735] {logging_mixin.py:109} INFO - [2023-10-15 05:36:43,734] {dag.py:2935} INFO - Setting next_dagrun for tutorial to 2023-10-13T20:36:43.734715+00:00
[2023-10-15 05:36:43,740] {processor.py:171} INFO - Processing /Users/namyoung/Desktop/myprj/airflow/airflow/lib/python3.7/site-packages/airflow/example_dags/tutorial.py took 0.043 seconds
[2023-10-15 07:17:17,275] {processor.py:163} INFO - Started process (PID=26114) to work on /Users/namyoung/Desktop/myprj/airflow/airflow/lib/python3.7/site-packages/airflow/example_dags/tutorial.py
[2023-10-15 07:17:17,277] {processor.py:642} INFO - Processing file /Users/namyoung/Desktop/myprj/airflow/airflow/lib/python3.7/site-packages/airflow/example_dags/tutorial.py for tasks to queue
[2023-10-15 07:17:17,279] {logging_mixin.py:109} INFO - [2023-10-15 07:17:17,278] {dagbag.py:500} INFO - Filling up the DagBag from /Users/namyoung/Desktop/myprj/airflow/airflow/lib/python3.7/site-packages/airflow/example_dags/tutorial.py
[2023-10-15 07:17:17,305] {processor.py:654} INFO - DAG(s) dict_keys(['tutorial']) retrieved from /Users/namyoung/Desktop/myprj/airflow/airflow/lib/python3.7/site-packages/airflow/example_dags/tutorial.py
[2023-10-15 07:17:17,313] {logging_mixin.py:109} INFO - [2023-10-15 07:17:17,313] {dag.py:2396} INFO - Sync 1 DAGs
[2023-10-15 07:17:17,321] {logging_mixin.py:109} INFO - [2023-10-15 07:17:17,321] {dag.py:2935} INFO - Setting next_dagrun for tutorial to 2023-10-13T22:17:17.321165+00:00
[2023-10-15 07:17:17,327] {processor.py:171} INFO - Processing /Users/namyoung/Desktop/myprj/airflow/airflow/lib/python3.7/site-packages/airflow/example_dags/tutorial.py took 0.057 seconds
[2023-10-15 08:55:07,049] {processor.py:163} INFO - Started process (PID=26289) to work on /Users/namyoung/Desktop/myprj/airflow/airflow/lib/python3.7/site-packages/airflow/example_dags/tutorial.py
[2023-10-15 08:55:07,050] {processor.py:642} INFO - Processing file /Users/namyoung/Desktop/myprj/airflow/airflow/lib/python3.7/site-packages/airflow/example_dags/tutorial.py for tasks to queue
[2023-10-15 08:55:07,051] {logging_mixin.py:109} INFO - [2023-10-15 08:55:07,051] {dagbag.py:500} INFO - Filling up the DagBag from /Users/namyoung/Desktop/myprj/airflow/airflow/lib/python3.7/site-packages/airflow/example_dags/tutorial.py
[2023-10-15 08:55:07,069] {processor.py:654} INFO - DAG(s) dict_keys(['tutorial']) retrieved from /Users/namyoung/Desktop/myprj/airflow/airflow/lib/python3.7/site-packages/airflow/example_dags/tutorial.py
[2023-10-15 08:55:07,076] {logging_mixin.py:109} INFO - [2023-10-15 08:55:07,076] {dag.py:2396} INFO - Sync 1 DAGs
[2023-10-15 08:55:07,084] {logging_mixin.py:109} INFO - [2023-10-15 08:55:07,084] {dag.py:2935} INFO - Setting next_dagrun for tutorial to 2023-10-13T23:55:07.084046+00:00
[2023-10-15 08:55:07,089] {processor.py:171} INFO - Processing /Users/namyoung/Desktop/myprj/airflow/airflow/lib/python3.7/site-packages/airflow/example_dags/tutorial.py took 0.044 seconds
