[2023-10-15 10:52:04,218] {processor.py:163} INFO - Started process (PID=26609) to work on /Users/namyoung/Desktop/myprj/airflow/airflow/lib/python3.7/site-packages/airflow/example_dags/plugins/workday.py
[2023-10-15 10:52:04,220] {processor.py:642} INFO - Processing file /Users/namyoung/Desktop/myprj/airflow/airflow/lib/python3.7/site-packages/airflow/example_dags/plugins/workday.py for tasks to queue
[2023-10-15 10:52:04,220] {logging_mixin.py:109} INFO - [2023-10-15 10:52:04,220] {dagbag.py:500} INFO - Filling up the DagBag from /Users/namyoung/Desktop/myprj/airflow/airflow/lib/python3.7/site-packages/airflow/example_dags/plugins/workday.py
[2023-10-15 10:52:04,228] {processor.py:656} WARNING - No viable dags retrieved from /Users/namyoung/Desktop/myprj/airflow/airflow/lib/python3.7/site-packages/airflow/example_dags/plugins/workday.py
[2023-10-15 10:52:04,230] {processor.py:171} INFO - Processing /Users/namyoung/Desktop/myprj/airflow/airflow/lib/python3.7/site-packages/airflow/example_dags/plugins/workday.py took 0.015 seconds
[2023-10-15 12:31:55,699] {processor.py:163} INFO - Started process (PID=26756) to work on /Users/namyoung/Desktop/myprj/airflow/airflow/lib/python3.7/site-packages/airflow/example_dags/plugins/workday.py
[2023-10-15 12:31:55,701] {processor.py:642} INFO - Processing file /Users/namyoung/Desktop/myprj/airflow/airflow/lib/python3.7/site-packages/airflow/example_dags/plugins/workday.py for tasks to queue
[2023-10-15 12:31:55,702] {logging_mixin.py:109} INFO - [2023-10-15 12:31:55,702] {dagbag.py:500} INFO - Filling up the DagBag from /Users/namyoung/Desktop/myprj/airflow/airflow/lib/python3.7/site-packages/airflow/example_dags/plugins/workday.py
[2023-10-15 12:31:55,719] {processor.py:656} WARNING - No viable dags retrieved from /Users/namyoung/Desktop/myprj/airflow/airflow/lib/python3.7/site-packages/airflow/example_dags/plugins/workday.py
[2023-10-15 12:31:55,722] {processor.py:171} INFO - Processing /Users/namyoung/Desktop/myprj/airflow/airflow/lib/python3.7/site-packages/airflow/example_dags/plugins/workday.py took 0.029 seconds
[2023-10-15 14:12:33,459] {processor.py:163} INFO - Started process (PID=27018) to work on /Users/namyoung/Desktop/myprj/airflow/airflow/lib/python3.7/site-packages/airflow/example_dags/plugins/workday.py
[2023-10-15 14:12:33,461] {processor.py:642} INFO - Processing file /Users/namyoung/Desktop/myprj/airflow/airflow/lib/python3.7/site-packages/airflow/example_dags/plugins/workday.py for tasks to queue
[2023-10-15 14:12:33,462] {logging_mixin.py:109} INFO - [2023-10-15 14:12:33,462] {dagbag.py:500} INFO - Filling up the DagBag from /Users/namyoung/Desktop/myprj/airflow/airflow/lib/python3.7/site-packages/airflow/example_dags/plugins/workday.py
[2023-10-15 14:12:33,475] {processor.py:656} WARNING - No viable dags retrieved from /Users/namyoung/Desktop/myprj/airflow/airflow/lib/python3.7/site-packages/airflow/example_dags/plugins/workday.py
[2023-10-15 14:12:33,477] {processor.py:171} INFO - Processing /Users/namyoung/Desktop/myprj/airflow/airflow/lib/python3.7/site-packages/airflow/example_dags/plugins/workday.py took 0.022 seconds
[2023-10-15 15:53:27,980] {processor.py:163} INFO - Started process (PID=27163) to work on /Users/namyoung/Desktop/myprj/airflow/airflow/lib/python3.7/site-packages/airflow/example_dags/plugins/workday.py
[2023-10-15 15:53:27,982] {processor.py:642} INFO - Processing file /Users/namyoung/Desktop/myprj/airflow/airflow/lib/python3.7/site-packages/airflow/example_dags/plugins/workday.py for tasks to queue
[2023-10-15 15:53:27,983] {logging_mixin.py:109} INFO - [2023-10-15 15:53:27,983] {dagbag.py:500} INFO - Filling up the DagBag from /Users/namyoung/Desktop/myprj/airflow/airflow/lib/python3.7/site-packages/airflow/example_dags/plugins/workday.py
[2023-10-15 15:53:27,997] {processor.py:656} WARNING - No viable dags retrieved from /Users/namyoung/Desktop/myprj/airflow/airflow/lib/python3.7/site-packages/airflow/example_dags/plugins/workday.py
[2023-10-15 15:53:28,000] {processor.py:171} INFO - Processing /Users/namyoung/Desktop/myprj/airflow/airflow/lib/python3.7/site-packages/airflow/example_dags/plugins/workday.py took 0.025 seconds
[2023-10-15 17:29:31,886] {processor.py:163} INFO - Started process (PID=27419) to work on /Users/namyoung/Desktop/myprj/airflow/airflow/lib/python3.7/site-packages/airflow/example_dags/plugins/workday.py
[2023-10-15 17:29:31,887] {processor.py:642} INFO - Processing file /Users/namyoung/Desktop/myprj/airflow/airflow/lib/python3.7/site-packages/airflow/example_dags/plugins/workday.py for tasks to queue
[2023-10-15 17:29:31,888] {logging_mixin.py:109} INFO - [2023-10-15 17:29:31,887] {dagbag.py:500} INFO - Filling up the DagBag from /Users/namyoung/Desktop/myprj/airflow/airflow/lib/python3.7/site-packages/airflow/example_dags/plugins/workday.py
[2023-10-15 17:29:31,893] {processor.py:656} WARNING - No viable dags retrieved from /Users/namyoung/Desktop/myprj/airflow/airflow/lib/python3.7/site-packages/airflow/example_dags/plugins/workday.py
[2023-10-15 17:29:31,896] {processor.py:171} INFO - Processing /Users/namyoung/Desktop/myprj/airflow/airflow/lib/python3.7/site-packages/airflow/example_dags/plugins/workday.py took 0.012 seconds
[2023-10-15 19:03:27,860] {processor.py:163} INFO - Started process (PID=27557) to work on /Users/namyoung/Desktop/myprj/airflow/airflow/lib/python3.7/site-packages/airflow/example_dags/plugins/workday.py
[2023-10-15 19:03:27,862] {processor.py:642} INFO - Processing file /Users/namyoung/Desktop/myprj/airflow/airflow/lib/python3.7/site-packages/airflow/example_dags/plugins/workday.py for tasks to queue
[2023-10-15 19:03:27,865] {logging_mixin.py:109} INFO - [2023-10-15 19:03:27,864] {dagbag.py:500} INFO - Filling up the DagBag from /Users/namyoung/Desktop/myprj/airflow/airflow/lib/python3.7/site-packages/airflow/example_dags/plugins/workday.py
[2023-10-15 19:03:27,875] {processor.py:656} WARNING - No viable dags retrieved from /Users/namyoung/Desktop/myprj/airflow/airflow/lib/python3.7/site-packages/airflow/example_dags/plugins/workday.py
[2023-10-15 19:03:27,878] {processor.py:171} INFO - Processing /Users/namyoung/Desktop/myprj/airflow/airflow/lib/python3.7/site-packages/airflow/example_dags/plugins/workday.py took 0.021 seconds
[2023-10-15 20:42:06,875] {processor.py:163} INFO - Started process (PID=27818) to work on /Users/namyoung/Desktop/myprj/airflow/airflow/lib/python3.7/site-packages/airflow/example_dags/plugins/workday.py
[2023-10-15 20:42:06,876] {processor.py:642} INFO - Processing file /Users/namyoung/Desktop/myprj/airflow/airflow/lib/python3.7/site-packages/airflow/example_dags/plugins/workday.py for tasks to queue
[2023-10-15 20:42:06,877] {logging_mixin.py:109} INFO - [2023-10-15 20:42:06,877] {dagbag.py:500} INFO - Filling up the DagBag from /Users/namyoung/Desktop/myprj/airflow/airflow/lib/python3.7/site-packages/airflow/example_dags/plugins/workday.py
[2023-10-15 20:42:06,884] {processor.py:656} WARNING - No viable dags retrieved from /Users/namyoung/Desktop/myprj/airflow/airflow/lib/python3.7/site-packages/airflow/example_dags/plugins/workday.py
[2023-10-15 20:42:06,886] {processor.py:171} INFO - Processing /Users/namyoung/Desktop/myprj/airflow/airflow/lib/python3.7/site-packages/airflow/example_dags/plugins/workday.py took 0.013 seconds
[2023-10-15 22:21:04,439] {processor.py:163} INFO - Started process (PID=27962) to work on /Users/namyoung/Desktop/myprj/airflow/airflow/lib/python3.7/site-packages/airflow/example_dags/plugins/workday.py
[2023-10-15 22:21:04,440] {processor.py:642} INFO - Processing file /Users/namyoung/Desktop/myprj/airflow/airflow/lib/python3.7/site-packages/airflow/example_dags/plugins/workday.py for tasks to queue
[2023-10-15 22:21:04,441] {logging_mixin.py:109} INFO - [2023-10-15 22:21:04,441] {dagbag.py:500} INFO - Filling up the DagBag from /Users/namyoung/Desktop/myprj/airflow/airflow/lib/python3.7/site-packages/airflow/example_dags/plugins/workday.py
[2023-10-15 22:21:04,449] {processor.py:656} WARNING - No viable dags retrieved from /Users/namyoung/Desktop/myprj/airflow/airflow/lib/python3.7/site-packages/airflow/example_dags/plugins/workday.py
[2023-10-15 22:21:04,451] {processor.py:171} INFO - Processing /Users/namyoung/Desktop/myprj/airflow/airflow/lib/python3.7/site-packages/airflow/example_dags/plugins/workday.py took 0.014 seconds
[2023-10-15 23:57:37,718] {processor.py:163} INFO - Started process (PID=28234) to work on /Users/namyoung/Desktop/myprj/airflow/airflow/lib/python3.7/site-packages/airflow/example_dags/plugins/workday.py
[2023-10-15 23:57:37,720] {processor.py:642} INFO - Processing file /Users/namyoung/Desktop/myprj/airflow/airflow/lib/python3.7/site-packages/airflow/example_dags/plugins/workday.py for tasks to queue
[2023-10-15 23:57:37,721] {logging_mixin.py:109} INFO - [2023-10-15 23:57:37,721] {dagbag.py:500} INFO - Filling up the DagBag from /Users/namyoung/Desktop/myprj/airflow/airflow/lib/python3.7/site-packages/airflow/example_dags/plugins/workday.py
[2023-10-15 23:57:37,734] {processor.py:656} WARNING - No viable dags retrieved from /Users/namyoung/Desktop/myprj/airflow/airflow/lib/python3.7/site-packages/airflow/example_dags/plugins/workday.py
[2023-10-15 23:57:37,736] {processor.py:171} INFO - Processing /Users/namyoung/Desktop/myprj/airflow/airflow/lib/python3.7/site-packages/airflow/example_dags/plugins/workday.py took 0.023 seconds
[2023-10-16 01:38:40,662] {processor.py:163} INFO - Started process (PID=28456) to work on /Users/namyoung/Desktop/myprj/airflow/airflow/lib/python3.7/site-packages/airflow/example_dags/plugins/workday.py
[2023-10-16 01:38:40,664] {processor.py:642} INFO - Processing file /Users/namyoung/Desktop/myprj/airflow/airflow/lib/python3.7/site-packages/airflow/example_dags/plugins/workday.py for tasks to queue
[2023-10-16 01:38:40,666] {logging_mixin.py:109} INFO - [2023-10-16 01:38:40,665] {dagbag.py:500} INFO - Filling up the DagBag from /Users/namyoung/Desktop/myprj/airflow/airflow/lib/python3.7/site-packages/airflow/example_dags/plugins/workday.py
[2023-10-16 01:38:40,680] {processor.py:656} WARNING - No viable dags retrieved from /Users/namyoung/Desktop/myprj/airflow/airflow/lib/python3.7/site-packages/airflow/example_dags/plugins/workday.py
[2023-10-16 01:38:40,683] {processor.py:171} INFO - Processing /Users/namyoung/Desktop/myprj/airflow/airflow/lib/python3.7/site-packages/airflow/example_dags/plugins/workday.py took 0.026 seconds
[2023-10-16 03:17:47,688] {processor.py:163} INFO - Started process (PID=28620) to work on /Users/namyoung/Desktop/myprj/airflow/airflow/lib/python3.7/site-packages/airflow/example_dags/plugins/workday.py
[2023-10-16 03:17:47,689] {processor.py:642} INFO - Processing file /Users/namyoung/Desktop/myprj/airflow/airflow/lib/python3.7/site-packages/airflow/example_dags/plugins/workday.py for tasks to queue
[2023-10-16 03:17:47,689] {logging_mixin.py:109} INFO - [2023-10-16 03:17:47,689] {dagbag.py:500} INFO - Filling up the DagBag from /Users/namyoung/Desktop/myprj/airflow/airflow/lib/python3.7/site-packages/airflow/example_dags/plugins/workday.py
[2023-10-16 03:17:47,696] {processor.py:656} WARNING - No viable dags retrieved from /Users/namyoung/Desktop/myprj/airflow/airflow/lib/python3.7/site-packages/airflow/example_dags/plugins/workday.py
[2023-10-16 03:17:47,698] {processor.py:171} INFO - Processing /Users/namyoung/Desktop/myprj/airflow/airflow/lib/python3.7/site-packages/airflow/example_dags/plugins/workday.py took 0.012 seconds
[2023-10-16 04:40:56,542] {processor.py:163} INFO - Started process (PID=28748) to work on /Users/namyoung/Desktop/myprj/airflow/airflow/lib/python3.7/site-packages/airflow/example_dags/plugins/workday.py
[2023-10-16 04:40:56,543] {processor.py:642} INFO - Processing file /Users/namyoung/Desktop/myprj/airflow/airflow/lib/python3.7/site-packages/airflow/example_dags/plugins/workday.py for tasks to queue
[2023-10-16 04:40:56,543] {logging_mixin.py:109} INFO - [2023-10-16 04:40:56,543] {dagbag.py:500} INFO - Filling up the DagBag from /Users/namyoung/Desktop/myprj/airflow/airflow/lib/python3.7/site-packages/airflow/example_dags/plugins/workday.py
[2023-10-16 04:40:56,551] {processor.py:656} WARNING - No viable dags retrieved from /Users/namyoung/Desktop/myprj/airflow/airflow/lib/python3.7/site-packages/airflow/example_dags/plugins/workday.py
[2023-10-16 04:40:56,553] {processor.py:171} INFO - Processing /Users/namyoung/Desktop/myprj/airflow/airflow/lib/python3.7/site-packages/airflow/example_dags/plugins/workday.py took 0.013 seconds
[2023-10-16 06:17:50,884] {processor.py:163} INFO - Started process (PID=29011) to work on /Users/namyoung/Desktop/myprj/airflow/airflow/lib/python3.7/site-packages/airflow/example_dags/plugins/workday.py
[2023-10-16 06:17:50,885] {processor.py:642} INFO - Processing file /Users/namyoung/Desktop/myprj/airflow/airflow/lib/python3.7/site-packages/airflow/example_dags/plugins/workday.py for tasks to queue
[2023-10-16 06:17:50,885] {logging_mixin.py:109} INFO - [2023-10-16 06:17:50,885] {dagbag.py:500} INFO - Filling up the DagBag from /Users/namyoung/Desktop/myprj/airflow/airflow/lib/python3.7/site-packages/airflow/example_dags/plugins/workday.py
[2023-10-16 06:17:50,892] {processor.py:656} WARNING - No viable dags retrieved from /Users/namyoung/Desktop/myprj/airflow/airflow/lib/python3.7/site-packages/airflow/example_dags/plugins/workday.py
[2023-10-16 06:17:50,893] {processor.py:171} INFO - Processing /Users/namyoung/Desktop/myprj/airflow/airflow/lib/python3.7/site-packages/airflow/example_dags/plugins/workday.py took 0.011 seconds
[2023-10-16 07:56:43,250] {processor.py:163} INFO - Started process (PID=29145) to work on /Users/namyoung/Desktop/myprj/airflow/airflow/lib/python3.7/site-packages/airflow/example_dags/plugins/workday.py
[2023-10-16 07:56:43,251] {processor.py:642} INFO - Processing file /Users/namyoung/Desktop/myprj/airflow/airflow/lib/python3.7/site-packages/airflow/example_dags/plugins/workday.py for tasks to queue
[2023-10-16 07:56:43,251] {logging_mixin.py:109} INFO - [2023-10-16 07:56:43,251] {dagbag.py:500} INFO - Filling up the DagBag from /Users/namyoung/Desktop/myprj/airflow/airflow/lib/python3.7/site-packages/airflow/example_dags/plugins/workday.py
[2023-10-16 07:56:43,258] {processor.py:656} WARNING - No viable dags retrieved from /Users/namyoung/Desktop/myprj/airflow/airflow/lib/python3.7/site-packages/airflow/example_dags/plugins/workday.py
[2023-10-16 07:56:43,260] {processor.py:171} INFO - Processing /Users/namyoung/Desktop/myprj/airflow/airflow/lib/python3.7/site-packages/airflow/example_dags/plugins/workday.py took 0.012 seconds
