[2023-10-15 09:28:02,834] {taskinstance.py:1032} INFO - Dependencies all met for <TaskInstance: example_bash_operator.runme_2 scheduled__2023-10-14T00:00:00+00:00 [queued]>
[2023-10-15 09:28:02,839] {taskinstance.py:1032} INFO - Dependencies all met for <TaskInstance: example_bash_operator.runme_2 scheduled__2023-10-14T00:00:00+00:00 [queued]>
[2023-10-15 09:28:02,839] {taskinstance.py:1238} INFO - 
--------------------------------------------------------------------------------
[2023-10-15 09:28:02,839] {taskinstance.py:1239} INFO - Starting attempt 1 of 1
[2023-10-15 09:28:02,839] {taskinstance.py:1240} INFO - 
--------------------------------------------------------------------------------
[2023-10-15 09:28:02,845] {taskinstance.py:1259} INFO - Executing <Task(BashOperator): runme_2> on 2023-10-14 00:00:00+00:00
[2023-10-15 09:28:02,852] {standard_task_runner.py:52} INFO - Started process 26352 to run task
[2023-10-15 09:28:02,856] {standard_task_runner.py:76} INFO - Running: ['airflow', 'tasks', 'run', 'example_bash_operator', 'runme_2', 'scheduled__2023-10-14T00:00:00+00:00', '--job-id', '22', '--raw', '--subdir', '/Users/namyoung/Desktop/myprj/airflow/airflow/lib/python3.7/site-packages/airflow/example_dags/example_bash_operator.py', '--cfg-path', '/var/folders/w8/gbzkvtnj1rxcxgv8d7rw8k9m0000gn/T/tmpvpntz2fw', '--error-file', '/var/folders/w8/gbzkvtnj1rxcxgv8d7rw8k9m0000gn/T/tmpwhfuooxm']
[2023-10-15 09:28:02,857] {standard_task_runner.py:77} INFO - Job 22: Subtask runme_2
[2023-10-15 09:28:02,885] {logging_mixin.py:109} INFO - Running <TaskInstance: example_bash_operator.runme_2 scheduled__2023-10-14T00:00:00+00:00 [running]> on host 1.0.0.127.in-addr.arpa
[2023-10-15 09:28:02,916] {taskinstance.py:1426} INFO - Exporting the following env vars:
AIRFLOW_CTX_DAG_OWNER=airflow
AIRFLOW_CTX_DAG_ID=example_bash_operator
AIRFLOW_CTX_TASK_ID=runme_2
AIRFLOW_CTX_EXECUTION_DATE=2023-10-14T00:00:00+00:00
AIRFLOW_CTX_DAG_RUN_ID=scheduled__2023-10-14T00:00:00+00:00
[2023-10-15 09:28:02,916] {subprocess.py:62} INFO - Tmp dir root location: 
 /var/folders/w8/gbzkvtnj1rxcxgv8d7rw8k9m0000gn/T
[2023-10-15 09:28:02,916] {subprocess.py:74} INFO - Running command: ['bash', '-c', 'echo "example_bash_operator__runme_2__20231014" && sleep 1']
[2023-10-15 09:28:02,929] {subprocess.py:85} INFO - Output:
[2023-10-15 09:28:02,936] {subprocess.py:89} INFO - example_bash_operator__runme_2__20231014
[2023-10-15 09:28:03,956] {subprocess.py:93} INFO - Command exited with return code 0
[2023-10-15 09:28:03,987] {taskinstance.py:1277} INFO - Marking task as SUCCESS. dag_id=example_bash_operator, task_id=runme_2, execution_date=20231014T000000, start_date=20231015T002802, end_date=20231015T002803
[2023-10-15 09:28:04,006] {local_task_job.py:154} INFO - Task exited with return code 0
[2023-10-15 09:28:04,031] {local_task_job.py:264} INFO - 1 downstream tasks scheduled from follow-on schedule check
