[2023-11-07 19:25:35,246] {taskinstance.py:1032} INFO - Dependencies all met for <TaskInstance: example_bash_operator.runme_0 scheduled__2023-11-06T00:00:00+00:00 [queued]>
[2023-11-07 19:25:35,250] {taskinstance.py:1032} INFO - Dependencies all met for <TaskInstance: example_bash_operator.runme_0 scheduled__2023-11-06T00:00:00+00:00 [queued]>
[2023-11-07 19:25:35,250] {taskinstance.py:1238} INFO - 
--------------------------------------------------------------------------------
[2023-11-07 19:25:35,251] {taskinstance.py:1239} INFO - Starting attempt 1 of 1
[2023-11-07 19:25:35,251] {taskinstance.py:1240} INFO - 
--------------------------------------------------------------------------------
[2023-11-07 19:25:35,256] {taskinstance.py:1259} INFO - Executing <Task(BashOperator): runme_0> on 2023-11-06 00:00:00+00:00
[2023-11-07 19:25:35,262] {standard_task_runner.py:52} INFO - Started process 23476 to run task
[2023-11-07 19:25:35,266] {standard_task_runner.py:76} INFO - Running: ['airflow', 'tasks', 'run', 'example_bash_operator', 'runme_0', 'scheduled__2023-11-06T00:00:00+00:00', '--job-id', '40', '--raw', '--subdir', '/Users/namyoung/Desktop/myprj/airflow/airflow/lib/python3.7/site-packages/airflow/example_dags/example_bash_operator.py', '--cfg-path', '/var/folders/w8/gbzkvtnj1rxcxgv8d7rw8k9m0000gn/T/tmpkk8lhcj4', '--error-file', '/var/folders/w8/gbzkvtnj1rxcxgv8d7rw8k9m0000gn/T/tmpgrefp3n0']
[2023-11-07 19:25:35,267] {standard_task_runner.py:77} INFO - Job 40: Subtask runme_0
[2023-11-07 19:25:35,295] {logging_mixin.py:109} INFO - Running <TaskInstance: example_bash_operator.runme_0 scheduled__2023-11-06T00:00:00+00:00 [running]> on host 1.0.0.127.in-addr.arpa
[2023-11-07 19:25:35,319] {taskinstance.py:1426} INFO - Exporting the following env vars:
AIRFLOW_CTX_DAG_OWNER=airflow
AIRFLOW_CTX_DAG_ID=example_bash_operator
AIRFLOW_CTX_TASK_ID=runme_0
AIRFLOW_CTX_EXECUTION_DATE=2023-11-06T00:00:00+00:00
AIRFLOW_CTX_DAG_RUN_ID=scheduled__2023-11-06T00:00:00+00:00
[2023-11-07 19:25:35,319] {subprocess.py:62} INFO - Tmp dir root location: 
 /var/folders/w8/gbzkvtnj1rxcxgv8d7rw8k9m0000gn/T
[2023-11-07 19:25:35,320] {subprocess.py:74} INFO - Running command: ['bash', '-c', 'echo "example_bash_operator__runme_0__20231106" && sleep 1']
[2023-11-07 19:25:35,330] {subprocess.py:85} INFO - Output:
[2023-11-07 19:25:35,336] {subprocess.py:89} INFO - example_bash_operator__runme_0__20231106
[2023-11-07 19:25:36,372] {subprocess.py:93} INFO - Command exited with return code 0
[2023-11-07 19:25:36,384] {taskinstance.py:1277} INFO - Marking task as SUCCESS. dag_id=example_bash_operator, task_id=runme_0, execution_date=20231106T000000, start_date=20231107T102535, end_date=20231107T102536
[2023-11-07 19:25:36,395] {local_task_job.py:154} INFO - Task exited with return code 0
[2023-11-07 19:25:36,411] {local_task_job.py:264} INFO - 0 downstream tasks scheduled from follow-on schedule check
