[2023-10-17 09:18:32,260] {taskinstance.py:1032} INFO - Dependencies all met for <TaskInstance: example_bash_operator.runme_2 scheduled__2023-10-16T00:00:00+00:00 [queued]>
[2023-10-17 09:18:32,264] {taskinstance.py:1032} INFO - Dependencies all met for <TaskInstance: example_bash_operator.runme_2 scheduled__2023-10-16T00:00:00+00:00 [queued]>
[2023-10-17 09:18:32,265] {taskinstance.py:1238} INFO - 
--------------------------------------------------------------------------------
[2023-10-17 09:18:32,265] {taskinstance.py:1239} INFO - Starting attempt 1 of 1
[2023-10-17 09:18:32,265] {taskinstance.py:1240} INFO - 
--------------------------------------------------------------------------------
[2023-10-17 09:18:32,270] {taskinstance.py:1259} INFO - Executing <Task(BashOperator): runme_2> on 2023-10-16 00:00:00+00:00
[2023-10-17 09:18:32,276] {standard_task_runner.py:52} INFO - Started process 32580 to run task
[2023-10-17 09:18:32,279] {standard_task_runner.py:76} INFO - Running: ['airflow', 'tasks', 'run', 'example_bash_operator', 'runme_2', 'scheduled__2023-10-16T00:00:00+00:00', '--job-id', '34', '--raw', '--subdir', '/Users/namyoung/Desktop/myprj/airflow/airflow/lib/python3.7/site-packages/airflow/example_dags/example_bash_operator.py', '--cfg-path', '/var/folders/w8/gbzkvtnj1rxcxgv8d7rw8k9m0000gn/T/tmp1gn0h6fq', '--error-file', '/var/folders/w8/gbzkvtnj1rxcxgv8d7rw8k9m0000gn/T/tmplu1o8e9x']
[2023-10-17 09:18:32,280] {standard_task_runner.py:77} INFO - Job 34: Subtask runme_2
[2023-10-17 09:18:32,305] {logging_mixin.py:109} INFO - Running <TaskInstance: example_bash_operator.runme_2 scheduled__2023-10-16T00:00:00+00:00 [running]> on host 1.0.0.127.in-addr.arpa
[2023-10-17 09:18:32,328] {taskinstance.py:1426} INFO - Exporting the following env vars:
AIRFLOW_CTX_DAG_OWNER=airflow
AIRFLOW_CTX_DAG_ID=example_bash_operator
AIRFLOW_CTX_TASK_ID=runme_2
AIRFLOW_CTX_EXECUTION_DATE=2023-10-16T00:00:00+00:00
AIRFLOW_CTX_DAG_RUN_ID=scheduled__2023-10-16T00:00:00+00:00
[2023-10-17 09:18:32,328] {subprocess.py:62} INFO - Tmp dir root location: 
 /var/folders/w8/gbzkvtnj1rxcxgv8d7rw8k9m0000gn/T
[2023-10-17 09:18:32,329] {subprocess.py:74} INFO - Running command: ['bash', '-c', 'echo "example_bash_operator__runme_2__20231016" && sleep 1']
[2023-10-17 09:18:32,337] {subprocess.py:85} INFO - Output:
[2023-10-17 09:18:32,342] {subprocess.py:89} INFO - example_bash_operator__runme_2__20231016
[2023-10-17 09:18:33,361] {subprocess.py:93} INFO - Command exited with return code 0
[2023-10-17 09:18:33,396] {taskinstance.py:1277} INFO - Marking task as SUCCESS. dag_id=example_bash_operator, task_id=runme_2, execution_date=20231016T000000, start_date=20231017T001832, end_date=20231017T001833
[2023-10-17 09:18:33,424] {local_task_job.py:154} INFO - Task exited with return code 0
[2023-10-17 09:18:33,454] {local_task_job.py:264} INFO - 1 downstream tasks scheduled from follow-on schedule check
