[2023-10-14 09:22:09,664] {taskinstance.py:1032} INFO - Dependencies all met for <TaskInstance: example_bash_operator.run_after_loop scheduled__2023-10-13T00:00:00+00:00 [queued]>
[2023-10-14 09:22:09,668] {taskinstance.py:1032} INFO - Dependencies all met for <TaskInstance: example_bash_operator.run_after_loop scheduled__2023-10-13T00:00:00+00:00 [queued]>
[2023-10-14 09:22:09,668] {taskinstance.py:1238} INFO - 
--------------------------------------------------------------------------------
[2023-10-14 09:22:09,668] {taskinstance.py:1239} INFO - Starting attempt 1 of 1
[2023-10-14 09:22:09,668] {taskinstance.py:1240} INFO - 
--------------------------------------------------------------------------------
[2023-10-14 09:22:09,673] {taskinstance.py:1259} INFO - Executing <Task(BashOperator): run_after_loop> on 2023-10-13 00:00:00+00:00
[2023-10-14 09:22:09,678] {standard_task_runner.py:52} INFO - Started process 23300 to run task
[2023-10-14 09:22:09,682] {standard_task_runner.py:76} INFO - Running: ['airflow', 'tasks', 'run', 'example_bash_operator', 'run_after_loop', 'scheduled__2023-10-13T00:00:00+00:00', '--job-id', '19', '--raw', '--subdir', '/Users/namyoung/Desktop/myprj/airflow/airflow/lib/python3.7/site-packages/airflow/example_dags/example_bash_operator.py', '--cfg-path', '/var/folders/w8/gbzkvtnj1rxcxgv8d7rw8k9m0000gn/T/tmpg3qlxp8d', '--error-file', '/var/folders/w8/gbzkvtnj1rxcxgv8d7rw8k9m0000gn/T/tmp5nta5qjh']
[2023-10-14 09:22:09,683] {standard_task_runner.py:77} INFO - Job 19: Subtask run_after_loop
[2023-10-14 09:22:09,707] {logging_mixin.py:109} INFO - Running <TaskInstance: example_bash_operator.run_after_loop scheduled__2023-10-13T00:00:00+00:00 [running]> on host 1.0.0.127.in-addr.arpa
[2023-10-14 09:22:09,728] {taskinstance.py:1426} INFO - Exporting the following env vars:
AIRFLOW_CTX_DAG_OWNER=airflow
AIRFLOW_CTX_DAG_ID=example_bash_operator
AIRFLOW_CTX_TASK_ID=run_after_loop
AIRFLOW_CTX_EXECUTION_DATE=2023-10-13T00:00:00+00:00
AIRFLOW_CTX_DAG_RUN_ID=scheduled__2023-10-13T00:00:00+00:00
[2023-10-14 09:22:09,729] {subprocess.py:62} INFO - Tmp dir root location: 
 /var/folders/w8/gbzkvtnj1rxcxgv8d7rw8k9m0000gn/T
[2023-10-14 09:22:09,729] {subprocess.py:74} INFO - Running command: ['bash', '-c', 'echo 1']
[2023-10-14 09:22:09,738] {subprocess.py:85} INFO - Output:
[2023-10-14 09:22:09,743] {subprocess.py:89} INFO - 1
[2023-10-14 09:22:09,743] {subprocess.py:93} INFO - Command exited with return code 0
[2023-10-14 09:22:09,752] {taskinstance.py:1277} INFO - Marking task as SUCCESS. dag_id=example_bash_operator, task_id=run_after_loop, execution_date=20231013T000000, start_date=20231014T002209, end_date=20231014T002209
[2023-10-14 09:22:09,800] {local_task_job.py:154} INFO - Task exited with return code 0
[2023-10-14 09:22:09,813] {local_task_job.py:264} INFO - 0 downstream tasks scheduled from follow-on schedule check
